[2024-02-27T10:56:00.377+0530] {taskinstance.py:1979} INFO - Dependencies all met for dep_context=non-requeueable deps ti=<TaskInstance: fetch_weather_data_1.select_files manual__2024-02-27T05:25:42.123968+00:00 [queued]>
[2024-02-27T10:56:00.379+0530] {taskinstance.py:1979} INFO - Dependencies all met for dep_context=requeueable deps ti=<TaskInstance: fetch_weather_data_1.select_files manual__2024-02-27T05:25:42.123968+00:00 [queued]>
[2024-02-27T10:56:00.379+0530] {taskinstance.py:2193} INFO - Starting attempt 1 of 2
[2024-02-27T10:56:00.382+0530] {taskinstance.py:2214} INFO - Executing <Task(PythonOperator): select_files> on 2024-02-27 05:25:42.123968+00:00
[2024-02-27T10:56:00.384+0530] {standard_task_runner.py:60} INFO - Started process 2230 to run task
[2024-02-27T10:56:00.387+0530] {standard_task_runner.py:87} INFO - Running: ['airflow', 'tasks', 'run', 'fetch_weather_data_1', 'select_files', 'manual__2024-02-27T05:25:42.123968+00:00', '--job-id', '48', '--raw', '--subdir', 'DAGS_FOLDER/Data_fetcher.py', '--cfg-path', '/var/folders/th/tnjyp6yd1cj78nysn5t4jl6h0000gn/T/tmpwgx6j4x6']
[2024-02-27T10:56:00.387+0530] {standard_task_runner.py:88} INFO - Job 48: Subtask select_files
[2024-02-27T10:56:00.400+0530] {task_command.py:423} INFO - Running <TaskInstance: fetch_weather_data_1.select_files manual__2024-02-27T05:25:42.123968+00:00 [running]> on host aniks-macbook-air.local
[2024-02-27T10:56:00.415+0530] {taskinstance.py:2510} INFO - Exporting env vars: AIRFLOW_CTX_DAG_OWNER='airflow' AIRFLOW_CTX_DAG_ID='fetch_weather_data_1' AIRFLOW_CTX_TASK_ID='select_files' AIRFLOW_CTX_EXECUTION_DATE='2024-02-27T05:25:42.123968+00:00' AIRFLOW_CTX_TRY_NUMBER='1' AIRFLOW_CTX_DAG_RUN_ID='manual__2024-02-27T05:25:42.123968+00:00'
[2024-02-27T10:56:00.417+0530] {taskinstance.py:2728} ERROR - Task failed with exception
Traceback (most recent call last):
  File "/Users/anikbhowmick/Python/Big_Data_Assignment/A02/airflow_env/lib/python3.11/site-packages/airflow/models/taskinstance.py", line 444, in _execute_task
    result = _execute_callable(context=context, **execute_callable_kwargs)
             ^^^^^^^^^^^^^^^^^^^^^^^^^^^^^^^^^^^^^^^^^^^^^^^^^^^^^^^^^^^^^
  File "/Users/anikbhowmick/Python/Big_Data_Assignment/A02/airflow_env/lib/python3.11/site-packages/airflow/models/taskinstance.py", line 414, in _execute_callable
    return execute_callable(context=context, **execute_callable_kwargs)
           ^^^^^^^^^^^^^^^^^^^^^^^^^^^^^^^^^^^^^^^^^^^^^^^^^^^^^^^^^^^^
  File "/Users/anikbhowmick/Python/Big_Data_Assignment/A02/airflow_env/lib/python3.11/site-packages/airflow/operators/python.py", line 200, in execute
    return_value = self.execute_callable()
                   ^^^^^^^^^^^^^^^^^^^^^^^
  File "/Users/anikbhowmick/Python/Big_Data_Assignment/A02/airflow_env/lib/python3.11/site-packages/airflow/operators/python.py", line 217, in execute_callable
    return self.python_callable(*self.op_args, **self.op_kwargs)
           ^^^^^^^^^^^^^^^^^^^^^^^^^^^^^^^^^^^^^^^^^^^^^^^^^^^^^
  File "/Users/anikbhowmick/Python/Big_Data_Assignment/A02/airflow_env/airflow/dags/Data_fetcher.py", line 39, in select_random_files
    selected_files = random.sample(csv_files, num_files)
                     ^^^^^^^^^^^^^^^^^^^^^^^^^^^^^^^^^^^
  File "/Library/Frameworks/Python.framework/Versions/3.11/lib/python3.11/random.py", line 453, in sample
    raise ValueError("Sample larger than population or is negative")
ValueError: Sample larger than population or is negative
[2024-02-27T10:56:00.420+0530] {taskinstance.py:1149} INFO - Marking task as UP_FOR_RETRY. dag_id=fetch_weather_data_1, task_id=select_files, execution_date=20240227T052542, start_date=20240227T052600, end_date=20240227T052600
[2024-02-27T10:56:00.422+0530] {standard_task_runner.py:107} ERROR - Failed to execute job 48 for task select_files (Sample larger than population or is negative; 2230)
[2024-02-27T10:56:00.448+0530] {local_task_job_runner.py:234} INFO - Task exited with return code 1
[2024-02-27T10:56:00.453+0530] {taskinstance.py:3309} INFO - 0 downstream tasks scheduled from follow-on schedule check
