[2024-03-03T03:12:07.652+0530] {taskinstance.py:1979} INFO - Dependencies all met for dep_context=non-requeueable deps ti=<TaskInstance: weather_data_pipeline.compute_averages manual__2024-03-02T19:24:10.303999+00:00 [queued]>
[2024-03-03T03:12:07.654+0530] {taskinstance.py:1979} INFO - Dependencies all met for dep_context=requeueable deps ti=<TaskInstance: weather_data_pipeline.compute_averages manual__2024-03-02T19:24:10.303999+00:00 [queued]>
[2024-03-03T03:12:07.654+0530] {taskinstance.py:2193} INFO - Starting attempt 41 of 42
[2024-03-03T03:12:07.658+0530] {taskinstance.py:2214} INFO - Executing <Task(PythonOperator): compute_averages> on 2024-03-02 19:24:10.303999+00:00
[2024-03-03T03:12:07.661+0530] {standard_task_runner.py:60} INFO - Started process 38124 to run task
[2024-03-03T03:12:07.664+0530] {standard_task_runner.py:87} INFO - Running: ['airflow', 'tasks', 'run', 'weather_data_pipeline', 'compute_averages', 'manual__2024-03-02T19:24:10.303999+00:00', '--job-id', '427', '--raw', '--subdir', 'DAGS_FOLDER/Data_analysis.py', '--cfg-path', '/var/folders/th/tnjyp6yd1cj78nysn5t4jl6h0000gn/T/tmpondlezqe']
[2024-03-03T03:12:07.665+0530] {standard_task_runner.py:88} INFO - Job 427: Subtask compute_averages
[2024-03-03T03:12:07.683+0530] {task_command.py:423} INFO - Running <TaskInstance: weather_data_pipeline.compute_averages manual__2024-03-02T19:24:10.303999+00:00 [running]> on host aniks-macbook-air.local
[2024-03-03T03:12:07.702+0530] {taskinstance.py:2510} INFO - Exporting env vars: AIRFLOW_CTX_DAG_OWNER='airflow' AIRFLOW_CTX_DAG_ID='weather_data_pipeline' AIRFLOW_CTX_TASK_ID='compute_averages' AIRFLOW_CTX_EXECUTION_DATE='2024-03-02T19:24:10.303999+00:00' AIRFLOW_CTX_TRY_NUMBER='41' AIRFLOW_CTX_DAG_RUN_ID='manual__2024-03-02T19:24:10.303999+00:00'
[2024-03-03T03:12:07.703+0530] {pipeline.py:196} INFO - Missing pipeline option (runner). Executing pipeline using the default runner: DirectRunner.
[2024-03-03T03:12:07.778+0530] {translations.py:712} INFO - ==================== <function annotate_downstream_side_inputs at 0x12ea86700> ====================
[2024-03-03T03:12:07.778+0530] {translations.py:712} INFO - ==================== <function fix_side_input_pcoll_coders at 0x12ea86840> ====================
[2024-03-03T03:12:07.778+0530] {translations.py:712} INFO - ==================== <function pack_combiners at 0x12ea86de0> ====================
[2024-03-03T03:12:07.778+0530] {translations.py:712} INFO - ==================== <function lift_combiners at 0x12ea86e80> ====================
[2024-03-03T03:12:07.779+0530] {translations.py:712} INFO - ==================== <function expand_sdf at 0x12ea87060> ====================
[2024-03-03T03:12:07.779+0530] {translations.py:712} INFO - ==================== <function expand_gbk at 0x12ea87100> ====================
[2024-03-03T03:12:07.779+0530] {translations.py:712} INFO - ==================== <function sink_flattens at 0x12ea87240> ====================
[2024-03-03T03:12:07.779+0530] {translations.py:712} INFO - ==================== <function greedily_fuse at 0x12ea872e0> ====================
[2024-03-03T03:12:07.779+0530] {translations.py:712} INFO - ==================== <function read_to_impulse at 0x12ea87380> ====================
[2024-03-03T03:12:07.779+0530] {translations.py:712} INFO - ==================== <function impulse_to_input at 0x12ea87420> ====================
[2024-03-03T03:12:07.779+0530] {translations.py:712} INFO - ==================== <function sort_stages at 0x12ea876a0> ====================
[2024-03-03T03:12:07.779+0530] {translations.py:712} INFO - ==================== <function add_impulse_to_dangling_transforms at 0x12ea877e0> ====================
[2024-03-03T03:12:07.780+0530] {translations.py:712} INFO - ==================== <function setup_timer_mapping at 0x12ea87600> ====================
[2024-03-03T03:12:07.780+0530] {translations.py:712} INFO - ==================== <function populate_data_channel_coders at 0x12ea87740> ====================
[2024-03-03T03:12:07.781+0530] {statecache.py:234} INFO - Creating state cache with size 104857600
[2024-03-03T03:12:07.781+0530] {worker_handlers.py:922} INFO - Created Worker handler <apache_beam.runners.portability.fn_api_runner.worker_handlers.EmbeddedWorkerHandler object at 0x12ec76f50> for environment ref_Environment_default_environment_1 (beam:env:embedded_python:v1, b'')
[2024-03-03T03:12:07.872+0530] {python.py:202} INFO - Done. Returned value was: None
[2024-03-03T03:12:07.874+0530] {taskinstance.py:1149} INFO - Marking task as SUCCESS. dag_id=weather_data_pipeline, task_id=compute_averages, execution_date=20240302T192410, start_date=20240302T214207, end_date=20240302T214207
[2024-03-03T03:12:07.901+0530] {local_task_job_runner.py:234} INFO - Task exited with return code 0
[2024-03-03T03:12:07.907+0530] {taskinstance.py:3309} INFO - 0 downstream tasks scheduled from follow-on schedule check
