[2024-03-08T08:03:06.670+0530] {taskinstance.py:1979} INFO - Dependencies all met for dep_context=non-requeueable deps ti=<TaskInstance: weather_data_pipeline.unzip_archive scheduled__2024-03-07T00:33:00+00:00 [queued]>
[2024-03-08T08:03:06.672+0530] {taskinstance.py:1979} INFO - Dependencies all met for dep_context=requeueable deps ti=<TaskInstance: weather_data_pipeline.unzip_archive scheduled__2024-03-07T00:33:00+00:00 [queued]>
[2024-03-08T08:03:06.672+0530] {taskinstance.py:2193} INFO - Starting attempt 1 of 2
[2024-03-08T08:03:06.677+0530] {taskinstance.py:2214} INFO - Executing <Task(BashOperator): unzip_archive> on 2024-03-07 00:33:00+00:00
[2024-03-08T08:03:06.680+0530] {standard_task_runner.py:60} INFO - Started process 1361 to run task
[2024-03-08T08:03:06.683+0530] {standard_task_runner.py:87} INFO - Running: ['airflow', 'tasks', 'run', 'weather_data_pipeline', 'unzip_archive', 'scheduled__2024-03-07T00:33:00+00:00', '--job-id', '578', '--raw', '--subdir', 'DAGS_FOLDER/Data_analysis.py', '--cfg-path', '/var/folders/th/tnjyp6yd1cj78nysn5t4jl6h0000gn/T/tmpeuaa6yuu']
[2024-03-08T08:03:06.684+0530] {standard_task_runner.py:88} INFO - Job 578: Subtask unzip_archive
[2024-03-08T08:03:06.699+0530] {task_command.py:423} INFO - Running <TaskInstance: weather_data_pipeline.unzip_archive scheduled__2024-03-07T00:33:00+00:00 [running]> on host aniks-macbook-air.local
[2024-03-08T08:03:06.716+0530] {taskinstance.py:2510} INFO - Exporting env vars: AIRFLOW_CTX_DAG_OWNER='airflow' AIRFLOW_CTX_DAG_ID='weather_data_pipeline' AIRFLOW_CTX_TASK_ID='unzip_archive' AIRFLOW_CTX_EXECUTION_DATE='2024-03-07T00:33:00+00:00' AIRFLOW_CTX_TRY_NUMBER='1' AIRFLOW_CTX_DAG_RUN_ID='scheduled__2024-03-07T00:33:00+00:00'
[2024-03-08T08:03:06.716+0530] {subprocess.py:63} INFO - Tmp dir root location: /var/folders/th/tnjyp6yd1cj78nysn5t4jl6h0000gn/T
[2024-03-08T08:03:06.717+0530] {subprocess.py:75} INFO - Running command: ['/bin/bash', '-c', 'mkdir -p /Users/anikbhowmick/Python/Big_Data_Assignment/A02/airflow_env/Data_storage/2024_data && unzip -o /Users/anikbhowmick/Python/Big_Data_Assignment/A02/airflow_env/Data_storage/2024_data.zip -d /Users/anikbhowmick/Python/Big_Data_Assignment/A02/airflow_env/Data_storage/2024_data/']
[2024-03-08T08:03:06.720+0530] {subprocess.py:86} INFO - Output:
[2024-03-08T08:03:06.727+0530] {subprocess.py:93} INFO - Archive:  /Users/anikbhowmick/Python/Big_Data_Assignment/A02/airflow_env/Data_storage/2024_data.zip
[2024-03-08T08:03:06.733+0530] {subprocess.py:93} INFO -  extracting: /Users/anikbhowmick/Python/Big_Data_Assignment/A02/airflow_env/Data_storage/2024_data/99799699999.csv
[2024-03-08T08:03:06.733+0530] {subprocess.py:93} INFO -  extracting: /Users/anikbhowmick/Python/Big_Data_Assignment/A02/airflow_env/Data_storage/2024_data/91754099999.csv
[2024-03-08T08:03:06.737+0530] {subprocess.py:93} INFO -  extracting: /Users/anikbhowmick/Python/Big_Data_Assignment/A02/airflow_env/Data_storage/2024_data/99817199999.csv
[2024-03-08T08:03:06.738+0530] {subprocess.py:93} INFO -  extracting: /Users/anikbhowmick/Python/Big_Data_Assignment/A02/airflow_env/Data_storage/2024_data/26447099999.csv
[2024-03-08T08:03:06.758+0530] {subprocess.py:93} INFO -  extracting: /Users/anikbhowmick/Python/Big_Data_Assignment/A02/airflow_env/Data_storage/2024_data/06270099999.csv
[2024-03-08T08:03:06.758+0530] {subprocess.py:93} INFO -  extracting: /Users/anikbhowmick/Python/Big_Data_Assignment/A02/airflow_env/Data_storage/2024_data/83997099999.csv
[2024-03-08T08:03:06.758+0530] {subprocess.py:93} INFO -  extracting: /Users/anikbhowmick/Python/Big_Data_Assignment/A02/airflow_env/Data_storage/2024_data/16436099999.csv
[2024-03-08T08:03:06.765+0530] {subprocess.py:93} INFO -  extracting: /Users/anikbhowmick/Python/Big_Data_Assignment/A02/airflow_env/Data_storage/2024_data/72287493134.csv
[2024-03-08T08:03:06.773+0530] {subprocess.py:93} INFO -  extracting: /Users/anikbhowmick/Python/Big_Data_Assignment/A02/airflow_env/Data_storage/2024_data/72417503802.csv
[2024-03-08T08:03:06.775+0530] {subprocess.py:93} INFO -  extracting: /Users/anikbhowmick/Python/Big_Data_Assignment/A02/airflow_env/Data_storage/2024_data/87688099999.csv
[2024-03-08T08:03:06.786+0530] {subprocess.py:93} INFO -  extracting: /Users/anikbhowmick/Python/Big_Data_Assignment/A02/airflow_env/Data_storage/2024_data/72207853938.csv
[2024-03-08T08:03:06.786+0530] {subprocess.py:93} INFO -  extracting: /Users/anikbhowmick/Python/Big_Data_Assignment/A02/airflow_env/Data_storage/2024_data/02219099999.csv
[2024-03-08T08:03:06.787+0530] {subprocess.py:93} INFO -  extracting: /Users/anikbhowmick/Python/Big_Data_Assignment/A02/airflow_env/Data_storage/2024_data/23339099999.csv
[2024-03-08T08:03:06.792+0530] {subprocess.py:93} INFO -  extracting: /Users/anikbhowmick/Python/Big_Data_Assignment/A02/airflow_env/Data_storage/2024_data/71736799999.csv
[2024-03-08T08:03:06.797+0530] {subprocess.py:93} INFO -  extracting: /Users/anikbhowmick/Python/Big_Data_Assignment/A02/airflow_env/Data_storage/2024_data/65660099999.csv
[2024-03-08T08:03:06.809+0530] {subprocess.py:93} INFO -  extracting: /Users/anikbhowmick/Python/Big_Data_Assignment/A02/airflow_env/Data_storage/2024_data/07093099999.csv
[2024-03-08T08:03:06.812+0530] {subprocess.py:93} INFO -  extracting: /Users/anikbhowmick/Python/Big_Data_Assignment/A02/airflow_env/Data_storage/2024_data/13463099999.csv
[2024-03-08T08:03:06.813+0530] {subprocess.py:93} INFO -  extracting: /Users/anikbhowmick/Python/Big_Data_Assignment/A02/airflow_env/Data_storage/2024_data/26544099999.csv
[2024-03-08T08:03:06.815+0530] {subprocess.py:93} INFO -  extracting: /Users/anikbhowmick/Python/Big_Data_Assignment/A02/airflow_env/Data_storage/2024_data/38933099999.csv
[2024-03-08T08:03:06.816+0530] {subprocess.py:93} INFO -  extracting: /Users/anikbhowmick/Python/Big_Data_Assignment/A02/airflow_env/Data_storage/2024_data/22602099999.csv
[2024-03-08T08:03:06.825+0530] {subprocess.py:93} INFO -  extracting: /Users/anikbhowmick/Python/Big_Data_Assignment/A02/airflow_env/Data_storage/2024_data/34560099999.csv
[2024-03-08T08:03:06.831+0530] {subprocess.py:93} INFO -  extracting: /Users/anikbhowmick/Python/Big_Data_Assignment/A02/airflow_env/Data_storage/2024_data/72098299999.csv
[2024-03-08T08:03:06.832+0530] {subprocess.py:93} INFO -  extracting: /Users/anikbhowmick/Python/Big_Data_Assignment/A02/airflow_env/Data_storage/2024_data/31909099999.csv
[2024-03-08T08:03:06.835+0530] {subprocess.py:93} INFO -  extracting: /Users/anikbhowmick/Python/Big_Data_Assignment/A02/airflow_env/Data_storage/2024_data/99801299999.csv
[2024-03-08T08:03:06.836+0530] {subprocess.py:93} INFO -  extracting: /Users/anikbhowmick/Python/Big_Data_Assignment/A02/airflow_env/Data_storage/2024_data/27532099999.csv
[2024-03-08T08:03:06.841+0530] {subprocess.py:93} INFO -  extracting: /Users/anikbhowmick/Python/Big_Data_Assignment/A02/airflow_env/Data_storage/2024_data/11683099999.csv
[2024-03-08T08:03:06.844+0530] {subprocess.py:93} INFO -  extracting: /Users/anikbhowmick/Python/Big_Data_Assignment/A02/airflow_env/Data_storage/2024_data/01065099999.csv
[2024-03-08T08:03:06.846+0530] {subprocess.py:93} INFO -  extracting: /Users/anikbhowmick/Python/Big_Data_Assignment/A02/airflow_env/Data_storage/2024_data/24679099999.csv
[2024-03-08T08:03:06.847+0530] {subprocess.py:93} INFO -  extracting: /Users/anikbhowmick/Python/Big_Data_Assignment/A02/airflow_env/Data_storage/2024_data/59838099999.csv
[2024-03-08T08:03:06.855+0530] {subprocess.py:93} INFO -  extracting: /Users/anikbhowmick/Python/Big_Data_Assignment/A02/airflow_env/Data_storage/2024_data/72071700442.csv
[2024-03-08T08:03:06.856+0530] {subprocess.py:93} INFO -  extracting: /Users/anikbhowmick/Python/Big_Data_Assignment/A02/airflow_env/Data_storage/2024_data/57712099999.csv
[2024-03-08T08:03:06.857+0530] {subprocess.py:93} INFO -  extracting: /Users/anikbhowmick/Python/Big_Data_Assignment/A02/airflow_env/Data_storage/2024_data/01418099999.csv
[2024-03-08T08:03:06.858+0530] {subprocess.py:93} INFO -  extracting: /Users/anikbhowmick/Python/Big_Data_Assignment/A02/airflow_env/Data_storage/2024_data/40789099999.csv
[2024-03-08T08:03:06.861+0530] {subprocess.py:93} INFO -  extracting: /Users/anikbhowmick/Python/Big_Data_Assignment/A02/airflow_env/Data_storage/2024_data/02931099999.csv
[2024-03-08T08:03:06.865+0530] {subprocess.py:93} INFO -  extracting: /Users/anikbhowmick/Python/Big_Data_Assignment/A02/airflow_env/Data_storage/2024_data/94207099999.csv
[2024-03-08T08:03:06.869+0530] {subprocess.py:93} INFO -  extracting: /Users/anikbhowmick/Python/Big_Data_Assignment/A02/airflow_env/Data_storage/2024_data/06722099999.csv
[2024-03-08T08:03:06.870+0530] {subprocess.py:93} INFO -  extracting: /Users/anikbhowmick/Python/Big_Data_Assignment/A02/airflow_env/Data_storage/2024_data/56951099999.csv
[2024-03-08T08:03:06.871+0530] {subprocess.py:93} INFO -  extracting: /Users/anikbhowmick/Python/Big_Data_Assignment/A02/airflow_env/Data_storage/2024_data/48944099999.csv
[2024-03-08T08:03:06.871+0530] {subprocess.py:93} INFO -  extracting: /Users/anikbhowmick/Python/Big_Data_Assignment/A02/airflow_env/Data_storage/2024_data/68267099999.csv
[2024-03-08T08:03:06.879+0530] {subprocess.py:93} INFO -  extracting: /Users/anikbhowmick/Python/Big_Data_Assignment/A02/airflow_env/Data_storage/2024_data/01347099999.csv
[2024-03-08T08:03:06.886+0530] {subprocess.py:93} INFO -  extracting: /Users/anikbhowmick/Python/Big_Data_Assignment/A02/airflow_env/Data_storage/2024_data/72061600207.csv
[2024-03-08T08:03:06.891+0530] {subprocess.py:93} INFO -  extracting: /Users/anikbhowmick/Python/Big_Data_Assignment/A02/airflow_env/Data_storage/2024_data/72403603710.csv
[2024-03-08T08:03:06.892+0530] {subprocess.py:93} INFO -  extracting: /Users/anikbhowmick/Python/Big_Data_Assignment/A02/airflow_env/Data_storage/2024_data/17072099999.csv
[2024-03-08T08:03:06.893+0530] {subprocess.py:93} INFO -  extracting: /Users/anikbhowmick/Python/Big_Data_Assignment/A02/airflow_env/Data_storage/2024_data/04351099999.csv
[2024-03-08T08:03:06.894+0530] {subprocess.py:93} INFO -  extracting: /Users/anikbhowmick/Python/Big_Data_Assignment/A02/airflow_env/Data_storage/2024_data/36061099999.csv
[2024-03-08T08:03:06.900+0530] {subprocess.py:93} INFO -  extracting: /Users/anikbhowmick/Python/Big_Data_Assignment/A02/airflow_env/Data_storage/2024_data/70063727406.csv
[2024-03-08T08:03:06.907+0530] {subprocess.py:93} INFO -  extracting: /Users/anikbhowmick/Python/Big_Data_Assignment/A02/airflow_env/Data_storage/2024_data/72495593227.csv
[2024-03-08T08:03:06.910+0530] {subprocess.py:93} INFO -  extracting: /Users/anikbhowmick/Python/Big_Data_Assignment/A02/airflow_env/Data_storage/2024_data/93721099999.csv
[2024-03-08T08:03:06.912+0530] {subprocess.py:93} INFO -  extracting: /Users/anikbhowmick/Python/Big_Data_Assignment/A02/airflow_env/Data_storage/2024_data/27296099999.csv
[2024-03-08T08:03:06.916+0530] {subprocess.py:93} INFO -  extracting: /Users/anikbhowmick/Python/Big_Data_Assignment/A02/airflow_env/Data_storage/2024_data/71781099999.csv
[2024-03-08T08:03:06.924+0530] {subprocess.py:93} INFO -  extracting: /Users/anikbhowmick/Python/Big_Data_Assignment/A02/airflow_env/Data_storage/2024_data/02526099999.csv
[2024-03-08T08:03:06.927+0530] {subprocess.py:93} INFO -  extracting: /Users/anikbhowmick/Python/Big_Data_Assignment/A02/airflow_env/Data_storage/2024_data/81994099999.csv
[2024-03-08T08:03:06.934+0530] {subprocess.py:93} INFO -  extracting: /Users/anikbhowmick/Python/Big_Data_Assignment/A02/airflow_env/Data_storage/2024_data/72293453121.csv
[2024-03-08T08:03:06.937+0530] {subprocess.py:93} INFO -  extracting: /Users/anikbhowmick/Python/Big_Data_Assignment/A02/airflow_env/Data_storage/2024_data/94956099999.csv
[2024-03-08T08:03:06.944+0530] {subprocess.py:93} INFO -  extracting: /Users/anikbhowmick/Python/Big_Data_Assignment/A02/airflow_env/Data_storage/2024_data/87934099999.csv
[2024-03-08T08:03:06.945+0530] {subprocess.py:93} INFO -  extracting: /Users/anikbhowmick/Python/Big_Data_Assignment/A02/airflow_env/Data_storage/2024_data/95614099999.csv
[2024-03-08T08:03:06.948+0530] {subprocess.py:93} INFO -  extracting: /Users/anikbhowmick/Python/Big_Data_Assignment/A02/airflow_env/Data_storage/2024_data/86895099999.csv
[2024-03-08T08:03:06.955+0530] {subprocess.py:93} INFO -  extracting: /Users/anikbhowmick/Python/Big_Data_Assignment/A02/airflow_env/Data_storage/2024_data/68242099999.csv
[2024-03-08T08:03:06.957+0530] {subprocess.py:93} INFO -  extracting: /Users/anikbhowmick/Python/Big_Data_Assignment/A02/airflow_env/Data_storage/2024_data/22892099999.csv
[2024-03-08T08:03:06.960+0530] {subprocess.py:93} INFO -  extracting: /Users/anikbhowmick/Python/Big_Data_Assignment/A02/airflow_env/Data_storage/2024_data/15317099999.csv
[2024-03-08T08:03:06.967+0530] {subprocess.py:93} INFO -  extracting: /Users/anikbhowmick/Python/Big_Data_Assignment/A02/airflow_env/Data_storage/2024_data/72248953911.csv
[2024-03-08T08:03:06.972+0530] {subprocess.py:93} INFO -  extracting: /Users/anikbhowmick/Python/Big_Data_Assignment/A02/airflow_env/Data_storage/2024_data/72224754785.csv
[2024-03-08T08:03:06.976+0530] {subprocess.py:93} INFO -  extracting: /Users/anikbhowmick/Python/Big_Data_Assignment/A02/airflow_env/Data_storage/2024_data/94188099999.csv
[2024-03-08T08:03:06.984+0530] {subprocess.py:93} INFO -  extracting: /Users/anikbhowmick/Python/Big_Data_Assignment/A02/airflow_env/Data_storage/2024_data/13183099999.csv
[2024-03-08T08:03:06.986+0530] {subprocess.py:93} INFO -  extracting: /Users/anikbhowmick/Python/Big_Data_Assignment/A02/airflow_env/Data_storage/2024_data/25745099999.csv
[2024-03-08T08:03:06.987+0530] {subprocess.py:93} INFO -  extracting: /Users/anikbhowmick/Python/Big_Data_Assignment/A02/airflow_env/Data_storage/2024_data/57993099999.csv
[2024-03-08T08:03:06.991+0530] {subprocess.py:93} INFO -  extracting: /Users/anikbhowmick/Python/Big_Data_Assignment/A02/airflow_env/Data_storage/2024_data/99497399999.csv
[2024-03-08T08:03:06.995+0530] {subprocess.py:93} INFO -  extracting: /Users/anikbhowmick/Python/Big_Data_Assignment/A02/airflow_env/Data_storage/2024_data/95458099999.csv
[2024-03-08T08:03:07.001+0530] {subprocess.py:93} INFO -  extracting: /Users/anikbhowmick/Python/Big_Data_Assignment/A02/airflow_env/Data_storage/2024_data/72096513910.csv
[2024-03-08T08:03:07.001+0530] {subprocess.py:93} INFO -  extracting: /Users/anikbhowmick/Python/Big_Data_Assignment/A02/airflow_env/Data_storage/2024_data/42562099999.csv
[2024-03-08T08:03:07.005+0530] {subprocess.py:93} INFO -  extracting: /Users/anikbhowmick/Python/Big_Data_Assignment/A02/airflow_env/Data_storage/2024_data/17155099999.csv
[2024-03-08T08:03:07.008+0530] {subprocess.py:93} INFO -  extracting: /Users/anikbhowmick/Python/Big_Data_Assignment/A02/airflow_env/Data_storage/2024_data/06286099999.csv
[2024-03-08T08:03:07.017+0530] {subprocess.py:93} INFO -  extracting: /Users/anikbhowmick/Python/Big_Data_Assignment/A02/airflow_env/Data_storage/2024_data/11423299999.csv
[2024-03-08T08:03:07.017+0530] {subprocess.py:93} INFO -  extracting: /Users/anikbhowmick/Python/Big_Data_Assignment/A02/airflow_env/Data_storage/2024_data/07791099999.csv
[2024-03-08T08:03:07.020+0530] {subprocess.py:93} INFO -  extracting: /Users/anikbhowmick/Python/Big_Data_Assignment/A02/airflow_env/Data_storage/2024_data/94754099999.csv
[2024-03-08T08:03:07.023+0530] {subprocess.py:93} INFO -  extracting: /Users/anikbhowmick/Python/Big_Data_Assignment/A02/airflow_env/Data_storage/2024_data/14308099999.csv
[2024-03-08T08:03:07.029+0530] {subprocess.py:93} INFO -  extracting: /Users/anikbhowmick/Python/Big_Data_Assignment/A02/airflow_env/Data_storage/2024_data/72646314897.csv
[2024-03-08T08:03:07.032+0530] {subprocess.py:93} INFO -  extracting: /Users/anikbhowmick/Python/Big_Data_Assignment/A02/airflow_env/Data_storage/2024_data/60155099999.csv
[2024-03-08T08:03:07.036+0530] {subprocess.py:93} INFO -  extracting: /Users/anikbhowmick/Python/Big_Data_Assignment/A02/airflow_env/Data_storage/2024_data/12160099999.csv
[2024-03-08T08:03:07.036+0530] {subprocess.py:93} INFO -  extracting: /Users/anikbhowmick/Python/Big_Data_Assignment/A02/airflow_env/Data_storage/2024_data/42187099999.csv
[2024-03-08T08:03:07.042+0530] {subprocess.py:93} INFO -  extracting: /Users/anikbhowmick/Python/Big_Data_Assignment/A02/airflow_env/Data_storage/2024_data/72531403960.csv
[2024-03-08T08:03:07.043+0530] {subprocess.py:93} INFO -  extracting: /Users/anikbhowmick/Python/Big_Data_Assignment/A02/airflow_env/Data_storage/2024_data/61285099999.csv
[2024-03-08T08:03:07.055+0530] {subprocess.py:93} INFO -  extracting: /Users/anikbhowmick/Python/Big_Data_Assignment/A02/airflow_env/Data_storage/2024_data/07684099999.csv
[2024-03-08T08:03:07.056+0530] {subprocess.py:93} INFO -  extracting: /Users/anikbhowmick/Python/Big_Data_Assignment/A02/airflow_env/Data_storage/2024_data/48927099999.csv
[2024-03-08T08:03:07.056+0530] {subprocess.py:93} INFO -  extracting: /Users/anikbhowmick/Python/Big_Data_Assignment/A02/airflow_env/Data_storage/2024_data/60394099999.csv
[2024-03-08T08:03:07.061+0530] {subprocess.py:93} INFO -  extracting: /Users/anikbhowmick/Python/Big_Data_Assignment/A02/airflow_env/Data_storage/2024_data/17232099999.csv
[2024-03-08T08:03:07.066+0530] {subprocess.py:93} INFO -  extracting: /Users/anikbhowmick/Python/Big_Data_Assignment/A02/airflow_env/Data_storage/2024_data/72272093026.csv
[2024-03-08T08:03:07.074+0530] {subprocess.py:93} INFO -  extracting: /Users/anikbhowmick/Python/Big_Data_Assignment/A02/airflow_env/Data_storage/2024_data/72782594239.csv
[2024-03-08T08:03:07.078+0530] {subprocess.py:93} INFO -  extracting: /Users/anikbhowmick/Python/Big_Data_Assignment/A02/airflow_env/Data_storage/2024_data/41160099999.csv
[2024-03-08T08:03:07.079+0530] {subprocess.py:93} INFO -  extracting: /Users/anikbhowmick/Python/Big_Data_Assignment/A02/airflow_env/Data_storage/2024_data/80308099999.csv
[2024-03-08T08:03:07.084+0530] {subprocess.py:93} INFO -  extracting: /Users/anikbhowmick/Python/Big_Data_Assignment/A02/airflow_env/Data_storage/2024_data/71152099999.csv
[2024-03-08T08:03:07.091+0530] {subprocess.py:93} INFO -  extracting: /Users/anikbhowmick/Python/Big_Data_Assignment/A02/airflow_env/Data_storage/2024_data/87553099999.csv
[2024-03-08T08:03:07.096+0530] {subprocess.py:93} INFO -  extracting: /Users/anikbhowmick/Python/Big_Data_Assignment/A02/airflow_env/Data_storage/2024_data/71376099999.csv
[2024-03-08T08:03:07.097+0530] {subprocess.py:93} INFO -  extracting: /Users/anikbhowmick/Python/Big_Data_Assignment/A02/airflow_env/Data_storage/2024_data/33429099999.csv
[2024-03-08T08:03:07.103+0530] {subprocess.py:93} INFO -  extracting: /Users/anikbhowmick/Python/Big_Data_Assignment/A02/airflow_env/Data_storage/2024_data/72480023157.csv
[2024-03-08T08:03:07.107+0530] {subprocess.py:93} INFO -  extracting: /Users/anikbhowmick/Python/Big_Data_Assignment/A02/airflow_env/Data_storage/2024_data/07638099999.csv
[2024-03-08T08:03:07.115+0530] {subprocess.py:93} INFO -  extracting: /Users/anikbhowmick/Python/Big_Data_Assignment/A02/airflow_env/Data_storage/2024_data/72564024018.csv
[2024-03-08T08:03:07.116+0530] {subprocess.py:93} INFO -  extracting: /Users/anikbhowmick/Python/Big_Data_Assignment/A02/airflow_env/Data_storage/2024_data/02565099999.csv
[2024-03-08T08:03:07.120+0530] {subprocess.py:93} INFO -  extracting: /Users/anikbhowmick/Python/Big_Data_Assignment/A02/airflow_env/Data_storage/2024_data/71295099999.csv
[2024-03-08T08:03:07.122+0530] {subprocess.py:93} INFO -  extracting: /Users/anikbhowmick/Python/Big_Data_Assignment/A02/airflow_env/Data_storage/2024_data/13493099999.csv
[2024-03-08T08:03:07.132+0530] {subprocess.py:93} INFO -  extracting: /Users/anikbhowmick/Python/Big_Data_Assignment/A02/airflow_env/Data_storage/2024_data/99999900381.csv
[2024-03-08T08:03:07.134+0530] {subprocess.py:93} INFO -  extracting: /Users/anikbhowmick/Python/Big_Data_Assignment/A02/airflow_env/Data_storage/2024_data/43363099999.csv
[2024-03-08T08:03:07.134+0530] {subprocess.py:93} INFO -  extracting: /Users/anikbhowmick/Python/Big_Data_Assignment/A02/airflow_env/Data_storage/2024_data/82030599999.csv
[2024-03-08T08:03:07.135+0530] {subprocess.py:93} INFO -  extracting: /Users/anikbhowmick/Python/Big_Data_Assignment/A02/airflow_env/Data_storage/2024_data/30074099999.csv
[2024-03-08T08:03:07.139+0530] {subprocess.py:93} INFO -  extracting: /Users/anikbhowmick/Python/Big_Data_Assignment/A02/airflow_env/Data_storage/2024_data/70305500109.csv
[2024-03-08T08:03:07.142+0530] {subprocess.py:93} INFO -  extracting: /Users/anikbhowmick/Python/Big_Data_Assignment/A02/airflow_env/Data_storage/2024_data/68647099999.csv
[2024-03-08T08:03:07.142+0530] {subprocess.py:93} INFO -  extracting: /Users/anikbhowmick/Python/Big_Data_Assignment/A02/airflow_env/Data_storage/2024_data/26668099999.csv
[2024-03-08T08:03:07.150+0530] {subprocess.py:93} INFO -  extracting: /Users/anikbhowmick/Python/Big_Data_Assignment/A02/airflow_env/Data_storage/2024_data/70360525604.csv
[2024-03-08T08:03:07.158+0530] {subprocess.py:93} INFO -  extracting: /Users/anikbhowmick/Python/Big_Data_Assignment/A02/airflow_env/Data_storage/2024_data/06490199999.csv
[2024-03-08T08:03:07.164+0530] {subprocess.py:93} INFO -  extracting: /Users/anikbhowmick/Python/Big_Data_Assignment/A02/airflow_env/Data_storage/2024_data/72650014972.csv
[2024-03-08T08:03:07.165+0530] {subprocess.py:93} INFO -  extracting: /Users/anikbhowmick/Python/Big_Data_Assignment/A02/airflow_env/Data_storage/2024_data/07688099999.csv
[2024-03-08T08:03:07.168+0530] {subprocess.py:93} INFO -  extracting: /Users/anikbhowmick/Python/Big_Data_Assignment/A02/airflow_env/Data_storage/2024_data/15170099999.csv
[2024-03-08T08:03:07.179+0530] {subprocess.py:93} INFO -  extracting: /Users/anikbhowmick/Python/Big_Data_Assignment/A02/airflow_env/Data_storage/2024_data/A0573500209.csv
[2024-03-08T08:03:07.179+0530] {subprocess.py:93} INFO -  extracting: /Users/anikbhowmick/Python/Big_Data_Assignment/A02/airflow_env/Data_storage/2024_data/94498099999.csv
[2024-03-08T08:03:07.183+0530] {subprocess.py:93} INFO -  extracting: /Users/anikbhowmick/Python/Big_Data_Assignment/A02/airflow_env/Data_storage/2024_data/06604099999.csv
[2024-03-08T08:03:07.187+0530] {subprocess.py:93} INFO -  extracting: /Users/anikbhowmick/Python/Big_Data_Assignment/A02/airflow_env/Data_storage/2024_data/93196099999.csv
[2024-03-08T08:03:07.192+0530] {subprocess.py:93} INFO -  extracting: /Users/anikbhowmick/Python/Big_Data_Assignment/A02/airflow_env/Data_storage/2024_data/15261099999.csv
[2024-03-08T08:03:07.194+0530] {subprocess.py:93} INFO -  extracting: /Users/anikbhowmick/Python/Big_Data_Assignment/A02/airflow_env/Data_storage/2024_data/80222799999.csv
[2024-03-08T08:03:07.195+0530] {subprocess.py:93} INFO -  extracting: /Users/anikbhowmick/Python/Big_Data_Assignment/A02/airflow_env/Data_storage/2024_data/34398099999.csv
[2024-03-08T08:03:07.200+0530] {subprocess.py:93} INFO -  extracting: /Users/anikbhowmick/Python/Big_Data_Assignment/A02/airflow_env/Data_storage/2024_data/71236099999.csv
[2024-03-08T08:03:07.205+0530] {subprocess.py:93} INFO -  extracting: /Users/anikbhowmick/Python/Big_Data_Assignment/A02/airflow_env/Data_storage/2024_data/71154099999.csv
[2024-03-08T08:03:07.213+0530] {subprocess.py:93} INFO -  extracting: /Users/anikbhowmick/Python/Big_Data_Assignment/A02/airflow_env/Data_storage/2024_data/60390099999.csv
[2024-03-08T08:03:07.215+0530] {subprocess.py:93} INFO -  extracting: /Users/anikbhowmick/Python/Big_Data_Assignment/A02/airflow_env/Data_storage/2024_data/31329099999.csv
[2024-03-08T08:03:07.216+0530] {subprocess.py:93} INFO -  extracting: /Users/anikbhowmick/Python/Big_Data_Assignment/A02/airflow_env/Data_storage/2024_data/31534099999.csv
[2024-03-08T08:03:07.218+0530] {subprocess.py:93} INFO -  extracting: /Users/anikbhowmick/Python/Big_Data_Assignment/A02/airflow_env/Data_storage/2024_data/87640099999.csv
[2024-03-08T08:03:07.223+0530] {subprocess.py:93} INFO -  extracting: /Users/anikbhowmick/Python/Big_Data_Assignment/A02/airflow_env/Data_storage/2024_data/71115099999.csv
[2024-03-08T08:03:07.236+0530] {subprocess.py:93} INFO -  extracting: /Users/anikbhowmick/Python/Big_Data_Assignment/A02/airflow_env/Data_storage/2024_data/72528300465.csv
[2024-03-08T08:03:07.236+0530] {subprocess.py:93} INFO -  extracting: /Users/anikbhowmick/Python/Big_Data_Assignment/A02/airflow_env/Data_storage/2024_data/67667099999.csv
[2024-03-08T08:03:07.241+0530] {subprocess.py:93} INFO -  extracting: /Users/anikbhowmick/Python/Big_Data_Assignment/A02/airflow_env/Data_storage/2024_data/78583099999.csv
[2024-03-08T08:03:07.251+0530] {subprocess.py:93} INFO -  extracting: /Users/anikbhowmick/Python/Big_Data_Assignment/A02/airflow_env/Data_storage/2024_data/06080099999.csv
[2024-03-08T08:03:07.252+0530] {subprocess.py:93} INFO -  extracting: /Users/anikbhowmick/Python/Big_Data_Assignment/A02/airflow_env/Data_storage/2024_data/04285099999.csv
[2024-03-08T08:03:07.258+0530] {subprocess.py:93} INFO -  extracting: /Users/anikbhowmick/Python/Big_Data_Assignment/A02/airflow_env/Data_storage/2024_data/70389199999.csv
[2024-03-08T08:03:07.270+0530] {subprocess.py:93} INFO -  extracting: /Users/anikbhowmick/Python/Big_Data_Assignment/A02/airflow_env/Data_storage/2024_data/72074799999.csv
[2024-03-08T08:03:07.282+0530] {subprocess.py:93} INFO -  extracting: /Users/anikbhowmick/Python/Big_Data_Assignment/A02/airflow_env/Data_storage/2024_data/72039500130.csv
[2024-03-08T08:03:07.321+0530] {subprocess.py:93} INFO -  extracting: /Users/anikbhowmick/Python/Big_Data_Assignment/A02/airflow_env/Data_storage/2024_data/99999904994.csv
[2024-03-08T08:03:07.324+0530] {subprocess.py:93} INFO -  extracting: /Users/anikbhowmick/Python/Big_Data_Assignment/A02/airflow_env/Data_storage/2024_data/06058099999.csv
[2024-03-08T08:03:07.327+0530] {subprocess.py:93} INFO -  extracting: /Users/anikbhowmick/Python/Big_Data_Assignment/A02/airflow_env/Data_storage/2024_data/76394099999.csv
[2024-03-08T08:03:07.328+0530] {subprocess.py:93} INFO -  extracting: /Users/anikbhowmick/Python/Big_Data_Assignment/A02/airflow_env/Data_storage/2024_data/72066500243.csv
[2024-03-08T08:03:07.329+0530] {subprocess.py:93} INFO -  extracting: /Users/anikbhowmick/Python/Big_Data_Assignment/A02/airflow_env/Data_storage/2024_data/81916099999.csv
[2024-03-08T08:03:07.330+0530] {subprocess.py:93} INFO -  extracting: /Users/anikbhowmick/Python/Big_Data_Assignment/A02/airflow_env/Data_storage/2024_data/54401099999.csv
[2024-03-08T08:03:07.334+0530] {subprocess.py:93} INFO -  extracting: /Users/anikbhowmick/Python/Big_Data_Assignment/A02/airflow_env/Data_storage/2024_data/72614054742.csv
[2024-03-08T08:03:07.335+0530] {subprocess.py:93} INFO -  extracting: /Users/anikbhowmick/Python/Big_Data_Assignment/A02/airflow_env/Data_storage/2024_data/80372099999.csv
[2024-03-08T08:03:07.348+0530] {subprocess.py:93} INFO -  extracting: /Users/anikbhowmick/Python/Big_Data_Assignment/A02/airflow_env/Data_storage/2024_data/72365493091.csv
[2024-03-08T08:03:07.350+0530] {subprocess.py:93} INFO -  extracting: /Users/anikbhowmick/Python/Big_Data_Assignment/A02/airflow_env/Data_storage/2024_data/71886499999.csv
[2024-03-08T08:03:07.351+0530] {subprocess.py:93} INFO -  extracting: /Users/anikbhowmick/Python/Big_Data_Assignment/A02/airflow_env/Data_storage/2024_data/43081099999.csv
[2024-03-08T08:03:07.352+0530] {subprocess.py:93} INFO -  extracting: /Users/anikbhowmick/Python/Big_Data_Assignment/A02/airflow_env/Data_storage/2024_data/82397099999.csv
[2024-03-08T08:03:07.353+0530] {subprocess.py:93} INFO -  extracting: /Users/anikbhowmick/Python/Big_Data_Assignment/A02/airflow_env/Data_storage/2024_data/38099099999.csv
[2024-03-08T08:03:07.354+0530] {subprocess.py:93} INFO -  extracting: /Users/anikbhowmick/Python/Big_Data_Assignment/A02/airflow_env/Data_storage/2024_data/56977099999.csv
[2024-03-08T08:03:07.356+0530] {subprocess.py:93} INFO -  extracting: /Users/anikbhowmick/Python/Big_Data_Assignment/A02/airflow_env/Data_storage/2024_data/98334099999.csv
[2024-03-08T08:03:07.361+0530] {subprocess.py:93} INFO -  extracting: /Users/anikbhowmick/Python/Big_Data_Assignment/A02/airflow_env/Data_storage/2024_data/85574099999.csv
[2024-03-08T08:03:07.363+0530] {subprocess.py:93} INFO -  extracting: /Users/anikbhowmick/Python/Big_Data_Assignment/A02/airflow_env/Data_storage/2024_data/72405713701.csv
[2024-03-08T08:03:07.371+0530] {subprocess.py:93} INFO -  extracting: /Users/anikbhowmick/Python/Big_Data_Assignment/A02/airflow_env/Data_storage/2024_data/06016099999.csv
[2024-03-08T08:03:07.380+0530] {subprocess.py:93} INFO -  extracting: /Users/anikbhowmick/Python/Big_Data_Assignment/A02/airflow_env/Data_storage/2024_data/71731099999.csv
[2024-03-08T08:03:07.384+0530] {subprocess.py:93} INFO -  extracting: /Users/anikbhowmick/Python/Big_Data_Assignment/A02/airflow_env/Data_storage/2024_data/12300099999.csv
[2024-03-08T08:03:07.388+0530] {subprocess.py:93} INFO -  extracting: /Users/anikbhowmick/Python/Big_Data_Assignment/A02/airflow_env/Data_storage/2024_data/14246099999.csv
[2024-03-08T08:03:07.389+0530] {subprocess.py:93} INFO -  extracting: /Users/anikbhowmick/Python/Big_Data_Assignment/A02/airflow_env/Data_storage/2024_data/25820099999.csv
[2024-03-08T08:03:07.401+0530] {subprocess.py:93} INFO -  extracting: /Users/anikbhowmick/Python/Big_Data_Assignment/A02/airflow_env/Data_storage/2024_data/72097400344.csv
[2024-03-08T08:03:07.401+0530] {subprocess.py:93} INFO -  extracting: /Users/anikbhowmick/Python/Big_Data_Assignment/A02/airflow_env/Data_storage/2024_data/02171099999.csv
[2024-03-08T08:03:07.410+0530] {subprocess.py:93} INFO -  extracting: /Users/anikbhowmick/Python/Big_Data_Assignment/A02/airflow_env/Data_storage/2024_data/71103099999.csv
[2024-03-08T08:03:07.414+0530] {subprocess.py:93} INFO -  extracting: /Users/anikbhowmick/Python/Big_Data_Assignment/A02/airflow_env/Data_storage/2024_data/99770199999.csv
[2024-03-08T08:03:07.415+0530] {subprocess.py:93} INFO -  extracting: /Users/anikbhowmick/Python/Big_Data_Assignment/A02/airflow_env/Data_storage/2024_data/98548099999.csv
[2024-03-08T08:03:07.417+0530] {subprocess.py:93} INFO -  extracting: /Users/anikbhowmick/Python/Big_Data_Assignment/A02/airflow_env/Data_storage/2024_data/83985099999.csv
[2024-03-08T08:03:07.419+0530] {subprocess.py:93} INFO -  extracting: /Users/anikbhowmick/Python/Big_Data_Assignment/A02/airflow_env/Data_storage/2024_data/47060099999.csv
[2024-03-08T08:03:07.420+0530] {subprocess.py:93} INFO -  extracting: /Users/anikbhowmick/Python/Big_Data_Assignment/A02/airflow_env/Data_storage/2024_data/23724099999.csv
[2024-03-08T08:03:07.429+0530] {subprocess.py:93} INFO -  extracting: /Users/anikbhowmick/Python/Big_Data_Assignment/A02/airflow_env/Data_storage/2024_data/72562024023.csv
[2024-03-08T08:03:07.430+0530] {subprocess.py:93} INFO -  extracting: /Users/anikbhowmick/Python/Big_Data_Assignment/A02/airflow_env/Data_storage/2024_data/56739099999.csv
[2024-03-08T08:03:07.435+0530] {subprocess.py:93} INFO -  extracting: /Users/anikbhowmick/Python/Big_Data_Assignment/A02/airflow_env/Data_storage/2024_data/71956099999.csv
[2024-03-08T08:03:07.438+0530] {subprocess.py:93} INFO -  extracting: /Users/anikbhowmick/Python/Big_Data_Assignment/A02/airflow_env/Data_storage/2024_data/99479099999.csv
[2024-03-08T08:03:07.445+0530] {subprocess.py:93} INFO -  extracting: /Users/anikbhowmick/Python/Big_Data_Assignment/A02/airflow_env/Data_storage/2024_data/72365023050.csv
[2024-03-08T08:03:07.447+0530] {subprocess.py:93} INFO -  extracting: /Users/anikbhowmick/Python/Big_Data_Assignment/A02/airflow_env/Data_storage/2024_data/72062600213.csv
[2024-03-08T08:03:07.450+0530] {subprocess.py:93} INFO -  extracting: /Users/anikbhowmick/Python/Big_Data_Assignment/A02/airflow_env/Data_storage/2024_data/95958099999.csv
[2024-03-08T08:03:07.450+0530] {subprocess.py:93} INFO -  extracting: /Users/anikbhowmick/Python/Big_Data_Assignment/A02/airflow_env/Data_storage/2024_data/85312099999.csv
[2024-03-08T08:03:07.454+0530] {subprocess.py:93} INFO -  extracting: /Users/anikbhowmick/Python/Big_Data_Assignment/A02/airflow_env/Data_storage/2024_data/02957099999.csv
[2024-03-08T08:03:07.460+0530] {subprocess.py:93} INFO -  extracting: /Users/anikbhowmick/Python/Big_Data_Assignment/A02/airflow_env/Data_storage/2024_data/71516099999.csv
[2024-03-08T08:03:07.463+0530] {subprocess.py:93} INFO -  extracting: /Users/anikbhowmick/Python/Big_Data_Assignment/A02/airflow_env/Data_storage/2024_data/01257099999.csv
[2024-03-08T08:03:07.464+0530] {subprocess.py:93} INFO -  extracting: /Users/anikbhowmick/Python/Big_Data_Assignment/A02/airflow_env/Data_storage/2024_data/98431099999.csv
[2024-03-08T08:03:07.476+0530] {subprocess.py:93} INFO -  extracting: /Users/anikbhowmick/Python/Big_Data_Assignment/A02/airflow_env/Data_storage/2024_data/72077699999.csv
[2024-03-08T08:03:07.485+0530] {subprocess.py:93} INFO -  extracting: /Users/anikbhowmick/Python/Big_Data_Assignment/A02/airflow_env/Data_storage/2024_data/63820099999.csv
[2024-03-08T08:03:07.489+0530] {subprocess.py:93} INFO -  extracting: /Users/anikbhowmick/Python/Big_Data_Assignment/A02/airflow_env/Data_storage/2024_data/95964099999.csv
[2024-03-08T08:03:07.500+0530] {subprocess.py:93} INFO -  extracting: /Users/anikbhowmick/Python/Big_Data_Assignment/A02/airflow_env/Data_storage/2024_data/72473700377.csv
[2024-03-08T08:03:07.501+0530] {subprocess.py:93} INFO -  extracting: /Users/anikbhowmick/Python/Big_Data_Assignment/A02/airflow_env/Data_storage/2024_data/34727099999.csv
[2024-03-08T08:03:07.510+0530] {subprocess.py:93} INFO -  extracting: /Users/anikbhowmick/Python/Big_Data_Assignment/A02/airflow_env/Data_storage/2024_data/23933099999.csv
[2024-03-08T08:03:07.511+0530] {subprocess.py:93} INFO -  extracting: /Users/anikbhowmick/Python/Big_Data_Assignment/A02/airflow_env/Data_storage/2024_data/94463099999.csv
[2024-03-08T08:03:07.522+0530] {subprocess.py:93} INFO -  extracting: /Users/anikbhowmick/Python/Big_Data_Assignment/A02/airflow_env/Data_storage/2024_data/A0735700182.csv
[2024-03-08T08:03:07.525+0530] {subprocess.py:93} INFO -  extracting: /Users/anikbhowmick/Python/Big_Data_Assignment/A02/airflow_env/Data_storage/2024_data/99734299999.csv
[2024-03-08T08:03:07.537+0530] {subprocess.py:93} INFO -  extracting: /Users/anikbhowmick/Python/Big_Data_Assignment/A02/airflow_env/Data_storage/2024_data/72086700293.csv
[2024-03-08T08:03:07.541+0530] {subprocess.py:93} INFO -  extracting: /Users/anikbhowmick/Python/Big_Data_Assignment/A02/airflow_env/Data_storage/2024_data/13599099999.csv
[2024-03-08T08:03:07.552+0530] {subprocess.py:93} INFO -  extracting: /Users/anikbhowmick/Python/Big_Data_Assignment/A02/airflow_env/Data_storage/2024_data/72227454939.csv
[2024-03-08T08:03:07.564+0530] {subprocess.py:93} INFO -  extracting: /Users/anikbhowmick/Python/Big_Data_Assignment/A02/airflow_env/Data_storage/2024_data/72083599999.csv
[2024-03-08T08:03:07.566+0530] {subprocess.py:93} INFO -  extracting: /Users/anikbhowmick/Python/Big_Data_Assignment/A02/airflow_env/Data_storage/2024_data/38427099999.csv
[2024-03-08T08:03:07.577+0530] {subprocess.py:93} INFO -  extracting: /Users/anikbhowmick/Python/Big_Data_Assignment/A02/airflow_env/Data_storage/2024_data/51463599999.csv
[2024-03-08T08:03:07.579+0530] {subprocess.py:93} INFO -  extracting: /Users/anikbhowmick/Python/Big_Data_Assignment/A02/airflow_env/Data_storage/2024_data/30925099999.csv
[2024-03-08T08:03:07.579+0530] {subprocess.py:93} INFO -  extracting: /Users/anikbhowmick/Python/Big_Data_Assignment/A02/airflow_env/Data_storage/2024_data/38338099999.csv
[2024-03-08T08:03:07.583+0530] {subprocess.py:93} INFO -  extracting: /Users/anikbhowmick/Python/Big_Data_Assignment/A02/airflow_env/Data_storage/2024_data/06124099999.csv
[2024-03-08T08:03:07.587+0530] {subprocess.py:93} INFO -  extracting: /Users/anikbhowmick/Python/Big_Data_Assignment/A02/airflow_env/Data_storage/2024_data/47152099999.csv
[2024-03-08T08:03:07.590+0530] {subprocess.py:93} INFO -  extracting: /Users/anikbhowmick/Python/Big_Data_Assignment/A02/airflow_env/Data_storage/2024_data/01383099999.csv
[2024-03-08T08:03:07.594+0530] {subprocess.py:93} INFO -  extracting: /Users/anikbhowmick/Python/Big_Data_Assignment/A02/airflow_env/Data_storage/2024_data/87436099999.csv
[2024-03-08T08:03:07.595+0530] {subprocess.py:93} INFO -  extracting: /Users/anikbhowmick/Python/Big_Data_Assignment/A02/airflow_env/Data_storage/2024_data/36397099999.csv
[2024-03-08T08:03:07.596+0530] {subprocess.py:93} INFO -  extracting: /Users/anikbhowmick/Python/Big_Data_Assignment/A02/airflow_env/Data_storage/2024_data/60205199999.csv
[2024-03-08T08:03:07.596+0530] {subprocess.py:93} INFO -  extracting: /Users/anikbhowmick/Python/Big_Data_Assignment/A02/airflow_env/Data_storage/2024_data/83097099999.csv
[2024-03-08T08:03:07.601+0530] {subprocess.py:93} INFO -  extracting: /Users/anikbhowmick/Python/Big_Data_Assignment/A02/airflow_env/Data_storage/2024_data/17127099999.csv
[2024-03-08T08:03:07.604+0530] {subprocess.py:93} INFO -  extracting: /Users/anikbhowmick/Python/Big_Data_Assignment/A02/airflow_env/Data_storage/2024_data/76612099999.csv
[2024-03-08T08:03:07.616+0530] {subprocess.py:93} INFO -  extracting: /Users/anikbhowmick/Python/Big_Data_Assignment/A02/airflow_env/Data_storage/2024_data/72017253996.csv
[2024-03-08T08:03:07.623+0530] {subprocess.py:93} INFO -  extracting: /Users/anikbhowmick/Python/Big_Data_Assignment/A02/airflow_env/Data_storage/2024_data/72101599999.csv
[2024-03-08T08:03:07.627+0530] {subprocess.py:93} INFO -  extracting: /Users/anikbhowmick/Python/Big_Data_Assignment/A02/airflow_env/Data_storage/2024_data/03560099999.csv
[2024-03-08T08:03:07.627+0530] {subprocess.py:93} INFO -  extracting: /Users/anikbhowmick/Python/Big_Data_Assignment/A02/airflow_env/Data_storage/2024_data/35007099999.csv
[2024-03-08T08:03:07.630+0530] {subprocess.py:93} INFO -  extracting: /Users/anikbhowmick/Python/Big_Data_Assignment/A02/airflow_env/Data_storage/2024_data/47433099999.csv
[2024-03-08T08:03:07.634+0530] {subprocess.py:93} INFO -  extracting: /Users/anikbhowmick/Python/Big_Data_Assignment/A02/airflow_env/Data_storage/2024_data/11138099999.csv
[2024-03-08T08:03:07.637+0530] {subprocess.py:93} INFO -  extracting: /Users/anikbhowmick/Python/Big_Data_Assignment/A02/airflow_env/Data_storage/2024_data/83576099999.csv
[2024-03-08T08:03:07.638+0530] {subprocess.py:93} INFO -  extracting: /Users/anikbhowmick/Python/Big_Data_Assignment/A02/airflow_env/Data_storage/2024_data/96933099999.csv
[2024-03-08T08:03:07.639+0530] {subprocess.py:93} INFO -  extracting: /Users/anikbhowmick/Python/Big_Data_Assignment/A02/airflow_env/Data_storage/2024_data/65075099999.csv
[2024-03-08T08:03:07.642+0530] {subprocess.py:93} INFO -  extracting: /Users/anikbhowmick/Python/Big_Data_Assignment/A02/airflow_env/Data_storage/2024_data/80342099999.csv
[2024-03-08T08:03:07.645+0530] {subprocess.py:93} INFO -  extracting: /Users/anikbhowmick/Python/Big_Data_Assignment/A02/airflow_env/Data_storage/2024_data/48303499999.csv
[2024-03-08T08:03:07.653+0530] {subprocess.py:93} INFO -  extracting: /Users/anikbhowmick/Python/Big_Data_Assignment/A02/airflow_env/Data_storage/2024_data/71876099999.csv
[2024-03-08T08:03:07.657+0530] {subprocess.py:93} INFO -  extracting: /Users/anikbhowmick/Python/Big_Data_Assignment/A02/airflow_env/Data_storage/2024_data/71747099999.csv
[2024-03-08T08:03:07.668+0530] {subprocess.py:93} INFO -  extracting: /Users/anikbhowmick/Python/Big_Data_Assignment/A02/airflow_env/Data_storage/2024_data/12970099999.csv
[2024-03-08T08:03:07.678+0530] {subprocess.py:93} INFO -  extracting: /Users/anikbhowmick/Python/Big_Data_Assignment/A02/airflow_env/Data_storage/2024_data/72534014819.csv
[2024-03-08T08:03:07.690+0530] {subprocess.py:93} INFO -  extracting: /Users/anikbhowmick/Python/Big_Data_Assignment/A02/airflow_env/Data_storage/2024_data/07072099999.csv
[2024-03-08T08:03:07.693+0530] {subprocess.py:93} INFO -  extracting: /Users/anikbhowmick/Python/Big_Data_Assignment/A02/airflow_env/Data_storage/2024_data/06638099999.csv
[2024-03-08T08:03:07.697+0530] {subprocess.py:93} INFO -  extracting: /Users/anikbhowmick/Python/Big_Data_Assignment/A02/airflow_env/Data_storage/2024_data/95784099999.csv
[2024-03-08T08:03:07.701+0530] {subprocess.py:93} INFO -  extracting: /Users/anikbhowmick/Python/Big_Data_Assignment/A02/airflow_env/Data_storage/2024_data/71317099999.csv
[2024-03-08T08:03:07.705+0530] {subprocess.py:93} INFO -  extracting: /Users/anikbhowmick/Python/Big_Data_Assignment/A02/airflow_env/Data_storage/2024_data/47800099999.csv
[2024-03-08T08:03:07.706+0530] {subprocess.py:93} INFO -  extracting: /Users/anikbhowmick/Python/Big_Data_Assignment/A02/airflow_env/Data_storage/2024_data/58345099999.csv
[2024-03-08T08:03:07.708+0530] {subprocess.py:93} INFO -  extracting: /Users/anikbhowmick/Python/Big_Data_Assignment/A02/airflow_env/Data_storage/2024_data/58472099999.csv
[2024-03-08T08:03:07.709+0530] {subprocess.py:93} INFO -  extracting: /Users/anikbhowmick/Python/Big_Data_Assignment/A02/airflow_env/Data_storage/2024_data/57687099999.csv
[2024-03-08T08:03:07.710+0530] {subprocess.py:93} INFO -  extracting: /Users/anikbhowmick/Python/Big_Data_Assignment/A02/airflow_env/Data_storage/2024_data/30859099999.csv
[2024-03-08T08:03:07.711+0530] {subprocess.py:93} INFO -  extracting: /Users/anikbhowmick/Python/Big_Data_Assignment/A02/airflow_env/Data_storage/2024_data/08335099999.csv
[2024-03-08T08:03:07.714+0530] {subprocess.py:93} INFO -  extracting: /Users/anikbhowmick/Python/Big_Data_Assignment/A02/airflow_env/Data_storage/2024_data/47584099999.csv
[2024-03-08T08:03:07.714+0530] {subprocess.py:93} INFO -  extracting: /Users/anikbhowmick/Python/Big_Data_Assignment/A02/airflow_env/Data_storage/2024_data/64222099999.csv
[2024-03-08T08:03:07.719+0530] {subprocess.py:93} INFO -  extracting: /Users/anikbhowmick/Python/Big_Data_Assignment/A02/airflow_env/Data_storage/2024_data/71244099999.csv
[2024-03-08T08:03:07.720+0530] {subprocess.py:93} INFO -  extracting: /Users/anikbhowmick/Python/Big_Data_Assignment/A02/airflow_env/Data_storage/2024_data/91779099999.csv
[2024-03-08T08:03:07.724+0530] {subprocess.py:93} INFO -  extracting: /Users/anikbhowmick/Python/Big_Data_Assignment/A02/airflow_env/Data_storage/2024_data/47587099999.csv
[2024-03-08T08:03:07.727+0530] {subprocess.py:93} INFO -  extracting: /Users/anikbhowmick/Python/Big_Data_Assignment/A02/airflow_env/Data_storage/2024_data/06621099999.csv
[2024-03-08T08:03:07.734+0530] {subprocess.py:93} INFO -  extracting: /Users/anikbhowmick/Python/Big_Data_Assignment/A02/airflow_env/Data_storage/2024_data/25913099999.csv
[2024-03-08T08:03:07.737+0530] {subprocess.py:93} INFO -  extracting: /Users/anikbhowmick/Python/Big_Data_Assignment/A02/airflow_env/Data_storage/2024_data/81847099999.csv
[2024-03-08T08:03:07.743+0530] {subprocess.py:93} INFO -  extracting: /Users/anikbhowmick/Python/Big_Data_Assignment/A02/airflow_env/Data_storage/2024_data/72451623020.csv
[2024-03-08T08:03:07.754+0530] {subprocess.py:93} INFO -  extracting: /Users/anikbhowmick/Python/Big_Data_Assignment/A02/airflow_env/Data_storage/2024_data/72063800224.csv
[2024-03-08T08:03:07.754+0530] {subprocess.py:93} INFO -  extracting: /Users/anikbhowmick/Python/Big_Data_Assignment/A02/airflow_env/Data_storage/2024_data/83692099999.csv
[2024-03-08T08:03:07.767+0530] {subprocess.py:93} INFO -  extracting: /Users/anikbhowmick/Python/Big_Data_Assignment/A02/airflow_env/Data_storage/2024_data/07222099999.csv
[2024-03-08T08:03:07.780+0530] {subprocess.py:93} INFO -  extracting: /Users/anikbhowmick/Python/Big_Data_Assignment/A02/airflow_env/Data_storage/2024_data/72026723224.csv
[2024-03-08T08:03:07.781+0530] {subprocess.py:93} INFO -  extracting: /Users/anikbhowmick/Python/Big_Data_Assignment/A02/airflow_env/Data_storage/2024_data/35497099999.csv
[2024-03-08T08:03:07.783+0530] {subprocess.py:93} INFO -  extracting: /Users/anikbhowmick/Python/Big_Data_Assignment/A02/airflow_env/Data_storage/2024_data/70171826551.csv
[2024-03-08T08:03:07.785+0530] {subprocess.py:93} INFO -  extracting: /Users/anikbhowmick/Python/Big_Data_Assignment/A02/airflow_env/Data_storage/2024_data/51542099999.csv
[2024-03-08T08:03:07.788+0530] {subprocess.py:93} INFO -  extracting: /Users/anikbhowmick/Python/Big_Data_Assignment/A02/airflow_env/Data_storage/2024_data/12843099999.csv
[2024-03-08T08:03:07.788+0530] {subprocess.py:93} INFO -  extracting: /Users/anikbhowmick/Python/Big_Data_Assignment/A02/airflow_env/Data_storage/2024_data/02120599999.csv
[2024-03-08T08:03:07.794+0530] {subprocess.py:93} INFO -  extracting: /Users/anikbhowmick/Python/Big_Data_Assignment/A02/airflow_env/Data_storage/2024_data/03577035046.csv
[2024-03-08T08:03:07.795+0530] {subprocess.py:93} INFO -  extracting: /Users/anikbhowmick/Python/Big_Data_Assignment/A02/airflow_env/Data_storage/2024_data/38475099999.csv
[2024-03-08T08:03:07.796+0530] {subprocess.py:93} INFO -  extracting: /Users/anikbhowmick/Python/Big_Data_Assignment/A02/airflow_env/Data_storage/2024_data/31532099999.csv
[2024-03-08T08:03:07.797+0530] {subprocess.py:93} INFO -  extracting: /Users/anikbhowmick/Python/Big_Data_Assignment/A02/airflow_env/Data_storage/2024_data/43436099999.csv
[2024-03-08T08:03:07.809+0530] {subprocess.py:93} INFO -  extracting: /Users/anikbhowmick/Python/Big_Data_Assignment/A02/airflow_env/Data_storage/2024_data/72538404888.csv
[2024-03-08T08:03:07.818+0530] {subprocess.py:93} INFO -  extracting: /Users/anikbhowmick/Python/Big_Data_Assignment/A02/airflow_env/Data_storage/2024_data/72099899999.csv
[2024-03-08T08:03:07.830+0530] {subprocess.py:93} INFO -  extracting: /Users/anikbhowmick/Python/Big_Data_Assignment/A02/airflow_env/Data_storage/2024_data/72053900165.csv
[2024-03-08T08:03:07.840+0530] {subprocess.py:93} INFO -  extracting: /Users/anikbhowmick/Python/Big_Data_Assignment/A02/airflow_env/Data_storage/2024_data/72324900463.csv
[2024-03-08T08:03:07.840+0530] {subprocess.py:93} INFO -  extracting: /Users/anikbhowmick/Python/Big_Data_Assignment/A02/airflow_env/Data_storage/2024_data/07499099999.csv
[2024-03-08T08:03:07.841+0530] {subprocess.py:93} INFO -  extracting: /Users/anikbhowmick/Python/Big_Data_Assignment/A02/airflow_env/Data_storage/2024_data/59358099999.csv
[2024-03-08T08:03:07.848+0530] {subprocess.py:93} INFO -  extracting: /Users/anikbhowmick/Python/Big_Data_Assignment/A02/airflow_env/Data_storage/2024_data/71523099999.csv
[2024-03-08T08:03:07.848+0530] {subprocess.py:93} INFO -  extracting: /Users/anikbhowmick/Python/Big_Data_Assignment/A02/airflow_env/Data_storage/2024_data/02544099999.csv
[2024-03-08T08:03:07.848+0530] {subprocess.py:93} INFO -  extracting: /Users/anikbhowmick/Python/Big_Data_Assignment/A02/airflow_env/Data_storage/2024_data/26479099999.csv
[2024-03-08T08:03:07.858+0530] {subprocess.py:93} INFO -  extracting: /Users/anikbhowmick/Python/Big_Data_Assignment/A02/airflow_env/Data_storage/2024_data/31981199999.csv
[2024-03-08T08:03:07.859+0530] {subprocess.py:93} INFO -  extracting: /Users/anikbhowmick/Python/Big_Data_Assignment/A02/airflow_env/Data_storage/2024_data/31439099999.csv
[2024-03-08T08:03:07.860+0530] {subprocess.py:93} INFO -  extracting: /Users/anikbhowmick/Python/Big_Data_Assignment/A02/airflow_env/Data_storage/2024_data/43125099999.csv
[2024-03-08T08:03:07.862+0530] {subprocess.py:93} INFO -  extracting: /Users/anikbhowmick/Python/Big_Data_Assignment/A02/airflow_env/Data_storage/2024_data/61085099999.csv
[2024-03-08T08:03:07.863+0530] {subprocess.py:93} INFO -  extracting: /Users/anikbhowmick/Python/Big_Data_Assignment/A02/airflow_env/Data_storage/2024_data/54115099999.csv
[2024-03-08T08:03:07.864+0530] {subprocess.py:93} INFO -  extracting: /Users/anikbhowmick/Python/Big_Data_Assignment/A02/airflow_env/Data_storage/2024_data/89642099999.csv
[2024-03-08T08:03:07.869+0530] {subprocess.py:93} INFO -  extracting: /Users/anikbhowmick/Python/Big_Data_Assignment/A02/airflow_env/Data_storage/2024_data/85442099999.csv
[2024-03-08T08:03:07.872+0530] {subprocess.py:93} INFO -  extracting: /Users/anikbhowmick/Python/Big_Data_Assignment/A02/airflow_env/Data_storage/2024_data/02706099999.csv
[2024-03-08T08:03:07.878+0530] {subprocess.py:93} INFO -  extracting: /Users/anikbhowmick/Python/Big_Data_Assignment/A02/airflow_env/Data_storage/2024_data/74781013857.csv
[2024-03-08T08:03:07.881+0530] {subprocess.py:93} INFO -  extracting: /Users/anikbhowmick/Python/Big_Data_Assignment/A02/airflow_env/Data_storage/2024_data/13588099999.csv
[2024-03-08T08:03:07.885+0530] {subprocess.py:93} INFO -  extracting: /Users/anikbhowmick/Python/Big_Data_Assignment/A02/airflow_env/Data_storage/2024_data/99798899999.csv
[2024-03-08T08:03:07.889+0530] {subprocess.py:93} INFO -  extracting: /Users/anikbhowmick/Python/Big_Data_Assignment/A02/airflow_env/Data_storage/2024_data/99999940710.csv
[2024-03-08T08:03:07.899+0530] {subprocess.py:93} INFO -  extracting: /Users/anikbhowmick/Python/Big_Data_Assignment/A02/airflow_env/Data_storage/2024_data/94302099999.csv
[2024-03-08T08:03:07.903+0530] {subprocess.py:93} INFO -  extracting: /Users/anikbhowmick/Python/Big_Data_Assignment/A02/airflow_env/Data_storage/2024_data/11285099999.csv
[2024-03-08T08:03:07.906+0530] {subprocess.py:93} INFO -  extracting: /Users/anikbhowmick/Python/Big_Data_Assignment/A02/airflow_env/Data_storage/2024_data/94274099999.csv
[2024-03-08T08:03:07.913+0530] {subprocess.py:93} INFO -  extracting: /Users/anikbhowmick/Python/Big_Data_Assignment/A02/airflow_env/Data_storage/2024_data/02514099999.csv
[2024-03-08T08:03:07.919+0530] {subprocess.py:93} INFO -  extracting: /Users/anikbhowmick/Python/Big_Data_Assignment/A02/airflow_env/Data_storage/2024_data/72233053865.csv
[2024-03-08T08:03:07.921+0530] {subprocess.py:93} INFO -  extracting: /Users/anikbhowmick/Python/Big_Data_Assignment/A02/airflow_env/Data_storage/2024_data/51156099999.csv
[2024-03-08T08:03:07.921+0530] {subprocess.py:93} INFO -  extracting: /Users/anikbhowmick/Python/Big_Data_Assignment/A02/airflow_env/Data_storage/2024_data/64040099999.csv
[2024-03-08T08:03:07.933+0530] {subprocess.py:93} INFO -  extracting: /Users/anikbhowmick/Python/Big_Data_Assignment/A02/airflow_env/Data_storage/2024_data/72405853818.csv
[2024-03-08T08:03:07.934+0530] {subprocess.py:93} INFO -  extracting: /Users/anikbhowmick/Python/Big_Data_Assignment/A02/airflow_env/Data_storage/2024_data/91551599999.csv
[2024-03-08T08:03:07.939+0530] {subprocess.py:93} INFO -  extracting: /Users/anikbhowmick/Python/Big_Data_Assignment/A02/airflow_env/Data_storage/2024_data/58321099999.csv
[2024-03-08T08:03:07.940+0530] {subprocess.py:93} INFO -  extracting: /Users/anikbhowmick/Python/Big_Data_Assignment/A02/airflow_env/Data_storage/2024_data/33924099999.csv
[2024-03-08T08:03:07.941+0530] {subprocess.py:93} INFO -  extracting: /Users/anikbhowmick/Python/Big_Data_Assignment/A02/airflow_env/Data_storage/2024_data/01115099999.csv
[2024-03-08T08:03:07.945+0530] {subprocess.py:93} INFO -  extracting: /Users/anikbhowmick/Python/Big_Data_Assignment/A02/airflow_env/Data_storage/2024_data/71857099999.csv
[2024-03-08T08:03:07.945+0530] {subprocess.py:93} INFO -  extracting: /Users/anikbhowmick/Python/Big_Data_Assignment/A02/airflow_env/Data_storage/2024_data/02243099999.csv
[2024-03-08T08:03:07.947+0530] {subprocess.py:93} INFO -  extracting: /Users/anikbhowmick/Python/Big_Data_Assignment/A02/airflow_env/Data_storage/2024_data/38851099999.csv
[2024-03-08T08:03:07.952+0530] {subprocess.py:93} INFO -  extracting: /Users/anikbhowmick/Python/Big_Data_Assignment/A02/airflow_env/Data_storage/2024_data/47803099999.csv
[2024-03-08T08:03:07.967+0530] {subprocess.py:93} INFO -  extracting: /Users/anikbhowmick/Python/Big_Data_Assignment/A02/airflow_env/Data_storage/2024_data/72032704995.csv
[2024-03-08T08:03:07.973+0530] {subprocess.py:93} INFO -  extracting: /Users/anikbhowmick/Python/Big_Data_Assignment/A02/airflow_env/Data_storage/2024_data/03693099999.csv
[2024-03-08T08:03:07.973+0530] {subprocess.py:93} INFO -  extracting: /Users/anikbhowmick/Python/Big_Data_Assignment/A02/airflow_env/Data_storage/2024_data/91592099999.csv
[2024-03-08T08:03:07.982+0530] {subprocess.py:93} INFO -  extracting: /Users/anikbhowmick/Python/Big_Data_Assignment/A02/airflow_env/Data_storage/2024_data/10416099999.csv
[2024-03-08T08:03:07.985+0530] {subprocess.py:93} INFO -  extracting: /Users/anikbhowmick/Python/Big_Data_Assignment/A02/airflow_env/Data_storage/2024_data/99727099999.csv
[2024-03-08T08:03:07.989+0530] {subprocess.py:93} INFO -  extracting: /Users/anikbhowmick/Python/Big_Data_Assignment/A02/airflow_env/Data_storage/2024_data/72261603032.csv
[2024-03-08T08:03:07.992+0530] {subprocess.py:93} INFO -  extracting: /Users/anikbhowmick/Python/Big_Data_Assignment/A02/airflow_env/Data_storage/2024_data/11340099999.csv
[2024-03-08T08:03:07.993+0530] {subprocess.py:93} INFO -  extracting: /Users/anikbhowmick/Python/Big_Data_Assignment/A02/airflow_env/Data_storage/2024_data/43241099999.csv
[2024-03-08T08:03:07.994+0530] {subprocess.py:93} INFO -  extracting: /Users/anikbhowmick/Python/Big_Data_Assignment/A02/airflow_env/Data_storage/2024_data/31062099999.csv
[2024-03-08T08:03:07.995+0530] {subprocess.py:93} INFO -  extracting: /Users/anikbhowmick/Python/Big_Data_Assignment/A02/airflow_env/Data_storage/2024_data/30802099999.csv
[2024-03-08T08:03:07.997+0530] {subprocess.py:93} INFO -  extracting: /Users/anikbhowmick/Python/Big_Data_Assignment/A02/airflow_env/Data_storage/2024_data/63793099999.csv
[2024-03-08T08:03:07.998+0530] {subprocess.py:93} INFO -  extracting: /Users/anikbhowmick/Python/Big_Data_Assignment/A02/airflow_env/Data_storage/2024_data/29789099999.csv
[2024-03-08T08:03:08.004+0530] {subprocess.py:93} INFO -  extracting: /Users/anikbhowmick/Python/Big_Data_Assignment/A02/airflow_env/Data_storage/2024_data/72451713940.csv
[2024-03-08T08:03:08.016+0530] {subprocess.py:93} INFO -  extracting: /Users/anikbhowmick/Python/Big_Data_Assignment/A02/airflow_env/Data_storage/2024_data/06208099999.csv
[2024-03-08T08:03:08.019+0530] {subprocess.py:93} INFO -  extracting: /Users/anikbhowmick/Python/Big_Data_Assignment/A02/airflow_env/Data_storage/2024_data/01254099999.csv
[2024-03-08T08:03:08.027+0530] {subprocess.py:93} INFO -  extracting: /Users/anikbhowmick/Python/Big_Data_Assignment/A02/airflow_env/Data_storage/2024_data/72226903850.csv
[2024-03-08T08:03:08.031+0530] {subprocess.py:93} INFO -  extracting: /Users/anikbhowmick/Python/Big_Data_Assignment/A02/airflow_env/Data_storage/2024_data/99799999999.csv
[2024-03-08T08:03:08.038+0530] {subprocess.py:93} INFO -  extracting: /Users/anikbhowmick/Python/Big_Data_Assignment/A02/airflow_env/Data_storage/2024_data/10727599999.csv
[2024-03-08T08:03:08.039+0530] {subprocess.py:93} INFO -  extracting: /Users/anikbhowmick/Python/Big_Data_Assignment/A02/airflow_env/Data_storage/2024_data/22429099999.csv
[2024-03-08T08:03:08.051+0530] {subprocess.py:93} INFO -  extracting: /Users/anikbhowmick/Python/Big_Data_Assignment/A02/airflow_env/Data_storage/2024_data/72562194063.csv
[2024-03-08T08:03:08.052+0530] {subprocess.py:93} INFO -  extracting: /Users/anikbhowmick/Python/Big_Data_Assignment/A02/airflow_env/Data_storage/2024_data/68287099999.csv
[2024-03-08T08:03:08.063+0530] {subprocess.py:93} INFO -  extracting: /Users/anikbhowmick/Python/Big_Data_Assignment/A02/airflow_env/Data_storage/2024_data/02869099999.csv
[2024-03-08T08:03:08.067+0530] {subprocess.py:93} INFO -  extracting: /Users/anikbhowmick/Python/Big_Data_Assignment/A02/airflow_env/Data_storage/2024_data/03488099999.csv
[2024-03-08T08:03:08.068+0530] {subprocess.py:93} INFO -  extracting: /Users/anikbhowmick/Python/Big_Data_Assignment/A02/airflow_env/Data_storage/2024_data/33275099999.csv
[2024-03-08T08:03:08.071+0530] {subprocess.py:93} INFO -  extracting: /Users/anikbhowmick/Python/Big_Data_Assignment/A02/airflow_env/Data_storage/2024_data/93805099999.csv
[2024-03-08T08:03:08.072+0530] {subprocess.py:93} INFO -  extracting: /Users/anikbhowmick/Python/Big_Data_Assignment/A02/airflow_env/Data_storage/2024_data/41276099999.csv
[2024-03-08T08:03:08.078+0530] {subprocess.py:93} INFO -  extracting: /Users/anikbhowmick/Python/Big_Data_Assignment/A02/airflow_env/Data_storage/2024_data/02777099999.csv
[2024-03-08T08:03:08.079+0530] {subprocess.py:93} INFO -  extracting: /Users/anikbhowmick/Python/Big_Data_Assignment/A02/airflow_env/Data_storage/2024_data/48031099999.csv
[2024-03-08T08:03:08.082+0530] {subprocess.py:93} INFO -  extracting: /Users/anikbhowmick/Python/Big_Data_Assignment/A02/airflow_env/Data_storage/2024_data/06330099999.csv
[2024-03-08T08:03:08.085+0530] {subprocess.py:93} INFO -  extracting: /Users/anikbhowmick/Python/Big_Data_Assignment/A02/airflow_env/Data_storage/2024_data/47742099999.csv
[2024-03-08T08:03:08.087+0530] {subprocess.py:93} INFO -  extracting: /Users/anikbhowmick/Python/Big_Data_Assignment/A02/airflow_env/Data_storage/2024_data/32121099999.csv
[2024-03-08T08:03:08.087+0530] {subprocess.py:93} INFO -  extracting: /Users/anikbhowmick/Python/Big_Data_Assignment/A02/airflow_env/Data_storage/2024_data/48030099999.csv
[2024-03-08T08:03:08.091+0530] {subprocess.py:93} INFO -  extracting: /Users/anikbhowmick/Python/Big_Data_Assignment/A02/airflow_env/Data_storage/2024_data/86767099999.csv
[2024-03-08T08:03:08.092+0530] {subprocess.py:93} INFO -  extracting: /Users/anikbhowmick/Python/Big_Data_Assignment/A02/airflow_env/Data_storage/2024_data/84176099999.csv
[2024-03-08T08:03:08.092+0530] {subprocess.py:93} INFO -  extracting: /Users/anikbhowmick/Python/Big_Data_Assignment/A02/airflow_env/Data_storage/2024_data/78466099999.csv
[2024-03-08T08:03:08.093+0530] {subprocess.py:93} INFO -  extracting: /Users/anikbhowmick/Python/Big_Data_Assignment/A02/airflow_env/Data_storage/2024_data/71545099999.csv
[2024-03-08T08:03:08.130+0530] {subprocess.py:93} INFO -  extracting: /Users/anikbhowmick/Python/Big_Data_Assignment/A02/airflow_env/Data_storage/2024_data/99999926655.csv
[2024-03-08T08:03:08.133+0530] {subprocess.py:93} INFO -  extracting: /Users/anikbhowmick/Python/Big_Data_Assignment/A02/airflow_env/Data_storage/2024_data/94943099999.csv
[2024-03-08T08:03:08.138+0530] {subprocess.py:93} INFO -  extracting: /Users/anikbhowmick/Python/Big_Data_Assignment/A02/airflow_env/Data_storage/2024_data/91348199999.csv
[2024-03-08T08:03:08.139+0530] {subprocess.py:93} INFO -  extracting: /Users/anikbhowmick/Python/Big_Data_Assignment/A02/airflow_env/Data_storage/2024_data/51644099999.csv
[2024-03-08T08:03:08.147+0530] {subprocess.py:93} INFO -  extracting: /Users/anikbhowmick/Python/Big_Data_Assignment/A02/airflow_env/Data_storage/2024_data/72693024221.csv
[2024-03-08T08:03:08.153+0530] {subprocess.py:93} INFO -  extracting: /Users/anikbhowmick/Python/Big_Data_Assignment/A02/airflow_env/Data_storage/2024_data/71353099999.csv
[2024-03-08T08:03:08.153+0530] {subprocess.py:93} INFO -  extracting: /Users/anikbhowmick/Python/Big_Data_Assignment/A02/airflow_env/Data_storage/2024_data/99843699999.csv
[2024-03-08T08:03:08.154+0530] {subprocess.py:93} INFO -  extracting: /Users/anikbhowmick/Python/Big_Data_Assignment/A02/airflow_env/Data_storage/2024_data/41966099999.csv
[2024-03-08T08:03:08.166+0530] {subprocess.py:93} INFO -  extracting: /Users/anikbhowmick/Python/Big_Data_Assignment/A02/airflow_env/Data_storage/2024_data/72212203050.csv
[2024-03-08T08:03:08.169+0530] {subprocess.py:93} INFO -  extracting: /Users/anikbhowmick/Python/Big_Data_Assignment/A02/airflow_env/Data_storage/2024_data/12910099999.csv
[2024-03-08T08:03:08.170+0530] {subprocess.py:93} INFO -  extracting: /Users/anikbhowmick/Python/Big_Data_Assignment/A02/airflow_env/Data_storage/2024_data/29149099999.csv
[2024-03-08T08:03:08.173+0530] {subprocess.py:93} INFO -  extracting: /Users/anikbhowmick/Python/Big_Data_Assignment/A02/airflow_env/Data_storage/2024_data/91520099999.csv
[2024-03-08T08:03:08.176+0530] {subprocess.py:93} INFO -  extracting: /Users/anikbhowmick/Python/Big_Data_Assignment/A02/airflow_env/Data_storage/2024_data/47404099999.csv
[2024-03-08T08:03:08.184+0530] {subprocess.py:93} INFO -  extracting: /Users/anikbhowmick/Python/Big_Data_Assignment/A02/airflow_env/Data_storage/2024_data/87860099999.csv
[2024-03-08T08:03:08.195+0530] {subprocess.py:93} INFO -  extracting: /Users/anikbhowmick/Python/Big_Data_Assignment/A02/airflow_env/Data_storage/2024_data/72063100217.csv
[2024-03-08T08:03:08.196+0530] {subprocess.py:93} INFO -  extracting: /Users/anikbhowmick/Python/Big_Data_Assignment/A02/airflow_env/Data_storage/2024_data/30949099999.csv
[2024-03-08T08:03:08.198+0530] {subprocess.py:93} INFO -  extracting: /Users/anikbhowmick/Python/Big_Data_Assignment/A02/airflow_env/Data_storage/2024_data/38878099999.csv
[2024-03-08T08:03:08.201+0530] {subprocess.py:93} INFO -  extracting: /Users/anikbhowmick/Python/Big_Data_Assignment/A02/airflow_env/Data_storage/2024_data/93781099999.csv
[2024-03-08T08:03:08.207+0530] {subprocess.py:93} INFO -  extracting: /Users/anikbhowmick/Python/Big_Data_Assignment/A02/airflow_env/Data_storage/2024_data/71449099999.csv
[2024-03-08T08:03:08.216+0530] {subprocess.py:93} INFO -  extracting: /Users/anikbhowmick/Python/Big_Data_Assignment/A02/airflow_env/Data_storage/2024_data/48917099999.csv
[2024-03-08T08:03:08.228+0530] {subprocess.py:93} INFO -  extracting: /Users/anikbhowmick/Python/Big_Data_Assignment/A02/airflow_env/Data_storage/2024_data/72091100301.csv
[2024-03-08T08:03:08.229+0530] {subprocess.py:93} INFO -  extracting: /Users/anikbhowmick/Python/Big_Data_Assignment/A02/airflow_env/Data_storage/2024_data/38318099999.csv
[2024-03-08T08:03:08.229+0530] {subprocess.py:93} INFO -  extracting: /Users/anikbhowmick/Python/Big_Data_Assignment/A02/airflow_env/Data_storage/2024_data/88881099999.csv
[2024-03-08T08:03:08.229+0530] {subprocess.py:93} INFO -  extracting: /Users/anikbhowmick/Python/Big_Data_Assignment/A02/airflow_env/Data_storage/2024_data/94415099999.csv
[2024-03-08T08:03:08.233+0530] {subprocess.py:93} INFO -  extracting: /Users/anikbhowmick/Python/Big_Data_Assignment/A02/airflow_env/Data_storage/2024_data/99734999999.csv
[2024-03-08T08:03:08.234+0530] {subprocess.py:93} INFO -  extracting: /Users/anikbhowmick/Python/Big_Data_Assignment/A02/airflow_env/Data_storage/2024_data/48465099999.csv
[2024-03-08T08:03:08.236+0530] {subprocess.py:93} INFO -  extracting: /Users/anikbhowmick/Python/Big_Data_Assignment/A02/airflow_env/Data_storage/2024_data/58725099999.csv
[2024-03-08T08:03:08.241+0530] {subprocess.py:93} INFO -  extracting: /Users/anikbhowmick/Python/Big_Data_Assignment/A02/airflow_env/Data_storage/2024_data/72515594761.csv
[2024-03-08T08:03:08.245+0530] {subprocess.py:93} INFO -  extracting: /Users/anikbhowmick/Python/Big_Data_Assignment/A02/airflow_env/Data_storage/2024_data/06782099999.csv
[2024-03-08T08:03:08.248+0530] {subprocess.py:93} INFO -  extracting: /Users/anikbhowmick/Python/Big_Data_Assignment/A02/airflow_env/Data_storage/2024_data/86777099999.csv
[2024-03-08T08:03:08.255+0530] {subprocess.py:93} INFO -  extracting: /Users/anikbhowmick/Python/Big_Data_Assignment/A02/airflow_env/Data_storage/2024_data/06010099999.csv
[2024-03-08T08:03:08.257+0530] {subprocess.py:93} INFO -  extracting: /Users/anikbhowmick/Python/Big_Data_Assignment/A02/airflow_env/Data_storage/2024_data/36643099999.csv
[2024-03-08T08:03:08.257+0530] {subprocess.py:93} INFO -  extracting: /Users/anikbhowmick/Python/Big_Data_Assignment/A02/airflow_env/Data_storage/2024_data/01489099999.csv
[2024-03-08T08:03:08.261+0530] {subprocess.py:93} INFO -  extracting: /Users/anikbhowmick/Python/Big_Data_Assignment/A02/airflow_env/Data_storage/2024_data/01495099999.csv
[2024-03-08T08:03:08.265+0530] {subprocess.py:93} INFO -  extracting: /Users/anikbhowmick/Python/Big_Data_Assignment/A02/airflow_env/Data_storage/2024_data/71713099999.csv
[2024-03-08T08:03:08.269+0530] {subprocess.py:93} INFO -  extracting: /Users/anikbhowmick/Python/Big_Data_Assignment/A02/airflow_env/Data_storage/2024_data/06709099999.csv
[2024-03-08T08:03:08.272+0530] {subprocess.py:93} INFO -  extracting: /Users/anikbhowmick/Python/Big_Data_Assignment/A02/airflow_env/Data_storage/2024_data/15194099999.csv
[2024-03-08T08:03:08.273+0530] {subprocess.py:93} INFO -  extracting: /Users/anikbhowmick/Python/Big_Data_Assignment/A02/airflow_env/Data_storage/2024_data/53698099999.csv
[2024-03-08T08:03:08.274+0530] {subprocess.py:93} INFO -  extracting: /Users/anikbhowmick/Python/Big_Data_Assignment/A02/airflow_env/Data_storage/2024_data/23741099999.csv
[2024-03-08T08:03:08.278+0530] {subprocess.py:93} INFO -  extracting: /Users/anikbhowmick/Python/Big_Data_Assignment/A02/airflow_env/Data_storage/2024_data/87328099999.csv
[2024-03-08T08:03:08.279+0530] {subprocess.py:93} INFO -  extracting: /Users/anikbhowmick/Python/Big_Data_Assignment/A02/airflow_env/Data_storage/2024_data/62010099999.csv
[2024-03-08T08:03:08.282+0530] {subprocess.py:93} INFO -  extracting: /Users/anikbhowmick/Python/Big_Data_Assignment/A02/airflow_env/Data_storage/2024_data/86693099999.csv
[2024-03-08T08:03:08.283+0530] {subprocess.py:93} INFO -  extracting: /Users/anikbhowmick/Python/Big_Data_Assignment/A02/airflow_env/Data_storage/2024_data/25648099999.csv
[2024-03-08T08:03:08.284+0530] {subprocess.py:93} INFO -  extracting: /Users/anikbhowmick/Python/Big_Data_Assignment/A02/airflow_env/Data_storage/2024_data/91831099999.csv
[2024-03-08T08:03:08.285+0530] {subprocess.py:93} INFO -  extracting: /Users/anikbhowmick/Python/Big_Data_Assignment/A02/airflow_env/Data_storage/2024_data/71057099999.csv
[2024-03-08T08:03:08.292+0530] {subprocess.py:93} INFO -  extracting: /Users/anikbhowmick/Python/Big_Data_Assignment/A02/airflow_env/Data_storage/2024_data/03140399999.csv
[2024-03-08T08:03:08.301+0530] {subprocess.py:93} INFO -  extracting: /Users/anikbhowmick/Python/Big_Data_Assignment/A02/airflow_env/Data_storage/2024_data/47425099999.csv
[2024-03-08T08:03:08.303+0530] {subprocess.py:93} INFO -  extracting: /Users/anikbhowmick/Python/Big_Data_Assignment/A02/airflow_env/Data_storage/2024_data/65002099999.csv
[2024-03-08T08:03:08.303+0530] {subprocess.py:93} INFO -  extracting: /Users/anikbhowmick/Python/Big_Data_Assignment/A02/airflow_env/Data_storage/2024_data/67584099999.csv
[2024-03-08T08:03:08.310+0530] {subprocess.py:93} INFO -  extracting: /Users/anikbhowmick/Python/Big_Data_Assignment/A02/airflow_env/Data_storage/2024_data/72516594737.csv
[2024-03-08T08:03:08.318+0530] {subprocess.py:93} INFO -  extracting: /Users/anikbhowmick/Python/Big_Data_Assignment/A02/airflow_env/Data_storage/2024_data/72278199999.csv
[2024-03-08T08:03:08.328+0530] {subprocess.py:93} INFO -  extracting: /Users/anikbhowmick/Python/Big_Data_Assignment/A02/airflow_env/Data_storage/2024_data/94595599999.csv
[2024-03-08T08:03:08.347+0530] {subprocess.py:93} INFO -  extracting: /Users/anikbhowmick/Python/Big_Data_Assignment/A02/airflow_env/Data_storage/2024_data/06370099999.csv
[2024-03-08T08:03:08.357+0530] {subprocess.py:93} INFO -  extracting: /Users/anikbhowmick/Python/Big_Data_Assignment/A02/airflow_env/Data_storage/2024_data/72419003889.csv
[2024-03-08T08:03:08.363+0530] {subprocess.py:93} INFO -  extracting: /Users/anikbhowmick/Python/Big_Data_Assignment/A02/airflow_env/Data_storage/2024_data/96749599999.csv
[2024-03-08T08:03:08.372+0530] {subprocess.py:93} INFO -  extracting: /Users/anikbhowmick/Python/Big_Data_Assignment/A02/airflow_env/Data_storage/2024_data/48601099999.csv
[2024-03-08T08:03:08.377+0530] {subprocess.py:93} INFO -  extracting: /Users/anikbhowmick/Python/Big_Data_Assignment/A02/airflow_env/Data_storage/2024_data/16706099999.csv
[2024-03-08T08:03:08.390+0530] {subprocess.py:93} INFO -  extracting: /Users/anikbhowmick/Python/Big_Data_Assignment/A02/airflow_env/Data_storage/2024_data/06458099999.csv
[2024-03-08T08:03:08.390+0530] {subprocess.py:93} INFO -  extracting: /Users/anikbhowmick/Python/Big_Data_Assignment/A02/airflow_env/Data_storage/2024_data/48964099999.csv
[2024-03-08T08:03:08.391+0530] {subprocess.py:93} INFO -  extracting: /Users/anikbhowmick/Python/Big_Data_Assignment/A02/airflow_env/Data_storage/2024_data/71542099999.csv
[2024-03-08T08:03:08.391+0530] {subprocess.py:93} INFO -  extracting: /Users/anikbhowmick/Python/Big_Data_Assignment/A02/airflow_env/Data_storage/2024_data/82331099999.csv
[2024-03-08T08:03:08.392+0530] {subprocess.py:93} INFO -  extracting: /Users/anikbhowmick/Python/Big_Data_Assignment/A02/airflow_env/Data_storage/2024_data/37193099999.csv
[2024-03-08T08:03:08.393+0530] {subprocess.py:93} INFO -  extracting: /Users/anikbhowmick/Python/Big_Data_Assignment/A02/airflow_env/Data_storage/2024_data/40716099999.csv
[2024-03-08T08:03:08.432+0530] {subprocess.py:93} INFO -  extracting: /Users/anikbhowmick/Python/Big_Data_Assignment/A02/airflow_env/Data_storage/2024_data/99999963858.csv
[2024-03-08T08:03:08.444+0530] {subprocess.py:93} INFO -  extracting: /Users/anikbhowmick/Python/Big_Data_Assignment/A02/airflow_env/Data_storage/2024_data/72200454922.csv
[2024-03-08T08:03:08.445+0530] {subprocess.py:93} INFO -  extracting: /Users/anikbhowmick/Python/Big_Data_Assignment/A02/airflow_env/Data_storage/2024_data/97300099999.csv
[2024-03-08T08:03:08.448+0530] {subprocess.py:93} INFO -  extracting: /Users/anikbhowmick/Python/Big_Data_Assignment/A02/airflow_env/Data_storage/2024_data/71505099999.csv
[2024-03-08T08:03:08.455+0530] {subprocess.py:93} INFO -  extracting: /Users/anikbhowmick/Python/Big_Data_Assignment/A02/airflow_env/Data_storage/2024_data/65503099999.csv
[2024-03-08T08:03:08.459+0530] {subprocess.py:93} INFO -  extracting: /Users/anikbhowmick/Python/Big_Data_Assignment/A02/airflow_env/Data_storage/2024_data/03351099999.csv
[2024-03-08T08:03:08.460+0530] {subprocess.py:93} INFO -  extracting: /Users/anikbhowmick/Python/Big_Data_Assignment/A02/airflow_env/Data_storage/2024_data/22456099999.csv
[2024-03-08T08:03:08.471+0530] {subprocess.py:93} INFO -  extracting: /Users/anikbhowmick/Python/Big_Data_Assignment/A02/airflow_env/Data_storage/2024_data/72518699999.csv
[2024-03-08T08:03:08.471+0530] {subprocess.py:93} INFO -  extracting: /Users/anikbhowmick/Python/Big_Data_Assignment/A02/airflow_env/Data_storage/2024_data/07019099999.csv
[2024-03-08T08:03:08.476+0530] {subprocess.py:93} INFO -  extracting: /Users/anikbhowmick/Python/Big_Data_Assignment/A02/airflow_env/Data_storage/2024_data/59134099999.csv
[2024-03-08T08:03:08.483+0530] {subprocess.py:93} INFO -  extracting: /Users/anikbhowmick/Python/Big_Data_Assignment/A02/airflow_env/Data_storage/2024_data/16259299999.csv
[2024-03-08T08:03:08.485+0530] {subprocess.py:93} INFO -  extracting: /Users/anikbhowmick/Python/Big_Data_Assignment/A02/airflow_env/Data_storage/2024_data/64512099999.csv
[2024-03-08T08:03:08.486+0530] {subprocess.py:93} INFO -  extracting: /Users/anikbhowmick/Python/Big_Data_Assignment/A02/airflow_env/Data_storage/2024_data/34344099999.csv
[2024-03-08T08:03:08.488+0530] {subprocess.py:93} INFO -  extracting: /Users/anikbhowmick/Python/Big_Data_Assignment/A02/airflow_env/Data_storage/2024_data/22996099999.csv
[2024-03-08T08:03:08.489+0530] {subprocess.py:93} INFO -  extracting: /Users/anikbhowmick/Python/Big_Data_Assignment/A02/airflow_env/Data_storage/2024_data/76656099999.csv
[2024-03-08T08:03:08.492+0530] {subprocess.py:93} INFO -  extracting: /Users/anikbhowmick/Python/Big_Data_Assignment/A02/airflow_env/Data_storage/2024_data/02710099999.csv
[2024-03-08T08:03:08.499+0530] {subprocess.py:93} INFO -  extracting: /Users/anikbhowmick/Python/Big_Data_Assignment/A02/airflow_env/Data_storage/2024_data/78958000409.csv
[2024-03-08T08:03:08.510+0530] {subprocess.py:93} INFO -  extracting: /Users/anikbhowmick/Python/Big_Data_Assignment/A02/airflow_env/Data_storage/2024_data/68816099999.csv
[2024-03-08T08:03:08.516+0530] {subprocess.py:93} INFO -  extracting: /Users/anikbhowmick/Python/Big_Data_Assignment/A02/airflow_env/Data_storage/2024_data/96481099999.csv
[2024-03-08T08:03:08.520+0530] {subprocess.py:93} INFO -  extracting: /Users/anikbhowmick/Python/Big_Data_Assignment/A02/airflow_env/Data_storage/2024_data/47636099999.csv
[2024-03-08T08:03:08.525+0530] {subprocess.py:93} INFO -  extracting: /Users/anikbhowmick/Python/Big_Data_Assignment/A02/airflow_env/Data_storage/2024_data/71749399999.csv
[2024-03-08T08:03:08.526+0530] {subprocess.py:93} INFO -  extracting: /Users/anikbhowmick/Python/Big_Data_Assignment/A02/airflow_env/Data_storage/2024_data/36038099999.csv
[2024-03-08T08:03:08.538+0530] {subprocess.py:93} INFO -  extracting: /Users/anikbhowmick/Python/Big_Data_Assignment/A02/airflow_env/Data_storage/2024_data/72529400383.csv
[2024-03-08T08:03:08.544+0530] {subprocess.py:93} INFO -  extracting: /Users/anikbhowmick/Python/Big_Data_Assignment/A02/airflow_env/Data_storage/2024_data/72410613728.csv
[2024-03-08T08:03:08.546+0530] {subprocess.py:93} INFO -  extracting: /Users/anikbhowmick/Python/Big_Data_Assignment/A02/airflow_env/Data_storage/2024_data/65467099999.csv
[2024-03-08T08:03:08.550+0530] {subprocess.py:93} INFO -  extracting: /Users/anikbhowmick/Python/Big_Data_Assignment/A02/airflow_env/Data_storage/2024_data/02876099999.csv
[2024-03-08T08:03:08.558+0530] {subprocess.py:93} INFO -  extracting: /Users/anikbhowmick/Python/Big_Data_Assignment/A02/airflow_env/Data_storage/2024_data/17038099999.csv
[2024-03-08T08:03:08.560+0530] {subprocess.py:93} INFO -  extracting: /Users/anikbhowmick/Python/Big_Data_Assignment/A02/airflow_env/Data_storage/2024_data/59278099999.csv
[2024-03-08T08:03:08.573+0530] {subprocess.py:93} INFO -  extracting: /Users/anikbhowmick/Python/Big_Data_Assignment/A02/airflow_env/Data_storage/2024_data/15420099999.csv
[2024-03-08T08:03:08.575+0530] {subprocess.py:93} INFO -  extracting: /Users/anikbhowmick/Python/Big_Data_Assignment/A02/airflow_env/Data_storage/2024_data/37492099999.csv
[2024-03-08T08:03:08.583+0530] {subprocess.py:93} INFO -  extracting: /Users/anikbhowmick/Python/Big_Data_Assignment/A02/airflow_env/Data_storage/2024_data/60769099999.csv
[2024-03-08T08:03:08.591+0530] {subprocess.py:93} INFO -  extracting: /Users/anikbhowmick/Python/Big_Data_Assignment/A02/airflow_env/Data_storage/2024_data/10852099999.csv
[2024-03-08T08:03:08.597+0530] {subprocess.py:93} INFO -  extracting: /Users/anikbhowmick/Python/Big_Data_Assignment/A02/airflow_env/Data_storage/2024_data/72616354770.csv
[2024-03-08T08:03:08.603+0530] {subprocess.py:93} INFO -  extracting: /Users/anikbhowmick/Python/Big_Data_Assignment/A02/airflow_env/Data_storage/2024_data/72319453872.csv
[2024-03-08T08:03:08.608+0530] {subprocess.py:93} INFO -  extracting: /Users/anikbhowmick/Python/Big_Data_Assignment/A02/airflow_env/Data_storage/2024_data/70388425376.csv
[2024-03-08T08:03:08.612+0530] {subprocess.py:93} INFO -  extracting: /Users/anikbhowmick/Python/Big_Data_Assignment/A02/airflow_env/Data_storage/2024_data/03044099999.csv
[2024-03-08T08:03:08.616+0530] {subprocess.py:93} INFO -  extracting: /Users/anikbhowmick/Python/Big_Data_Assignment/A02/airflow_env/Data_storage/2024_data/08226099999.csv
[2024-03-08T08:03:08.616+0530] {subprocess.py:93} INFO -  extracting: /Users/anikbhowmick/Python/Big_Data_Assignment/A02/airflow_env/Data_storage/2024_data/60379099999.csv
[2024-03-08T08:03:08.617+0530] {subprocess.py:93} INFO -  extracting: /Users/anikbhowmick/Python/Big_Data_Assignment/A02/airflow_env/Data_storage/2024_data/31683099999.csv
[2024-03-08T08:03:08.617+0530] {subprocess.py:93} INFO -  extracting: /Users/anikbhowmick/Python/Big_Data_Assignment/A02/airflow_env/Data_storage/2024_data/64851499999.csv
[2024-03-08T08:03:08.619+0530] {subprocess.py:93} INFO -  extracting: /Users/anikbhowmick/Python/Big_Data_Assignment/A02/airflow_env/Data_storage/2024_data/68497099999.csv
[2024-03-08T08:03:08.626+0530] {subprocess.py:93} INFO -  extracting: /Users/anikbhowmick/Python/Big_Data_Assignment/A02/airflow_env/Data_storage/2024_data/72512854739.csv
[2024-03-08T08:03:08.637+0530] {subprocess.py:93} INFO -  extracting: /Users/anikbhowmick/Python/Big_Data_Assignment/A02/airflow_env/Data_storage/2024_data/72547804920.csv
[2024-03-08T08:03:08.675+0530] {subprocess.py:93} INFO -  extracting: /Users/anikbhowmick/Python/Big_Data_Assignment/A02/airflow_env/Data_storage/2024_data/99999904125.csv
[2024-03-08T08:03:08.687+0530] {subprocess.py:93} INFO -  extracting: /Users/anikbhowmick/Python/Big_Data_Assignment/A02/airflow_env/Data_storage/2024_data/72314863859.csv
[2024-03-08T08:03:08.687+0530] {subprocess.py:93} INFO -  extracting: /Users/anikbhowmick/Python/Big_Data_Assignment/A02/airflow_env/Data_storage/2024_data/67073099999.csv
[2024-03-08T08:03:08.687+0530] {subprocess.py:93} INFO -  extracting: /Users/anikbhowmick/Python/Big_Data_Assignment/A02/airflow_env/Data_storage/2024_data/67971099999.csv
[2024-03-08T08:03:08.688+0530] {subprocess.py:93} INFO -  extracting: /Users/anikbhowmick/Python/Big_Data_Assignment/A02/airflow_env/Data_storage/2024_data/64463099999.csv
[2024-03-08T08:03:08.694+0530] {subprocess.py:93} INFO -  extracting: /Users/anikbhowmick/Python/Big_Data_Assignment/A02/airflow_env/Data_storage/2024_data/70262699999.csv
[2024-03-08T08:03:08.695+0530] {subprocess.py:93} INFO -  extracting: /Users/anikbhowmick/Python/Big_Data_Assignment/A02/airflow_env/Data_storage/2024_data/94663099999.csv
[2024-03-08T08:03:08.695+0530] {subprocess.py:93} INFO -  extracting: /Users/anikbhowmick/Python/Big_Data_Assignment/A02/airflow_env/Data_storage/2024_data/42506099999.csv
[2024-03-08T08:03:08.695+0530] {subprocess.py:93} INFO -  extracting: /Users/anikbhowmick/Python/Big_Data_Assignment/A02/airflow_env/Data_storage/2024_data/67287199999.csv
[2024-03-08T08:03:08.732+0530] {subprocess.py:93} INFO -  extracting: /Users/anikbhowmick/Python/Big_Data_Assignment/A02/airflow_env/Data_storage/2024_data/99999953151.csv
[2024-03-08T08:03:08.733+0530] {subprocess.py:93} INFO -  extracting: /Users/anikbhowmick/Python/Big_Data_Assignment/A02/airflow_env/Data_storage/2024_data/27066099999.csv
[2024-03-08T08:03:08.737+0530] {subprocess.py:93} INFO -  extracting: /Users/anikbhowmick/Python/Big_Data_Assignment/A02/airflow_env/Data_storage/2024_data/94336099999.csv
[2024-03-08T08:03:08.740+0530] {subprocess.py:93} INFO -  extracting: /Users/anikbhowmick/Python/Big_Data_Assignment/A02/airflow_env/Data_storage/2024_data/71851599999.csv
[2024-03-08T08:03:08.741+0530] {subprocess.py:93} INFO -  extracting: /Users/anikbhowmick/Python/Big_Data_Assignment/A02/airflow_env/Data_storage/2024_data/23256099999.csv
[2024-03-08T08:03:08.742+0530] {subprocess.py:93} INFO -  extracting: /Users/anikbhowmick/Python/Big_Data_Assignment/A02/airflow_env/Data_storage/2024_data/48916099999.csv
[2024-03-08T08:03:08.748+0530] {subprocess.py:93} INFO -  extracting: /Users/anikbhowmick/Python/Big_Data_Assignment/A02/airflow_env/Data_storage/2024_data/72451523064.csv
[2024-03-08T08:03:08.748+0530] {subprocess.py:93} INFO -  extracting: /Users/anikbhowmick/Python/Big_Data_Assignment/A02/airflow_env/Data_storage/2024_data/67580099999.csv
[2024-03-08T08:03:08.749+0530] {subprocess.py:93} INFO -  extracting: /Users/anikbhowmick/Python/Big_Data_Assignment/A02/airflow_env/Data_storage/2024_data/83368099999.csv
[2024-03-08T08:03:08.755+0530] {subprocess.py:93} INFO -  extracting: /Users/anikbhowmick/Python/Big_Data_Assignment/A02/airflow_env/Data_storage/2024_data/70030027503.csv
[2024-03-08T08:03:08.767+0530] {subprocess.py:93} INFO -  extracting: /Users/anikbhowmick/Python/Big_Data_Assignment/A02/airflow_env/Data_storage/2024_data/07150099999.csv
[2024-03-08T08:03:08.768+0530] {subprocess.py:93} INFO -  extracting: /Users/anikbhowmick/Python/Big_Data_Assignment/A02/airflow_env/Data_storage/2024_data/38462099999.csv
[2024-03-08T08:03:08.777+0530] {subprocess.py:93} INFO -  extracting: /Users/anikbhowmick/Python/Big_Data_Assignment/A02/airflow_env/Data_storage/2024_data/72026153976.csv
[2024-03-08T08:03:08.782+0530] {subprocess.py:93} INFO -  extracting: /Users/anikbhowmick/Python/Big_Data_Assignment/A02/airflow_env/Data_storage/2024_data/72464523070.csv
[2024-03-08T08:03:08.783+0530] {subprocess.py:93} INFO -  extracting: /Users/anikbhowmick/Python/Big_Data_Assignment/A02/airflow_env/Data_storage/2024_data/47122399999.csv
[2024-03-08T08:03:08.784+0530] {subprocess.py:93} INFO -  extracting: /Users/anikbhowmick/Python/Big_Data_Assignment/A02/airflow_env/Data_storage/2024_data/34262099999.csv
[2024-03-08T08:03:08.789+0530] {subprocess.py:93} INFO -  extracting: /Users/anikbhowmick/Python/Big_Data_Assignment/A02/airflow_env/Data_storage/2024_data/94127099999.csv
[2024-03-08T08:03:08.790+0530] {subprocess.py:93} INFO -  extracting: /Users/anikbhowmick/Python/Big_Data_Assignment/A02/airflow_env/Data_storage/2024_data/43233099999.csv
[2024-03-08T08:03:08.790+0530] {subprocess.py:93} INFO -  extracting: /Users/anikbhowmick/Python/Big_Data_Assignment/A02/airflow_env/Data_storage/2024_data/42661099999.csv
[2024-03-08T08:03:08.790+0530] {subprocess.py:93} INFO -  extracting: /Users/anikbhowmick/Python/Big_Data_Assignment/A02/airflow_env/Data_storage/2024_data/31561099999.csv
[2024-03-08T08:03:08.796+0530] {subprocess.py:93} INFO -  extracting: /Users/anikbhowmick/Python/Big_Data_Assignment/A02/airflow_env/Data_storage/2024_data/72570594030.csv
[2024-03-08T08:03:08.801+0530] {subprocess.py:93} INFO -  extracting: /Users/anikbhowmick/Python/Big_Data_Assignment/A02/airflow_env/Data_storage/2024_data/41136099999.csv
[2024-03-08T08:03:08.802+0530] {subprocess.py:93} INFO -  extracting: /Users/anikbhowmick/Python/Big_Data_Assignment/A02/airflow_env/Data_storage/2024_data/15525799999.csv
[2024-03-08T08:03:08.803+0530] {subprocess.py:93} INFO -  extracting: /Users/anikbhowmick/Python/Big_Data_Assignment/A02/airflow_env/Data_storage/2024_data/50353099999.csv
[2024-03-08T08:03:08.808+0530] {subprocess.py:93} INFO -  extracting: /Users/anikbhowmick/Python/Big_Data_Assignment/A02/airflow_env/Data_storage/2024_data/71356099999.csv
[2024-03-08T08:03:08.816+0530] {subprocess.py:93} INFO -  extracting: /Users/anikbhowmick/Python/Big_Data_Assignment/A02/airflow_env/Data_storage/2024_data/72525014852.csv
[2024-03-08T08:03:08.817+0530] {subprocess.py:93} INFO -  extracting: /Users/anikbhowmick/Python/Big_Data_Assignment/A02/airflow_env/Data_storage/2024_data/41965099999.csv
[2024-03-08T08:03:08.820+0530] {subprocess.py:93} INFO -  extracting: /Users/anikbhowmick/Python/Big_Data_Assignment/A02/airflow_env/Data_storage/2024_data/94588099999.csv
[2024-03-08T08:03:08.823+0530] {subprocess.py:93} INFO -  extracting: /Users/anikbhowmick/Python/Big_Data_Assignment/A02/airflow_env/Data_storage/2024_data/40835199999.csv
[2024-03-08T08:03:08.824+0530] {subprocess.py:93} INFO -  extracting: /Users/anikbhowmick/Python/Big_Data_Assignment/A02/airflow_env/Data_storage/2024_data/30975099999.csv
[2024-03-08T08:03:08.826+0530] {subprocess.py:93} INFO -  extracting: /Users/anikbhowmick/Python/Big_Data_Assignment/A02/airflow_env/Data_storage/2024_data/86268099999.csv
[2024-03-08T08:03:08.830+0530] {subprocess.py:93} INFO -  extracting: /Users/anikbhowmick/Python/Big_Data_Assignment/A02/airflow_env/Data_storage/2024_data/10837099999.csv
[2024-03-08T08:03:08.839+0530] {subprocess.py:93} INFO -  extracting: /Users/anikbhowmick/Python/Big_Data_Assignment/A02/airflow_env/Data_storage/2024_data/72539014836.csv
[2024-03-08T08:03:08.850+0530] {subprocess.py:93} INFO -  extracting: /Users/anikbhowmick/Python/Big_Data_Assignment/A02/airflow_env/Data_storage/2024_data/72210103039.csv
[2024-03-08T08:03:08.862+0530] {subprocess.py:93} INFO -  extracting: /Users/anikbhowmick/Python/Big_Data_Assignment/A02/airflow_env/Data_storage/2024_data/27515599999.csv
[2024-03-08T08:03:08.863+0530] {subprocess.py:93} INFO -  extracting: /Users/anikbhowmick/Python/Big_Data_Assignment/A02/airflow_env/Data_storage/2024_data/34199099999.csv
[2024-03-08T08:03:08.864+0530] {subprocess.py:93} INFO -  extracting: /Users/anikbhowmick/Python/Big_Data_Assignment/A02/airflow_env/Data_storage/2024_data/64605099999.csv
[2024-03-08T08:03:08.865+0530] {subprocess.py:93} INFO -  extracting: /Users/anikbhowmick/Python/Big_Data_Assignment/A02/airflow_env/Data_storage/2024_data/33261099999.csv
[2024-03-08T08:03:08.873+0530] {subprocess.py:93} INFO -  extracting: /Users/anikbhowmick/Python/Big_Data_Assignment/A02/airflow_env/Data_storage/2024_data/15625099999.csv
[2024-03-08T08:03:08.881+0530] {subprocess.py:93} INFO -  extracting: /Users/anikbhowmick/Python/Big_Data_Assignment/A02/airflow_env/Data_storage/2024_data/78439099999.csv
[2024-03-08T08:03:08.882+0530] {subprocess.py:93} INFO -  extracting: /Users/anikbhowmick/Python/Big_Data_Assignment/A02/airflow_env/Data_storage/2024_data/41764099999.csv
[2024-03-08T08:03:08.894+0530] {subprocess.py:93} INFO -  extracting: /Users/anikbhowmick/Python/Big_Data_Assignment/A02/airflow_env/Data_storage/2024_data/72220804224.csv
[2024-03-08T08:03:08.900+0530] {subprocess.py:93} INFO -  extracting: /Users/anikbhowmick/Python/Big_Data_Assignment/A02/airflow_env/Data_storage/2024_data/72211612873.csv
[2024-03-08T08:03:08.902+0530] {subprocess.py:93} INFO -  extracting: /Users/anikbhowmick/Python/Big_Data_Assignment/A02/airflow_env/Data_storage/2024_data/29348099999.csv
[2024-03-08T08:03:08.913+0530] {subprocess.py:93} INFO -  extracting: /Users/anikbhowmick/Python/Big_Data_Assignment/A02/airflow_env/Data_storage/2024_data/11120099999.csv
[2024-03-08T08:03:08.920+0530] {subprocess.py:93} INFO -  extracting: /Users/anikbhowmick/Python/Big_Data_Assignment/A02/airflow_env/Data_storage/2024_data/08014299999.csv
[2024-03-08T08:03:08.929+0530] {subprocess.py:93} INFO -  extracting: /Users/anikbhowmick/Python/Big_Data_Assignment/A02/airflow_env/Data_storage/2024_data/16179099999.csv
[2024-03-08T08:03:08.938+0530] {subprocess.py:93} INFO -  extracting: /Users/anikbhowmick/Python/Big_Data_Assignment/A02/airflow_env/Data_storage/2024_data/94895599999.csv
[2024-03-08T08:03:08.941+0530] {subprocess.py:93} INFO -  extracting: /Users/anikbhowmick/Python/Big_Data_Assignment/A02/airflow_env/Data_storage/2024_data/11001099999.csv
[2024-03-08T08:03:08.943+0530] {subprocess.py:93} INFO -  extracting: /Users/anikbhowmick/Python/Big_Data_Assignment/A02/airflow_env/Data_storage/2024_data/58730099999.csv
[2024-03-08T08:03:08.959+0530] {subprocess.py:93} INFO -  extracting: /Users/anikbhowmick/Python/Big_Data_Assignment/A02/airflow_env/Data_storage/2024_data/72214504884.csv
[2024-03-08T08:03:08.959+0530] {subprocess.py:93} INFO -  extracting: /Users/anikbhowmick/Python/Big_Data_Assignment/A02/airflow_env/Data_storage/2024_data/71160099999.csv
[2024-03-08T08:03:08.966+0530] {subprocess.py:93} INFO -  extracting: /Users/anikbhowmick/Python/Big_Data_Assignment/A02/airflow_env/Data_storage/2024_data/02464099999.csv
[2024-03-08T08:03:08.977+0530] {subprocess.py:93} INFO -  extracting: /Users/anikbhowmick/Python/Big_Data_Assignment/A02/airflow_env/Data_storage/2024_data/72057600174.csv
[2024-03-08T08:03:08.978+0530] {subprocess.py:93} INFO -  extracting: /Users/anikbhowmick/Python/Big_Data_Assignment/A02/airflow_env/Data_storage/2024_data/26313099999.csv
[2024-03-08T08:03:08.978+0530] {subprocess.py:93} INFO -  extracting: /Users/anikbhowmick/Python/Big_Data_Assignment/A02/airflow_env/Data_storage/2024_data/02635099999.csv
[2024-03-08T08:03:08.979+0530] {subprocess.py:93} INFO -  extracting: /Users/anikbhowmick/Python/Big_Data_Assignment/A02/airflow_env/Data_storage/2024_data/67751099999.csv
[2024-03-08T08:03:08.980+0530] {subprocess.py:93} INFO -  extracting: /Users/anikbhowmick/Python/Big_Data_Assignment/A02/airflow_env/Data_storage/2024_data/61986099999.csv
[2024-03-08T08:03:08.981+0530] {subprocess.py:93} INFO -  extracting: /Users/anikbhowmick/Python/Big_Data_Assignment/A02/airflow_env/Data_storage/2024_data/57426099999.csv
[2024-03-08T08:03:08.981+0530] {subprocess.py:93} INFO -  extracting: /Users/anikbhowmick/Python/Big_Data_Assignment/A02/airflow_env/Data_storage/2024_data/84105099999.csv
[2024-03-08T08:03:08.986+0530] {subprocess.py:93} INFO -  extracting: /Users/anikbhowmick/Python/Big_Data_Assignment/A02/airflow_env/Data_storage/2024_data/71644099999.csv
[2024-03-08T08:03:08.987+0530] {subprocess.py:93} INFO -  extracting: /Users/anikbhowmick/Python/Big_Data_Assignment/A02/airflow_env/Data_storage/2024_data/26477099999.csv
[2024-03-08T08:03:08.992+0530] {subprocess.py:93} INFO -  extracting: /Users/anikbhowmick/Python/Big_Data_Assignment/A02/airflow_env/Data_storage/2024_data/16726399999.csv
[2024-03-08T08:03:08.992+0530] {subprocess.py:97} INFO - Command exited with return code 0
[2024-03-08T08:03:09.000+0530] {taskinstance.py:1149} INFO - Marking task as SUCCESS. dag_id=weather_data_pipeline, task_id=unzip_archive, execution_date=20240307T003300, start_date=20240308T023306, end_date=20240308T023309
[2024-03-08T08:03:09.031+0530] {local_task_job_runner.py:234} INFO - Task exited with return code 0
[2024-03-08T08:03:09.041+0530] {taskinstance.py:3309} INFO - 1 downstream tasks scheduled from follow-on schedule check
