[2024-03-03T02:03:20.707+0530] {taskinstance.py:1979} INFO - Dependencies all met for dep_context=non-requeueable deps ti=<TaskInstance: weather_data_pipeline.extract_and_filter_data manual__2024-03-02T19:24:10.303999+00:00 [queued]>
[2024-03-03T02:03:20.710+0530] {taskinstance.py:1979} INFO - Dependencies all met for dep_context=requeueable deps ti=<TaskInstance: weather_data_pipeline.extract_and_filter_data manual__2024-03-02T19:24:10.303999+00:00 [queued]>
[2024-03-03T02:03:20.710+0530] {taskinstance.py:2193} INFO - Starting attempt 14 of 15
[2024-03-03T02:03:20.713+0530] {taskinstance.py:2214} INFO - Executing <Task(PythonOperator): extract_and_filter_data> on 2024-03-02 19:24:10.303999+00:00
[2024-03-03T02:03:20.717+0530] {standard_task_runner.py:60} INFO - Started process 33694 to run task
[2024-03-03T02:03:20.719+0530] {standard_task_runner.py:87} INFO - Running: ['airflow', 'tasks', 'run', 'weather_data_pipeline', 'extract_and_filter_data', 'manual__2024-03-02T19:24:10.303999+00:00', '--job-id', '371', '--raw', '--subdir', 'DAGS_FOLDER/Data_analysis.py', '--cfg-path', '/var/folders/th/tnjyp6yd1cj78nysn5t4jl6h0000gn/T/tmpkul3nnx1']
[2024-03-03T02:03:20.720+0530] {standard_task_runner.py:88} INFO - Job 371: Subtask extract_and_filter_data
[2024-03-03T02:03:20.748+0530] {task_command.py:423} INFO - Running <TaskInstance: weather_data_pipeline.extract_and_filter_data manual__2024-03-02T19:24:10.303999+00:00 [running]> on host aniks-macbook-air.local
[2024-03-03T02:03:20.764+0530] {taskinstance.py:2510} INFO - Exporting env vars: AIRFLOW_CTX_DAG_OWNER='airflow' AIRFLOW_CTX_DAG_ID='weather_data_pipeline' AIRFLOW_CTX_TASK_ID='extract_and_filter_data' AIRFLOW_CTX_EXECUTION_DATE='2024-03-02T19:24:10.303999+00:00' AIRFLOW_CTX_TRY_NUMBER='14' AIRFLOW_CTX_DAG_RUN_ID='manual__2024-03-02T19:24:10.303999+00:00'
[2024-03-03T02:03:20.765+0530] {pipeline.py:196} INFO - Missing pipeline option (runner). Executing pipeline using the default runner: DirectRunner.
[2024-03-03T02:03:20.854+0530] {translations.py:712} INFO - ==================== <function annotate_downstream_side_inputs at 0x16b3227a0> ====================
[2024-03-03T02:03:20.854+0530] {translations.py:712} INFO - ==================== <function fix_side_input_pcoll_coders at 0x16b3228e0> ====================
[2024-03-03T02:03:20.855+0530] {translations.py:712} INFO - ==================== <function pack_combiners at 0x16b322e80> ====================
[2024-03-03T02:03:20.855+0530] {translations.py:712} INFO - ==================== <function lift_combiners at 0x16b322f20> ====================
[2024-03-03T02:03:20.855+0530] {translations.py:712} INFO - ==================== <function expand_sdf at 0x16b323100> ====================
[2024-03-03T02:03:20.855+0530] {translations.py:712} INFO - ==================== <function expand_gbk at 0x16b3231a0> ====================
[2024-03-03T02:03:20.855+0530] {translations.py:712} INFO - ==================== <function sink_flattens at 0x16b3232e0> ====================
[2024-03-03T02:03:20.855+0530] {translations.py:712} INFO - ==================== <function greedily_fuse at 0x16b323380> ====================
[2024-03-03T02:03:20.855+0530] {translations.py:712} INFO - ==================== <function read_to_impulse at 0x16b323420> ====================
[2024-03-03T02:03:20.856+0530] {translations.py:712} INFO - ==================== <function impulse_to_input at 0x16b3234c0> ====================
[2024-03-03T02:03:20.856+0530] {translations.py:712} INFO - ==================== <function sort_stages at 0x16b323740> ====================
[2024-03-03T02:03:20.856+0530] {translations.py:712} INFO - ==================== <function add_impulse_to_dangling_transforms at 0x16b323880> ====================
[2024-03-03T02:03:20.856+0530] {translations.py:712} INFO - ==================== <function setup_timer_mapping at 0x16b3236a0> ====================
[2024-03-03T02:03:20.856+0530] {translations.py:712} INFO - ==================== <function populate_data_channel_coders at 0x16b3237e0> ====================
[2024-03-03T02:03:20.857+0530] {statecache.py:234} INFO - Creating state cache with size 104857600
[2024-03-03T02:03:20.857+0530] {worker_handlers.py:922} INFO - Created Worker handler <apache_beam.runners.portability.fn_api_runner.worker_handlers.EmbeddedWorkerHandler object at 0x16c87e650> for environment ref_Environment_default_environment_1 (beam:env:embedded_python:v1, b'')
[2024-03-03T02:03:21.175+0530] {python.py:202} INFO - Done. Returned value was: b'\x80\x04\x95:\x00\x00\x00\x00\x00\x00\x00\x8c\x12apache_beam.pvalue\x94\x8c\x1c_InvalidUnpickledPCollection\x94\x93\x94)R\x94.'
[2024-03-03T02:03:21.180+0530] {taskinstance.py:1149} INFO - Marking task as SUCCESS. dag_id=weather_data_pipeline, task_id=extract_and_filter_data, execution_date=20240302T192410, start_date=20240302T203320, end_date=20240302T203321
[2024-03-03T02:03:21.223+0530] {local_task_job_runner.py:234} INFO - Task exited with return code 0
[2024-03-03T02:03:21.230+0530] {taskinstance.py:3309} INFO - 1 downstream tasks scheduled from follow-on schedule check
