[2024-03-03T01:46:03.260+0530] {taskinstance.py:1979} INFO - Dependencies all met for dep_context=non-requeueable deps ti=<TaskInstance: weather_data_pipeline.extract_and_filter_data manual__2024-03-02T19:24:10.303999+00:00 [queued]>
[2024-03-03T01:46:03.262+0530] {taskinstance.py:1979} INFO - Dependencies all met for dep_context=requeueable deps ti=<TaskInstance: weather_data_pipeline.extract_and_filter_data manual__2024-03-02T19:24:10.303999+00:00 [queued]>
[2024-03-03T01:46:03.262+0530] {taskinstance.py:2193} INFO - Starting attempt 11 of 12
[2024-03-03T01:46:03.265+0530] {taskinstance.py:2214} INFO - Executing <Task(PythonOperator): extract_and_filter_data> on 2024-03-02 19:24:10.303999+00:00
[2024-03-03T01:46:03.269+0530] {standard_task_runner.py:60} INFO - Started process 32774 to run task
[2024-03-03T01:46:03.271+0530] {standard_task_runner.py:87} INFO - Running: ['airflow', 'tasks', 'run', 'weather_data_pipeline', 'extract_and_filter_data', 'manual__2024-03-02T19:24:10.303999+00:00', '--job-id', '354', '--raw', '--subdir', 'DAGS_FOLDER/Data_analysis.py', '--cfg-path', '/var/folders/th/tnjyp6yd1cj78nysn5t4jl6h0000gn/T/tmp7o0a4v3s']
[2024-03-03T01:46:03.272+0530] {standard_task_runner.py:88} INFO - Job 354: Subtask extract_and_filter_data
[2024-03-03T01:46:03.296+0530] {task_command.py:423} INFO - Running <TaskInstance: weather_data_pipeline.extract_and_filter_data manual__2024-03-02T19:24:10.303999+00:00 [running]> on host aniks-macbook-air.local
[2024-03-03T01:46:03.312+0530] {taskinstance.py:2510} INFO - Exporting env vars: AIRFLOW_CTX_DAG_OWNER='airflow' AIRFLOW_CTX_DAG_ID='weather_data_pipeline' AIRFLOW_CTX_TASK_ID='extract_and_filter_data' AIRFLOW_CTX_EXECUTION_DATE='2024-03-02T19:24:10.303999+00:00' AIRFLOW_CTX_TRY_NUMBER='11' AIRFLOW_CTX_DAG_RUN_ID='manual__2024-03-02T19:24:10.303999+00:00'
[2024-03-03T01:46:03.314+0530] {pipeline.py:196} INFO - Missing pipeline option (runner). Executing pipeline using the default runner: DirectRunner.
[2024-03-03T01:46:03.401+0530] {translations.py:712} INFO - ==================== <function annotate_downstream_side_inputs at 0x137a8e7a0> ====================
[2024-03-03T01:46:03.401+0530] {translations.py:712} INFO - ==================== <function fix_side_input_pcoll_coders at 0x137a8e8e0> ====================
[2024-03-03T01:46:03.401+0530] {translations.py:712} INFO - ==================== <function pack_combiners at 0x137a8ee80> ====================
[2024-03-03T01:46:03.401+0530] {translations.py:712} INFO - ==================== <function lift_combiners at 0x137a8ef20> ====================
[2024-03-03T01:46:03.401+0530] {translations.py:712} INFO - ==================== <function expand_sdf at 0x137a8f100> ====================
[2024-03-03T01:46:03.401+0530] {translations.py:712} INFO - ==================== <function expand_gbk at 0x137a8f1a0> ====================
[2024-03-03T01:46:03.402+0530] {translations.py:712} INFO - ==================== <function sink_flattens at 0x137a8f2e0> ====================
[2024-03-03T01:46:03.402+0530] {translations.py:712} INFO - ==================== <function greedily_fuse at 0x137a8f380> ====================
[2024-03-03T01:46:03.402+0530] {translations.py:712} INFO - ==================== <function read_to_impulse at 0x137a8f420> ====================
[2024-03-03T01:46:03.402+0530] {translations.py:712} INFO - ==================== <function impulse_to_input at 0x137a8f4c0> ====================
[2024-03-03T01:46:03.402+0530] {translations.py:712} INFO - ==================== <function sort_stages at 0x137a8f740> ====================
[2024-03-03T01:46:03.402+0530] {translations.py:712} INFO - ==================== <function add_impulse_to_dangling_transforms at 0x137a8f880> ====================
[2024-03-03T01:46:03.402+0530] {translations.py:712} INFO - ==================== <function setup_timer_mapping at 0x137a8f6a0> ====================
[2024-03-03T01:46:03.402+0530] {translations.py:712} INFO - ==================== <function populate_data_channel_coders at 0x137a8f7e0> ====================
[2024-03-03T01:46:03.403+0530] {statecache.py:234} INFO - Creating state cache with size 104857600
[2024-03-03T01:46:03.403+0530] {worker_handlers.py:922} INFO - Created Worker handler <apache_beam.runners.portability.fn_api_runner.worker_handlers.EmbeddedWorkerHandler object at 0x137b68750> for environment ref_Environment_default_environment_1 (beam:env:embedded_python:v1, b'')
[2024-03-03T01:46:03.718+0530] {python.py:202} INFO - Done. Returned value was: PCollection[Map(<lambda at Data_analysis.py:66>).None]
[2024-03-03T01:46:03.724+0530] {taskinstance.py:1149} INFO - Marking task as SUCCESS. dag_id=weather_data_pipeline, task_id=extract_and_filter_data, execution_date=20240302T192410, start_date=20240302T201603, end_date=20240302T201603
[2024-03-03T01:46:03.736+0530] {local_task_job_runner.py:234} INFO - Task exited with return code 0
[2024-03-03T01:46:03.743+0530] {taskinstance.py:3309} INFO - 1 downstream tasks scheduled from follow-on schedule check
