[2024-03-03T01:02:27.110+0530] {taskinstance.py:1979} INFO - Dependencies all met for dep_context=non-requeueable deps ti=<TaskInstance: weather_data_pipeline.extract_and_filter_data manual__2024-03-02T19:24:10.303999+00:00 [queued]>
[2024-03-03T01:02:27.112+0530] {taskinstance.py:1979} INFO - Dependencies all met for dep_context=requeueable deps ti=<TaskInstance: weather_data_pipeline.extract_and_filter_data manual__2024-03-02T19:24:10.303999+00:00 [queued]>
[2024-03-03T01:02:27.112+0530] {taskinstance.py:2193} INFO - Starting attempt 3 of 4
[2024-03-03T01:02:27.116+0530] {taskinstance.py:2214} INFO - Executing <Task(PythonOperator): extract_and_filter_data> on 2024-03-02 19:24:10.303999+00:00
[2024-03-03T01:02:27.119+0530] {standard_task_runner.py:60} INFO - Started process 29445 to run task
[2024-03-03T01:02:27.121+0530] {standard_task_runner.py:87} INFO - Running: ['airflow', 'tasks', 'run', 'weather_data_pipeline', 'extract_and_filter_data', 'manual__2024-03-02T19:24:10.303999+00:00', '--job-id', '296', '--raw', '--subdir', 'DAGS_FOLDER/Data_analysis.py', '--cfg-path', '/var/folders/th/tnjyp6yd1cj78nysn5t4jl6h0000gn/T/tmp5w_5dbpn']
[2024-03-03T01:02:27.122+0530] {standard_task_runner.py:88} INFO - Job 296: Subtask extract_and_filter_data
[2024-03-03T01:02:27.139+0530] {task_command.py:423} INFO - Running <TaskInstance: weather_data_pipeline.extract_and_filter_data manual__2024-03-02T19:24:10.303999+00:00 [running]> on host aniks-macbook-air.local
[2024-03-03T01:02:27.155+0530] {taskinstance.py:2510} INFO - Exporting env vars: AIRFLOW_CTX_DAG_OWNER='airflow' AIRFLOW_CTX_DAG_ID='weather_data_pipeline' AIRFLOW_CTX_TASK_ID='extract_and_filter_data' AIRFLOW_CTX_EXECUTION_DATE='2024-03-02T19:24:10.303999+00:00' AIRFLOW_CTX_TRY_NUMBER='3' AIRFLOW_CTX_DAG_RUN_ID='manual__2024-03-02T19:24:10.303999+00:00'
[2024-03-03T01:02:27.156+0530] {pipeline.py:196} INFO - Missing pipeline option (runner). Executing pipeline using the default runner: DirectRunner.
[2024-03-03T01:02:27.241+0530] {translations.py:712} INFO - ==================== <function annotate_downstream_side_inputs at 0x13c19a700> ====================
[2024-03-03T01:02:27.241+0530] {translations.py:712} INFO - ==================== <function fix_side_input_pcoll_coders at 0x13c19a840> ====================
[2024-03-03T01:02:27.241+0530] {translations.py:712} INFO - ==================== <function pack_combiners at 0x13c19ade0> ====================
[2024-03-03T01:02:27.241+0530] {translations.py:712} INFO - ==================== <function lift_combiners at 0x13c19ae80> ====================
[2024-03-03T01:02:27.242+0530] {translations.py:712} INFO - ==================== <function expand_sdf at 0x13c19b060> ====================
[2024-03-03T01:02:27.242+0530] {translations.py:712} INFO - ==================== <function expand_gbk at 0x13c19b100> ====================
[2024-03-03T01:02:27.242+0530] {translations.py:712} INFO - ==================== <function sink_flattens at 0x13c19b240> ====================
[2024-03-03T01:02:27.242+0530] {translations.py:712} INFO - ==================== <function greedily_fuse at 0x13c19b2e0> ====================
[2024-03-03T01:02:27.242+0530] {translations.py:712} INFO - ==================== <function read_to_impulse at 0x13c19b380> ====================
[2024-03-03T01:02:27.242+0530] {translations.py:712} INFO - ==================== <function impulse_to_input at 0x13c19b420> ====================
[2024-03-03T01:02:27.242+0530] {translations.py:712} INFO - ==================== <function sort_stages at 0x13c19b6a0> ====================
[2024-03-03T01:02:27.243+0530] {translations.py:712} INFO - ==================== <function add_impulse_to_dangling_transforms at 0x13c19b7e0> ====================
[2024-03-03T01:02:27.243+0530] {translations.py:712} INFO - ==================== <function setup_timer_mapping at 0x13c19b600> ====================
[2024-03-03T01:02:27.243+0530] {translations.py:712} INFO - ==================== <function populate_data_channel_coders at 0x13c19b740> ====================
[2024-03-03T01:02:27.244+0530] {statecache.py:234} INFO - Creating state cache with size 104857600
[2024-03-03T01:02:27.244+0530] {worker_handlers.py:922} INFO - Created Worker handler <apache_beam.runners.portability.fn_api_runner.worker_handlers.EmbeddedWorkerHandler object at 0x13c373f50> for environment ref_Environment_default_environment_1 (beam:env:embedded_python:v1, b'')
[2024-03-03T01:02:27.562+0530] {python.py:202} INFO - Done. Returned value was: [<PCollection[Map(<lambda at Data_analysis.py:63>).None] at 0x13c06b710>]
[2024-03-03T01:02:27.568+0530] {taskinstance.py:1149} INFO - Marking task as SUCCESS. dag_id=weather_data_pipeline, task_id=extract_and_filter_data, execution_date=20240302T192410, start_date=20240302T193227, end_date=20240302T193227
[2024-03-03T01:02:27.578+0530] {local_task_job_runner.py:234} INFO - Task exited with return code 0
[2024-03-03T01:02:27.585+0530] {taskinstance.py:3309} INFO - 1 downstream tasks scheduled from follow-on schedule check
