[2024-03-08T12:17:17.642+0530] {processor.py:161} INFO - Started process (PID=11296) to work on /Users/anikbhowmick/Python/Big_Data_Assignment/A02/airflow_env/lib/python3.11/site-packages/airflow/example_dags/example_python_decorator.py
[2024-03-08T12:17:17.642+0530] {processor.py:830} INFO - Processing file /Users/anikbhowmick/Python/Big_Data_Assignment/A02/airflow_env/lib/python3.11/site-packages/airflow/example_dags/example_python_decorator.py for tasks to queue
[2024-03-08T12:17:17.642+0530] {logging_mixin.py:188} INFO - [2024-03-08T12:17:17.642+0530] {dagbag.py:540} INFO - Filling up the DagBag from /Users/anikbhowmick/Python/Big_Data_Assignment/A02/airflow_env/lib/python3.11/site-packages/airflow/example_dags/example_python_decorator.py
[2024-03-08T12:17:17.676+0530] {processor.py:840} INFO - DAG(s) 'example_python_decorator' retrieved from /Users/anikbhowmick/Python/Big_Data_Assignment/A02/airflow_env/lib/python3.11/site-packages/airflow/example_dags/example_python_decorator.py
[2024-03-08T12:17:17.729+0530] {logging_mixin.py:188} INFO - [2024-03-08T12:17:17.729+0530] {dag.py:3047} INFO - Sync 1 DAGs
[2024-03-08T12:17:17.732+0530] {logging_mixin.py:188} INFO - [2024-03-08T12:17:17.731+0530] {dag.py:3834} INFO - Setting next_dagrun for example_python_decorator to None, run_after=None
[2024-03-08T12:17:17.738+0530] {processor.py:183} INFO - Processing /Users/anikbhowmick/Python/Big_Data_Assignment/A02/airflow_env/lib/python3.11/site-packages/airflow/example_dags/example_python_decorator.py took 0.097 seconds
[2024-03-08T12:18:43.137+0530] {processor.py:161} INFO - Started process (PID=11362) to work on /Users/anikbhowmick/Python/Big_Data_Assignment/A02/airflow_env/lib/python3.11/site-packages/airflow/example_dags/example_python_decorator.py
[2024-03-08T12:18:43.138+0530] {processor.py:830} INFO - Processing file /Users/anikbhowmick/Python/Big_Data_Assignment/A02/airflow_env/lib/python3.11/site-packages/airflow/example_dags/example_python_decorator.py for tasks to queue
[2024-03-08T12:18:43.138+0530] {logging_mixin.py:188} INFO - [2024-03-08T12:18:43.138+0530] {dagbag.py:540} INFO - Filling up the DagBag from /Users/anikbhowmick/Python/Big_Data_Assignment/A02/airflow_env/lib/python3.11/site-packages/airflow/example_dags/example_python_decorator.py
[2024-03-08T12:18:43.172+0530] {processor.py:840} INFO - DAG(s) 'example_python_decorator' retrieved from /Users/anikbhowmick/Python/Big_Data_Assignment/A02/airflow_env/lib/python3.11/site-packages/airflow/example_dags/example_python_decorator.py
[2024-03-08T12:18:43.226+0530] {logging_mixin.py:188} INFO - [2024-03-08T12:18:43.226+0530] {dag.py:3047} INFO - Sync 1 DAGs
[2024-03-08T12:18:43.229+0530] {logging_mixin.py:188} INFO - [2024-03-08T12:18:43.229+0530] {dag.py:3834} INFO - Setting next_dagrun for example_python_decorator to None, run_after=None
[2024-03-08T12:18:43.235+0530] {processor.py:183} INFO - Processing /Users/anikbhowmick/Python/Big_Data_Assignment/A02/airflow_env/lib/python3.11/site-packages/airflow/example_dags/example_python_decorator.py took 0.098 seconds
[2024-03-08T12:20:36.782+0530] {processor.py:161} INFO - Started process (PID=11437) to work on /Users/anikbhowmick/Python/Big_Data_Assignment/A02/airflow_env/lib/python3.11/site-packages/airflow/example_dags/example_python_decorator.py
[2024-03-08T12:20:36.783+0530] {processor.py:830} INFO - Processing file /Users/anikbhowmick/Python/Big_Data_Assignment/A02/airflow_env/lib/python3.11/site-packages/airflow/example_dags/example_python_decorator.py for tasks to queue
[2024-03-08T12:20:36.783+0530] {logging_mixin.py:188} INFO - [2024-03-08T12:20:36.783+0530] {dagbag.py:540} INFO - Filling up the DagBag from /Users/anikbhowmick/Python/Big_Data_Assignment/A02/airflow_env/lib/python3.11/site-packages/airflow/example_dags/example_python_decorator.py
[2024-03-08T12:20:36.817+0530] {processor.py:840} INFO - DAG(s) 'example_python_decorator' retrieved from /Users/anikbhowmick/Python/Big_Data_Assignment/A02/airflow_env/lib/python3.11/site-packages/airflow/example_dags/example_python_decorator.py
[2024-03-08T12:20:36.871+0530] {logging_mixin.py:188} INFO - [2024-03-08T12:20:36.871+0530] {dag.py:3047} INFO - Sync 1 DAGs
[2024-03-08T12:20:36.874+0530] {logging_mixin.py:188} INFO - [2024-03-08T12:20:36.874+0530] {dag.py:3834} INFO - Setting next_dagrun for example_python_decorator to None, run_after=None
[2024-03-08T12:20:36.880+0530] {processor.py:183} INFO - Processing /Users/anikbhowmick/Python/Big_Data_Assignment/A02/airflow_env/lib/python3.11/site-packages/airflow/example_dags/example_python_decorator.py took 0.098 seconds
[2024-03-08T12:22:25.133+0530] {processor.py:161} INFO - Started process (PID=11510) to work on /Users/anikbhowmick/Python/Big_Data_Assignment/A02/airflow_env/lib/python3.11/site-packages/airflow/example_dags/example_python_decorator.py
[2024-03-08T12:22:25.133+0530] {processor.py:830} INFO - Processing file /Users/anikbhowmick/Python/Big_Data_Assignment/A02/airflow_env/lib/python3.11/site-packages/airflow/example_dags/example_python_decorator.py for tasks to queue
[2024-03-08T12:22:25.133+0530] {logging_mixin.py:188} INFO - [2024-03-08T12:22:25.133+0530] {dagbag.py:540} INFO - Filling up the DagBag from /Users/anikbhowmick/Python/Big_Data_Assignment/A02/airflow_env/lib/python3.11/site-packages/airflow/example_dags/example_python_decorator.py
[2024-03-08T12:22:25.167+0530] {processor.py:840} INFO - DAG(s) 'example_python_decorator' retrieved from /Users/anikbhowmick/Python/Big_Data_Assignment/A02/airflow_env/lib/python3.11/site-packages/airflow/example_dags/example_python_decorator.py
[2024-03-08T12:22:25.221+0530] {logging_mixin.py:188} INFO - [2024-03-08T12:22:25.221+0530] {dag.py:3047} INFO - Sync 1 DAGs
[2024-03-08T12:22:25.223+0530] {logging_mixin.py:188} INFO - [2024-03-08T12:22:25.223+0530] {dag.py:3834} INFO - Setting next_dagrun for example_python_decorator to None, run_after=None
[2024-03-08T12:22:25.230+0530] {processor.py:183} INFO - Processing /Users/anikbhowmick/Python/Big_Data_Assignment/A02/airflow_env/lib/python3.11/site-packages/airflow/example_dags/example_python_decorator.py took 0.098 seconds
[2024-03-08T12:24:15.359+0530] {processor.py:161} INFO - Started process (PID=11626) to work on /Users/anikbhowmick/Python/Big_Data_Assignment/A02/airflow_env/lib/python3.11/site-packages/airflow/example_dags/example_python_decorator.py
[2024-03-08T12:24:15.360+0530] {processor.py:830} INFO - Processing file /Users/anikbhowmick/Python/Big_Data_Assignment/A02/airflow_env/lib/python3.11/site-packages/airflow/example_dags/example_python_decorator.py for tasks to queue
[2024-03-08T12:24:15.360+0530] {logging_mixin.py:188} INFO - [2024-03-08T12:24:15.360+0530] {dagbag.py:540} INFO - Filling up the DagBag from /Users/anikbhowmick/Python/Big_Data_Assignment/A02/airflow_env/lib/python3.11/site-packages/airflow/example_dags/example_python_decorator.py
[2024-03-08T12:24:15.394+0530] {processor.py:840} INFO - DAG(s) 'example_python_decorator' retrieved from /Users/anikbhowmick/Python/Big_Data_Assignment/A02/airflow_env/lib/python3.11/site-packages/airflow/example_dags/example_python_decorator.py
[2024-03-08T12:24:15.448+0530] {logging_mixin.py:188} INFO - [2024-03-08T12:24:15.448+0530] {dag.py:3047} INFO - Sync 1 DAGs
[2024-03-08T12:24:15.450+0530] {logging_mixin.py:188} INFO - [2024-03-08T12:24:15.450+0530] {dag.py:3834} INFO - Setting next_dagrun for example_python_decorator to None, run_after=None
[2024-03-08T12:24:15.457+0530] {processor.py:183} INFO - Processing /Users/anikbhowmick/Python/Big_Data_Assignment/A02/airflow_env/lib/python3.11/site-packages/airflow/example_dags/example_python_decorator.py took 0.098 seconds
[2024-03-08T12:26:08.488+0530] {processor.py:161} INFO - Started process (PID=11723) to work on /Users/anikbhowmick/Python/Big_Data_Assignment/A02/airflow_env/lib/python3.11/site-packages/airflow/example_dags/example_python_decorator.py
[2024-03-08T12:26:08.489+0530] {processor.py:830} INFO - Processing file /Users/anikbhowmick/Python/Big_Data_Assignment/A02/airflow_env/lib/python3.11/site-packages/airflow/example_dags/example_python_decorator.py for tasks to queue
[2024-03-08T12:26:08.490+0530] {logging_mixin.py:188} INFO - [2024-03-08T12:26:08.490+0530] {dagbag.py:540} INFO - Filling up the DagBag from /Users/anikbhowmick/Python/Big_Data_Assignment/A02/airflow_env/lib/python3.11/site-packages/airflow/example_dags/example_python_decorator.py
[2024-03-08T12:26:08.524+0530] {processor.py:840} INFO - DAG(s) 'example_python_decorator' retrieved from /Users/anikbhowmick/Python/Big_Data_Assignment/A02/airflow_env/lib/python3.11/site-packages/airflow/example_dags/example_python_decorator.py
[2024-03-08T12:26:08.577+0530] {logging_mixin.py:188} INFO - [2024-03-08T12:26:08.577+0530] {dag.py:3047} INFO - Sync 1 DAGs
[2024-03-08T12:26:08.580+0530] {logging_mixin.py:188} INFO - [2024-03-08T12:26:08.580+0530] {dag.py:3834} INFO - Setting next_dagrun for example_python_decorator to None, run_after=None
[2024-03-08T12:26:08.586+0530] {processor.py:183} INFO - Processing /Users/anikbhowmick/Python/Big_Data_Assignment/A02/airflow_env/lib/python3.11/site-packages/airflow/example_dags/example_python_decorator.py took 0.098 seconds
[2024-03-08T12:27:57.272+0530] {processor.py:161} INFO - Started process (PID=11792) to work on /Users/anikbhowmick/Python/Big_Data_Assignment/A02/airflow_env/lib/python3.11/site-packages/airflow/example_dags/example_python_decorator.py
[2024-03-08T12:27:57.274+0530] {processor.py:830} INFO - Processing file /Users/anikbhowmick/Python/Big_Data_Assignment/A02/airflow_env/lib/python3.11/site-packages/airflow/example_dags/example_python_decorator.py for tasks to queue
[2024-03-08T12:27:57.274+0530] {logging_mixin.py:188} INFO - [2024-03-08T12:27:57.274+0530] {dagbag.py:540} INFO - Filling up the DagBag from /Users/anikbhowmick/Python/Big_Data_Assignment/A02/airflow_env/lib/python3.11/site-packages/airflow/example_dags/example_python_decorator.py
[2024-03-08T12:27:57.308+0530] {processor.py:840} INFO - DAG(s) 'example_python_decorator' retrieved from /Users/anikbhowmick/Python/Big_Data_Assignment/A02/airflow_env/lib/python3.11/site-packages/airflow/example_dags/example_python_decorator.py
[2024-03-08T12:27:57.362+0530] {logging_mixin.py:188} INFO - [2024-03-08T12:27:57.362+0530] {dag.py:3047} INFO - Sync 1 DAGs
[2024-03-08T12:27:57.364+0530] {logging_mixin.py:188} INFO - [2024-03-08T12:27:57.364+0530] {dag.py:3834} INFO - Setting next_dagrun for example_python_decorator to None, run_after=None
[2024-03-08T12:27:57.370+0530] {processor.py:183} INFO - Processing /Users/anikbhowmick/Python/Big_Data_Assignment/A02/airflow_env/lib/python3.11/site-packages/airflow/example_dags/example_python_decorator.py took 0.098 seconds
[2024-03-08T12:29:46.502+0530] {processor.py:161} INFO - Started process (PID=11871) to work on /Users/anikbhowmick/Python/Big_Data_Assignment/A02/airflow_env/lib/python3.11/site-packages/airflow/example_dags/example_python_decorator.py
[2024-03-08T12:29:46.503+0530] {processor.py:830} INFO - Processing file /Users/anikbhowmick/Python/Big_Data_Assignment/A02/airflow_env/lib/python3.11/site-packages/airflow/example_dags/example_python_decorator.py for tasks to queue
[2024-03-08T12:29:46.503+0530] {logging_mixin.py:188} INFO - [2024-03-08T12:29:46.503+0530] {dagbag.py:540} INFO - Filling up the DagBag from /Users/anikbhowmick/Python/Big_Data_Assignment/A02/airflow_env/lib/python3.11/site-packages/airflow/example_dags/example_python_decorator.py
[2024-03-08T12:29:46.537+0530] {processor.py:840} INFO - DAG(s) 'example_python_decorator' retrieved from /Users/anikbhowmick/Python/Big_Data_Assignment/A02/airflow_env/lib/python3.11/site-packages/airflow/example_dags/example_python_decorator.py
[2024-03-08T12:29:46.591+0530] {logging_mixin.py:188} INFO - [2024-03-08T12:29:46.591+0530] {dag.py:3047} INFO - Sync 1 DAGs
[2024-03-08T12:29:46.593+0530] {logging_mixin.py:188} INFO - [2024-03-08T12:29:46.593+0530] {dag.py:3834} INFO - Setting next_dagrun for example_python_decorator to None, run_after=None
[2024-03-08T12:29:46.600+0530] {processor.py:183} INFO - Processing /Users/anikbhowmick/Python/Big_Data_Assignment/A02/airflow_env/lib/python3.11/site-packages/airflow/example_dags/example_python_decorator.py took 0.098 seconds
[2024-03-08T12:31:39.302+0530] {processor.py:161} INFO - Started process (PID=11944) to work on /Users/anikbhowmick/Python/Big_Data_Assignment/A02/airflow_env/lib/python3.11/site-packages/airflow/example_dags/example_python_decorator.py
[2024-03-08T12:31:39.303+0530] {processor.py:830} INFO - Processing file /Users/anikbhowmick/Python/Big_Data_Assignment/A02/airflow_env/lib/python3.11/site-packages/airflow/example_dags/example_python_decorator.py for tasks to queue
[2024-03-08T12:31:39.303+0530] {logging_mixin.py:188} INFO - [2024-03-08T12:31:39.303+0530] {dagbag.py:540} INFO - Filling up the DagBag from /Users/anikbhowmick/Python/Big_Data_Assignment/A02/airflow_env/lib/python3.11/site-packages/airflow/example_dags/example_python_decorator.py
[2024-03-08T12:31:39.337+0530] {processor.py:840} INFO - DAG(s) 'example_python_decorator' retrieved from /Users/anikbhowmick/Python/Big_Data_Assignment/A02/airflow_env/lib/python3.11/site-packages/airflow/example_dags/example_python_decorator.py
[2024-03-08T12:31:39.391+0530] {logging_mixin.py:188} INFO - [2024-03-08T12:31:39.391+0530] {dag.py:3047} INFO - Sync 1 DAGs
[2024-03-08T12:31:39.393+0530] {logging_mixin.py:188} INFO - [2024-03-08T12:31:39.393+0530] {dag.py:3834} INFO - Setting next_dagrun for example_python_decorator to None, run_after=None
[2024-03-08T12:31:39.400+0530] {processor.py:183} INFO - Processing /Users/anikbhowmick/Python/Big_Data_Assignment/A02/airflow_env/lib/python3.11/site-packages/airflow/example_dags/example_python_decorator.py took 0.098 seconds
[2024-03-08T12:33:32.447+0530] {processor.py:161} INFO - Started process (PID=12021) to work on /Users/anikbhowmick/Python/Big_Data_Assignment/A02/airflow_env/lib/python3.11/site-packages/airflow/example_dags/example_python_decorator.py
[2024-03-08T12:33:32.448+0530] {processor.py:830} INFO - Processing file /Users/anikbhowmick/Python/Big_Data_Assignment/A02/airflow_env/lib/python3.11/site-packages/airflow/example_dags/example_python_decorator.py for tasks to queue
[2024-03-08T12:33:32.448+0530] {logging_mixin.py:188} INFO - [2024-03-08T12:33:32.448+0530] {dagbag.py:540} INFO - Filling up the DagBag from /Users/anikbhowmick/Python/Big_Data_Assignment/A02/airflow_env/lib/python3.11/site-packages/airflow/example_dags/example_python_decorator.py
[2024-03-08T12:33:32.483+0530] {processor.py:840} INFO - DAG(s) 'example_python_decorator' retrieved from /Users/anikbhowmick/Python/Big_Data_Assignment/A02/airflow_env/lib/python3.11/site-packages/airflow/example_dags/example_python_decorator.py
[2024-03-08T12:33:32.538+0530] {logging_mixin.py:188} INFO - [2024-03-08T12:33:32.538+0530] {dag.py:3047} INFO - Sync 1 DAGs
[2024-03-08T12:33:32.541+0530] {logging_mixin.py:188} INFO - [2024-03-08T12:33:32.541+0530] {dag.py:3834} INFO - Setting next_dagrun for example_python_decorator to None, run_after=None
[2024-03-08T12:33:32.547+0530] {processor.py:183} INFO - Processing /Users/anikbhowmick/Python/Big_Data_Assignment/A02/airflow_env/lib/python3.11/site-packages/airflow/example_dags/example_python_decorator.py took 0.100 seconds
[2024-03-08T12:35:28.042+0530] {processor.py:161} INFO - Started process (PID=12092) to work on /Users/anikbhowmick/Python/Big_Data_Assignment/A02/airflow_env/lib/python3.11/site-packages/airflow/example_dags/example_python_decorator.py
[2024-03-08T12:35:28.043+0530] {processor.py:830} INFO - Processing file /Users/anikbhowmick/Python/Big_Data_Assignment/A02/airflow_env/lib/python3.11/site-packages/airflow/example_dags/example_python_decorator.py for tasks to queue
[2024-03-08T12:35:28.043+0530] {logging_mixin.py:188} INFO - [2024-03-08T12:35:28.043+0530] {dagbag.py:540} INFO - Filling up the DagBag from /Users/anikbhowmick/Python/Big_Data_Assignment/A02/airflow_env/lib/python3.11/site-packages/airflow/example_dags/example_python_decorator.py
[2024-03-08T12:35:28.077+0530] {processor.py:840} INFO - DAG(s) 'example_python_decorator' retrieved from /Users/anikbhowmick/Python/Big_Data_Assignment/A02/airflow_env/lib/python3.11/site-packages/airflow/example_dags/example_python_decorator.py
[2024-03-08T12:35:28.130+0530] {logging_mixin.py:188} INFO - [2024-03-08T12:35:28.130+0530] {dag.py:3047} INFO - Sync 1 DAGs
[2024-03-08T12:35:28.133+0530] {logging_mixin.py:188} INFO - [2024-03-08T12:35:28.133+0530] {dag.py:3834} INFO - Setting next_dagrun for example_python_decorator to None, run_after=None
[2024-03-08T12:35:28.139+0530] {processor.py:183} INFO - Processing /Users/anikbhowmick/Python/Big_Data_Assignment/A02/airflow_env/lib/python3.11/site-packages/airflow/example_dags/example_python_decorator.py took 0.098 seconds
[2024-03-08T12:37:14.336+0530] {processor.py:161} INFO - Started process (PID=12161) to work on /Users/anikbhowmick/Python/Big_Data_Assignment/A02/airflow_env/lib/python3.11/site-packages/airflow/example_dags/example_python_decorator.py
[2024-03-08T12:37:14.336+0530] {processor.py:830} INFO - Processing file /Users/anikbhowmick/Python/Big_Data_Assignment/A02/airflow_env/lib/python3.11/site-packages/airflow/example_dags/example_python_decorator.py for tasks to queue
[2024-03-08T12:37:14.336+0530] {logging_mixin.py:188} INFO - [2024-03-08T12:37:14.336+0530] {dagbag.py:540} INFO - Filling up the DagBag from /Users/anikbhowmick/Python/Big_Data_Assignment/A02/airflow_env/lib/python3.11/site-packages/airflow/example_dags/example_python_decorator.py
[2024-03-08T12:37:14.371+0530] {processor.py:840} INFO - DAG(s) 'example_python_decorator' retrieved from /Users/anikbhowmick/Python/Big_Data_Assignment/A02/airflow_env/lib/python3.11/site-packages/airflow/example_dags/example_python_decorator.py
[2024-03-08T12:37:14.424+0530] {logging_mixin.py:188} INFO - [2024-03-08T12:37:14.424+0530] {dag.py:3047} INFO - Sync 1 DAGs
[2024-03-08T12:37:14.427+0530] {logging_mixin.py:188} INFO - [2024-03-08T12:37:14.427+0530] {dag.py:3834} INFO - Setting next_dagrun for example_python_decorator to None, run_after=None
[2024-03-08T12:37:14.433+0530] {processor.py:183} INFO - Processing /Users/anikbhowmick/Python/Big_Data_Assignment/A02/airflow_env/lib/python3.11/site-packages/airflow/example_dags/example_python_decorator.py took 0.098 seconds
[2024-03-08T12:39:02.875+0530] {processor.py:161} INFO - Started process (PID=12234) to work on /Users/anikbhowmick/Python/Big_Data_Assignment/A02/airflow_env/lib/python3.11/site-packages/airflow/example_dags/example_python_decorator.py
[2024-03-08T12:39:02.875+0530] {processor.py:830} INFO - Processing file /Users/anikbhowmick/Python/Big_Data_Assignment/A02/airflow_env/lib/python3.11/site-packages/airflow/example_dags/example_python_decorator.py for tasks to queue
[2024-03-08T12:39:02.876+0530] {logging_mixin.py:188} INFO - [2024-03-08T12:39:02.876+0530] {dagbag.py:540} INFO - Filling up the DagBag from /Users/anikbhowmick/Python/Big_Data_Assignment/A02/airflow_env/lib/python3.11/site-packages/airflow/example_dags/example_python_decorator.py
[2024-03-08T12:39:02.910+0530] {processor.py:840} INFO - DAG(s) 'example_python_decorator' retrieved from /Users/anikbhowmick/Python/Big_Data_Assignment/A02/airflow_env/lib/python3.11/site-packages/airflow/example_dags/example_python_decorator.py
[2024-03-08T12:39:02.964+0530] {logging_mixin.py:188} INFO - [2024-03-08T12:39:02.964+0530] {dag.py:3047} INFO - Sync 1 DAGs
[2024-03-08T12:39:02.966+0530] {logging_mixin.py:188} INFO - [2024-03-08T12:39:02.966+0530] {dag.py:3834} INFO - Setting next_dagrun for example_python_decorator to None, run_after=None
[2024-03-08T12:39:02.973+0530] {processor.py:183} INFO - Processing /Users/anikbhowmick/Python/Big_Data_Assignment/A02/airflow_env/lib/python3.11/site-packages/airflow/example_dags/example_python_decorator.py took 0.098 seconds
[2024-03-08T12:40:52.472+0530] {processor.py:161} INFO - Started process (PID=12312) to work on /Users/anikbhowmick/Python/Big_Data_Assignment/A02/airflow_env/lib/python3.11/site-packages/airflow/example_dags/example_python_decorator.py
[2024-03-08T12:40:52.473+0530] {processor.py:830} INFO - Processing file /Users/anikbhowmick/Python/Big_Data_Assignment/A02/airflow_env/lib/python3.11/site-packages/airflow/example_dags/example_python_decorator.py for tasks to queue
[2024-03-08T12:40:52.473+0530] {logging_mixin.py:188} INFO - [2024-03-08T12:40:52.473+0530] {dagbag.py:540} INFO - Filling up the DagBag from /Users/anikbhowmick/Python/Big_Data_Assignment/A02/airflow_env/lib/python3.11/site-packages/airflow/example_dags/example_python_decorator.py
[2024-03-08T12:40:52.507+0530] {processor.py:840} INFO - DAG(s) 'example_python_decorator' retrieved from /Users/anikbhowmick/Python/Big_Data_Assignment/A02/airflow_env/lib/python3.11/site-packages/airflow/example_dags/example_python_decorator.py
[2024-03-08T12:40:52.561+0530] {logging_mixin.py:188} INFO - [2024-03-08T12:40:52.560+0530] {dag.py:3047} INFO - Sync 1 DAGs
[2024-03-08T12:40:52.563+0530] {logging_mixin.py:188} INFO - [2024-03-08T12:40:52.563+0530] {dag.py:3834} INFO - Setting next_dagrun for example_python_decorator to None, run_after=None
[2024-03-08T12:40:52.569+0530] {processor.py:183} INFO - Processing /Users/anikbhowmick/Python/Big_Data_Assignment/A02/airflow_env/lib/python3.11/site-packages/airflow/example_dags/example_python_decorator.py took 0.098 seconds
[2024-03-08T12:42:48.693+0530] {processor.py:161} INFO - Started process (PID=12383) to work on /Users/anikbhowmick/Python/Big_Data_Assignment/A02/airflow_env/lib/python3.11/site-packages/airflow/example_dags/example_python_decorator.py
[2024-03-08T12:42:48.693+0530] {processor.py:830} INFO - Processing file /Users/anikbhowmick/Python/Big_Data_Assignment/A02/airflow_env/lib/python3.11/site-packages/airflow/example_dags/example_python_decorator.py for tasks to queue
[2024-03-08T12:42:48.693+0530] {logging_mixin.py:188} INFO - [2024-03-08T12:42:48.693+0530] {dagbag.py:540} INFO - Filling up the DagBag from /Users/anikbhowmick/Python/Big_Data_Assignment/A02/airflow_env/lib/python3.11/site-packages/airflow/example_dags/example_python_decorator.py
[2024-03-08T12:42:48.727+0530] {processor.py:840} INFO - DAG(s) 'example_python_decorator' retrieved from /Users/anikbhowmick/Python/Big_Data_Assignment/A02/airflow_env/lib/python3.11/site-packages/airflow/example_dags/example_python_decorator.py
[2024-03-08T12:42:48.781+0530] {logging_mixin.py:188} INFO - [2024-03-08T12:42:48.781+0530] {dag.py:3047} INFO - Sync 1 DAGs
[2024-03-08T12:42:48.784+0530] {logging_mixin.py:188} INFO - [2024-03-08T12:42:48.784+0530] {dag.py:3834} INFO - Setting next_dagrun for example_python_decorator to None, run_after=None
[2024-03-08T12:42:48.790+0530] {processor.py:183} INFO - Processing /Users/anikbhowmick/Python/Big_Data_Assignment/A02/airflow_env/lib/python3.11/site-packages/airflow/example_dags/example_python_decorator.py took 0.098 seconds
[2024-03-08T12:44:40.121+0530] {processor.py:161} INFO - Started process (PID=12476) to work on /Users/anikbhowmick/Python/Big_Data_Assignment/A02/airflow_env/lib/python3.11/site-packages/airflow/example_dags/example_python_decorator.py
[2024-03-08T12:44:40.122+0530] {processor.py:830} INFO - Processing file /Users/anikbhowmick/Python/Big_Data_Assignment/A02/airflow_env/lib/python3.11/site-packages/airflow/example_dags/example_python_decorator.py for tasks to queue
[2024-03-08T12:44:40.122+0530] {logging_mixin.py:188} INFO - [2024-03-08T12:44:40.122+0530] {dagbag.py:540} INFO - Filling up the DagBag from /Users/anikbhowmick/Python/Big_Data_Assignment/A02/airflow_env/lib/python3.11/site-packages/airflow/example_dags/example_python_decorator.py
[2024-03-08T12:44:40.160+0530] {processor.py:840} INFO - DAG(s) 'example_python_decorator' retrieved from /Users/anikbhowmick/Python/Big_Data_Assignment/A02/airflow_env/lib/python3.11/site-packages/airflow/example_dags/example_python_decorator.py
[2024-03-08T12:44:40.214+0530] {logging_mixin.py:188} INFO - [2024-03-08T12:44:40.214+0530] {dag.py:3047} INFO - Sync 1 DAGs
[2024-03-08T12:44:40.217+0530] {logging_mixin.py:188} INFO - [2024-03-08T12:44:40.217+0530] {dag.py:3834} INFO - Setting next_dagrun for example_python_decorator to None, run_after=None
[2024-03-08T12:44:40.223+0530] {processor.py:183} INFO - Processing /Users/anikbhowmick/Python/Big_Data_Assignment/A02/airflow_env/lib/python3.11/site-packages/airflow/example_dags/example_python_decorator.py took 0.102 seconds
[2024-03-08T12:46:30.733+0530] {processor.py:161} INFO - Started process (PID=12559) to work on /Users/anikbhowmick/Python/Big_Data_Assignment/A02/airflow_env/lib/python3.11/site-packages/airflow/example_dags/example_python_decorator.py
[2024-03-08T12:46:30.734+0530] {processor.py:830} INFO - Processing file /Users/anikbhowmick/Python/Big_Data_Assignment/A02/airflow_env/lib/python3.11/site-packages/airflow/example_dags/example_python_decorator.py for tasks to queue
[2024-03-08T12:46:30.734+0530] {logging_mixin.py:188} INFO - [2024-03-08T12:46:30.734+0530] {dagbag.py:540} INFO - Filling up the DagBag from /Users/anikbhowmick/Python/Big_Data_Assignment/A02/airflow_env/lib/python3.11/site-packages/airflow/example_dags/example_python_decorator.py
[2024-03-08T12:46:30.770+0530] {processor.py:840} INFO - DAG(s) 'example_python_decorator' retrieved from /Users/anikbhowmick/Python/Big_Data_Assignment/A02/airflow_env/lib/python3.11/site-packages/airflow/example_dags/example_python_decorator.py
[2024-03-08T12:46:30.824+0530] {logging_mixin.py:188} INFO - [2024-03-08T12:46:30.824+0530] {dag.py:3047} INFO - Sync 1 DAGs
[2024-03-08T12:46:30.827+0530] {logging_mixin.py:188} INFO - [2024-03-08T12:46:30.827+0530] {dag.py:3834} INFO - Setting next_dagrun for example_python_decorator to None, run_after=None
[2024-03-08T12:46:30.833+0530] {processor.py:183} INFO - Processing /Users/anikbhowmick/Python/Big_Data_Assignment/A02/airflow_env/lib/python3.11/site-packages/airflow/example_dags/example_python_decorator.py took 0.101 seconds
[2024-03-08T12:48:21.214+0530] {processor.py:161} INFO - Started process (PID=12632) to work on /Users/anikbhowmick/Python/Big_Data_Assignment/A02/airflow_env/lib/python3.11/site-packages/airflow/example_dags/example_python_decorator.py
[2024-03-08T12:48:21.215+0530] {processor.py:830} INFO - Processing file /Users/anikbhowmick/Python/Big_Data_Assignment/A02/airflow_env/lib/python3.11/site-packages/airflow/example_dags/example_python_decorator.py for tasks to queue
[2024-03-08T12:48:21.215+0530] {logging_mixin.py:188} INFO - [2024-03-08T12:48:21.215+0530] {dagbag.py:540} INFO - Filling up the DagBag from /Users/anikbhowmick/Python/Big_Data_Assignment/A02/airflow_env/lib/python3.11/site-packages/airflow/example_dags/example_python_decorator.py
[2024-03-08T12:48:21.252+0530] {processor.py:840} INFO - DAG(s) 'example_python_decorator' retrieved from /Users/anikbhowmick/Python/Big_Data_Assignment/A02/airflow_env/lib/python3.11/site-packages/airflow/example_dags/example_python_decorator.py
[2024-03-08T12:48:21.310+0530] {logging_mixin.py:188} INFO - [2024-03-08T12:48:21.310+0530] {dag.py:3047} INFO - Sync 1 DAGs
[2024-03-08T12:48:21.313+0530] {logging_mixin.py:188} INFO - [2024-03-08T12:48:21.313+0530] {dag.py:3834} INFO - Setting next_dagrun for example_python_decorator to None, run_after=None
[2024-03-08T12:48:21.320+0530] {processor.py:183} INFO - Processing /Users/anikbhowmick/Python/Big_Data_Assignment/A02/airflow_env/lib/python3.11/site-packages/airflow/example_dags/example_python_decorator.py took 0.107 seconds
[2024-03-08T12:50:14.198+0530] {processor.py:161} INFO - Started process (PID=12705) to work on /Users/anikbhowmick/Python/Big_Data_Assignment/A02/airflow_env/lib/python3.11/site-packages/airflow/example_dags/example_python_decorator.py
[2024-03-08T12:50:14.198+0530] {processor.py:830} INFO - Processing file /Users/anikbhowmick/Python/Big_Data_Assignment/A02/airflow_env/lib/python3.11/site-packages/airflow/example_dags/example_python_decorator.py for tasks to queue
[2024-03-08T12:50:14.199+0530] {logging_mixin.py:188} INFO - [2024-03-08T12:50:14.198+0530] {dagbag.py:540} INFO - Filling up the DagBag from /Users/anikbhowmick/Python/Big_Data_Assignment/A02/airflow_env/lib/python3.11/site-packages/airflow/example_dags/example_python_decorator.py
[2024-03-08T12:50:14.233+0530] {processor.py:840} INFO - DAG(s) 'example_python_decorator' retrieved from /Users/anikbhowmick/Python/Big_Data_Assignment/A02/airflow_env/lib/python3.11/site-packages/airflow/example_dags/example_python_decorator.py
[2024-03-08T12:50:14.288+0530] {logging_mixin.py:188} INFO - [2024-03-08T12:50:14.288+0530] {dag.py:3047} INFO - Sync 1 DAGs
[2024-03-08T12:50:14.291+0530] {logging_mixin.py:188} INFO - [2024-03-08T12:50:14.291+0530] {dag.py:3834} INFO - Setting next_dagrun for example_python_decorator to None, run_after=None
[2024-03-08T12:50:14.297+0530] {processor.py:183} INFO - Processing /Users/anikbhowmick/Python/Big_Data_Assignment/A02/airflow_env/lib/python3.11/site-packages/airflow/example_dags/example_python_decorator.py took 0.100 seconds
[2024-03-08T12:52:03.133+0530] {processor.py:161} INFO - Started process (PID=12783) to work on /Users/anikbhowmick/Python/Big_Data_Assignment/A02/airflow_env/lib/python3.11/site-packages/airflow/example_dags/example_python_decorator.py
[2024-03-08T12:52:03.134+0530] {processor.py:830} INFO - Processing file /Users/anikbhowmick/Python/Big_Data_Assignment/A02/airflow_env/lib/python3.11/site-packages/airflow/example_dags/example_python_decorator.py for tasks to queue
[2024-03-08T12:52:03.134+0530] {logging_mixin.py:188} INFO - [2024-03-08T12:52:03.134+0530] {dagbag.py:540} INFO - Filling up the DagBag from /Users/anikbhowmick/Python/Big_Data_Assignment/A02/airflow_env/lib/python3.11/site-packages/airflow/example_dags/example_python_decorator.py
[2024-03-08T12:52:03.173+0530] {processor.py:840} INFO - DAG(s) 'example_python_decorator' retrieved from /Users/anikbhowmick/Python/Big_Data_Assignment/A02/airflow_env/lib/python3.11/site-packages/airflow/example_dags/example_python_decorator.py
[2024-03-08T12:52:03.227+0530] {logging_mixin.py:188} INFO - [2024-03-08T12:52:03.226+0530] {dag.py:3047} INFO - Sync 1 DAGs
[2024-03-08T12:52:03.229+0530] {logging_mixin.py:188} INFO - [2024-03-08T12:52:03.229+0530] {dag.py:3834} INFO - Setting next_dagrun for example_python_decorator to None, run_after=None
[2024-03-08T12:52:03.236+0530] {processor.py:183} INFO - Processing /Users/anikbhowmick/Python/Big_Data_Assignment/A02/airflow_env/lib/python3.11/site-packages/airflow/example_dags/example_python_decorator.py took 0.103 seconds
[2024-03-08T12:59:21.536+0530] {processor.py:161} INFO - Started process (PID=13125) to work on /Users/anikbhowmick/Python/Big_Data_Assignment/A02/airflow_env/lib/python3.11/site-packages/airflow/example_dags/example_python_decorator.py
[2024-03-08T12:59:21.536+0530] {processor.py:830} INFO - Processing file /Users/anikbhowmick/Python/Big_Data_Assignment/A02/airflow_env/lib/python3.11/site-packages/airflow/example_dags/example_python_decorator.py for tasks to queue
[2024-03-08T12:59:21.537+0530] {logging_mixin.py:188} INFO - [2024-03-08T12:59:21.536+0530] {dagbag.py:540} INFO - Filling up the DagBag from /Users/anikbhowmick/Python/Big_Data_Assignment/A02/airflow_env/lib/python3.11/site-packages/airflow/example_dags/example_python_decorator.py
[2024-03-08T12:59:21.571+0530] {processor.py:840} INFO - DAG(s) 'example_python_decorator' retrieved from /Users/anikbhowmick/Python/Big_Data_Assignment/A02/airflow_env/lib/python3.11/site-packages/airflow/example_dags/example_python_decorator.py
[2024-03-08T12:59:21.630+0530] {logging_mixin.py:188} INFO - [2024-03-08T12:59:21.630+0530] {dag.py:3047} INFO - Sync 1 DAGs
[2024-03-08T12:59:21.633+0530] {logging_mixin.py:188} INFO - [2024-03-08T12:59:21.632+0530] {dag.py:3834} INFO - Setting next_dagrun for example_python_decorator to None, run_after=None
[2024-03-08T12:59:21.639+0530] {processor.py:183} INFO - Processing /Users/anikbhowmick/Python/Big_Data_Assignment/A02/airflow_env/lib/python3.11/site-packages/airflow/example_dags/example_python_decorator.py took 0.104 seconds
[2024-03-08T13:02:25.289+0530] {processor.py:161} INFO - Started process (PID=13355) to work on /Users/anikbhowmick/Python/Big_Data_Assignment/A02/airflow_env/lib/python3.11/site-packages/airflow/example_dags/example_python_decorator.py
[2024-03-08T13:02:25.289+0530] {processor.py:830} INFO - Processing file /Users/anikbhowmick/Python/Big_Data_Assignment/A02/airflow_env/lib/python3.11/site-packages/airflow/example_dags/example_python_decorator.py for tasks to queue
[2024-03-08T13:02:25.290+0530] {logging_mixin.py:188} INFO - [2024-03-08T13:02:25.289+0530] {dagbag.py:540} INFO - Filling up the DagBag from /Users/anikbhowmick/Python/Big_Data_Assignment/A02/airflow_env/lib/python3.11/site-packages/airflow/example_dags/example_python_decorator.py
[2024-03-08T13:02:25.328+0530] {processor.py:840} INFO - DAG(s) 'example_python_decorator' retrieved from /Users/anikbhowmick/Python/Big_Data_Assignment/A02/airflow_env/lib/python3.11/site-packages/airflow/example_dags/example_python_decorator.py
[2024-03-08T13:02:25.409+0530] {logging_mixin.py:188} INFO - [2024-03-08T13:02:25.409+0530] {dag.py:3047} INFO - Sync 1 DAGs
[2024-03-08T13:02:25.412+0530] {logging_mixin.py:188} INFO - [2024-03-08T13:02:25.412+0530] {dag.py:3834} INFO - Setting next_dagrun for example_python_decorator to None, run_after=None
[2024-03-08T13:02:25.421+0530] {processor.py:183} INFO - Processing /Users/anikbhowmick/Python/Big_Data_Assignment/A02/airflow_env/lib/python3.11/site-packages/airflow/example_dags/example_python_decorator.py took 0.132 seconds
[2024-03-08T13:03:49.453+0530] {processor.py:161} INFO - Started process (PID=13425) to work on /Users/anikbhowmick/Python/Big_Data_Assignment/A02/airflow_env/lib/python3.11/site-packages/airflow/example_dags/example_python_decorator.py
[2024-03-08T13:03:49.454+0530] {processor.py:830} INFO - Processing file /Users/anikbhowmick/Python/Big_Data_Assignment/A02/airflow_env/lib/python3.11/site-packages/airflow/example_dags/example_python_decorator.py for tasks to queue
[2024-03-08T13:03:49.454+0530] {logging_mixin.py:188} INFO - [2024-03-08T13:03:49.454+0530] {dagbag.py:540} INFO - Filling up the DagBag from /Users/anikbhowmick/Python/Big_Data_Assignment/A02/airflow_env/lib/python3.11/site-packages/airflow/example_dags/example_python_decorator.py
[2024-03-08T13:03:49.488+0530] {processor.py:840} INFO - DAG(s) 'example_python_decorator' retrieved from /Users/anikbhowmick/Python/Big_Data_Assignment/A02/airflow_env/lib/python3.11/site-packages/airflow/example_dags/example_python_decorator.py
[2024-03-08T13:03:49.542+0530] {logging_mixin.py:188} INFO - [2024-03-08T13:03:49.542+0530] {dag.py:3047} INFO - Sync 1 DAGs
[2024-03-08T13:03:49.545+0530] {logging_mixin.py:188} INFO - [2024-03-08T13:03:49.545+0530] {dag.py:3834} INFO - Setting next_dagrun for example_python_decorator to None, run_after=None
[2024-03-08T13:03:49.551+0530] {processor.py:183} INFO - Processing /Users/anikbhowmick/Python/Big_Data_Assignment/A02/airflow_env/lib/python3.11/site-packages/airflow/example_dags/example_python_decorator.py took 0.099 seconds
[2024-03-08T13:05:44.870+0530] {processor.py:161} INFO - Started process (PID=13497) to work on /Users/anikbhowmick/Python/Big_Data_Assignment/A02/airflow_env/lib/python3.11/site-packages/airflow/example_dags/example_python_decorator.py
[2024-03-08T13:05:44.870+0530] {processor.py:830} INFO - Processing file /Users/anikbhowmick/Python/Big_Data_Assignment/A02/airflow_env/lib/python3.11/site-packages/airflow/example_dags/example_python_decorator.py for tasks to queue
[2024-03-08T13:05:44.871+0530] {logging_mixin.py:188} INFO - [2024-03-08T13:05:44.871+0530] {dagbag.py:540} INFO - Filling up the DagBag from /Users/anikbhowmick/Python/Big_Data_Assignment/A02/airflow_env/lib/python3.11/site-packages/airflow/example_dags/example_python_decorator.py
[2024-03-08T13:05:44.905+0530] {processor.py:840} INFO - DAG(s) 'example_python_decorator' retrieved from /Users/anikbhowmick/Python/Big_Data_Assignment/A02/airflow_env/lib/python3.11/site-packages/airflow/example_dags/example_python_decorator.py
[2024-03-08T13:05:44.966+0530] {logging_mixin.py:188} INFO - [2024-03-08T13:05:44.966+0530] {dag.py:3047} INFO - Sync 1 DAGs
[2024-03-08T13:05:44.969+0530] {logging_mixin.py:188} INFO - [2024-03-08T13:05:44.969+0530] {dag.py:3834} INFO - Setting next_dagrun for example_python_decorator to None, run_after=None
[2024-03-08T13:05:44.976+0530] {processor.py:183} INFO - Processing /Users/anikbhowmick/Python/Big_Data_Assignment/A02/airflow_env/lib/python3.11/site-packages/airflow/example_dags/example_python_decorator.py took 0.107 seconds
[2024-03-08T13:15:00.442+0530] {processor.py:161} INFO - Started process (PID=14249) to work on /Users/anikbhowmick/Python/Big_Data_Assignment/A02/airflow_env/lib/python3.11/site-packages/airflow/example_dags/example_python_decorator.py
[2024-03-08T13:15:00.443+0530] {processor.py:830} INFO - Processing file /Users/anikbhowmick/Python/Big_Data_Assignment/A02/airflow_env/lib/python3.11/site-packages/airflow/example_dags/example_python_decorator.py for tasks to queue
[2024-03-08T13:15:00.444+0530] {logging_mixin.py:188} INFO - [2024-03-08T13:15:00.443+0530] {dagbag.py:540} INFO - Filling up the DagBag from /Users/anikbhowmick/Python/Big_Data_Assignment/A02/airflow_env/lib/python3.11/site-packages/airflow/example_dags/example_python_decorator.py
[2024-03-08T13:15:00.484+0530] {processor.py:840} INFO - DAG(s) 'example_python_decorator' retrieved from /Users/anikbhowmick/Python/Big_Data_Assignment/A02/airflow_env/lib/python3.11/site-packages/airflow/example_dags/example_python_decorator.py
[2024-03-08T13:15:00.541+0530] {logging_mixin.py:188} INFO - [2024-03-08T13:15:00.541+0530] {dag.py:3047} INFO - Sync 1 DAGs
[2024-03-08T13:15:00.543+0530] {logging_mixin.py:188} INFO - [2024-03-08T13:15:00.543+0530] {dag.py:3834} INFO - Setting next_dagrun for example_python_decorator to None, run_after=None
[2024-03-08T13:15:00.550+0530] {processor.py:183} INFO - Processing /Users/anikbhowmick/Python/Big_Data_Assignment/A02/airflow_env/lib/python3.11/site-packages/airflow/example_dags/example_python_decorator.py took 0.108 seconds
[2024-03-08T13:16:24.585+0530] {processor.py:161} INFO - Started process (PID=14338) to work on /Users/anikbhowmick/Python/Big_Data_Assignment/A02/airflow_env/lib/python3.11/site-packages/airflow/example_dags/example_python_decorator.py
[2024-03-08T13:16:24.587+0530] {processor.py:830} INFO - Processing file /Users/anikbhowmick/Python/Big_Data_Assignment/A02/airflow_env/lib/python3.11/site-packages/airflow/example_dags/example_python_decorator.py for tasks to queue
[2024-03-08T13:16:24.587+0530] {logging_mixin.py:188} INFO - [2024-03-08T13:16:24.587+0530] {dagbag.py:540} INFO - Filling up the DagBag from /Users/anikbhowmick/Python/Big_Data_Assignment/A02/airflow_env/lib/python3.11/site-packages/airflow/example_dags/example_python_decorator.py
[2024-03-08T13:16:24.623+0530] {processor.py:840} INFO - DAG(s) 'example_python_decorator' retrieved from /Users/anikbhowmick/Python/Big_Data_Assignment/A02/airflow_env/lib/python3.11/site-packages/airflow/example_dags/example_python_decorator.py
[2024-03-08T13:16:24.678+0530] {logging_mixin.py:188} INFO - [2024-03-08T13:16:24.678+0530] {dag.py:3047} INFO - Sync 1 DAGs
[2024-03-08T13:16:24.680+0530] {logging_mixin.py:188} INFO - [2024-03-08T13:16:24.680+0530] {dag.py:3834} INFO - Setting next_dagrun for example_python_decorator to None, run_after=None
[2024-03-08T13:16:24.687+0530] {processor.py:183} INFO - Processing /Users/anikbhowmick/Python/Big_Data_Assignment/A02/airflow_env/lib/python3.11/site-packages/airflow/example_dags/example_python_decorator.py took 0.102 seconds
[2024-03-08T13:18:13.646+0530] {processor.py:161} INFO - Started process (PID=14428) to work on /Users/anikbhowmick/Python/Big_Data_Assignment/A02/airflow_env/lib/python3.11/site-packages/airflow/example_dags/example_python_decorator.py
[2024-03-08T13:18:13.647+0530] {processor.py:830} INFO - Processing file /Users/anikbhowmick/Python/Big_Data_Assignment/A02/airflow_env/lib/python3.11/site-packages/airflow/example_dags/example_python_decorator.py for tasks to queue
[2024-03-08T13:18:13.647+0530] {logging_mixin.py:188} INFO - [2024-03-08T13:18:13.647+0530] {dagbag.py:540} INFO - Filling up the DagBag from /Users/anikbhowmick/Python/Big_Data_Assignment/A02/airflow_env/lib/python3.11/site-packages/airflow/example_dags/example_python_decorator.py
[2024-03-08T13:18:13.681+0530] {processor.py:840} INFO - DAG(s) 'example_python_decorator' retrieved from /Users/anikbhowmick/Python/Big_Data_Assignment/A02/airflow_env/lib/python3.11/site-packages/airflow/example_dags/example_python_decorator.py
[2024-03-08T13:18:13.735+0530] {logging_mixin.py:188} INFO - [2024-03-08T13:18:13.735+0530] {dag.py:3047} INFO - Sync 1 DAGs
[2024-03-08T13:18:13.737+0530] {logging_mixin.py:188} INFO - [2024-03-08T13:18:13.737+0530] {dag.py:3834} INFO - Setting next_dagrun for example_python_decorator to None, run_after=None
[2024-03-08T13:18:13.744+0530] {processor.py:183} INFO - Processing /Users/anikbhowmick/Python/Big_Data_Assignment/A02/airflow_env/lib/python3.11/site-packages/airflow/example_dags/example_python_decorator.py took 0.098 seconds
[2024-03-08T13:20:04.950+0530] {processor.py:161} INFO - Started process (PID=14495) to work on /Users/anikbhowmick/Python/Big_Data_Assignment/A02/airflow_env/lib/python3.11/site-packages/airflow/example_dags/example_python_decorator.py
[2024-03-08T13:20:04.951+0530] {processor.py:830} INFO - Processing file /Users/anikbhowmick/Python/Big_Data_Assignment/A02/airflow_env/lib/python3.11/site-packages/airflow/example_dags/example_python_decorator.py for tasks to queue
[2024-03-08T13:20:04.951+0530] {logging_mixin.py:188} INFO - [2024-03-08T13:20:04.951+0530] {dagbag.py:540} INFO - Filling up the DagBag from /Users/anikbhowmick/Python/Big_Data_Assignment/A02/airflow_env/lib/python3.11/site-packages/airflow/example_dags/example_python_decorator.py
[2024-03-08T13:20:04.985+0530] {processor.py:840} INFO - DAG(s) 'example_python_decorator' retrieved from /Users/anikbhowmick/Python/Big_Data_Assignment/A02/airflow_env/lib/python3.11/site-packages/airflow/example_dags/example_python_decorator.py
[2024-03-08T13:20:05.038+0530] {logging_mixin.py:188} INFO - [2024-03-08T13:20:05.038+0530] {dag.py:3047} INFO - Sync 1 DAGs
[2024-03-08T13:20:05.041+0530] {logging_mixin.py:188} INFO - [2024-03-08T13:20:05.041+0530] {dag.py:3834} INFO - Setting next_dagrun for example_python_decorator to None, run_after=None
[2024-03-08T13:20:05.047+0530] {processor.py:183} INFO - Processing /Users/anikbhowmick/Python/Big_Data_Assignment/A02/airflow_env/lib/python3.11/site-packages/airflow/example_dags/example_python_decorator.py took 0.098 seconds
[2024-03-08T13:22:53.315+0530] {processor.py:161} INFO - Started process (PID=14709) to work on /Users/anikbhowmick/Python/Big_Data_Assignment/A02/airflow_env/lib/python3.11/site-packages/airflow/example_dags/example_python_decorator.py
[2024-03-08T13:22:53.315+0530] {processor.py:830} INFO - Processing file /Users/anikbhowmick/Python/Big_Data_Assignment/A02/airflow_env/lib/python3.11/site-packages/airflow/example_dags/example_python_decorator.py for tasks to queue
[2024-03-08T13:22:53.316+0530] {logging_mixin.py:188} INFO - [2024-03-08T13:22:53.316+0530] {dagbag.py:540} INFO - Filling up the DagBag from /Users/anikbhowmick/Python/Big_Data_Assignment/A02/airflow_env/lib/python3.11/site-packages/airflow/example_dags/example_python_decorator.py
[2024-03-08T13:22:53.352+0530] {processor.py:840} INFO - DAG(s) 'example_python_decorator' retrieved from /Users/anikbhowmick/Python/Big_Data_Assignment/A02/airflow_env/lib/python3.11/site-packages/airflow/example_dags/example_python_decorator.py
[2024-03-08T13:22:53.428+0530] {logging_mixin.py:188} INFO - [2024-03-08T13:22:53.428+0530] {dag.py:3047} INFO - Sync 1 DAGs
[2024-03-08T13:22:53.431+0530] {logging_mixin.py:188} INFO - [2024-03-08T13:22:53.431+0530] {dag.py:3834} INFO - Setting next_dagrun for example_python_decorator to None, run_after=None
[2024-03-08T13:22:53.437+0530] {processor.py:183} INFO - Processing /Users/anikbhowmick/Python/Big_Data_Assignment/A02/airflow_env/lib/python3.11/site-packages/airflow/example_dags/example_python_decorator.py took 0.123 seconds
[2024-03-08T13:33:44.885+0530] {processor.py:161} INFO - Started process (PID=15452) to work on /Users/anikbhowmick/Python/Big_Data_Assignment/A02/airflow_env/lib/python3.11/site-packages/airflow/example_dags/example_python_decorator.py
[2024-03-08T13:33:44.886+0530] {processor.py:830} INFO - Processing file /Users/anikbhowmick/Python/Big_Data_Assignment/A02/airflow_env/lib/python3.11/site-packages/airflow/example_dags/example_python_decorator.py for tasks to queue
[2024-03-08T13:33:44.886+0530] {logging_mixin.py:188} INFO - [2024-03-08T13:33:44.886+0530] {dagbag.py:540} INFO - Filling up the DagBag from /Users/anikbhowmick/Python/Big_Data_Assignment/A02/airflow_env/lib/python3.11/site-packages/airflow/example_dags/example_python_decorator.py
[2024-03-08T13:33:44.924+0530] {processor.py:840} INFO - DAG(s) 'example_python_decorator' retrieved from /Users/anikbhowmick/Python/Big_Data_Assignment/A02/airflow_env/lib/python3.11/site-packages/airflow/example_dags/example_python_decorator.py
[2024-03-08T13:33:44.981+0530] {logging_mixin.py:188} INFO - [2024-03-08T13:33:44.981+0530] {dag.py:3047} INFO - Sync 1 DAGs
[2024-03-08T13:33:44.984+0530] {logging_mixin.py:188} INFO - [2024-03-08T13:33:44.984+0530] {dag.py:3834} INFO - Setting next_dagrun for example_python_decorator to None, run_after=None
[2024-03-08T13:33:44.991+0530] {processor.py:183} INFO - Processing /Users/anikbhowmick/Python/Big_Data_Assignment/A02/airflow_env/lib/python3.11/site-packages/airflow/example_dags/example_python_decorator.py took 0.107 seconds
[2024-03-08T13:35:11.607+0530] {processor.py:161} INFO - Started process (PID=15526) to work on /Users/anikbhowmick/Python/Big_Data_Assignment/A02/airflow_env/lib/python3.11/site-packages/airflow/example_dags/example_python_decorator.py
[2024-03-08T13:35:11.607+0530] {processor.py:830} INFO - Processing file /Users/anikbhowmick/Python/Big_Data_Assignment/A02/airflow_env/lib/python3.11/site-packages/airflow/example_dags/example_python_decorator.py for tasks to queue
[2024-03-08T13:35:11.608+0530] {logging_mixin.py:188} INFO - [2024-03-08T13:35:11.607+0530] {dagbag.py:540} INFO - Filling up the DagBag from /Users/anikbhowmick/Python/Big_Data_Assignment/A02/airflow_env/lib/python3.11/site-packages/airflow/example_dags/example_python_decorator.py
[2024-03-08T13:35:11.642+0530] {processor.py:840} INFO - DAG(s) 'example_python_decorator' retrieved from /Users/anikbhowmick/Python/Big_Data_Assignment/A02/airflow_env/lib/python3.11/site-packages/airflow/example_dags/example_python_decorator.py
[2024-03-08T13:35:11.696+0530] {logging_mixin.py:188} INFO - [2024-03-08T13:35:11.696+0530] {dag.py:3047} INFO - Sync 1 DAGs
[2024-03-08T13:35:11.698+0530] {logging_mixin.py:188} INFO - [2024-03-08T13:35:11.698+0530] {dag.py:3834} INFO - Setting next_dagrun for example_python_decorator to None, run_after=None
[2024-03-08T13:35:11.705+0530] {processor.py:183} INFO - Processing /Users/anikbhowmick/Python/Big_Data_Assignment/A02/airflow_env/lib/python3.11/site-packages/airflow/example_dags/example_python_decorator.py took 0.099 seconds
[2024-03-08T13:37:01.245+0530] {processor.py:161} INFO - Started process (PID=15599) to work on /Users/anikbhowmick/Python/Big_Data_Assignment/A02/airflow_env/lib/python3.11/site-packages/airflow/example_dags/example_python_decorator.py
[2024-03-08T13:37:01.246+0530] {processor.py:830} INFO - Processing file /Users/anikbhowmick/Python/Big_Data_Assignment/A02/airflow_env/lib/python3.11/site-packages/airflow/example_dags/example_python_decorator.py for tasks to queue
[2024-03-08T13:37:01.246+0530] {logging_mixin.py:188} INFO - [2024-03-08T13:37:01.246+0530] {dagbag.py:540} INFO - Filling up the DagBag from /Users/anikbhowmick/Python/Big_Data_Assignment/A02/airflow_env/lib/python3.11/site-packages/airflow/example_dags/example_python_decorator.py
[2024-03-08T13:37:01.280+0530] {processor.py:840} INFO - DAG(s) 'example_python_decorator' retrieved from /Users/anikbhowmick/Python/Big_Data_Assignment/A02/airflow_env/lib/python3.11/site-packages/airflow/example_dags/example_python_decorator.py
[2024-03-08T13:37:01.334+0530] {logging_mixin.py:188} INFO - [2024-03-08T13:37:01.334+0530] {dag.py:3047} INFO - Sync 1 DAGs
[2024-03-08T13:37:01.337+0530] {logging_mixin.py:188} INFO - [2024-03-08T13:37:01.337+0530] {dag.py:3834} INFO - Setting next_dagrun for example_python_decorator to None, run_after=None
[2024-03-08T13:37:01.344+0530] {processor.py:183} INFO - Processing /Users/anikbhowmick/Python/Big_Data_Assignment/A02/airflow_env/lib/python3.11/site-packages/airflow/example_dags/example_python_decorator.py took 0.099 seconds
[2024-03-08T14:24:10.787+0530] {processor.py:161} INFO - Started process (PID=16689) to work on /Users/anikbhowmick/Python/Big_Data_Assignment/A02/airflow_env/lib/python3.11/site-packages/airflow/example_dags/example_python_decorator.py
[2024-03-08T14:24:10.788+0530] {processor.py:830} INFO - Processing file /Users/anikbhowmick/Python/Big_Data_Assignment/A02/airflow_env/lib/python3.11/site-packages/airflow/example_dags/example_python_decorator.py for tasks to queue
[2024-03-08T14:24:10.788+0530] {logging_mixin.py:188} INFO - [2024-03-08T14:24:10.788+0530] {dagbag.py:540} INFO - Filling up the DagBag from /Users/anikbhowmick/Python/Big_Data_Assignment/A02/airflow_env/lib/python3.11/site-packages/airflow/example_dags/example_python_decorator.py
[2024-03-08T14:24:10.825+0530] {processor.py:840} INFO - DAG(s) 'example_python_decorator' retrieved from /Users/anikbhowmick/Python/Big_Data_Assignment/A02/airflow_env/lib/python3.11/site-packages/airflow/example_dags/example_python_decorator.py
[2024-03-08T14:24:10.882+0530] {logging_mixin.py:188} INFO - [2024-03-08T14:24:10.881+0530] {dag.py:3047} INFO - Sync 1 DAGs
[2024-03-08T14:24:10.884+0530] {logging_mixin.py:188} INFO - [2024-03-08T14:24:10.884+0530] {dag.py:3834} INFO - Setting next_dagrun for example_python_decorator to None, run_after=None
[2024-03-08T14:24:10.891+0530] {processor.py:183} INFO - Processing /Users/anikbhowmick/Python/Big_Data_Assignment/A02/airflow_env/lib/python3.11/site-packages/airflow/example_dags/example_python_decorator.py took 0.105 seconds
[2024-03-08T14:28:28.875+0530] {processor.py:161} INFO - Started process (PID=16978) to work on /Users/anikbhowmick/Python/Big_Data_Assignment/A02/airflow_env/lib/python3.11/site-packages/airflow/example_dags/example_python_decorator.py
[2024-03-08T14:28:28.876+0530] {processor.py:830} INFO - Processing file /Users/anikbhowmick/Python/Big_Data_Assignment/A02/airflow_env/lib/python3.11/site-packages/airflow/example_dags/example_python_decorator.py for tasks to queue
[2024-03-08T14:28:28.876+0530] {logging_mixin.py:188} INFO - [2024-03-08T14:28:28.876+0530] {dagbag.py:540} INFO - Filling up the DagBag from /Users/anikbhowmick/Python/Big_Data_Assignment/A02/airflow_env/lib/python3.11/site-packages/airflow/example_dags/example_python_decorator.py
[2024-03-08T14:28:28.912+0530] {processor.py:840} INFO - DAG(s) 'example_python_decorator' retrieved from /Users/anikbhowmick/Python/Big_Data_Assignment/A02/airflow_env/lib/python3.11/site-packages/airflow/example_dags/example_python_decorator.py
[2024-03-08T14:28:28.971+0530] {logging_mixin.py:188} INFO - [2024-03-08T14:28:28.971+0530] {dag.py:3047} INFO - Sync 1 DAGs
[2024-03-08T14:28:28.974+0530] {logging_mixin.py:188} INFO - [2024-03-08T14:28:28.974+0530] {dag.py:3834} INFO - Setting next_dagrun for example_python_decorator to None, run_after=None
[2024-03-08T14:28:28.980+0530] {processor.py:183} INFO - Processing /Users/anikbhowmick/Python/Big_Data_Assignment/A02/airflow_env/lib/python3.11/site-packages/airflow/example_dags/example_python_decorator.py took 0.106 seconds
[2024-03-08T14:29:53.516+0530] {processor.py:161} INFO - Started process (PID=17037) to work on /Users/anikbhowmick/Python/Big_Data_Assignment/A02/airflow_env/lib/python3.11/site-packages/airflow/example_dags/example_python_decorator.py
[2024-03-08T14:29:53.516+0530] {processor.py:830} INFO - Processing file /Users/anikbhowmick/Python/Big_Data_Assignment/A02/airflow_env/lib/python3.11/site-packages/airflow/example_dags/example_python_decorator.py for tasks to queue
[2024-03-08T14:29:53.516+0530] {logging_mixin.py:188} INFO - [2024-03-08T14:29:53.516+0530] {dagbag.py:540} INFO - Filling up the DagBag from /Users/anikbhowmick/Python/Big_Data_Assignment/A02/airflow_env/lib/python3.11/site-packages/airflow/example_dags/example_python_decorator.py
[2024-03-08T14:29:53.550+0530] {processor.py:840} INFO - DAG(s) 'example_python_decorator' retrieved from /Users/anikbhowmick/Python/Big_Data_Assignment/A02/airflow_env/lib/python3.11/site-packages/airflow/example_dags/example_python_decorator.py
[2024-03-08T14:29:53.604+0530] {logging_mixin.py:188} INFO - [2024-03-08T14:29:53.604+0530] {dag.py:3047} INFO - Sync 1 DAGs
[2024-03-08T14:29:53.606+0530] {logging_mixin.py:188} INFO - [2024-03-08T14:29:53.606+0530] {dag.py:3834} INFO - Setting next_dagrun for example_python_decorator to None, run_after=None
[2024-03-08T14:29:53.613+0530] {processor.py:183} INFO - Processing /Users/anikbhowmick/Python/Big_Data_Assignment/A02/airflow_env/lib/python3.11/site-packages/airflow/example_dags/example_python_decorator.py took 0.098 seconds
[2024-03-08T14:33:58.096+0530] {processor.py:161} INFO - Started process (PID=17297) to work on /Users/anikbhowmick/Python/Big_Data_Assignment/A02/airflow_env/lib/python3.11/site-packages/airflow/example_dags/example_python_decorator.py
[2024-03-08T14:33:58.097+0530] {processor.py:830} INFO - Processing file /Users/anikbhowmick/Python/Big_Data_Assignment/A02/airflow_env/lib/python3.11/site-packages/airflow/example_dags/example_python_decorator.py for tasks to queue
[2024-03-08T14:33:58.097+0530] {logging_mixin.py:188} INFO - [2024-03-08T14:33:58.097+0530] {dagbag.py:540} INFO - Filling up the DagBag from /Users/anikbhowmick/Python/Big_Data_Assignment/A02/airflow_env/lib/python3.11/site-packages/airflow/example_dags/example_python_decorator.py
[2024-03-08T14:33:58.131+0530] {processor.py:840} INFO - DAG(s) 'example_python_decorator' retrieved from /Users/anikbhowmick/Python/Big_Data_Assignment/A02/airflow_env/lib/python3.11/site-packages/airflow/example_dags/example_python_decorator.py
[2024-03-08T14:33:58.185+0530] {logging_mixin.py:188} INFO - [2024-03-08T14:33:58.185+0530] {dag.py:3047} INFO - Sync 1 DAGs
[2024-03-08T14:33:58.187+0530] {logging_mixin.py:188} INFO - [2024-03-08T14:33:58.187+0530] {dag.py:3834} INFO - Setting next_dagrun for example_python_decorator to None, run_after=None
[2024-03-08T14:33:58.194+0530] {processor.py:183} INFO - Processing /Users/anikbhowmick/Python/Big_Data_Assignment/A02/airflow_env/lib/python3.11/site-packages/airflow/example_dags/example_python_decorator.py took 0.098 seconds
[2024-03-08T14:35:23.736+0530] {processor.py:161} INFO - Started process (PID=17369) to work on /Users/anikbhowmick/Python/Big_Data_Assignment/A02/airflow_env/lib/python3.11/site-packages/airflow/example_dags/example_python_decorator.py
[2024-03-08T14:35:23.738+0530] {processor.py:830} INFO - Processing file /Users/anikbhowmick/Python/Big_Data_Assignment/A02/airflow_env/lib/python3.11/site-packages/airflow/example_dags/example_python_decorator.py for tasks to queue
[2024-03-08T14:35:23.738+0530] {logging_mixin.py:188} INFO - [2024-03-08T14:35:23.738+0530] {dagbag.py:540} INFO - Filling up the DagBag from /Users/anikbhowmick/Python/Big_Data_Assignment/A02/airflow_env/lib/python3.11/site-packages/airflow/example_dags/example_python_decorator.py
[2024-03-08T14:35:23.772+0530] {processor.py:840} INFO - DAG(s) 'example_python_decorator' retrieved from /Users/anikbhowmick/Python/Big_Data_Assignment/A02/airflow_env/lib/python3.11/site-packages/airflow/example_dags/example_python_decorator.py
[2024-03-08T14:35:23.825+0530] {logging_mixin.py:188} INFO - [2024-03-08T14:35:23.825+0530] {dag.py:3047} INFO - Sync 1 DAGs
[2024-03-08T14:35:23.828+0530] {logging_mixin.py:188} INFO - [2024-03-08T14:35:23.828+0530] {dag.py:3834} INFO - Setting next_dagrun for example_python_decorator to None, run_after=None
[2024-03-08T14:35:23.834+0530] {processor.py:183} INFO - Processing /Users/anikbhowmick/Python/Big_Data_Assignment/A02/airflow_env/lib/python3.11/site-packages/airflow/example_dags/example_python_decorator.py took 0.098 seconds
[2024-03-08T14:37:13.492+0530] {processor.py:161} INFO - Started process (PID=17437) to work on /Users/anikbhowmick/Python/Big_Data_Assignment/A02/airflow_env/lib/python3.11/site-packages/airflow/example_dags/example_python_decorator.py
[2024-03-08T14:37:13.492+0530] {processor.py:830} INFO - Processing file /Users/anikbhowmick/Python/Big_Data_Assignment/A02/airflow_env/lib/python3.11/site-packages/airflow/example_dags/example_python_decorator.py for tasks to queue
[2024-03-08T14:37:13.492+0530] {logging_mixin.py:188} INFO - [2024-03-08T14:37:13.492+0530] {dagbag.py:540} INFO - Filling up the DagBag from /Users/anikbhowmick/Python/Big_Data_Assignment/A02/airflow_env/lib/python3.11/site-packages/airflow/example_dags/example_python_decorator.py
[2024-03-08T14:37:13.526+0530] {processor.py:840} INFO - DAG(s) 'example_python_decorator' retrieved from /Users/anikbhowmick/Python/Big_Data_Assignment/A02/airflow_env/lib/python3.11/site-packages/airflow/example_dags/example_python_decorator.py
[2024-03-08T14:37:13.580+0530] {logging_mixin.py:188} INFO - [2024-03-08T14:37:13.580+0530] {dag.py:3047} INFO - Sync 1 DAGs
[2024-03-08T14:37:13.582+0530] {logging_mixin.py:188} INFO - [2024-03-08T14:37:13.582+0530] {dag.py:3834} INFO - Setting next_dagrun for example_python_decorator to None, run_after=None
[2024-03-08T14:37:13.589+0530] {processor.py:183} INFO - Processing /Users/anikbhowmick/Python/Big_Data_Assignment/A02/airflow_env/lib/python3.11/site-packages/airflow/example_dags/example_python_decorator.py took 0.097 seconds
[2024-03-08T14:38:58.535+0530] {processor.py:161} INFO - Started process (PID=17509) to work on /Users/anikbhowmick/Python/Big_Data_Assignment/A02/airflow_env/lib/python3.11/site-packages/airflow/example_dags/example_python_decorator.py
[2024-03-08T14:38:58.536+0530] {processor.py:830} INFO - Processing file /Users/anikbhowmick/Python/Big_Data_Assignment/A02/airflow_env/lib/python3.11/site-packages/airflow/example_dags/example_python_decorator.py for tasks to queue
[2024-03-08T14:38:58.536+0530] {logging_mixin.py:188} INFO - [2024-03-08T14:38:58.536+0530] {dagbag.py:540} INFO - Filling up the DagBag from /Users/anikbhowmick/Python/Big_Data_Assignment/A02/airflow_env/lib/python3.11/site-packages/airflow/example_dags/example_python_decorator.py
[2024-03-08T14:38:58.570+0530] {processor.py:840} INFO - DAG(s) 'example_python_decorator' retrieved from /Users/anikbhowmick/Python/Big_Data_Assignment/A02/airflow_env/lib/python3.11/site-packages/airflow/example_dags/example_python_decorator.py
[2024-03-08T14:38:58.623+0530] {logging_mixin.py:188} INFO - [2024-03-08T14:38:58.623+0530] {dag.py:3047} INFO - Sync 1 DAGs
[2024-03-08T14:38:58.626+0530] {logging_mixin.py:188} INFO - [2024-03-08T14:38:58.626+0530] {dag.py:3834} INFO - Setting next_dagrun for example_python_decorator to None, run_after=None
[2024-03-08T14:38:58.632+0530] {processor.py:183} INFO - Processing /Users/anikbhowmick/Python/Big_Data_Assignment/A02/airflow_env/lib/python3.11/site-packages/airflow/example_dags/example_python_decorator.py took 0.097 seconds
[2024-03-08T14:40:48.063+0530] {processor.py:161} INFO - Started process (PID=17576) to work on /Users/anikbhowmick/Python/Big_Data_Assignment/A02/airflow_env/lib/python3.11/site-packages/airflow/example_dags/example_python_decorator.py
[2024-03-08T14:40:48.064+0530] {processor.py:830} INFO - Processing file /Users/anikbhowmick/Python/Big_Data_Assignment/A02/airflow_env/lib/python3.11/site-packages/airflow/example_dags/example_python_decorator.py for tasks to queue
[2024-03-08T14:40:48.064+0530] {logging_mixin.py:188} INFO - [2024-03-08T14:40:48.064+0530] {dagbag.py:540} INFO - Filling up the DagBag from /Users/anikbhowmick/Python/Big_Data_Assignment/A02/airflow_env/lib/python3.11/site-packages/airflow/example_dags/example_python_decorator.py
[2024-03-08T14:40:48.099+0530] {processor.py:840} INFO - DAG(s) 'example_python_decorator' retrieved from /Users/anikbhowmick/Python/Big_Data_Assignment/A02/airflow_env/lib/python3.11/site-packages/airflow/example_dags/example_python_decorator.py
[2024-03-08T14:40:48.152+0530] {logging_mixin.py:188} INFO - [2024-03-08T14:40:48.152+0530] {dag.py:3047} INFO - Sync 1 DAGs
[2024-03-08T14:40:48.155+0530] {logging_mixin.py:188} INFO - [2024-03-08T14:40:48.155+0530] {dag.py:3834} INFO - Setting next_dagrun for example_python_decorator to None, run_after=None
[2024-03-08T14:40:48.161+0530] {processor.py:183} INFO - Processing /Users/anikbhowmick/Python/Big_Data_Assignment/A02/airflow_env/lib/python3.11/site-packages/airflow/example_dags/example_python_decorator.py took 0.099 seconds
[2024-03-08T14:42:31.406+0530] {processor.py:161} INFO - Started process (PID=17643) to work on /Users/anikbhowmick/Python/Big_Data_Assignment/A02/airflow_env/lib/python3.11/site-packages/airflow/example_dags/example_python_decorator.py
[2024-03-08T14:42:31.406+0530] {processor.py:830} INFO - Processing file /Users/anikbhowmick/Python/Big_Data_Assignment/A02/airflow_env/lib/python3.11/site-packages/airflow/example_dags/example_python_decorator.py for tasks to queue
[2024-03-08T14:42:31.406+0530] {logging_mixin.py:188} INFO - [2024-03-08T14:42:31.406+0530] {dagbag.py:540} INFO - Filling up the DagBag from /Users/anikbhowmick/Python/Big_Data_Assignment/A02/airflow_env/lib/python3.11/site-packages/airflow/example_dags/example_python_decorator.py
[2024-03-08T14:42:31.440+0530] {processor.py:840} INFO - DAG(s) 'example_python_decorator' retrieved from /Users/anikbhowmick/Python/Big_Data_Assignment/A02/airflow_env/lib/python3.11/site-packages/airflow/example_dags/example_python_decorator.py
[2024-03-08T14:42:31.494+0530] {logging_mixin.py:188} INFO - [2024-03-08T14:42:31.494+0530] {dag.py:3047} INFO - Sync 1 DAGs
[2024-03-08T14:42:31.496+0530] {logging_mixin.py:188} INFO - [2024-03-08T14:42:31.496+0530] {dag.py:3834} INFO - Setting next_dagrun for example_python_decorator to None, run_after=None
[2024-03-08T14:42:31.503+0530] {processor.py:183} INFO - Processing /Users/anikbhowmick/Python/Big_Data_Assignment/A02/airflow_env/lib/python3.11/site-packages/airflow/example_dags/example_python_decorator.py took 0.098 seconds
[2024-03-08T14:53:08.046+0530] {processor.py:161} INFO - Started process (PID=17975) to work on /Users/anikbhowmick/Python/Big_Data_Assignment/A02/airflow_env/lib/python3.11/site-packages/airflow/example_dags/example_python_decorator.py
[2024-03-08T14:53:08.047+0530] {processor.py:830} INFO - Processing file /Users/anikbhowmick/Python/Big_Data_Assignment/A02/airflow_env/lib/python3.11/site-packages/airflow/example_dags/example_python_decorator.py for tasks to queue
[2024-03-08T14:53:08.047+0530] {logging_mixin.py:188} INFO - [2024-03-08T14:53:08.047+0530] {dagbag.py:540} INFO - Filling up the DagBag from /Users/anikbhowmick/Python/Big_Data_Assignment/A02/airflow_env/lib/python3.11/site-packages/airflow/example_dags/example_python_decorator.py
[2024-03-08T14:53:08.082+0530] {processor.py:840} INFO - DAG(s) 'example_python_decorator' retrieved from /Users/anikbhowmick/Python/Big_Data_Assignment/A02/airflow_env/lib/python3.11/site-packages/airflow/example_dags/example_python_decorator.py
[2024-03-08T14:53:08.136+0530] {logging_mixin.py:188} INFO - [2024-03-08T14:53:08.135+0530] {dag.py:3047} INFO - Sync 1 DAGs
[2024-03-08T14:53:08.138+0530] {logging_mixin.py:188} INFO - [2024-03-08T14:53:08.138+0530] {dag.py:3834} INFO - Setting next_dagrun for example_python_decorator to None, run_after=None
[2024-03-08T14:53:08.144+0530] {processor.py:183} INFO - Processing /Users/anikbhowmick/Python/Big_Data_Assignment/A02/airflow_env/lib/python3.11/site-packages/airflow/example_dags/example_python_decorator.py took 0.099 seconds
[2024-03-08T14:54:32.836+0530] {processor.py:161} INFO - Started process (PID=18139) to work on /Users/anikbhowmick/Python/Big_Data_Assignment/A02/airflow_env/lib/python3.11/site-packages/airflow/example_dags/example_python_decorator.py
[2024-03-08T14:54:32.837+0530] {processor.py:830} INFO - Processing file /Users/anikbhowmick/Python/Big_Data_Assignment/A02/airflow_env/lib/python3.11/site-packages/airflow/example_dags/example_python_decorator.py for tasks to queue
[2024-03-08T14:54:32.837+0530] {logging_mixin.py:188} INFO - [2024-03-08T14:54:32.837+0530] {dagbag.py:540} INFO - Filling up the DagBag from /Users/anikbhowmick/Python/Big_Data_Assignment/A02/airflow_env/lib/python3.11/site-packages/airflow/example_dags/example_python_decorator.py
[2024-03-08T14:54:32.871+0530] {processor.py:840} INFO - DAG(s) 'example_python_decorator' retrieved from /Users/anikbhowmick/Python/Big_Data_Assignment/A02/airflow_env/lib/python3.11/site-packages/airflow/example_dags/example_python_decorator.py
[2024-03-08T14:54:32.925+0530] {logging_mixin.py:188} INFO - [2024-03-08T14:54:32.925+0530] {dag.py:3047} INFO - Sync 1 DAGs
[2024-03-08T14:54:32.928+0530] {logging_mixin.py:188} INFO - [2024-03-08T14:54:32.928+0530] {dag.py:3834} INFO - Setting next_dagrun for example_python_decorator to None, run_after=None
[2024-03-08T14:54:32.934+0530] {processor.py:183} INFO - Processing /Users/anikbhowmick/Python/Big_Data_Assignment/A02/airflow_env/lib/python3.11/site-packages/airflow/example_dags/example_python_decorator.py took 0.099 seconds
[2024-03-08T14:56:17.400+0530] {processor.py:161} INFO - Started process (PID=18230) to work on /Users/anikbhowmick/Python/Big_Data_Assignment/A02/airflow_env/lib/python3.11/site-packages/airflow/example_dags/example_python_decorator.py
[2024-03-08T14:56:17.401+0530] {processor.py:830} INFO - Processing file /Users/anikbhowmick/Python/Big_Data_Assignment/A02/airflow_env/lib/python3.11/site-packages/airflow/example_dags/example_python_decorator.py for tasks to queue
[2024-03-08T14:56:17.401+0530] {logging_mixin.py:188} INFO - [2024-03-08T14:56:17.401+0530] {dagbag.py:540} INFO - Filling up the DagBag from /Users/anikbhowmick/Python/Big_Data_Assignment/A02/airflow_env/lib/python3.11/site-packages/airflow/example_dags/example_python_decorator.py
[2024-03-08T14:56:17.437+0530] {processor.py:840} INFO - DAG(s) 'example_python_decorator' retrieved from /Users/anikbhowmick/Python/Big_Data_Assignment/A02/airflow_env/lib/python3.11/site-packages/airflow/example_dags/example_python_decorator.py
[2024-03-08T14:56:17.491+0530] {logging_mixin.py:188} INFO - [2024-03-08T14:56:17.491+0530] {dag.py:3047} INFO - Sync 1 DAGs
[2024-03-08T14:56:17.494+0530] {logging_mixin.py:188} INFO - [2024-03-08T14:56:17.494+0530] {dag.py:3834} INFO - Setting next_dagrun for example_python_decorator to None, run_after=None
[2024-03-08T14:56:17.501+0530] {processor.py:183} INFO - Processing /Users/anikbhowmick/Python/Big_Data_Assignment/A02/airflow_env/lib/python3.11/site-packages/airflow/example_dags/example_python_decorator.py took 0.101 seconds
[2024-03-08T14:58:07.878+0530] {processor.py:161} INFO - Started process (PID=18296) to work on /Users/anikbhowmick/Python/Big_Data_Assignment/A02/airflow_env/lib/python3.11/site-packages/airflow/example_dags/example_python_decorator.py
[2024-03-08T14:58:07.879+0530] {processor.py:830} INFO - Processing file /Users/anikbhowmick/Python/Big_Data_Assignment/A02/airflow_env/lib/python3.11/site-packages/airflow/example_dags/example_python_decorator.py for tasks to queue
[2024-03-08T14:58:07.879+0530] {logging_mixin.py:188} INFO - [2024-03-08T14:58:07.879+0530] {dagbag.py:540} INFO - Filling up the DagBag from /Users/anikbhowmick/Python/Big_Data_Assignment/A02/airflow_env/lib/python3.11/site-packages/airflow/example_dags/example_python_decorator.py
[2024-03-08T14:58:07.913+0530] {processor.py:840} INFO - DAG(s) 'example_python_decorator' retrieved from /Users/anikbhowmick/Python/Big_Data_Assignment/A02/airflow_env/lib/python3.11/site-packages/airflow/example_dags/example_python_decorator.py
[2024-03-08T14:58:07.966+0530] {logging_mixin.py:188} INFO - [2024-03-08T14:58:07.966+0530] {dag.py:3047} INFO - Sync 1 DAGs
[2024-03-08T14:58:07.969+0530] {logging_mixin.py:188} INFO - [2024-03-08T14:58:07.969+0530] {dag.py:3834} INFO - Setting next_dagrun for example_python_decorator to None, run_after=None
[2024-03-08T14:58:07.975+0530] {processor.py:183} INFO - Processing /Users/anikbhowmick/Python/Big_Data_Assignment/A02/airflow_env/lib/python3.11/site-packages/airflow/example_dags/example_python_decorator.py took 0.098 seconds
[2024-03-08T15:00:00.330+0530] {processor.py:161} INFO - Started process (PID=18369) to work on /Users/anikbhowmick/Python/Big_Data_Assignment/A02/airflow_env/lib/python3.11/site-packages/airflow/example_dags/example_python_decorator.py
[2024-03-08T15:00:00.331+0530] {processor.py:830} INFO - Processing file /Users/anikbhowmick/Python/Big_Data_Assignment/A02/airflow_env/lib/python3.11/site-packages/airflow/example_dags/example_python_decorator.py for tasks to queue
[2024-03-08T15:00:00.331+0530] {logging_mixin.py:188} INFO - [2024-03-08T15:00:00.331+0530] {dagbag.py:540} INFO - Filling up the DagBag from /Users/anikbhowmick/Python/Big_Data_Assignment/A02/airflow_env/lib/python3.11/site-packages/airflow/example_dags/example_python_decorator.py
[2024-03-08T15:00:00.365+0530] {processor.py:840} INFO - DAG(s) 'example_python_decorator' retrieved from /Users/anikbhowmick/Python/Big_Data_Assignment/A02/airflow_env/lib/python3.11/site-packages/airflow/example_dags/example_python_decorator.py
[2024-03-08T15:00:00.418+0530] {logging_mixin.py:188} INFO - [2024-03-08T15:00:00.418+0530] {dag.py:3047} INFO - Sync 1 DAGs
[2024-03-08T15:00:00.421+0530] {logging_mixin.py:188} INFO - [2024-03-08T15:00:00.421+0530] {dag.py:3834} INFO - Setting next_dagrun for example_python_decorator to None, run_after=None
[2024-03-08T15:00:00.427+0530] {processor.py:183} INFO - Processing /Users/anikbhowmick/Python/Big_Data_Assignment/A02/airflow_env/lib/python3.11/site-packages/airflow/example_dags/example_python_decorator.py took 0.098 seconds
[2024-03-08T15:01:57.107+0530] {processor.py:161} INFO - Started process (PID=18445) to work on /Users/anikbhowmick/Python/Big_Data_Assignment/A02/airflow_env/lib/python3.11/site-packages/airflow/example_dags/example_python_decorator.py
[2024-03-08T15:01:57.108+0530] {processor.py:830} INFO - Processing file /Users/anikbhowmick/Python/Big_Data_Assignment/A02/airflow_env/lib/python3.11/site-packages/airflow/example_dags/example_python_decorator.py for tasks to queue
[2024-03-08T15:01:57.108+0530] {logging_mixin.py:188} INFO - [2024-03-08T15:01:57.108+0530] {dagbag.py:540} INFO - Filling up the DagBag from /Users/anikbhowmick/Python/Big_Data_Assignment/A02/airflow_env/lib/python3.11/site-packages/airflow/example_dags/example_python_decorator.py
[2024-03-08T15:01:57.142+0530] {processor.py:840} INFO - DAG(s) 'example_python_decorator' retrieved from /Users/anikbhowmick/Python/Big_Data_Assignment/A02/airflow_env/lib/python3.11/site-packages/airflow/example_dags/example_python_decorator.py
[2024-03-08T15:01:57.196+0530] {logging_mixin.py:188} INFO - [2024-03-08T15:01:57.196+0530] {dag.py:3047} INFO - Sync 1 DAGs
[2024-03-08T15:01:57.199+0530] {logging_mixin.py:188} INFO - [2024-03-08T15:01:57.199+0530] {dag.py:3834} INFO - Setting next_dagrun for example_python_decorator to None, run_after=None
[2024-03-08T15:01:57.205+0530] {processor.py:183} INFO - Processing /Users/anikbhowmick/Python/Big_Data_Assignment/A02/airflow_env/lib/python3.11/site-packages/airflow/example_dags/example_python_decorator.py took 0.099 seconds
[2024-03-08T15:03:41.960+0530] {processor.py:161} INFO - Started process (PID=18518) to work on /Users/anikbhowmick/Python/Big_Data_Assignment/A02/airflow_env/lib/python3.11/site-packages/airflow/example_dags/example_python_decorator.py
[2024-03-08T15:03:41.961+0530] {processor.py:830} INFO - Processing file /Users/anikbhowmick/Python/Big_Data_Assignment/A02/airflow_env/lib/python3.11/site-packages/airflow/example_dags/example_python_decorator.py for tasks to queue
[2024-03-08T15:03:41.961+0530] {logging_mixin.py:188} INFO - [2024-03-08T15:03:41.961+0530] {dagbag.py:540} INFO - Filling up the DagBag from /Users/anikbhowmick/Python/Big_Data_Assignment/A02/airflow_env/lib/python3.11/site-packages/airflow/example_dags/example_python_decorator.py
[2024-03-08T15:03:41.996+0530] {processor.py:840} INFO - DAG(s) 'example_python_decorator' retrieved from /Users/anikbhowmick/Python/Big_Data_Assignment/A02/airflow_env/lib/python3.11/site-packages/airflow/example_dags/example_python_decorator.py
[2024-03-08T15:03:42.050+0530] {logging_mixin.py:188} INFO - [2024-03-08T15:03:42.050+0530] {dag.py:3047} INFO - Sync 1 DAGs
[2024-03-08T15:03:42.052+0530] {logging_mixin.py:188} INFO - [2024-03-08T15:03:42.052+0530] {dag.py:3834} INFO - Setting next_dagrun for example_python_decorator to None, run_after=None
[2024-03-08T15:03:42.059+0530] {processor.py:183} INFO - Processing /Users/anikbhowmick/Python/Big_Data_Assignment/A02/airflow_env/lib/python3.11/site-packages/airflow/example_dags/example_python_decorator.py took 0.099 seconds
[2024-03-08T15:05:29.605+0530] {processor.py:161} INFO - Started process (PID=18587) to work on /Users/anikbhowmick/Python/Big_Data_Assignment/A02/airflow_env/lib/python3.11/site-packages/airflow/example_dags/example_python_decorator.py
[2024-03-08T15:05:29.606+0530] {processor.py:830} INFO - Processing file /Users/anikbhowmick/Python/Big_Data_Assignment/A02/airflow_env/lib/python3.11/site-packages/airflow/example_dags/example_python_decorator.py for tasks to queue
[2024-03-08T15:05:29.606+0530] {logging_mixin.py:188} INFO - [2024-03-08T15:05:29.606+0530] {dagbag.py:540} INFO - Filling up the DagBag from /Users/anikbhowmick/Python/Big_Data_Assignment/A02/airflow_env/lib/python3.11/site-packages/airflow/example_dags/example_python_decorator.py
[2024-03-08T15:05:29.641+0530] {processor.py:840} INFO - DAG(s) 'example_python_decorator' retrieved from /Users/anikbhowmick/Python/Big_Data_Assignment/A02/airflow_env/lib/python3.11/site-packages/airflow/example_dags/example_python_decorator.py
[2024-03-08T15:05:29.697+0530] {logging_mixin.py:188} INFO - [2024-03-08T15:05:29.697+0530] {dag.py:3047} INFO - Sync 1 DAGs
[2024-03-08T15:05:29.700+0530] {logging_mixin.py:188} INFO - [2024-03-08T15:05:29.700+0530] {dag.py:3834} INFO - Setting next_dagrun for example_python_decorator to None, run_after=None
[2024-03-08T15:05:29.706+0530] {processor.py:183} INFO - Processing /Users/anikbhowmick/Python/Big_Data_Assignment/A02/airflow_env/lib/python3.11/site-packages/airflow/example_dags/example_python_decorator.py took 0.102 seconds
[2024-03-08T15:10:30.679+0530] {processor.py:161} INFO - Started process (PID=18914) to work on /Users/anikbhowmick/Python/Big_Data_Assignment/A02/airflow_env/lib/python3.11/site-packages/airflow/example_dags/example_python_decorator.py
[2024-03-08T15:10:30.680+0530] {processor.py:830} INFO - Processing file /Users/anikbhowmick/Python/Big_Data_Assignment/A02/airflow_env/lib/python3.11/site-packages/airflow/example_dags/example_python_decorator.py for tasks to queue
[2024-03-08T15:10:30.680+0530] {logging_mixin.py:188} INFO - [2024-03-08T15:10:30.680+0530] {dagbag.py:540} INFO - Filling up the DagBag from /Users/anikbhowmick/Python/Big_Data_Assignment/A02/airflow_env/lib/python3.11/site-packages/airflow/example_dags/example_python_decorator.py
[2024-03-08T15:10:30.724+0530] {processor.py:840} INFO - DAG(s) 'example_python_decorator' retrieved from /Users/anikbhowmick/Python/Big_Data_Assignment/A02/airflow_env/lib/python3.11/site-packages/airflow/example_dags/example_python_decorator.py
[2024-03-08T15:10:30.785+0530] {logging_mixin.py:188} INFO - [2024-03-08T15:10:30.785+0530] {dag.py:3047} INFO - Sync 1 DAGs
[2024-03-08T15:10:30.788+0530] {logging_mixin.py:188} INFO - [2024-03-08T15:10:30.788+0530] {dag.py:3834} INFO - Setting next_dagrun for example_python_decorator to None, run_after=None
[2024-03-08T15:10:30.795+0530] {processor.py:183} INFO - Processing /Users/anikbhowmick/Python/Big_Data_Assignment/A02/airflow_env/lib/python3.11/site-packages/airflow/example_dags/example_python_decorator.py took 0.116 seconds
[2024-03-08T16:49:23.534+0530] {processor.py:161} INFO - Started process (PID=1242) to work on /Users/anikbhowmick/Python/Big_Data_Assignment/A02/airflow_env/lib/python3.11/site-packages/airflow/example_dags/example_python_decorator.py
[2024-03-08T16:49:23.535+0530] {processor.py:830} INFO - Processing file /Users/anikbhowmick/Python/Big_Data_Assignment/A02/airflow_env/lib/python3.11/site-packages/airflow/example_dags/example_python_decorator.py for tasks to queue
[2024-03-08T16:49:23.535+0530] {logging_mixin.py:188} INFO - [2024-03-08T16:49:23.535+0530] {dagbag.py:540} INFO - Filling up the DagBag from /Users/anikbhowmick/Python/Big_Data_Assignment/A02/airflow_env/lib/python3.11/site-packages/airflow/example_dags/example_python_decorator.py
[2024-03-08T16:49:23.570+0530] {processor.py:840} INFO - DAG(s) 'example_python_decorator' retrieved from /Users/anikbhowmick/Python/Big_Data_Assignment/A02/airflow_env/lib/python3.11/site-packages/airflow/example_dags/example_python_decorator.py
[2024-03-08T16:49:23.625+0530] {logging_mixin.py:188} INFO - [2024-03-08T16:49:23.624+0530] {dag.py:3047} INFO - Sync 1 DAGs
[2024-03-08T16:49:23.627+0530] {logging_mixin.py:188} INFO - [2024-03-08T16:49:23.627+0530] {dag.py:3834} INFO - Setting next_dagrun for example_python_decorator to None, run_after=None
[2024-03-08T16:49:23.634+0530] {processor.py:183} INFO - Processing /Users/anikbhowmick/Python/Big_Data_Assignment/A02/airflow_env/lib/python3.11/site-packages/airflow/example_dags/example_python_decorator.py took 0.100 seconds
[2024-03-08T16:53:42.992+0530] {processor.py:161} INFO - Started process (PID=1566) to work on /Users/anikbhowmick/Python/Big_Data_Assignment/A02/airflow_env/lib/python3.11/site-packages/airflow/example_dags/example_python_decorator.py
[2024-03-08T16:53:42.993+0530] {processor.py:830} INFO - Processing file /Users/anikbhowmick/Python/Big_Data_Assignment/A02/airflow_env/lib/python3.11/site-packages/airflow/example_dags/example_python_decorator.py for tasks to queue
[2024-03-08T16:53:42.993+0530] {logging_mixin.py:188} INFO - [2024-03-08T16:53:42.993+0530] {dagbag.py:540} INFO - Filling up the DagBag from /Users/anikbhowmick/Python/Big_Data_Assignment/A02/airflow_env/lib/python3.11/site-packages/airflow/example_dags/example_python_decorator.py
[2024-03-08T16:53:43.028+0530] {processor.py:840} INFO - DAG(s) 'example_python_decorator' retrieved from /Users/anikbhowmick/Python/Big_Data_Assignment/A02/airflow_env/lib/python3.11/site-packages/airflow/example_dags/example_python_decorator.py
[2024-03-08T16:53:43.081+0530] {logging_mixin.py:188} INFO - [2024-03-08T16:53:43.081+0530] {dag.py:3047} INFO - Sync 1 DAGs
[2024-03-08T16:53:43.084+0530] {logging_mixin.py:188} INFO - [2024-03-08T16:53:43.084+0530] {dag.py:3834} INFO - Setting next_dagrun for example_python_decorator to None, run_after=None
[2024-03-08T16:53:43.091+0530] {processor.py:183} INFO - Processing /Users/anikbhowmick/Python/Big_Data_Assignment/A02/airflow_env/lib/python3.11/site-packages/airflow/example_dags/example_python_decorator.py took 0.099 seconds
[2024-03-08T16:55:13.027+0530] {processor.py:161} INFO - Started process (PID=1626) to work on /Users/anikbhowmick/Python/Big_Data_Assignment/A02/airflow_env/lib/python3.11/site-packages/airflow/example_dags/example_python_decorator.py
[2024-03-08T16:55:13.028+0530] {processor.py:830} INFO - Processing file /Users/anikbhowmick/Python/Big_Data_Assignment/A02/airflow_env/lib/python3.11/site-packages/airflow/example_dags/example_python_decorator.py for tasks to queue
[2024-03-08T16:55:13.028+0530] {logging_mixin.py:188} INFO - [2024-03-08T16:55:13.028+0530] {dagbag.py:540} INFO - Filling up the DagBag from /Users/anikbhowmick/Python/Big_Data_Assignment/A02/airflow_env/lib/python3.11/site-packages/airflow/example_dags/example_python_decorator.py
[2024-03-08T16:55:13.062+0530] {processor.py:840} INFO - DAG(s) 'example_python_decorator' retrieved from /Users/anikbhowmick/Python/Big_Data_Assignment/A02/airflow_env/lib/python3.11/site-packages/airflow/example_dags/example_python_decorator.py
[2024-03-08T16:55:13.115+0530] {logging_mixin.py:188} INFO - [2024-03-08T16:55:13.115+0530] {dag.py:3047} INFO - Sync 1 DAGs
[2024-03-08T16:55:13.118+0530] {logging_mixin.py:188} INFO - [2024-03-08T16:55:13.118+0530] {dag.py:3834} INFO - Setting next_dagrun for example_python_decorator to None, run_after=None
[2024-03-08T16:55:13.124+0530] {processor.py:183} INFO - Processing /Users/anikbhowmick/Python/Big_Data_Assignment/A02/airflow_env/lib/python3.11/site-packages/airflow/example_dags/example_python_decorator.py took 0.098 seconds
