[2024-03-08T12:17:33.379+0530] {processor.py:161} INFO - Started process (PID=11314) to work on /Users/anikbhowmick/Python/Big_Data_Assignment/A02/airflow_env/lib/python3.11/site-packages/airflow/example_dags/example_external_task_marker_dag.py
[2024-03-08T12:17:33.379+0530] {processor.py:830} INFO - Processing file /Users/anikbhowmick/Python/Big_Data_Assignment/A02/airflow_env/lib/python3.11/site-packages/airflow/example_dags/example_external_task_marker_dag.py for tasks to queue
[2024-03-08T12:17:33.379+0530] {logging_mixin.py:188} INFO - [2024-03-08T12:17:33.379+0530] {dagbag.py:540} INFO - Filling up the DagBag from /Users/anikbhowmick/Python/Big_Data_Assignment/A02/airflow_env/lib/python3.11/site-packages/airflow/example_dags/example_external_task_marker_dag.py
[2024-03-08T12:17:33.405+0530] {processor.py:840} INFO - DAG(s) 'example_external_task_marker_parent', 'example_external_task_marker_child' retrieved from /Users/anikbhowmick/Python/Big_Data_Assignment/A02/airflow_env/lib/python3.11/site-packages/airflow/example_dags/example_external_task_marker_dag.py
[2024-03-08T12:17:33.437+0530] {logging_mixin.py:188} INFO - [2024-03-08T12:17:33.436+0530] {dag.py:3047} INFO - Sync 2 DAGs
[2024-03-08T12:17:33.439+0530] {logging_mixin.py:188} INFO - [2024-03-08T12:17:33.439+0530] {dag.py:3834} INFO - Setting next_dagrun for example_external_task_marker_child to None, run_after=None
[2024-03-08T12:17:33.440+0530] {logging_mixin.py:188} INFO - [2024-03-08T12:17:33.440+0530] {dag.py:3834} INFO - Setting next_dagrun for example_external_task_marker_parent to None, run_after=None
[2024-03-08T12:17:33.446+0530] {processor.py:183} INFO - Processing /Users/anikbhowmick/Python/Big_Data_Assignment/A02/airflow_env/lib/python3.11/site-packages/airflow/example_dags/example_external_task_marker_dag.py took 0.068 seconds
[2024-03-08T12:19:26.103+0530] {processor.py:161} INFO - Started process (PID=11388) to work on /Users/anikbhowmick/Python/Big_Data_Assignment/A02/airflow_env/lib/python3.11/site-packages/airflow/example_dags/example_external_task_marker_dag.py
[2024-03-08T12:19:26.104+0530] {processor.py:830} INFO - Processing file /Users/anikbhowmick/Python/Big_Data_Assignment/A02/airflow_env/lib/python3.11/site-packages/airflow/example_dags/example_external_task_marker_dag.py for tasks to queue
[2024-03-08T12:19:26.104+0530] {logging_mixin.py:188} INFO - [2024-03-08T12:19:26.104+0530] {dagbag.py:540} INFO - Filling up the DagBag from /Users/anikbhowmick/Python/Big_Data_Assignment/A02/airflow_env/lib/python3.11/site-packages/airflow/example_dags/example_external_task_marker_dag.py
[2024-03-08T12:19:26.130+0530] {processor.py:840} INFO - DAG(s) 'example_external_task_marker_child', 'example_external_task_marker_parent' retrieved from /Users/anikbhowmick/Python/Big_Data_Assignment/A02/airflow_env/lib/python3.11/site-packages/airflow/example_dags/example_external_task_marker_dag.py
[2024-03-08T12:19:26.161+0530] {logging_mixin.py:188} INFO - [2024-03-08T12:19:26.161+0530] {dag.py:3047} INFO - Sync 2 DAGs
[2024-03-08T12:19:26.164+0530] {logging_mixin.py:188} INFO - [2024-03-08T12:19:26.164+0530] {dag.py:3834} INFO - Setting next_dagrun for example_external_task_marker_child to None, run_after=None
[2024-03-08T12:19:26.165+0530] {logging_mixin.py:188} INFO - [2024-03-08T12:19:26.165+0530] {dag.py:3834} INFO - Setting next_dagrun for example_external_task_marker_parent to None, run_after=None
[2024-03-08T12:19:26.171+0530] {processor.py:183} INFO - Processing /Users/anikbhowmick/Python/Big_Data_Assignment/A02/airflow_env/lib/python3.11/site-packages/airflow/example_dags/example_external_task_marker_dag.py took 0.068 seconds
[2024-03-08T12:21:17.221+0530] {processor.py:161} INFO - Started process (PID=11464) to work on /Users/anikbhowmick/Python/Big_Data_Assignment/A02/airflow_env/lib/python3.11/site-packages/airflow/example_dags/example_external_task_marker_dag.py
[2024-03-08T12:21:17.222+0530] {processor.py:830} INFO - Processing file /Users/anikbhowmick/Python/Big_Data_Assignment/A02/airflow_env/lib/python3.11/site-packages/airflow/example_dags/example_external_task_marker_dag.py for tasks to queue
[2024-03-08T12:21:17.222+0530] {logging_mixin.py:188} INFO - [2024-03-08T12:21:17.222+0530] {dagbag.py:540} INFO - Filling up the DagBag from /Users/anikbhowmick/Python/Big_Data_Assignment/A02/airflow_env/lib/python3.11/site-packages/airflow/example_dags/example_external_task_marker_dag.py
[2024-03-08T12:21:17.248+0530] {processor.py:840} INFO - DAG(s) 'example_external_task_marker_parent', 'example_external_task_marker_child' retrieved from /Users/anikbhowmick/Python/Big_Data_Assignment/A02/airflow_env/lib/python3.11/site-packages/airflow/example_dags/example_external_task_marker_dag.py
[2024-03-08T12:21:17.279+0530] {logging_mixin.py:188} INFO - [2024-03-08T12:21:17.278+0530] {dag.py:3047} INFO - Sync 2 DAGs
[2024-03-08T12:21:17.282+0530] {logging_mixin.py:188} INFO - [2024-03-08T12:21:17.282+0530] {dag.py:3834} INFO - Setting next_dagrun for example_external_task_marker_child to None, run_after=None
[2024-03-08T12:21:17.283+0530] {logging_mixin.py:188} INFO - [2024-03-08T12:21:17.283+0530] {dag.py:3834} INFO - Setting next_dagrun for example_external_task_marker_parent to None, run_after=None
[2024-03-08T12:21:17.288+0530] {processor.py:183} INFO - Processing /Users/anikbhowmick/Python/Big_Data_Assignment/A02/airflow_env/lib/python3.11/site-packages/airflow/example_dags/example_external_task_marker_dag.py took 0.067 seconds
[2024-03-08T12:23:02.337+0530] {processor.py:161} INFO - Started process (PID=11559) to work on /Users/anikbhowmick/Python/Big_Data_Assignment/A02/airflow_env/lib/python3.11/site-packages/airflow/example_dags/example_external_task_marker_dag.py
[2024-03-08T12:23:02.338+0530] {processor.py:830} INFO - Processing file /Users/anikbhowmick/Python/Big_Data_Assignment/A02/airflow_env/lib/python3.11/site-packages/airflow/example_dags/example_external_task_marker_dag.py for tasks to queue
[2024-03-08T12:23:02.338+0530] {logging_mixin.py:188} INFO - [2024-03-08T12:23:02.338+0530] {dagbag.py:540} INFO - Filling up the DagBag from /Users/anikbhowmick/Python/Big_Data_Assignment/A02/airflow_env/lib/python3.11/site-packages/airflow/example_dags/example_external_task_marker_dag.py
[2024-03-08T12:23:02.364+0530] {processor.py:840} INFO - DAG(s) 'example_external_task_marker_parent', 'example_external_task_marker_child' retrieved from /Users/anikbhowmick/Python/Big_Data_Assignment/A02/airflow_env/lib/python3.11/site-packages/airflow/example_dags/example_external_task_marker_dag.py
[2024-03-08T12:23:02.395+0530] {logging_mixin.py:188} INFO - [2024-03-08T12:23:02.394+0530] {dag.py:3047} INFO - Sync 2 DAGs
[2024-03-08T12:23:02.398+0530] {logging_mixin.py:188} INFO - [2024-03-08T12:23:02.397+0530] {dag.py:3834} INFO - Setting next_dagrun for example_external_task_marker_child to None, run_after=None
[2024-03-08T12:23:02.398+0530] {logging_mixin.py:188} INFO - [2024-03-08T12:23:02.398+0530] {dag.py:3834} INFO - Setting next_dagrun for example_external_task_marker_parent to None, run_after=None
[2024-03-08T12:23:02.404+0530] {processor.py:183} INFO - Processing /Users/anikbhowmick/Python/Big_Data_Assignment/A02/airflow_env/lib/python3.11/site-packages/airflow/example_dags/example_external_task_marker_dag.py took 0.068 seconds
[2024-03-08T12:24:57.643+0530] {processor.py:161} INFO - Started process (PID=11661) to work on /Users/anikbhowmick/Python/Big_Data_Assignment/A02/airflow_env/lib/python3.11/site-packages/airflow/example_dags/example_external_task_marker_dag.py
[2024-03-08T12:24:57.644+0530] {processor.py:830} INFO - Processing file /Users/anikbhowmick/Python/Big_Data_Assignment/A02/airflow_env/lib/python3.11/site-packages/airflow/example_dags/example_external_task_marker_dag.py for tasks to queue
[2024-03-08T12:24:57.644+0530] {logging_mixin.py:188} INFO - [2024-03-08T12:24:57.644+0530] {dagbag.py:540} INFO - Filling up the DagBag from /Users/anikbhowmick/Python/Big_Data_Assignment/A02/airflow_env/lib/python3.11/site-packages/airflow/example_dags/example_external_task_marker_dag.py
[2024-03-08T12:24:57.671+0530] {processor.py:840} INFO - DAG(s) 'example_external_task_marker_child', 'example_external_task_marker_parent' retrieved from /Users/anikbhowmick/Python/Big_Data_Assignment/A02/airflow_env/lib/python3.11/site-packages/airflow/example_dags/example_external_task_marker_dag.py
[2024-03-08T12:24:57.702+0530] {logging_mixin.py:188} INFO - [2024-03-08T12:24:57.701+0530] {dag.py:3047} INFO - Sync 2 DAGs
[2024-03-08T12:24:57.705+0530] {logging_mixin.py:188} INFO - [2024-03-08T12:24:57.705+0530] {dag.py:3834} INFO - Setting next_dagrun for example_external_task_marker_child to None, run_after=None
[2024-03-08T12:24:57.706+0530] {logging_mixin.py:188} INFO - [2024-03-08T12:24:57.706+0530] {dag.py:3834} INFO - Setting next_dagrun for example_external_task_marker_parent to None, run_after=None
[2024-03-08T12:24:57.711+0530] {processor.py:183} INFO - Processing /Users/anikbhowmick/Python/Big_Data_Assignment/A02/airflow_env/lib/python3.11/site-packages/airflow/example_dags/example_external_task_marker_dag.py took 0.069 seconds
[2024-03-08T12:26:49.433+0530] {processor.py:161} INFO - Started process (PID=11748) to work on /Users/anikbhowmick/Python/Big_Data_Assignment/A02/airflow_env/lib/python3.11/site-packages/airflow/example_dags/example_external_task_marker_dag.py
[2024-03-08T12:26:49.434+0530] {processor.py:830} INFO - Processing file /Users/anikbhowmick/Python/Big_Data_Assignment/A02/airflow_env/lib/python3.11/site-packages/airflow/example_dags/example_external_task_marker_dag.py for tasks to queue
[2024-03-08T12:26:49.434+0530] {logging_mixin.py:188} INFO - [2024-03-08T12:26:49.434+0530] {dagbag.py:540} INFO - Filling up the DagBag from /Users/anikbhowmick/Python/Big_Data_Assignment/A02/airflow_env/lib/python3.11/site-packages/airflow/example_dags/example_external_task_marker_dag.py
[2024-03-08T12:26:49.461+0530] {processor.py:840} INFO - DAG(s) 'example_external_task_marker_parent', 'example_external_task_marker_child' retrieved from /Users/anikbhowmick/Python/Big_Data_Assignment/A02/airflow_env/lib/python3.11/site-packages/airflow/example_dags/example_external_task_marker_dag.py
[2024-03-08T12:26:49.492+0530] {logging_mixin.py:188} INFO - [2024-03-08T12:26:49.491+0530] {dag.py:3047} INFO - Sync 2 DAGs
[2024-03-08T12:26:49.495+0530] {logging_mixin.py:188} INFO - [2024-03-08T12:26:49.495+0530] {dag.py:3834} INFO - Setting next_dagrun for example_external_task_marker_child to None, run_after=None
[2024-03-08T12:26:49.496+0530] {logging_mixin.py:188} INFO - [2024-03-08T12:26:49.496+0530] {dag.py:3834} INFO - Setting next_dagrun for example_external_task_marker_parent to None, run_after=None
[2024-03-08T12:26:49.501+0530] {processor.py:183} INFO - Processing /Users/anikbhowmick/Python/Big_Data_Assignment/A02/airflow_env/lib/python3.11/site-packages/airflow/example_dags/example_external_task_marker_dag.py took 0.068 seconds
[2024-03-08T12:28:38.093+0530] {processor.py:161} INFO - Started process (PID=11820) to work on /Users/anikbhowmick/Python/Big_Data_Assignment/A02/airflow_env/lib/python3.11/site-packages/airflow/example_dags/example_external_task_marker_dag.py
[2024-03-08T12:28:38.094+0530] {processor.py:830} INFO - Processing file /Users/anikbhowmick/Python/Big_Data_Assignment/A02/airflow_env/lib/python3.11/site-packages/airflow/example_dags/example_external_task_marker_dag.py for tasks to queue
[2024-03-08T12:28:38.094+0530] {logging_mixin.py:188} INFO - [2024-03-08T12:28:38.094+0530] {dagbag.py:540} INFO - Filling up the DagBag from /Users/anikbhowmick/Python/Big_Data_Assignment/A02/airflow_env/lib/python3.11/site-packages/airflow/example_dags/example_external_task_marker_dag.py
[2024-03-08T12:28:38.120+0530] {processor.py:840} INFO - DAG(s) 'example_external_task_marker_child', 'example_external_task_marker_parent' retrieved from /Users/anikbhowmick/Python/Big_Data_Assignment/A02/airflow_env/lib/python3.11/site-packages/airflow/example_dags/example_external_task_marker_dag.py
[2024-03-08T12:28:38.151+0530] {logging_mixin.py:188} INFO - [2024-03-08T12:28:38.150+0530] {dag.py:3047} INFO - Sync 2 DAGs
[2024-03-08T12:28:38.154+0530] {logging_mixin.py:188} INFO - [2024-03-08T12:28:38.154+0530] {dag.py:3834} INFO - Setting next_dagrun for example_external_task_marker_child to None, run_after=None
[2024-03-08T12:28:38.155+0530] {logging_mixin.py:188} INFO - [2024-03-08T12:28:38.155+0530] {dag.py:3834} INFO - Setting next_dagrun for example_external_task_marker_parent to None, run_after=None
[2024-03-08T12:28:38.160+0530] {processor.py:183} INFO - Processing /Users/anikbhowmick/Python/Big_Data_Assignment/A02/airflow_env/lib/python3.11/site-packages/airflow/example_dags/example_external_task_marker_dag.py took 0.067 seconds
[2024-03-08T12:30:30.323+0530] {processor.py:161} INFO - Started process (PID=11898) to work on /Users/anikbhowmick/Python/Big_Data_Assignment/A02/airflow_env/lib/python3.11/site-packages/airflow/example_dags/example_external_task_marker_dag.py
[2024-03-08T12:30:30.324+0530] {processor.py:830} INFO - Processing file /Users/anikbhowmick/Python/Big_Data_Assignment/A02/airflow_env/lib/python3.11/site-packages/airflow/example_dags/example_external_task_marker_dag.py for tasks to queue
[2024-03-08T12:30:30.325+0530] {logging_mixin.py:188} INFO - [2024-03-08T12:30:30.325+0530] {dagbag.py:540} INFO - Filling up the DagBag from /Users/anikbhowmick/Python/Big_Data_Assignment/A02/airflow_env/lib/python3.11/site-packages/airflow/example_dags/example_external_task_marker_dag.py
[2024-03-08T12:30:30.350+0530] {processor.py:840} INFO - DAG(s) 'example_external_task_marker_child', 'example_external_task_marker_parent' retrieved from /Users/anikbhowmick/Python/Big_Data_Assignment/A02/airflow_env/lib/python3.11/site-packages/airflow/example_dags/example_external_task_marker_dag.py
[2024-03-08T12:30:30.381+0530] {logging_mixin.py:188} INFO - [2024-03-08T12:30:30.381+0530] {dag.py:3047} INFO - Sync 2 DAGs
[2024-03-08T12:30:30.384+0530] {logging_mixin.py:188} INFO - [2024-03-08T12:30:30.384+0530] {dag.py:3834} INFO - Setting next_dagrun for example_external_task_marker_child to None, run_after=None
[2024-03-08T12:30:30.385+0530] {logging_mixin.py:188} INFO - [2024-03-08T12:30:30.385+0530] {dag.py:3834} INFO - Setting next_dagrun for example_external_task_marker_parent to None, run_after=None
[2024-03-08T12:30:30.390+0530] {processor.py:183} INFO - Processing /Users/anikbhowmick/Python/Big_Data_Assignment/A02/airflow_env/lib/python3.11/site-packages/airflow/example_dags/example_external_task_marker_dag.py took 0.067 seconds
[2024-03-08T12:32:21.135+0530] {processor.py:161} INFO - Started process (PID=11970) to work on /Users/anikbhowmick/Python/Big_Data_Assignment/A02/airflow_env/lib/python3.11/site-packages/airflow/example_dags/example_external_task_marker_dag.py
[2024-03-08T12:32:21.136+0530] {processor.py:830} INFO - Processing file /Users/anikbhowmick/Python/Big_Data_Assignment/A02/airflow_env/lib/python3.11/site-packages/airflow/example_dags/example_external_task_marker_dag.py for tasks to queue
[2024-03-08T12:32:21.136+0530] {logging_mixin.py:188} INFO - [2024-03-08T12:32:21.136+0530] {dagbag.py:540} INFO - Filling up the DagBag from /Users/anikbhowmick/Python/Big_Data_Assignment/A02/airflow_env/lib/python3.11/site-packages/airflow/example_dags/example_external_task_marker_dag.py
[2024-03-08T12:32:21.162+0530] {processor.py:840} INFO - DAG(s) 'example_external_task_marker_parent', 'example_external_task_marker_child' retrieved from /Users/anikbhowmick/Python/Big_Data_Assignment/A02/airflow_env/lib/python3.11/site-packages/airflow/example_dags/example_external_task_marker_dag.py
[2024-03-08T12:32:21.193+0530] {logging_mixin.py:188} INFO - [2024-03-08T12:32:21.193+0530] {dag.py:3047} INFO - Sync 2 DAGs
[2024-03-08T12:32:21.196+0530] {logging_mixin.py:188} INFO - [2024-03-08T12:32:21.196+0530] {dag.py:3834} INFO - Setting next_dagrun for example_external_task_marker_child to None, run_after=None
[2024-03-08T12:32:21.197+0530] {logging_mixin.py:188} INFO - [2024-03-08T12:32:21.197+0530] {dag.py:3834} INFO - Setting next_dagrun for example_external_task_marker_parent to None, run_after=None
[2024-03-08T12:32:21.202+0530] {processor.py:183} INFO - Processing /Users/anikbhowmick/Python/Big_Data_Assignment/A02/airflow_env/lib/python3.11/site-packages/airflow/example_dags/example_external_task_marker_dag.py took 0.068 seconds
[2024-03-08T12:34:14.818+0530] {processor.py:161} INFO - Started process (PID=12048) to work on /Users/anikbhowmick/Python/Big_Data_Assignment/A02/airflow_env/lib/python3.11/site-packages/airflow/example_dags/example_external_task_marker_dag.py
[2024-03-08T12:34:14.818+0530] {processor.py:830} INFO - Processing file /Users/anikbhowmick/Python/Big_Data_Assignment/A02/airflow_env/lib/python3.11/site-packages/airflow/example_dags/example_external_task_marker_dag.py for tasks to queue
[2024-03-08T12:34:14.818+0530] {logging_mixin.py:188} INFO - [2024-03-08T12:34:14.818+0530] {dagbag.py:540} INFO - Filling up the DagBag from /Users/anikbhowmick/Python/Big_Data_Assignment/A02/airflow_env/lib/python3.11/site-packages/airflow/example_dags/example_external_task_marker_dag.py
[2024-03-08T12:34:14.844+0530] {processor.py:840} INFO - DAG(s) 'example_external_task_marker_child', 'example_external_task_marker_parent' retrieved from /Users/anikbhowmick/Python/Big_Data_Assignment/A02/airflow_env/lib/python3.11/site-packages/airflow/example_dags/example_external_task_marker_dag.py
[2024-03-08T12:34:14.875+0530] {logging_mixin.py:188} INFO - [2024-03-08T12:34:14.875+0530] {dag.py:3047} INFO - Sync 2 DAGs
[2024-03-08T12:34:14.878+0530] {logging_mixin.py:188} INFO - [2024-03-08T12:34:14.878+0530] {dag.py:3834} INFO - Setting next_dagrun for example_external_task_marker_child to None, run_after=None
[2024-03-08T12:34:14.879+0530] {logging_mixin.py:188} INFO - [2024-03-08T12:34:14.879+0530] {dag.py:3834} INFO - Setting next_dagrun for example_external_task_marker_parent to None, run_after=None
[2024-03-08T12:34:14.884+0530] {processor.py:183} INFO - Processing /Users/anikbhowmick/Python/Big_Data_Assignment/A02/airflow_env/lib/python3.11/site-packages/airflow/example_dags/example_external_task_marker_dag.py took 0.067 seconds
[2024-03-08T12:36:11.265+0530] {processor.py:161} INFO - Started process (PID=12121) to work on /Users/anikbhowmick/Python/Big_Data_Assignment/A02/airflow_env/lib/python3.11/site-packages/airflow/example_dags/example_external_task_marker_dag.py
[2024-03-08T12:36:11.266+0530] {processor.py:830} INFO - Processing file /Users/anikbhowmick/Python/Big_Data_Assignment/A02/airflow_env/lib/python3.11/site-packages/airflow/example_dags/example_external_task_marker_dag.py for tasks to queue
[2024-03-08T12:36:11.266+0530] {logging_mixin.py:188} INFO - [2024-03-08T12:36:11.266+0530] {dagbag.py:540} INFO - Filling up the DagBag from /Users/anikbhowmick/Python/Big_Data_Assignment/A02/airflow_env/lib/python3.11/site-packages/airflow/example_dags/example_external_task_marker_dag.py
[2024-03-08T12:36:11.292+0530] {processor.py:840} INFO - DAG(s) 'example_external_task_marker_parent', 'example_external_task_marker_child' retrieved from /Users/anikbhowmick/Python/Big_Data_Assignment/A02/airflow_env/lib/python3.11/site-packages/airflow/example_dags/example_external_task_marker_dag.py
[2024-03-08T12:36:11.323+0530] {logging_mixin.py:188} INFO - [2024-03-08T12:36:11.322+0530] {dag.py:3047} INFO - Sync 2 DAGs
[2024-03-08T12:36:11.326+0530] {logging_mixin.py:188} INFO - [2024-03-08T12:36:11.326+0530] {dag.py:3834} INFO - Setting next_dagrun for example_external_task_marker_child to None, run_after=None
[2024-03-08T12:36:11.327+0530] {logging_mixin.py:188} INFO - [2024-03-08T12:36:11.327+0530] {dag.py:3834} INFO - Setting next_dagrun for example_external_task_marker_parent to None, run_after=None
[2024-03-08T12:36:11.332+0530] {processor.py:183} INFO - Processing /Users/anikbhowmick/Python/Big_Data_Assignment/A02/airflow_env/lib/python3.11/site-packages/airflow/example_dags/example_external_task_marker_dag.py took 0.067 seconds
[2024-03-08T12:37:50.152+0530] {processor.py:161} INFO - Started process (PID=12188) to work on /Users/anikbhowmick/Python/Big_Data_Assignment/A02/airflow_env/lib/python3.11/site-packages/airflow/example_dags/example_external_task_marker_dag.py
[2024-03-08T12:37:50.153+0530] {processor.py:830} INFO - Processing file /Users/anikbhowmick/Python/Big_Data_Assignment/A02/airflow_env/lib/python3.11/site-packages/airflow/example_dags/example_external_task_marker_dag.py for tasks to queue
[2024-03-08T12:37:50.153+0530] {logging_mixin.py:188} INFO - [2024-03-08T12:37:50.153+0530] {dagbag.py:540} INFO - Filling up the DagBag from /Users/anikbhowmick/Python/Big_Data_Assignment/A02/airflow_env/lib/python3.11/site-packages/airflow/example_dags/example_external_task_marker_dag.py
[2024-03-08T12:37:50.178+0530] {processor.py:840} INFO - DAG(s) 'example_external_task_marker_parent', 'example_external_task_marker_child' retrieved from /Users/anikbhowmick/Python/Big_Data_Assignment/A02/airflow_env/lib/python3.11/site-packages/airflow/example_dags/example_external_task_marker_dag.py
[2024-03-08T12:37:50.210+0530] {logging_mixin.py:188} INFO - [2024-03-08T12:37:50.209+0530] {dag.py:3047} INFO - Sync 2 DAGs
[2024-03-08T12:37:50.212+0530] {logging_mixin.py:188} INFO - [2024-03-08T12:37:50.212+0530] {dag.py:3834} INFO - Setting next_dagrun for example_external_task_marker_child to None, run_after=None
[2024-03-08T12:37:50.213+0530] {logging_mixin.py:188} INFO - [2024-03-08T12:37:50.213+0530] {dag.py:3834} INFO - Setting next_dagrun for example_external_task_marker_parent to None, run_after=None
[2024-03-08T12:37:50.219+0530] {processor.py:183} INFO - Processing /Users/anikbhowmick/Python/Big_Data_Assignment/A02/airflow_env/lib/python3.11/site-packages/airflow/example_dags/example_external_task_marker_dag.py took 0.067 seconds
[2024-03-08T12:39:45.132+0530] {processor.py:161} INFO - Started process (PID=12270) to work on /Users/anikbhowmick/Python/Big_Data_Assignment/A02/airflow_env/lib/python3.11/site-packages/airflow/example_dags/example_external_task_marker_dag.py
[2024-03-08T12:39:45.133+0530] {processor.py:830} INFO - Processing file /Users/anikbhowmick/Python/Big_Data_Assignment/A02/airflow_env/lib/python3.11/site-packages/airflow/example_dags/example_external_task_marker_dag.py for tasks to queue
[2024-03-08T12:39:45.133+0530] {logging_mixin.py:188} INFO - [2024-03-08T12:39:45.133+0530] {dagbag.py:540} INFO - Filling up the DagBag from /Users/anikbhowmick/Python/Big_Data_Assignment/A02/airflow_env/lib/python3.11/site-packages/airflow/example_dags/example_external_task_marker_dag.py
[2024-03-08T12:39:45.159+0530] {processor.py:840} INFO - DAG(s) 'example_external_task_marker_child', 'example_external_task_marker_parent' retrieved from /Users/anikbhowmick/Python/Big_Data_Assignment/A02/airflow_env/lib/python3.11/site-packages/airflow/example_dags/example_external_task_marker_dag.py
[2024-03-08T12:39:45.190+0530] {logging_mixin.py:188} INFO - [2024-03-08T12:39:45.189+0530] {dag.py:3047} INFO - Sync 2 DAGs
[2024-03-08T12:39:45.192+0530] {logging_mixin.py:188} INFO - [2024-03-08T12:39:45.192+0530] {dag.py:3834} INFO - Setting next_dagrun for example_external_task_marker_child to None, run_after=None
[2024-03-08T12:39:45.193+0530] {logging_mixin.py:188} INFO - [2024-03-08T12:39:45.193+0530] {dag.py:3834} INFO - Setting next_dagrun for example_external_task_marker_parent to None, run_after=None
[2024-03-08T12:39:45.199+0530] {processor.py:183} INFO - Processing /Users/anikbhowmick/Python/Big_Data_Assignment/A02/airflow_env/lib/python3.11/site-packages/airflow/example_dags/example_external_task_marker_dag.py took 0.067 seconds
[2024-03-08T12:41:37.688+0530] {processor.py:161} INFO - Started process (PID=12342) to work on /Users/anikbhowmick/Python/Big_Data_Assignment/A02/airflow_env/lib/python3.11/site-packages/airflow/example_dags/example_external_task_marker_dag.py
[2024-03-08T12:41:37.689+0530] {processor.py:830} INFO - Processing file /Users/anikbhowmick/Python/Big_Data_Assignment/A02/airflow_env/lib/python3.11/site-packages/airflow/example_dags/example_external_task_marker_dag.py for tasks to queue
[2024-03-08T12:41:37.689+0530] {logging_mixin.py:188} INFO - [2024-03-08T12:41:37.689+0530] {dagbag.py:540} INFO - Filling up the DagBag from /Users/anikbhowmick/Python/Big_Data_Assignment/A02/airflow_env/lib/python3.11/site-packages/airflow/example_dags/example_external_task_marker_dag.py
[2024-03-08T12:41:37.715+0530] {processor.py:840} INFO - DAG(s) 'example_external_task_marker_child', 'example_external_task_marker_parent' retrieved from /Users/anikbhowmick/Python/Big_Data_Assignment/A02/airflow_env/lib/python3.11/site-packages/airflow/example_dags/example_external_task_marker_dag.py
[2024-03-08T12:41:37.746+0530] {logging_mixin.py:188} INFO - [2024-03-08T12:41:37.745+0530] {dag.py:3047} INFO - Sync 2 DAGs
[2024-03-08T12:41:37.748+0530] {logging_mixin.py:188} INFO - [2024-03-08T12:41:37.748+0530] {dag.py:3834} INFO - Setting next_dagrun for example_external_task_marker_child to None, run_after=None
[2024-03-08T12:41:37.749+0530] {logging_mixin.py:188} INFO - [2024-03-08T12:41:37.749+0530] {dag.py:3834} INFO - Setting next_dagrun for example_external_task_marker_parent to None, run_after=None
[2024-03-08T12:41:37.755+0530] {processor.py:183} INFO - Processing /Users/anikbhowmick/Python/Big_Data_Assignment/A02/airflow_env/lib/python3.11/site-packages/airflow/example_dags/example_external_task_marker_dag.py took 0.067 seconds
[2024-03-08T12:43:32.583+0530] {processor.py:161} INFO - Started process (PID=12414) to work on /Users/anikbhowmick/Python/Big_Data_Assignment/A02/airflow_env/lib/python3.11/site-packages/airflow/example_dags/example_external_task_marker_dag.py
[2024-03-08T12:43:32.584+0530] {processor.py:830} INFO - Processing file /Users/anikbhowmick/Python/Big_Data_Assignment/A02/airflow_env/lib/python3.11/site-packages/airflow/example_dags/example_external_task_marker_dag.py for tasks to queue
[2024-03-08T12:43:32.584+0530] {logging_mixin.py:188} INFO - [2024-03-08T12:43:32.584+0530] {dagbag.py:540} INFO - Filling up the DagBag from /Users/anikbhowmick/Python/Big_Data_Assignment/A02/airflow_env/lib/python3.11/site-packages/airflow/example_dags/example_external_task_marker_dag.py
[2024-03-08T12:43:32.610+0530] {processor.py:840} INFO - DAG(s) 'example_external_task_marker_parent', 'example_external_task_marker_child' retrieved from /Users/anikbhowmick/Python/Big_Data_Assignment/A02/airflow_env/lib/python3.11/site-packages/airflow/example_dags/example_external_task_marker_dag.py
[2024-03-08T12:43:32.641+0530] {logging_mixin.py:188} INFO - [2024-03-08T12:43:32.640+0530] {dag.py:3047} INFO - Sync 2 DAGs
[2024-03-08T12:43:32.644+0530] {logging_mixin.py:188} INFO - [2024-03-08T12:43:32.644+0530] {dag.py:3834} INFO - Setting next_dagrun for example_external_task_marker_child to None, run_after=None
[2024-03-08T12:43:32.645+0530] {logging_mixin.py:188} INFO - [2024-03-08T12:43:32.645+0530] {dag.py:3834} INFO - Setting next_dagrun for example_external_task_marker_parent to None, run_after=None
[2024-03-08T12:43:32.651+0530] {processor.py:183} INFO - Processing /Users/anikbhowmick/Python/Big_Data_Assignment/A02/airflow_env/lib/python3.11/site-packages/airflow/example_dags/example_external_task_marker_dag.py took 0.068 seconds
[2024-03-08T12:45:24.817+0530] {processor.py:161} INFO - Started process (PID=12515) to work on /Users/anikbhowmick/Python/Big_Data_Assignment/A02/airflow_env/lib/python3.11/site-packages/airflow/example_dags/example_external_task_marker_dag.py
[2024-03-08T12:45:24.818+0530] {processor.py:830} INFO - Processing file /Users/anikbhowmick/Python/Big_Data_Assignment/A02/airflow_env/lib/python3.11/site-packages/airflow/example_dags/example_external_task_marker_dag.py for tasks to queue
[2024-03-08T12:45:24.818+0530] {logging_mixin.py:188} INFO - [2024-03-08T12:45:24.818+0530] {dagbag.py:540} INFO - Filling up the DagBag from /Users/anikbhowmick/Python/Big_Data_Assignment/A02/airflow_env/lib/python3.11/site-packages/airflow/example_dags/example_external_task_marker_dag.py
[2024-03-08T12:45:24.844+0530] {processor.py:840} INFO - DAG(s) 'example_external_task_marker_parent', 'example_external_task_marker_child' retrieved from /Users/anikbhowmick/Python/Big_Data_Assignment/A02/airflow_env/lib/python3.11/site-packages/airflow/example_dags/example_external_task_marker_dag.py
[2024-03-08T12:45:24.876+0530] {logging_mixin.py:188} INFO - [2024-03-08T12:45:24.875+0530] {dag.py:3047} INFO - Sync 2 DAGs
[2024-03-08T12:45:24.879+0530] {logging_mixin.py:188} INFO - [2024-03-08T12:45:24.879+0530] {dag.py:3834} INFO - Setting next_dagrun for example_external_task_marker_child to None, run_after=None
[2024-03-08T12:45:24.880+0530] {logging_mixin.py:188} INFO - [2024-03-08T12:45:24.880+0530] {dag.py:3834} INFO - Setting next_dagrun for example_external_task_marker_parent to None, run_after=None
[2024-03-08T12:45:24.885+0530] {processor.py:183} INFO - Processing /Users/anikbhowmick/Python/Big_Data_Assignment/A02/airflow_env/lib/python3.11/site-packages/airflow/example_dags/example_external_task_marker_dag.py took 0.069 seconds
[2024-03-08T12:47:11.616+0530] {processor.py:161} INFO - Started process (PID=12584) to work on /Users/anikbhowmick/Python/Big_Data_Assignment/A02/airflow_env/lib/python3.11/site-packages/airflow/example_dags/example_external_task_marker_dag.py
[2024-03-08T12:47:11.617+0530] {processor.py:830} INFO - Processing file /Users/anikbhowmick/Python/Big_Data_Assignment/A02/airflow_env/lib/python3.11/site-packages/airflow/example_dags/example_external_task_marker_dag.py for tasks to queue
[2024-03-08T12:47:11.617+0530] {logging_mixin.py:188} INFO - [2024-03-08T12:47:11.617+0530] {dagbag.py:540} INFO - Filling up the DagBag from /Users/anikbhowmick/Python/Big_Data_Assignment/A02/airflow_env/lib/python3.11/site-packages/airflow/example_dags/example_external_task_marker_dag.py
[2024-03-08T12:47:11.644+0530] {processor.py:840} INFO - DAG(s) 'example_external_task_marker_child', 'example_external_task_marker_parent' retrieved from /Users/anikbhowmick/Python/Big_Data_Assignment/A02/airflow_env/lib/python3.11/site-packages/airflow/example_dags/example_external_task_marker_dag.py
[2024-03-08T12:47:11.675+0530] {logging_mixin.py:188} INFO - [2024-03-08T12:47:11.675+0530] {dag.py:3047} INFO - Sync 2 DAGs
[2024-03-08T12:47:11.678+0530] {logging_mixin.py:188} INFO - [2024-03-08T12:47:11.678+0530] {dag.py:3834} INFO - Setting next_dagrun for example_external_task_marker_child to None, run_after=None
[2024-03-08T12:47:11.680+0530] {logging_mixin.py:188} INFO - [2024-03-08T12:47:11.680+0530] {dag.py:3834} INFO - Setting next_dagrun for example_external_task_marker_parent to None, run_after=None
[2024-03-08T12:47:11.685+0530] {processor.py:183} INFO - Processing /Users/anikbhowmick/Python/Big_Data_Assignment/A02/airflow_env/lib/python3.11/site-packages/airflow/example_dags/example_external_task_marker_dag.py took 0.070 seconds
[2024-03-08T12:49:05.026+0530] {processor.py:161} INFO - Started process (PID=12663) to work on /Users/anikbhowmick/Python/Big_Data_Assignment/A02/airflow_env/lib/python3.11/site-packages/airflow/example_dags/example_external_task_marker_dag.py
[2024-03-08T12:49:05.027+0530] {processor.py:830} INFO - Processing file /Users/anikbhowmick/Python/Big_Data_Assignment/A02/airflow_env/lib/python3.11/site-packages/airflow/example_dags/example_external_task_marker_dag.py for tasks to queue
[2024-03-08T12:49:05.028+0530] {logging_mixin.py:188} INFO - [2024-03-08T12:49:05.028+0530] {dagbag.py:540} INFO - Filling up the DagBag from /Users/anikbhowmick/Python/Big_Data_Assignment/A02/airflow_env/lib/python3.11/site-packages/airflow/example_dags/example_external_task_marker_dag.py
[2024-03-08T12:49:05.054+0530] {processor.py:840} INFO - DAG(s) 'example_external_task_marker_child', 'example_external_task_marker_parent' retrieved from /Users/anikbhowmick/Python/Big_Data_Assignment/A02/airflow_env/lib/python3.11/site-packages/airflow/example_dags/example_external_task_marker_dag.py
[2024-03-08T12:49:05.085+0530] {logging_mixin.py:188} INFO - [2024-03-08T12:49:05.085+0530] {dag.py:3047} INFO - Sync 2 DAGs
[2024-03-08T12:49:05.088+0530] {logging_mixin.py:188} INFO - [2024-03-08T12:49:05.088+0530] {dag.py:3834} INFO - Setting next_dagrun for example_external_task_marker_child to None, run_after=None
[2024-03-08T12:49:05.089+0530] {logging_mixin.py:188} INFO - [2024-03-08T12:49:05.089+0530] {dag.py:3834} INFO - Setting next_dagrun for example_external_task_marker_parent to None, run_after=None
[2024-03-08T12:49:05.095+0530] {processor.py:183} INFO - Processing /Users/anikbhowmick/Python/Big_Data_Assignment/A02/airflow_env/lib/python3.11/site-packages/airflow/example_dags/example_external_task_marker_dag.py took 0.069 seconds
[2024-03-08T12:50:58.079+0530] {processor.py:161} INFO - Started process (PID=12733) to work on /Users/anikbhowmick/Python/Big_Data_Assignment/A02/airflow_env/lib/python3.11/site-packages/airflow/example_dags/example_external_task_marker_dag.py
[2024-03-08T12:50:58.080+0530] {processor.py:830} INFO - Processing file /Users/anikbhowmick/Python/Big_Data_Assignment/A02/airflow_env/lib/python3.11/site-packages/airflow/example_dags/example_external_task_marker_dag.py for tasks to queue
[2024-03-08T12:50:58.080+0530] {logging_mixin.py:188} INFO - [2024-03-08T12:50:58.080+0530] {dagbag.py:540} INFO - Filling up the DagBag from /Users/anikbhowmick/Python/Big_Data_Assignment/A02/airflow_env/lib/python3.11/site-packages/airflow/example_dags/example_external_task_marker_dag.py
[2024-03-08T12:50:58.109+0530] {processor.py:840} INFO - DAG(s) 'example_external_task_marker_child', 'example_external_task_marker_parent' retrieved from /Users/anikbhowmick/Python/Big_Data_Assignment/A02/airflow_env/lib/python3.11/site-packages/airflow/example_dags/example_external_task_marker_dag.py
[2024-03-08T12:50:58.141+0530] {logging_mixin.py:188} INFO - [2024-03-08T12:50:58.141+0530] {dag.py:3047} INFO - Sync 2 DAGs
[2024-03-08T12:50:58.144+0530] {logging_mixin.py:188} INFO - [2024-03-08T12:50:58.144+0530] {dag.py:3834} INFO - Setting next_dagrun for example_external_task_marker_child to None, run_after=None
[2024-03-08T12:50:58.145+0530] {logging_mixin.py:188} INFO - [2024-03-08T12:50:58.145+0530] {dag.py:3834} INFO - Setting next_dagrun for example_external_task_marker_parent to None, run_after=None
[2024-03-08T12:50:58.151+0530] {processor.py:183} INFO - Processing /Users/anikbhowmick/Python/Big_Data_Assignment/A02/airflow_env/lib/python3.11/site-packages/airflow/example_dags/example_external_task_marker_dag.py took 0.072 seconds
[2024-03-08T12:52:47.204+0530] {processor.py:161} INFO - Started process (PID=12827) to work on /Users/anikbhowmick/Python/Big_Data_Assignment/A02/airflow_env/lib/python3.11/site-packages/airflow/example_dags/example_external_task_marker_dag.py
[2024-03-08T12:52:47.205+0530] {processor.py:830} INFO - Processing file /Users/anikbhowmick/Python/Big_Data_Assignment/A02/airflow_env/lib/python3.11/site-packages/airflow/example_dags/example_external_task_marker_dag.py for tasks to queue
[2024-03-08T12:52:47.205+0530] {logging_mixin.py:188} INFO - [2024-03-08T12:52:47.205+0530] {dagbag.py:540} INFO - Filling up the DagBag from /Users/anikbhowmick/Python/Big_Data_Assignment/A02/airflow_env/lib/python3.11/site-packages/airflow/example_dags/example_external_task_marker_dag.py
[2024-03-08T12:52:47.233+0530] {processor.py:840} INFO - DAG(s) 'example_external_task_marker_parent', 'example_external_task_marker_child' retrieved from /Users/anikbhowmick/Python/Big_Data_Assignment/A02/airflow_env/lib/python3.11/site-packages/airflow/example_dags/example_external_task_marker_dag.py
[2024-03-08T12:52:47.265+0530] {logging_mixin.py:188} INFO - [2024-03-08T12:52:47.265+0530] {dag.py:3047} INFO - Sync 2 DAGs
[2024-03-08T12:52:47.269+0530] {logging_mixin.py:188} INFO - [2024-03-08T12:52:47.269+0530] {dag.py:3834} INFO - Setting next_dagrun for example_external_task_marker_child to None, run_after=None
[2024-03-08T12:52:47.270+0530] {logging_mixin.py:188} INFO - [2024-03-08T12:52:47.270+0530] {dag.py:3834} INFO - Setting next_dagrun for example_external_task_marker_parent to None, run_after=None
[2024-03-08T12:52:47.275+0530] {processor.py:183} INFO - Processing /Users/anikbhowmick/Python/Big_Data_Assignment/A02/airflow_env/lib/python3.11/site-packages/airflow/example_dags/example_external_task_marker_dag.py took 0.071 seconds
[2024-03-08T13:00:06.145+0530] {processor.py:161} INFO - Started process (PID=13186) to work on /Users/anikbhowmick/Python/Big_Data_Assignment/A02/airflow_env/lib/python3.11/site-packages/airflow/example_dags/example_external_task_marker_dag.py
[2024-03-08T13:00:06.147+0530] {processor.py:830} INFO - Processing file /Users/anikbhowmick/Python/Big_Data_Assignment/A02/airflow_env/lib/python3.11/site-packages/airflow/example_dags/example_external_task_marker_dag.py for tasks to queue
[2024-03-08T13:00:06.147+0530] {logging_mixin.py:188} INFO - [2024-03-08T13:00:06.147+0530] {dagbag.py:540} INFO - Filling up the DagBag from /Users/anikbhowmick/Python/Big_Data_Assignment/A02/airflow_env/lib/python3.11/site-packages/airflow/example_dags/example_external_task_marker_dag.py
[2024-03-08T13:00:06.178+0530] {processor.py:840} INFO - DAG(s) 'example_external_task_marker_child', 'example_external_task_marker_parent' retrieved from /Users/anikbhowmick/Python/Big_Data_Assignment/A02/airflow_env/lib/python3.11/site-packages/airflow/example_dags/example_external_task_marker_dag.py
[2024-03-08T13:00:06.213+0530] {logging_mixin.py:188} INFO - [2024-03-08T13:00:06.212+0530] {dag.py:3047} INFO - Sync 2 DAGs
[2024-03-08T13:00:06.216+0530] {logging_mixin.py:188} INFO - [2024-03-08T13:00:06.216+0530] {dag.py:3834} INFO - Setting next_dagrun for example_external_task_marker_child to None, run_after=None
[2024-03-08T13:00:06.217+0530] {logging_mixin.py:188} INFO - [2024-03-08T13:00:06.217+0530] {dag.py:3834} INFO - Setting next_dagrun for example_external_task_marker_parent to None, run_after=None
[2024-03-08T13:00:06.223+0530] {processor.py:183} INFO - Processing /Users/anikbhowmick/Python/Big_Data_Assignment/A02/airflow_env/lib/python3.11/site-packages/airflow/example_dags/example_external_task_marker_dag.py took 0.078 seconds
[2024-03-08T13:02:39.081+0530] {processor.py:161} INFO - Started process (PID=13364) to work on /Users/anikbhowmick/Python/Big_Data_Assignment/A02/airflow_env/lib/python3.11/site-packages/airflow/example_dags/example_external_task_marker_dag.py
[2024-03-08T13:02:39.082+0530] {processor.py:830} INFO - Processing file /Users/anikbhowmick/Python/Big_Data_Assignment/A02/airflow_env/lib/python3.11/site-packages/airflow/example_dags/example_external_task_marker_dag.py for tasks to queue
[2024-03-08T13:02:39.082+0530] {logging_mixin.py:188} INFO - [2024-03-08T13:02:39.082+0530] {dagbag.py:540} INFO - Filling up the DagBag from /Users/anikbhowmick/Python/Big_Data_Assignment/A02/airflow_env/lib/python3.11/site-packages/airflow/example_dags/example_external_task_marker_dag.py
[2024-03-08T13:02:39.108+0530] {processor.py:840} INFO - DAG(s) 'example_external_task_marker_parent', 'example_external_task_marker_child' retrieved from /Users/anikbhowmick/Python/Big_Data_Assignment/A02/airflow_env/lib/python3.11/site-packages/airflow/example_dags/example_external_task_marker_dag.py
[2024-03-08T13:02:39.139+0530] {logging_mixin.py:188} INFO - [2024-03-08T13:02:39.139+0530] {dag.py:3047} INFO - Sync 2 DAGs
[2024-03-08T13:02:39.142+0530] {logging_mixin.py:188} INFO - [2024-03-08T13:02:39.142+0530] {dag.py:3834} INFO - Setting next_dagrun for example_external_task_marker_child to None, run_after=None
[2024-03-08T13:02:39.143+0530] {logging_mixin.py:188} INFO - [2024-03-08T13:02:39.143+0530] {dag.py:3834} INFO - Setting next_dagrun for example_external_task_marker_parent to None, run_after=None
[2024-03-08T13:02:39.149+0530] {processor.py:183} INFO - Processing /Users/anikbhowmick/Python/Big_Data_Assignment/A02/airflow_env/lib/python3.11/site-packages/airflow/example_dags/example_external_task_marker_dag.py took 0.068 seconds
[2024-03-08T13:04:31.804+0530] {processor.py:161} INFO - Started process (PID=13454) to work on /Users/anikbhowmick/Python/Big_Data_Assignment/A02/airflow_env/lib/python3.11/site-packages/airflow/example_dags/example_external_task_marker_dag.py
[2024-03-08T13:04:31.805+0530] {processor.py:830} INFO - Processing file /Users/anikbhowmick/Python/Big_Data_Assignment/A02/airflow_env/lib/python3.11/site-packages/airflow/example_dags/example_external_task_marker_dag.py for tasks to queue
[2024-03-08T13:04:31.806+0530] {logging_mixin.py:188} INFO - [2024-03-08T13:04:31.806+0530] {dagbag.py:540} INFO - Filling up the DagBag from /Users/anikbhowmick/Python/Big_Data_Assignment/A02/airflow_env/lib/python3.11/site-packages/airflow/example_dags/example_external_task_marker_dag.py
[2024-03-08T13:04:31.832+0530] {processor.py:840} INFO - DAG(s) 'example_external_task_marker_child', 'example_external_task_marker_parent' retrieved from /Users/anikbhowmick/Python/Big_Data_Assignment/A02/airflow_env/lib/python3.11/site-packages/airflow/example_dags/example_external_task_marker_dag.py
[2024-03-08T13:04:31.863+0530] {logging_mixin.py:188} INFO - [2024-03-08T13:04:31.862+0530] {dag.py:3047} INFO - Sync 2 DAGs
[2024-03-08T13:04:31.865+0530] {logging_mixin.py:188} INFO - [2024-03-08T13:04:31.865+0530] {dag.py:3834} INFO - Setting next_dagrun for example_external_task_marker_child to None, run_after=None
[2024-03-08T13:04:31.866+0530] {logging_mixin.py:188} INFO - [2024-03-08T13:04:31.866+0530] {dag.py:3834} INFO - Setting next_dagrun for example_external_task_marker_parent to None, run_after=None
[2024-03-08T13:04:31.872+0530] {processor.py:183} INFO - Processing /Users/anikbhowmick/Python/Big_Data_Assignment/A02/airflow_env/lib/python3.11/site-packages/airflow/example_dags/example_external_task_marker_dag.py took 0.068 seconds
[2024-03-08T13:06:30.877+0530] {processor.py:161} INFO - Started process (PID=13543) to work on /Users/anikbhowmick/Python/Big_Data_Assignment/A02/airflow_env/lib/python3.11/site-packages/airflow/example_dags/example_external_task_marker_dag.py
[2024-03-08T13:06:30.878+0530] {processor.py:830} INFO - Processing file /Users/anikbhowmick/Python/Big_Data_Assignment/A02/airflow_env/lib/python3.11/site-packages/airflow/example_dags/example_external_task_marker_dag.py for tasks to queue
[2024-03-08T13:06:30.878+0530] {logging_mixin.py:188} INFO - [2024-03-08T13:06:30.878+0530] {dagbag.py:540} INFO - Filling up the DagBag from /Users/anikbhowmick/Python/Big_Data_Assignment/A02/airflow_env/lib/python3.11/site-packages/airflow/example_dags/example_external_task_marker_dag.py
[2024-03-08T13:06:30.904+0530] {processor.py:840} INFO - DAG(s) 'example_external_task_marker_child', 'example_external_task_marker_parent' retrieved from /Users/anikbhowmick/Python/Big_Data_Assignment/A02/airflow_env/lib/python3.11/site-packages/airflow/example_dags/example_external_task_marker_dag.py
[2024-03-08T13:06:30.936+0530] {logging_mixin.py:188} INFO - [2024-03-08T13:06:30.935+0530] {dag.py:3047} INFO - Sync 2 DAGs
[2024-03-08T13:06:30.938+0530] {logging_mixin.py:188} INFO - [2024-03-08T13:06:30.938+0530] {dag.py:3834} INFO - Setting next_dagrun for example_external_task_marker_child to None, run_after=None
[2024-03-08T13:06:30.939+0530] {logging_mixin.py:188} INFO - [2024-03-08T13:06:30.939+0530] {dag.py:3834} INFO - Setting next_dagrun for example_external_task_marker_parent to None, run_after=None
[2024-03-08T13:06:30.945+0530] {processor.py:183} INFO - Processing /Users/anikbhowmick/Python/Big_Data_Assignment/A02/airflow_env/lib/python3.11/site-packages/airflow/example_dags/example_external_task_marker_dag.py took 0.068 seconds
[2024-03-08T13:15:14.992+0530] {processor.py:161} INFO - Started process (PID=14263) to work on /Users/anikbhowmick/Python/Big_Data_Assignment/A02/airflow_env/lib/python3.11/site-packages/airflow/example_dags/example_external_task_marker_dag.py
[2024-03-08T13:15:14.993+0530] {processor.py:830} INFO - Processing file /Users/anikbhowmick/Python/Big_Data_Assignment/A02/airflow_env/lib/python3.11/site-packages/airflow/example_dags/example_external_task_marker_dag.py for tasks to queue
[2024-03-08T13:15:14.993+0530] {logging_mixin.py:188} INFO - [2024-03-08T13:15:14.993+0530] {dagbag.py:540} INFO - Filling up the DagBag from /Users/anikbhowmick/Python/Big_Data_Assignment/A02/airflow_env/lib/python3.11/site-packages/airflow/example_dags/example_external_task_marker_dag.py
[2024-03-08T13:15:15.019+0530] {processor.py:840} INFO - DAG(s) 'example_external_task_marker_parent', 'example_external_task_marker_child' retrieved from /Users/anikbhowmick/Python/Big_Data_Assignment/A02/airflow_env/lib/python3.11/site-packages/airflow/example_dags/example_external_task_marker_dag.py
[2024-03-08T13:15:15.050+0530] {logging_mixin.py:188} INFO - [2024-03-08T13:15:15.049+0530] {dag.py:3047} INFO - Sync 2 DAGs
[2024-03-08T13:15:15.053+0530] {logging_mixin.py:188} INFO - [2024-03-08T13:15:15.053+0530] {dag.py:3834} INFO - Setting next_dagrun for example_external_task_marker_child to None, run_after=None
[2024-03-08T13:15:15.054+0530] {logging_mixin.py:188} INFO - [2024-03-08T13:15:15.054+0530] {dag.py:3834} INFO - Setting next_dagrun for example_external_task_marker_parent to None, run_after=None
[2024-03-08T13:15:15.059+0530] {processor.py:183} INFO - Processing /Users/anikbhowmick/Python/Big_Data_Assignment/A02/airflow_env/lib/python3.11/site-packages/airflow/example_dags/example_external_task_marker_dag.py took 0.068 seconds
[2024-03-08T13:17:04.173+0530] {processor.py:161} INFO - Started process (PID=14370) to work on /Users/anikbhowmick/Python/Big_Data_Assignment/A02/airflow_env/lib/python3.11/site-packages/airflow/example_dags/example_external_task_marker_dag.py
[2024-03-08T13:17:04.173+0530] {processor.py:830} INFO - Processing file /Users/anikbhowmick/Python/Big_Data_Assignment/A02/airflow_env/lib/python3.11/site-packages/airflow/example_dags/example_external_task_marker_dag.py for tasks to queue
[2024-03-08T13:17:04.174+0530] {logging_mixin.py:188} INFO - [2024-03-08T13:17:04.173+0530] {dagbag.py:540} INFO - Filling up the DagBag from /Users/anikbhowmick/Python/Big_Data_Assignment/A02/airflow_env/lib/python3.11/site-packages/airflow/example_dags/example_external_task_marker_dag.py
[2024-03-08T13:17:04.200+0530] {processor.py:840} INFO - DAG(s) 'example_external_task_marker_parent', 'example_external_task_marker_child' retrieved from /Users/anikbhowmick/Python/Big_Data_Assignment/A02/airflow_env/lib/python3.11/site-packages/airflow/example_dags/example_external_task_marker_dag.py
[2024-03-08T13:17:04.231+0530] {logging_mixin.py:188} INFO - [2024-03-08T13:17:04.230+0530] {dag.py:3047} INFO - Sync 2 DAGs
[2024-03-08T13:17:04.233+0530] {logging_mixin.py:188} INFO - [2024-03-08T13:17:04.233+0530] {dag.py:3834} INFO - Setting next_dagrun for example_external_task_marker_child to None, run_after=None
[2024-03-08T13:17:04.234+0530] {logging_mixin.py:188} INFO - [2024-03-08T13:17:04.234+0530] {dag.py:3834} INFO - Setting next_dagrun for example_external_task_marker_parent to None, run_after=None
[2024-03-08T13:17:04.240+0530] {processor.py:183} INFO - Processing /Users/anikbhowmick/Python/Big_Data_Assignment/A02/airflow_env/lib/python3.11/site-packages/airflow/example_dags/example_external_task_marker_dag.py took 0.067 seconds
[2024-03-08T13:18:51.557+0530] {processor.py:161} INFO - Started process (PID=14453) to work on /Users/anikbhowmick/Python/Big_Data_Assignment/A02/airflow_env/lib/python3.11/site-packages/airflow/example_dags/example_external_task_marker_dag.py
[2024-03-08T13:18:51.559+0530] {processor.py:830} INFO - Processing file /Users/anikbhowmick/Python/Big_Data_Assignment/A02/airflow_env/lib/python3.11/site-packages/airflow/example_dags/example_external_task_marker_dag.py for tasks to queue
[2024-03-08T13:18:51.559+0530] {logging_mixin.py:188} INFO - [2024-03-08T13:18:51.559+0530] {dagbag.py:540} INFO - Filling up the DagBag from /Users/anikbhowmick/Python/Big_Data_Assignment/A02/airflow_env/lib/python3.11/site-packages/airflow/example_dags/example_external_task_marker_dag.py
[2024-03-08T13:18:51.584+0530] {processor.py:840} INFO - DAG(s) 'example_external_task_marker_child', 'example_external_task_marker_parent' retrieved from /Users/anikbhowmick/Python/Big_Data_Assignment/A02/airflow_env/lib/python3.11/site-packages/airflow/example_dags/example_external_task_marker_dag.py
[2024-03-08T13:18:51.615+0530] {logging_mixin.py:188} INFO - [2024-03-08T13:18:51.614+0530] {dag.py:3047} INFO - Sync 2 DAGs
[2024-03-08T13:18:51.618+0530] {logging_mixin.py:188} INFO - [2024-03-08T13:18:51.617+0530] {dag.py:3834} INFO - Setting next_dagrun for example_external_task_marker_child to None, run_after=None
[2024-03-08T13:18:51.618+0530] {logging_mixin.py:188} INFO - [2024-03-08T13:18:51.618+0530] {dag.py:3834} INFO - Setting next_dagrun for example_external_task_marker_parent to None, run_after=None
[2024-03-08T13:18:51.624+0530] {processor.py:183} INFO - Processing /Users/anikbhowmick/Python/Big_Data_Assignment/A02/airflow_env/lib/python3.11/site-packages/airflow/example_dags/example_external_task_marker_dag.py took 0.067 seconds
[2024-03-08T13:20:45.062+0530] {processor.py:161} INFO - Started process (PID=14522) to work on /Users/anikbhowmick/Python/Big_Data_Assignment/A02/airflow_env/lib/python3.11/site-packages/airflow/example_dags/example_external_task_marker_dag.py
[2024-03-08T13:20:45.063+0530] {processor.py:830} INFO - Processing file /Users/anikbhowmick/Python/Big_Data_Assignment/A02/airflow_env/lib/python3.11/site-packages/airflow/example_dags/example_external_task_marker_dag.py for tasks to queue
[2024-03-08T13:20:45.063+0530] {logging_mixin.py:188} INFO - [2024-03-08T13:20:45.063+0530] {dagbag.py:540} INFO - Filling up the DagBag from /Users/anikbhowmick/Python/Big_Data_Assignment/A02/airflow_env/lib/python3.11/site-packages/airflow/example_dags/example_external_task_marker_dag.py
[2024-03-08T13:20:45.090+0530] {processor.py:840} INFO - DAG(s) 'example_external_task_marker_child', 'example_external_task_marker_parent' retrieved from /Users/anikbhowmick/Python/Big_Data_Assignment/A02/airflow_env/lib/python3.11/site-packages/airflow/example_dags/example_external_task_marker_dag.py
[2024-03-08T13:20:45.122+0530] {logging_mixin.py:188} INFO - [2024-03-08T13:20:45.122+0530] {dag.py:3047} INFO - Sync 2 DAGs
[2024-03-08T13:20:45.125+0530] {logging_mixin.py:188} INFO - [2024-03-08T13:20:45.125+0530] {dag.py:3834} INFO - Setting next_dagrun for example_external_task_marker_child to None, run_after=None
[2024-03-08T13:20:45.126+0530] {logging_mixin.py:188} INFO - [2024-03-08T13:20:45.126+0530] {dag.py:3834} INFO - Setting next_dagrun for example_external_task_marker_parent to None, run_after=None
[2024-03-08T13:20:45.132+0530] {processor.py:183} INFO - Processing /Users/anikbhowmick/Python/Big_Data_Assignment/A02/airflow_env/lib/python3.11/site-packages/airflow/example_dags/example_external_task_marker_dag.py took 0.070 seconds
[2024-03-08T13:23:09.033+0530] {processor.py:161} INFO - Started process (PID=14732) to work on /Users/anikbhowmick/Python/Big_Data_Assignment/A02/airflow_env/lib/python3.11/site-packages/airflow/example_dags/example_external_task_marker_dag.py
[2024-03-08T13:23:09.034+0530] {processor.py:830} INFO - Processing file /Users/anikbhowmick/Python/Big_Data_Assignment/A02/airflow_env/lib/python3.11/site-packages/airflow/example_dags/example_external_task_marker_dag.py for tasks to queue
[2024-03-08T13:23:09.035+0530] {logging_mixin.py:188} INFO - [2024-03-08T13:23:09.035+0530] {dagbag.py:540} INFO - Filling up the DagBag from /Users/anikbhowmick/Python/Big_Data_Assignment/A02/airflow_env/lib/python3.11/site-packages/airflow/example_dags/example_external_task_marker_dag.py
[2024-03-08T13:23:09.061+0530] {processor.py:840} INFO - DAG(s) 'example_external_task_marker_parent', 'example_external_task_marker_child' retrieved from /Users/anikbhowmick/Python/Big_Data_Assignment/A02/airflow_env/lib/python3.11/site-packages/airflow/example_dags/example_external_task_marker_dag.py
[2024-03-08T13:23:09.092+0530] {logging_mixin.py:188} INFO - [2024-03-08T13:23:09.092+0530] {dag.py:3047} INFO - Sync 2 DAGs
[2024-03-08T13:23:09.095+0530] {logging_mixin.py:188} INFO - [2024-03-08T13:23:09.095+0530] {dag.py:3834} INFO - Setting next_dagrun for example_external_task_marker_child to None, run_after=None
[2024-03-08T13:23:09.097+0530] {logging_mixin.py:188} INFO - [2024-03-08T13:23:09.097+0530] {dag.py:3834} INFO - Setting next_dagrun for example_external_task_marker_parent to None, run_after=None
[2024-03-08T13:23:09.102+0530] {processor.py:183} INFO - Processing /Users/anikbhowmick/Python/Big_Data_Assignment/A02/airflow_env/lib/python3.11/site-packages/airflow/example_dags/example_external_task_marker_dag.py took 0.069 seconds
[2024-03-08T13:34:00.701+0530] {processor.py:161} INFO - Started process (PID=15470) to work on /Users/anikbhowmick/Python/Big_Data_Assignment/A02/airflow_env/lib/python3.11/site-packages/airflow/example_dags/example_external_task_marker_dag.py
[2024-03-08T13:34:00.703+0530] {processor.py:830} INFO - Processing file /Users/anikbhowmick/Python/Big_Data_Assignment/A02/airflow_env/lib/python3.11/site-packages/airflow/example_dags/example_external_task_marker_dag.py for tasks to queue
[2024-03-08T13:34:00.703+0530] {logging_mixin.py:188} INFO - [2024-03-08T13:34:00.703+0530] {dagbag.py:540} INFO - Filling up the DagBag from /Users/anikbhowmick/Python/Big_Data_Assignment/A02/airflow_env/lib/python3.11/site-packages/airflow/example_dags/example_external_task_marker_dag.py
[2024-03-08T13:34:00.729+0530] {processor.py:840} INFO - DAG(s) 'example_external_task_marker_parent', 'example_external_task_marker_child' retrieved from /Users/anikbhowmick/Python/Big_Data_Assignment/A02/airflow_env/lib/python3.11/site-packages/airflow/example_dags/example_external_task_marker_dag.py
[2024-03-08T13:34:00.760+0530] {logging_mixin.py:188} INFO - [2024-03-08T13:34:00.760+0530] {dag.py:3047} INFO - Sync 2 DAGs
[2024-03-08T13:34:00.763+0530] {logging_mixin.py:188} INFO - [2024-03-08T13:34:00.763+0530] {dag.py:3834} INFO - Setting next_dagrun for example_external_task_marker_child to None, run_after=None
[2024-03-08T13:34:00.764+0530] {logging_mixin.py:188} INFO - [2024-03-08T13:34:00.764+0530] {dag.py:3834} INFO - Setting next_dagrun for example_external_task_marker_parent to None, run_after=None
[2024-03-08T13:34:00.769+0530] {processor.py:183} INFO - Processing /Users/anikbhowmick/Python/Big_Data_Assignment/A02/airflow_env/lib/python3.11/site-packages/airflow/example_dags/example_external_task_marker_dag.py took 0.068 seconds
[2024-03-08T13:35:52.250+0530] {processor.py:161} INFO - Started process (PID=15556) to work on /Users/anikbhowmick/Python/Big_Data_Assignment/A02/airflow_env/lib/python3.11/site-packages/airflow/example_dags/example_external_task_marker_dag.py
[2024-03-08T13:35:52.251+0530] {processor.py:830} INFO - Processing file /Users/anikbhowmick/Python/Big_Data_Assignment/A02/airflow_env/lib/python3.11/site-packages/airflow/example_dags/example_external_task_marker_dag.py for tasks to queue
[2024-03-08T13:35:52.251+0530] {logging_mixin.py:188} INFO - [2024-03-08T13:35:52.251+0530] {dagbag.py:540} INFO - Filling up the DagBag from /Users/anikbhowmick/Python/Big_Data_Assignment/A02/airflow_env/lib/python3.11/site-packages/airflow/example_dags/example_external_task_marker_dag.py
[2024-03-08T13:35:52.277+0530] {processor.py:840} INFO - DAG(s) 'example_external_task_marker_child', 'example_external_task_marker_parent' retrieved from /Users/anikbhowmick/Python/Big_Data_Assignment/A02/airflow_env/lib/python3.11/site-packages/airflow/example_dags/example_external_task_marker_dag.py
[2024-03-08T13:35:52.308+0530] {logging_mixin.py:188} INFO - [2024-03-08T13:35:52.307+0530] {dag.py:3047} INFO - Sync 2 DAGs
[2024-03-08T13:35:52.311+0530] {logging_mixin.py:188} INFO - [2024-03-08T13:35:52.311+0530] {dag.py:3834} INFO - Setting next_dagrun for example_external_task_marker_child to None, run_after=None
[2024-03-08T13:35:52.312+0530] {logging_mixin.py:188} INFO - [2024-03-08T13:35:52.312+0530] {dag.py:3834} INFO - Setting next_dagrun for example_external_task_marker_parent to None, run_after=None
[2024-03-08T13:35:52.317+0530] {processor.py:183} INFO - Processing /Users/anikbhowmick/Python/Big_Data_Assignment/A02/airflow_env/lib/python3.11/site-packages/airflow/example_dags/example_external_task_marker_dag.py took 0.067 seconds
[2024-03-08T13:37:43.735+0530] {processor.py:161} INFO - Started process (PID=15629) to work on /Users/anikbhowmick/Python/Big_Data_Assignment/A02/airflow_env/lib/python3.11/site-packages/airflow/example_dags/example_external_task_marker_dag.py
[2024-03-08T13:37:43.736+0530] {processor.py:830} INFO - Processing file /Users/anikbhowmick/Python/Big_Data_Assignment/A02/airflow_env/lib/python3.11/site-packages/airflow/example_dags/example_external_task_marker_dag.py for tasks to queue
[2024-03-08T13:37:43.736+0530] {logging_mixin.py:188} INFO - [2024-03-08T13:37:43.736+0530] {dagbag.py:540} INFO - Filling up the DagBag from /Users/anikbhowmick/Python/Big_Data_Assignment/A02/airflow_env/lib/python3.11/site-packages/airflow/example_dags/example_external_task_marker_dag.py
[2024-03-08T13:37:43.762+0530] {processor.py:840} INFO - DAG(s) 'example_external_task_marker_parent', 'example_external_task_marker_child' retrieved from /Users/anikbhowmick/Python/Big_Data_Assignment/A02/airflow_env/lib/python3.11/site-packages/airflow/example_dags/example_external_task_marker_dag.py
[2024-03-08T13:37:43.793+0530] {logging_mixin.py:188} INFO - [2024-03-08T13:37:43.792+0530] {dag.py:3047} INFO - Sync 2 DAGs
[2024-03-08T13:37:43.795+0530] {logging_mixin.py:188} INFO - [2024-03-08T13:37:43.795+0530] {dag.py:3834} INFO - Setting next_dagrun for example_external_task_marker_child to None, run_after=None
[2024-03-08T13:37:43.796+0530] {logging_mixin.py:188} INFO - [2024-03-08T13:37:43.796+0530] {dag.py:3834} INFO - Setting next_dagrun for example_external_task_marker_parent to None, run_after=None
[2024-03-08T13:37:43.802+0530] {processor.py:183} INFO - Processing /Users/anikbhowmick/Python/Big_Data_Assignment/A02/airflow_env/lib/python3.11/site-packages/airflow/example_dags/example_external_task_marker_dag.py took 0.067 seconds
[2024-03-08T14:24:24.431+0530] {processor.py:161} INFO - Started process (PID=16706) to work on /Users/anikbhowmick/Python/Big_Data_Assignment/A02/airflow_env/lib/python3.11/site-packages/airflow/example_dags/example_external_task_marker_dag.py
[2024-03-08T14:24:24.432+0530] {processor.py:830} INFO - Processing file /Users/anikbhowmick/Python/Big_Data_Assignment/A02/airflow_env/lib/python3.11/site-packages/airflow/example_dags/example_external_task_marker_dag.py for tasks to queue
[2024-03-08T14:24:24.432+0530] {logging_mixin.py:188} INFO - [2024-03-08T14:24:24.432+0530] {dagbag.py:540} INFO - Filling up the DagBag from /Users/anikbhowmick/Python/Big_Data_Assignment/A02/airflow_env/lib/python3.11/site-packages/airflow/example_dags/example_external_task_marker_dag.py
[2024-03-08T14:24:24.471+0530] {processor.py:840} INFO - DAG(s) 'example_external_task_marker_child', 'example_external_task_marker_parent' retrieved from /Users/anikbhowmick/Python/Big_Data_Assignment/A02/airflow_env/lib/python3.11/site-packages/airflow/example_dags/example_external_task_marker_dag.py
[2024-03-08T14:24:24.508+0530] {logging_mixin.py:188} INFO - [2024-03-08T14:24:24.508+0530] {dag.py:3047} INFO - Sync 2 DAGs
[2024-03-08T14:24:24.511+0530] {logging_mixin.py:188} INFO - [2024-03-08T14:24:24.511+0530] {dag.py:3834} INFO - Setting next_dagrun for example_external_task_marker_child to None, run_after=None
[2024-03-08T14:24:24.512+0530] {logging_mixin.py:188} INFO - [2024-03-08T14:24:24.512+0530] {dag.py:3834} INFO - Setting next_dagrun for example_external_task_marker_parent to None, run_after=None
[2024-03-08T14:24:24.518+0530] {processor.py:183} INFO - Processing /Users/anikbhowmick/Python/Big_Data_Assignment/A02/airflow_env/lib/python3.11/site-packages/airflow/example_dags/example_external_task_marker_dag.py took 0.088 seconds
[2024-03-08T14:28:44.624+0530] {processor.py:161} INFO - Started process (PID=16990) to work on /Users/anikbhowmick/Python/Big_Data_Assignment/A02/airflow_env/lib/python3.11/site-packages/airflow/example_dags/example_external_task_marker_dag.py
[2024-03-08T14:28:44.626+0530] {processor.py:830} INFO - Processing file /Users/anikbhowmick/Python/Big_Data_Assignment/A02/airflow_env/lib/python3.11/site-packages/airflow/example_dags/example_external_task_marker_dag.py for tasks to queue
[2024-03-08T14:28:44.626+0530] {logging_mixin.py:188} INFO - [2024-03-08T14:28:44.626+0530] {dagbag.py:540} INFO - Filling up the DagBag from /Users/anikbhowmick/Python/Big_Data_Assignment/A02/airflow_env/lib/python3.11/site-packages/airflow/example_dags/example_external_task_marker_dag.py
[2024-03-08T14:28:44.652+0530] {processor.py:840} INFO - DAG(s) 'example_external_task_marker_child', 'example_external_task_marker_parent' retrieved from /Users/anikbhowmick/Python/Big_Data_Assignment/A02/airflow_env/lib/python3.11/site-packages/airflow/example_dags/example_external_task_marker_dag.py
[2024-03-08T14:28:44.683+0530] {logging_mixin.py:188} INFO - [2024-03-08T14:28:44.683+0530] {dag.py:3047} INFO - Sync 2 DAGs
[2024-03-08T14:28:44.686+0530] {logging_mixin.py:188} INFO - [2024-03-08T14:28:44.686+0530] {dag.py:3834} INFO - Setting next_dagrun for example_external_task_marker_child to None, run_after=None
[2024-03-08T14:28:44.687+0530] {logging_mixin.py:188} INFO - [2024-03-08T14:28:44.687+0530] {dag.py:3834} INFO - Setting next_dagrun for example_external_task_marker_parent to None, run_after=None
[2024-03-08T14:28:44.693+0530] {processor.py:183} INFO - Processing /Users/anikbhowmick/Python/Big_Data_Assignment/A02/airflow_env/lib/python3.11/site-packages/airflow/example_dags/example_external_task_marker_dag.py took 0.069 seconds
[2024-03-08T14:30:31.314+0530] {processor.py:161} INFO - Started process (PID=17065) to work on /Users/anikbhowmick/Python/Big_Data_Assignment/A02/airflow_env/lib/python3.11/site-packages/airflow/example_dags/example_external_task_marker_dag.py
[2024-03-08T14:30:31.315+0530] {processor.py:830} INFO - Processing file /Users/anikbhowmick/Python/Big_Data_Assignment/A02/airflow_env/lib/python3.11/site-packages/airflow/example_dags/example_external_task_marker_dag.py for tasks to queue
[2024-03-08T14:30:31.315+0530] {logging_mixin.py:188} INFO - [2024-03-08T14:30:31.315+0530] {dagbag.py:540} INFO - Filling up the DagBag from /Users/anikbhowmick/Python/Big_Data_Assignment/A02/airflow_env/lib/python3.11/site-packages/airflow/example_dags/example_external_task_marker_dag.py
[2024-03-08T14:30:31.341+0530] {processor.py:840} INFO - DAG(s) 'example_external_task_marker_child', 'example_external_task_marker_parent' retrieved from /Users/anikbhowmick/Python/Big_Data_Assignment/A02/airflow_env/lib/python3.11/site-packages/airflow/example_dags/example_external_task_marker_dag.py
[2024-03-08T14:30:31.371+0530] {logging_mixin.py:188} INFO - [2024-03-08T14:30:31.371+0530] {dag.py:3047} INFO - Sync 2 DAGs
[2024-03-08T14:30:31.374+0530] {logging_mixin.py:188} INFO - [2024-03-08T14:30:31.374+0530] {dag.py:3834} INFO - Setting next_dagrun for example_external_task_marker_child to None, run_after=None
[2024-03-08T14:30:31.375+0530] {logging_mixin.py:188} INFO - [2024-03-08T14:30:31.375+0530] {dag.py:3834} INFO - Setting next_dagrun for example_external_task_marker_parent to None, run_after=None
[2024-03-08T14:30:31.381+0530] {processor.py:183} INFO - Processing /Users/anikbhowmick/Python/Big_Data_Assignment/A02/airflow_env/lib/python3.11/site-packages/airflow/example_dags/example_external_task_marker_dag.py took 0.067 seconds
[2024-03-08T14:34:13.904+0530] {processor.py:161} INFO - Started process (PID=17313) to work on /Users/anikbhowmick/Python/Big_Data_Assignment/A02/airflow_env/lib/python3.11/site-packages/airflow/example_dags/example_external_task_marker_dag.py
[2024-03-08T14:34:13.906+0530] {processor.py:830} INFO - Processing file /Users/anikbhowmick/Python/Big_Data_Assignment/A02/airflow_env/lib/python3.11/site-packages/airflow/example_dags/example_external_task_marker_dag.py for tasks to queue
[2024-03-08T14:34:13.906+0530] {logging_mixin.py:188} INFO - [2024-03-08T14:34:13.906+0530] {dagbag.py:540} INFO - Filling up the DagBag from /Users/anikbhowmick/Python/Big_Data_Assignment/A02/airflow_env/lib/python3.11/site-packages/airflow/example_dags/example_external_task_marker_dag.py
[2024-03-08T14:34:13.933+0530] {processor.py:840} INFO - DAG(s) 'example_external_task_marker_child', 'example_external_task_marker_parent' retrieved from /Users/anikbhowmick/Python/Big_Data_Assignment/A02/airflow_env/lib/python3.11/site-packages/airflow/example_dags/example_external_task_marker_dag.py
[2024-03-08T14:34:13.964+0530] {logging_mixin.py:188} INFO - [2024-03-08T14:34:13.963+0530] {dag.py:3047} INFO - Sync 2 DAGs
[2024-03-08T14:34:13.967+0530] {logging_mixin.py:188} INFO - [2024-03-08T14:34:13.967+0530] {dag.py:3834} INFO - Setting next_dagrun for example_external_task_marker_child to None, run_after=None
[2024-03-08T14:34:13.968+0530] {logging_mixin.py:188} INFO - [2024-03-08T14:34:13.968+0530] {dag.py:3834} INFO - Setting next_dagrun for example_external_task_marker_parent to None, run_after=None
[2024-03-08T14:34:13.973+0530] {processor.py:183} INFO - Processing /Users/anikbhowmick/Python/Big_Data_Assignment/A02/airflow_env/lib/python3.11/site-packages/airflow/example_dags/example_external_task_marker_dag.py took 0.069 seconds
[2024-03-08T14:36:05.198+0530] {processor.py:161} INFO - Started process (PID=17394) to work on /Users/anikbhowmick/Python/Big_Data_Assignment/A02/airflow_env/lib/python3.11/site-packages/airflow/example_dags/example_external_task_marker_dag.py
[2024-03-08T14:36:05.199+0530] {processor.py:830} INFO - Processing file /Users/anikbhowmick/Python/Big_Data_Assignment/A02/airflow_env/lib/python3.11/site-packages/airflow/example_dags/example_external_task_marker_dag.py for tasks to queue
[2024-03-08T14:36:05.199+0530] {logging_mixin.py:188} INFO - [2024-03-08T14:36:05.199+0530] {dagbag.py:540} INFO - Filling up the DagBag from /Users/anikbhowmick/Python/Big_Data_Assignment/A02/airflow_env/lib/python3.11/site-packages/airflow/example_dags/example_external_task_marker_dag.py
[2024-03-08T14:36:05.225+0530] {processor.py:840} INFO - DAG(s) 'example_external_task_marker_parent', 'example_external_task_marker_child' retrieved from /Users/anikbhowmick/Python/Big_Data_Assignment/A02/airflow_env/lib/python3.11/site-packages/airflow/example_dags/example_external_task_marker_dag.py
[2024-03-08T14:36:05.256+0530] {logging_mixin.py:188} INFO - [2024-03-08T14:36:05.255+0530] {dag.py:3047} INFO - Sync 2 DAGs
[2024-03-08T14:36:05.259+0530] {logging_mixin.py:188} INFO - [2024-03-08T14:36:05.259+0530] {dag.py:3834} INFO - Setting next_dagrun for example_external_task_marker_child to None, run_after=None
[2024-03-08T14:36:05.260+0530] {logging_mixin.py:188} INFO - [2024-03-08T14:36:05.260+0530] {dag.py:3834} INFO - Setting next_dagrun for example_external_task_marker_parent to None, run_after=None
[2024-03-08T14:36:05.265+0530] {processor.py:183} INFO - Processing /Users/anikbhowmick/Python/Big_Data_Assignment/A02/airflow_env/lib/python3.11/site-packages/airflow/example_dags/example_external_task_marker_dag.py took 0.067 seconds
[2024-03-08T14:37:55.661+0530] {processor.py:161} INFO - Started process (PID=17465) to work on /Users/anikbhowmick/Python/Big_Data_Assignment/A02/airflow_env/lib/python3.11/site-packages/airflow/example_dags/example_external_task_marker_dag.py
[2024-03-08T14:37:55.661+0530] {processor.py:830} INFO - Processing file /Users/anikbhowmick/Python/Big_Data_Assignment/A02/airflow_env/lib/python3.11/site-packages/airflow/example_dags/example_external_task_marker_dag.py for tasks to queue
[2024-03-08T14:37:55.662+0530] {logging_mixin.py:188} INFO - [2024-03-08T14:37:55.662+0530] {dagbag.py:540} INFO - Filling up the DagBag from /Users/anikbhowmick/Python/Big_Data_Assignment/A02/airflow_env/lib/python3.11/site-packages/airflow/example_dags/example_external_task_marker_dag.py
[2024-03-08T14:37:55.687+0530] {processor.py:840} INFO - DAG(s) 'example_external_task_marker_child', 'example_external_task_marker_parent' retrieved from /Users/anikbhowmick/Python/Big_Data_Assignment/A02/airflow_env/lib/python3.11/site-packages/airflow/example_dags/example_external_task_marker_dag.py
[2024-03-08T14:37:55.718+0530] {logging_mixin.py:188} INFO - [2024-03-08T14:37:55.717+0530] {dag.py:3047} INFO - Sync 2 DAGs
[2024-03-08T14:37:55.720+0530] {logging_mixin.py:188} INFO - [2024-03-08T14:37:55.720+0530] {dag.py:3834} INFO - Setting next_dagrun for example_external_task_marker_child to None, run_after=None
[2024-03-08T14:37:55.721+0530] {logging_mixin.py:188} INFO - [2024-03-08T14:37:55.721+0530] {dag.py:3834} INFO - Setting next_dagrun for example_external_task_marker_parent to None, run_after=None
[2024-03-08T14:37:55.727+0530] {processor.py:183} INFO - Processing /Users/anikbhowmick/Python/Big_Data_Assignment/A02/airflow_env/lib/python3.11/site-packages/airflow/example_dags/example_external_task_marker_dag.py took 0.066 seconds
[2024-03-08T14:39:39.843+0530] {processor.py:161} INFO - Started process (PID=17533) to work on /Users/anikbhowmick/Python/Big_Data_Assignment/A02/airflow_env/lib/python3.11/site-packages/airflow/example_dags/example_external_task_marker_dag.py
[2024-03-08T14:39:39.844+0530] {processor.py:830} INFO - Processing file /Users/anikbhowmick/Python/Big_Data_Assignment/A02/airflow_env/lib/python3.11/site-packages/airflow/example_dags/example_external_task_marker_dag.py for tasks to queue
[2024-03-08T14:39:39.844+0530] {logging_mixin.py:188} INFO - [2024-03-08T14:39:39.844+0530] {dagbag.py:540} INFO - Filling up the DagBag from /Users/anikbhowmick/Python/Big_Data_Assignment/A02/airflow_env/lib/python3.11/site-packages/airflow/example_dags/example_external_task_marker_dag.py
[2024-03-08T14:39:39.869+0530] {processor.py:840} INFO - DAG(s) 'example_external_task_marker_parent', 'example_external_task_marker_child' retrieved from /Users/anikbhowmick/Python/Big_Data_Assignment/A02/airflow_env/lib/python3.11/site-packages/airflow/example_dags/example_external_task_marker_dag.py
[2024-03-08T14:39:39.900+0530] {logging_mixin.py:188} INFO - [2024-03-08T14:39:39.899+0530] {dag.py:3047} INFO - Sync 2 DAGs
[2024-03-08T14:39:39.903+0530] {logging_mixin.py:188} INFO - [2024-03-08T14:39:39.903+0530] {dag.py:3834} INFO - Setting next_dagrun for example_external_task_marker_child to None, run_after=None
[2024-03-08T14:39:39.904+0530] {logging_mixin.py:188} INFO - [2024-03-08T14:39:39.904+0530] {dag.py:3834} INFO - Setting next_dagrun for example_external_task_marker_parent to None, run_after=None
[2024-03-08T14:39:39.909+0530] {processor.py:183} INFO - Processing /Users/anikbhowmick/Python/Big_Data_Assignment/A02/airflow_env/lib/python3.11/site-packages/airflow/example_dags/example_external_task_marker_dag.py took 0.066 seconds
[2024-03-08T14:41:25.445+0530] {processor.py:161} INFO - Started process (PID=17602) to work on /Users/anikbhowmick/Python/Big_Data_Assignment/A02/airflow_env/lib/python3.11/site-packages/airflow/example_dags/example_external_task_marker_dag.py
[2024-03-08T14:41:25.446+0530] {processor.py:830} INFO - Processing file /Users/anikbhowmick/Python/Big_Data_Assignment/A02/airflow_env/lib/python3.11/site-packages/airflow/example_dags/example_external_task_marker_dag.py for tasks to queue
[2024-03-08T14:41:25.446+0530] {logging_mixin.py:188} INFO - [2024-03-08T14:41:25.446+0530] {dagbag.py:540} INFO - Filling up the DagBag from /Users/anikbhowmick/Python/Big_Data_Assignment/A02/airflow_env/lib/python3.11/site-packages/airflow/example_dags/example_external_task_marker_dag.py
[2024-03-08T14:41:25.471+0530] {processor.py:840} INFO - DAG(s) 'example_external_task_marker_parent', 'example_external_task_marker_child' retrieved from /Users/anikbhowmick/Python/Big_Data_Assignment/A02/airflow_env/lib/python3.11/site-packages/airflow/example_dags/example_external_task_marker_dag.py
[2024-03-08T14:41:25.502+0530] {logging_mixin.py:188} INFO - [2024-03-08T14:41:25.502+0530] {dag.py:3047} INFO - Sync 2 DAGs
[2024-03-08T14:41:25.505+0530] {logging_mixin.py:188} INFO - [2024-03-08T14:41:25.505+0530] {dag.py:3834} INFO - Setting next_dagrun for example_external_task_marker_child to None, run_after=None
[2024-03-08T14:41:25.506+0530] {logging_mixin.py:188} INFO - [2024-03-08T14:41:25.506+0530] {dag.py:3834} INFO - Setting next_dagrun for example_external_task_marker_parent to None, run_after=None
[2024-03-08T14:41:25.511+0530] {processor.py:183} INFO - Processing /Users/anikbhowmick/Python/Big_Data_Assignment/A02/airflow_env/lib/python3.11/site-packages/airflow/example_dags/example_external_task_marker_dag.py took 0.067 seconds
[2024-03-08T14:43:10.610+0530] {processor.py:161} INFO - Started process (PID=17670) to work on /Users/anikbhowmick/Python/Big_Data_Assignment/A02/airflow_env/lib/python3.11/site-packages/airflow/example_dags/example_external_task_marker_dag.py
[2024-03-08T14:43:10.611+0530] {processor.py:830} INFO - Processing file /Users/anikbhowmick/Python/Big_Data_Assignment/A02/airflow_env/lib/python3.11/site-packages/airflow/example_dags/example_external_task_marker_dag.py for tasks to queue
[2024-03-08T14:43:10.611+0530] {logging_mixin.py:188} INFO - [2024-03-08T14:43:10.611+0530] {dagbag.py:540} INFO - Filling up the DagBag from /Users/anikbhowmick/Python/Big_Data_Assignment/A02/airflow_env/lib/python3.11/site-packages/airflow/example_dags/example_external_task_marker_dag.py
[2024-03-08T14:43:10.636+0530] {processor.py:840} INFO - DAG(s) 'example_external_task_marker_child', 'example_external_task_marker_parent' retrieved from /Users/anikbhowmick/Python/Big_Data_Assignment/A02/airflow_env/lib/python3.11/site-packages/airflow/example_dags/example_external_task_marker_dag.py
[2024-03-08T14:43:10.667+0530] {logging_mixin.py:188} INFO - [2024-03-08T14:43:10.667+0530] {dag.py:3047} INFO - Sync 2 DAGs
[2024-03-08T14:43:10.670+0530] {logging_mixin.py:188} INFO - [2024-03-08T14:43:10.670+0530] {dag.py:3834} INFO - Setting next_dagrun for example_external_task_marker_child to None, run_after=None
[2024-03-08T14:43:10.671+0530] {logging_mixin.py:188} INFO - [2024-03-08T14:43:10.671+0530] {dag.py:3834} INFO - Setting next_dagrun for example_external_task_marker_parent to None, run_after=None
[2024-03-08T14:43:10.677+0530] {processor.py:183} INFO - Processing /Users/anikbhowmick/Python/Big_Data_Assignment/A02/airflow_env/lib/python3.11/site-packages/airflow/example_dags/example_external_task_marker_dag.py took 0.067 seconds
[2024-03-08T14:53:23.051+0530] {processor.py:161} INFO - Started process (PID=18025) to work on /Users/anikbhowmick/Python/Big_Data_Assignment/A02/airflow_env/lib/python3.11/site-packages/airflow/example_dags/example_external_task_marker_dag.py
[2024-03-08T14:53:23.052+0530] {processor.py:830} INFO - Processing file /Users/anikbhowmick/Python/Big_Data_Assignment/A02/airflow_env/lib/python3.11/site-packages/airflow/example_dags/example_external_task_marker_dag.py for tasks to queue
[2024-03-08T14:53:23.052+0530] {logging_mixin.py:188} INFO - [2024-03-08T14:53:23.052+0530] {dagbag.py:540} INFO - Filling up the DagBag from /Users/anikbhowmick/Python/Big_Data_Assignment/A02/airflow_env/lib/python3.11/site-packages/airflow/example_dags/example_external_task_marker_dag.py
[2024-03-08T14:53:23.078+0530] {processor.py:840} INFO - DAG(s) 'example_external_task_marker_child', 'example_external_task_marker_parent' retrieved from /Users/anikbhowmick/Python/Big_Data_Assignment/A02/airflow_env/lib/python3.11/site-packages/airflow/example_dags/example_external_task_marker_dag.py
[2024-03-08T14:53:23.111+0530] {logging_mixin.py:188} INFO - [2024-03-08T14:53:23.110+0530] {dag.py:3047} INFO - Sync 2 DAGs
[2024-03-08T14:53:23.114+0530] {logging_mixin.py:188} INFO - [2024-03-08T14:53:23.113+0530] {dag.py:3834} INFO - Setting next_dagrun for example_external_task_marker_child to None, run_after=None
[2024-03-08T14:53:23.114+0530] {logging_mixin.py:188} INFO - [2024-03-08T14:53:23.114+0530] {dag.py:3834} INFO - Setting next_dagrun for example_external_task_marker_parent to None, run_after=None
[2024-03-08T14:53:23.120+0530] {processor.py:183} INFO - Processing /Users/anikbhowmick/Python/Big_Data_Assignment/A02/airflow_env/lib/python3.11/site-packages/airflow/example_dags/example_external_task_marker_dag.py took 0.069 seconds
[2024-03-08T14:55:10.828+0530] {processor.py:161} INFO - Started process (PID=18183) to work on /Users/anikbhowmick/Python/Big_Data_Assignment/A02/airflow_env/lib/python3.11/site-packages/airflow/example_dags/example_external_task_marker_dag.py
[2024-03-08T14:55:10.829+0530] {processor.py:830} INFO - Processing file /Users/anikbhowmick/Python/Big_Data_Assignment/A02/airflow_env/lib/python3.11/site-packages/airflow/example_dags/example_external_task_marker_dag.py for tasks to queue
[2024-03-08T14:55:10.829+0530] {logging_mixin.py:188} INFO - [2024-03-08T14:55:10.829+0530] {dagbag.py:540} INFO - Filling up the DagBag from /Users/anikbhowmick/Python/Big_Data_Assignment/A02/airflow_env/lib/python3.11/site-packages/airflow/example_dags/example_external_task_marker_dag.py
[2024-03-08T14:55:10.855+0530] {processor.py:840} INFO - DAG(s) 'example_external_task_marker_child', 'example_external_task_marker_parent' retrieved from /Users/anikbhowmick/Python/Big_Data_Assignment/A02/airflow_env/lib/python3.11/site-packages/airflow/example_dags/example_external_task_marker_dag.py
[2024-03-08T14:55:10.886+0530] {logging_mixin.py:188} INFO - [2024-03-08T14:55:10.885+0530] {dag.py:3047} INFO - Sync 2 DAGs
[2024-03-08T14:55:10.889+0530] {logging_mixin.py:188} INFO - [2024-03-08T14:55:10.889+0530] {dag.py:3834} INFO - Setting next_dagrun for example_external_task_marker_child to None, run_after=None
[2024-03-08T14:55:10.890+0530] {logging_mixin.py:188} INFO - [2024-03-08T14:55:10.890+0530] {dag.py:3834} INFO - Setting next_dagrun for example_external_task_marker_parent to None, run_after=None
[2024-03-08T14:55:10.896+0530] {processor.py:183} INFO - Processing /Users/anikbhowmick/Python/Big_Data_Assignment/A02/airflow_env/lib/python3.11/site-packages/airflow/example_dags/example_external_task_marker_dag.py took 0.068 seconds
[2024-03-08T14:56:54.880+0530] {processor.py:161} INFO - Started process (PID=18251) to work on /Users/anikbhowmick/Python/Big_Data_Assignment/A02/airflow_env/lib/python3.11/site-packages/airflow/example_dags/example_external_task_marker_dag.py
[2024-03-08T14:56:54.880+0530] {processor.py:830} INFO - Processing file /Users/anikbhowmick/Python/Big_Data_Assignment/A02/airflow_env/lib/python3.11/site-packages/airflow/example_dags/example_external_task_marker_dag.py for tasks to queue
[2024-03-08T14:56:54.881+0530] {logging_mixin.py:188} INFO - [2024-03-08T14:56:54.880+0530] {dagbag.py:540} INFO - Filling up the DagBag from /Users/anikbhowmick/Python/Big_Data_Assignment/A02/airflow_env/lib/python3.11/site-packages/airflow/example_dags/example_external_task_marker_dag.py
[2024-03-08T14:56:54.906+0530] {processor.py:840} INFO - DAG(s) 'example_external_task_marker_child', 'example_external_task_marker_parent' retrieved from /Users/anikbhowmick/Python/Big_Data_Assignment/A02/airflow_env/lib/python3.11/site-packages/airflow/example_dags/example_external_task_marker_dag.py
[2024-03-08T14:56:54.938+0530] {logging_mixin.py:188} INFO - [2024-03-08T14:56:54.937+0530] {dag.py:3047} INFO - Sync 2 DAGs
[2024-03-08T14:56:54.940+0530] {logging_mixin.py:188} INFO - [2024-03-08T14:56:54.940+0530] {dag.py:3834} INFO - Setting next_dagrun for example_external_task_marker_child to None, run_after=None
[2024-03-08T14:56:54.941+0530] {logging_mixin.py:188} INFO - [2024-03-08T14:56:54.941+0530] {dag.py:3834} INFO - Setting next_dagrun for example_external_task_marker_parent to None, run_after=None
[2024-03-08T14:56:54.947+0530] {processor.py:183} INFO - Processing /Users/anikbhowmick/Python/Big_Data_Assignment/A02/airflow_env/lib/python3.11/site-packages/airflow/example_dags/example_external_task_marker_dag.py took 0.068 seconds
[2024-03-08T14:58:46.953+0530] {processor.py:161} INFO - Started process (PID=18322) to work on /Users/anikbhowmick/Python/Big_Data_Assignment/A02/airflow_env/lib/python3.11/site-packages/airflow/example_dags/example_external_task_marker_dag.py
[2024-03-08T14:58:46.954+0530] {processor.py:830} INFO - Processing file /Users/anikbhowmick/Python/Big_Data_Assignment/A02/airflow_env/lib/python3.11/site-packages/airflow/example_dags/example_external_task_marker_dag.py for tasks to queue
[2024-03-08T14:58:46.954+0530] {logging_mixin.py:188} INFO - [2024-03-08T14:58:46.954+0530] {dagbag.py:540} INFO - Filling up the DagBag from /Users/anikbhowmick/Python/Big_Data_Assignment/A02/airflow_env/lib/python3.11/site-packages/airflow/example_dags/example_external_task_marker_dag.py
[2024-03-08T14:58:46.980+0530] {processor.py:840} INFO - DAG(s) 'example_external_task_marker_child', 'example_external_task_marker_parent' retrieved from /Users/anikbhowmick/Python/Big_Data_Assignment/A02/airflow_env/lib/python3.11/site-packages/airflow/example_dags/example_external_task_marker_dag.py
[2024-03-08T14:58:47.011+0530] {logging_mixin.py:188} INFO - [2024-03-08T14:58:47.010+0530] {dag.py:3047} INFO - Sync 2 DAGs
[2024-03-08T14:58:47.014+0530] {logging_mixin.py:188} INFO - [2024-03-08T14:58:47.014+0530] {dag.py:3834} INFO - Setting next_dagrun for example_external_task_marker_child to None, run_after=None
[2024-03-08T14:58:47.015+0530] {logging_mixin.py:188} INFO - [2024-03-08T14:58:47.015+0530] {dag.py:3834} INFO - Setting next_dagrun for example_external_task_marker_parent to None, run_after=None
[2024-03-08T14:58:47.020+0530] {processor.py:183} INFO - Processing /Users/anikbhowmick/Python/Big_Data_Assignment/A02/airflow_env/lib/python3.11/site-packages/airflow/example_dags/example_external_task_marker_dag.py took 0.068 seconds
[2024-03-08T15:00:44.338+0530] {processor.py:161} INFO - Started process (PID=18398) to work on /Users/anikbhowmick/Python/Big_Data_Assignment/A02/airflow_env/lib/python3.11/site-packages/airflow/example_dags/example_external_task_marker_dag.py
[2024-03-08T15:00:44.339+0530] {processor.py:830} INFO - Processing file /Users/anikbhowmick/Python/Big_Data_Assignment/A02/airflow_env/lib/python3.11/site-packages/airflow/example_dags/example_external_task_marker_dag.py for tasks to queue
[2024-03-08T15:00:44.339+0530] {logging_mixin.py:188} INFO - [2024-03-08T15:00:44.339+0530] {dagbag.py:540} INFO - Filling up the DagBag from /Users/anikbhowmick/Python/Big_Data_Assignment/A02/airflow_env/lib/python3.11/site-packages/airflow/example_dags/example_external_task_marker_dag.py
[2024-03-08T15:00:44.365+0530] {processor.py:840} INFO - DAG(s) 'example_external_task_marker_child', 'example_external_task_marker_parent' retrieved from /Users/anikbhowmick/Python/Big_Data_Assignment/A02/airflow_env/lib/python3.11/site-packages/airflow/example_dags/example_external_task_marker_dag.py
[2024-03-08T15:00:44.397+0530] {logging_mixin.py:188} INFO - [2024-03-08T15:00:44.396+0530] {dag.py:3047} INFO - Sync 2 DAGs
[2024-03-08T15:00:44.400+0530] {logging_mixin.py:188} INFO - [2024-03-08T15:00:44.400+0530] {dag.py:3834} INFO - Setting next_dagrun for example_external_task_marker_child to None, run_after=None
[2024-03-08T15:00:44.401+0530] {logging_mixin.py:188} INFO - [2024-03-08T15:00:44.401+0530] {dag.py:3834} INFO - Setting next_dagrun for example_external_task_marker_parent to None, run_after=None
[2024-03-08T15:00:44.406+0530] {processor.py:183} INFO - Processing /Users/anikbhowmick/Python/Big_Data_Assignment/A02/airflow_env/lib/python3.11/site-packages/airflow/example_dags/example_external_task_marker_dag.py took 0.068 seconds
[2024-03-08T15:02:39.760+0530] {processor.py:161} INFO - Started process (PID=18473) to work on /Users/anikbhowmick/Python/Big_Data_Assignment/A02/airflow_env/lib/python3.11/site-packages/airflow/example_dags/example_external_task_marker_dag.py
[2024-03-08T15:02:39.761+0530] {processor.py:830} INFO - Processing file /Users/anikbhowmick/Python/Big_Data_Assignment/A02/airflow_env/lib/python3.11/site-packages/airflow/example_dags/example_external_task_marker_dag.py for tasks to queue
[2024-03-08T15:02:39.761+0530] {logging_mixin.py:188} INFO - [2024-03-08T15:02:39.761+0530] {dagbag.py:540} INFO - Filling up the DagBag from /Users/anikbhowmick/Python/Big_Data_Assignment/A02/airflow_env/lib/python3.11/site-packages/airflow/example_dags/example_external_task_marker_dag.py
[2024-03-08T15:02:39.790+0530] {processor.py:840} INFO - DAG(s) 'example_external_task_marker_parent', 'example_external_task_marker_child' retrieved from /Users/anikbhowmick/Python/Big_Data_Assignment/A02/airflow_env/lib/python3.11/site-packages/airflow/example_dags/example_external_task_marker_dag.py
[2024-03-08T15:02:39.822+0530] {logging_mixin.py:188} INFO - [2024-03-08T15:02:39.822+0530] {dag.py:3047} INFO - Sync 2 DAGs
[2024-03-08T15:02:39.825+0530] {logging_mixin.py:188} INFO - [2024-03-08T15:02:39.825+0530] {dag.py:3834} INFO - Setting next_dagrun for example_external_task_marker_child to None, run_after=None
[2024-03-08T15:02:39.826+0530] {logging_mixin.py:188} INFO - [2024-03-08T15:02:39.826+0530] {dag.py:3834} INFO - Setting next_dagrun for example_external_task_marker_parent to None, run_after=None
[2024-03-08T15:02:39.832+0530] {processor.py:183} INFO - Processing /Users/anikbhowmick/Python/Big_Data_Assignment/A02/airflow_env/lib/python3.11/site-packages/airflow/example_dags/example_external_task_marker_dag.py took 0.072 seconds
[2024-03-08T15:04:22.035+0530] {processor.py:161} INFO - Started process (PID=18545) to work on /Users/anikbhowmick/Python/Big_Data_Assignment/A02/airflow_env/lib/python3.11/site-packages/airflow/example_dags/example_external_task_marker_dag.py
[2024-03-08T15:04:22.036+0530] {processor.py:830} INFO - Processing file /Users/anikbhowmick/Python/Big_Data_Assignment/A02/airflow_env/lib/python3.11/site-packages/airflow/example_dags/example_external_task_marker_dag.py for tasks to queue
[2024-03-08T15:04:22.036+0530] {logging_mixin.py:188} INFO - [2024-03-08T15:04:22.036+0530] {dagbag.py:540} INFO - Filling up the DagBag from /Users/anikbhowmick/Python/Big_Data_Assignment/A02/airflow_env/lib/python3.11/site-packages/airflow/example_dags/example_external_task_marker_dag.py
[2024-03-08T15:04:22.062+0530] {processor.py:840} INFO - DAG(s) 'example_external_task_marker_child', 'example_external_task_marker_parent' retrieved from /Users/anikbhowmick/Python/Big_Data_Assignment/A02/airflow_env/lib/python3.11/site-packages/airflow/example_dags/example_external_task_marker_dag.py
[2024-03-08T15:04:22.096+0530] {logging_mixin.py:188} INFO - [2024-03-08T15:04:22.095+0530] {dag.py:3047} INFO - Sync 2 DAGs
[2024-03-08T15:04:22.099+0530] {logging_mixin.py:188} INFO - [2024-03-08T15:04:22.099+0530] {dag.py:3834} INFO - Setting next_dagrun for example_external_task_marker_child to None, run_after=None
[2024-03-08T15:04:22.100+0530] {logging_mixin.py:188} INFO - [2024-03-08T15:04:22.100+0530] {dag.py:3834} INFO - Setting next_dagrun for example_external_task_marker_parent to None, run_after=None
[2024-03-08T15:04:22.106+0530] {processor.py:183} INFO - Processing /Users/anikbhowmick/Python/Big_Data_Assignment/A02/airflow_env/lib/python3.11/site-packages/airflow/example_dags/example_external_task_marker_dag.py took 0.071 seconds
[2024-03-08T15:06:11.996+0530] {processor.py:161} INFO - Started process (PID=18615) to work on /Users/anikbhowmick/Python/Big_Data_Assignment/A02/airflow_env/lib/python3.11/site-packages/airflow/example_dags/example_external_task_marker_dag.py
[2024-03-08T15:06:11.997+0530] {processor.py:830} INFO - Processing file /Users/anikbhowmick/Python/Big_Data_Assignment/A02/airflow_env/lib/python3.11/site-packages/airflow/example_dags/example_external_task_marker_dag.py for tasks to queue
[2024-03-08T15:06:11.997+0530] {logging_mixin.py:188} INFO - [2024-03-08T15:06:11.997+0530] {dagbag.py:540} INFO - Filling up the DagBag from /Users/anikbhowmick/Python/Big_Data_Assignment/A02/airflow_env/lib/python3.11/site-packages/airflow/example_dags/example_external_task_marker_dag.py
[2024-03-08T15:06:12.025+0530] {processor.py:840} INFO - DAG(s) 'example_external_task_marker_child', 'example_external_task_marker_parent' retrieved from /Users/anikbhowmick/Python/Big_Data_Assignment/A02/airflow_env/lib/python3.11/site-packages/airflow/example_dags/example_external_task_marker_dag.py
[2024-03-08T15:06:12.058+0530] {logging_mixin.py:188} INFO - [2024-03-08T15:06:12.057+0530] {dag.py:3047} INFO - Sync 2 DAGs
[2024-03-08T15:06:12.061+0530] {logging_mixin.py:188} INFO - [2024-03-08T15:06:12.060+0530] {dag.py:3834} INFO - Setting next_dagrun for example_external_task_marker_child to None, run_after=None
[2024-03-08T15:06:12.061+0530] {logging_mixin.py:188} INFO - [2024-03-08T15:06:12.061+0530] {dag.py:3834} INFO - Setting next_dagrun for example_external_task_marker_parent to None, run_after=None
[2024-03-08T15:06:12.067+0530] {processor.py:183} INFO - Processing /Users/anikbhowmick/Python/Big_Data_Assignment/A02/airflow_env/lib/python3.11/site-packages/airflow/example_dags/example_external_task_marker_dag.py took 0.072 seconds
[2024-03-08T16:49:39.428+0530] {processor.py:161} INFO - Started process (PID=1270) to work on /Users/anikbhowmick/Python/Big_Data_Assignment/A02/airflow_env/lib/python3.11/site-packages/airflow/example_dags/example_external_task_marker_dag.py
[2024-03-08T16:49:39.428+0530] {processor.py:830} INFO - Processing file /Users/anikbhowmick/Python/Big_Data_Assignment/A02/airflow_env/lib/python3.11/site-packages/airflow/example_dags/example_external_task_marker_dag.py for tasks to queue
[2024-03-08T16:49:39.429+0530] {logging_mixin.py:188} INFO - [2024-03-08T16:49:39.428+0530] {dagbag.py:540} INFO - Filling up the DagBag from /Users/anikbhowmick/Python/Big_Data_Assignment/A02/airflow_env/lib/python3.11/site-packages/airflow/example_dags/example_external_task_marker_dag.py
[2024-03-08T16:49:39.454+0530] {processor.py:840} INFO - DAG(s) 'example_external_task_marker_parent', 'example_external_task_marker_child' retrieved from /Users/anikbhowmick/Python/Big_Data_Assignment/A02/airflow_env/lib/python3.11/site-packages/airflow/example_dags/example_external_task_marker_dag.py
[2024-03-08T16:49:39.485+0530] {logging_mixin.py:188} INFO - [2024-03-08T16:49:39.485+0530] {dag.py:3047} INFO - Sync 2 DAGs
[2024-03-08T16:49:39.488+0530] {logging_mixin.py:188} INFO - [2024-03-08T16:49:39.488+0530] {dag.py:3834} INFO - Setting next_dagrun for example_external_task_marker_child to None, run_after=None
[2024-03-08T16:49:39.489+0530] {logging_mixin.py:188} INFO - [2024-03-08T16:49:39.489+0530] {dag.py:3834} INFO - Setting next_dagrun for example_external_task_marker_parent to None, run_after=None
[2024-03-08T16:49:39.495+0530] {processor.py:183} INFO - Processing /Users/anikbhowmick/Python/Big_Data_Assignment/A02/airflow_env/lib/python3.11/site-packages/airflow/example_dags/example_external_task_marker_dag.py took 0.067 seconds
[2024-03-08T16:53:57.708+0530] {processor.py:161} INFO - Started process (PID=1577) to work on /Users/anikbhowmick/Python/Big_Data_Assignment/A02/airflow_env/lib/python3.11/site-packages/airflow/example_dags/example_external_task_marker_dag.py
[2024-03-08T16:53:57.709+0530] {processor.py:830} INFO - Processing file /Users/anikbhowmick/Python/Big_Data_Assignment/A02/airflow_env/lib/python3.11/site-packages/airflow/example_dags/example_external_task_marker_dag.py for tasks to queue
[2024-03-08T16:53:57.709+0530] {logging_mixin.py:188} INFO - [2024-03-08T16:53:57.709+0530] {dagbag.py:540} INFO - Filling up the DagBag from /Users/anikbhowmick/Python/Big_Data_Assignment/A02/airflow_env/lib/python3.11/site-packages/airflow/example_dags/example_external_task_marker_dag.py
[2024-03-08T16:53:57.735+0530] {processor.py:840} INFO - DAG(s) 'example_external_task_marker_child', 'example_external_task_marker_parent' retrieved from /Users/anikbhowmick/Python/Big_Data_Assignment/A02/airflow_env/lib/python3.11/site-packages/airflow/example_dags/example_external_task_marker_dag.py
[2024-03-08T16:53:57.766+0530] {logging_mixin.py:188} INFO - [2024-03-08T16:53:57.765+0530] {dag.py:3047} INFO - Sync 2 DAGs
[2024-03-08T16:53:57.769+0530] {logging_mixin.py:188} INFO - [2024-03-08T16:53:57.769+0530] {dag.py:3834} INFO - Setting next_dagrun for example_external_task_marker_child to None, run_after=None
[2024-03-08T16:53:57.770+0530] {logging_mixin.py:188} INFO - [2024-03-08T16:53:57.770+0530] {dag.py:3834} INFO - Setting next_dagrun for example_external_task_marker_parent to None, run_after=None
[2024-03-08T16:53:57.775+0530] {processor.py:183} INFO - Processing /Users/anikbhowmick/Python/Big_Data_Assignment/A02/airflow_env/lib/python3.11/site-packages/airflow/example_dags/example_external_task_marker_dag.py took 0.068 seconds
[2024-03-08T16:55:55.109+0530] {processor.py:161} INFO - Started process (PID=1661) to work on /Users/anikbhowmick/Python/Big_Data_Assignment/A02/airflow_env/lib/python3.11/site-packages/airflow/example_dags/example_external_task_marker_dag.py
[2024-03-08T16:55:55.110+0530] {processor.py:830} INFO - Processing file /Users/anikbhowmick/Python/Big_Data_Assignment/A02/airflow_env/lib/python3.11/site-packages/airflow/example_dags/example_external_task_marker_dag.py for tasks to queue
[2024-03-08T16:55:55.110+0530] {logging_mixin.py:188} INFO - [2024-03-08T16:55:55.110+0530] {dagbag.py:540} INFO - Filling up the DagBag from /Users/anikbhowmick/Python/Big_Data_Assignment/A02/airflow_env/lib/python3.11/site-packages/airflow/example_dags/example_external_task_marker_dag.py
[2024-03-08T16:55:55.136+0530] {processor.py:840} INFO - DAG(s) 'example_external_task_marker_child', 'example_external_task_marker_parent' retrieved from /Users/anikbhowmick/Python/Big_Data_Assignment/A02/airflow_env/lib/python3.11/site-packages/airflow/example_dags/example_external_task_marker_dag.py
[2024-03-08T16:55:55.167+0530] {logging_mixin.py:188} INFO - [2024-03-08T16:55:55.166+0530] {dag.py:3047} INFO - Sync 2 DAGs
[2024-03-08T16:55:55.170+0530] {logging_mixin.py:188} INFO - [2024-03-08T16:55:55.170+0530] {dag.py:3834} INFO - Setting next_dagrun for example_external_task_marker_child to None, run_after=None
[2024-03-08T16:55:55.171+0530] {logging_mixin.py:188} INFO - [2024-03-08T16:55:55.170+0530] {dag.py:3834} INFO - Setting next_dagrun for example_external_task_marker_parent to None, run_after=None
[2024-03-08T16:55:55.176+0530] {processor.py:183} INFO - Processing /Users/anikbhowmick/Python/Big_Data_Assignment/A02/airflow_env/lib/python3.11/site-packages/airflow/example_dags/example_external_task_marker_dag.py took 0.068 seconds
