[2024-03-08T12:17:29.841+0530] {processor.py:161} INFO - Started process (PID=11305) to work on /Users/anikbhowmick/Python/Big_Data_Assignment/A02/airflow_env/lib/python3.11/site-packages/airflow/example_dags/example_latest_only.py
[2024-03-08T12:17:29.842+0530] {processor.py:830} INFO - Processing file /Users/anikbhowmick/Python/Big_Data_Assignment/A02/airflow_env/lib/python3.11/site-packages/airflow/example_dags/example_latest_only.py for tasks to queue
[2024-03-08T12:17:29.842+0530] {logging_mixin.py:188} INFO - [2024-03-08T12:17:29.842+0530] {dagbag.py:540} INFO - Filling up the DagBag from /Users/anikbhowmick/Python/Big_Data_Assignment/A02/airflow_env/lib/python3.11/site-packages/airflow/example_dags/example_latest_only.py
[2024-03-08T12:17:29.866+0530] {processor.py:840} INFO - DAG(s) 'latest_only' retrieved from /Users/anikbhowmick/Python/Big_Data_Assignment/A02/airflow_env/lib/python3.11/site-packages/airflow/example_dags/example_latest_only.py
[2024-03-08T12:17:29.894+0530] {logging_mixin.py:188} INFO - [2024-03-08T12:17:29.894+0530] {dag.py:3047} INFO - Sync 1 DAGs
[2024-03-08T12:17:29.900+0530] {logging_mixin.py:188} INFO - [2024-03-08T12:17:29.900+0530] {dag.py:3834} INFO - Setting next_dagrun for latest_only to 2024-03-08 00:00:00+00:00, run_after=2024-03-08 04:00:00+00:00
[2024-03-08T12:17:29.905+0530] {processor.py:183} INFO - Processing /Users/anikbhowmick/Python/Big_Data_Assignment/A02/airflow_env/lib/python3.11/site-packages/airflow/example_dags/example_latest_only.py took 0.064 seconds
[2024-03-08T12:19:22.584+0530] {processor.py:161} INFO - Started process (PID=11386) to work on /Users/anikbhowmick/Python/Big_Data_Assignment/A02/airflow_env/lib/python3.11/site-packages/airflow/example_dags/example_latest_only.py
[2024-03-08T12:19:22.584+0530] {processor.py:830} INFO - Processing file /Users/anikbhowmick/Python/Big_Data_Assignment/A02/airflow_env/lib/python3.11/site-packages/airflow/example_dags/example_latest_only.py for tasks to queue
[2024-03-08T12:19:22.584+0530] {logging_mixin.py:188} INFO - [2024-03-08T12:19:22.584+0530] {dagbag.py:540} INFO - Filling up the DagBag from /Users/anikbhowmick/Python/Big_Data_Assignment/A02/airflow_env/lib/python3.11/site-packages/airflow/example_dags/example_latest_only.py
[2024-03-08T12:19:22.608+0530] {processor.py:840} INFO - DAG(s) 'latest_only' retrieved from /Users/anikbhowmick/Python/Big_Data_Assignment/A02/airflow_env/lib/python3.11/site-packages/airflow/example_dags/example_latest_only.py
[2024-03-08T12:19:22.636+0530] {logging_mixin.py:188} INFO - [2024-03-08T12:19:22.636+0530] {dag.py:3047} INFO - Sync 1 DAGs
[2024-03-08T12:19:22.642+0530] {logging_mixin.py:188} INFO - [2024-03-08T12:19:22.642+0530] {dag.py:3834} INFO - Setting next_dagrun for latest_only to 2024-03-08 00:00:00+00:00, run_after=2024-03-08 04:00:00+00:00
[2024-03-08T12:19:22.648+0530] {processor.py:183} INFO - Processing /Users/anikbhowmick/Python/Big_Data_Assignment/A02/airflow_env/lib/python3.11/site-packages/airflow/example_dags/example_latest_only.py took 0.065 seconds
[2024-03-08T12:21:13.705+0530] {processor.py:161} INFO - Started process (PID=11462) to work on /Users/anikbhowmick/Python/Big_Data_Assignment/A02/airflow_env/lib/python3.11/site-packages/airflow/example_dags/example_latest_only.py
[2024-03-08T12:21:13.705+0530] {processor.py:830} INFO - Processing file /Users/anikbhowmick/Python/Big_Data_Assignment/A02/airflow_env/lib/python3.11/site-packages/airflow/example_dags/example_latest_only.py for tasks to queue
[2024-03-08T12:21:13.705+0530] {logging_mixin.py:188} INFO - [2024-03-08T12:21:13.705+0530] {dagbag.py:540} INFO - Filling up the DagBag from /Users/anikbhowmick/Python/Big_Data_Assignment/A02/airflow_env/lib/python3.11/site-packages/airflow/example_dags/example_latest_only.py
[2024-03-08T12:21:13.729+0530] {processor.py:840} INFO - DAG(s) 'latest_only' retrieved from /Users/anikbhowmick/Python/Big_Data_Assignment/A02/airflow_env/lib/python3.11/site-packages/airflow/example_dags/example_latest_only.py
[2024-03-08T12:21:13.758+0530] {logging_mixin.py:188} INFO - [2024-03-08T12:21:13.758+0530] {dag.py:3047} INFO - Sync 1 DAGs
[2024-03-08T12:21:13.763+0530] {logging_mixin.py:188} INFO - [2024-03-08T12:21:13.763+0530] {dag.py:3834} INFO - Setting next_dagrun for latest_only to 2024-03-08 00:00:00+00:00, run_after=2024-03-08 04:00:00+00:00
[2024-03-08T12:21:13.769+0530] {processor.py:183} INFO - Processing /Users/anikbhowmick/Python/Big_Data_Assignment/A02/airflow_env/lib/python3.11/site-packages/airflow/example_dags/example_latest_only.py took 0.065 seconds
[2024-03-08T12:22:58.819+0530] {processor.py:161} INFO - Started process (PID=11556) to work on /Users/anikbhowmick/Python/Big_Data_Assignment/A02/airflow_env/lib/python3.11/site-packages/airflow/example_dags/example_latest_only.py
[2024-03-08T12:22:58.820+0530] {processor.py:830} INFO - Processing file /Users/anikbhowmick/Python/Big_Data_Assignment/A02/airflow_env/lib/python3.11/site-packages/airflow/example_dags/example_latest_only.py for tasks to queue
[2024-03-08T12:22:58.821+0530] {logging_mixin.py:188} INFO - [2024-03-08T12:22:58.821+0530] {dagbag.py:540} INFO - Filling up the DagBag from /Users/anikbhowmick/Python/Big_Data_Assignment/A02/airflow_env/lib/python3.11/site-packages/airflow/example_dags/example_latest_only.py
[2024-03-08T12:22:58.845+0530] {processor.py:840} INFO - DAG(s) 'latest_only' retrieved from /Users/anikbhowmick/Python/Big_Data_Assignment/A02/airflow_env/lib/python3.11/site-packages/airflow/example_dags/example_latest_only.py
[2024-03-08T12:22:58.874+0530] {logging_mixin.py:188} INFO - [2024-03-08T12:22:58.874+0530] {dag.py:3047} INFO - Sync 1 DAGs
[2024-03-08T12:22:58.879+0530] {logging_mixin.py:188} INFO - [2024-03-08T12:22:58.879+0530] {dag.py:3834} INFO - Setting next_dagrun for latest_only to 2024-03-08 00:00:00+00:00, run_after=2024-03-08 04:00:00+00:00
[2024-03-08T12:22:58.885+0530] {processor.py:183} INFO - Processing /Users/anikbhowmick/Python/Big_Data_Assignment/A02/airflow_env/lib/python3.11/site-packages/airflow/example_dags/example_latest_only.py took 0.066 seconds
[2024-03-08T12:24:54.108+0530] {processor.py:161} INFO - Started process (PID=11657) to work on /Users/anikbhowmick/Python/Big_Data_Assignment/A02/airflow_env/lib/python3.11/site-packages/airflow/example_dags/example_latest_only.py
[2024-03-08T12:24:54.109+0530] {processor.py:830} INFO - Processing file /Users/anikbhowmick/Python/Big_Data_Assignment/A02/airflow_env/lib/python3.11/site-packages/airflow/example_dags/example_latest_only.py for tasks to queue
[2024-03-08T12:24:54.109+0530] {logging_mixin.py:188} INFO - [2024-03-08T12:24:54.109+0530] {dagbag.py:540} INFO - Filling up the DagBag from /Users/anikbhowmick/Python/Big_Data_Assignment/A02/airflow_env/lib/python3.11/site-packages/airflow/example_dags/example_latest_only.py
[2024-03-08T12:24:54.133+0530] {processor.py:840} INFO - DAG(s) 'latest_only' retrieved from /Users/anikbhowmick/Python/Big_Data_Assignment/A02/airflow_env/lib/python3.11/site-packages/airflow/example_dags/example_latest_only.py
[2024-03-08T12:24:54.161+0530] {logging_mixin.py:188} INFO - [2024-03-08T12:24:54.161+0530] {dag.py:3047} INFO - Sync 1 DAGs
[2024-03-08T12:24:54.167+0530] {logging_mixin.py:188} INFO - [2024-03-08T12:24:54.167+0530] {dag.py:3834} INFO - Setting next_dagrun for latest_only to 2024-03-08 00:00:00+00:00, run_after=2024-03-08 04:00:00+00:00
[2024-03-08T12:24:54.173+0530] {processor.py:183} INFO - Processing /Users/anikbhowmick/Python/Big_Data_Assignment/A02/airflow_env/lib/python3.11/site-packages/airflow/example_dags/example_latest_only.py took 0.065 seconds
[2024-03-08T12:26:46.216+0530] {processor.py:161} INFO - Started process (PID=11746) to work on /Users/anikbhowmick/Python/Big_Data_Assignment/A02/airflow_env/lib/python3.11/site-packages/airflow/example_dags/example_latest_only.py
[2024-03-08T12:26:46.217+0530] {processor.py:830} INFO - Processing file /Users/anikbhowmick/Python/Big_Data_Assignment/A02/airflow_env/lib/python3.11/site-packages/airflow/example_dags/example_latest_only.py for tasks to queue
[2024-03-08T12:26:46.217+0530] {logging_mixin.py:188} INFO - [2024-03-08T12:26:46.217+0530] {dagbag.py:540} INFO - Filling up the DagBag from /Users/anikbhowmick/Python/Big_Data_Assignment/A02/airflow_env/lib/python3.11/site-packages/airflow/example_dags/example_latest_only.py
[2024-03-08T12:26:46.241+0530] {processor.py:840} INFO - DAG(s) 'latest_only' retrieved from /Users/anikbhowmick/Python/Big_Data_Assignment/A02/airflow_env/lib/python3.11/site-packages/airflow/example_dags/example_latest_only.py
[2024-03-08T12:26:46.270+0530] {logging_mixin.py:188} INFO - [2024-03-08T12:26:46.270+0530] {dag.py:3047} INFO - Sync 1 DAGs
[2024-03-08T12:26:46.275+0530] {logging_mixin.py:188} INFO - [2024-03-08T12:26:46.275+0530] {dag.py:3834} INFO - Setting next_dagrun for latest_only to 2024-03-08 00:00:00+00:00, run_after=2024-03-08 04:00:00+00:00
[2024-03-08T12:26:46.281+0530] {processor.py:183} INFO - Processing /Users/anikbhowmick/Python/Big_Data_Assignment/A02/airflow_env/lib/python3.11/site-packages/airflow/example_dags/example_latest_only.py took 0.066 seconds
[2024-03-08T12:28:34.569+0530] {processor.py:161} INFO - Started process (PID=11818) to work on /Users/anikbhowmick/Python/Big_Data_Assignment/A02/airflow_env/lib/python3.11/site-packages/airflow/example_dags/example_latest_only.py
[2024-03-08T12:28:34.570+0530] {processor.py:830} INFO - Processing file /Users/anikbhowmick/Python/Big_Data_Assignment/A02/airflow_env/lib/python3.11/site-packages/airflow/example_dags/example_latest_only.py for tasks to queue
[2024-03-08T12:28:34.570+0530] {logging_mixin.py:188} INFO - [2024-03-08T12:28:34.570+0530] {dagbag.py:540} INFO - Filling up the DagBag from /Users/anikbhowmick/Python/Big_Data_Assignment/A02/airflow_env/lib/python3.11/site-packages/airflow/example_dags/example_latest_only.py
[2024-03-08T12:28:34.594+0530] {processor.py:840} INFO - DAG(s) 'latest_only' retrieved from /Users/anikbhowmick/Python/Big_Data_Assignment/A02/airflow_env/lib/python3.11/site-packages/airflow/example_dags/example_latest_only.py
[2024-03-08T12:28:34.623+0530] {logging_mixin.py:188} INFO - [2024-03-08T12:28:34.622+0530] {dag.py:3047} INFO - Sync 1 DAGs
[2024-03-08T12:28:34.628+0530] {logging_mixin.py:188} INFO - [2024-03-08T12:28:34.628+0530] {dag.py:3834} INFO - Setting next_dagrun for latest_only to 2024-03-08 00:00:00+00:00, run_after=2024-03-08 04:00:00+00:00
[2024-03-08T12:28:34.634+0530] {processor.py:183} INFO - Processing /Users/anikbhowmick/Python/Big_Data_Assignment/A02/airflow_env/lib/python3.11/site-packages/airflow/example_dags/example_latest_only.py took 0.066 seconds
[2024-03-08T12:30:26.793+0530] {processor.py:161} INFO - Started process (PID=11896) to work on /Users/anikbhowmick/Python/Big_Data_Assignment/A02/airflow_env/lib/python3.11/site-packages/airflow/example_dags/example_latest_only.py
[2024-03-08T12:30:26.794+0530] {processor.py:830} INFO - Processing file /Users/anikbhowmick/Python/Big_Data_Assignment/A02/airflow_env/lib/python3.11/site-packages/airflow/example_dags/example_latest_only.py for tasks to queue
[2024-03-08T12:30:26.794+0530] {logging_mixin.py:188} INFO - [2024-03-08T12:30:26.794+0530] {dagbag.py:540} INFO - Filling up the DagBag from /Users/anikbhowmick/Python/Big_Data_Assignment/A02/airflow_env/lib/python3.11/site-packages/airflow/example_dags/example_latest_only.py
[2024-03-08T12:30:26.819+0530] {processor.py:840} INFO - DAG(s) 'latest_only' retrieved from /Users/anikbhowmick/Python/Big_Data_Assignment/A02/airflow_env/lib/python3.11/site-packages/airflow/example_dags/example_latest_only.py
[2024-03-08T12:30:26.848+0530] {logging_mixin.py:188} INFO - [2024-03-08T12:30:26.847+0530] {dag.py:3047} INFO - Sync 1 DAGs
[2024-03-08T12:30:26.853+0530] {logging_mixin.py:188} INFO - [2024-03-08T12:30:26.853+0530] {dag.py:3834} INFO - Setting next_dagrun for latest_only to 2024-03-08 00:00:00+00:00, run_after=2024-03-08 04:00:00+00:00
[2024-03-08T12:30:26.859+0530] {processor.py:183} INFO - Processing /Users/anikbhowmick/Python/Big_Data_Assignment/A02/airflow_env/lib/python3.11/site-packages/airflow/example_dags/example_latest_only.py took 0.067 seconds
[2024-03-08T12:32:17.748+0530] {processor.py:161} INFO - Started process (PID=11968) to work on /Users/anikbhowmick/Python/Big_Data_Assignment/A02/airflow_env/lib/python3.11/site-packages/airflow/example_dags/example_latest_only.py
[2024-03-08T12:32:17.749+0530] {processor.py:830} INFO - Processing file /Users/anikbhowmick/Python/Big_Data_Assignment/A02/airflow_env/lib/python3.11/site-packages/airflow/example_dags/example_latest_only.py for tasks to queue
[2024-03-08T12:32:17.749+0530] {logging_mixin.py:188} INFO - [2024-03-08T12:32:17.749+0530] {dagbag.py:540} INFO - Filling up the DagBag from /Users/anikbhowmick/Python/Big_Data_Assignment/A02/airflow_env/lib/python3.11/site-packages/airflow/example_dags/example_latest_only.py
[2024-03-08T12:32:17.773+0530] {processor.py:840} INFO - DAG(s) 'latest_only' retrieved from /Users/anikbhowmick/Python/Big_Data_Assignment/A02/airflow_env/lib/python3.11/site-packages/airflow/example_dags/example_latest_only.py
[2024-03-08T12:32:17.801+0530] {logging_mixin.py:188} INFO - [2024-03-08T12:32:17.801+0530] {dag.py:3047} INFO - Sync 1 DAGs
[2024-03-08T12:32:17.807+0530] {logging_mixin.py:188} INFO - [2024-03-08T12:32:17.807+0530] {dag.py:3834} INFO - Setting next_dagrun for latest_only to 2024-03-08 00:00:00+00:00, run_after=2024-03-08 04:00:00+00:00
[2024-03-08T12:32:17.812+0530] {processor.py:183} INFO - Processing /Users/anikbhowmick/Python/Big_Data_Assignment/A02/airflow_env/lib/python3.11/site-packages/airflow/example_dags/example_latest_only.py took 0.065 seconds
[2024-03-08T12:34:11.882+0530] {processor.py:161} INFO - Started process (PID=12046) to work on /Users/anikbhowmick/Python/Big_Data_Assignment/A02/airflow_env/lib/python3.11/site-packages/airflow/example_dags/example_latest_only.py
[2024-03-08T12:34:11.882+0530] {processor.py:830} INFO - Processing file /Users/anikbhowmick/Python/Big_Data_Assignment/A02/airflow_env/lib/python3.11/site-packages/airflow/example_dags/example_latest_only.py for tasks to queue
[2024-03-08T12:34:11.882+0530] {logging_mixin.py:188} INFO - [2024-03-08T12:34:11.882+0530] {dagbag.py:540} INFO - Filling up the DagBag from /Users/anikbhowmick/Python/Big_Data_Assignment/A02/airflow_env/lib/python3.11/site-packages/airflow/example_dags/example_latest_only.py
[2024-03-08T12:34:11.906+0530] {processor.py:840} INFO - DAG(s) 'latest_only' retrieved from /Users/anikbhowmick/Python/Big_Data_Assignment/A02/airflow_env/lib/python3.11/site-packages/airflow/example_dags/example_latest_only.py
[2024-03-08T12:34:11.935+0530] {logging_mixin.py:188} INFO - [2024-03-08T12:34:11.935+0530] {dag.py:3047} INFO - Sync 1 DAGs
[2024-03-08T12:34:11.940+0530] {logging_mixin.py:188} INFO - [2024-03-08T12:34:11.940+0530] {dag.py:3834} INFO - Setting next_dagrun for latest_only to 2024-03-08 00:00:00+00:00, run_after=2024-03-08 04:00:00+00:00
[2024-03-08T12:34:11.946+0530] {processor.py:183} INFO - Processing /Users/anikbhowmick/Python/Big_Data_Assignment/A02/airflow_env/lib/python3.11/site-packages/airflow/example_dags/example_latest_only.py took 0.065 seconds
[2024-03-08T12:36:07.736+0530] {processor.py:161} INFO - Started process (PID=12119) to work on /Users/anikbhowmick/Python/Big_Data_Assignment/A02/airflow_env/lib/python3.11/site-packages/airflow/example_dags/example_latest_only.py
[2024-03-08T12:36:07.737+0530] {processor.py:830} INFO - Processing file /Users/anikbhowmick/Python/Big_Data_Assignment/A02/airflow_env/lib/python3.11/site-packages/airflow/example_dags/example_latest_only.py for tasks to queue
[2024-03-08T12:36:07.737+0530] {logging_mixin.py:188} INFO - [2024-03-08T12:36:07.737+0530] {dagbag.py:540} INFO - Filling up the DagBag from /Users/anikbhowmick/Python/Big_Data_Assignment/A02/airflow_env/lib/python3.11/site-packages/airflow/example_dags/example_latest_only.py
[2024-03-08T12:36:07.761+0530] {processor.py:840} INFO - DAG(s) 'latest_only' retrieved from /Users/anikbhowmick/Python/Big_Data_Assignment/A02/airflow_env/lib/python3.11/site-packages/airflow/example_dags/example_latest_only.py
[2024-03-08T12:36:07.789+0530] {logging_mixin.py:188} INFO - [2024-03-08T12:36:07.789+0530] {dag.py:3047} INFO - Sync 1 DAGs
[2024-03-08T12:36:07.795+0530] {logging_mixin.py:188} INFO - [2024-03-08T12:36:07.795+0530] {dag.py:3834} INFO - Setting next_dagrun for latest_only to 2024-03-08 00:00:00+00:00, run_after=2024-03-08 04:00:00+00:00
[2024-03-08T12:36:07.801+0530] {processor.py:183} INFO - Processing /Users/anikbhowmick/Python/Big_Data_Assignment/A02/airflow_env/lib/python3.11/site-packages/airflow/example_dags/example_latest_only.py took 0.065 seconds
[2024-03-08T12:37:46.636+0530] {processor.py:161} INFO - Started process (PID=12186) to work on /Users/anikbhowmick/Python/Big_Data_Assignment/A02/airflow_env/lib/python3.11/site-packages/airflow/example_dags/example_latest_only.py
[2024-03-08T12:37:46.636+0530] {processor.py:830} INFO - Processing file /Users/anikbhowmick/Python/Big_Data_Assignment/A02/airflow_env/lib/python3.11/site-packages/airflow/example_dags/example_latest_only.py for tasks to queue
[2024-03-08T12:37:46.636+0530] {logging_mixin.py:188} INFO - [2024-03-08T12:37:46.636+0530] {dagbag.py:540} INFO - Filling up the DagBag from /Users/anikbhowmick/Python/Big_Data_Assignment/A02/airflow_env/lib/python3.11/site-packages/airflow/example_dags/example_latest_only.py
[2024-03-08T12:37:46.660+0530] {processor.py:840} INFO - DAG(s) 'latest_only' retrieved from /Users/anikbhowmick/Python/Big_Data_Assignment/A02/airflow_env/lib/python3.11/site-packages/airflow/example_dags/example_latest_only.py
[2024-03-08T12:37:46.689+0530] {logging_mixin.py:188} INFO - [2024-03-08T12:37:46.689+0530] {dag.py:3047} INFO - Sync 1 DAGs
[2024-03-08T12:37:46.694+0530] {logging_mixin.py:188} INFO - [2024-03-08T12:37:46.694+0530] {dag.py:3834} INFO - Setting next_dagrun for latest_only to 2024-03-08 00:00:00+00:00, run_after=2024-03-08 04:00:00+00:00
[2024-03-08T12:37:46.700+0530] {processor.py:183} INFO - Processing /Users/anikbhowmick/Python/Big_Data_Assignment/A02/airflow_env/lib/python3.11/site-packages/airflow/example_dags/example_latest_only.py took 0.065 seconds
[2024-03-08T12:39:41.998+0530] {processor.py:161} INFO - Started process (PID=12268) to work on /Users/anikbhowmick/Python/Big_Data_Assignment/A02/airflow_env/lib/python3.11/site-packages/airflow/example_dags/example_latest_only.py
[2024-03-08T12:39:42.000+0530] {processor.py:830} INFO - Processing file /Users/anikbhowmick/Python/Big_Data_Assignment/A02/airflow_env/lib/python3.11/site-packages/airflow/example_dags/example_latest_only.py for tasks to queue
[2024-03-08T12:39:42.000+0530] {logging_mixin.py:188} INFO - [2024-03-08T12:39:42.000+0530] {dagbag.py:540} INFO - Filling up the DagBag from /Users/anikbhowmick/Python/Big_Data_Assignment/A02/airflow_env/lib/python3.11/site-packages/airflow/example_dags/example_latest_only.py
[2024-03-08T12:39:42.023+0530] {processor.py:840} INFO - DAG(s) 'latest_only' retrieved from /Users/anikbhowmick/Python/Big_Data_Assignment/A02/airflow_env/lib/python3.11/site-packages/airflow/example_dags/example_latest_only.py
[2024-03-08T12:39:42.052+0530] {logging_mixin.py:188} INFO - [2024-03-08T12:39:42.052+0530] {dag.py:3047} INFO - Sync 1 DAGs
[2024-03-08T12:39:42.058+0530] {logging_mixin.py:188} INFO - [2024-03-08T12:39:42.058+0530] {dag.py:3834} INFO - Setting next_dagrun for latest_only to 2024-03-08 00:00:00+00:00, run_after=2024-03-08 04:00:00+00:00
[2024-03-08T12:39:42.064+0530] {processor.py:183} INFO - Processing /Users/anikbhowmick/Python/Big_Data_Assignment/A02/airflow_env/lib/python3.11/site-packages/airflow/example_dags/example_latest_only.py took 0.066 seconds
[2024-03-08T12:41:34.161+0530] {processor.py:161} INFO - Started process (PID=12340) to work on /Users/anikbhowmick/Python/Big_Data_Assignment/A02/airflow_env/lib/python3.11/site-packages/airflow/example_dags/example_latest_only.py
[2024-03-08T12:41:34.161+0530] {processor.py:830} INFO - Processing file /Users/anikbhowmick/Python/Big_Data_Assignment/A02/airflow_env/lib/python3.11/site-packages/airflow/example_dags/example_latest_only.py for tasks to queue
[2024-03-08T12:41:34.161+0530] {logging_mixin.py:188} INFO - [2024-03-08T12:41:34.161+0530] {dagbag.py:540} INFO - Filling up the DagBag from /Users/anikbhowmick/Python/Big_Data_Assignment/A02/airflow_env/lib/python3.11/site-packages/airflow/example_dags/example_latest_only.py
[2024-03-08T12:41:34.185+0530] {processor.py:840} INFO - DAG(s) 'latest_only' retrieved from /Users/anikbhowmick/Python/Big_Data_Assignment/A02/airflow_env/lib/python3.11/site-packages/airflow/example_dags/example_latest_only.py
[2024-03-08T12:41:34.214+0530] {logging_mixin.py:188} INFO - [2024-03-08T12:41:34.214+0530] {dag.py:3047} INFO - Sync 1 DAGs
[2024-03-08T12:41:34.220+0530] {logging_mixin.py:188} INFO - [2024-03-08T12:41:34.219+0530] {dag.py:3834} INFO - Setting next_dagrun for latest_only to 2024-03-08 00:00:00+00:00, run_after=2024-03-08 04:00:00+00:00
[2024-03-08T12:41:34.225+0530] {processor.py:183} INFO - Processing /Users/anikbhowmick/Python/Big_Data_Assignment/A02/airflow_env/lib/python3.11/site-packages/airflow/example_dags/example_latest_only.py took 0.065 seconds
[2024-03-08T12:43:30.683+0530] {processor.py:161} INFO - Started process (PID=12408) to work on /Users/anikbhowmick/Python/Big_Data_Assignment/A02/airflow_env/lib/python3.11/site-packages/airflow/example_dags/example_latest_only.py
[2024-03-08T12:43:30.684+0530] {processor.py:830} INFO - Processing file /Users/anikbhowmick/Python/Big_Data_Assignment/A02/airflow_env/lib/python3.11/site-packages/airflow/example_dags/example_latest_only.py for tasks to queue
[2024-03-08T12:43:30.684+0530] {logging_mixin.py:188} INFO - [2024-03-08T12:43:30.684+0530] {dagbag.py:540} INFO - Filling up the DagBag from /Users/anikbhowmick/Python/Big_Data_Assignment/A02/airflow_env/lib/python3.11/site-packages/airflow/example_dags/example_latest_only.py
[2024-03-08T12:43:30.708+0530] {processor.py:840} INFO - DAG(s) 'latest_only' retrieved from /Users/anikbhowmick/Python/Big_Data_Assignment/A02/airflow_env/lib/python3.11/site-packages/airflow/example_dags/example_latest_only.py
[2024-03-08T12:43:30.737+0530] {logging_mixin.py:188} INFO - [2024-03-08T12:43:30.737+0530] {dag.py:3047} INFO - Sync 1 DAGs
[2024-03-08T12:43:30.743+0530] {logging_mixin.py:188} INFO - [2024-03-08T12:43:30.742+0530] {dag.py:3834} INFO - Setting next_dagrun for latest_only to 2024-03-08 00:00:00+00:00, run_after=2024-03-08 04:00:00+00:00
[2024-03-08T12:43:30.748+0530] {processor.py:183} INFO - Processing /Users/anikbhowmick/Python/Big_Data_Assignment/A02/airflow_env/lib/python3.11/site-packages/airflow/example_dags/example_latest_only.py took 0.066 seconds
[2024-03-08T12:45:21.288+0530] {processor.py:161} INFO - Started process (PID=12513) to work on /Users/anikbhowmick/Python/Big_Data_Assignment/A02/airflow_env/lib/python3.11/site-packages/airflow/example_dags/example_latest_only.py
[2024-03-08T12:45:21.289+0530] {processor.py:830} INFO - Processing file /Users/anikbhowmick/Python/Big_Data_Assignment/A02/airflow_env/lib/python3.11/site-packages/airflow/example_dags/example_latest_only.py for tasks to queue
[2024-03-08T12:45:21.289+0530] {logging_mixin.py:188} INFO - [2024-03-08T12:45:21.289+0530] {dagbag.py:540} INFO - Filling up the DagBag from /Users/anikbhowmick/Python/Big_Data_Assignment/A02/airflow_env/lib/python3.11/site-packages/airflow/example_dags/example_latest_only.py
[2024-03-08T12:45:21.313+0530] {processor.py:840} INFO - DAG(s) 'latest_only' retrieved from /Users/anikbhowmick/Python/Big_Data_Assignment/A02/airflow_env/lib/python3.11/site-packages/airflow/example_dags/example_latest_only.py
[2024-03-08T12:45:21.343+0530] {logging_mixin.py:188} INFO - [2024-03-08T12:45:21.342+0530] {dag.py:3047} INFO - Sync 1 DAGs
[2024-03-08T12:45:21.348+0530] {logging_mixin.py:188} INFO - [2024-03-08T12:45:21.348+0530] {dag.py:3834} INFO - Setting next_dagrun for latest_only to 2024-03-08 00:00:00+00:00, run_after=2024-03-08 04:00:00+00:00
[2024-03-08T12:45:21.354+0530] {processor.py:183} INFO - Processing /Users/anikbhowmick/Python/Big_Data_Assignment/A02/airflow_env/lib/python3.11/site-packages/airflow/example_dags/example_latest_only.py took 0.066 seconds
[2024-03-08T12:47:08.074+0530] {processor.py:161} INFO - Started process (PID=12582) to work on /Users/anikbhowmick/Python/Big_Data_Assignment/A02/airflow_env/lib/python3.11/site-packages/airflow/example_dags/example_latest_only.py
[2024-03-08T12:47:08.075+0530] {processor.py:830} INFO - Processing file /Users/anikbhowmick/Python/Big_Data_Assignment/A02/airflow_env/lib/python3.11/site-packages/airflow/example_dags/example_latest_only.py for tasks to queue
[2024-03-08T12:47:08.075+0530] {logging_mixin.py:188} INFO - [2024-03-08T12:47:08.075+0530] {dagbag.py:540} INFO - Filling up the DagBag from /Users/anikbhowmick/Python/Big_Data_Assignment/A02/airflow_env/lib/python3.11/site-packages/airflow/example_dags/example_latest_only.py
[2024-03-08T12:47:08.099+0530] {processor.py:840} INFO - DAG(s) 'latest_only' retrieved from /Users/anikbhowmick/Python/Big_Data_Assignment/A02/airflow_env/lib/python3.11/site-packages/airflow/example_dags/example_latest_only.py
[2024-03-08T12:47:08.128+0530] {logging_mixin.py:188} INFO - [2024-03-08T12:47:08.127+0530] {dag.py:3047} INFO - Sync 1 DAGs
[2024-03-08T12:47:08.133+0530] {logging_mixin.py:188} INFO - [2024-03-08T12:47:08.133+0530] {dag.py:3834} INFO - Setting next_dagrun for latest_only to 2024-03-08 00:00:00+00:00, run_after=2024-03-08 04:00:00+00:00
[2024-03-08T12:47:08.139+0530] {processor.py:183} INFO - Processing /Users/anikbhowmick/Python/Big_Data_Assignment/A02/airflow_env/lib/python3.11/site-packages/airflow/example_dags/example_latest_only.py took 0.066 seconds
[2024-03-08T12:49:03.183+0530] {processor.py:161} INFO - Started process (PID=12660) to work on /Users/anikbhowmick/Python/Big_Data_Assignment/A02/airflow_env/lib/python3.11/site-packages/airflow/example_dags/example_latest_only.py
[2024-03-08T12:49:03.184+0530] {processor.py:830} INFO - Processing file /Users/anikbhowmick/Python/Big_Data_Assignment/A02/airflow_env/lib/python3.11/site-packages/airflow/example_dags/example_latest_only.py for tasks to queue
[2024-03-08T12:49:03.184+0530] {logging_mixin.py:188} INFO - [2024-03-08T12:49:03.184+0530] {dagbag.py:540} INFO - Filling up the DagBag from /Users/anikbhowmick/Python/Big_Data_Assignment/A02/airflow_env/lib/python3.11/site-packages/airflow/example_dags/example_latest_only.py
[2024-03-08T12:49:03.209+0530] {processor.py:840} INFO - DAG(s) 'latest_only' retrieved from /Users/anikbhowmick/Python/Big_Data_Assignment/A02/airflow_env/lib/python3.11/site-packages/airflow/example_dags/example_latest_only.py
[2024-03-08T12:49:03.238+0530] {logging_mixin.py:188} INFO - [2024-03-08T12:49:03.238+0530] {dag.py:3047} INFO - Sync 1 DAGs
[2024-03-08T12:49:03.244+0530] {logging_mixin.py:188} INFO - [2024-03-08T12:49:03.244+0530] {dag.py:3834} INFO - Setting next_dagrun for latest_only to 2024-03-08 00:00:00+00:00, run_after=2024-03-08 04:00:00+00:00
[2024-03-08T12:49:03.250+0530] {processor.py:183} INFO - Processing /Users/anikbhowmick/Python/Big_Data_Assignment/A02/airflow_env/lib/python3.11/site-packages/airflow/example_dags/example_latest_only.py took 0.067 seconds
[2024-03-08T12:50:54.424+0530] {processor.py:161} INFO - Started process (PID=12731) to work on /Users/anikbhowmick/Python/Big_Data_Assignment/A02/airflow_env/lib/python3.11/site-packages/airflow/example_dags/example_latest_only.py
[2024-03-08T12:50:54.425+0530] {processor.py:830} INFO - Processing file /Users/anikbhowmick/Python/Big_Data_Assignment/A02/airflow_env/lib/python3.11/site-packages/airflow/example_dags/example_latest_only.py for tasks to queue
[2024-03-08T12:50:54.425+0530] {logging_mixin.py:188} INFO - [2024-03-08T12:50:54.425+0530] {dagbag.py:540} INFO - Filling up the DagBag from /Users/anikbhowmick/Python/Big_Data_Assignment/A02/airflow_env/lib/python3.11/site-packages/airflow/example_dags/example_latest_only.py
[2024-03-08T12:50:54.459+0530] {processor.py:840} INFO - DAG(s) 'latest_only' retrieved from /Users/anikbhowmick/Python/Big_Data_Assignment/A02/airflow_env/lib/python3.11/site-packages/airflow/example_dags/example_latest_only.py
[2024-03-08T12:50:54.489+0530] {logging_mixin.py:188} INFO - [2024-03-08T12:50:54.489+0530] {dag.py:3047} INFO - Sync 1 DAGs
[2024-03-08T12:50:54.495+0530] {logging_mixin.py:188} INFO - [2024-03-08T12:50:54.495+0530] {dag.py:3834} INFO - Setting next_dagrun for latest_only to 2024-03-08 00:00:00+00:00, run_after=2024-03-08 04:00:00+00:00
[2024-03-08T12:50:54.502+0530] {processor.py:183} INFO - Processing /Users/anikbhowmick/Python/Big_Data_Assignment/A02/airflow_env/lib/python3.11/site-packages/airflow/example_dags/example_latest_only.py took 0.079 seconds
[2024-03-08T12:52:43.760+0530] {processor.py:161} INFO - Started process (PID=12825) to work on /Users/anikbhowmick/Python/Big_Data_Assignment/A02/airflow_env/lib/python3.11/site-packages/airflow/example_dags/example_latest_only.py
[2024-03-08T12:52:43.761+0530] {processor.py:830} INFO - Processing file /Users/anikbhowmick/Python/Big_Data_Assignment/A02/airflow_env/lib/python3.11/site-packages/airflow/example_dags/example_latest_only.py for tasks to queue
[2024-03-08T12:52:43.761+0530] {logging_mixin.py:188} INFO - [2024-03-08T12:52:43.761+0530] {dagbag.py:540} INFO - Filling up the DagBag from /Users/anikbhowmick/Python/Big_Data_Assignment/A02/airflow_env/lib/python3.11/site-packages/airflow/example_dags/example_latest_only.py
[2024-03-08T12:52:43.784+0530] {processor.py:840} INFO - DAG(s) 'latest_only' retrieved from /Users/anikbhowmick/Python/Big_Data_Assignment/A02/airflow_env/lib/python3.11/site-packages/airflow/example_dags/example_latest_only.py
[2024-03-08T12:52:43.813+0530] {logging_mixin.py:188} INFO - [2024-03-08T12:52:43.812+0530] {dag.py:3047} INFO - Sync 1 DAGs
[2024-03-08T12:52:43.818+0530] {logging_mixin.py:188} INFO - [2024-03-08T12:52:43.818+0530] {dag.py:3834} INFO - Setting next_dagrun for latest_only to 2024-03-08 00:00:00+00:00, run_after=2024-03-08 04:00:00+00:00
[2024-03-08T12:52:43.824+0530] {processor.py:183} INFO - Processing /Users/anikbhowmick/Python/Big_Data_Assignment/A02/airflow_env/lib/python3.11/site-packages/airflow/example_dags/example_latest_only.py took 0.064 seconds
[2024-03-08T12:59:33.999+0530] {processor.py:161} INFO - Started process (PID=13139) to work on /Users/anikbhowmick/Python/Big_Data_Assignment/A02/airflow_env/lib/python3.11/site-packages/airflow/example_dags/example_latest_only.py
[2024-03-08T12:59:33.999+0530] {processor.py:830} INFO - Processing file /Users/anikbhowmick/Python/Big_Data_Assignment/A02/airflow_env/lib/python3.11/site-packages/airflow/example_dags/example_latest_only.py for tasks to queue
[2024-03-08T12:59:33.999+0530] {logging_mixin.py:188} INFO - [2024-03-08T12:59:33.999+0530] {dagbag.py:540} INFO - Filling up the DagBag from /Users/anikbhowmick/Python/Big_Data_Assignment/A02/airflow_env/lib/python3.11/site-packages/airflow/example_dags/example_latest_only.py
[2024-03-08T12:59:34.023+0530] {processor.py:840} INFO - DAG(s) 'latest_only' retrieved from /Users/anikbhowmick/Python/Big_Data_Assignment/A02/airflow_env/lib/python3.11/site-packages/airflow/example_dags/example_latest_only.py
[2024-03-08T12:59:34.051+0530] {logging_mixin.py:188} INFO - [2024-03-08T12:59:34.051+0530] {dag.py:3047} INFO - Sync 1 DAGs
[2024-03-08T12:59:34.057+0530] {logging_mixin.py:188} INFO - [2024-03-08T12:59:34.057+0530] {dag.py:3834} INFO - Setting next_dagrun for latest_only to 2024-03-08 00:00:00+00:00, run_after=2024-03-08 04:00:00+00:00
[2024-03-08T12:59:34.063+0530] {processor.py:183} INFO - Processing /Users/anikbhowmick/Python/Big_Data_Assignment/A02/airflow_env/lib/python3.11/site-packages/airflow/example_dags/example_latest_only.py took 0.065 seconds
[2024-03-08T13:02:35.606+0530] {processor.py:161} INFO - Started process (PID=13362) to work on /Users/anikbhowmick/Python/Big_Data_Assignment/A02/airflow_env/lib/python3.11/site-packages/airflow/example_dags/example_latest_only.py
[2024-03-08T13:02:35.607+0530] {processor.py:830} INFO - Processing file /Users/anikbhowmick/Python/Big_Data_Assignment/A02/airflow_env/lib/python3.11/site-packages/airflow/example_dags/example_latest_only.py for tasks to queue
[2024-03-08T13:02:35.607+0530] {logging_mixin.py:188} INFO - [2024-03-08T13:02:35.607+0530] {dagbag.py:540} INFO - Filling up the DagBag from /Users/anikbhowmick/Python/Big_Data_Assignment/A02/airflow_env/lib/python3.11/site-packages/airflow/example_dags/example_latest_only.py
[2024-03-08T13:02:35.631+0530] {processor.py:840} INFO - DAG(s) 'latest_only' retrieved from /Users/anikbhowmick/Python/Big_Data_Assignment/A02/airflow_env/lib/python3.11/site-packages/airflow/example_dags/example_latest_only.py
[2024-03-08T13:02:35.662+0530] {logging_mixin.py:188} INFO - [2024-03-08T13:02:35.661+0530] {dag.py:3047} INFO - Sync 1 DAGs
[2024-03-08T13:02:35.667+0530] {logging_mixin.py:188} INFO - [2024-03-08T13:02:35.667+0530] {dag.py:3834} INFO - Setting next_dagrun for latest_only to 2024-03-08 00:00:00+00:00, run_after=2024-03-08 04:00:00+00:00
[2024-03-08T13:02:35.674+0530] {processor.py:183} INFO - Processing /Users/anikbhowmick/Python/Big_Data_Assignment/A02/airflow_env/lib/python3.11/site-packages/airflow/example_dags/example_latest_only.py took 0.068 seconds
[2024-03-08T13:04:28.295+0530] {processor.py:161} INFO - Started process (PID=13452) to work on /Users/anikbhowmick/Python/Big_Data_Assignment/A02/airflow_env/lib/python3.11/site-packages/airflow/example_dags/example_latest_only.py
[2024-03-08T13:04:28.295+0530] {processor.py:830} INFO - Processing file /Users/anikbhowmick/Python/Big_Data_Assignment/A02/airflow_env/lib/python3.11/site-packages/airflow/example_dags/example_latest_only.py for tasks to queue
[2024-03-08T13:04:28.296+0530] {logging_mixin.py:188} INFO - [2024-03-08T13:04:28.296+0530] {dagbag.py:540} INFO - Filling up the DagBag from /Users/anikbhowmick/Python/Big_Data_Assignment/A02/airflow_env/lib/python3.11/site-packages/airflow/example_dags/example_latest_only.py
[2024-03-08T13:04:28.319+0530] {processor.py:840} INFO - DAG(s) 'latest_only' retrieved from /Users/anikbhowmick/Python/Big_Data_Assignment/A02/airflow_env/lib/python3.11/site-packages/airflow/example_dags/example_latest_only.py
[2024-03-08T13:04:28.348+0530] {logging_mixin.py:188} INFO - [2024-03-08T13:04:28.347+0530] {dag.py:3047} INFO - Sync 1 DAGs
[2024-03-08T13:04:28.353+0530] {logging_mixin.py:188} INFO - [2024-03-08T13:04:28.353+0530] {dag.py:3834} INFO - Setting next_dagrun for latest_only to 2024-03-08 00:00:00+00:00, run_after=2024-03-08 04:00:00+00:00
[2024-03-08T13:04:28.359+0530] {processor.py:183} INFO - Processing /Users/anikbhowmick/Python/Big_Data_Assignment/A02/airflow_env/lib/python3.11/site-packages/airflow/example_dags/example_latest_only.py took 0.065 seconds
[2024-03-08T13:06:27.994+0530] {processor.py:161} INFO - Started process (PID=13541) to work on /Users/anikbhowmick/Python/Big_Data_Assignment/A02/airflow_env/lib/python3.11/site-packages/airflow/example_dags/example_latest_only.py
[2024-03-08T13:06:27.994+0530] {processor.py:830} INFO - Processing file /Users/anikbhowmick/Python/Big_Data_Assignment/A02/airflow_env/lib/python3.11/site-packages/airflow/example_dags/example_latest_only.py for tasks to queue
[2024-03-08T13:06:27.994+0530] {logging_mixin.py:188} INFO - [2024-03-08T13:06:27.994+0530] {dagbag.py:540} INFO - Filling up the DagBag from /Users/anikbhowmick/Python/Big_Data_Assignment/A02/airflow_env/lib/python3.11/site-packages/airflow/example_dags/example_latest_only.py
[2024-03-08T13:06:28.018+0530] {processor.py:840} INFO - DAG(s) 'latest_only' retrieved from /Users/anikbhowmick/Python/Big_Data_Assignment/A02/airflow_env/lib/python3.11/site-packages/airflow/example_dags/example_latest_only.py
[2024-03-08T13:06:28.046+0530] {logging_mixin.py:188} INFO - [2024-03-08T13:06:28.046+0530] {dag.py:3047} INFO - Sync 1 DAGs
[2024-03-08T13:06:28.051+0530] {logging_mixin.py:188} INFO - [2024-03-08T13:06:28.051+0530] {dag.py:3834} INFO - Setting next_dagrun for latest_only to 2024-03-08 00:00:00+00:00, run_after=2024-03-08 04:00:00+00:00
[2024-03-08T13:06:28.058+0530] {processor.py:183} INFO - Processing /Users/anikbhowmick/Python/Big_Data_Assignment/A02/airflow_env/lib/python3.11/site-packages/airflow/example_dags/example_latest_only.py took 0.065 seconds
[2024-03-08T13:15:12.514+0530] {processor.py:161} INFO - Started process (PID=14261) to work on /Users/anikbhowmick/Python/Big_Data_Assignment/A02/airflow_env/lib/python3.11/site-packages/airflow/example_dags/example_latest_only.py
[2024-03-08T13:15:12.515+0530] {processor.py:830} INFO - Processing file /Users/anikbhowmick/Python/Big_Data_Assignment/A02/airflow_env/lib/python3.11/site-packages/airflow/example_dags/example_latest_only.py for tasks to queue
[2024-03-08T13:15:12.515+0530] {logging_mixin.py:188} INFO - [2024-03-08T13:15:12.515+0530] {dagbag.py:540} INFO - Filling up the DagBag from /Users/anikbhowmick/Python/Big_Data_Assignment/A02/airflow_env/lib/python3.11/site-packages/airflow/example_dags/example_latest_only.py
[2024-03-08T13:15:12.539+0530] {processor.py:840} INFO - DAG(s) 'latest_only' retrieved from /Users/anikbhowmick/Python/Big_Data_Assignment/A02/airflow_env/lib/python3.11/site-packages/airflow/example_dags/example_latest_only.py
[2024-03-08T13:15:12.567+0530] {logging_mixin.py:188} INFO - [2024-03-08T13:15:12.567+0530] {dag.py:3047} INFO - Sync 1 DAGs
[2024-03-08T13:15:12.573+0530] {logging_mixin.py:188} INFO - [2024-03-08T13:15:12.573+0530] {dag.py:3834} INFO - Setting next_dagrun for latest_only to 2024-03-08 00:00:00+00:00, run_after=2024-03-08 04:00:00+00:00
[2024-03-08T13:15:12.579+0530] {processor.py:183} INFO - Processing /Users/anikbhowmick/Python/Big_Data_Assignment/A02/airflow_env/lib/python3.11/site-packages/airflow/example_dags/example_latest_only.py took 0.066 seconds
[2024-03-08T13:17:00.768+0530] {processor.py:161} INFO - Started process (PID=14365) to work on /Users/anikbhowmick/Python/Big_Data_Assignment/A02/airflow_env/lib/python3.11/site-packages/airflow/example_dags/example_latest_only.py
[2024-03-08T13:17:00.769+0530] {processor.py:830} INFO - Processing file /Users/anikbhowmick/Python/Big_Data_Assignment/A02/airflow_env/lib/python3.11/site-packages/airflow/example_dags/example_latest_only.py for tasks to queue
[2024-03-08T13:17:00.770+0530] {logging_mixin.py:188} INFO - [2024-03-08T13:17:00.769+0530] {dagbag.py:540} INFO - Filling up the DagBag from /Users/anikbhowmick/Python/Big_Data_Assignment/A02/airflow_env/lib/python3.11/site-packages/airflow/example_dags/example_latest_only.py
[2024-03-08T13:17:00.793+0530] {processor.py:840} INFO - DAG(s) 'latest_only' retrieved from /Users/anikbhowmick/Python/Big_Data_Assignment/A02/airflow_env/lib/python3.11/site-packages/airflow/example_dags/example_latest_only.py
[2024-03-08T13:17:00.822+0530] {logging_mixin.py:188} INFO - [2024-03-08T13:17:00.822+0530] {dag.py:3047} INFO - Sync 1 DAGs
[2024-03-08T13:17:00.828+0530] {logging_mixin.py:188} INFO - [2024-03-08T13:17:00.828+0530] {dag.py:3834} INFO - Setting next_dagrun for latest_only to 2024-03-08 00:00:00+00:00, run_after=2024-03-08 04:00:00+00:00
[2024-03-08T13:17:00.834+0530] {processor.py:183} INFO - Processing /Users/anikbhowmick/Python/Big_Data_Assignment/A02/airflow_env/lib/python3.11/site-packages/airflow/example_dags/example_latest_only.py took 0.066 seconds
[2024-03-08T13:18:48.281+0530] {processor.py:161} INFO - Started process (PID=14451) to work on /Users/anikbhowmick/Python/Big_Data_Assignment/A02/airflow_env/lib/python3.11/site-packages/airflow/example_dags/example_latest_only.py
[2024-03-08T13:18:48.282+0530] {processor.py:830} INFO - Processing file /Users/anikbhowmick/Python/Big_Data_Assignment/A02/airflow_env/lib/python3.11/site-packages/airflow/example_dags/example_latest_only.py for tasks to queue
[2024-03-08T13:18:48.282+0530] {logging_mixin.py:188} INFO - [2024-03-08T13:18:48.282+0530] {dagbag.py:540} INFO - Filling up the DagBag from /Users/anikbhowmick/Python/Big_Data_Assignment/A02/airflow_env/lib/python3.11/site-packages/airflow/example_dags/example_latest_only.py
[2024-03-08T13:18:48.306+0530] {processor.py:840} INFO - DAG(s) 'latest_only' retrieved from /Users/anikbhowmick/Python/Big_Data_Assignment/A02/airflow_env/lib/python3.11/site-packages/airflow/example_dags/example_latest_only.py
[2024-03-08T13:18:48.335+0530] {logging_mixin.py:188} INFO - [2024-03-08T13:18:48.335+0530] {dag.py:3047} INFO - Sync 1 DAGs
[2024-03-08T13:18:48.340+0530] {logging_mixin.py:188} INFO - [2024-03-08T13:18:48.340+0530] {dag.py:3834} INFO - Setting next_dagrun for latest_only to 2024-03-08 00:00:00+00:00, run_after=2024-03-08 04:00:00+00:00
[2024-03-08T13:18:48.346+0530] {processor.py:183} INFO - Processing /Users/anikbhowmick/Python/Big_Data_Assignment/A02/airflow_env/lib/python3.11/site-packages/airflow/example_dags/example_latest_only.py took 0.066 seconds
[2024-03-08T13:20:41.552+0530] {processor.py:161} INFO - Started process (PID=14520) to work on /Users/anikbhowmick/Python/Big_Data_Assignment/A02/airflow_env/lib/python3.11/site-packages/airflow/example_dags/example_latest_only.py
[2024-03-08T13:20:41.553+0530] {processor.py:830} INFO - Processing file /Users/anikbhowmick/Python/Big_Data_Assignment/A02/airflow_env/lib/python3.11/site-packages/airflow/example_dags/example_latest_only.py for tasks to queue
[2024-03-08T13:20:41.553+0530] {logging_mixin.py:188} INFO - [2024-03-08T13:20:41.553+0530] {dagbag.py:540} INFO - Filling up the DagBag from /Users/anikbhowmick/Python/Big_Data_Assignment/A02/airflow_env/lib/python3.11/site-packages/airflow/example_dags/example_latest_only.py
[2024-03-08T13:20:41.577+0530] {processor.py:840} INFO - DAG(s) 'latest_only' retrieved from /Users/anikbhowmick/Python/Big_Data_Assignment/A02/airflow_env/lib/python3.11/site-packages/airflow/example_dags/example_latest_only.py
[2024-03-08T13:20:41.606+0530] {logging_mixin.py:188} INFO - [2024-03-08T13:20:41.606+0530] {dag.py:3047} INFO - Sync 1 DAGs
[2024-03-08T13:20:41.611+0530] {logging_mixin.py:188} INFO - [2024-03-08T13:20:41.611+0530] {dag.py:3834} INFO - Setting next_dagrun for latest_only to 2024-03-08 00:00:00+00:00, run_after=2024-03-08 04:00:00+00:00
[2024-03-08T13:20:41.617+0530] {processor.py:183} INFO - Processing /Users/anikbhowmick/Python/Big_Data_Assignment/A02/airflow_env/lib/python3.11/site-packages/airflow/example_dags/example_latest_only.py took 0.066 seconds
[2024-03-08T13:23:05.518+0530] {processor.py:161} INFO - Started process (PID=14727) to work on /Users/anikbhowmick/Python/Big_Data_Assignment/A02/airflow_env/lib/python3.11/site-packages/airflow/example_dags/example_latest_only.py
[2024-03-08T13:23:05.518+0530] {processor.py:830} INFO - Processing file /Users/anikbhowmick/Python/Big_Data_Assignment/A02/airflow_env/lib/python3.11/site-packages/airflow/example_dags/example_latest_only.py for tasks to queue
[2024-03-08T13:23:05.519+0530] {logging_mixin.py:188} INFO - [2024-03-08T13:23:05.518+0530] {dagbag.py:540} INFO - Filling up the DagBag from /Users/anikbhowmick/Python/Big_Data_Assignment/A02/airflow_env/lib/python3.11/site-packages/airflow/example_dags/example_latest_only.py
[2024-03-08T13:23:05.547+0530] {processor.py:840} INFO - DAG(s) 'latest_only' retrieved from /Users/anikbhowmick/Python/Big_Data_Assignment/A02/airflow_env/lib/python3.11/site-packages/airflow/example_dags/example_latest_only.py
[2024-03-08T13:23:05.576+0530] {logging_mixin.py:188} INFO - [2024-03-08T13:23:05.576+0530] {dag.py:3047} INFO - Sync 1 DAGs
[2024-03-08T13:23:05.582+0530] {logging_mixin.py:188} INFO - [2024-03-08T13:23:05.581+0530] {dag.py:3834} INFO - Setting next_dagrun for latest_only to 2024-03-08 00:00:00+00:00, run_after=2024-03-08 04:00:00+00:00
[2024-03-08T13:23:05.587+0530] {processor.py:183} INFO - Processing /Users/anikbhowmick/Python/Big_Data_Assignment/A02/airflow_env/lib/python3.11/site-packages/airflow/example_dags/example_latest_only.py took 0.070 seconds
[2024-03-08T13:33:57.401+0530] {processor.py:161} INFO - Started process (PID=15468) to work on /Users/anikbhowmick/Python/Big_Data_Assignment/A02/airflow_env/lib/python3.11/site-packages/airflow/example_dags/example_latest_only.py
[2024-03-08T13:33:57.402+0530] {processor.py:830} INFO - Processing file /Users/anikbhowmick/Python/Big_Data_Assignment/A02/airflow_env/lib/python3.11/site-packages/airflow/example_dags/example_latest_only.py for tasks to queue
[2024-03-08T13:33:57.402+0530] {logging_mixin.py:188} INFO - [2024-03-08T13:33:57.402+0530] {dagbag.py:540} INFO - Filling up the DagBag from /Users/anikbhowmick/Python/Big_Data_Assignment/A02/airflow_env/lib/python3.11/site-packages/airflow/example_dags/example_latest_only.py
[2024-03-08T13:33:57.426+0530] {processor.py:840} INFO - DAG(s) 'latest_only' retrieved from /Users/anikbhowmick/Python/Big_Data_Assignment/A02/airflow_env/lib/python3.11/site-packages/airflow/example_dags/example_latest_only.py
[2024-03-08T13:33:57.455+0530] {logging_mixin.py:188} INFO - [2024-03-08T13:33:57.455+0530] {dag.py:3047} INFO - Sync 1 DAGs
[2024-03-08T13:33:57.460+0530] {logging_mixin.py:188} INFO - [2024-03-08T13:33:57.460+0530] {dag.py:3834} INFO - Setting next_dagrun for latest_only to 2024-03-08 04:00:00+00:00, run_after=2024-03-08 08:00:00+00:00
[2024-03-08T13:33:57.466+0530] {processor.py:183} INFO - Processing /Users/anikbhowmick/Python/Big_Data_Assignment/A02/airflow_env/lib/python3.11/site-packages/airflow/example_dags/example_latest_only.py took 0.066 seconds
[2024-03-08T13:35:49.117+0530] {processor.py:161} INFO - Started process (PID=15554) to work on /Users/anikbhowmick/Python/Big_Data_Assignment/A02/airflow_env/lib/python3.11/site-packages/airflow/example_dags/example_latest_only.py
[2024-03-08T13:35:49.118+0530] {processor.py:830} INFO - Processing file /Users/anikbhowmick/Python/Big_Data_Assignment/A02/airflow_env/lib/python3.11/site-packages/airflow/example_dags/example_latest_only.py for tasks to queue
[2024-03-08T13:35:49.118+0530] {logging_mixin.py:188} INFO - [2024-03-08T13:35:49.118+0530] {dagbag.py:540} INFO - Filling up the DagBag from /Users/anikbhowmick/Python/Big_Data_Assignment/A02/airflow_env/lib/python3.11/site-packages/airflow/example_dags/example_latest_only.py
[2024-03-08T13:35:49.142+0530] {processor.py:840} INFO - DAG(s) 'latest_only' retrieved from /Users/anikbhowmick/Python/Big_Data_Assignment/A02/airflow_env/lib/python3.11/site-packages/airflow/example_dags/example_latest_only.py
[2024-03-08T13:35:49.171+0530] {logging_mixin.py:188} INFO - [2024-03-08T13:35:49.171+0530] {dag.py:3047} INFO - Sync 1 DAGs
[2024-03-08T13:35:49.177+0530] {logging_mixin.py:188} INFO - [2024-03-08T13:35:49.176+0530] {dag.py:3834} INFO - Setting next_dagrun for latest_only to 2024-03-08 04:00:00+00:00, run_after=2024-03-08 08:00:00+00:00
[2024-03-08T13:35:49.182+0530] {processor.py:183} INFO - Processing /Users/anikbhowmick/Python/Big_Data_Assignment/A02/airflow_env/lib/python3.11/site-packages/airflow/example_dags/example_latest_only.py took 0.066 seconds
[2024-03-08T13:37:40.912+0530] {processor.py:161} INFO - Started process (PID=15627) to work on /Users/anikbhowmick/Python/Big_Data_Assignment/A02/airflow_env/lib/python3.11/site-packages/airflow/example_dags/example_latest_only.py
[2024-03-08T13:37:40.913+0530] {processor.py:830} INFO - Processing file /Users/anikbhowmick/Python/Big_Data_Assignment/A02/airflow_env/lib/python3.11/site-packages/airflow/example_dags/example_latest_only.py for tasks to queue
[2024-03-08T13:37:40.913+0530] {logging_mixin.py:188} INFO - [2024-03-08T13:37:40.913+0530] {dagbag.py:540} INFO - Filling up the DagBag from /Users/anikbhowmick/Python/Big_Data_Assignment/A02/airflow_env/lib/python3.11/site-packages/airflow/example_dags/example_latest_only.py
[2024-03-08T13:37:40.937+0530] {processor.py:840} INFO - DAG(s) 'latest_only' retrieved from /Users/anikbhowmick/Python/Big_Data_Assignment/A02/airflow_env/lib/python3.11/site-packages/airflow/example_dags/example_latest_only.py
[2024-03-08T13:37:40.965+0530] {logging_mixin.py:188} INFO - [2024-03-08T13:37:40.965+0530] {dag.py:3047} INFO - Sync 1 DAGs
[2024-03-08T13:37:40.970+0530] {logging_mixin.py:188} INFO - [2024-03-08T13:37:40.970+0530] {dag.py:3834} INFO - Setting next_dagrun for latest_only to 2024-03-08 04:00:00+00:00, run_after=2024-03-08 08:00:00+00:00
[2024-03-08T13:37:40.976+0530] {processor.py:183} INFO - Processing /Users/anikbhowmick/Python/Big_Data_Assignment/A02/airflow_env/lib/python3.11/site-packages/airflow/example_dags/example_latest_only.py took 0.065 seconds
[2024-03-08T14:24:22.223+0530] {processor.py:161} INFO - Started process (PID=16702) to work on /Users/anikbhowmick/Python/Big_Data_Assignment/A02/airflow_env/lib/python3.11/site-packages/airflow/example_dags/example_latest_only.py
[2024-03-08T14:24:22.224+0530] {processor.py:830} INFO - Processing file /Users/anikbhowmick/Python/Big_Data_Assignment/A02/airflow_env/lib/python3.11/site-packages/airflow/example_dags/example_latest_only.py for tasks to queue
[2024-03-08T14:24:22.224+0530] {logging_mixin.py:188} INFO - [2024-03-08T14:24:22.224+0530] {dagbag.py:540} INFO - Filling up the DagBag from /Users/anikbhowmick/Python/Big_Data_Assignment/A02/airflow_env/lib/python3.11/site-packages/airflow/example_dags/example_latest_only.py
[2024-03-08T14:24:22.257+0530] {processor.py:840} INFO - DAG(s) 'latest_only' retrieved from /Users/anikbhowmick/Python/Big_Data_Assignment/A02/airflow_env/lib/python3.11/site-packages/airflow/example_dags/example_latest_only.py
[2024-03-08T14:24:22.288+0530] {logging_mixin.py:188} INFO - [2024-03-08T14:24:22.288+0530] {dag.py:3047} INFO - Sync 1 DAGs
[2024-03-08T14:24:22.294+0530] {logging_mixin.py:188} INFO - [2024-03-08T14:24:22.294+0530] {dag.py:3834} INFO - Setting next_dagrun for latest_only to 2024-03-08 04:00:00+00:00, run_after=2024-03-08 08:00:00+00:00
[2024-03-08T14:24:22.301+0530] {processor.py:183} INFO - Processing /Users/anikbhowmick/Python/Big_Data_Assignment/A02/airflow_env/lib/python3.11/site-packages/airflow/example_dags/example_latest_only.py took 0.079 seconds
[2024-03-08T14:28:41.333+0530] {processor.py:161} INFO - Started process (PID=16988) to work on /Users/anikbhowmick/Python/Big_Data_Assignment/A02/airflow_env/lib/python3.11/site-packages/airflow/example_dags/example_latest_only.py
[2024-03-08T14:28:41.335+0530] {processor.py:830} INFO - Processing file /Users/anikbhowmick/Python/Big_Data_Assignment/A02/airflow_env/lib/python3.11/site-packages/airflow/example_dags/example_latest_only.py for tasks to queue
[2024-03-08T14:28:41.335+0530] {logging_mixin.py:188} INFO - [2024-03-08T14:28:41.335+0530] {dagbag.py:540} INFO - Filling up the DagBag from /Users/anikbhowmick/Python/Big_Data_Assignment/A02/airflow_env/lib/python3.11/site-packages/airflow/example_dags/example_latest_only.py
[2024-03-08T14:28:41.359+0530] {processor.py:840} INFO - DAG(s) 'latest_only' retrieved from /Users/anikbhowmick/Python/Big_Data_Assignment/A02/airflow_env/lib/python3.11/site-packages/airflow/example_dags/example_latest_only.py
[2024-03-08T14:28:41.387+0530] {logging_mixin.py:188} INFO - [2024-03-08T14:28:41.387+0530] {dag.py:3047} INFO - Sync 1 DAGs
[2024-03-08T14:28:41.392+0530] {logging_mixin.py:188} INFO - [2024-03-08T14:28:41.392+0530] {dag.py:3834} INFO - Setting next_dagrun for latest_only to 2024-03-08 04:00:00+00:00, run_after=2024-03-08 08:00:00+00:00
[2024-03-08T14:28:41.398+0530] {processor.py:183} INFO - Processing /Users/anikbhowmick/Python/Big_Data_Assignment/A02/airflow_env/lib/python3.11/site-packages/airflow/example_dags/example_latest_only.py took 0.066 seconds
[2024-03-08T14:30:27.822+0530] {processor.py:161} INFO - Started process (PID=17062) to work on /Users/anikbhowmick/Python/Big_Data_Assignment/A02/airflow_env/lib/python3.11/site-packages/airflow/example_dags/example_latest_only.py
[2024-03-08T14:30:27.822+0530] {processor.py:830} INFO - Processing file /Users/anikbhowmick/Python/Big_Data_Assignment/A02/airflow_env/lib/python3.11/site-packages/airflow/example_dags/example_latest_only.py for tasks to queue
[2024-03-08T14:30:27.823+0530] {logging_mixin.py:188} INFO - [2024-03-08T14:30:27.822+0530] {dagbag.py:540} INFO - Filling up the DagBag from /Users/anikbhowmick/Python/Big_Data_Assignment/A02/airflow_env/lib/python3.11/site-packages/airflow/example_dags/example_latest_only.py
[2024-03-08T14:30:27.846+0530] {processor.py:840} INFO - DAG(s) 'latest_only' retrieved from /Users/anikbhowmick/Python/Big_Data_Assignment/A02/airflow_env/lib/python3.11/site-packages/airflow/example_dags/example_latest_only.py
[2024-03-08T14:30:27.875+0530] {logging_mixin.py:188} INFO - [2024-03-08T14:30:27.874+0530] {dag.py:3047} INFO - Sync 1 DAGs
[2024-03-08T14:30:27.880+0530] {logging_mixin.py:188} INFO - [2024-03-08T14:30:27.880+0530] {dag.py:3834} INFO - Setting next_dagrun for latest_only to 2024-03-08 04:00:00+00:00, run_after=2024-03-08 08:00:00+00:00
[2024-03-08T14:30:27.886+0530] {processor.py:183} INFO - Processing /Users/anikbhowmick/Python/Big_Data_Assignment/A02/airflow_env/lib/python3.11/site-packages/airflow/example_dags/example_latest_only.py took 0.064 seconds
[2024-03-08T14:34:10.475+0530] {processor.py:161} INFO - Started process (PID=17311) to work on /Users/anikbhowmick/Python/Big_Data_Assignment/A02/airflow_env/lib/python3.11/site-packages/airflow/example_dags/example_latest_only.py
[2024-03-08T14:34:10.476+0530] {processor.py:830} INFO - Processing file /Users/anikbhowmick/Python/Big_Data_Assignment/A02/airflow_env/lib/python3.11/site-packages/airflow/example_dags/example_latest_only.py for tasks to queue
[2024-03-08T14:34:10.476+0530] {logging_mixin.py:188} INFO - [2024-03-08T14:34:10.476+0530] {dagbag.py:540} INFO - Filling up the DagBag from /Users/anikbhowmick/Python/Big_Data_Assignment/A02/airflow_env/lib/python3.11/site-packages/airflow/example_dags/example_latest_only.py
[2024-03-08T14:34:10.500+0530] {processor.py:840} INFO - DAG(s) 'latest_only' retrieved from /Users/anikbhowmick/Python/Big_Data_Assignment/A02/airflow_env/lib/python3.11/site-packages/airflow/example_dags/example_latest_only.py
[2024-03-08T14:34:10.528+0530] {logging_mixin.py:188} INFO - [2024-03-08T14:34:10.528+0530] {dag.py:3047} INFO - Sync 1 DAGs
[2024-03-08T14:34:10.534+0530] {logging_mixin.py:188} INFO - [2024-03-08T14:34:10.534+0530] {dag.py:3834} INFO - Setting next_dagrun for latest_only to 2024-03-08 04:00:00+00:00, run_after=2024-03-08 08:00:00+00:00
[2024-03-08T14:34:10.540+0530] {processor.py:183} INFO - Processing /Users/anikbhowmick/Python/Big_Data_Assignment/A02/airflow_env/lib/python3.11/site-packages/airflow/example_dags/example_latest_only.py took 0.065 seconds
[2024-03-08T14:36:02.549+0530] {processor.py:161} INFO - Started process (PID=17392) to work on /Users/anikbhowmick/Python/Big_Data_Assignment/A02/airflow_env/lib/python3.11/site-packages/airflow/example_dags/example_latest_only.py
[2024-03-08T14:36:02.550+0530] {processor.py:830} INFO - Processing file /Users/anikbhowmick/Python/Big_Data_Assignment/A02/airflow_env/lib/python3.11/site-packages/airflow/example_dags/example_latest_only.py for tasks to queue
[2024-03-08T14:36:02.551+0530] {logging_mixin.py:188} INFO - [2024-03-08T14:36:02.550+0530] {dagbag.py:540} INFO - Filling up the DagBag from /Users/anikbhowmick/Python/Big_Data_Assignment/A02/airflow_env/lib/python3.11/site-packages/airflow/example_dags/example_latest_only.py
[2024-03-08T14:36:02.574+0530] {processor.py:840} INFO - DAG(s) 'latest_only' retrieved from /Users/anikbhowmick/Python/Big_Data_Assignment/A02/airflow_env/lib/python3.11/site-packages/airflow/example_dags/example_latest_only.py
[2024-03-08T14:36:02.603+0530] {logging_mixin.py:188} INFO - [2024-03-08T14:36:02.603+0530] {dag.py:3047} INFO - Sync 1 DAGs
[2024-03-08T14:36:02.608+0530] {logging_mixin.py:188} INFO - [2024-03-08T14:36:02.608+0530] {dag.py:3834} INFO - Setting next_dagrun for latest_only to 2024-03-08 04:00:00+00:00, run_after=2024-03-08 08:00:00+00:00
[2024-03-08T14:36:02.614+0530] {processor.py:183} INFO - Processing /Users/anikbhowmick/Python/Big_Data_Assignment/A02/airflow_env/lib/python3.11/site-packages/airflow/example_dags/example_latest_only.py took 0.065 seconds
[2024-03-08T14:37:52.705+0530] {processor.py:161} INFO - Started process (PID=17463) to work on /Users/anikbhowmick/Python/Big_Data_Assignment/A02/airflow_env/lib/python3.11/site-packages/airflow/example_dags/example_latest_only.py
[2024-03-08T14:37:52.705+0530] {processor.py:830} INFO - Processing file /Users/anikbhowmick/Python/Big_Data_Assignment/A02/airflow_env/lib/python3.11/site-packages/airflow/example_dags/example_latest_only.py for tasks to queue
[2024-03-08T14:37:52.706+0530] {logging_mixin.py:188} INFO - [2024-03-08T14:37:52.706+0530] {dagbag.py:540} INFO - Filling up the DagBag from /Users/anikbhowmick/Python/Big_Data_Assignment/A02/airflow_env/lib/python3.11/site-packages/airflow/example_dags/example_latest_only.py
[2024-03-08T14:37:52.729+0530] {processor.py:840} INFO - DAG(s) 'latest_only' retrieved from /Users/anikbhowmick/Python/Big_Data_Assignment/A02/airflow_env/lib/python3.11/site-packages/airflow/example_dags/example_latest_only.py
[2024-03-08T14:37:52.758+0530] {logging_mixin.py:188} INFO - [2024-03-08T14:37:52.757+0530] {dag.py:3047} INFO - Sync 1 DAGs
[2024-03-08T14:37:52.763+0530] {logging_mixin.py:188} INFO - [2024-03-08T14:37:52.763+0530] {dag.py:3834} INFO - Setting next_dagrun for latest_only to 2024-03-08 04:00:00+00:00, run_after=2024-03-08 08:00:00+00:00
[2024-03-08T14:37:52.769+0530] {processor.py:183} INFO - Processing /Users/anikbhowmick/Python/Big_Data_Assignment/A02/airflow_env/lib/python3.11/site-packages/airflow/example_dags/example_latest_only.py took 0.064 seconds
[2024-03-08T14:39:36.395+0530] {processor.py:161} INFO - Started process (PID=17531) to work on /Users/anikbhowmick/Python/Big_Data_Assignment/A02/airflow_env/lib/python3.11/site-packages/airflow/example_dags/example_latest_only.py
[2024-03-08T14:39:36.396+0530] {processor.py:830} INFO - Processing file /Users/anikbhowmick/Python/Big_Data_Assignment/A02/airflow_env/lib/python3.11/site-packages/airflow/example_dags/example_latest_only.py for tasks to queue
[2024-03-08T14:39:36.396+0530] {logging_mixin.py:188} INFO - [2024-03-08T14:39:36.396+0530] {dagbag.py:540} INFO - Filling up the DagBag from /Users/anikbhowmick/Python/Big_Data_Assignment/A02/airflow_env/lib/python3.11/site-packages/airflow/example_dags/example_latest_only.py
[2024-03-08T14:39:36.420+0530] {processor.py:840} INFO - DAG(s) 'latest_only' retrieved from /Users/anikbhowmick/Python/Big_Data_Assignment/A02/airflow_env/lib/python3.11/site-packages/airflow/example_dags/example_latest_only.py
[2024-03-08T14:39:36.449+0530] {logging_mixin.py:188} INFO - [2024-03-08T14:39:36.448+0530] {dag.py:3047} INFO - Sync 1 DAGs
[2024-03-08T14:39:36.454+0530] {logging_mixin.py:188} INFO - [2024-03-08T14:39:36.454+0530] {dag.py:3834} INFO - Setting next_dagrun for latest_only to 2024-03-08 04:00:00+00:00, run_after=2024-03-08 08:00:00+00:00
[2024-03-08T14:39:36.460+0530] {processor.py:183} INFO - Processing /Users/anikbhowmick/Python/Big_Data_Assignment/A02/airflow_env/lib/python3.11/site-packages/airflow/example_dags/example_latest_only.py took 0.065 seconds
[2024-03-08T14:41:21.974+0530] {processor.py:161} INFO - Started process (PID=17600) to work on /Users/anikbhowmick/Python/Big_Data_Assignment/A02/airflow_env/lib/python3.11/site-packages/airflow/example_dags/example_latest_only.py
[2024-03-08T14:41:21.975+0530] {processor.py:830} INFO - Processing file /Users/anikbhowmick/Python/Big_Data_Assignment/A02/airflow_env/lib/python3.11/site-packages/airflow/example_dags/example_latest_only.py for tasks to queue
[2024-03-08T14:41:21.975+0530] {logging_mixin.py:188} INFO - [2024-03-08T14:41:21.975+0530] {dagbag.py:540} INFO - Filling up the DagBag from /Users/anikbhowmick/Python/Big_Data_Assignment/A02/airflow_env/lib/python3.11/site-packages/airflow/example_dags/example_latest_only.py
[2024-03-08T14:41:21.999+0530] {processor.py:840} INFO - DAG(s) 'latest_only' retrieved from /Users/anikbhowmick/Python/Big_Data_Assignment/A02/airflow_env/lib/python3.11/site-packages/airflow/example_dags/example_latest_only.py
[2024-03-08T14:41:22.027+0530] {logging_mixin.py:188} INFO - [2024-03-08T14:41:22.027+0530] {dag.py:3047} INFO - Sync 1 DAGs
[2024-03-08T14:41:22.033+0530] {logging_mixin.py:188} INFO - [2024-03-08T14:41:22.033+0530] {dag.py:3834} INFO - Setting next_dagrun for latest_only to 2024-03-08 04:00:00+00:00, run_after=2024-03-08 08:00:00+00:00
[2024-03-08T14:41:22.039+0530] {processor.py:183} INFO - Processing /Users/anikbhowmick/Python/Big_Data_Assignment/A02/airflow_env/lib/python3.11/site-packages/airflow/example_dags/example_latest_only.py took 0.065 seconds
[2024-03-08T14:43:07.648+0530] {processor.py:161} INFO - Started process (PID=17668) to work on /Users/anikbhowmick/Python/Big_Data_Assignment/A02/airflow_env/lib/python3.11/site-packages/airflow/example_dags/example_latest_only.py
[2024-03-08T14:43:07.648+0530] {processor.py:830} INFO - Processing file /Users/anikbhowmick/Python/Big_Data_Assignment/A02/airflow_env/lib/python3.11/site-packages/airflow/example_dags/example_latest_only.py for tasks to queue
[2024-03-08T14:43:07.648+0530] {logging_mixin.py:188} INFO - [2024-03-08T14:43:07.648+0530] {dagbag.py:540} INFO - Filling up the DagBag from /Users/anikbhowmick/Python/Big_Data_Assignment/A02/airflow_env/lib/python3.11/site-packages/airflow/example_dags/example_latest_only.py
[2024-03-08T14:43:07.672+0530] {processor.py:840} INFO - DAG(s) 'latest_only' retrieved from /Users/anikbhowmick/Python/Big_Data_Assignment/A02/airflow_env/lib/python3.11/site-packages/airflow/example_dags/example_latest_only.py
[2024-03-08T14:43:07.700+0530] {logging_mixin.py:188} INFO - [2024-03-08T14:43:07.700+0530] {dag.py:3047} INFO - Sync 1 DAGs
[2024-03-08T14:43:07.706+0530] {logging_mixin.py:188} INFO - [2024-03-08T14:43:07.706+0530] {dag.py:3834} INFO - Setting next_dagrun for latest_only to 2024-03-08 04:00:00+00:00, run_after=2024-03-08 08:00:00+00:00
[2024-03-08T14:43:07.712+0530] {processor.py:183} INFO - Processing /Users/anikbhowmick/Python/Big_Data_Assignment/A02/airflow_env/lib/python3.11/site-packages/airflow/example_dags/example_latest_only.py took 0.065 seconds
[2024-03-08T14:53:20.328+0530] {processor.py:161} INFO - Started process (PID=18020) to work on /Users/anikbhowmick/Python/Big_Data_Assignment/A02/airflow_env/lib/python3.11/site-packages/airflow/example_dags/example_latest_only.py
[2024-03-08T14:53:20.330+0530] {processor.py:830} INFO - Processing file /Users/anikbhowmick/Python/Big_Data_Assignment/A02/airflow_env/lib/python3.11/site-packages/airflow/example_dags/example_latest_only.py for tasks to queue
[2024-03-08T14:53:20.330+0530] {logging_mixin.py:188} INFO - [2024-03-08T14:53:20.330+0530] {dagbag.py:540} INFO - Filling up the DagBag from /Users/anikbhowmick/Python/Big_Data_Assignment/A02/airflow_env/lib/python3.11/site-packages/airflow/example_dags/example_latest_only.py
[2024-03-08T14:53:20.353+0530] {processor.py:840} INFO - DAG(s) 'latest_only' retrieved from /Users/anikbhowmick/Python/Big_Data_Assignment/A02/airflow_env/lib/python3.11/site-packages/airflow/example_dags/example_latest_only.py
[2024-03-08T14:53:20.382+0530] {logging_mixin.py:188} INFO - [2024-03-08T14:53:20.382+0530] {dag.py:3047} INFO - Sync 1 DAGs
[2024-03-08T14:53:20.387+0530] {logging_mixin.py:188} INFO - [2024-03-08T14:53:20.387+0530] {dag.py:3834} INFO - Setting next_dagrun for latest_only to 2024-03-08 04:00:00+00:00, run_after=2024-03-08 08:00:00+00:00
[2024-03-08T14:53:20.393+0530] {processor.py:183} INFO - Processing /Users/anikbhowmick/Python/Big_Data_Assignment/A02/airflow_env/lib/python3.11/site-packages/airflow/example_dags/example_latest_only.py took 0.065 seconds
[2024-03-08T14:55:08.341+0530] {processor.py:161} INFO - Started process (PID=18181) to work on /Users/anikbhowmick/Python/Big_Data_Assignment/A02/airflow_env/lib/python3.11/site-packages/airflow/example_dags/example_latest_only.py
[2024-03-08T14:55:08.342+0530] {processor.py:830} INFO - Processing file /Users/anikbhowmick/Python/Big_Data_Assignment/A02/airflow_env/lib/python3.11/site-packages/airflow/example_dags/example_latest_only.py for tasks to queue
[2024-03-08T14:55:08.343+0530] {logging_mixin.py:188} INFO - [2024-03-08T14:55:08.343+0530] {dagbag.py:540} INFO - Filling up the DagBag from /Users/anikbhowmick/Python/Big_Data_Assignment/A02/airflow_env/lib/python3.11/site-packages/airflow/example_dags/example_latest_only.py
[2024-03-08T14:55:08.366+0530] {processor.py:840} INFO - DAG(s) 'latest_only' retrieved from /Users/anikbhowmick/Python/Big_Data_Assignment/A02/airflow_env/lib/python3.11/site-packages/airflow/example_dags/example_latest_only.py
[2024-03-08T14:55:08.395+0530] {logging_mixin.py:188} INFO - [2024-03-08T14:55:08.394+0530] {dag.py:3047} INFO - Sync 1 DAGs
[2024-03-08T14:55:08.400+0530] {logging_mixin.py:188} INFO - [2024-03-08T14:55:08.400+0530] {dag.py:3834} INFO - Setting next_dagrun for latest_only to 2024-03-08 04:00:00+00:00, run_after=2024-03-08 08:00:00+00:00
[2024-03-08T14:55:08.406+0530] {processor.py:183} INFO - Processing /Users/anikbhowmick/Python/Big_Data_Assignment/A02/airflow_env/lib/python3.11/site-packages/airflow/example_dags/example_latest_only.py took 0.065 seconds
[2024-03-08T14:56:51.352+0530] {processor.py:161} INFO - Started process (PID=18249) to work on /Users/anikbhowmick/Python/Big_Data_Assignment/A02/airflow_env/lib/python3.11/site-packages/airflow/example_dags/example_latest_only.py
[2024-03-08T14:56:51.353+0530] {processor.py:830} INFO - Processing file /Users/anikbhowmick/Python/Big_Data_Assignment/A02/airflow_env/lib/python3.11/site-packages/airflow/example_dags/example_latest_only.py for tasks to queue
[2024-03-08T14:56:51.353+0530] {logging_mixin.py:188} INFO - [2024-03-08T14:56:51.353+0530] {dagbag.py:540} INFO - Filling up the DagBag from /Users/anikbhowmick/Python/Big_Data_Assignment/A02/airflow_env/lib/python3.11/site-packages/airflow/example_dags/example_latest_only.py
[2024-03-08T14:56:51.378+0530] {processor.py:840} INFO - DAG(s) 'latest_only' retrieved from /Users/anikbhowmick/Python/Big_Data_Assignment/A02/airflow_env/lib/python3.11/site-packages/airflow/example_dags/example_latest_only.py
[2024-03-08T14:56:51.407+0530] {logging_mixin.py:188} INFO - [2024-03-08T14:56:51.407+0530] {dag.py:3047} INFO - Sync 1 DAGs
[2024-03-08T14:56:51.413+0530] {logging_mixin.py:188} INFO - [2024-03-08T14:56:51.413+0530] {dag.py:3834} INFO - Setting next_dagrun for latest_only to 2024-03-08 04:00:00+00:00, run_after=2024-03-08 08:00:00+00:00
[2024-03-08T14:56:51.419+0530] {processor.py:183} INFO - Processing /Users/anikbhowmick/Python/Big_Data_Assignment/A02/airflow_env/lib/python3.11/site-packages/airflow/example_dags/example_latest_only.py took 0.067 seconds
[2024-03-08T14:58:43.479+0530] {processor.py:161} INFO - Started process (PID=18320) to work on /Users/anikbhowmick/Python/Big_Data_Assignment/A02/airflow_env/lib/python3.11/site-packages/airflow/example_dags/example_latest_only.py
[2024-03-08T14:58:43.480+0530] {processor.py:830} INFO - Processing file /Users/anikbhowmick/Python/Big_Data_Assignment/A02/airflow_env/lib/python3.11/site-packages/airflow/example_dags/example_latest_only.py for tasks to queue
[2024-03-08T14:58:43.480+0530] {logging_mixin.py:188} INFO - [2024-03-08T14:58:43.480+0530] {dagbag.py:540} INFO - Filling up the DagBag from /Users/anikbhowmick/Python/Big_Data_Assignment/A02/airflow_env/lib/python3.11/site-packages/airflow/example_dags/example_latest_only.py
[2024-03-08T14:58:43.504+0530] {processor.py:840} INFO - DAG(s) 'latest_only' retrieved from /Users/anikbhowmick/Python/Big_Data_Assignment/A02/airflow_env/lib/python3.11/site-packages/airflow/example_dags/example_latest_only.py
[2024-03-08T14:58:43.532+0530] {logging_mixin.py:188} INFO - [2024-03-08T14:58:43.532+0530] {dag.py:3047} INFO - Sync 1 DAGs
[2024-03-08T14:58:43.538+0530] {logging_mixin.py:188} INFO - [2024-03-08T14:58:43.538+0530] {dag.py:3834} INFO - Setting next_dagrun for latest_only to 2024-03-08 04:00:00+00:00, run_after=2024-03-08 08:00:00+00:00
[2024-03-08T14:58:43.544+0530] {processor.py:183} INFO - Processing /Users/anikbhowmick/Python/Big_Data_Assignment/A02/airflow_env/lib/python3.11/site-packages/airflow/example_dags/example_latest_only.py took 0.065 seconds
[2024-03-08T15:00:40.861+0530] {processor.py:161} INFO - Started process (PID=18394) to work on /Users/anikbhowmick/Python/Big_Data_Assignment/A02/airflow_env/lib/python3.11/site-packages/airflow/example_dags/example_latest_only.py
[2024-03-08T15:00:40.861+0530] {processor.py:830} INFO - Processing file /Users/anikbhowmick/Python/Big_Data_Assignment/A02/airflow_env/lib/python3.11/site-packages/airflow/example_dags/example_latest_only.py for tasks to queue
[2024-03-08T15:00:40.862+0530] {logging_mixin.py:188} INFO - [2024-03-08T15:00:40.862+0530] {dagbag.py:540} INFO - Filling up the DagBag from /Users/anikbhowmick/Python/Big_Data_Assignment/A02/airflow_env/lib/python3.11/site-packages/airflow/example_dags/example_latest_only.py
[2024-03-08T15:00:40.886+0530] {processor.py:840} INFO - DAG(s) 'latest_only' retrieved from /Users/anikbhowmick/Python/Big_Data_Assignment/A02/airflow_env/lib/python3.11/site-packages/airflow/example_dags/example_latest_only.py
[2024-03-08T15:00:40.914+0530] {logging_mixin.py:188} INFO - [2024-03-08T15:00:40.914+0530] {dag.py:3047} INFO - Sync 1 DAGs
[2024-03-08T15:00:40.919+0530] {logging_mixin.py:188} INFO - [2024-03-08T15:00:40.919+0530] {dag.py:3834} INFO - Setting next_dagrun for latest_only to 2024-03-08 04:00:00+00:00, run_after=2024-03-08 08:00:00+00:00
[2024-03-08T15:00:40.925+0530] {processor.py:183} INFO - Processing /Users/anikbhowmick/Python/Big_Data_Assignment/A02/airflow_env/lib/python3.11/site-packages/airflow/example_dags/example_latest_only.py took 0.065 seconds
[2024-03-08T15:02:36.287+0530] {processor.py:161} INFO - Started process (PID=18471) to work on /Users/anikbhowmick/Python/Big_Data_Assignment/A02/airflow_env/lib/python3.11/site-packages/airflow/example_dags/example_latest_only.py
[2024-03-08T15:02:36.288+0530] {processor.py:830} INFO - Processing file /Users/anikbhowmick/Python/Big_Data_Assignment/A02/airflow_env/lib/python3.11/site-packages/airflow/example_dags/example_latest_only.py for tasks to queue
[2024-03-08T15:02:36.288+0530] {logging_mixin.py:188} INFO - [2024-03-08T15:02:36.288+0530] {dagbag.py:540} INFO - Filling up the DagBag from /Users/anikbhowmick/Python/Big_Data_Assignment/A02/airflow_env/lib/python3.11/site-packages/airflow/example_dags/example_latest_only.py
[2024-03-08T15:02:36.314+0530] {processor.py:840} INFO - DAG(s) 'latest_only' retrieved from /Users/anikbhowmick/Python/Big_Data_Assignment/A02/airflow_env/lib/python3.11/site-packages/airflow/example_dags/example_latest_only.py
[2024-03-08T15:02:36.343+0530] {logging_mixin.py:188} INFO - [2024-03-08T15:02:36.343+0530] {dag.py:3047} INFO - Sync 1 DAGs
[2024-03-08T15:02:36.349+0530] {logging_mixin.py:188} INFO - [2024-03-08T15:02:36.349+0530] {dag.py:3834} INFO - Setting next_dagrun for latest_only to 2024-03-08 04:00:00+00:00, run_after=2024-03-08 08:00:00+00:00
[2024-03-08T15:02:36.355+0530] {processor.py:183} INFO - Processing /Users/anikbhowmick/Python/Big_Data_Assignment/A02/airflow_env/lib/python3.11/site-packages/airflow/example_dags/example_latest_only.py took 0.068 seconds
[2024-03-08T15:04:18.973+0530] {processor.py:161} INFO - Started process (PID=18541) to work on /Users/anikbhowmick/Python/Big_Data_Assignment/A02/airflow_env/lib/python3.11/site-packages/airflow/example_dags/example_latest_only.py
[2024-03-08T15:04:18.974+0530] {processor.py:830} INFO - Processing file /Users/anikbhowmick/Python/Big_Data_Assignment/A02/airflow_env/lib/python3.11/site-packages/airflow/example_dags/example_latest_only.py for tasks to queue
[2024-03-08T15:04:18.975+0530] {logging_mixin.py:188} INFO - [2024-03-08T15:04:18.975+0530] {dagbag.py:540} INFO - Filling up the DagBag from /Users/anikbhowmick/Python/Big_Data_Assignment/A02/airflow_env/lib/python3.11/site-packages/airflow/example_dags/example_latest_only.py
[2024-03-08T15:04:19.002+0530] {processor.py:840} INFO - DAG(s) 'latest_only' retrieved from /Users/anikbhowmick/Python/Big_Data_Assignment/A02/airflow_env/lib/python3.11/site-packages/airflow/example_dags/example_latest_only.py
[2024-03-08T15:04:19.032+0530] {logging_mixin.py:188} INFO - [2024-03-08T15:04:19.032+0530] {dag.py:3047} INFO - Sync 1 DAGs
[2024-03-08T15:04:19.037+0530] {logging_mixin.py:188} INFO - [2024-03-08T15:04:19.037+0530] {dag.py:3834} INFO - Setting next_dagrun for latest_only to 2024-03-08 04:00:00+00:00, run_after=2024-03-08 08:00:00+00:00
[2024-03-08T15:04:19.043+0530] {processor.py:183} INFO - Processing /Users/anikbhowmick/Python/Big_Data_Assignment/A02/airflow_env/lib/python3.11/site-packages/airflow/example_dags/example_latest_only.py took 0.070 seconds
[2024-03-08T15:06:08.733+0530] {processor.py:161} INFO - Started process (PID=18612) to work on /Users/anikbhowmick/Python/Big_Data_Assignment/A02/airflow_env/lib/python3.11/site-packages/airflow/example_dags/example_latest_only.py
[2024-03-08T15:06:08.734+0530] {processor.py:830} INFO - Processing file /Users/anikbhowmick/Python/Big_Data_Assignment/A02/airflow_env/lib/python3.11/site-packages/airflow/example_dags/example_latest_only.py for tasks to queue
[2024-03-08T15:06:08.735+0530] {logging_mixin.py:188} INFO - [2024-03-08T15:06:08.734+0530] {dagbag.py:540} INFO - Filling up the DagBag from /Users/anikbhowmick/Python/Big_Data_Assignment/A02/airflow_env/lib/python3.11/site-packages/airflow/example_dags/example_latest_only.py
[2024-03-08T15:06:08.758+0530] {processor.py:840} INFO - DAG(s) 'latest_only' retrieved from /Users/anikbhowmick/Python/Big_Data_Assignment/A02/airflow_env/lib/python3.11/site-packages/airflow/example_dags/example_latest_only.py
[2024-03-08T15:06:08.787+0530] {logging_mixin.py:188} INFO - [2024-03-08T15:06:08.787+0530] {dag.py:3047} INFO - Sync 1 DAGs
[2024-03-08T15:06:08.793+0530] {logging_mixin.py:188} INFO - [2024-03-08T15:06:08.793+0530] {dag.py:3834} INFO - Setting next_dagrun for latest_only to 2024-03-08 04:00:00+00:00, run_after=2024-03-08 08:00:00+00:00
[2024-03-08T15:06:08.799+0530] {processor.py:183} INFO - Processing /Users/anikbhowmick/Python/Big_Data_Assignment/A02/airflow_env/lib/python3.11/site-packages/airflow/example_dags/example_latest_only.py took 0.066 seconds
[2024-03-08T16:49:35.772+0530] {processor.py:161} INFO - Started process (PID=1258) to work on /Users/anikbhowmick/Python/Big_Data_Assignment/A02/airflow_env/lib/python3.11/site-packages/airflow/example_dags/example_latest_only.py
[2024-03-08T16:49:35.773+0530] {processor.py:830} INFO - Processing file /Users/anikbhowmick/Python/Big_Data_Assignment/A02/airflow_env/lib/python3.11/site-packages/airflow/example_dags/example_latest_only.py for tasks to queue
[2024-03-08T16:49:35.773+0530] {logging_mixin.py:188} INFO - [2024-03-08T16:49:35.773+0530] {dagbag.py:540} INFO - Filling up the DagBag from /Users/anikbhowmick/Python/Big_Data_Assignment/A02/airflow_env/lib/python3.11/site-packages/airflow/example_dags/example_latest_only.py
[2024-03-08T16:49:35.800+0530] {processor.py:840} INFO - DAG(s) 'latest_only' retrieved from /Users/anikbhowmick/Python/Big_Data_Assignment/A02/airflow_env/lib/python3.11/site-packages/airflow/example_dags/example_latest_only.py
[2024-03-08T16:49:35.831+0530] {logging_mixin.py:188} INFO - [2024-03-08T16:49:35.831+0530] {dag.py:3047} INFO - Sync 1 DAGs
[2024-03-08T16:49:35.837+0530] {logging_mixin.py:188} INFO - [2024-03-08T16:49:35.837+0530] {dag.py:3834} INFO - Setting next_dagrun for latest_only to 2024-03-08 04:00:00+00:00, run_after=2024-03-08 08:00:00+00:00
[2024-03-08T16:49:35.843+0530] {processor.py:183} INFO - Processing /Users/anikbhowmick/Python/Big_Data_Assignment/A02/airflow_env/lib/python3.11/site-packages/airflow/example_dags/example_latest_only.py took 0.072 seconds
[2024-03-08T16:53:55.541+0530] {processor.py:161} INFO - Started process (PID=1575) to work on /Users/anikbhowmick/Python/Big_Data_Assignment/A02/airflow_env/lib/python3.11/site-packages/airflow/example_dags/example_latest_only.py
[2024-03-08T16:53:55.542+0530] {processor.py:830} INFO - Processing file /Users/anikbhowmick/Python/Big_Data_Assignment/A02/airflow_env/lib/python3.11/site-packages/airflow/example_dags/example_latest_only.py for tasks to queue
[2024-03-08T16:53:55.543+0530] {logging_mixin.py:188} INFO - [2024-03-08T16:53:55.543+0530] {dagbag.py:540} INFO - Filling up the DagBag from /Users/anikbhowmick/Python/Big_Data_Assignment/A02/airflow_env/lib/python3.11/site-packages/airflow/example_dags/example_latest_only.py
[2024-03-08T16:53:55.568+0530] {processor.py:840} INFO - DAG(s) 'latest_only' retrieved from /Users/anikbhowmick/Python/Big_Data_Assignment/A02/airflow_env/lib/python3.11/site-packages/airflow/example_dags/example_latest_only.py
[2024-03-08T16:53:55.599+0530] {logging_mixin.py:188} INFO - [2024-03-08T16:53:55.599+0530] {dag.py:3047} INFO - Sync 1 DAGs
[2024-03-08T16:53:55.605+0530] {logging_mixin.py:188} INFO - [2024-03-08T16:53:55.605+0530] {dag.py:3834} INFO - Setting next_dagrun for latest_only to 2024-03-08 04:00:00+00:00, run_after=2024-03-08 08:00:00+00:00
[2024-03-08T16:53:55.610+0530] {processor.py:183} INFO - Processing /Users/anikbhowmick/Python/Big_Data_Assignment/A02/airflow_env/lib/python3.11/site-packages/airflow/example_dags/example_latest_only.py took 0.070 seconds
[2024-03-08T16:55:52.628+0530] {processor.py:161} INFO - Started process (PID=1659) to work on /Users/anikbhowmick/Python/Big_Data_Assignment/A02/airflow_env/lib/python3.11/site-packages/airflow/example_dags/example_latest_only.py
[2024-03-08T16:55:52.629+0530] {processor.py:830} INFO - Processing file /Users/anikbhowmick/Python/Big_Data_Assignment/A02/airflow_env/lib/python3.11/site-packages/airflow/example_dags/example_latest_only.py for tasks to queue
[2024-03-08T16:55:52.629+0530] {logging_mixin.py:188} INFO - [2024-03-08T16:55:52.629+0530] {dagbag.py:540} INFO - Filling up the DagBag from /Users/anikbhowmick/Python/Big_Data_Assignment/A02/airflow_env/lib/python3.11/site-packages/airflow/example_dags/example_latest_only.py
[2024-03-08T16:55:52.652+0530] {processor.py:840} INFO - DAG(s) 'latest_only' retrieved from /Users/anikbhowmick/Python/Big_Data_Assignment/A02/airflow_env/lib/python3.11/site-packages/airflow/example_dags/example_latest_only.py
[2024-03-08T16:55:52.681+0530] {logging_mixin.py:188} INFO - [2024-03-08T16:55:52.681+0530] {dag.py:3047} INFO - Sync 1 DAGs
[2024-03-08T16:55:52.686+0530] {logging_mixin.py:188} INFO - [2024-03-08T16:55:52.686+0530] {dag.py:3834} INFO - Setting next_dagrun for latest_only to 2024-03-08 04:00:00+00:00, run_after=2024-03-08 08:00:00+00:00
[2024-03-08T16:55:52.692+0530] {processor.py:183} INFO - Processing /Users/anikbhowmick/Python/Big_Data_Assignment/A02/airflow_env/lib/python3.11/site-packages/airflow/example_dags/example_latest_only.py took 0.065 seconds
