[2024-03-08T12:17:28.049+0530] {processor.py:161} INFO - Started process (PID=11304) to work on /Users/anikbhowmick/Python/Big_Data_Assignment/A02/airflow_env/lib/python3.11/site-packages/airflow/example_dags/example_latest_only_with_trigger.py
[2024-03-08T12:17:28.049+0530] {processor.py:830} INFO - Processing file /Users/anikbhowmick/Python/Big_Data_Assignment/A02/airflow_env/lib/python3.11/site-packages/airflow/example_dags/example_latest_only_with_trigger.py for tasks to queue
[2024-03-08T12:17:28.049+0530] {logging_mixin.py:188} INFO - [2024-03-08T12:17:28.049+0530] {dagbag.py:540} INFO - Filling up the DagBag from /Users/anikbhowmick/Python/Big_Data_Assignment/A02/airflow_env/lib/python3.11/site-packages/airflow/example_dags/example_latest_only_with_trigger.py
[2024-03-08T12:17:28.074+0530] {processor.py:840} INFO - DAG(s) 'latest_only_with_trigger' retrieved from /Users/anikbhowmick/Python/Big_Data_Assignment/A02/airflow_env/lib/python3.11/site-packages/airflow/example_dags/example_latest_only_with_trigger.py
[2024-03-08T12:17:28.103+0530] {logging_mixin.py:188} INFO - [2024-03-08T12:17:28.103+0530] {dag.py:3047} INFO - Sync 1 DAGs
[2024-03-08T12:17:28.109+0530] {logging_mixin.py:188} INFO - [2024-03-08T12:17:28.109+0530] {dag.py:3834} INFO - Setting next_dagrun for latest_only_with_trigger to 2024-03-08 00:00:00+00:00, run_after=2024-03-08 04:00:00+00:00
[2024-03-08T12:17:28.115+0530] {processor.py:183} INFO - Processing /Users/anikbhowmick/Python/Big_Data_Assignment/A02/airflow_env/lib/python3.11/site-packages/airflow/example_dags/example_latest_only_with_trigger.py took 0.066 seconds
[2024-03-08T12:19:20.819+0530] {processor.py:161} INFO - Started process (PID=11385) to work on /Users/anikbhowmick/Python/Big_Data_Assignment/A02/airflow_env/lib/python3.11/site-packages/airflow/example_dags/example_latest_only_with_trigger.py
[2024-03-08T12:19:20.819+0530] {processor.py:830} INFO - Processing file /Users/anikbhowmick/Python/Big_Data_Assignment/A02/airflow_env/lib/python3.11/site-packages/airflow/example_dags/example_latest_only_with_trigger.py for tasks to queue
[2024-03-08T12:19:20.819+0530] {logging_mixin.py:188} INFO - [2024-03-08T12:19:20.819+0530] {dagbag.py:540} INFO - Filling up the DagBag from /Users/anikbhowmick/Python/Big_Data_Assignment/A02/airflow_env/lib/python3.11/site-packages/airflow/example_dags/example_latest_only_with_trigger.py
[2024-03-08T12:19:20.843+0530] {processor.py:840} INFO - DAG(s) 'latest_only_with_trigger' retrieved from /Users/anikbhowmick/Python/Big_Data_Assignment/A02/airflow_env/lib/python3.11/site-packages/airflow/example_dags/example_latest_only_with_trigger.py
[2024-03-08T12:19:20.872+0530] {logging_mixin.py:188} INFO - [2024-03-08T12:19:20.871+0530] {dag.py:3047} INFO - Sync 1 DAGs
[2024-03-08T12:19:20.877+0530] {logging_mixin.py:188} INFO - [2024-03-08T12:19:20.877+0530] {dag.py:3834} INFO - Setting next_dagrun for latest_only_with_trigger to 2024-03-08 00:00:00+00:00, run_after=2024-03-08 04:00:00+00:00
[2024-03-08T12:19:20.883+0530] {processor.py:183} INFO - Processing /Users/anikbhowmick/Python/Big_Data_Assignment/A02/airflow_env/lib/python3.11/site-packages/airflow/example_dags/example_latest_only_with_trigger.py took 0.065 seconds
[2024-03-08T12:21:11.937+0530] {processor.py:161} INFO - Started process (PID=11461) to work on /Users/anikbhowmick/Python/Big_Data_Assignment/A02/airflow_env/lib/python3.11/site-packages/airflow/example_dags/example_latest_only_with_trigger.py
[2024-03-08T12:21:11.937+0530] {processor.py:830} INFO - Processing file /Users/anikbhowmick/Python/Big_Data_Assignment/A02/airflow_env/lib/python3.11/site-packages/airflow/example_dags/example_latest_only_with_trigger.py for tasks to queue
[2024-03-08T12:21:11.938+0530] {logging_mixin.py:188} INFO - [2024-03-08T12:21:11.938+0530] {dagbag.py:540} INFO - Filling up the DagBag from /Users/anikbhowmick/Python/Big_Data_Assignment/A02/airflow_env/lib/python3.11/site-packages/airflow/example_dags/example_latest_only_with_trigger.py
[2024-03-08T12:21:11.962+0530] {processor.py:840} INFO - DAG(s) 'latest_only_with_trigger' retrieved from /Users/anikbhowmick/Python/Big_Data_Assignment/A02/airflow_env/lib/python3.11/site-packages/airflow/example_dags/example_latest_only_with_trigger.py
[2024-03-08T12:21:11.990+0530] {logging_mixin.py:188} INFO - [2024-03-08T12:21:11.990+0530] {dag.py:3047} INFO - Sync 1 DAGs
[2024-03-08T12:21:11.996+0530] {logging_mixin.py:188} INFO - [2024-03-08T12:21:11.996+0530] {dag.py:3834} INFO - Setting next_dagrun for latest_only_with_trigger to 2024-03-08 00:00:00+00:00, run_after=2024-03-08 04:00:00+00:00
[2024-03-08T12:21:12.002+0530] {processor.py:183} INFO - Processing /Users/anikbhowmick/Python/Big_Data_Assignment/A02/airflow_env/lib/python3.11/site-packages/airflow/example_dags/example_latest_only_with_trigger.py took 0.065 seconds
[2024-03-08T12:22:57.042+0530] {processor.py:161} INFO - Started process (PID=11555) to work on /Users/anikbhowmick/Python/Big_Data_Assignment/A02/airflow_env/lib/python3.11/site-packages/airflow/example_dags/example_latest_only_with_trigger.py
[2024-03-08T12:22:57.043+0530] {processor.py:830} INFO - Processing file /Users/anikbhowmick/Python/Big_Data_Assignment/A02/airflow_env/lib/python3.11/site-packages/airflow/example_dags/example_latest_only_with_trigger.py for tasks to queue
[2024-03-08T12:22:57.043+0530] {logging_mixin.py:188} INFO - [2024-03-08T12:22:57.043+0530] {dagbag.py:540} INFO - Filling up the DagBag from /Users/anikbhowmick/Python/Big_Data_Assignment/A02/airflow_env/lib/python3.11/site-packages/airflow/example_dags/example_latest_only_with_trigger.py
[2024-03-08T12:22:57.067+0530] {processor.py:840} INFO - DAG(s) 'latest_only_with_trigger' retrieved from /Users/anikbhowmick/Python/Big_Data_Assignment/A02/airflow_env/lib/python3.11/site-packages/airflow/example_dags/example_latest_only_with_trigger.py
[2024-03-08T12:22:57.096+0530] {logging_mixin.py:188} INFO - [2024-03-08T12:22:57.096+0530] {dag.py:3047} INFO - Sync 1 DAGs
[2024-03-08T12:22:57.102+0530] {logging_mixin.py:188} INFO - [2024-03-08T12:22:57.101+0530] {dag.py:3834} INFO - Setting next_dagrun for latest_only_with_trigger to 2024-03-08 00:00:00+00:00, run_after=2024-03-08 04:00:00+00:00
[2024-03-08T12:22:57.108+0530] {processor.py:183} INFO - Processing /Users/anikbhowmick/Python/Big_Data_Assignment/A02/airflow_env/lib/python3.11/site-packages/airflow/example_dags/example_latest_only_with_trigger.py took 0.066 seconds
[2024-03-08T12:24:52.338+0530] {processor.py:161} INFO - Started process (PID=11656) to work on /Users/anikbhowmick/Python/Big_Data_Assignment/A02/airflow_env/lib/python3.11/site-packages/airflow/example_dags/example_latest_only_with_trigger.py
[2024-03-08T12:24:52.339+0530] {processor.py:830} INFO - Processing file /Users/anikbhowmick/Python/Big_Data_Assignment/A02/airflow_env/lib/python3.11/site-packages/airflow/example_dags/example_latest_only_with_trigger.py for tasks to queue
[2024-03-08T12:24:52.339+0530] {logging_mixin.py:188} INFO - [2024-03-08T12:24:52.339+0530] {dagbag.py:540} INFO - Filling up the DagBag from /Users/anikbhowmick/Python/Big_Data_Assignment/A02/airflow_env/lib/python3.11/site-packages/airflow/example_dags/example_latest_only_with_trigger.py
[2024-03-08T12:24:52.363+0530] {processor.py:840} INFO - DAG(s) 'latest_only_with_trigger' retrieved from /Users/anikbhowmick/Python/Big_Data_Assignment/A02/airflow_env/lib/python3.11/site-packages/airflow/example_dags/example_latest_only_with_trigger.py
[2024-03-08T12:24:52.392+0530] {logging_mixin.py:188} INFO - [2024-03-08T12:24:52.392+0530] {dag.py:3047} INFO - Sync 1 DAGs
[2024-03-08T12:24:52.397+0530] {logging_mixin.py:188} INFO - [2024-03-08T12:24:52.397+0530] {dag.py:3834} INFO - Setting next_dagrun for latest_only_with_trigger to 2024-03-08 00:00:00+00:00, run_after=2024-03-08 04:00:00+00:00
[2024-03-08T12:24:52.403+0530] {processor.py:183} INFO - Processing /Users/anikbhowmick/Python/Big_Data_Assignment/A02/airflow_env/lib/python3.11/site-packages/airflow/example_dags/example_latest_only_with_trigger.py took 0.066 seconds
[2024-03-08T12:26:44.450+0530] {processor.py:161} INFO - Started process (PID=11744) to work on /Users/anikbhowmick/Python/Big_Data_Assignment/A02/airflow_env/lib/python3.11/site-packages/airflow/example_dags/example_latest_only_with_trigger.py
[2024-03-08T12:26:44.451+0530] {processor.py:830} INFO - Processing file /Users/anikbhowmick/Python/Big_Data_Assignment/A02/airflow_env/lib/python3.11/site-packages/airflow/example_dags/example_latest_only_with_trigger.py for tasks to queue
[2024-03-08T12:26:44.451+0530] {logging_mixin.py:188} INFO - [2024-03-08T12:26:44.451+0530] {dagbag.py:540} INFO - Filling up the DagBag from /Users/anikbhowmick/Python/Big_Data_Assignment/A02/airflow_env/lib/python3.11/site-packages/airflow/example_dags/example_latest_only_with_trigger.py
[2024-03-08T12:26:44.475+0530] {processor.py:840} INFO - DAG(s) 'latest_only_with_trigger' retrieved from /Users/anikbhowmick/Python/Big_Data_Assignment/A02/airflow_env/lib/python3.11/site-packages/airflow/example_dags/example_latest_only_with_trigger.py
[2024-03-08T12:26:44.504+0530] {logging_mixin.py:188} INFO - [2024-03-08T12:26:44.504+0530] {dag.py:3047} INFO - Sync 1 DAGs
[2024-03-08T12:26:44.510+0530] {logging_mixin.py:188} INFO - [2024-03-08T12:26:44.510+0530] {dag.py:3834} INFO - Setting next_dagrun for latest_only_with_trigger to 2024-03-08 00:00:00+00:00, run_after=2024-03-08 04:00:00+00:00
[2024-03-08T12:26:44.516+0530] {processor.py:183} INFO - Processing /Users/anikbhowmick/Python/Big_Data_Assignment/A02/airflow_env/lib/python3.11/site-packages/airflow/example_dags/example_latest_only_with_trigger.py took 0.066 seconds
[2024-03-08T12:28:32.800+0530] {processor.py:161} INFO - Started process (PID=11817) to work on /Users/anikbhowmick/Python/Big_Data_Assignment/A02/airflow_env/lib/python3.11/site-packages/airflow/example_dags/example_latest_only_with_trigger.py
[2024-03-08T12:28:32.801+0530] {processor.py:830} INFO - Processing file /Users/anikbhowmick/Python/Big_Data_Assignment/A02/airflow_env/lib/python3.11/site-packages/airflow/example_dags/example_latest_only_with_trigger.py for tasks to queue
[2024-03-08T12:28:32.802+0530] {logging_mixin.py:188} INFO - [2024-03-08T12:28:32.802+0530] {dagbag.py:540} INFO - Filling up the DagBag from /Users/anikbhowmick/Python/Big_Data_Assignment/A02/airflow_env/lib/python3.11/site-packages/airflow/example_dags/example_latest_only_with_trigger.py
[2024-03-08T12:28:32.826+0530] {processor.py:840} INFO - DAG(s) 'latest_only_with_trigger' retrieved from /Users/anikbhowmick/Python/Big_Data_Assignment/A02/airflow_env/lib/python3.11/site-packages/airflow/example_dags/example_latest_only_with_trigger.py
[2024-03-08T12:28:32.855+0530] {logging_mixin.py:188} INFO - [2024-03-08T12:28:32.855+0530] {dag.py:3047} INFO - Sync 1 DAGs
[2024-03-08T12:28:32.861+0530] {logging_mixin.py:188} INFO - [2024-03-08T12:28:32.860+0530] {dag.py:3834} INFO - Setting next_dagrun for latest_only_with_trigger to 2024-03-08 00:00:00+00:00, run_after=2024-03-08 04:00:00+00:00
[2024-03-08T12:28:32.866+0530] {processor.py:183} INFO - Processing /Users/anikbhowmick/Python/Big_Data_Assignment/A02/airflow_env/lib/python3.11/site-packages/airflow/example_dags/example_latest_only_with_trigger.py took 0.067 seconds
[2024-03-08T12:30:25.026+0530] {processor.py:161} INFO - Started process (PID=11895) to work on /Users/anikbhowmick/Python/Big_Data_Assignment/A02/airflow_env/lib/python3.11/site-packages/airflow/example_dags/example_latest_only_with_trigger.py
[2024-03-08T12:30:25.027+0530] {processor.py:830} INFO - Processing file /Users/anikbhowmick/Python/Big_Data_Assignment/A02/airflow_env/lib/python3.11/site-packages/airflow/example_dags/example_latest_only_with_trigger.py for tasks to queue
[2024-03-08T12:30:25.027+0530] {logging_mixin.py:188} INFO - [2024-03-08T12:30:25.027+0530] {dagbag.py:540} INFO - Filling up the DagBag from /Users/anikbhowmick/Python/Big_Data_Assignment/A02/airflow_env/lib/python3.11/site-packages/airflow/example_dags/example_latest_only_with_trigger.py
[2024-03-08T12:30:25.052+0530] {processor.py:840} INFO - DAG(s) 'latest_only_with_trigger' retrieved from /Users/anikbhowmick/Python/Big_Data_Assignment/A02/airflow_env/lib/python3.11/site-packages/airflow/example_dags/example_latest_only_with_trigger.py
[2024-03-08T12:30:25.080+0530] {logging_mixin.py:188} INFO - [2024-03-08T12:30:25.080+0530] {dag.py:3047} INFO - Sync 1 DAGs
[2024-03-08T12:30:25.086+0530] {logging_mixin.py:188} INFO - [2024-03-08T12:30:25.086+0530] {dag.py:3834} INFO - Setting next_dagrun for latest_only_with_trigger to 2024-03-08 00:00:00+00:00, run_after=2024-03-08 04:00:00+00:00
[2024-03-08T12:30:25.092+0530] {processor.py:183} INFO - Processing /Users/anikbhowmick/Python/Big_Data_Assignment/A02/airflow_env/lib/python3.11/site-packages/airflow/example_dags/example_latest_only_with_trigger.py took 0.066 seconds
[2024-03-08T12:32:15.983+0530] {processor.py:161} INFO - Started process (PID=11967) to work on /Users/anikbhowmick/Python/Big_Data_Assignment/A02/airflow_env/lib/python3.11/site-packages/airflow/example_dags/example_latest_only_with_trigger.py
[2024-03-08T12:32:15.984+0530] {processor.py:830} INFO - Processing file /Users/anikbhowmick/Python/Big_Data_Assignment/A02/airflow_env/lib/python3.11/site-packages/airflow/example_dags/example_latest_only_with_trigger.py for tasks to queue
[2024-03-08T12:32:15.985+0530] {logging_mixin.py:188} INFO - [2024-03-08T12:32:15.985+0530] {dagbag.py:540} INFO - Filling up the DagBag from /Users/anikbhowmick/Python/Big_Data_Assignment/A02/airflow_env/lib/python3.11/site-packages/airflow/example_dags/example_latest_only_with_trigger.py
[2024-03-08T12:32:16.009+0530] {processor.py:840} INFO - DAG(s) 'latest_only_with_trigger' retrieved from /Users/anikbhowmick/Python/Big_Data_Assignment/A02/airflow_env/lib/python3.11/site-packages/airflow/example_dags/example_latest_only_with_trigger.py
[2024-03-08T12:32:16.038+0530] {logging_mixin.py:188} INFO - [2024-03-08T12:32:16.038+0530] {dag.py:3047} INFO - Sync 1 DAGs
[2024-03-08T12:32:16.043+0530] {logging_mixin.py:188} INFO - [2024-03-08T12:32:16.043+0530] {dag.py:3834} INFO - Setting next_dagrun for latest_only_with_trigger to 2024-03-08 00:00:00+00:00, run_after=2024-03-08 04:00:00+00:00
[2024-03-08T12:32:16.049+0530] {processor.py:183} INFO - Processing /Users/anikbhowmick/Python/Big_Data_Assignment/A02/airflow_env/lib/python3.11/site-packages/airflow/example_dags/example_latest_only_with_trigger.py took 0.066 seconds
[2024-03-08T12:34:10.116+0530] {processor.py:161} INFO - Started process (PID=12045) to work on /Users/anikbhowmick/Python/Big_Data_Assignment/A02/airflow_env/lib/python3.11/site-packages/airflow/example_dags/example_latest_only_with_trigger.py
[2024-03-08T12:34:10.117+0530] {processor.py:830} INFO - Processing file /Users/anikbhowmick/Python/Big_Data_Assignment/A02/airflow_env/lib/python3.11/site-packages/airflow/example_dags/example_latest_only_with_trigger.py for tasks to queue
[2024-03-08T12:34:10.117+0530] {logging_mixin.py:188} INFO - [2024-03-08T12:34:10.117+0530] {dagbag.py:540} INFO - Filling up the DagBag from /Users/anikbhowmick/Python/Big_Data_Assignment/A02/airflow_env/lib/python3.11/site-packages/airflow/example_dags/example_latest_only_with_trigger.py
[2024-03-08T12:34:10.142+0530] {processor.py:840} INFO - DAG(s) 'latest_only_with_trigger' retrieved from /Users/anikbhowmick/Python/Big_Data_Assignment/A02/airflow_env/lib/python3.11/site-packages/airflow/example_dags/example_latest_only_with_trigger.py
[2024-03-08T12:34:10.171+0530] {logging_mixin.py:188} INFO - [2024-03-08T12:34:10.171+0530] {dag.py:3047} INFO - Sync 1 DAGs
[2024-03-08T12:34:10.176+0530] {logging_mixin.py:188} INFO - [2024-03-08T12:34:10.176+0530] {dag.py:3834} INFO - Setting next_dagrun for latest_only_with_trigger to 2024-03-08 00:00:00+00:00, run_after=2024-03-08 04:00:00+00:00
[2024-03-08T12:34:10.182+0530] {processor.py:183} INFO - Processing /Users/anikbhowmick/Python/Big_Data_Assignment/A02/airflow_env/lib/python3.11/site-packages/airflow/example_dags/example_latest_only_with_trigger.py took 0.067 seconds
[2024-03-08T12:36:06.993+0530] {processor.py:161} INFO - Started process (PID=12118) to work on /Users/anikbhowmick/Python/Big_Data_Assignment/A02/airflow_env/lib/python3.11/site-packages/airflow/example_dags/example_latest_only_with_trigger.py
[2024-03-08T12:36:06.994+0530] {processor.py:830} INFO - Processing file /Users/anikbhowmick/Python/Big_Data_Assignment/A02/airflow_env/lib/python3.11/site-packages/airflow/example_dags/example_latest_only_with_trigger.py for tasks to queue
[2024-03-08T12:36:06.994+0530] {logging_mixin.py:188} INFO - [2024-03-08T12:36:06.994+0530] {dagbag.py:540} INFO - Filling up the DagBag from /Users/anikbhowmick/Python/Big_Data_Assignment/A02/airflow_env/lib/python3.11/site-packages/airflow/example_dags/example_latest_only_with_trigger.py
[2024-03-08T12:36:07.018+0530] {processor.py:840} INFO - DAG(s) 'latest_only_with_trigger' retrieved from /Users/anikbhowmick/Python/Big_Data_Assignment/A02/airflow_env/lib/python3.11/site-packages/airflow/example_dags/example_latest_only_with_trigger.py
[2024-03-08T12:36:07.047+0530] {logging_mixin.py:188} INFO - [2024-03-08T12:36:07.047+0530] {dag.py:3047} INFO - Sync 1 DAGs
[2024-03-08T12:36:07.053+0530] {logging_mixin.py:188} INFO - [2024-03-08T12:36:07.053+0530] {dag.py:3834} INFO - Setting next_dagrun for latest_only_with_trigger to 2024-03-08 00:00:00+00:00, run_after=2024-03-08 04:00:00+00:00
[2024-03-08T12:36:07.059+0530] {processor.py:183} INFO - Processing /Users/anikbhowmick/Python/Big_Data_Assignment/A02/airflow_env/lib/python3.11/site-packages/airflow/example_dags/example_latest_only_with_trigger.py took 0.066 seconds
[2024-03-08T12:37:44.863+0530] {processor.py:161} INFO - Started process (PID=12185) to work on /Users/anikbhowmick/Python/Big_Data_Assignment/A02/airflow_env/lib/python3.11/site-packages/airflow/example_dags/example_latest_only_with_trigger.py
[2024-03-08T12:37:44.864+0530] {processor.py:830} INFO - Processing file /Users/anikbhowmick/Python/Big_Data_Assignment/A02/airflow_env/lib/python3.11/site-packages/airflow/example_dags/example_latest_only_with_trigger.py for tasks to queue
[2024-03-08T12:37:44.864+0530] {logging_mixin.py:188} INFO - [2024-03-08T12:37:44.864+0530] {dagbag.py:540} INFO - Filling up the DagBag from /Users/anikbhowmick/Python/Big_Data_Assignment/A02/airflow_env/lib/python3.11/site-packages/airflow/example_dags/example_latest_only_with_trigger.py
[2024-03-08T12:37:44.888+0530] {processor.py:840} INFO - DAG(s) 'latest_only_with_trigger' retrieved from /Users/anikbhowmick/Python/Big_Data_Assignment/A02/airflow_env/lib/python3.11/site-packages/airflow/example_dags/example_latest_only_with_trigger.py
[2024-03-08T12:37:44.917+0530] {logging_mixin.py:188} INFO - [2024-03-08T12:37:44.917+0530] {dag.py:3047} INFO - Sync 1 DAGs
[2024-03-08T12:37:44.923+0530] {logging_mixin.py:188} INFO - [2024-03-08T12:37:44.923+0530] {dag.py:3834} INFO - Setting next_dagrun for latest_only_with_trigger to 2024-03-08 00:00:00+00:00, run_after=2024-03-08 04:00:00+00:00
[2024-03-08T12:37:44.928+0530] {processor.py:183} INFO - Processing /Users/anikbhowmick/Python/Big_Data_Assignment/A02/airflow_env/lib/python3.11/site-packages/airflow/example_dags/example_latest_only_with_trigger.py took 0.066 seconds
[2024-03-08T12:39:40.231+0530] {processor.py:161} INFO - Started process (PID=12267) to work on /Users/anikbhowmick/Python/Big_Data_Assignment/A02/airflow_env/lib/python3.11/site-packages/airflow/example_dags/example_latest_only_with_trigger.py
[2024-03-08T12:39:40.232+0530] {processor.py:830} INFO - Processing file /Users/anikbhowmick/Python/Big_Data_Assignment/A02/airflow_env/lib/python3.11/site-packages/airflow/example_dags/example_latest_only_with_trigger.py for tasks to queue
[2024-03-08T12:39:40.232+0530] {logging_mixin.py:188} INFO - [2024-03-08T12:39:40.232+0530] {dagbag.py:540} INFO - Filling up the DagBag from /Users/anikbhowmick/Python/Big_Data_Assignment/A02/airflow_env/lib/python3.11/site-packages/airflow/example_dags/example_latest_only_with_trigger.py
[2024-03-08T12:39:40.257+0530] {processor.py:840} INFO - DAG(s) 'latest_only_with_trigger' retrieved from /Users/anikbhowmick/Python/Big_Data_Assignment/A02/airflow_env/lib/python3.11/site-packages/airflow/example_dags/example_latest_only_with_trigger.py
[2024-03-08T12:39:40.286+0530] {logging_mixin.py:188} INFO - [2024-03-08T12:39:40.286+0530] {dag.py:3047} INFO - Sync 1 DAGs
[2024-03-08T12:39:40.292+0530] {logging_mixin.py:188} INFO - [2024-03-08T12:39:40.292+0530] {dag.py:3834} INFO - Setting next_dagrun for latest_only_with_trigger to 2024-03-08 00:00:00+00:00, run_after=2024-03-08 04:00:00+00:00
[2024-03-08T12:39:40.298+0530] {processor.py:183} INFO - Processing /Users/anikbhowmick/Python/Big_Data_Assignment/A02/airflow_env/lib/python3.11/site-packages/airflow/example_dags/example_latest_only_with_trigger.py took 0.067 seconds
[2024-03-08T12:41:32.399+0530] {processor.py:161} INFO - Started process (PID=12339) to work on /Users/anikbhowmick/Python/Big_Data_Assignment/A02/airflow_env/lib/python3.11/site-packages/airflow/example_dags/example_latest_only_with_trigger.py
[2024-03-08T12:41:32.399+0530] {processor.py:830} INFO - Processing file /Users/anikbhowmick/Python/Big_Data_Assignment/A02/airflow_env/lib/python3.11/site-packages/airflow/example_dags/example_latest_only_with_trigger.py for tasks to queue
[2024-03-08T12:41:32.400+0530] {logging_mixin.py:188} INFO - [2024-03-08T12:41:32.400+0530] {dagbag.py:540} INFO - Filling up the DagBag from /Users/anikbhowmick/Python/Big_Data_Assignment/A02/airflow_env/lib/python3.11/site-packages/airflow/example_dags/example_latest_only_with_trigger.py
[2024-03-08T12:41:32.423+0530] {processor.py:840} INFO - DAG(s) 'latest_only_with_trigger' retrieved from /Users/anikbhowmick/Python/Big_Data_Assignment/A02/airflow_env/lib/python3.11/site-packages/airflow/example_dags/example_latest_only_with_trigger.py
[2024-03-08T12:41:32.453+0530] {logging_mixin.py:188} INFO - [2024-03-08T12:41:32.452+0530] {dag.py:3047} INFO - Sync 1 DAGs
[2024-03-08T12:41:32.458+0530] {logging_mixin.py:188} INFO - [2024-03-08T12:41:32.458+0530] {dag.py:3834} INFO - Setting next_dagrun for latest_only_with_trigger to 2024-03-08 00:00:00+00:00, run_after=2024-03-08 04:00:00+00:00
[2024-03-08T12:41:32.464+0530] {processor.py:183} INFO - Processing /Users/anikbhowmick/Python/Big_Data_Assignment/A02/airflow_env/lib/python3.11/site-packages/airflow/example_dags/example_latest_only_with_trigger.py took 0.065 seconds
[2024-03-08T12:43:28.923+0530] {processor.py:161} INFO - Started process (PID=12407) to work on /Users/anikbhowmick/Python/Big_Data_Assignment/A02/airflow_env/lib/python3.11/site-packages/airflow/example_dags/example_latest_only_with_trigger.py
[2024-03-08T12:43:28.924+0530] {processor.py:830} INFO - Processing file /Users/anikbhowmick/Python/Big_Data_Assignment/A02/airflow_env/lib/python3.11/site-packages/airflow/example_dags/example_latest_only_with_trigger.py for tasks to queue
[2024-03-08T12:43:28.924+0530] {logging_mixin.py:188} INFO - [2024-03-08T12:43:28.924+0530] {dagbag.py:540} INFO - Filling up the DagBag from /Users/anikbhowmick/Python/Big_Data_Assignment/A02/airflow_env/lib/python3.11/site-packages/airflow/example_dags/example_latest_only_with_trigger.py
[2024-03-08T12:43:28.948+0530] {processor.py:840} INFO - DAG(s) 'latest_only_with_trigger' retrieved from /Users/anikbhowmick/Python/Big_Data_Assignment/A02/airflow_env/lib/python3.11/site-packages/airflow/example_dags/example_latest_only_with_trigger.py
[2024-03-08T12:43:28.977+0530] {logging_mixin.py:188} INFO - [2024-03-08T12:43:28.977+0530] {dag.py:3047} INFO - Sync 1 DAGs
[2024-03-08T12:43:28.983+0530] {logging_mixin.py:188} INFO - [2024-03-08T12:43:28.982+0530] {dag.py:3834} INFO - Setting next_dagrun for latest_only_with_trigger to 2024-03-08 00:00:00+00:00, run_after=2024-03-08 04:00:00+00:00
[2024-03-08T12:43:28.988+0530] {processor.py:183} INFO - Processing /Users/anikbhowmick/Python/Big_Data_Assignment/A02/airflow_env/lib/python3.11/site-packages/airflow/example_dags/example_latest_only_with_trigger.py took 0.066 seconds
[2024-03-08T12:45:19.506+0530] {processor.py:161} INFO - Started process (PID=12512) to work on /Users/anikbhowmick/Python/Big_Data_Assignment/A02/airflow_env/lib/python3.11/site-packages/airflow/example_dags/example_latest_only_with_trigger.py
[2024-03-08T12:45:19.507+0530] {processor.py:830} INFO - Processing file /Users/anikbhowmick/Python/Big_Data_Assignment/A02/airflow_env/lib/python3.11/site-packages/airflow/example_dags/example_latest_only_with_trigger.py for tasks to queue
[2024-03-08T12:45:19.507+0530] {logging_mixin.py:188} INFO - [2024-03-08T12:45:19.507+0530] {dagbag.py:540} INFO - Filling up the DagBag from /Users/anikbhowmick/Python/Big_Data_Assignment/A02/airflow_env/lib/python3.11/site-packages/airflow/example_dags/example_latest_only_with_trigger.py
[2024-03-08T12:45:19.533+0530] {processor.py:840} INFO - DAG(s) 'latest_only_with_trigger' retrieved from /Users/anikbhowmick/Python/Big_Data_Assignment/A02/airflow_env/lib/python3.11/site-packages/airflow/example_dags/example_latest_only_with_trigger.py
[2024-03-08T12:45:19.562+0530] {logging_mixin.py:188} INFO - [2024-03-08T12:45:19.561+0530] {dag.py:3047} INFO - Sync 1 DAGs
[2024-03-08T12:45:19.568+0530] {logging_mixin.py:188} INFO - [2024-03-08T12:45:19.568+0530] {dag.py:3834} INFO - Setting next_dagrun for latest_only_with_trigger to 2024-03-08 00:00:00+00:00, run_after=2024-03-08 04:00:00+00:00
[2024-03-08T12:45:19.574+0530] {processor.py:183} INFO - Processing /Users/anikbhowmick/Python/Big_Data_Assignment/A02/airflow_env/lib/python3.11/site-packages/airflow/example_dags/example_latest_only_with_trigger.py took 0.068 seconds
[2024-03-08T12:47:06.310+0530] {processor.py:161} INFO - Started process (PID=12581) to work on /Users/anikbhowmick/Python/Big_Data_Assignment/A02/airflow_env/lib/python3.11/site-packages/airflow/example_dags/example_latest_only_with_trigger.py
[2024-03-08T12:47:06.311+0530] {processor.py:830} INFO - Processing file /Users/anikbhowmick/Python/Big_Data_Assignment/A02/airflow_env/lib/python3.11/site-packages/airflow/example_dags/example_latest_only_with_trigger.py for tasks to queue
[2024-03-08T12:47:06.311+0530] {logging_mixin.py:188} INFO - [2024-03-08T12:47:06.311+0530] {dagbag.py:540} INFO - Filling up the DagBag from /Users/anikbhowmick/Python/Big_Data_Assignment/A02/airflow_env/lib/python3.11/site-packages/airflow/example_dags/example_latest_only_with_trigger.py
[2024-03-08T12:47:06.336+0530] {processor.py:840} INFO - DAG(s) 'latest_only_with_trigger' retrieved from /Users/anikbhowmick/Python/Big_Data_Assignment/A02/airflow_env/lib/python3.11/site-packages/airflow/example_dags/example_latest_only_with_trigger.py
[2024-03-08T12:47:06.366+0530] {logging_mixin.py:188} INFO - [2024-03-08T12:47:06.365+0530] {dag.py:3047} INFO - Sync 1 DAGs
[2024-03-08T12:47:06.371+0530] {logging_mixin.py:188} INFO - [2024-03-08T12:47:06.371+0530] {dag.py:3834} INFO - Setting next_dagrun for latest_only_with_trigger to 2024-03-08 00:00:00+00:00, run_after=2024-03-08 04:00:00+00:00
[2024-03-08T12:47:06.377+0530] {processor.py:183} INFO - Processing /Users/anikbhowmick/Python/Big_Data_Assignment/A02/airflow_env/lib/python3.11/site-packages/airflow/example_dags/example_latest_only_with_trigger.py took 0.067 seconds
[2024-03-08T12:49:01.406+0530] {processor.py:161} INFO - Started process (PID=12659) to work on /Users/anikbhowmick/Python/Big_Data_Assignment/A02/airflow_env/lib/python3.11/site-packages/airflow/example_dags/example_latest_only_with_trigger.py
[2024-03-08T12:49:01.407+0530] {processor.py:830} INFO - Processing file /Users/anikbhowmick/Python/Big_Data_Assignment/A02/airflow_env/lib/python3.11/site-packages/airflow/example_dags/example_latest_only_with_trigger.py for tasks to queue
[2024-03-08T12:49:01.407+0530] {logging_mixin.py:188} INFO - [2024-03-08T12:49:01.407+0530] {dagbag.py:540} INFO - Filling up the DagBag from /Users/anikbhowmick/Python/Big_Data_Assignment/A02/airflow_env/lib/python3.11/site-packages/airflow/example_dags/example_latest_only_with_trigger.py
[2024-03-08T12:49:01.434+0530] {processor.py:840} INFO - DAG(s) 'latest_only_with_trigger' retrieved from /Users/anikbhowmick/Python/Big_Data_Assignment/A02/airflow_env/lib/python3.11/site-packages/airflow/example_dags/example_latest_only_with_trigger.py
[2024-03-08T12:49:01.464+0530] {logging_mixin.py:188} INFO - [2024-03-08T12:49:01.464+0530] {dag.py:3047} INFO - Sync 1 DAGs
[2024-03-08T12:49:01.469+0530] {logging_mixin.py:188} INFO - [2024-03-08T12:49:01.469+0530] {dag.py:3834} INFO - Setting next_dagrun for latest_only_with_trigger to 2024-03-08 00:00:00+00:00, run_after=2024-03-08 04:00:00+00:00
[2024-03-08T12:49:01.475+0530] {processor.py:183} INFO - Processing /Users/anikbhowmick/Python/Big_Data_Assignment/A02/airflow_env/lib/python3.11/site-packages/airflow/example_dags/example_latest_only_with_trigger.py took 0.070 seconds
[2024-03-08T12:50:53.275+0530] {processor.py:161} INFO - Started process (PID=12730) to work on /Users/anikbhowmick/Python/Big_Data_Assignment/A02/airflow_env/lib/python3.11/site-packages/airflow/example_dags/example_latest_only_with_trigger.py
[2024-03-08T12:50:53.276+0530] {processor.py:830} INFO - Processing file /Users/anikbhowmick/Python/Big_Data_Assignment/A02/airflow_env/lib/python3.11/site-packages/airflow/example_dags/example_latest_only_with_trigger.py for tasks to queue
[2024-03-08T12:50:53.276+0530] {logging_mixin.py:188} INFO - [2024-03-08T12:50:53.276+0530] {dagbag.py:540} INFO - Filling up the DagBag from /Users/anikbhowmick/Python/Big_Data_Assignment/A02/airflow_env/lib/python3.11/site-packages/airflow/example_dags/example_latest_only_with_trigger.py
[2024-03-08T12:50:53.301+0530] {processor.py:840} INFO - DAG(s) 'latest_only_with_trigger' retrieved from /Users/anikbhowmick/Python/Big_Data_Assignment/A02/airflow_env/lib/python3.11/site-packages/airflow/example_dags/example_latest_only_with_trigger.py
[2024-03-08T12:50:53.330+0530] {logging_mixin.py:188} INFO - [2024-03-08T12:50:53.330+0530] {dag.py:3047} INFO - Sync 1 DAGs
[2024-03-08T12:50:53.335+0530] {logging_mixin.py:188} INFO - [2024-03-08T12:50:53.335+0530] {dag.py:3834} INFO - Setting next_dagrun for latest_only_with_trigger to 2024-03-08 00:00:00+00:00, run_after=2024-03-08 04:00:00+00:00
[2024-03-08T12:50:53.342+0530] {processor.py:183} INFO - Processing /Users/anikbhowmick/Python/Big_Data_Assignment/A02/airflow_env/lib/python3.11/site-packages/airflow/example_dags/example_latest_only_with_trigger.py took 0.067 seconds
[2024-03-08T12:52:42.007+0530] {processor.py:161} INFO - Started process (PID=12824) to work on /Users/anikbhowmick/Python/Big_Data_Assignment/A02/airflow_env/lib/python3.11/site-packages/airflow/example_dags/example_latest_only_with_trigger.py
[2024-03-08T12:52:42.008+0530] {processor.py:830} INFO - Processing file /Users/anikbhowmick/Python/Big_Data_Assignment/A02/airflow_env/lib/python3.11/site-packages/airflow/example_dags/example_latest_only_with_trigger.py for tasks to queue
[2024-03-08T12:52:42.008+0530] {logging_mixin.py:188} INFO - [2024-03-08T12:52:42.008+0530] {dagbag.py:540} INFO - Filling up the DagBag from /Users/anikbhowmick/Python/Big_Data_Assignment/A02/airflow_env/lib/python3.11/site-packages/airflow/example_dags/example_latest_only_with_trigger.py
[2024-03-08T12:52:42.033+0530] {processor.py:840} INFO - DAG(s) 'latest_only_with_trigger' retrieved from /Users/anikbhowmick/Python/Big_Data_Assignment/A02/airflow_env/lib/python3.11/site-packages/airflow/example_dags/example_latest_only_with_trigger.py
[2024-03-08T12:52:42.062+0530] {logging_mixin.py:188} INFO - [2024-03-08T12:52:42.062+0530] {dag.py:3047} INFO - Sync 1 DAGs
[2024-03-08T12:52:42.067+0530] {logging_mixin.py:188} INFO - [2024-03-08T12:52:42.067+0530] {dag.py:3834} INFO - Setting next_dagrun for latest_only_with_trigger to 2024-03-08 00:00:00+00:00, run_after=2024-03-08 04:00:00+00:00
[2024-03-08T12:52:42.073+0530] {processor.py:183} INFO - Processing /Users/anikbhowmick/Python/Big_Data_Assignment/A02/airflow_env/lib/python3.11/site-packages/airflow/example_dags/example_latest_only_with_trigger.py took 0.067 seconds
[2024-03-08T12:59:32.237+0530] {processor.py:161} INFO - Started process (PID=13138) to work on /Users/anikbhowmick/Python/Big_Data_Assignment/A02/airflow_env/lib/python3.11/site-packages/airflow/example_dags/example_latest_only_with_trigger.py
[2024-03-08T12:59:32.237+0530] {processor.py:830} INFO - Processing file /Users/anikbhowmick/Python/Big_Data_Assignment/A02/airflow_env/lib/python3.11/site-packages/airflow/example_dags/example_latest_only_with_trigger.py for tasks to queue
[2024-03-08T12:59:32.238+0530] {logging_mixin.py:188} INFO - [2024-03-08T12:59:32.237+0530] {dagbag.py:540} INFO - Filling up the DagBag from /Users/anikbhowmick/Python/Big_Data_Assignment/A02/airflow_env/lib/python3.11/site-packages/airflow/example_dags/example_latest_only_with_trigger.py
[2024-03-08T12:59:32.266+0530] {processor.py:840} INFO - DAG(s) 'latest_only_with_trigger' retrieved from /Users/anikbhowmick/Python/Big_Data_Assignment/A02/airflow_env/lib/python3.11/site-packages/airflow/example_dags/example_latest_only_with_trigger.py
[2024-03-08T12:59:32.299+0530] {logging_mixin.py:188} INFO - [2024-03-08T12:59:32.299+0530] {dag.py:3047} INFO - Sync 1 DAGs
[2024-03-08T12:59:32.306+0530] {logging_mixin.py:188} INFO - [2024-03-08T12:59:32.306+0530] {dag.py:3834} INFO - Setting next_dagrun for latest_only_with_trigger to 2024-03-08 00:00:00+00:00, run_after=2024-03-08 04:00:00+00:00
[2024-03-08T12:59:32.312+0530] {processor.py:183} INFO - Processing /Users/anikbhowmick/Python/Big_Data_Assignment/A02/airflow_env/lib/python3.11/site-packages/airflow/example_dags/example_latest_only_with_trigger.py took 0.076 seconds
[2024-03-08T13:02:33.844+0530] {processor.py:161} INFO - Started process (PID=13361) to work on /Users/anikbhowmick/Python/Big_Data_Assignment/A02/airflow_env/lib/python3.11/site-packages/airflow/example_dags/example_latest_only_with_trigger.py
[2024-03-08T13:02:33.844+0530] {processor.py:830} INFO - Processing file /Users/anikbhowmick/Python/Big_Data_Assignment/A02/airflow_env/lib/python3.11/site-packages/airflow/example_dags/example_latest_only_with_trigger.py for tasks to queue
[2024-03-08T13:02:33.845+0530] {logging_mixin.py:188} INFO - [2024-03-08T13:02:33.845+0530] {dagbag.py:540} INFO - Filling up the DagBag from /Users/anikbhowmick/Python/Big_Data_Assignment/A02/airflow_env/lib/python3.11/site-packages/airflow/example_dags/example_latest_only_with_trigger.py
[2024-03-08T13:02:33.872+0530] {processor.py:840} INFO - DAG(s) 'latest_only_with_trigger' retrieved from /Users/anikbhowmick/Python/Big_Data_Assignment/A02/airflow_env/lib/python3.11/site-packages/airflow/example_dags/example_latest_only_with_trigger.py
[2024-03-08T13:02:33.901+0530] {logging_mixin.py:188} INFO - [2024-03-08T13:02:33.901+0530] {dag.py:3047} INFO - Sync 1 DAGs
[2024-03-08T13:02:33.907+0530] {logging_mixin.py:188} INFO - [2024-03-08T13:02:33.907+0530] {dag.py:3834} INFO - Setting next_dagrun for latest_only_with_trigger to 2024-03-08 00:00:00+00:00, run_after=2024-03-08 04:00:00+00:00
[2024-03-08T13:02:33.913+0530] {processor.py:183} INFO - Processing /Users/anikbhowmick/Python/Big_Data_Assignment/A02/airflow_env/lib/python3.11/site-packages/airflow/example_dags/example_latest_only_with_trigger.py took 0.070 seconds
[2024-03-08T13:04:26.526+0530] {processor.py:161} INFO - Started process (PID=13450) to work on /Users/anikbhowmick/Python/Big_Data_Assignment/A02/airflow_env/lib/python3.11/site-packages/airflow/example_dags/example_latest_only_with_trigger.py
[2024-03-08T13:04:26.526+0530] {processor.py:830} INFO - Processing file /Users/anikbhowmick/Python/Big_Data_Assignment/A02/airflow_env/lib/python3.11/site-packages/airflow/example_dags/example_latest_only_with_trigger.py for tasks to queue
[2024-03-08T13:04:26.526+0530] {logging_mixin.py:188} INFO - [2024-03-08T13:04:26.526+0530] {dagbag.py:540} INFO - Filling up the DagBag from /Users/anikbhowmick/Python/Big_Data_Assignment/A02/airflow_env/lib/python3.11/site-packages/airflow/example_dags/example_latest_only_with_trigger.py
[2024-03-08T13:04:26.553+0530] {processor.py:840} INFO - DAG(s) 'latest_only_with_trigger' retrieved from /Users/anikbhowmick/Python/Big_Data_Assignment/A02/airflow_env/lib/python3.11/site-packages/airflow/example_dags/example_latest_only_with_trigger.py
[2024-03-08T13:04:26.583+0530] {logging_mixin.py:188} INFO - [2024-03-08T13:04:26.583+0530] {dag.py:3047} INFO - Sync 1 DAGs
[2024-03-08T13:04:26.589+0530] {logging_mixin.py:188} INFO - [2024-03-08T13:04:26.589+0530] {dag.py:3834} INFO - Setting next_dagrun for latest_only_with_trigger to 2024-03-08 00:00:00+00:00, run_after=2024-03-08 04:00:00+00:00
[2024-03-08T13:04:26.595+0530] {processor.py:183} INFO - Processing /Users/anikbhowmick/Python/Big_Data_Assignment/A02/airflow_env/lib/python3.11/site-packages/airflow/example_dags/example_latest_only_with_trigger.py took 0.070 seconds
[2024-03-08T13:06:26.182+0530] {processor.py:161} INFO - Started process (PID=13536) to work on /Users/anikbhowmick/Python/Big_Data_Assignment/A02/airflow_env/lib/python3.11/site-packages/airflow/example_dags/example_latest_only_with_trigger.py
[2024-03-08T13:06:26.183+0530] {processor.py:830} INFO - Processing file /Users/anikbhowmick/Python/Big_Data_Assignment/A02/airflow_env/lib/python3.11/site-packages/airflow/example_dags/example_latest_only_with_trigger.py for tasks to queue
[2024-03-08T13:06:26.183+0530] {logging_mixin.py:188} INFO - [2024-03-08T13:06:26.183+0530] {dagbag.py:540} INFO - Filling up the DagBag from /Users/anikbhowmick/Python/Big_Data_Assignment/A02/airflow_env/lib/python3.11/site-packages/airflow/example_dags/example_latest_only_with_trigger.py
[2024-03-08T13:06:26.212+0530] {processor.py:840} INFO - DAG(s) 'latest_only_with_trigger' retrieved from /Users/anikbhowmick/Python/Big_Data_Assignment/A02/airflow_env/lib/python3.11/site-packages/airflow/example_dags/example_latest_only_with_trigger.py
[2024-03-08T13:06:26.243+0530] {logging_mixin.py:188} INFO - [2024-03-08T13:06:26.243+0530] {dag.py:3047} INFO - Sync 1 DAGs
[2024-03-08T13:06:26.249+0530] {logging_mixin.py:188} INFO - [2024-03-08T13:06:26.249+0530] {dag.py:3834} INFO - Setting next_dagrun for latest_only_with_trigger to 2024-03-08 00:00:00+00:00, run_after=2024-03-08 04:00:00+00:00
[2024-03-08T13:06:26.255+0530] {processor.py:183} INFO - Processing /Users/anikbhowmick/Python/Big_Data_Assignment/A02/airflow_env/lib/python3.11/site-packages/airflow/example_dags/example_latest_only_with_trigger.py took 0.074 seconds
[2024-03-08T13:15:10.771+0530] {processor.py:161} INFO - Started process (PID=14260) to work on /Users/anikbhowmick/Python/Big_Data_Assignment/A02/airflow_env/lib/python3.11/site-packages/airflow/example_dags/example_latest_only_with_trigger.py
[2024-03-08T13:15:10.772+0530] {processor.py:830} INFO - Processing file /Users/anikbhowmick/Python/Big_Data_Assignment/A02/airflow_env/lib/python3.11/site-packages/airflow/example_dags/example_latest_only_with_trigger.py for tasks to queue
[2024-03-08T13:15:10.773+0530] {logging_mixin.py:188} INFO - [2024-03-08T13:15:10.773+0530] {dagbag.py:540} INFO - Filling up the DagBag from /Users/anikbhowmick/Python/Big_Data_Assignment/A02/airflow_env/lib/python3.11/site-packages/airflow/example_dags/example_latest_only_with_trigger.py
[2024-03-08T13:15:10.797+0530] {processor.py:840} INFO - DAG(s) 'latest_only_with_trigger' retrieved from /Users/anikbhowmick/Python/Big_Data_Assignment/A02/airflow_env/lib/python3.11/site-packages/airflow/example_dags/example_latest_only_with_trigger.py
[2024-03-08T13:15:10.825+0530] {logging_mixin.py:188} INFO - [2024-03-08T13:15:10.825+0530] {dag.py:3047} INFO - Sync 1 DAGs
[2024-03-08T13:15:10.831+0530] {logging_mixin.py:188} INFO - [2024-03-08T13:15:10.831+0530] {dag.py:3834} INFO - Setting next_dagrun for latest_only_with_trigger to 2024-03-08 00:00:00+00:00, run_after=2024-03-08 04:00:00+00:00
[2024-03-08T13:15:10.837+0530] {processor.py:183} INFO - Processing /Users/anikbhowmick/Python/Big_Data_Assignment/A02/airflow_env/lib/python3.11/site-packages/airflow/example_dags/example_latest_only_with_trigger.py took 0.066 seconds
[2024-03-08T13:16:59.947+0530] {processor.py:161} INFO - Started process (PID=14364) to work on /Users/anikbhowmick/Python/Big_Data_Assignment/A02/airflow_env/lib/python3.11/site-packages/airflow/example_dags/example_latest_only_with_trigger.py
[2024-03-08T13:16:59.948+0530] {processor.py:830} INFO - Processing file /Users/anikbhowmick/Python/Big_Data_Assignment/A02/airflow_env/lib/python3.11/site-packages/airflow/example_dags/example_latest_only_with_trigger.py for tasks to queue
[2024-03-08T13:16:59.948+0530] {logging_mixin.py:188} INFO - [2024-03-08T13:16:59.948+0530] {dagbag.py:540} INFO - Filling up the DagBag from /Users/anikbhowmick/Python/Big_Data_Assignment/A02/airflow_env/lib/python3.11/site-packages/airflow/example_dags/example_latest_only_with_trigger.py
[2024-03-08T13:16:59.972+0530] {processor.py:840} INFO - DAG(s) 'latest_only_with_trigger' retrieved from /Users/anikbhowmick/Python/Big_Data_Assignment/A02/airflow_env/lib/python3.11/site-packages/airflow/example_dags/example_latest_only_with_trigger.py
[2024-03-08T13:17:00.001+0530] {logging_mixin.py:188} INFO - [2024-03-08T13:17:00.001+0530] {dag.py:3047} INFO - Sync 1 DAGs
[2024-03-08T13:17:00.007+0530] {logging_mixin.py:188} INFO - [2024-03-08T13:17:00.007+0530] {dag.py:3834} INFO - Setting next_dagrun for latest_only_with_trigger to 2024-03-08 00:00:00+00:00, run_after=2024-03-08 04:00:00+00:00
[2024-03-08T13:17:00.013+0530] {processor.py:183} INFO - Processing /Users/anikbhowmick/Python/Big_Data_Assignment/A02/airflow_env/lib/python3.11/site-packages/airflow/example_dags/example_latest_only_with_trigger.py took 0.067 seconds
[2024-03-08T13:18:46.504+0530] {processor.py:161} INFO - Started process (PID=14450) to work on /Users/anikbhowmick/Python/Big_Data_Assignment/A02/airflow_env/lib/python3.11/site-packages/airflow/example_dags/example_latest_only_with_trigger.py
[2024-03-08T13:18:46.505+0530] {processor.py:830} INFO - Processing file /Users/anikbhowmick/Python/Big_Data_Assignment/A02/airflow_env/lib/python3.11/site-packages/airflow/example_dags/example_latest_only_with_trigger.py for tasks to queue
[2024-03-08T13:18:46.506+0530] {logging_mixin.py:188} INFO - [2024-03-08T13:18:46.506+0530] {dagbag.py:540} INFO - Filling up the DagBag from /Users/anikbhowmick/Python/Big_Data_Assignment/A02/airflow_env/lib/python3.11/site-packages/airflow/example_dags/example_latest_only_with_trigger.py
[2024-03-08T13:18:46.533+0530] {processor.py:840} INFO - DAG(s) 'latest_only_with_trigger' retrieved from /Users/anikbhowmick/Python/Big_Data_Assignment/A02/airflow_env/lib/python3.11/site-packages/airflow/example_dags/example_latest_only_with_trigger.py
[2024-03-08T13:18:46.565+0530] {logging_mixin.py:188} INFO - [2024-03-08T13:18:46.565+0530] {dag.py:3047} INFO - Sync 1 DAGs
[2024-03-08T13:18:46.571+0530] {logging_mixin.py:188} INFO - [2024-03-08T13:18:46.571+0530] {dag.py:3834} INFO - Setting next_dagrun for latest_only_with_trigger to 2024-03-08 00:00:00+00:00, run_after=2024-03-08 04:00:00+00:00
[2024-03-08T13:18:46.577+0530] {processor.py:183} INFO - Processing /Users/anikbhowmick/Python/Big_Data_Assignment/A02/airflow_env/lib/python3.11/site-packages/airflow/example_dags/example_latest_only_with_trigger.py took 0.073 seconds
[2024-03-08T13:20:40.801+0530] {processor.py:161} INFO - Started process (PID=14519) to work on /Users/anikbhowmick/Python/Big_Data_Assignment/A02/airflow_env/lib/python3.11/site-packages/airflow/example_dags/example_latest_only_with_trigger.py
[2024-03-08T13:20:40.803+0530] {processor.py:830} INFO - Processing file /Users/anikbhowmick/Python/Big_Data_Assignment/A02/airflow_env/lib/python3.11/site-packages/airflow/example_dags/example_latest_only_with_trigger.py for tasks to queue
[2024-03-08T13:20:40.803+0530] {logging_mixin.py:188} INFO - [2024-03-08T13:20:40.803+0530] {dagbag.py:540} INFO - Filling up the DagBag from /Users/anikbhowmick/Python/Big_Data_Assignment/A02/airflow_env/lib/python3.11/site-packages/airflow/example_dags/example_latest_only_with_trigger.py
[2024-03-08T13:20:40.829+0530] {processor.py:840} INFO - DAG(s) 'latest_only_with_trigger' retrieved from /Users/anikbhowmick/Python/Big_Data_Assignment/A02/airflow_env/lib/python3.11/site-packages/airflow/example_dags/example_latest_only_with_trigger.py
[2024-03-08T13:20:40.859+0530] {logging_mixin.py:188} INFO - [2024-03-08T13:20:40.859+0530] {dag.py:3047} INFO - Sync 1 DAGs
[2024-03-08T13:20:40.865+0530] {logging_mixin.py:188} INFO - [2024-03-08T13:20:40.865+0530] {dag.py:3834} INFO - Setting next_dagrun for latest_only_with_trigger to 2024-03-08 00:00:00+00:00, run_after=2024-03-08 04:00:00+00:00
[2024-03-08T13:20:40.872+0530] {processor.py:183} INFO - Processing /Users/anikbhowmick/Python/Big_Data_Assignment/A02/airflow_env/lib/python3.11/site-packages/airflow/example_dags/example_latest_only_with_trigger.py took 0.071 seconds
[2024-03-08T13:23:03.678+0530] {processor.py:161} INFO - Started process (PID=14721) to work on /Users/anikbhowmick/Python/Big_Data_Assignment/A02/airflow_env/lib/python3.11/site-packages/airflow/example_dags/example_latest_only_with_trigger.py
[2024-03-08T13:23:03.678+0530] {processor.py:830} INFO - Processing file /Users/anikbhowmick/Python/Big_Data_Assignment/A02/airflow_env/lib/python3.11/site-packages/airflow/example_dags/example_latest_only_with_trigger.py for tasks to queue
[2024-03-08T13:23:03.678+0530] {logging_mixin.py:188} INFO - [2024-03-08T13:23:03.678+0530] {dagbag.py:540} INFO - Filling up the DagBag from /Users/anikbhowmick/Python/Big_Data_Assignment/A02/airflow_env/lib/python3.11/site-packages/airflow/example_dags/example_latest_only_with_trigger.py
[2024-03-08T13:23:03.707+0530] {processor.py:840} INFO - DAG(s) 'latest_only_with_trigger' retrieved from /Users/anikbhowmick/Python/Big_Data_Assignment/A02/airflow_env/lib/python3.11/site-packages/airflow/example_dags/example_latest_only_with_trigger.py
[2024-03-08T13:23:03.738+0530] {logging_mixin.py:188} INFO - [2024-03-08T13:23:03.738+0530] {dag.py:3047} INFO - Sync 1 DAGs
[2024-03-08T13:23:03.745+0530] {logging_mixin.py:188} INFO - [2024-03-08T13:23:03.745+0530] {dag.py:3834} INFO - Setting next_dagrun for latest_only_with_trigger to 2024-03-08 00:00:00+00:00, run_after=2024-03-08 04:00:00+00:00
[2024-03-08T13:23:03.752+0530] {processor.py:183} INFO - Processing /Users/anikbhowmick/Python/Big_Data_Assignment/A02/airflow_env/lib/python3.11/site-packages/airflow/example_dags/example_latest_only_with_trigger.py took 0.075 seconds
[2024-03-08T13:33:55.631+0530] {processor.py:161} INFO - Started process (PID=15466) to work on /Users/anikbhowmick/Python/Big_Data_Assignment/A02/airflow_env/lib/python3.11/site-packages/airflow/example_dags/example_latest_only_with_trigger.py
[2024-03-08T13:33:55.632+0530] {processor.py:830} INFO - Processing file /Users/anikbhowmick/Python/Big_Data_Assignment/A02/airflow_env/lib/python3.11/site-packages/airflow/example_dags/example_latest_only_with_trigger.py for tasks to queue
[2024-03-08T13:33:55.633+0530] {logging_mixin.py:188} INFO - [2024-03-08T13:33:55.632+0530] {dagbag.py:540} INFO - Filling up the DagBag from /Users/anikbhowmick/Python/Big_Data_Assignment/A02/airflow_env/lib/python3.11/site-packages/airflow/example_dags/example_latest_only_with_trigger.py
[2024-03-08T13:33:55.657+0530] {processor.py:840} INFO - DAG(s) 'latest_only_with_trigger' retrieved from /Users/anikbhowmick/Python/Big_Data_Assignment/A02/airflow_env/lib/python3.11/site-packages/airflow/example_dags/example_latest_only_with_trigger.py
[2024-03-08T13:33:55.685+0530] {logging_mixin.py:188} INFO - [2024-03-08T13:33:55.685+0530] {dag.py:3047} INFO - Sync 1 DAGs
[2024-03-08T13:33:55.692+0530] {logging_mixin.py:188} INFO - [2024-03-08T13:33:55.692+0530] {dag.py:3834} INFO - Setting next_dagrun for latest_only_with_trigger to 2024-03-08 04:00:00+00:00, run_after=2024-03-08 08:00:00+00:00
[2024-03-08T13:33:55.698+0530] {processor.py:183} INFO - Processing /Users/anikbhowmick/Python/Big_Data_Assignment/A02/airflow_env/lib/python3.11/site-packages/airflow/example_dags/example_latest_only_with_trigger.py took 0.067 seconds
[2024-03-08T13:35:47.364+0530] {processor.py:161} INFO - Started process (PID=15553) to work on /Users/anikbhowmick/Python/Big_Data_Assignment/A02/airflow_env/lib/python3.11/site-packages/airflow/example_dags/example_latest_only_with_trigger.py
[2024-03-08T13:35:47.365+0530] {processor.py:830} INFO - Processing file /Users/anikbhowmick/Python/Big_Data_Assignment/A02/airflow_env/lib/python3.11/site-packages/airflow/example_dags/example_latest_only_with_trigger.py for tasks to queue
[2024-03-08T13:35:47.366+0530] {logging_mixin.py:188} INFO - [2024-03-08T13:35:47.366+0530] {dagbag.py:540} INFO - Filling up the DagBag from /Users/anikbhowmick/Python/Big_Data_Assignment/A02/airflow_env/lib/python3.11/site-packages/airflow/example_dags/example_latest_only_with_trigger.py
[2024-03-08T13:35:47.390+0530] {processor.py:840} INFO - DAG(s) 'latest_only_with_trigger' retrieved from /Users/anikbhowmick/Python/Big_Data_Assignment/A02/airflow_env/lib/python3.11/site-packages/airflow/example_dags/example_latest_only_with_trigger.py
[2024-03-08T13:35:47.418+0530] {logging_mixin.py:188} INFO - [2024-03-08T13:35:47.418+0530] {dag.py:3047} INFO - Sync 1 DAGs
[2024-03-08T13:35:47.424+0530] {logging_mixin.py:188} INFO - [2024-03-08T13:35:47.424+0530] {dag.py:3834} INFO - Setting next_dagrun for latest_only_with_trigger to 2024-03-08 04:00:00+00:00, run_after=2024-03-08 08:00:00+00:00
[2024-03-08T13:35:47.430+0530] {processor.py:183} INFO - Processing /Users/anikbhowmick/Python/Big_Data_Assignment/A02/airflow_env/lib/python3.11/site-packages/airflow/example_dags/example_latest_only_with_trigger.py took 0.066 seconds
[2024-03-08T13:37:40.194+0530] {processor.py:161} INFO - Started process (PID=15626) to work on /Users/anikbhowmick/Python/Big_Data_Assignment/A02/airflow_env/lib/python3.11/site-packages/airflow/example_dags/example_latest_only_with_trigger.py
[2024-03-08T13:37:40.196+0530] {processor.py:830} INFO - Processing file /Users/anikbhowmick/Python/Big_Data_Assignment/A02/airflow_env/lib/python3.11/site-packages/airflow/example_dags/example_latest_only_with_trigger.py for tasks to queue
[2024-03-08T13:37:40.196+0530] {logging_mixin.py:188} INFO - [2024-03-08T13:37:40.196+0530] {dagbag.py:540} INFO - Filling up the DagBag from /Users/anikbhowmick/Python/Big_Data_Assignment/A02/airflow_env/lib/python3.11/site-packages/airflow/example_dags/example_latest_only_with_trigger.py
[2024-03-08T13:37:40.220+0530] {processor.py:840} INFO - DAG(s) 'latest_only_with_trigger' retrieved from /Users/anikbhowmick/Python/Big_Data_Assignment/A02/airflow_env/lib/python3.11/site-packages/airflow/example_dags/example_latest_only_with_trigger.py
[2024-03-08T13:37:40.249+0530] {logging_mixin.py:188} INFO - [2024-03-08T13:37:40.248+0530] {dag.py:3047} INFO - Sync 1 DAGs
[2024-03-08T13:37:40.254+0530] {logging_mixin.py:188} INFO - [2024-03-08T13:37:40.254+0530] {dag.py:3834} INFO - Setting next_dagrun for latest_only_with_trigger to 2024-03-08 04:00:00+00:00, run_after=2024-03-08 08:00:00+00:00
[2024-03-08T13:37:40.260+0530] {processor.py:183} INFO - Processing /Users/anikbhowmick/Python/Big_Data_Assignment/A02/airflow_env/lib/python3.11/site-packages/airflow/example_dags/example_latest_only_with_trigger.py took 0.066 seconds
[2024-03-08T14:24:20.412+0530] {processor.py:161} INFO - Started process (PID=16701) to work on /Users/anikbhowmick/Python/Big_Data_Assignment/A02/airflow_env/lib/python3.11/site-packages/airflow/example_dags/example_latest_only_with_trigger.py
[2024-03-08T14:24:20.413+0530] {processor.py:830} INFO - Processing file /Users/anikbhowmick/Python/Big_Data_Assignment/A02/airflow_env/lib/python3.11/site-packages/airflow/example_dags/example_latest_only_with_trigger.py for tasks to queue
[2024-03-08T14:24:20.413+0530] {logging_mixin.py:188} INFO - [2024-03-08T14:24:20.413+0530] {dagbag.py:540} INFO - Filling up the DagBag from /Users/anikbhowmick/Python/Big_Data_Assignment/A02/airflow_env/lib/python3.11/site-packages/airflow/example_dags/example_latest_only_with_trigger.py
[2024-03-08T14:24:20.438+0530] {processor.py:840} INFO - DAG(s) 'latest_only_with_trigger' retrieved from /Users/anikbhowmick/Python/Big_Data_Assignment/A02/airflow_env/lib/python3.11/site-packages/airflow/example_dags/example_latest_only_with_trigger.py
[2024-03-08T14:24:20.469+0530] {logging_mixin.py:188} INFO - [2024-03-08T14:24:20.469+0530] {dag.py:3047} INFO - Sync 1 DAGs
[2024-03-08T14:24:20.474+0530] {logging_mixin.py:188} INFO - [2024-03-08T14:24:20.474+0530] {dag.py:3834} INFO - Setting next_dagrun for latest_only_with_trigger to 2024-03-08 04:00:00+00:00, run_after=2024-03-08 08:00:00+00:00
[2024-03-08T14:24:20.480+0530] {processor.py:183} INFO - Processing /Users/anikbhowmick/Python/Big_Data_Assignment/A02/airflow_env/lib/python3.11/site-packages/airflow/example_dags/example_latest_only_with_trigger.py took 0.068 seconds
[2024-03-08T14:28:39.596+0530] {processor.py:161} INFO - Started process (PID=16987) to work on /Users/anikbhowmick/Python/Big_Data_Assignment/A02/airflow_env/lib/python3.11/site-packages/airflow/example_dags/example_latest_only_with_trigger.py
[2024-03-08T14:28:39.597+0530] {processor.py:830} INFO - Processing file /Users/anikbhowmick/Python/Big_Data_Assignment/A02/airflow_env/lib/python3.11/site-packages/airflow/example_dags/example_latest_only_with_trigger.py for tasks to queue
[2024-03-08T14:28:39.597+0530] {logging_mixin.py:188} INFO - [2024-03-08T14:28:39.597+0530] {dagbag.py:540} INFO - Filling up the DagBag from /Users/anikbhowmick/Python/Big_Data_Assignment/A02/airflow_env/lib/python3.11/site-packages/airflow/example_dags/example_latest_only_with_trigger.py
[2024-03-08T14:28:39.621+0530] {processor.py:840} INFO - DAG(s) 'latest_only_with_trigger' retrieved from /Users/anikbhowmick/Python/Big_Data_Assignment/A02/airflow_env/lib/python3.11/site-packages/airflow/example_dags/example_latest_only_with_trigger.py
[2024-03-08T14:28:39.650+0530] {logging_mixin.py:188} INFO - [2024-03-08T14:28:39.650+0530] {dag.py:3047} INFO - Sync 1 DAGs
[2024-03-08T14:28:39.655+0530] {logging_mixin.py:188} INFO - [2024-03-08T14:28:39.655+0530] {dag.py:3834} INFO - Setting next_dagrun for latest_only_with_trigger to 2024-03-08 04:00:00+00:00, run_after=2024-03-08 08:00:00+00:00
[2024-03-08T14:28:39.661+0530] {processor.py:183} INFO - Processing /Users/anikbhowmick/Python/Big_Data_Assignment/A02/airflow_env/lib/python3.11/site-packages/airflow/example_dags/example_latest_only_with_trigger.py took 0.066 seconds
[2024-03-08T14:30:26.096+0530] {processor.py:161} INFO - Started process (PID=17061) to work on /Users/anikbhowmick/Python/Big_Data_Assignment/A02/airflow_env/lib/python3.11/site-packages/airflow/example_dags/example_latest_only_with_trigger.py
[2024-03-08T14:30:26.097+0530] {processor.py:830} INFO - Processing file /Users/anikbhowmick/Python/Big_Data_Assignment/A02/airflow_env/lib/python3.11/site-packages/airflow/example_dags/example_latest_only_with_trigger.py for tasks to queue
[2024-03-08T14:30:26.097+0530] {logging_mixin.py:188} INFO - [2024-03-08T14:30:26.097+0530] {dagbag.py:540} INFO - Filling up the DagBag from /Users/anikbhowmick/Python/Big_Data_Assignment/A02/airflow_env/lib/python3.11/site-packages/airflow/example_dags/example_latest_only_with_trigger.py
[2024-03-08T14:30:26.121+0530] {processor.py:840} INFO - DAG(s) 'latest_only_with_trigger' retrieved from /Users/anikbhowmick/Python/Big_Data_Assignment/A02/airflow_env/lib/python3.11/site-packages/airflow/example_dags/example_latest_only_with_trigger.py
[2024-03-08T14:30:26.150+0530] {logging_mixin.py:188} INFO - [2024-03-08T14:30:26.150+0530] {dag.py:3047} INFO - Sync 1 DAGs
[2024-03-08T14:30:26.156+0530] {logging_mixin.py:188} INFO - [2024-03-08T14:30:26.156+0530] {dag.py:3834} INFO - Setting next_dagrun for latest_only_with_trigger to 2024-03-08 04:00:00+00:00, run_after=2024-03-08 08:00:00+00:00
[2024-03-08T14:30:26.162+0530] {processor.py:183} INFO - Processing /Users/anikbhowmick/Python/Big_Data_Assignment/A02/airflow_env/lib/python3.11/site-packages/airflow/example_dags/example_latest_only_with_trigger.py took 0.066 seconds
[2024-03-08T14:34:08.764+0530] {processor.py:161} INFO - Started process (PID=17308) to work on /Users/anikbhowmick/Python/Big_Data_Assignment/A02/airflow_env/lib/python3.11/site-packages/airflow/example_dags/example_latest_only_with_trigger.py
[2024-03-08T14:34:08.765+0530] {processor.py:830} INFO - Processing file /Users/anikbhowmick/Python/Big_Data_Assignment/A02/airflow_env/lib/python3.11/site-packages/airflow/example_dags/example_latest_only_with_trigger.py for tasks to queue
[2024-03-08T14:34:08.766+0530] {logging_mixin.py:188} INFO - [2024-03-08T14:34:08.766+0530] {dagbag.py:540} INFO - Filling up the DagBag from /Users/anikbhowmick/Python/Big_Data_Assignment/A02/airflow_env/lib/python3.11/site-packages/airflow/example_dags/example_latest_only_with_trigger.py
[2024-03-08T14:34:08.790+0530] {processor.py:840} INFO - DAG(s) 'latest_only_with_trigger' retrieved from /Users/anikbhowmick/Python/Big_Data_Assignment/A02/airflow_env/lib/python3.11/site-packages/airflow/example_dags/example_latest_only_with_trigger.py
[2024-03-08T14:34:08.818+0530] {logging_mixin.py:188} INFO - [2024-03-08T14:34:08.818+0530] {dag.py:3047} INFO - Sync 1 DAGs
[2024-03-08T14:34:08.824+0530] {logging_mixin.py:188} INFO - [2024-03-08T14:34:08.824+0530] {dag.py:3834} INFO - Setting next_dagrun for latest_only_with_trigger to 2024-03-08 04:00:00+00:00, run_after=2024-03-08 08:00:00+00:00
[2024-03-08T14:34:08.830+0530] {processor.py:183} INFO - Processing /Users/anikbhowmick/Python/Big_Data_Assignment/A02/airflow_env/lib/python3.11/site-packages/airflow/example_dags/example_latest_only_with_trigger.py took 0.066 seconds
[2024-03-08T14:36:00.813+0530] {processor.py:161} INFO - Started process (PID=17391) to work on /Users/anikbhowmick/Python/Big_Data_Assignment/A02/airflow_env/lib/python3.11/site-packages/airflow/example_dags/example_latest_only_with_trigger.py
[2024-03-08T14:36:00.814+0530] {processor.py:830} INFO - Processing file /Users/anikbhowmick/Python/Big_Data_Assignment/A02/airflow_env/lib/python3.11/site-packages/airflow/example_dags/example_latest_only_with_trigger.py for tasks to queue
[2024-03-08T14:36:00.815+0530] {logging_mixin.py:188} INFO - [2024-03-08T14:36:00.814+0530] {dagbag.py:540} INFO - Filling up the DagBag from /Users/anikbhowmick/Python/Big_Data_Assignment/A02/airflow_env/lib/python3.11/site-packages/airflow/example_dags/example_latest_only_with_trigger.py
[2024-03-08T14:36:00.839+0530] {processor.py:840} INFO - DAG(s) 'latest_only_with_trigger' retrieved from /Users/anikbhowmick/Python/Big_Data_Assignment/A02/airflow_env/lib/python3.11/site-packages/airflow/example_dags/example_latest_only_with_trigger.py
[2024-03-08T14:36:00.867+0530] {logging_mixin.py:188} INFO - [2024-03-08T14:36:00.867+0530] {dag.py:3047} INFO - Sync 1 DAGs
[2024-03-08T14:36:00.873+0530] {logging_mixin.py:188} INFO - [2024-03-08T14:36:00.873+0530] {dag.py:3834} INFO - Setting next_dagrun for latest_only_with_trigger to 2024-03-08 04:00:00+00:00, run_after=2024-03-08 08:00:00+00:00
[2024-03-08T14:36:00.878+0530] {processor.py:183} INFO - Processing /Users/anikbhowmick/Python/Big_Data_Assignment/A02/airflow_env/lib/python3.11/site-packages/airflow/example_dags/example_latest_only_with_trigger.py took 0.066 seconds
[2024-03-08T14:37:51.655+0530] {processor.py:161} INFO - Started process (PID=17462) to work on /Users/anikbhowmick/Python/Big_Data_Assignment/A02/airflow_env/lib/python3.11/site-packages/airflow/example_dags/example_latest_only_with_trigger.py
[2024-03-08T14:37:51.655+0530] {processor.py:830} INFO - Processing file /Users/anikbhowmick/Python/Big_Data_Assignment/A02/airflow_env/lib/python3.11/site-packages/airflow/example_dags/example_latest_only_with_trigger.py for tasks to queue
[2024-03-08T14:37:51.656+0530] {logging_mixin.py:188} INFO - [2024-03-08T14:37:51.655+0530] {dagbag.py:540} INFO - Filling up the DagBag from /Users/anikbhowmick/Python/Big_Data_Assignment/A02/airflow_env/lib/python3.11/site-packages/airflow/example_dags/example_latest_only_with_trigger.py
[2024-03-08T14:37:51.679+0530] {processor.py:840} INFO - DAG(s) 'latest_only_with_trigger' retrieved from /Users/anikbhowmick/Python/Big_Data_Assignment/A02/airflow_env/lib/python3.11/site-packages/airflow/example_dags/example_latest_only_with_trigger.py
[2024-03-08T14:37:51.708+0530] {logging_mixin.py:188} INFO - [2024-03-08T14:37:51.708+0530] {dag.py:3047} INFO - Sync 1 DAGs
[2024-03-08T14:37:51.713+0530] {logging_mixin.py:188} INFO - [2024-03-08T14:37:51.713+0530] {dag.py:3834} INFO - Setting next_dagrun for latest_only_with_trigger to 2024-03-08 04:00:00+00:00, run_after=2024-03-08 08:00:00+00:00
[2024-03-08T14:37:51.719+0530] {processor.py:183} INFO - Processing /Users/anikbhowmick/Python/Big_Data_Assignment/A02/airflow_env/lib/python3.11/site-packages/airflow/example_dags/example_latest_only_with_trigger.py took 0.064 seconds
[2024-03-08T14:39:34.667+0530] {processor.py:161} INFO - Started process (PID=17530) to work on /Users/anikbhowmick/Python/Big_Data_Assignment/A02/airflow_env/lib/python3.11/site-packages/airflow/example_dags/example_latest_only_with_trigger.py
[2024-03-08T14:39:34.667+0530] {processor.py:830} INFO - Processing file /Users/anikbhowmick/Python/Big_Data_Assignment/A02/airflow_env/lib/python3.11/site-packages/airflow/example_dags/example_latest_only_with_trigger.py for tasks to queue
[2024-03-08T14:39:34.667+0530] {logging_mixin.py:188} INFO - [2024-03-08T14:39:34.667+0530] {dagbag.py:540} INFO - Filling up the DagBag from /Users/anikbhowmick/Python/Big_Data_Assignment/A02/airflow_env/lib/python3.11/site-packages/airflow/example_dags/example_latest_only_with_trigger.py
[2024-03-08T14:39:34.690+0530] {processor.py:840} INFO - DAG(s) 'latest_only_with_trigger' retrieved from /Users/anikbhowmick/Python/Big_Data_Assignment/A02/airflow_env/lib/python3.11/site-packages/airflow/example_dags/example_latest_only_with_trigger.py
[2024-03-08T14:39:34.719+0530] {logging_mixin.py:188} INFO - [2024-03-08T14:39:34.719+0530] {dag.py:3047} INFO - Sync 1 DAGs
[2024-03-08T14:39:34.724+0530] {logging_mixin.py:188} INFO - [2024-03-08T14:39:34.724+0530] {dag.py:3834} INFO - Setting next_dagrun for latest_only_with_trigger to 2024-03-08 04:00:00+00:00, run_after=2024-03-08 08:00:00+00:00
[2024-03-08T14:39:34.730+0530] {processor.py:183} INFO - Processing /Users/anikbhowmick/Python/Big_Data_Assignment/A02/airflow_env/lib/python3.11/site-packages/airflow/example_dags/example_latest_only_with_trigger.py took 0.064 seconds
[2024-03-08T14:41:20.233+0530] {processor.py:161} INFO - Started process (PID=17599) to work on /Users/anikbhowmick/Python/Big_Data_Assignment/A02/airflow_env/lib/python3.11/site-packages/airflow/example_dags/example_latest_only_with_trigger.py
[2024-03-08T14:41:20.234+0530] {processor.py:830} INFO - Processing file /Users/anikbhowmick/Python/Big_Data_Assignment/A02/airflow_env/lib/python3.11/site-packages/airflow/example_dags/example_latest_only_with_trigger.py for tasks to queue
[2024-03-08T14:41:20.235+0530] {logging_mixin.py:188} INFO - [2024-03-08T14:41:20.235+0530] {dagbag.py:540} INFO - Filling up the DagBag from /Users/anikbhowmick/Python/Big_Data_Assignment/A02/airflow_env/lib/python3.11/site-packages/airflow/example_dags/example_latest_only_with_trigger.py
[2024-03-08T14:41:20.259+0530] {processor.py:840} INFO - DAG(s) 'latest_only_with_trigger' retrieved from /Users/anikbhowmick/Python/Big_Data_Assignment/A02/airflow_env/lib/python3.11/site-packages/airflow/example_dags/example_latest_only_with_trigger.py
[2024-03-08T14:41:20.287+0530] {logging_mixin.py:188} INFO - [2024-03-08T14:41:20.287+0530] {dag.py:3047} INFO - Sync 1 DAGs
[2024-03-08T14:41:20.293+0530] {logging_mixin.py:188} INFO - [2024-03-08T14:41:20.293+0530] {dag.py:3834} INFO - Setting next_dagrun for latest_only_with_trigger to 2024-03-08 04:00:00+00:00, run_after=2024-03-08 08:00:00+00:00
[2024-03-08T14:41:20.298+0530] {processor.py:183} INFO - Processing /Users/anikbhowmick/Python/Big_Data_Assignment/A02/airflow_env/lib/python3.11/site-packages/airflow/example_dags/example_latest_only_with_trigger.py took 0.066 seconds
[2024-03-08T14:43:06.870+0530] {processor.py:161} INFO - Started process (PID=17667) to work on /Users/anikbhowmick/Python/Big_Data_Assignment/A02/airflow_env/lib/python3.11/site-packages/airflow/example_dags/example_latest_only_with_trigger.py
[2024-03-08T14:43:06.871+0530] {processor.py:830} INFO - Processing file /Users/anikbhowmick/Python/Big_Data_Assignment/A02/airflow_env/lib/python3.11/site-packages/airflow/example_dags/example_latest_only_with_trigger.py for tasks to queue
[2024-03-08T14:43:06.871+0530] {logging_mixin.py:188} INFO - [2024-03-08T14:43:06.871+0530] {dagbag.py:540} INFO - Filling up the DagBag from /Users/anikbhowmick/Python/Big_Data_Assignment/A02/airflow_env/lib/python3.11/site-packages/airflow/example_dags/example_latest_only_with_trigger.py
[2024-03-08T14:43:06.894+0530] {processor.py:840} INFO - DAG(s) 'latest_only_with_trigger' retrieved from /Users/anikbhowmick/Python/Big_Data_Assignment/A02/airflow_env/lib/python3.11/site-packages/airflow/example_dags/example_latest_only_with_trigger.py
[2024-03-08T14:43:06.923+0530] {logging_mixin.py:188} INFO - [2024-03-08T14:43:06.923+0530] {dag.py:3047} INFO - Sync 1 DAGs
[2024-03-08T14:43:06.929+0530] {logging_mixin.py:188} INFO - [2024-03-08T14:43:06.929+0530] {dag.py:3834} INFO - Setting next_dagrun for latest_only_with_trigger to 2024-03-08 04:00:00+00:00, run_after=2024-03-08 08:00:00+00:00
[2024-03-08T14:43:06.935+0530] {processor.py:183} INFO - Processing /Users/anikbhowmick/Python/Big_Data_Assignment/A02/airflow_env/lib/python3.11/site-packages/airflow/example_dags/example_latest_only_with_trigger.py took 0.065 seconds
[2024-03-08T14:53:18.542+0530] {processor.py:161} INFO - Started process (PID=18015) to work on /Users/anikbhowmick/Python/Big_Data_Assignment/A02/airflow_env/lib/python3.11/site-packages/airflow/example_dags/example_latest_only_with_trigger.py
[2024-03-08T14:53:18.542+0530] {processor.py:830} INFO - Processing file /Users/anikbhowmick/Python/Big_Data_Assignment/A02/airflow_env/lib/python3.11/site-packages/airflow/example_dags/example_latest_only_with_trigger.py for tasks to queue
[2024-03-08T14:53:18.542+0530] {logging_mixin.py:188} INFO - [2024-03-08T14:53:18.542+0530] {dagbag.py:540} INFO - Filling up the DagBag from /Users/anikbhowmick/Python/Big_Data_Assignment/A02/airflow_env/lib/python3.11/site-packages/airflow/example_dags/example_latest_only_with_trigger.py
[2024-03-08T14:53:18.568+0530] {processor.py:840} INFO - DAG(s) 'latest_only_with_trigger' retrieved from /Users/anikbhowmick/Python/Big_Data_Assignment/A02/airflow_env/lib/python3.11/site-packages/airflow/example_dags/example_latest_only_with_trigger.py
[2024-03-08T14:53:18.599+0530] {logging_mixin.py:188} INFO - [2024-03-08T14:53:18.599+0530] {dag.py:3047} INFO - Sync 1 DAGs
[2024-03-08T14:53:18.605+0530] {logging_mixin.py:188} INFO - [2024-03-08T14:53:18.605+0530] {dag.py:3834} INFO - Setting next_dagrun for latest_only_with_trigger to 2024-03-08 04:00:00+00:00, run_after=2024-03-08 08:00:00+00:00
[2024-03-08T14:53:18.612+0530] {processor.py:183} INFO - Processing /Users/anikbhowmick/Python/Big_Data_Assignment/A02/airflow_env/lib/python3.11/site-packages/airflow/example_dags/example_latest_only_with_trigger.py took 0.071 seconds
[2024-03-08T14:55:06.615+0530] {processor.py:161} INFO - Started process (PID=18180) to work on /Users/anikbhowmick/Python/Big_Data_Assignment/A02/airflow_env/lib/python3.11/site-packages/airflow/example_dags/example_latest_only_with_trigger.py
[2024-03-08T14:55:06.615+0530] {processor.py:830} INFO - Processing file /Users/anikbhowmick/Python/Big_Data_Assignment/A02/airflow_env/lib/python3.11/site-packages/airflow/example_dags/example_latest_only_with_trigger.py for tasks to queue
[2024-03-08T14:55:06.616+0530] {logging_mixin.py:188} INFO - [2024-03-08T14:55:06.615+0530] {dagbag.py:540} INFO - Filling up the DagBag from /Users/anikbhowmick/Python/Big_Data_Assignment/A02/airflow_env/lib/python3.11/site-packages/airflow/example_dags/example_latest_only_with_trigger.py
[2024-03-08T14:55:06.640+0530] {processor.py:840} INFO - DAG(s) 'latest_only_with_trigger' retrieved from /Users/anikbhowmick/Python/Big_Data_Assignment/A02/airflow_env/lib/python3.11/site-packages/airflow/example_dags/example_latest_only_with_trigger.py
[2024-03-08T14:55:06.668+0530] {logging_mixin.py:188} INFO - [2024-03-08T14:55:06.668+0530] {dag.py:3047} INFO - Sync 1 DAGs
[2024-03-08T14:55:06.674+0530] {logging_mixin.py:188} INFO - [2024-03-08T14:55:06.674+0530] {dag.py:3834} INFO - Setting next_dagrun for latest_only_with_trigger to 2024-03-08 04:00:00+00:00, run_after=2024-03-08 08:00:00+00:00
[2024-03-08T14:55:06.680+0530] {processor.py:183} INFO - Processing /Users/anikbhowmick/Python/Big_Data_Assignment/A02/airflow_env/lib/python3.11/site-packages/airflow/example_dags/example_latest_only_with_trigger.py took 0.065 seconds
[2024-03-08T14:56:49.621+0530] {processor.py:161} INFO - Started process (PID=18248) to work on /Users/anikbhowmick/Python/Big_Data_Assignment/A02/airflow_env/lib/python3.11/site-packages/airflow/example_dags/example_latest_only_with_trigger.py
[2024-03-08T14:56:49.622+0530] {processor.py:830} INFO - Processing file /Users/anikbhowmick/Python/Big_Data_Assignment/A02/airflow_env/lib/python3.11/site-packages/airflow/example_dags/example_latest_only_with_trigger.py for tasks to queue
[2024-03-08T14:56:49.622+0530] {logging_mixin.py:188} INFO - [2024-03-08T14:56:49.622+0530] {dagbag.py:540} INFO - Filling up the DagBag from /Users/anikbhowmick/Python/Big_Data_Assignment/A02/airflow_env/lib/python3.11/site-packages/airflow/example_dags/example_latest_only_with_trigger.py
[2024-03-08T14:56:49.647+0530] {processor.py:840} INFO - DAG(s) 'latest_only_with_trigger' retrieved from /Users/anikbhowmick/Python/Big_Data_Assignment/A02/airflow_env/lib/python3.11/site-packages/airflow/example_dags/example_latest_only_with_trigger.py
[2024-03-08T14:56:49.676+0530] {logging_mixin.py:188} INFO - [2024-03-08T14:56:49.676+0530] {dag.py:3047} INFO - Sync 1 DAGs
[2024-03-08T14:56:49.682+0530] {logging_mixin.py:188} INFO - [2024-03-08T14:56:49.682+0530] {dag.py:3834} INFO - Setting next_dagrun for latest_only_with_trigger to 2024-03-08 04:00:00+00:00, run_after=2024-03-08 08:00:00+00:00
[2024-03-08T14:56:49.688+0530] {processor.py:183} INFO - Processing /Users/anikbhowmick/Python/Big_Data_Assignment/A02/airflow_env/lib/python3.11/site-packages/airflow/example_dags/example_latest_only_with_trigger.py took 0.067 seconds
[2024-03-08T14:58:41.733+0530] {processor.py:161} INFO - Started process (PID=18319) to work on /Users/anikbhowmick/Python/Big_Data_Assignment/A02/airflow_env/lib/python3.11/site-packages/airflow/example_dags/example_latest_only_with_trigger.py
[2024-03-08T14:58:41.734+0530] {processor.py:830} INFO - Processing file /Users/anikbhowmick/Python/Big_Data_Assignment/A02/airflow_env/lib/python3.11/site-packages/airflow/example_dags/example_latest_only_with_trigger.py for tasks to queue
[2024-03-08T14:58:41.735+0530] {logging_mixin.py:188} INFO - [2024-03-08T14:58:41.735+0530] {dagbag.py:540} INFO - Filling up the DagBag from /Users/anikbhowmick/Python/Big_Data_Assignment/A02/airflow_env/lib/python3.11/site-packages/airflow/example_dags/example_latest_only_with_trigger.py
[2024-03-08T14:58:41.759+0530] {processor.py:840} INFO - DAG(s) 'latest_only_with_trigger' retrieved from /Users/anikbhowmick/Python/Big_Data_Assignment/A02/airflow_env/lib/python3.11/site-packages/airflow/example_dags/example_latest_only_with_trigger.py
[2024-03-08T14:58:41.787+0530] {logging_mixin.py:188} INFO - [2024-03-08T14:58:41.787+0530] {dag.py:3047} INFO - Sync 1 DAGs
[2024-03-08T14:58:41.793+0530] {logging_mixin.py:188} INFO - [2024-03-08T14:58:41.793+0530] {dag.py:3834} INFO - Setting next_dagrun for latest_only_with_trigger to 2024-03-08 04:00:00+00:00, run_after=2024-03-08 08:00:00+00:00
[2024-03-08T14:58:41.799+0530] {processor.py:183} INFO - Processing /Users/anikbhowmick/Python/Big_Data_Assignment/A02/airflow_env/lib/python3.11/site-packages/airflow/example_dags/example_latest_only_with_trigger.py took 0.066 seconds
[2024-03-08T15:00:39.126+0530] {processor.py:161} INFO - Started process (PID=18393) to work on /Users/anikbhowmick/Python/Big_Data_Assignment/A02/airflow_env/lib/python3.11/site-packages/airflow/example_dags/example_latest_only_with_trigger.py
[2024-03-08T15:00:39.128+0530] {processor.py:830} INFO - Processing file /Users/anikbhowmick/Python/Big_Data_Assignment/A02/airflow_env/lib/python3.11/site-packages/airflow/example_dags/example_latest_only_with_trigger.py for tasks to queue
[2024-03-08T15:00:39.128+0530] {logging_mixin.py:188} INFO - [2024-03-08T15:00:39.128+0530] {dagbag.py:540} INFO - Filling up the DagBag from /Users/anikbhowmick/Python/Big_Data_Assignment/A02/airflow_env/lib/python3.11/site-packages/airflow/example_dags/example_latest_only_with_trigger.py
[2024-03-08T15:00:39.152+0530] {processor.py:840} INFO - DAG(s) 'latest_only_with_trigger' retrieved from /Users/anikbhowmick/Python/Big_Data_Assignment/A02/airflow_env/lib/python3.11/site-packages/airflow/example_dags/example_latest_only_with_trigger.py
[2024-03-08T15:00:39.181+0530] {logging_mixin.py:188} INFO - [2024-03-08T15:00:39.181+0530] {dag.py:3047} INFO - Sync 1 DAGs
[2024-03-08T15:00:39.186+0530] {logging_mixin.py:188} INFO - [2024-03-08T15:00:39.186+0530] {dag.py:3834} INFO - Setting next_dagrun for latest_only_with_trigger to 2024-03-08 04:00:00+00:00, run_after=2024-03-08 08:00:00+00:00
[2024-03-08T15:00:39.192+0530] {processor.py:183} INFO - Processing /Users/anikbhowmick/Python/Big_Data_Assignment/A02/airflow_env/lib/python3.11/site-packages/airflow/example_dags/example_latest_only_with_trigger.py took 0.066 seconds
[2024-03-08T15:02:34.537+0530] {processor.py:161} INFO - Started process (PID=18470) to work on /Users/anikbhowmick/Python/Big_Data_Assignment/A02/airflow_env/lib/python3.11/site-packages/airflow/example_dags/example_latest_only_with_trigger.py
[2024-03-08T15:02:34.538+0530] {processor.py:830} INFO - Processing file /Users/anikbhowmick/Python/Big_Data_Assignment/A02/airflow_env/lib/python3.11/site-packages/airflow/example_dags/example_latest_only_with_trigger.py for tasks to queue
[2024-03-08T15:02:34.539+0530] {logging_mixin.py:188} INFO - [2024-03-08T15:02:34.538+0530] {dagbag.py:540} INFO - Filling up the DagBag from /Users/anikbhowmick/Python/Big_Data_Assignment/A02/airflow_env/lib/python3.11/site-packages/airflow/example_dags/example_latest_only_with_trigger.py
[2024-03-08T15:02:34.562+0530] {processor.py:840} INFO - DAG(s) 'latest_only_with_trigger' retrieved from /Users/anikbhowmick/Python/Big_Data_Assignment/A02/airflow_env/lib/python3.11/site-packages/airflow/example_dags/example_latest_only_with_trigger.py
[2024-03-08T15:02:34.591+0530] {logging_mixin.py:188} INFO - [2024-03-08T15:02:34.591+0530] {dag.py:3047} INFO - Sync 1 DAGs
[2024-03-08T15:02:34.597+0530] {logging_mixin.py:188} INFO - [2024-03-08T15:02:34.597+0530] {dag.py:3834} INFO - Setting next_dagrun for latest_only_with_trigger to 2024-03-08 04:00:00+00:00, run_after=2024-03-08 08:00:00+00:00
[2024-03-08T15:02:34.603+0530] {processor.py:183} INFO - Processing /Users/anikbhowmick/Python/Big_Data_Assignment/A02/airflow_env/lib/python3.11/site-packages/airflow/example_dags/example_latest_only_with_trigger.py took 0.066 seconds
[2024-03-08T15:04:17.243+0530] {processor.py:161} INFO - Started process (PID=18540) to work on /Users/anikbhowmick/Python/Big_Data_Assignment/A02/airflow_env/lib/python3.11/site-packages/airflow/example_dags/example_latest_only_with_trigger.py
[2024-03-08T15:04:17.244+0530] {processor.py:830} INFO - Processing file /Users/anikbhowmick/Python/Big_Data_Assignment/A02/airflow_env/lib/python3.11/site-packages/airflow/example_dags/example_latest_only_with_trigger.py for tasks to queue
[2024-03-08T15:04:17.244+0530] {logging_mixin.py:188} INFO - [2024-03-08T15:04:17.244+0530] {dagbag.py:540} INFO - Filling up the DagBag from /Users/anikbhowmick/Python/Big_Data_Assignment/A02/airflow_env/lib/python3.11/site-packages/airflow/example_dags/example_latest_only_with_trigger.py
[2024-03-08T15:04:17.268+0530] {processor.py:840} INFO - DAG(s) 'latest_only_with_trigger' retrieved from /Users/anikbhowmick/Python/Big_Data_Assignment/A02/airflow_env/lib/python3.11/site-packages/airflow/example_dags/example_latest_only_with_trigger.py
[2024-03-08T15:04:17.297+0530] {logging_mixin.py:188} INFO - [2024-03-08T15:04:17.296+0530] {dag.py:3047} INFO - Sync 1 DAGs
[2024-03-08T15:04:17.302+0530] {logging_mixin.py:188} INFO - [2024-03-08T15:04:17.302+0530] {dag.py:3834} INFO - Setting next_dagrun for latest_only_with_trigger to 2024-03-08 04:00:00+00:00, run_after=2024-03-08 08:00:00+00:00
[2024-03-08T15:04:17.308+0530] {processor.py:183} INFO - Processing /Users/anikbhowmick/Python/Big_Data_Assignment/A02/airflow_env/lib/python3.11/site-packages/airflow/example_dags/example_latest_only_with_trigger.py took 0.066 seconds
[2024-03-08T15:06:07.964+0530] {processor.py:161} INFO - Started process (PID=18611) to work on /Users/anikbhowmick/Python/Big_Data_Assignment/A02/airflow_env/lib/python3.11/site-packages/airflow/example_dags/example_latest_only_with_trigger.py
[2024-03-08T15:06:07.965+0530] {processor.py:830} INFO - Processing file /Users/anikbhowmick/Python/Big_Data_Assignment/A02/airflow_env/lib/python3.11/site-packages/airflow/example_dags/example_latest_only_with_trigger.py for tasks to queue
[2024-03-08T15:06:07.965+0530] {logging_mixin.py:188} INFO - [2024-03-08T15:06:07.965+0530] {dagbag.py:540} INFO - Filling up the DagBag from /Users/anikbhowmick/Python/Big_Data_Assignment/A02/airflow_env/lib/python3.11/site-packages/airflow/example_dags/example_latest_only_with_trigger.py
[2024-03-08T15:06:07.989+0530] {processor.py:840} INFO - DAG(s) 'latest_only_with_trigger' retrieved from /Users/anikbhowmick/Python/Big_Data_Assignment/A02/airflow_env/lib/python3.11/site-packages/airflow/example_dags/example_latest_only_with_trigger.py
[2024-03-08T15:06:08.018+0530] {logging_mixin.py:188} INFO - [2024-03-08T15:06:08.018+0530] {dag.py:3047} INFO - Sync 1 DAGs
[2024-03-08T15:06:08.024+0530] {logging_mixin.py:188} INFO - [2024-03-08T15:06:08.024+0530] {dag.py:3834} INFO - Setting next_dagrun for latest_only_with_trigger to 2024-03-08 04:00:00+00:00, run_after=2024-03-08 08:00:00+00:00
[2024-03-08T15:06:08.030+0530] {processor.py:183} INFO - Processing /Users/anikbhowmick/Python/Big_Data_Assignment/A02/airflow_env/lib/python3.11/site-packages/airflow/example_dags/example_latest_only_with_trigger.py took 0.066 seconds
[2024-03-08T16:49:33.982+0530] {processor.py:161} INFO - Started process (PID=1257) to work on /Users/anikbhowmick/Python/Big_Data_Assignment/A02/airflow_env/lib/python3.11/site-packages/airflow/example_dags/example_latest_only_with_trigger.py
[2024-03-08T16:49:33.984+0530] {processor.py:830} INFO - Processing file /Users/anikbhowmick/Python/Big_Data_Assignment/A02/airflow_env/lib/python3.11/site-packages/airflow/example_dags/example_latest_only_with_trigger.py for tasks to queue
[2024-03-08T16:49:33.984+0530] {logging_mixin.py:188} INFO - [2024-03-08T16:49:33.984+0530] {dagbag.py:540} INFO - Filling up the DagBag from /Users/anikbhowmick/Python/Big_Data_Assignment/A02/airflow_env/lib/python3.11/site-packages/airflow/example_dags/example_latest_only_with_trigger.py
[2024-03-08T16:49:34.007+0530] {processor.py:840} INFO - DAG(s) 'latest_only_with_trigger' retrieved from /Users/anikbhowmick/Python/Big_Data_Assignment/A02/airflow_env/lib/python3.11/site-packages/airflow/example_dags/example_latest_only_with_trigger.py
[2024-03-08T16:49:34.036+0530] {logging_mixin.py:188} INFO - [2024-03-08T16:49:34.035+0530] {dag.py:3047} INFO - Sync 1 DAGs
[2024-03-08T16:49:34.041+0530] {logging_mixin.py:188} INFO - [2024-03-08T16:49:34.041+0530] {dag.py:3834} INFO - Setting next_dagrun for latest_only_with_trigger to 2024-03-08 04:00:00+00:00, run_after=2024-03-08 08:00:00+00:00
[2024-03-08T16:49:34.047+0530] {processor.py:183} INFO - Processing /Users/anikbhowmick/Python/Big_Data_Assignment/A02/airflow_env/lib/python3.11/site-packages/airflow/example_dags/example_latest_only_with_trigger.py took 0.065 seconds
[2024-03-08T16:53:53.754+0530] {processor.py:161} INFO - Started process (PID=1574) to work on /Users/anikbhowmick/Python/Big_Data_Assignment/A02/airflow_env/lib/python3.11/site-packages/airflow/example_dags/example_latest_only_with_trigger.py
[2024-03-08T16:53:53.755+0530] {processor.py:830} INFO - Processing file /Users/anikbhowmick/Python/Big_Data_Assignment/A02/airflow_env/lib/python3.11/site-packages/airflow/example_dags/example_latest_only_with_trigger.py for tasks to queue
[2024-03-08T16:53:53.756+0530] {logging_mixin.py:188} INFO - [2024-03-08T16:53:53.755+0530] {dagbag.py:540} INFO - Filling up the DagBag from /Users/anikbhowmick/Python/Big_Data_Assignment/A02/airflow_env/lib/python3.11/site-packages/airflow/example_dags/example_latest_only_with_trigger.py
[2024-03-08T16:53:53.779+0530] {processor.py:840} INFO - DAG(s) 'latest_only_with_trigger' retrieved from /Users/anikbhowmick/Python/Big_Data_Assignment/A02/airflow_env/lib/python3.11/site-packages/airflow/example_dags/example_latest_only_with_trigger.py
[2024-03-08T16:53:53.809+0530] {logging_mixin.py:188} INFO - [2024-03-08T16:53:53.809+0530] {dag.py:3047} INFO - Sync 1 DAGs
[2024-03-08T16:53:53.815+0530] {logging_mixin.py:188} INFO - [2024-03-08T16:53:53.815+0530] {dag.py:3834} INFO - Setting next_dagrun for latest_only_with_trigger to 2024-03-08 04:00:00+00:00, run_after=2024-03-08 08:00:00+00:00
[2024-03-08T16:53:53.821+0530] {processor.py:183} INFO - Processing /Users/anikbhowmick/Python/Big_Data_Assignment/A02/airflow_env/lib/python3.11/site-packages/airflow/example_dags/example_latest_only_with_trigger.py took 0.067 seconds
[2024-03-08T16:55:50.884+0530] {processor.py:161} INFO - Started process (PID=1658) to work on /Users/anikbhowmick/Python/Big_Data_Assignment/A02/airflow_env/lib/python3.11/site-packages/airflow/example_dags/example_latest_only_with_trigger.py
[2024-03-08T16:55:50.885+0530] {processor.py:830} INFO - Processing file /Users/anikbhowmick/Python/Big_Data_Assignment/A02/airflow_env/lib/python3.11/site-packages/airflow/example_dags/example_latest_only_with_trigger.py for tasks to queue
[2024-03-08T16:55:50.885+0530] {logging_mixin.py:188} INFO - [2024-03-08T16:55:50.885+0530] {dagbag.py:540} INFO - Filling up the DagBag from /Users/anikbhowmick/Python/Big_Data_Assignment/A02/airflow_env/lib/python3.11/site-packages/airflow/example_dags/example_latest_only_with_trigger.py
[2024-03-08T16:55:50.909+0530] {processor.py:840} INFO - DAG(s) 'latest_only_with_trigger' retrieved from /Users/anikbhowmick/Python/Big_Data_Assignment/A02/airflow_env/lib/python3.11/site-packages/airflow/example_dags/example_latest_only_with_trigger.py
[2024-03-08T16:55:50.937+0530] {logging_mixin.py:188} INFO - [2024-03-08T16:55:50.937+0530] {dag.py:3047} INFO - Sync 1 DAGs
[2024-03-08T16:55:50.943+0530] {logging_mixin.py:188} INFO - [2024-03-08T16:55:50.943+0530] {dag.py:3834} INFO - Setting next_dagrun for latest_only_with_trigger to 2024-03-08 04:00:00+00:00, run_after=2024-03-08 08:00:00+00:00
[2024-03-08T16:55:50.949+0530] {processor.py:183} INFO - Processing /Users/anikbhowmick/Python/Big_Data_Assignment/A02/airflow_env/lib/python3.11/site-packages/airflow/example_dags/example_latest_only_with_trigger.py took 0.065 seconds
