[2024-03-08T12:17:07.186+0530] {processor.py:161} INFO - Started process (PID=11284) to work on /Users/anikbhowmick/Python/Big_Data_Assignment/A02/airflow_env/lib/python3.11/site-packages/airflow/example_dags/example_short_circuit_decorator.py
[2024-03-08T12:17:07.187+0530] {processor.py:830} INFO - Processing file /Users/anikbhowmick/Python/Big_Data_Assignment/A02/airflow_env/lib/python3.11/site-packages/airflow/example_dags/example_short_circuit_decorator.py for tasks to queue
[2024-03-08T12:17:07.187+0530] {logging_mixin.py:188} INFO - [2024-03-08T12:17:07.187+0530] {dagbag.py:540} INFO - Filling up the DagBag from /Users/anikbhowmick/Python/Big_Data_Assignment/A02/airflow_env/lib/python3.11/site-packages/airflow/example_dags/example_short_circuit_decorator.py
[2024-03-08T12:17:07.221+0530] {processor.py:840} INFO - DAG(s) 'example_short_circuit_decorator' retrieved from /Users/anikbhowmick/Python/Big_Data_Assignment/A02/airflow_env/lib/python3.11/site-packages/airflow/example_dags/example_short_circuit_decorator.py
[2024-03-08T12:17:07.250+0530] {logging_mixin.py:188} INFO - [2024-03-08T12:17:07.250+0530] {dag.py:3047} INFO - Sync 1 DAGs
[2024-03-08T12:17:07.255+0530] {logging_mixin.py:188} INFO - [2024-03-08T12:17:07.255+0530] {dag.py:3834} INFO - Setting next_dagrun for example_short_circuit_decorator to 2024-03-07 00:00:00+00:00, run_after=2024-03-08 00:00:00+00:00
[2024-03-08T12:17:07.262+0530] {processor.py:183} INFO - Processing /Users/anikbhowmick/Python/Big_Data_Assignment/A02/airflow_env/lib/python3.11/site-packages/airflow/example_dags/example_short_circuit_decorator.py took 0.075 seconds
[2024-03-08T12:18:34.119+0530] {processor.py:161} INFO - Started process (PID=11356) to work on /Users/anikbhowmick/Python/Big_Data_Assignment/A02/airflow_env/lib/python3.11/site-packages/airflow/example_dags/example_short_circuit_decorator.py
[2024-03-08T12:18:34.120+0530] {processor.py:830} INFO - Processing file /Users/anikbhowmick/Python/Big_Data_Assignment/A02/airflow_env/lib/python3.11/site-packages/airflow/example_dags/example_short_circuit_decorator.py for tasks to queue
[2024-03-08T12:18:34.120+0530] {logging_mixin.py:188} INFO - [2024-03-08T12:18:34.120+0530] {dagbag.py:540} INFO - Filling up the DagBag from /Users/anikbhowmick/Python/Big_Data_Assignment/A02/airflow_env/lib/python3.11/site-packages/airflow/example_dags/example_short_circuit_decorator.py
[2024-03-08T12:18:34.154+0530] {processor.py:840} INFO - DAG(s) 'example_short_circuit_decorator' retrieved from /Users/anikbhowmick/Python/Big_Data_Assignment/A02/airflow_env/lib/python3.11/site-packages/airflow/example_dags/example_short_circuit_decorator.py
[2024-03-08T12:18:34.183+0530] {logging_mixin.py:188} INFO - [2024-03-08T12:18:34.183+0530] {dag.py:3047} INFO - Sync 1 DAGs
[2024-03-08T12:18:34.189+0530] {logging_mixin.py:188} INFO - [2024-03-08T12:18:34.189+0530] {dag.py:3834} INFO - Setting next_dagrun for example_short_circuit_decorator to 2024-03-07 00:00:00+00:00, run_after=2024-03-08 00:00:00+00:00
[2024-03-08T12:18:34.195+0530] {processor.py:183} INFO - Processing /Users/anikbhowmick/Python/Big_Data_Assignment/A02/airflow_env/lib/python3.11/site-packages/airflow/example_dags/example_short_circuit_decorator.py took 0.076 seconds
[2024-03-08T12:20:26.315+0530] {processor.py:161} INFO - Started process (PID=11427) to work on /Users/anikbhowmick/Python/Big_Data_Assignment/A02/airflow_env/lib/python3.11/site-packages/airflow/example_dags/example_short_circuit_decorator.py
[2024-03-08T12:20:26.315+0530] {processor.py:830} INFO - Processing file /Users/anikbhowmick/Python/Big_Data_Assignment/A02/airflow_env/lib/python3.11/site-packages/airflow/example_dags/example_short_circuit_decorator.py for tasks to queue
[2024-03-08T12:20:26.315+0530] {logging_mixin.py:188} INFO - [2024-03-08T12:20:26.315+0530] {dagbag.py:540} INFO - Filling up the DagBag from /Users/anikbhowmick/Python/Big_Data_Assignment/A02/airflow_env/lib/python3.11/site-packages/airflow/example_dags/example_short_circuit_decorator.py
[2024-03-08T12:20:26.349+0530] {processor.py:840} INFO - DAG(s) 'example_short_circuit_decorator' retrieved from /Users/anikbhowmick/Python/Big_Data_Assignment/A02/airflow_env/lib/python3.11/site-packages/airflow/example_dags/example_short_circuit_decorator.py
[2024-03-08T12:20:26.378+0530] {logging_mixin.py:188} INFO - [2024-03-08T12:20:26.378+0530] {dag.py:3047} INFO - Sync 1 DAGs
[2024-03-08T12:20:26.383+0530] {logging_mixin.py:188} INFO - [2024-03-08T12:20:26.383+0530] {dag.py:3834} INFO - Setting next_dagrun for example_short_circuit_decorator to 2024-03-07 00:00:00+00:00, run_after=2024-03-08 00:00:00+00:00
[2024-03-08T12:20:26.389+0530] {processor.py:183} INFO - Processing /Users/anikbhowmick/Python/Big_Data_Assignment/A02/airflow_env/lib/python3.11/site-packages/airflow/example_dags/example_short_circuit_decorator.py took 0.075 seconds
[2024-03-08T12:22:15.108+0530] {processor.py:161} INFO - Started process (PID=11501) to work on /Users/anikbhowmick/Python/Big_Data_Assignment/A02/airflow_env/lib/python3.11/site-packages/airflow/example_dags/example_short_circuit_decorator.py
[2024-03-08T12:22:15.109+0530] {processor.py:830} INFO - Processing file /Users/anikbhowmick/Python/Big_Data_Assignment/A02/airflow_env/lib/python3.11/site-packages/airflow/example_dags/example_short_circuit_decorator.py for tasks to queue
[2024-03-08T12:22:15.109+0530] {logging_mixin.py:188} INFO - [2024-03-08T12:22:15.109+0530] {dagbag.py:540} INFO - Filling up the DagBag from /Users/anikbhowmick/Python/Big_Data_Assignment/A02/airflow_env/lib/python3.11/site-packages/airflow/example_dags/example_short_circuit_decorator.py
[2024-03-08T12:22:15.142+0530] {processor.py:840} INFO - DAG(s) 'example_short_circuit_decorator' retrieved from /Users/anikbhowmick/Python/Big_Data_Assignment/A02/airflow_env/lib/python3.11/site-packages/airflow/example_dags/example_short_circuit_decorator.py
[2024-03-08T12:22:15.171+0530] {logging_mixin.py:188} INFO - [2024-03-08T12:22:15.171+0530] {dag.py:3047} INFO - Sync 1 DAGs
[2024-03-08T12:22:15.176+0530] {logging_mixin.py:188} INFO - [2024-03-08T12:22:15.176+0530] {dag.py:3834} INFO - Setting next_dagrun for example_short_circuit_decorator to 2024-03-07 00:00:00+00:00, run_after=2024-03-08 00:00:00+00:00
[2024-03-08T12:22:15.183+0530] {processor.py:183} INFO - Processing /Users/anikbhowmick/Python/Big_Data_Assignment/A02/airflow_env/lib/python3.11/site-packages/airflow/example_dags/example_short_circuit_decorator.py took 0.075 seconds
[2024-03-08T12:24:04.653+0530] {processor.py:161} INFO - Started process (PID=11620) to work on /Users/anikbhowmick/Python/Big_Data_Assignment/A02/airflow_env/lib/python3.11/site-packages/airflow/example_dags/example_short_circuit_decorator.py
[2024-03-08T12:24:04.654+0530] {processor.py:830} INFO - Processing file /Users/anikbhowmick/Python/Big_Data_Assignment/A02/airflow_env/lib/python3.11/site-packages/airflow/example_dags/example_short_circuit_decorator.py for tasks to queue
[2024-03-08T12:24:04.654+0530] {logging_mixin.py:188} INFO - [2024-03-08T12:24:04.654+0530] {dagbag.py:540} INFO - Filling up the DagBag from /Users/anikbhowmick/Python/Big_Data_Assignment/A02/airflow_env/lib/python3.11/site-packages/airflow/example_dags/example_short_circuit_decorator.py
[2024-03-08T12:24:04.689+0530] {processor.py:840} INFO - DAG(s) 'example_short_circuit_decorator' retrieved from /Users/anikbhowmick/Python/Big_Data_Assignment/A02/airflow_env/lib/python3.11/site-packages/airflow/example_dags/example_short_circuit_decorator.py
[2024-03-08T12:24:04.718+0530] {logging_mixin.py:188} INFO - [2024-03-08T12:24:04.718+0530] {dag.py:3047} INFO - Sync 1 DAGs
[2024-03-08T12:24:04.723+0530] {logging_mixin.py:188} INFO - [2024-03-08T12:24:04.723+0530] {dag.py:3834} INFO - Setting next_dagrun for example_short_circuit_decorator to 2024-03-07 00:00:00+00:00, run_after=2024-03-08 00:00:00+00:00
[2024-03-08T12:24:04.729+0530] {processor.py:183} INFO - Processing /Users/anikbhowmick/Python/Big_Data_Assignment/A02/airflow_env/lib/python3.11/site-packages/airflow/example_dags/example_short_circuit_decorator.py took 0.077 seconds
[2024-03-08T12:25:59.536+0530] {processor.py:161} INFO - Started process (PID=11712) to work on /Users/anikbhowmick/Python/Big_Data_Assignment/A02/airflow_env/lib/python3.11/site-packages/airflow/example_dags/example_short_circuit_decorator.py
[2024-03-08T12:25:59.537+0530] {processor.py:830} INFO - Processing file /Users/anikbhowmick/Python/Big_Data_Assignment/A02/airflow_env/lib/python3.11/site-packages/airflow/example_dags/example_short_circuit_decorator.py for tasks to queue
[2024-03-08T12:25:59.538+0530] {logging_mixin.py:188} INFO - [2024-03-08T12:25:59.538+0530] {dagbag.py:540} INFO - Filling up the DagBag from /Users/anikbhowmick/Python/Big_Data_Assignment/A02/airflow_env/lib/python3.11/site-packages/airflow/example_dags/example_short_circuit_decorator.py
[2024-03-08T12:25:59.571+0530] {processor.py:840} INFO - DAG(s) 'example_short_circuit_decorator' retrieved from /Users/anikbhowmick/Python/Big_Data_Assignment/A02/airflow_env/lib/python3.11/site-packages/airflow/example_dags/example_short_circuit_decorator.py
[2024-03-08T12:25:59.600+0530] {logging_mixin.py:188} INFO - [2024-03-08T12:25:59.599+0530] {dag.py:3047} INFO - Sync 1 DAGs
[2024-03-08T12:25:59.605+0530] {logging_mixin.py:188} INFO - [2024-03-08T12:25:59.605+0530] {dag.py:3834} INFO - Setting next_dagrun for example_short_circuit_decorator to 2024-03-07 00:00:00+00:00, run_after=2024-03-08 00:00:00+00:00
[2024-03-08T12:25:59.611+0530] {processor.py:183} INFO - Processing /Users/anikbhowmick/Python/Big_Data_Assignment/A02/airflow_env/lib/python3.11/site-packages/airflow/example_dags/example_short_circuit_decorator.py took 0.075 seconds
[2024-03-08T12:27:46.964+0530] {processor.py:161} INFO - Started process (PID=11784) to work on /Users/anikbhowmick/Python/Big_Data_Assignment/A02/airflow_env/lib/python3.11/site-packages/airflow/example_dags/example_short_circuit_decorator.py
[2024-03-08T12:27:46.965+0530] {processor.py:830} INFO - Processing file /Users/anikbhowmick/Python/Big_Data_Assignment/A02/airflow_env/lib/python3.11/site-packages/airflow/example_dags/example_short_circuit_decorator.py for tasks to queue
[2024-03-08T12:27:46.965+0530] {logging_mixin.py:188} INFO - [2024-03-08T12:27:46.965+0530] {dagbag.py:540} INFO - Filling up the DagBag from /Users/anikbhowmick/Python/Big_Data_Assignment/A02/airflow_env/lib/python3.11/site-packages/airflow/example_dags/example_short_circuit_decorator.py
[2024-03-08T12:27:46.999+0530] {processor.py:840} INFO - DAG(s) 'example_short_circuit_decorator' retrieved from /Users/anikbhowmick/Python/Big_Data_Assignment/A02/airflow_env/lib/python3.11/site-packages/airflow/example_dags/example_short_circuit_decorator.py
[2024-03-08T12:27:47.028+0530] {logging_mixin.py:188} INFO - [2024-03-08T12:27:47.027+0530] {dag.py:3047} INFO - Sync 1 DAGs
[2024-03-08T12:27:47.033+0530] {logging_mixin.py:188} INFO - [2024-03-08T12:27:47.032+0530] {dag.py:3834} INFO - Setting next_dagrun for example_short_circuit_decorator to 2024-03-07 00:00:00+00:00, run_after=2024-03-08 00:00:00+00:00
[2024-03-08T12:27:47.039+0530] {processor.py:183} INFO - Processing /Users/anikbhowmick/Python/Big_Data_Assignment/A02/airflow_env/lib/python3.11/site-packages/airflow/example_dags/example_short_circuit_decorator.py took 0.075 seconds
[2024-03-08T12:29:35.826+0530] {processor.py:161} INFO - Started process (PID=11864) to work on /Users/anikbhowmick/Python/Big_Data_Assignment/A02/airflow_env/lib/python3.11/site-packages/airflow/example_dags/example_short_circuit_decorator.py
[2024-03-08T12:29:35.826+0530] {processor.py:830} INFO - Processing file /Users/anikbhowmick/Python/Big_Data_Assignment/A02/airflow_env/lib/python3.11/site-packages/airflow/example_dags/example_short_circuit_decorator.py for tasks to queue
[2024-03-08T12:29:35.826+0530] {logging_mixin.py:188} INFO - [2024-03-08T12:29:35.826+0530] {dagbag.py:540} INFO - Filling up the DagBag from /Users/anikbhowmick/Python/Big_Data_Assignment/A02/airflow_env/lib/python3.11/site-packages/airflow/example_dags/example_short_circuit_decorator.py
[2024-03-08T12:29:35.860+0530] {processor.py:840} INFO - DAG(s) 'example_short_circuit_decorator' retrieved from /Users/anikbhowmick/Python/Big_Data_Assignment/A02/airflow_env/lib/python3.11/site-packages/airflow/example_dags/example_short_circuit_decorator.py
[2024-03-08T12:29:35.890+0530] {logging_mixin.py:188} INFO - [2024-03-08T12:29:35.890+0530] {dag.py:3047} INFO - Sync 1 DAGs
[2024-03-08T12:29:35.895+0530] {logging_mixin.py:188} INFO - [2024-03-08T12:29:35.895+0530] {dag.py:3834} INFO - Setting next_dagrun for example_short_circuit_decorator to 2024-03-07 00:00:00+00:00, run_after=2024-03-08 00:00:00+00:00
[2024-03-08T12:29:35.902+0530] {processor.py:183} INFO - Processing /Users/anikbhowmick/Python/Big_Data_Assignment/A02/airflow_env/lib/python3.11/site-packages/airflow/example_dags/example_short_circuit_decorator.py took 0.077 seconds
[2024-03-08T12:31:28.783+0530] {processor.py:161} INFO - Started process (PID=11938) to work on /Users/anikbhowmick/Python/Big_Data_Assignment/A02/airflow_env/lib/python3.11/site-packages/airflow/example_dags/example_short_circuit_decorator.py
[2024-03-08T12:31:28.784+0530] {processor.py:830} INFO - Processing file /Users/anikbhowmick/Python/Big_Data_Assignment/A02/airflow_env/lib/python3.11/site-packages/airflow/example_dags/example_short_circuit_decorator.py for tasks to queue
[2024-03-08T12:31:28.784+0530] {logging_mixin.py:188} INFO - [2024-03-08T12:31:28.784+0530] {dagbag.py:540} INFO - Filling up the DagBag from /Users/anikbhowmick/Python/Big_Data_Assignment/A02/airflow_env/lib/python3.11/site-packages/airflow/example_dags/example_short_circuit_decorator.py
[2024-03-08T12:31:28.818+0530] {processor.py:840} INFO - DAG(s) 'example_short_circuit_decorator' retrieved from /Users/anikbhowmick/Python/Big_Data_Assignment/A02/airflow_env/lib/python3.11/site-packages/airflow/example_dags/example_short_circuit_decorator.py
[2024-03-08T12:31:28.847+0530] {logging_mixin.py:188} INFO - [2024-03-08T12:31:28.846+0530] {dag.py:3047} INFO - Sync 1 DAGs
[2024-03-08T12:31:28.852+0530] {logging_mixin.py:188} INFO - [2024-03-08T12:31:28.851+0530] {dag.py:3834} INFO - Setting next_dagrun for example_short_circuit_decorator to 2024-03-07 00:00:00+00:00, run_after=2024-03-08 00:00:00+00:00
[2024-03-08T12:31:28.858+0530] {processor.py:183} INFO - Processing /Users/anikbhowmick/Python/Big_Data_Assignment/A02/airflow_env/lib/python3.11/site-packages/airflow/example_dags/example_short_circuit_decorator.py took 0.075 seconds
[2024-03-08T12:33:21.917+0530] {processor.py:161} INFO - Started process (PID=12012) to work on /Users/anikbhowmick/Python/Big_Data_Assignment/A02/airflow_env/lib/python3.11/site-packages/airflow/example_dags/example_short_circuit_decorator.py
[2024-03-08T12:33:21.918+0530] {processor.py:830} INFO - Processing file /Users/anikbhowmick/Python/Big_Data_Assignment/A02/airflow_env/lib/python3.11/site-packages/airflow/example_dags/example_short_circuit_decorator.py for tasks to queue
[2024-03-08T12:33:21.918+0530] {logging_mixin.py:188} INFO - [2024-03-08T12:33:21.918+0530] {dagbag.py:540} INFO - Filling up the DagBag from /Users/anikbhowmick/Python/Big_Data_Assignment/A02/airflow_env/lib/python3.11/site-packages/airflow/example_dags/example_short_circuit_decorator.py
[2024-03-08T12:33:21.952+0530] {processor.py:840} INFO - DAG(s) 'example_short_circuit_decorator' retrieved from /Users/anikbhowmick/Python/Big_Data_Assignment/A02/airflow_env/lib/python3.11/site-packages/airflow/example_dags/example_short_circuit_decorator.py
[2024-03-08T12:33:21.980+0530] {logging_mixin.py:188} INFO - [2024-03-08T12:33:21.980+0530] {dag.py:3047} INFO - Sync 1 DAGs
[2024-03-08T12:33:21.985+0530] {logging_mixin.py:188} INFO - [2024-03-08T12:33:21.985+0530] {dag.py:3834} INFO - Setting next_dagrun for example_short_circuit_decorator to 2024-03-07 00:00:00+00:00, run_after=2024-03-08 00:00:00+00:00
[2024-03-08T12:33:21.992+0530] {processor.py:183} INFO - Processing /Users/anikbhowmick/Python/Big_Data_Assignment/A02/airflow_env/lib/python3.11/site-packages/airflow/example_dags/example_short_circuit_decorator.py took 0.075 seconds
[2024-03-08T12:35:17.567+0530] {processor.py:161} INFO - Started process (PID=12085) to work on /Users/anikbhowmick/Python/Big_Data_Assignment/A02/airflow_env/lib/python3.11/site-packages/airflow/example_dags/example_short_circuit_decorator.py
[2024-03-08T12:35:17.569+0530] {processor.py:830} INFO - Processing file /Users/anikbhowmick/Python/Big_Data_Assignment/A02/airflow_env/lib/python3.11/site-packages/airflow/example_dags/example_short_circuit_decorator.py for tasks to queue
[2024-03-08T12:35:17.569+0530] {logging_mixin.py:188} INFO - [2024-03-08T12:35:17.569+0530] {dagbag.py:540} INFO - Filling up the DagBag from /Users/anikbhowmick/Python/Big_Data_Assignment/A02/airflow_env/lib/python3.11/site-packages/airflow/example_dags/example_short_circuit_decorator.py
[2024-03-08T12:35:17.602+0530] {processor.py:840} INFO - DAG(s) 'example_short_circuit_decorator' retrieved from /Users/anikbhowmick/Python/Big_Data_Assignment/A02/airflow_env/lib/python3.11/site-packages/airflow/example_dags/example_short_circuit_decorator.py
[2024-03-08T12:35:17.631+0530] {logging_mixin.py:188} INFO - [2024-03-08T12:35:17.630+0530] {dag.py:3047} INFO - Sync 1 DAGs
[2024-03-08T12:35:17.636+0530] {logging_mixin.py:188} INFO - [2024-03-08T12:35:17.636+0530] {dag.py:3834} INFO - Setting next_dagrun for example_short_circuit_decorator to 2024-03-07 00:00:00+00:00, run_after=2024-03-08 00:00:00+00:00
[2024-03-08T12:35:17.642+0530] {processor.py:183} INFO - Processing /Users/anikbhowmick/Python/Big_Data_Assignment/A02/airflow_env/lib/python3.11/site-packages/airflow/example_dags/example_short_circuit_decorator.py took 0.075 seconds
[2024-03-08T12:37:05.015+0530] {processor.py:161} INFO - Started process (PID=12155) to work on /Users/anikbhowmick/Python/Big_Data_Assignment/A02/airflow_env/lib/python3.11/site-packages/airflow/example_dags/example_short_circuit_decorator.py
[2024-03-08T12:37:05.015+0530] {processor.py:830} INFO - Processing file /Users/anikbhowmick/Python/Big_Data_Assignment/A02/airflow_env/lib/python3.11/site-packages/airflow/example_dags/example_short_circuit_decorator.py for tasks to queue
[2024-03-08T12:37:05.016+0530] {logging_mixin.py:188} INFO - [2024-03-08T12:37:05.016+0530] {dagbag.py:540} INFO - Filling up the DagBag from /Users/anikbhowmick/Python/Big_Data_Assignment/A02/airflow_env/lib/python3.11/site-packages/airflow/example_dags/example_short_circuit_decorator.py
[2024-03-08T12:37:05.049+0530] {processor.py:840} INFO - DAG(s) 'example_short_circuit_decorator' retrieved from /Users/anikbhowmick/Python/Big_Data_Assignment/A02/airflow_env/lib/python3.11/site-packages/airflow/example_dags/example_short_circuit_decorator.py
[2024-03-08T12:37:05.077+0530] {logging_mixin.py:188} INFO - [2024-03-08T12:37:05.077+0530] {dag.py:3047} INFO - Sync 1 DAGs
[2024-03-08T12:37:05.082+0530] {logging_mixin.py:188} INFO - [2024-03-08T12:37:05.082+0530] {dag.py:3834} INFO - Setting next_dagrun for example_short_circuit_decorator to 2024-03-07 00:00:00+00:00, run_after=2024-03-08 00:00:00+00:00
[2024-03-08T12:37:05.089+0530] {processor.py:183} INFO - Processing /Users/anikbhowmick/Python/Big_Data_Assignment/A02/airflow_env/lib/python3.11/site-packages/airflow/example_dags/example_short_circuit_decorator.py took 0.074 seconds
[2024-03-08T12:38:52.210+0530] {processor.py:161} INFO - Started process (PID=12228) to work on /Users/anikbhowmick/Python/Big_Data_Assignment/A02/airflow_env/lib/python3.11/site-packages/airflow/example_dags/example_short_circuit_decorator.py
[2024-03-08T12:38:52.210+0530] {processor.py:830} INFO - Processing file /Users/anikbhowmick/Python/Big_Data_Assignment/A02/airflow_env/lib/python3.11/site-packages/airflow/example_dags/example_short_circuit_decorator.py for tasks to queue
[2024-03-08T12:38:52.210+0530] {logging_mixin.py:188} INFO - [2024-03-08T12:38:52.210+0530] {dagbag.py:540} INFO - Filling up the DagBag from /Users/anikbhowmick/Python/Big_Data_Assignment/A02/airflow_env/lib/python3.11/site-packages/airflow/example_dags/example_short_circuit_decorator.py
[2024-03-08T12:38:52.243+0530] {processor.py:840} INFO - DAG(s) 'example_short_circuit_decorator' retrieved from /Users/anikbhowmick/Python/Big_Data_Assignment/A02/airflow_env/lib/python3.11/site-packages/airflow/example_dags/example_short_circuit_decorator.py
[2024-03-08T12:38:52.272+0530] {logging_mixin.py:188} INFO - [2024-03-08T12:38:52.272+0530] {dag.py:3047} INFO - Sync 1 DAGs
[2024-03-08T12:38:52.278+0530] {logging_mixin.py:188} INFO - [2024-03-08T12:38:52.277+0530] {dag.py:3834} INFO - Setting next_dagrun for example_short_circuit_decorator to 2024-03-07 00:00:00+00:00, run_after=2024-03-08 00:00:00+00:00
[2024-03-08T12:38:52.284+0530] {processor.py:183} INFO - Processing /Users/anikbhowmick/Python/Big_Data_Assignment/A02/airflow_env/lib/python3.11/site-packages/airflow/example_dags/example_short_circuit_decorator.py took 0.075 seconds
[2024-03-08T12:40:41.789+0530] {processor.py:161} INFO - Started process (PID=12306) to work on /Users/anikbhowmick/Python/Big_Data_Assignment/A02/airflow_env/lib/python3.11/site-packages/airflow/example_dags/example_short_circuit_decorator.py
[2024-03-08T12:40:41.790+0530] {processor.py:830} INFO - Processing file /Users/anikbhowmick/Python/Big_Data_Assignment/A02/airflow_env/lib/python3.11/site-packages/airflow/example_dags/example_short_circuit_decorator.py for tasks to queue
[2024-03-08T12:40:41.790+0530] {logging_mixin.py:188} INFO - [2024-03-08T12:40:41.790+0530] {dagbag.py:540} INFO - Filling up the DagBag from /Users/anikbhowmick/Python/Big_Data_Assignment/A02/airflow_env/lib/python3.11/site-packages/airflow/example_dags/example_short_circuit_decorator.py
[2024-03-08T12:40:41.823+0530] {processor.py:840} INFO - DAG(s) 'example_short_circuit_decorator' retrieved from /Users/anikbhowmick/Python/Big_Data_Assignment/A02/airflow_env/lib/python3.11/site-packages/airflow/example_dags/example_short_circuit_decorator.py
[2024-03-08T12:40:41.852+0530] {logging_mixin.py:188} INFO - [2024-03-08T12:40:41.852+0530] {dag.py:3047} INFO - Sync 1 DAGs
[2024-03-08T12:40:41.857+0530] {logging_mixin.py:188} INFO - [2024-03-08T12:40:41.857+0530] {dag.py:3834} INFO - Setting next_dagrun for example_short_circuit_decorator to 2024-03-07 00:00:00+00:00, run_after=2024-03-08 00:00:00+00:00
[2024-03-08T12:40:41.864+0530] {processor.py:183} INFO - Processing /Users/anikbhowmick/Python/Big_Data_Assignment/A02/airflow_env/lib/python3.11/site-packages/airflow/example_dags/example_short_circuit_decorator.py took 0.075 seconds
[2024-03-08T12:42:38.194+0530] {processor.py:161} INFO - Started process (PID=12377) to work on /Users/anikbhowmick/Python/Big_Data_Assignment/A02/airflow_env/lib/python3.11/site-packages/airflow/example_dags/example_short_circuit_decorator.py
[2024-03-08T12:42:38.194+0530] {processor.py:830} INFO - Processing file /Users/anikbhowmick/Python/Big_Data_Assignment/A02/airflow_env/lib/python3.11/site-packages/airflow/example_dags/example_short_circuit_decorator.py for tasks to queue
[2024-03-08T12:42:38.194+0530] {logging_mixin.py:188} INFO - [2024-03-08T12:42:38.194+0530] {dagbag.py:540} INFO - Filling up the DagBag from /Users/anikbhowmick/Python/Big_Data_Assignment/A02/airflow_env/lib/python3.11/site-packages/airflow/example_dags/example_short_circuit_decorator.py
[2024-03-08T12:42:38.228+0530] {processor.py:840} INFO - DAG(s) 'example_short_circuit_decorator' retrieved from /Users/anikbhowmick/Python/Big_Data_Assignment/A02/airflow_env/lib/python3.11/site-packages/airflow/example_dags/example_short_circuit_decorator.py
[2024-03-08T12:42:38.257+0530] {logging_mixin.py:188} INFO - [2024-03-08T12:42:38.257+0530] {dag.py:3047} INFO - Sync 1 DAGs
[2024-03-08T12:42:38.262+0530] {logging_mixin.py:188} INFO - [2024-03-08T12:42:38.262+0530] {dag.py:3834} INFO - Setting next_dagrun for example_short_circuit_decorator to 2024-03-07 00:00:00+00:00, run_after=2024-03-08 00:00:00+00:00
[2024-03-08T12:42:38.268+0530] {processor.py:183} INFO - Processing /Users/anikbhowmick/Python/Big_Data_Assignment/A02/airflow_env/lib/python3.11/site-packages/airflow/example_dags/example_short_circuit_decorator.py took 0.075 seconds
[2024-03-08T12:44:29.658+0530] {processor.py:161} INFO - Started process (PID=12470) to work on /Users/anikbhowmick/Python/Big_Data_Assignment/A02/airflow_env/lib/python3.11/site-packages/airflow/example_dags/example_short_circuit_decorator.py
[2024-03-08T12:44:29.659+0530] {processor.py:830} INFO - Processing file /Users/anikbhowmick/Python/Big_Data_Assignment/A02/airflow_env/lib/python3.11/site-packages/airflow/example_dags/example_short_circuit_decorator.py for tasks to queue
[2024-03-08T12:44:29.659+0530] {logging_mixin.py:188} INFO - [2024-03-08T12:44:29.659+0530] {dagbag.py:540} INFO - Filling up the DagBag from /Users/anikbhowmick/Python/Big_Data_Assignment/A02/airflow_env/lib/python3.11/site-packages/airflow/example_dags/example_short_circuit_decorator.py
[2024-03-08T12:44:29.692+0530] {processor.py:840} INFO - DAG(s) 'example_short_circuit_decorator' retrieved from /Users/anikbhowmick/Python/Big_Data_Assignment/A02/airflow_env/lib/python3.11/site-packages/airflow/example_dags/example_short_circuit_decorator.py
[2024-03-08T12:44:29.721+0530] {logging_mixin.py:188} INFO - [2024-03-08T12:44:29.721+0530] {dag.py:3047} INFO - Sync 1 DAGs
[2024-03-08T12:44:29.726+0530] {logging_mixin.py:188} INFO - [2024-03-08T12:44:29.726+0530] {dag.py:3834} INFO - Setting next_dagrun for example_short_circuit_decorator to 2024-03-07 00:00:00+00:00, run_after=2024-03-08 00:00:00+00:00
[2024-03-08T12:44:29.733+0530] {processor.py:183} INFO - Processing /Users/anikbhowmick/Python/Big_Data_Assignment/A02/airflow_env/lib/python3.11/site-packages/airflow/example_dags/example_short_circuit_decorator.py took 0.075 seconds
[2024-03-08T12:46:21.397+0530] {processor.py:161} INFO - Started process (PID=12553) to work on /Users/anikbhowmick/Python/Big_Data_Assignment/A02/airflow_env/lib/python3.11/site-packages/airflow/example_dags/example_short_circuit_decorator.py
[2024-03-08T12:46:21.398+0530] {processor.py:830} INFO - Processing file /Users/anikbhowmick/Python/Big_Data_Assignment/A02/airflow_env/lib/python3.11/site-packages/airflow/example_dags/example_short_circuit_decorator.py for tasks to queue
[2024-03-08T12:46:21.398+0530] {logging_mixin.py:188} INFO - [2024-03-08T12:46:21.398+0530] {dagbag.py:540} INFO - Filling up the DagBag from /Users/anikbhowmick/Python/Big_Data_Assignment/A02/airflow_env/lib/python3.11/site-packages/airflow/example_dags/example_short_circuit_decorator.py
[2024-03-08T12:46:21.435+0530] {processor.py:840} INFO - DAG(s) 'example_short_circuit_decorator' retrieved from /Users/anikbhowmick/Python/Big_Data_Assignment/A02/airflow_env/lib/python3.11/site-packages/airflow/example_dags/example_short_circuit_decorator.py
[2024-03-08T12:46:21.469+0530] {logging_mixin.py:188} INFO - [2024-03-08T12:46:21.469+0530] {dag.py:3047} INFO - Sync 1 DAGs
[2024-03-08T12:46:21.474+0530] {logging_mixin.py:188} INFO - [2024-03-08T12:46:21.474+0530] {dag.py:3834} INFO - Setting next_dagrun for example_short_circuit_decorator to 2024-03-07 00:00:00+00:00, run_after=2024-03-08 00:00:00+00:00
[2024-03-08T12:46:21.483+0530] {processor.py:183} INFO - Processing /Users/anikbhowmick/Python/Big_Data_Assignment/A02/airflow_env/lib/python3.11/site-packages/airflow/example_dags/example_short_circuit_decorator.py took 0.086 seconds
[2024-03-08T12:48:10.418+0530] {processor.py:161} INFO - Started process (PID=12624) to work on /Users/anikbhowmick/Python/Big_Data_Assignment/A02/airflow_env/lib/python3.11/site-packages/airflow/example_dags/example_short_circuit_decorator.py
[2024-03-08T12:48:10.419+0530] {processor.py:830} INFO - Processing file /Users/anikbhowmick/Python/Big_Data_Assignment/A02/airflow_env/lib/python3.11/site-packages/airflow/example_dags/example_short_circuit_decorator.py for tasks to queue
[2024-03-08T12:48:10.419+0530] {logging_mixin.py:188} INFO - [2024-03-08T12:48:10.419+0530] {dagbag.py:540} INFO - Filling up the DagBag from /Users/anikbhowmick/Python/Big_Data_Assignment/A02/airflow_env/lib/python3.11/site-packages/airflow/example_dags/example_short_circuit_decorator.py
[2024-03-08T12:48:10.456+0530] {processor.py:840} INFO - DAG(s) 'example_short_circuit_decorator' retrieved from /Users/anikbhowmick/Python/Big_Data_Assignment/A02/airflow_env/lib/python3.11/site-packages/airflow/example_dags/example_short_circuit_decorator.py
[2024-03-08T12:48:10.485+0530] {logging_mixin.py:188} INFO - [2024-03-08T12:48:10.485+0530] {dag.py:3047} INFO - Sync 1 DAGs
[2024-03-08T12:48:10.491+0530] {logging_mixin.py:188} INFO - [2024-03-08T12:48:10.491+0530] {dag.py:3834} INFO - Setting next_dagrun for example_short_circuit_decorator to 2024-03-07 00:00:00+00:00, run_after=2024-03-08 00:00:00+00:00
[2024-03-08T12:48:10.497+0530] {processor.py:183} INFO - Processing /Users/anikbhowmick/Python/Big_Data_Assignment/A02/airflow_env/lib/python3.11/site-packages/airflow/example_dags/example_short_circuit_decorator.py took 0.079 seconds
[2024-03-08T12:50:03.770+0530] {processor.py:161} INFO - Started process (PID=12699) to work on /Users/anikbhowmick/Python/Big_Data_Assignment/A02/airflow_env/lib/python3.11/site-packages/airflow/example_dags/example_short_circuit_decorator.py
[2024-03-08T12:50:03.771+0530] {processor.py:830} INFO - Processing file /Users/anikbhowmick/Python/Big_Data_Assignment/A02/airflow_env/lib/python3.11/site-packages/airflow/example_dags/example_short_circuit_decorator.py for tasks to queue
[2024-03-08T12:50:03.771+0530] {logging_mixin.py:188} INFO - [2024-03-08T12:50:03.771+0530] {dagbag.py:540} INFO - Filling up the DagBag from /Users/anikbhowmick/Python/Big_Data_Assignment/A02/airflow_env/lib/python3.11/site-packages/airflow/example_dags/example_short_circuit_decorator.py
[2024-03-08T12:50:03.806+0530] {processor.py:840} INFO - DAG(s) 'example_short_circuit_decorator' retrieved from /Users/anikbhowmick/Python/Big_Data_Assignment/A02/airflow_env/lib/python3.11/site-packages/airflow/example_dags/example_short_circuit_decorator.py
[2024-03-08T12:50:03.834+0530] {logging_mixin.py:188} INFO - [2024-03-08T12:50:03.834+0530] {dag.py:3047} INFO - Sync 1 DAGs
[2024-03-08T12:50:03.840+0530] {logging_mixin.py:188} INFO - [2024-03-08T12:50:03.839+0530] {dag.py:3834} INFO - Setting next_dagrun for example_short_circuit_decorator to 2024-03-07 00:00:00+00:00, run_after=2024-03-08 00:00:00+00:00
[2024-03-08T12:50:03.846+0530] {processor.py:183} INFO - Processing /Users/anikbhowmick/Python/Big_Data_Assignment/A02/airflow_env/lib/python3.11/site-packages/airflow/example_dags/example_short_circuit_decorator.py took 0.077 seconds
[2024-03-08T12:51:53.739+0530] {processor.py:161} INFO - Started process (PID=12769) to work on /Users/anikbhowmick/Python/Big_Data_Assignment/A02/airflow_env/lib/python3.11/site-packages/airflow/example_dags/example_short_circuit_decorator.py
[2024-03-08T12:51:53.740+0530] {processor.py:830} INFO - Processing file /Users/anikbhowmick/Python/Big_Data_Assignment/A02/airflow_env/lib/python3.11/site-packages/airflow/example_dags/example_short_circuit_decorator.py for tasks to queue
[2024-03-08T12:51:53.740+0530] {logging_mixin.py:188} INFO - [2024-03-08T12:51:53.740+0530] {dagbag.py:540} INFO - Filling up the DagBag from /Users/anikbhowmick/Python/Big_Data_Assignment/A02/airflow_env/lib/python3.11/site-packages/airflow/example_dags/example_short_circuit_decorator.py
[2024-03-08T12:51:53.774+0530] {processor.py:840} INFO - DAG(s) 'example_short_circuit_decorator' retrieved from /Users/anikbhowmick/Python/Big_Data_Assignment/A02/airflow_env/lib/python3.11/site-packages/airflow/example_dags/example_short_circuit_decorator.py
[2024-03-08T12:51:53.804+0530] {logging_mixin.py:188} INFO - [2024-03-08T12:51:53.804+0530] {dag.py:3047} INFO - Sync 1 DAGs
[2024-03-08T12:51:53.809+0530] {logging_mixin.py:188} INFO - [2024-03-08T12:51:53.809+0530] {dag.py:3834} INFO - Setting next_dagrun for example_short_circuit_decorator to 2024-03-07 00:00:00+00:00, run_after=2024-03-08 00:00:00+00:00
[2024-03-08T12:51:53.815+0530] {processor.py:183} INFO - Processing /Users/anikbhowmick/Python/Big_Data_Assignment/A02/airflow_env/lib/python3.11/site-packages/airflow/example_dags/example_short_circuit_decorator.py took 0.076 seconds
[2024-03-08T12:59:12.179+0530] {processor.py:161} INFO - Started process (PID=13117) to work on /Users/anikbhowmick/Python/Big_Data_Assignment/A02/airflow_env/lib/python3.11/site-packages/airflow/example_dags/example_short_circuit_decorator.py
[2024-03-08T12:59:12.180+0530] {processor.py:830} INFO - Processing file /Users/anikbhowmick/Python/Big_Data_Assignment/A02/airflow_env/lib/python3.11/site-packages/airflow/example_dags/example_short_circuit_decorator.py for tasks to queue
[2024-03-08T12:59:12.180+0530] {logging_mixin.py:188} INFO - [2024-03-08T12:59:12.180+0530] {dagbag.py:540} INFO - Filling up the DagBag from /Users/anikbhowmick/Python/Big_Data_Assignment/A02/airflow_env/lib/python3.11/site-packages/airflow/example_dags/example_short_circuit_decorator.py
[2024-03-08T12:59:12.213+0530] {processor.py:840} INFO - DAG(s) 'example_short_circuit_decorator' retrieved from /Users/anikbhowmick/Python/Big_Data_Assignment/A02/airflow_env/lib/python3.11/site-packages/airflow/example_dags/example_short_circuit_decorator.py
[2024-03-08T12:59:12.242+0530] {logging_mixin.py:188} INFO - [2024-03-08T12:59:12.242+0530] {dag.py:3047} INFO - Sync 1 DAGs
[2024-03-08T12:59:12.247+0530] {logging_mixin.py:188} INFO - [2024-03-08T12:59:12.247+0530] {dag.py:3834} INFO - Setting next_dagrun for example_short_circuit_decorator to 2024-03-07 00:00:00+00:00, run_after=2024-03-08 00:00:00+00:00
[2024-03-08T12:59:12.254+0530] {processor.py:183} INFO - Processing /Users/anikbhowmick/Python/Big_Data_Assignment/A02/airflow_env/lib/python3.11/site-packages/airflow/example_dags/example_short_circuit_decorator.py took 0.074 seconds
[2024-03-08T13:02:15.159+0530] {processor.py:161} INFO - Started process (PID=13345) to work on /Users/anikbhowmick/Python/Big_Data_Assignment/A02/airflow_env/lib/python3.11/site-packages/airflow/example_dags/example_short_circuit_decorator.py
[2024-03-08T13:02:15.160+0530] {processor.py:830} INFO - Processing file /Users/anikbhowmick/Python/Big_Data_Assignment/A02/airflow_env/lib/python3.11/site-packages/airflow/example_dags/example_short_circuit_decorator.py for tasks to queue
[2024-03-08T13:02:15.161+0530] {logging_mixin.py:188} INFO - [2024-03-08T13:02:15.161+0530] {dagbag.py:540} INFO - Filling up the DagBag from /Users/anikbhowmick/Python/Big_Data_Assignment/A02/airflow_env/lib/python3.11/site-packages/airflow/example_dags/example_short_circuit_decorator.py
[2024-03-08T13:02:15.194+0530] {processor.py:840} INFO - DAG(s) 'example_short_circuit_decorator' retrieved from /Users/anikbhowmick/Python/Big_Data_Assignment/A02/airflow_env/lib/python3.11/site-packages/airflow/example_dags/example_short_circuit_decorator.py
[2024-03-08T13:02:15.223+0530] {logging_mixin.py:188} INFO - [2024-03-08T13:02:15.222+0530] {dag.py:3047} INFO - Sync 1 DAGs
[2024-03-08T13:02:15.228+0530] {logging_mixin.py:188} INFO - [2024-03-08T13:02:15.227+0530] {dag.py:3834} INFO - Setting next_dagrun for example_short_circuit_decorator to 2024-03-07 00:00:00+00:00, run_after=2024-03-08 00:00:00+00:00
[2024-03-08T13:02:15.234+0530] {processor.py:183} INFO - Processing /Users/anikbhowmick/Python/Big_Data_Assignment/A02/airflow_env/lib/python3.11/site-packages/airflow/example_dags/example_short_circuit_decorator.py took 0.075 seconds
[2024-03-08T13:03:38.785+0530] {processor.py:161} INFO - Started process (PID=13418) to work on /Users/anikbhowmick/Python/Big_Data_Assignment/A02/airflow_env/lib/python3.11/site-packages/airflow/example_dags/example_short_circuit_decorator.py
[2024-03-08T13:03:38.786+0530] {processor.py:830} INFO - Processing file /Users/anikbhowmick/Python/Big_Data_Assignment/A02/airflow_env/lib/python3.11/site-packages/airflow/example_dags/example_short_circuit_decorator.py for tasks to queue
[2024-03-08T13:03:38.786+0530] {logging_mixin.py:188} INFO - [2024-03-08T13:03:38.786+0530] {dagbag.py:540} INFO - Filling up the DagBag from /Users/anikbhowmick/Python/Big_Data_Assignment/A02/airflow_env/lib/python3.11/site-packages/airflow/example_dags/example_short_circuit_decorator.py
[2024-03-08T13:03:38.820+0530] {processor.py:840} INFO - DAG(s) 'example_short_circuit_decorator' retrieved from /Users/anikbhowmick/Python/Big_Data_Assignment/A02/airflow_env/lib/python3.11/site-packages/airflow/example_dags/example_short_circuit_decorator.py
[2024-03-08T13:03:38.851+0530] {logging_mixin.py:188} INFO - [2024-03-08T13:03:38.851+0530] {dag.py:3047} INFO - Sync 1 DAGs
[2024-03-08T13:03:38.856+0530] {logging_mixin.py:188} INFO - [2024-03-08T13:03:38.856+0530] {dag.py:3834} INFO - Setting next_dagrun for example_short_circuit_decorator to 2024-03-07 00:00:00+00:00, run_after=2024-03-08 00:00:00+00:00
[2024-03-08T13:03:38.863+0530] {processor.py:183} INFO - Processing /Users/anikbhowmick/Python/Big_Data_Assignment/A02/airflow_env/lib/python3.11/site-packages/airflow/example_dags/example_short_circuit_decorator.py took 0.078 seconds
[2024-03-08T13:05:34.173+0530] {processor.py:161} INFO - Started process (PID=13490) to work on /Users/anikbhowmick/Python/Big_Data_Assignment/A02/airflow_env/lib/python3.11/site-packages/airflow/example_dags/example_short_circuit_decorator.py
[2024-03-08T13:05:34.174+0530] {processor.py:830} INFO - Processing file /Users/anikbhowmick/Python/Big_Data_Assignment/A02/airflow_env/lib/python3.11/site-packages/airflow/example_dags/example_short_circuit_decorator.py for tasks to queue
[2024-03-08T13:05:34.174+0530] {logging_mixin.py:188} INFO - [2024-03-08T13:05:34.174+0530] {dagbag.py:540} INFO - Filling up the DagBag from /Users/anikbhowmick/Python/Big_Data_Assignment/A02/airflow_env/lib/python3.11/site-packages/airflow/example_dags/example_short_circuit_decorator.py
[2024-03-08T13:05:34.208+0530] {processor.py:840} INFO - DAG(s) 'example_short_circuit_decorator' retrieved from /Users/anikbhowmick/Python/Big_Data_Assignment/A02/airflow_env/lib/python3.11/site-packages/airflow/example_dags/example_short_circuit_decorator.py
[2024-03-08T13:05:34.236+0530] {logging_mixin.py:188} INFO - [2024-03-08T13:05:34.236+0530] {dag.py:3047} INFO - Sync 1 DAGs
[2024-03-08T13:05:34.241+0530] {logging_mixin.py:188} INFO - [2024-03-08T13:05:34.241+0530] {dag.py:3834} INFO - Setting next_dagrun for example_short_circuit_decorator to 2024-03-07 00:00:00+00:00, run_after=2024-03-08 00:00:00+00:00
[2024-03-08T13:05:34.248+0530] {processor.py:183} INFO - Processing /Users/anikbhowmick/Python/Big_Data_Assignment/A02/airflow_env/lib/python3.11/site-packages/airflow/example_dags/example_short_circuit_decorator.py took 0.075 seconds
[2024-03-08T13:14:50.138+0530] {processor.py:161} INFO - Started process (PID=14239) to work on /Users/anikbhowmick/Python/Big_Data_Assignment/A02/airflow_env/lib/python3.11/site-packages/airflow/example_dags/example_short_circuit_decorator.py
[2024-03-08T13:14:50.139+0530] {processor.py:830} INFO - Processing file /Users/anikbhowmick/Python/Big_Data_Assignment/A02/airflow_env/lib/python3.11/site-packages/airflow/example_dags/example_short_circuit_decorator.py for tasks to queue
[2024-03-08T13:14:50.139+0530] {logging_mixin.py:188} INFO - [2024-03-08T13:14:50.139+0530] {dagbag.py:540} INFO - Filling up the DagBag from /Users/anikbhowmick/Python/Big_Data_Assignment/A02/airflow_env/lib/python3.11/site-packages/airflow/example_dags/example_short_circuit_decorator.py
[2024-03-08T13:14:50.173+0530] {processor.py:840} INFO - DAG(s) 'example_short_circuit_decorator' retrieved from /Users/anikbhowmick/Python/Big_Data_Assignment/A02/airflow_env/lib/python3.11/site-packages/airflow/example_dags/example_short_circuit_decorator.py
[2024-03-08T13:14:50.202+0530] {logging_mixin.py:188} INFO - [2024-03-08T13:14:50.202+0530] {dag.py:3047} INFO - Sync 1 DAGs
[2024-03-08T13:14:50.207+0530] {logging_mixin.py:188} INFO - [2024-03-08T13:14:50.207+0530] {dag.py:3834} INFO - Setting next_dagrun for example_short_circuit_decorator to 2024-03-07 00:00:00+00:00, run_after=2024-03-08 00:00:00+00:00
[2024-03-08T13:14:50.213+0530] {processor.py:183} INFO - Processing /Users/anikbhowmick/Python/Big_Data_Assignment/A02/airflow_env/lib/python3.11/site-packages/airflow/example_dags/example_short_circuit_decorator.py took 0.076 seconds
[2024-03-08T13:16:13.776+0530] {processor.py:161} INFO - Started process (PID=14330) to work on /Users/anikbhowmick/Python/Big_Data_Assignment/A02/airflow_env/lib/python3.11/site-packages/airflow/example_dags/example_short_circuit_decorator.py
[2024-03-08T13:16:13.777+0530] {processor.py:830} INFO - Processing file /Users/anikbhowmick/Python/Big_Data_Assignment/A02/airflow_env/lib/python3.11/site-packages/airflow/example_dags/example_short_circuit_decorator.py for tasks to queue
[2024-03-08T13:16:13.777+0530] {logging_mixin.py:188} INFO - [2024-03-08T13:16:13.777+0530] {dagbag.py:540} INFO - Filling up the DagBag from /Users/anikbhowmick/Python/Big_Data_Assignment/A02/airflow_env/lib/python3.11/site-packages/airflow/example_dags/example_short_circuit_decorator.py
[2024-03-08T13:16:13.813+0530] {processor.py:840} INFO - DAG(s) 'example_short_circuit_decorator' retrieved from /Users/anikbhowmick/Python/Big_Data_Assignment/A02/airflow_env/lib/python3.11/site-packages/airflow/example_dags/example_short_circuit_decorator.py
[2024-03-08T13:16:13.842+0530] {logging_mixin.py:188} INFO - [2024-03-08T13:16:13.842+0530] {dag.py:3047} INFO - Sync 1 DAGs
[2024-03-08T13:16:13.847+0530] {logging_mixin.py:188} INFO - [2024-03-08T13:16:13.847+0530] {dag.py:3834} INFO - Setting next_dagrun for example_short_circuit_decorator to 2024-03-07 00:00:00+00:00, run_after=2024-03-08 00:00:00+00:00
[2024-03-08T13:16:13.854+0530] {processor.py:183} INFO - Processing /Users/anikbhowmick/Python/Big_Data_Assignment/A02/airflow_env/lib/python3.11/site-packages/airflow/example_dags/example_short_circuit_decorator.py took 0.078 seconds
[2024-03-08T13:18:04.609+0530] {processor.py:161} INFO - Started process (PID=14422) to work on /Users/anikbhowmick/Python/Big_Data_Assignment/A02/airflow_env/lib/python3.11/site-packages/airflow/example_dags/example_short_circuit_decorator.py
[2024-03-08T13:18:04.610+0530] {processor.py:830} INFO - Processing file /Users/anikbhowmick/Python/Big_Data_Assignment/A02/airflow_env/lib/python3.11/site-packages/airflow/example_dags/example_short_circuit_decorator.py for tasks to queue
[2024-03-08T13:18:04.610+0530] {logging_mixin.py:188} INFO - [2024-03-08T13:18:04.610+0530] {dagbag.py:540} INFO - Filling up the DagBag from /Users/anikbhowmick/Python/Big_Data_Assignment/A02/airflow_env/lib/python3.11/site-packages/airflow/example_dags/example_short_circuit_decorator.py
[2024-03-08T13:18:04.644+0530] {processor.py:840} INFO - DAG(s) 'example_short_circuit_decorator' retrieved from /Users/anikbhowmick/Python/Big_Data_Assignment/A02/airflow_env/lib/python3.11/site-packages/airflow/example_dags/example_short_circuit_decorator.py
[2024-03-08T13:18:04.673+0530] {logging_mixin.py:188} INFO - [2024-03-08T13:18:04.673+0530] {dag.py:3047} INFO - Sync 1 DAGs
[2024-03-08T13:18:04.678+0530] {logging_mixin.py:188} INFO - [2024-03-08T13:18:04.678+0530] {dag.py:3834} INFO - Setting next_dagrun for example_short_circuit_decorator to 2024-03-07 00:00:00+00:00, run_after=2024-03-08 00:00:00+00:00
[2024-03-08T13:18:04.684+0530] {processor.py:183} INFO - Processing /Users/anikbhowmick/Python/Big_Data_Assignment/A02/airflow_env/lib/python3.11/site-packages/airflow/example_dags/example_short_circuit_decorator.py took 0.076 seconds
[2024-03-08T13:19:54.271+0530] {processor.py:161} INFO - Started process (PID=14489) to work on /Users/anikbhowmick/Python/Big_Data_Assignment/A02/airflow_env/lib/python3.11/site-packages/airflow/example_dags/example_short_circuit_decorator.py
[2024-03-08T13:19:54.272+0530] {processor.py:830} INFO - Processing file /Users/anikbhowmick/Python/Big_Data_Assignment/A02/airflow_env/lib/python3.11/site-packages/airflow/example_dags/example_short_circuit_decorator.py for tasks to queue
[2024-03-08T13:19:54.273+0530] {logging_mixin.py:188} INFO - [2024-03-08T13:19:54.273+0530] {dagbag.py:540} INFO - Filling up the DagBag from /Users/anikbhowmick/Python/Big_Data_Assignment/A02/airflow_env/lib/python3.11/site-packages/airflow/example_dags/example_short_circuit_decorator.py
[2024-03-08T13:19:54.306+0530] {processor.py:840} INFO - DAG(s) 'example_short_circuit_decorator' retrieved from /Users/anikbhowmick/Python/Big_Data_Assignment/A02/airflow_env/lib/python3.11/site-packages/airflow/example_dags/example_short_circuit_decorator.py
[2024-03-08T13:19:54.334+0530] {logging_mixin.py:188} INFO - [2024-03-08T13:19:54.334+0530] {dag.py:3047} INFO - Sync 1 DAGs
[2024-03-08T13:19:54.339+0530] {logging_mixin.py:188} INFO - [2024-03-08T13:19:54.339+0530] {dag.py:3834} INFO - Setting next_dagrun for example_short_circuit_decorator to 2024-03-07 00:00:00+00:00, run_after=2024-03-08 00:00:00+00:00
[2024-03-08T13:19:54.346+0530] {processor.py:183} INFO - Processing /Users/anikbhowmick/Python/Big_Data_Assignment/A02/airflow_env/lib/python3.11/site-packages/airflow/example_dags/example_short_circuit_decorator.py took 0.075 seconds
[2024-03-08T13:22:22.324+0530] {processor.py:161} INFO - Started process (PID=14654) to work on /Users/anikbhowmick/Python/Big_Data_Assignment/A02/airflow_env/lib/python3.11/site-packages/airflow/example_dags/example_short_circuit_decorator.py
[2024-03-08T13:22:22.325+0530] {processor.py:830} INFO - Processing file /Users/anikbhowmick/Python/Big_Data_Assignment/A02/airflow_env/lib/python3.11/site-packages/airflow/example_dags/example_short_circuit_decorator.py for tasks to queue
[2024-03-08T13:22:22.325+0530] {logging_mixin.py:188} INFO - [2024-03-08T13:22:22.325+0530] {dagbag.py:540} INFO - Filling up the DagBag from /Users/anikbhowmick/Python/Big_Data_Assignment/A02/airflow_env/lib/python3.11/site-packages/airflow/example_dags/example_short_circuit_decorator.py
[2024-03-08T13:22:22.359+0530] {processor.py:840} INFO - DAG(s) 'example_short_circuit_decorator' retrieved from /Users/anikbhowmick/Python/Big_Data_Assignment/A02/airflow_env/lib/python3.11/site-packages/airflow/example_dags/example_short_circuit_decorator.py
[2024-03-08T13:22:22.388+0530] {logging_mixin.py:188} INFO - [2024-03-08T13:22:22.388+0530] {dag.py:3047} INFO - Sync 1 DAGs
[2024-03-08T13:22:22.393+0530] {logging_mixin.py:188} INFO - [2024-03-08T13:22:22.393+0530] {dag.py:3834} INFO - Setting next_dagrun for example_short_circuit_decorator to 2024-03-07 00:00:00+00:00, run_after=2024-03-08 00:00:00+00:00
[2024-03-08T13:22:22.399+0530] {processor.py:183} INFO - Processing /Users/anikbhowmick/Python/Big_Data_Assignment/A02/airflow_env/lib/python3.11/site-packages/airflow/example_dags/example_short_circuit_decorator.py took 0.076 seconds
[2024-03-08T13:33:34.452+0530] {processor.py:161} INFO - Started process (PID=15445) to work on /Users/anikbhowmick/Python/Big_Data_Assignment/A02/airflow_env/lib/python3.11/site-packages/airflow/example_dags/example_short_circuit_decorator.py
[2024-03-08T13:33:34.454+0530] {processor.py:830} INFO - Processing file /Users/anikbhowmick/Python/Big_Data_Assignment/A02/airflow_env/lib/python3.11/site-packages/airflow/example_dags/example_short_circuit_decorator.py for tasks to queue
[2024-03-08T13:33:34.454+0530] {logging_mixin.py:188} INFO - [2024-03-08T13:33:34.454+0530] {dagbag.py:540} INFO - Filling up the DagBag from /Users/anikbhowmick/Python/Big_Data_Assignment/A02/airflow_env/lib/python3.11/site-packages/airflow/example_dags/example_short_circuit_decorator.py
[2024-03-08T13:33:34.489+0530] {processor.py:840} INFO - DAG(s) 'example_short_circuit_decorator' retrieved from /Users/anikbhowmick/Python/Big_Data_Assignment/A02/airflow_env/lib/python3.11/site-packages/airflow/example_dags/example_short_circuit_decorator.py
[2024-03-08T13:33:34.519+0530] {logging_mixin.py:188} INFO - [2024-03-08T13:33:34.519+0530] {dag.py:3047} INFO - Sync 1 DAGs
[2024-03-08T13:33:34.524+0530] {logging_mixin.py:188} INFO - [2024-03-08T13:33:34.524+0530] {dag.py:3834} INFO - Setting next_dagrun for example_short_circuit_decorator to 2024-03-07 00:00:00+00:00, run_after=2024-03-08 00:00:00+00:00
[2024-03-08T13:33:34.531+0530] {processor.py:183} INFO - Processing /Users/anikbhowmick/Python/Big_Data_Assignment/A02/airflow_env/lib/python3.11/site-packages/airflow/example_dags/example_short_circuit_decorator.py took 0.079 seconds
[2024-03-08T13:35:02.641+0530] {processor.py:161} INFO - Started process (PID=15520) to work on /Users/anikbhowmick/Python/Big_Data_Assignment/A02/airflow_env/lib/python3.11/site-packages/airflow/example_dags/example_short_circuit_decorator.py
[2024-03-08T13:35:02.642+0530] {processor.py:830} INFO - Processing file /Users/anikbhowmick/Python/Big_Data_Assignment/A02/airflow_env/lib/python3.11/site-packages/airflow/example_dags/example_short_circuit_decorator.py for tasks to queue
[2024-03-08T13:35:02.642+0530] {logging_mixin.py:188} INFO - [2024-03-08T13:35:02.642+0530] {dagbag.py:540} INFO - Filling up the DagBag from /Users/anikbhowmick/Python/Big_Data_Assignment/A02/airflow_env/lib/python3.11/site-packages/airflow/example_dags/example_short_circuit_decorator.py
[2024-03-08T13:35:02.676+0530] {processor.py:840} INFO - DAG(s) 'example_short_circuit_decorator' retrieved from /Users/anikbhowmick/Python/Big_Data_Assignment/A02/airflow_env/lib/python3.11/site-packages/airflow/example_dags/example_short_circuit_decorator.py
[2024-03-08T13:35:02.706+0530] {logging_mixin.py:188} INFO - [2024-03-08T13:35:02.706+0530] {dag.py:3047} INFO - Sync 1 DAGs
[2024-03-08T13:35:02.711+0530] {logging_mixin.py:188} INFO - [2024-03-08T13:35:02.711+0530] {dag.py:3834} INFO - Setting next_dagrun for example_short_circuit_decorator to 2024-03-07 00:00:00+00:00, run_after=2024-03-08 00:00:00+00:00
[2024-03-08T13:35:02.717+0530] {processor.py:183} INFO - Processing /Users/anikbhowmick/Python/Big_Data_Assignment/A02/airflow_env/lib/python3.11/site-packages/airflow/example_dags/example_short_circuit_decorator.py took 0.077 seconds
[2024-03-08T13:36:52.452+0530] {processor.py:161} INFO - Started process (PID=15592) to work on /Users/anikbhowmick/Python/Big_Data_Assignment/A02/airflow_env/lib/python3.11/site-packages/airflow/example_dags/example_short_circuit_decorator.py
[2024-03-08T13:36:52.453+0530] {processor.py:830} INFO - Processing file /Users/anikbhowmick/Python/Big_Data_Assignment/A02/airflow_env/lib/python3.11/site-packages/airflow/example_dags/example_short_circuit_decorator.py for tasks to queue
[2024-03-08T13:36:52.453+0530] {logging_mixin.py:188} INFO - [2024-03-08T13:36:52.453+0530] {dagbag.py:540} INFO - Filling up the DagBag from /Users/anikbhowmick/Python/Big_Data_Assignment/A02/airflow_env/lib/python3.11/site-packages/airflow/example_dags/example_short_circuit_decorator.py
[2024-03-08T13:36:52.488+0530] {processor.py:840} INFO - DAG(s) 'example_short_circuit_decorator' retrieved from /Users/anikbhowmick/Python/Big_Data_Assignment/A02/airflow_env/lib/python3.11/site-packages/airflow/example_dags/example_short_circuit_decorator.py
[2024-03-08T13:36:52.517+0530] {logging_mixin.py:188} INFO - [2024-03-08T13:36:52.517+0530] {dag.py:3047} INFO - Sync 1 DAGs
[2024-03-08T13:36:52.522+0530] {logging_mixin.py:188} INFO - [2024-03-08T13:36:52.522+0530] {dag.py:3834} INFO - Setting next_dagrun for example_short_circuit_decorator to 2024-03-07 00:00:00+00:00, run_after=2024-03-08 00:00:00+00:00
[2024-03-08T13:36:52.529+0530] {processor.py:183} INFO - Processing /Users/anikbhowmick/Python/Big_Data_Assignment/A02/airflow_env/lib/python3.11/site-packages/airflow/example_dags/example_short_circuit_decorator.py took 0.077 seconds
[2024-03-08T14:24:00.490+0530] {processor.py:161} INFO - Started process (PID=16679) to work on /Users/anikbhowmick/Python/Big_Data_Assignment/A02/airflow_env/lib/python3.11/site-packages/airflow/example_dags/example_short_circuit_decorator.py
[2024-03-08T14:24:00.491+0530] {processor.py:830} INFO - Processing file /Users/anikbhowmick/Python/Big_Data_Assignment/A02/airflow_env/lib/python3.11/site-packages/airflow/example_dags/example_short_circuit_decorator.py for tasks to queue
[2024-03-08T14:24:00.491+0530] {logging_mixin.py:188} INFO - [2024-03-08T14:24:00.491+0530] {dagbag.py:540} INFO - Filling up the DagBag from /Users/anikbhowmick/Python/Big_Data_Assignment/A02/airflow_env/lib/python3.11/site-packages/airflow/example_dags/example_short_circuit_decorator.py
[2024-03-08T14:24:00.525+0530] {processor.py:840} INFO - DAG(s) 'example_short_circuit_decorator' retrieved from /Users/anikbhowmick/Python/Big_Data_Assignment/A02/airflow_env/lib/python3.11/site-packages/airflow/example_dags/example_short_circuit_decorator.py
[2024-03-08T14:24:00.554+0530] {logging_mixin.py:188} INFO - [2024-03-08T14:24:00.554+0530] {dag.py:3047} INFO - Sync 1 DAGs
[2024-03-08T14:24:00.559+0530] {logging_mixin.py:188} INFO - [2024-03-08T14:24:00.559+0530] {dag.py:3834} INFO - Setting next_dagrun for example_short_circuit_decorator to 2024-03-07 00:00:00+00:00, run_after=2024-03-08 00:00:00+00:00
[2024-03-08T14:24:00.566+0530] {processor.py:183} INFO - Processing /Users/anikbhowmick/Python/Big_Data_Assignment/A02/airflow_env/lib/python3.11/site-packages/airflow/example_dags/example_short_circuit_decorator.py took 0.076 seconds
[2024-03-08T14:28:18.288+0530] {processor.py:161} INFO - Started process (PID=16972) to work on /Users/anikbhowmick/Python/Big_Data_Assignment/A02/airflow_env/lib/python3.11/site-packages/airflow/example_dags/example_short_circuit_decorator.py
[2024-03-08T14:28:18.290+0530] {processor.py:830} INFO - Processing file /Users/anikbhowmick/Python/Big_Data_Assignment/A02/airflow_env/lib/python3.11/site-packages/airflow/example_dags/example_short_circuit_decorator.py for tasks to queue
[2024-03-08T14:28:18.290+0530] {logging_mixin.py:188} INFO - [2024-03-08T14:28:18.290+0530] {dagbag.py:540} INFO - Filling up the DagBag from /Users/anikbhowmick/Python/Big_Data_Assignment/A02/airflow_env/lib/python3.11/site-packages/airflow/example_dags/example_short_circuit_decorator.py
[2024-03-08T14:28:18.323+0530] {processor.py:840} INFO - DAG(s) 'example_short_circuit_decorator' retrieved from /Users/anikbhowmick/Python/Big_Data_Assignment/A02/airflow_env/lib/python3.11/site-packages/airflow/example_dags/example_short_circuit_decorator.py
[2024-03-08T14:28:18.352+0530] {logging_mixin.py:188} INFO - [2024-03-08T14:28:18.352+0530] {dag.py:3047} INFO - Sync 1 DAGs
[2024-03-08T14:28:18.357+0530] {logging_mixin.py:188} INFO - [2024-03-08T14:28:18.357+0530] {dag.py:3834} INFO - Setting next_dagrun for example_short_circuit_decorator to 2024-03-07 00:00:00+00:00, run_after=2024-03-08 00:00:00+00:00
[2024-03-08T14:28:18.363+0530] {processor.py:183} INFO - Processing /Users/anikbhowmick/Python/Big_Data_Assignment/A02/airflow_env/lib/python3.11/site-packages/airflow/example_dags/example_short_circuit_decorator.py took 0.075 seconds
[2024-03-08T14:29:44.520+0530] {processor.py:161} INFO - Started process (PID=17031) to work on /Users/anikbhowmick/Python/Big_Data_Assignment/A02/airflow_env/lib/python3.11/site-packages/airflow/example_dags/example_short_circuit_decorator.py
[2024-03-08T14:29:44.521+0530] {processor.py:830} INFO - Processing file /Users/anikbhowmick/Python/Big_Data_Assignment/A02/airflow_env/lib/python3.11/site-packages/airflow/example_dags/example_short_circuit_decorator.py for tasks to queue
[2024-03-08T14:29:44.521+0530] {logging_mixin.py:188} INFO - [2024-03-08T14:29:44.521+0530] {dagbag.py:540} INFO - Filling up the DagBag from /Users/anikbhowmick/Python/Big_Data_Assignment/A02/airflow_env/lib/python3.11/site-packages/airflow/example_dags/example_short_circuit_decorator.py
[2024-03-08T14:29:44.555+0530] {processor.py:840} INFO - DAG(s) 'example_short_circuit_decorator' retrieved from /Users/anikbhowmick/Python/Big_Data_Assignment/A02/airflow_env/lib/python3.11/site-packages/airflow/example_dags/example_short_circuit_decorator.py
[2024-03-08T14:29:44.583+0530] {logging_mixin.py:188} INFO - [2024-03-08T14:29:44.583+0530] {dag.py:3047} INFO - Sync 1 DAGs
[2024-03-08T14:29:44.589+0530] {logging_mixin.py:188} INFO - [2024-03-08T14:29:44.588+0530] {dag.py:3834} INFO - Setting next_dagrun for example_short_circuit_decorator to 2024-03-07 00:00:00+00:00, run_after=2024-03-08 00:00:00+00:00
[2024-03-08T14:29:44.595+0530] {processor.py:183} INFO - Processing /Users/anikbhowmick/Python/Big_Data_Assignment/A02/airflow_env/lib/python3.11/site-packages/airflow/example_dags/example_short_circuit_decorator.py took 0.075 seconds
[2024-03-08T14:33:47.714+0530] {processor.py:161} INFO - Started process (PID=17287) to work on /Users/anikbhowmick/Python/Big_Data_Assignment/A02/airflow_env/lib/python3.11/site-packages/airflow/example_dags/example_short_circuit_decorator.py
[2024-03-08T14:33:47.715+0530] {processor.py:830} INFO - Processing file /Users/anikbhowmick/Python/Big_Data_Assignment/A02/airflow_env/lib/python3.11/site-packages/airflow/example_dags/example_short_circuit_decorator.py for tasks to queue
[2024-03-08T14:33:47.715+0530] {logging_mixin.py:188} INFO - [2024-03-08T14:33:47.715+0530] {dagbag.py:540} INFO - Filling up the DagBag from /Users/anikbhowmick/Python/Big_Data_Assignment/A02/airflow_env/lib/python3.11/site-packages/airflow/example_dags/example_short_circuit_decorator.py
[2024-03-08T14:33:47.748+0530] {processor.py:840} INFO - DAG(s) 'example_short_circuit_decorator' retrieved from /Users/anikbhowmick/Python/Big_Data_Assignment/A02/airflow_env/lib/python3.11/site-packages/airflow/example_dags/example_short_circuit_decorator.py
[2024-03-08T14:33:47.777+0530] {logging_mixin.py:188} INFO - [2024-03-08T14:33:47.777+0530] {dag.py:3047} INFO - Sync 1 DAGs
[2024-03-08T14:33:47.782+0530] {logging_mixin.py:188} INFO - [2024-03-08T14:33:47.782+0530] {dag.py:3834} INFO - Setting next_dagrun for example_short_circuit_decorator to 2024-03-07 00:00:00+00:00, run_after=2024-03-08 00:00:00+00:00
[2024-03-08T14:33:47.788+0530] {processor.py:183} INFO - Processing /Users/anikbhowmick/Python/Big_Data_Assignment/A02/airflow_env/lib/python3.11/site-packages/airflow/example_dags/example_short_circuit_decorator.py took 0.075 seconds
[2024-03-08T14:35:13.545+0530] {processor.py:161} INFO - Started process (PID=17363) to work on /Users/anikbhowmick/Python/Big_Data_Assignment/A02/airflow_env/lib/python3.11/site-packages/airflow/example_dags/example_short_circuit_decorator.py
[2024-03-08T14:35:13.546+0530] {processor.py:830} INFO - Processing file /Users/anikbhowmick/Python/Big_Data_Assignment/A02/airflow_env/lib/python3.11/site-packages/airflow/example_dags/example_short_circuit_decorator.py for tasks to queue
[2024-03-08T14:35:13.547+0530] {logging_mixin.py:188} INFO - [2024-03-08T14:35:13.547+0530] {dagbag.py:540} INFO - Filling up the DagBag from /Users/anikbhowmick/Python/Big_Data_Assignment/A02/airflow_env/lib/python3.11/site-packages/airflow/example_dags/example_short_circuit_decorator.py
[2024-03-08T14:35:13.580+0530] {processor.py:840} INFO - DAG(s) 'example_short_circuit_decorator' retrieved from /Users/anikbhowmick/Python/Big_Data_Assignment/A02/airflow_env/lib/python3.11/site-packages/airflow/example_dags/example_short_circuit_decorator.py
[2024-03-08T14:35:13.608+0530] {logging_mixin.py:188} INFO - [2024-03-08T14:35:13.608+0530] {dag.py:3047} INFO - Sync 1 DAGs
[2024-03-08T14:35:13.613+0530] {logging_mixin.py:188} INFO - [2024-03-08T14:35:13.613+0530] {dag.py:3834} INFO - Setting next_dagrun for example_short_circuit_decorator to 2024-03-07 00:00:00+00:00, run_after=2024-03-08 00:00:00+00:00
[2024-03-08T14:35:13.620+0530] {processor.py:183} INFO - Processing /Users/anikbhowmick/Python/Big_Data_Assignment/A02/airflow_env/lib/python3.11/site-packages/airflow/example_dags/example_short_circuit_decorator.py took 0.075 seconds
[2024-03-08T14:37:03.043+0530] {processor.py:161} INFO - Started process (PID=17431) to work on /Users/anikbhowmick/Python/Big_Data_Assignment/A02/airflow_env/lib/python3.11/site-packages/airflow/example_dags/example_short_circuit_decorator.py
[2024-03-08T14:37:03.043+0530] {processor.py:830} INFO - Processing file /Users/anikbhowmick/Python/Big_Data_Assignment/A02/airflow_env/lib/python3.11/site-packages/airflow/example_dags/example_short_circuit_decorator.py for tasks to queue
[2024-03-08T14:37:03.044+0530] {logging_mixin.py:188} INFO - [2024-03-08T14:37:03.043+0530] {dagbag.py:540} INFO - Filling up the DagBag from /Users/anikbhowmick/Python/Big_Data_Assignment/A02/airflow_env/lib/python3.11/site-packages/airflow/example_dags/example_short_circuit_decorator.py
[2024-03-08T14:37:03.077+0530] {processor.py:840} INFO - DAG(s) 'example_short_circuit_decorator' retrieved from /Users/anikbhowmick/Python/Big_Data_Assignment/A02/airflow_env/lib/python3.11/site-packages/airflow/example_dags/example_short_circuit_decorator.py
[2024-03-08T14:37:03.105+0530] {logging_mixin.py:188} INFO - [2024-03-08T14:37:03.105+0530] {dag.py:3047} INFO - Sync 1 DAGs
[2024-03-08T14:37:03.111+0530] {logging_mixin.py:188} INFO - [2024-03-08T14:37:03.110+0530] {dag.py:3834} INFO - Setting next_dagrun for example_short_circuit_decorator to 2024-03-07 00:00:00+00:00, run_after=2024-03-08 00:00:00+00:00
[2024-03-08T14:37:03.117+0530] {processor.py:183} INFO - Processing /Users/anikbhowmick/Python/Big_Data_Assignment/A02/airflow_env/lib/python3.11/site-packages/airflow/example_dags/example_short_circuit_decorator.py took 0.074 seconds
[2024-03-08T14:38:49.041+0530] {processor.py:161} INFO - Started process (PID=17503) to work on /Users/anikbhowmick/Python/Big_Data_Assignment/A02/airflow_env/lib/python3.11/site-packages/airflow/example_dags/example_short_circuit_decorator.py
[2024-03-08T14:38:49.042+0530] {processor.py:830} INFO - Processing file /Users/anikbhowmick/Python/Big_Data_Assignment/A02/airflow_env/lib/python3.11/site-packages/airflow/example_dags/example_short_circuit_decorator.py for tasks to queue
[2024-03-08T14:38:49.042+0530] {logging_mixin.py:188} INFO - [2024-03-08T14:38:49.042+0530] {dagbag.py:540} INFO - Filling up the DagBag from /Users/anikbhowmick/Python/Big_Data_Assignment/A02/airflow_env/lib/python3.11/site-packages/airflow/example_dags/example_short_circuit_decorator.py
[2024-03-08T14:38:49.077+0530] {processor.py:840} INFO - DAG(s) 'example_short_circuit_decorator' retrieved from /Users/anikbhowmick/Python/Big_Data_Assignment/A02/airflow_env/lib/python3.11/site-packages/airflow/example_dags/example_short_circuit_decorator.py
[2024-03-08T14:38:49.105+0530] {logging_mixin.py:188} INFO - [2024-03-08T14:38:49.105+0530] {dag.py:3047} INFO - Sync 1 DAGs
[2024-03-08T14:38:49.110+0530] {logging_mixin.py:188} INFO - [2024-03-08T14:38:49.110+0530] {dag.py:3834} INFO - Setting next_dagrun for example_short_circuit_decorator to 2024-03-07 00:00:00+00:00, run_after=2024-03-08 00:00:00+00:00
[2024-03-08T14:38:49.117+0530] {processor.py:183} INFO - Processing /Users/anikbhowmick/Python/Big_Data_Assignment/A02/airflow_env/lib/python3.11/site-packages/airflow/example_dags/example_short_circuit_decorator.py took 0.076 seconds
[2024-03-08T14:40:38.530+0530] {processor.py:161} INFO - Started process (PID=17570) to work on /Users/anikbhowmick/Python/Big_Data_Assignment/A02/airflow_env/lib/python3.11/site-packages/airflow/example_dags/example_short_circuit_decorator.py
[2024-03-08T14:40:38.531+0530] {processor.py:830} INFO - Processing file /Users/anikbhowmick/Python/Big_Data_Assignment/A02/airflow_env/lib/python3.11/site-packages/airflow/example_dags/example_short_circuit_decorator.py for tasks to queue
[2024-03-08T14:40:38.531+0530] {logging_mixin.py:188} INFO - [2024-03-08T14:40:38.531+0530] {dagbag.py:540} INFO - Filling up the DagBag from /Users/anikbhowmick/Python/Big_Data_Assignment/A02/airflow_env/lib/python3.11/site-packages/airflow/example_dags/example_short_circuit_decorator.py
[2024-03-08T14:40:38.564+0530] {processor.py:840} INFO - DAG(s) 'example_short_circuit_decorator' retrieved from /Users/anikbhowmick/Python/Big_Data_Assignment/A02/airflow_env/lib/python3.11/site-packages/airflow/example_dags/example_short_circuit_decorator.py
[2024-03-08T14:40:38.593+0530] {logging_mixin.py:188} INFO - [2024-03-08T14:40:38.593+0530] {dag.py:3047} INFO - Sync 1 DAGs
[2024-03-08T14:40:38.598+0530] {logging_mixin.py:188} INFO - [2024-03-08T14:40:38.598+0530] {dag.py:3834} INFO - Setting next_dagrun for example_short_circuit_decorator to 2024-03-07 00:00:00+00:00, run_after=2024-03-08 00:00:00+00:00
[2024-03-08T14:40:38.604+0530] {processor.py:183} INFO - Processing /Users/anikbhowmick/Python/Big_Data_Assignment/A02/airflow_env/lib/python3.11/site-packages/airflow/example_dags/example_short_circuit_decorator.py took 0.075 seconds
[2024-03-08T14:42:20.910+0530] {processor.py:161} INFO - Started process (PID=17637) to work on /Users/anikbhowmick/Python/Big_Data_Assignment/A02/airflow_env/lib/python3.11/site-packages/airflow/example_dags/example_short_circuit_decorator.py
[2024-03-08T14:42:20.911+0530] {processor.py:830} INFO - Processing file /Users/anikbhowmick/Python/Big_Data_Assignment/A02/airflow_env/lib/python3.11/site-packages/airflow/example_dags/example_short_circuit_decorator.py for tasks to queue
[2024-03-08T14:42:20.911+0530] {logging_mixin.py:188} INFO - [2024-03-08T14:42:20.911+0530] {dagbag.py:540} INFO - Filling up the DagBag from /Users/anikbhowmick/Python/Big_Data_Assignment/A02/airflow_env/lib/python3.11/site-packages/airflow/example_dags/example_short_circuit_decorator.py
[2024-03-08T14:42:20.944+0530] {processor.py:840} INFO - DAG(s) 'example_short_circuit_decorator' retrieved from /Users/anikbhowmick/Python/Big_Data_Assignment/A02/airflow_env/lib/python3.11/site-packages/airflow/example_dags/example_short_circuit_decorator.py
[2024-03-08T14:42:20.973+0530] {logging_mixin.py:188} INFO - [2024-03-08T14:42:20.973+0530] {dag.py:3047} INFO - Sync 1 DAGs
[2024-03-08T14:42:20.978+0530] {logging_mixin.py:188} INFO - [2024-03-08T14:42:20.978+0530] {dag.py:3834} INFO - Setting next_dagrun for example_short_circuit_decorator to 2024-03-07 00:00:00+00:00, run_after=2024-03-08 00:00:00+00:00
[2024-03-08T14:42:20.984+0530] {processor.py:183} INFO - Processing /Users/anikbhowmick/Python/Big_Data_Assignment/A02/airflow_env/lib/python3.11/site-packages/airflow/example_dags/example_short_circuit_decorator.py took 0.074 seconds
[2024-03-08T14:52:58.792+0530] {processor.py:161} INFO - Started process (PID=17969) to work on /Users/anikbhowmick/Python/Big_Data_Assignment/A02/airflow_env/lib/python3.11/site-packages/airflow/example_dags/example_short_circuit_decorator.py
[2024-03-08T14:52:58.793+0530] {processor.py:830} INFO - Processing file /Users/anikbhowmick/Python/Big_Data_Assignment/A02/airflow_env/lib/python3.11/site-packages/airflow/example_dags/example_short_circuit_decorator.py for tasks to queue
[2024-03-08T14:52:58.794+0530] {logging_mixin.py:188} INFO - [2024-03-08T14:52:58.794+0530] {dagbag.py:540} INFO - Filling up the DagBag from /Users/anikbhowmick/Python/Big_Data_Assignment/A02/airflow_env/lib/python3.11/site-packages/airflow/example_dags/example_short_circuit_decorator.py
[2024-03-08T14:52:58.826+0530] {processor.py:840} INFO - DAG(s) 'example_short_circuit_decorator' retrieved from /Users/anikbhowmick/Python/Big_Data_Assignment/A02/airflow_env/lib/python3.11/site-packages/airflow/example_dags/example_short_circuit_decorator.py
[2024-03-08T14:52:58.856+0530] {logging_mixin.py:188} INFO - [2024-03-08T14:52:58.856+0530] {dag.py:3047} INFO - Sync 1 DAGs
[2024-03-08T14:52:58.861+0530] {logging_mixin.py:188} INFO - [2024-03-08T14:52:58.861+0530] {dag.py:3834} INFO - Setting next_dagrun for example_short_circuit_decorator to 2024-03-07 00:00:00+00:00, run_after=2024-03-08 00:00:00+00:00
[2024-03-08T14:52:58.867+0530] {processor.py:183} INFO - Processing /Users/anikbhowmick/Python/Big_Data_Assignment/A02/airflow_env/lib/python3.11/site-packages/airflow/example_dags/example_short_circuit_decorator.py took 0.076 seconds
[2024-03-08T14:54:23.368+0530] {processor.py:161} INFO - Started process (PID=18103) to work on /Users/anikbhowmick/Python/Big_Data_Assignment/A02/airflow_env/lib/python3.11/site-packages/airflow/example_dags/example_short_circuit_decorator.py
[2024-03-08T14:54:23.368+0530] {processor.py:830} INFO - Processing file /Users/anikbhowmick/Python/Big_Data_Assignment/A02/airflow_env/lib/python3.11/site-packages/airflow/example_dags/example_short_circuit_decorator.py for tasks to queue
[2024-03-08T14:54:23.369+0530] {logging_mixin.py:188} INFO - [2024-03-08T14:54:23.369+0530] {dagbag.py:540} INFO - Filling up the DagBag from /Users/anikbhowmick/Python/Big_Data_Assignment/A02/airflow_env/lib/python3.11/site-packages/airflow/example_dags/example_short_circuit_decorator.py
[2024-03-08T14:54:23.404+0530] {processor.py:840} INFO - DAG(s) 'example_short_circuit_decorator' retrieved from /Users/anikbhowmick/Python/Big_Data_Assignment/A02/airflow_env/lib/python3.11/site-packages/airflow/example_dags/example_short_circuit_decorator.py
[2024-03-08T14:54:23.434+0530] {logging_mixin.py:188} INFO - [2024-03-08T14:54:23.434+0530] {dag.py:3047} INFO - Sync 1 DAGs
[2024-03-08T14:54:23.440+0530] {logging_mixin.py:188} INFO - [2024-03-08T14:54:23.440+0530] {dag.py:3834} INFO - Setting next_dagrun for example_short_circuit_decorator to 2024-03-07 00:00:00+00:00, run_after=2024-03-08 00:00:00+00:00
[2024-03-08T14:54:23.448+0530] {processor.py:183} INFO - Processing /Users/anikbhowmick/Python/Big_Data_Assignment/A02/airflow_env/lib/python3.11/site-packages/airflow/example_dags/example_short_circuit_decorator.py took 0.081 seconds
[2024-03-08T14:56:09.155+0530] {processor.py:161} INFO - Started process (PID=18224) to work on /Users/anikbhowmick/Python/Big_Data_Assignment/A02/airflow_env/lib/python3.11/site-packages/airflow/example_dags/example_short_circuit_decorator.py
[2024-03-08T14:56:09.156+0530] {processor.py:830} INFO - Processing file /Users/anikbhowmick/Python/Big_Data_Assignment/A02/airflow_env/lib/python3.11/site-packages/airflow/example_dags/example_short_circuit_decorator.py for tasks to queue
[2024-03-08T14:56:09.156+0530] {logging_mixin.py:188} INFO - [2024-03-08T14:56:09.156+0530] {dagbag.py:540} INFO - Filling up the DagBag from /Users/anikbhowmick/Python/Big_Data_Assignment/A02/airflow_env/lib/python3.11/site-packages/airflow/example_dags/example_short_circuit_decorator.py
[2024-03-08T14:56:09.190+0530] {processor.py:840} INFO - DAG(s) 'example_short_circuit_decorator' retrieved from /Users/anikbhowmick/Python/Big_Data_Assignment/A02/airflow_env/lib/python3.11/site-packages/airflow/example_dags/example_short_circuit_decorator.py
[2024-03-08T14:56:09.219+0530] {logging_mixin.py:188} INFO - [2024-03-08T14:56:09.219+0530] {dag.py:3047} INFO - Sync 1 DAGs
[2024-03-08T14:56:09.224+0530] {logging_mixin.py:188} INFO - [2024-03-08T14:56:09.224+0530] {dag.py:3834} INFO - Setting next_dagrun for example_short_circuit_decorator to 2024-03-07 00:00:00+00:00, run_after=2024-03-08 00:00:00+00:00
[2024-03-08T14:56:09.230+0530] {processor.py:183} INFO - Processing /Users/anikbhowmick/Python/Big_Data_Assignment/A02/airflow_env/lib/python3.11/site-packages/airflow/example_dags/example_short_circuit_decorator.py took 0.076 seconds
[2024-03-08T14:57:57.399+0530] {processor.py:161} INFO - Started process (PID=18289) to work on /Users/anikbhowmick/Python/Big_Data_Assignment/A02/airflow_env/lib/python3.11/site-packages/airflow/example_dags/example_short_circuit_decorator.py
[2024-03-08T14:57:57.400+0530] {processor.py:830} INFO - Processing file /Users/anikbhowmick/Python/Big_Data_Assignment/A02/airflow_env/lib/python3.11/site-packages/airflow/example_dags/example_short_circuit_decorator.py for tasks to queue
[2024-03-08T14:57:57.401+0530] {logging_mixin.py:188} INFO - [2024-03-08T14:57:57.401+0530] {dagbag.py:540} INFO - Filling up the DagBag from /Users/anikbhowmick/Python/Big_Data_Assignment/A02/airflow_env/lib/python3.11/site-packages/airflow/example_dags/example_short_circuit_decorator.py
[2024-03-08T14:57:57.434+0530] {processor.py:840} INFO - DAG(s) 'example_short_circuit_decorator' retrieved from /Users/anikbhowmick/Python/Big_Data_Assignment/A02/airflow_env/lib/python3.11/site-packages/airflow/example_dags/example_short_circuit_decorator.py
[2024-03-08T14:57:57.462+0530] {logging_mixin.py:188} INFO - [2024-03-08T14:57:57.462+0530] {dag.py:3047} INFO - Sync 1 DAGs
[2024-03-08T14:57:57.467+0530] {logging_mixin.py:188} INFO - [2024-03-08T14:57:57.467+0530] {dag.py:3834} INFO - Setting next_dagrun for example_short_circuit_decorator to 2024-03-07 00:00:00+00:00, run_after=2024-03-08 00:00:00+00:00
[2024-03-08T14:57:57.473+0530] {processor.py:183} INFO - Processing /Users/anikbhowmick/Python/Big_Data_Assignment/A02/airflow_env/lib/python3.11/site-packages/airflow/example_dags/example_short_circuit_decorator.py took 0.074 seconds
[2024-03-08T14:59:50.022+0530] {processor.py:161} INFO - Started process (PID=18363) to work on /Users/anikbhowmick/Python/Big_Data_Assignment/A02/airflow_env/lib/python3.11/site-packages/airflow/example_dags/example_short_circuit_decorator.py
[2024-03-08T14:59:50.024+0530] {processor.py:830} INFO - Processing file /Users/anikbhowmick/Python/Big_Data_Assignment/A02/airflow_env/lib/python3.11/site-packages/airflow/example_dags/example_short_circuit_decorator.py for tasks to queue
[2024-03-08T14:59:50.024+0530] {logging_mixin.py:188} INFO - [2024-03-08T14:59:50.024+0530] {dagbag.py:540} INFO - Filling up the DagBag from /Users/anikbhowmick/Python/Big_Data_Assignment/A02/airflow_env/lib/python3.11/site-packages/airflow/example_dags/example_short_circuit_decorator.py
[2024-03-08T14:59:50.057+0530] {processor.py:840} INFO - DAG(s) 'example_short_circuit_decorator' retrieved from /Users/anikbhowmick/Python/Big_Data_Assignment/A02/airflow_env/lib/python3.11/site-packages/airflow/example_dags/example_short_circuit_decorator.py
[2024-03-08T14:59:50.086+0530] {logging_mixin.py:188} INFO - [2024-03-08T14:59:50.085+0530] {dag.py:3047} INFO - Sync 1 DAGs
[2024-03-08T14:59:50.091+0530] {logging_mixin.py:188} INFO - [2024-03-08T14:59:50.090+0530] {dag.py:3834} INFO - Setting next_dagrun for example_short_circuit_decorator to 2024-03-07 00:00:00+00:00, run_after=2024-03-08 00:00:00+00:00
[2024-03-08T14:59:50.097+0530] {processor.py:183} INFO - Processing /Users/anikbhowmick/Python/Big_Data_Assignment/A02/airflow_env/lib/python3.11/site-packages/airflow/example_dags/example_short_circuit_decorator.py took 0.075 seconds
[2024-03-08T15:01:46.505+0530] {processor.py:161} INFO - Started process (PID=18437) to work on /Users/anikbhowmick/Python/Big_Data_Assignment/A02/airflow_env/lib/python3.11/site-packages/airflow/example_dags/example_short_circuit_decorator.py
[2024-03-08T15:01:46.508+0530] {processor.py:830} INFO - Processing file /Users/anikbhowmick/Python/Big_Data_Assignment/A02/airflow_env/lib/python3.11/site-packages/airflow/example_dags/example_short_circuit_decorator.py for tasks to queue
[2024-03-08T15:01:46.508+0530] {logging_mixin.py:188} INFO - [2024-03-08T15:01:46.508+0530] {dagbag.py:540} INFO - Filling up the DagBag from /Users/anikbhowmick/Python/Big_Data_Assignment/A02/airflow_env/lib/python3.11/site-packages/airflow/example_dags/example_short_circuit_decorator.py
[2024-03-08T15:01:46.541+0530] {processor.py:840} INFO - DAG(s) 'example_short_circuit_decorator' retrieved from /Users/anikbhowmick/Python/Big_Data_Assignment/A02/airflow_env/lib/python3.11/site-packages/airflow/example_dags/example_short_circuit_decorator.py
[2024-03-08T15:01:46.570+0530] {logging_mixin.py:188} INFO - [2024-03-08T15:01:46.570+0530] {dag.py:3047} INFO - Sync 1 DAGs
[2024-03-08T15:01:46.575+0530] {logging_mixin.py:188} INFO - [2024-03-08T15:01:46.575+0530] {dag.py:3834} INFO - Setting next_dagrun for example_short_circuit_decorator to 2024-03-07 00:00:00+00:00, run_after=2024-03-08 00:00:00+00:00
[2024-03-08T15:01:46.581+0530] {processor.py:183} INFO - Processing /Users/anikbhowmick/Python/Big_Data_Assignment/A02/airflow_env/lib/python3.11/site-packages/airflow/example_dags/example_short_circuit_decorator.py took 0.076 seconds
[2024-03-08T15:03:31.983+0530] {processor.py:161} INFO - Started process (PID=18511) to work on /Users/anikbhowmick/Python/Big_Data_Assignment/A02/airflow_env/lib/python3.11/site-packages/airflow/example_dags/example_short_circuit_decorator.py
[2024-03-08T15:03:31.983+0530] {processor.py:830} INFO - Processing file /Users/anikbhowmick/Python/Big_Data_Assignment/A02/airflow_env/lib/python3.11/site-packages/airflow/example_dags/example_short_circuit_decorator.py for tasks to queue
[2024-03-08T15:03:31.984+0530] {logging_mixin.py:188} INFO - [2024-03-08T15:03:31.984+0530] {dagbag.py:540} INFO - Filling up the DagBag from /Users/anikbhowmick/Python/Big_Data_Assignment/A02/airflow_env/lib/python3.11/site-packages/airflow/example_dags/example_short_circuit_decorator.py
[2024-03-08T15:03:32.023+0530] {processor.py:840} INFO - DAG(s) 'example_short_circuit_decorator' retrieved from /Users/anikbhowmick/Python/Big_Data_Assignment/A02/airflow_env/lib/python3.11/site-packages/airflow/example_dags/example_short_circuit_decorator.py
[2024-03-08T15:03:32.055+0530] {logging_mixin.py:188} INFO - [2024-03-08T15:03:32.055+0530] {dag.py:3047} INFO - Sync 1 DAGs
[2024-03-08T15:03:32.060+0530] {logging_mixin.py:188} INFO - [2024-03-08T15:03:32.060+0530] {dag.py:3834} INFO - Setting next_dagrun for example_short_circuit_decorator to 2024-03-07 00:00:00+00:00, run_after=2024-03-08 00:00:00+00:00
[2024-03-08T15:03:32.068+0530] {processor.py:183} INFO - Processing /Users/anikbhowmick/Python/Big_Data_Assignment/A02/airflow_env/lib/python3.11/site-packages/airflow/example_dags/example_short_circuit_decorator.py took 0.085 seconds
[2024-03-08T15:05:18.937+0530] {processor.py:161} INFO - Started process (PID=18581) to work on /Users/anikbhowmick/Python/Big_Data_Assignment/A02/airflow_env/lib/python3.11/site-packages/airflow/example_dags/example_short_circuit_decorator.py
[2024-03-08T15:05:18.938+0530] {processor.py:830} INFO - Processing file /Users/anikbhowmick/Python/Big_Data_Assignment/A02/airflow_env/lib/python3.11/site-packages/airflow/example_dags/example_short_circuit_decorator.py for tasks to queue
[2024-03-08T15:05:18.939+0530] {logging_mixin.py:188} INFO - [2024-03-08T15:05:18.939+0530] {dagbag.py:540} INFO - Filling up the DagBag from /Users/anikbhowmick/Python/Big_Data_Assignment/A02/airflow_env/lib/python3.11/site-packages/airflow/example_dags/example_short_circuit_decorator.py
[2024-03-08T15:05:18.974+0530] {processor.py:840} INFO - DAG(s) 'example_short_circuit_decorator' retrieved from /Users/anikbhowmick/Python/Big_Data_Assignment/A02/airflow_env/lib/python3.11/site-packages/airflow/example_dags/example_short_circuit_decorator.py
[2024-03-08T15:05:19.003+0530] {logging_mixin.py:188} INFO - [2024-03-08T15:05:19.002+0530] {dag.py:3047} INFO - Sync 1 DAGs
[2024-03-08T15:05:19.008+0530] {logging_mixin.py:188} INFO - [2024-03-08T15:05:19.008+0530] {dag.py:3834} INFO - Setting next_dagrun for example_short_circuit_decorator to 2024-03-07 00:00:00+00:00, run_after=2024-03-08 00:00:00+00:00
[2024-03-08T15:05:19.014+0530] {processor.py:183} INFO - Processing /Users/anikbhowmick/Python/Big_Data_Assignment/A02/airflow_env/lib/python3.11/site-packages/airflow/example_dags/example_short_circuit_decorator.py took 0.078 seconds
[2024-03-08T15:10:20.165+0530] {processor.py:161} INFO - Started process (PID=18904) to work on /Users/anikbhowmick/Python/Big_Data_Assignment/A02/airflow_env/lib/python3.11/site-packages/airflow/example_dags/example_short_circuit_decorator.py
[2024-03-08T15:10:20.166+0530] {processor.py:830} INFO - Processing file /Users/anikbhowmick/Python/Big_Data_Assignment/A02/airflow_env/lib/python3.11/site-packages/airflow/example_dags/example_short_circuit_decorator.py for tasks to queue
[2024-03-08T15:10:20.166+0530] {logging_mixin.py:188} INFO - [2024-03-08T15:10:20.166+0530] {dagbag.py:540} INFO - Filling up the DagBag from /Users/anikbhowmick/Python/Big_Data_Assignment/A02/airflow_env/lib/python3.11/site-packages/airflow/example_dags/example_short_circuit_decorator.py
[2024-03-08T15:10:20.201+0530] {processor.py:840} INFO - DAG(s) 'example_short_circuit_decorator' retrieved from /Users/anikbhowmick/Python/Big_Data_Assignment/A02/airflow_env/lib/python3.11/site-packages/airflow/example_dags/example_short_circuit_decorator.py
[2024-03-08T15:10:20.231+0530] {logging_mixin.py:188} INFO - [2024-03-08T15:10:20.231+0530] {dag.py:3047} INFO - Sync 1 DAGs
[2024-03-08T15:10:20.236+0530] {logging_mixin.py:188} INFO - [2024-03-08T15:10:20.236+0530] {dag.py:3834} INFO - Setting next_dagrun for example_short_circuit_decorator to 2024-03-07 00:00:00+00:00, run_after=2024-03-08 00:00:00+00:00
[2024-03-08T15:10:20.243+0530] {processor.py:183} INFO - Processing /Users/anikbhowmick/Python/Big_Data_Assignment/A02/airflow_env/lib/python3.11/site-packages/airflow/example_dags/example_short_circuit_decorator.py took 0.078 seconds
[2024-03-08T16:49:12.984+0530] {processor.py:161} INFO - Started process (PID=1223) to work on /Users/anikbhowmick/Python/Big_Data_Assignment/A02/airflow_env/lib/python3.11/site-packages/airflow/example_dags/example_short_circuit_decorator.py
[2024-03-08T16:49:12.985+0530] {processor.py:830} INFO - Processing file /Users/anikbhowmick/Python/Big_Data_Assignment/A02/airflow_env/lib/python3.11/site-packages/airflow/example_dags/example_short_circuit_decorator.py for tasks to queue
[2024-03-08T16:49:12.985+0530] {logging_mixin.py:188} INFO - [2024-03-08T16:49:12.985+0530] {dagbag.py:540} INFO - Filling up the DagBag from /Users/anikbhowmick/Python/Big_Data_Assignment/A02/airflow_env/lib/python3.11/site-packages/airflow/example_dags/example_short_circuit_decorator.py
[2024-03-08T16:49:13.020+0530] {processor.py:840} INFO - DAG(s) 'example_short_circuit_decorator' retrieved from /Users/anikbhowmick/Python/Big_Data_Assignment/A02/airflow_env/lib/python3.11/site-packages/airflow/example_dags/example_short_circuit_decorator.py
[2024-03-08T16:49:13.051+0530] {logging_mixin.py:188} INFO - [2024-03-08T16:49:13.051+0530] {dag.py:3047} INFO - Sync 1 DAGs
[2024-03-08T16:49:13.072+0530] {logging_mixin.py:188} INFO - [2024-03-08T16:49:13.071+0530] {dag.py:3834} INFO - Setting next_dagrun for example_short_circuit_decorator to 2024-03-07 00:00:00+00:00, run_after=2024-03-08 00:00:00+00:00
[2024-03-08T16:49:13.081+0530] {processor.py:183} INFO - Processing /Users/anikbhowmick/Python/Big_Data_Assignment/A02/airflow_env/lib/python3.11/site-packages/airflow/example_dags/example_short_circuit_decorator.py took 0.097 seconds
[2024-03-08T16:53:34.059+0530] {processor.py:161} INFO - Started process (PID=1559) to work on /Users/anikbhowmick/Python/Big_Data_Assignment/A02/airflow_env/lib/python3.11/site-packages/airflow/example_dags/example_short_circuit_decorator.py
[2024-03-08T16:53:34.060+0530] {processor.py:830} INFO - Processing file /Users/anikbhowmick/Python/Big_Data_Assignment/A02/airflow_env/lib/python3.11/site-packages/airflow/example_dags/example_short_circuit_decorator.py for tasks to queue
[2024-03-08T16:53:34.060+0530] {logging_mixin.py:188} INFO - [2024-03-08T16:53:34.060+0530] {dagbag.py:540} INFO - Filling up the DagBag from /Users/anikbhowmick/Python/Big_Data_Assignment/A02/airflow_env/lib/python3.11/site-packages/airflow/example_dags/example_short_circuit_decorator.py
[2024-03-08T16:53:34.095+0530] {processor.py:840} INFO - DAG(s) 'example_short_circuit_decorator' retrieved from /Users/anikbhowmick/Python/Big_Data_Assignment/A02/airflow_env/lib/python3.11/site-packages/airflow/example_dags/example_short_circuit_decorator.py
[2024-03-08T16:53:34.124+0530] {logging_mixin.py:188} INFO - [2024-03-08T16:53:34.124+0530] {dag.py:3047} INFO - Sync 1 DAGs
[2024-03-08T16:53:34.129+0530] {logging_mixin.py:188} INFO - [2024-03-08T16:53:34.129+0530] {dag.py:3834} INFO - Setting next_dagrun for example_short_circuit_decorator to 2024-03-07 00:00:00+00:00, run_after=2024-03-08 00:00:00+00:00
[2024-03-08T16:53:34.136+0530] {processor.py:183} INFO - Processing /Users/anikbhowmick/Python/Big_Data_Assignment/A02/airflow_env/lib/python3.11/site-packages/airflow/example_dags/example_short_circuit_decorator.py took 0.077 seconds
[2024-03-08T16:55:02.453+0530] {processor.py:161} INFO - Started process (PID=1620) to work on /Users/anikbhowmick/Python/Big_Data_Assignment/A02/airflow_env/lib/python3.11/site-packages/airflow/example_dags/example_short_circuit_decorator.py
[2024-03-08T16:55:02.454+0530] {processor.py:830} INFO - Processing file /Users/anikbhowmick/Python/Big_Data_Assignment/A02/airflow_env/lib/python3.11/site-packages/airflow/example_dags/example_short_circuit_decorator.py for tasks to queue
[2024-03-08T16:55:02.454+0530] {logging_mixin.py:188} INFO - [2024-03-08T16:55:02.454+0530] {dagbag.py:540} INFO - Filling up the DagBag from /Users/anikbhowmick/Python/Big_Data_Assignment/A02/airflow_env/lib/python3.11/site-packages/airflow/example_dags/example_short_circuit_decorator.py
[2024-03-08T16:55:02.487+0530] {processor.py:840} INFO - DAG(s) 'example_short_circuit_decorator' retrieved from /Users/anikbhowmick/Python/Big_Data_Assignment/A02/airflow_env/lib/python3.11/site-packages/airflow/example_dags/example_short_circuit_decorator.py
[2024-03-08T16:55:02.516+0530] {logging_mixin.py:188} INFO - [2024-03-08T16:55:02.516+0530] {dag.py:3047} INFO - Sync 1 DAGs
[2024-03-08T16:55:02.521+0530] {logging_mixin.py:188} INFO - [2024-03-08T16:55:02.521+0530] {dag.py:3834} INFO - Setting next_dagrun for example_short_circuit_decorator to 2024-03-07 00:00:00+00:00, run_after=2024-03-08 00:00:00+00:00
[2024-03-08T16:55:02.527+0530] {processor.py:183} INFO - Processing /Users/anikbhowmick/Python/Big_Data_Assignment/A02/airflow_env/lib/python3.11/site-packages/airflow/example_dags/example_short_circuit_decorator.py took 0.075 seconds
