[2024-03-08T12:17:48.603+0530] {processor.py:161} INFO - Started process (PID=11325) to work on /Users/anikbhowmick/Python/Big_Data_Assignment/A02/airflow_env/lib/python3.11/site-packages/airflow/example_dags/example_branch_day_of_week_operator.py
[2024-03-08T12:17:48.604+0530] {processor.py:830} INFO - Processing file /Users/anikbhowmick/Python/Big_Data_Assignment/A02/airflow_env/lib/python3.11/site-packages/airflow/example_dags/example_branch_day_of_week_operator.py for tasks to queue
[2024-03-08T12:17:48.604+0530] {logging_mixin.py:188} INFO - [2024-03-08T12:17:48.604+0530] {dagbag.py:540} INFO - Filling up the DagBag from /Users/anikbhowmick/Python/Big_Data_Assignment/A02/airflow_env/lib/python3.11/site-packages/airflow/example_dags/example_branch_day_of_week_operator.py
[2024-03-08T12:17:48.629+0530] {processor.py:840} INFO - DAG(s) 'example_weekday_branch_operator' retrieved from /Users/anikbhowmick/Python/Big_Data_Assignment/A02/airflow_env/lib/python3.11/site-packages/airflow/example_dags/example_branch_day_of_week_operator.py
[2024-03-08T12:17:48.658+0530] {logging_mixin.py:188} INFO - [2024-03-08T12:17:48.657+0530] {dag.py:3047} INFO - Sync 1 DAGs
[2024-03-08T12:17:48.663+0530] {logging_mixin.py:188} INFO - [2024-03-08T12:17:48.663+0530] {dag.py:3834} INFO - Setting next_dagrun for example_weekday_branch_operator to 2024-03-07 00:00:00+00:00, run_after=2024-03-08 00:00:00+00:00
[2024-03-08T12:17:48.670+0530] {processor.py:183} INFO - Processing /Users/anikbhowmick/Python/Big_Data_Assignment/A02/airflow_env/lib/python3.11/site-packages/airflow/example_dags/example_branch_day_of_week_operator.py took 0.067 seconds
[2024-03-08T12:19:42.492+0530] {processor.py:161} INFO - Started process (PID=11400) to work on /Users/anikbhowmick/Python/Big_Data_Assignment/A02/airflow_env/lib/python3.11/site-packages/airflow/example_dags/example_branch_day_of_week_operator.py
[2024-03-08T12:19:42.492+0530] {processor.py:830} INFO - Processing file /Users/anikbhowmick/Python/Big_Data_Assignment/A02/airflow_env/lib/python3.11/site-packages/airflow/example_dags/example_branch_day_of_week_operator.py for tasks to queue
[2024-03-08T12:19:42.492+0530] {logging_mixin.py:188} INFO - [2024-03-08T12:19:42.492+0530] {dagbag.py:540} INFO - Filling up the DagBag from /Users/anikbhowmick/Python/Big_Data_Assignment/A02/airflow_env/lib/python3.11/site-packages/airflow/example_dags/example_branch_day_of_week_operator.py
[2024-03-08T12:19:42.517+0530] {processor.py:840} INFO - DAG(s) 'example_weekday_branch_operator' retrieved from /Users/anikbhowmick/Python/Big_Data_Assignment/A02/airflow_env/lib/python3.11/site-packages/airflow/example_dags/example_branch_day_of_week_operator.py
[2024-03-08T12:19:42.546+0530] {logging_mixin.py:188} INFO - [2024-03-08T12:19:42.546+0530] {dag.py:3047} INFO - Sync 1 DAGs
[2024-03-08T12:19:42.552+0530] {logging_mixin.py:188} INFO - [2024-03-08T12:19:42.552+0530] {dag.py:3834} INFO - Setting next_dagrun for example_weekday_branch_operator to 2024-03-07 00:00:00+00:00, run_after=2024-03-08 00:00:00+00:00
[2024-03-08T12:19:42.558+0530] {processor.py:183} INFO - Processing /Users/anikbhowmick/Python/Big_Data_Assignment/A02/airflow_env/lib/python3.11/site-packages/airflow/example_dags/example_branch_day_of_week_operator.py took 0.067 seconds
[2024-03-08T12:21:33.794+0530] {processor.py:161} INFO - Started process (PID=11474) to work on /Users/anikbhowmick/Python/Big_Data_Assignment/A02/airflow_env/lib/python3.11/site-packages/airflow/example_dags/example_branch_day_of_week_operator.py
[2024-03-08T12:21:33.794+0530] {processor.py:830} INFO - Processing file /Users/anikbhowmick/Python/Big_Data_Assignment/A02/airflow_env/lib/python3.11/site-packages/airflow/example_dags/example_branch_day_of_week_operator.py for tasks to queue
[2024-03-08T12:21:33.795+0530] {logging_mixin.py:188} INFO - [2024-03-08T12:21:33.794+0530] {dagbag.py:540} INFO - Filling up the DagBag from /Users/anikbhowmick/Python/Big_Data_Assignment/A02/airflow_env/lib/python3.11/site-packages/airflow/example_dags/example_branch_day_of_week_operator.py
[2024-03-08T12:21:33.819+0530] {processor.py:840} INFO - DAG(s) 'example_weekday_branch_operator' retrieved from /Users/anikbhowmick/Python/Big_Data_Assignment/A02/airflow_env/lib/python3.11/site-packages/airflow/example_dags/example_branch_day_of_week_operator.py
[2024-03-08T12:21:33.848+0530] {logging_mixin.py:188} INFO - [2024-03-08T12:21:33.848+0530] {dag.py:3047} INFO - Sync 1 DAGs
[2024-03-08T12:21:33.854+0530] {logging_mixin.py:188} INFO - [2024-03-08T12:21:33.854+0530] {dag.py:3834} INFO - Setting next_dagrun for example_weekday_branch_operator to 2024-03-07 00:00:00+00:00, run_after=2024-03-08 00:00:00+00:00
[2024-03-08T12:21:33.861+0530] {processor.py:183} INFO - Processing /Users/anikbhowmick/Python/Big_Data_Assignment/A02/airflow_env/lib/python3.11/site-packages/airflow/example_dags/example_branch_day_of_week_operator.py took 0.067 seconds
[2024-03-08T12:23:20.019+0530] {processor.py:161} INFO - Started process (PID=11588) to work on /Users/anikbhowmick/Python/Big_Data_Assignment/A02/airflow_env/lib/python3.11/site-packages/airflow/example_dags/example_branch_day_of_week_operator.py
[2024-03-08T12:23:20.020+0530] {processor.py:830} INFO - Processing file /Users/anikbhowmick/Python/Big_Data_Assignment/A02/airflow_env/lib/python3.11/site-packages/airflow/example_dags/example_branch_day_of_week_operator.py for tasks to queue
[2024-03-08T12:23:20.020+0530] {logging_mixin.py:188} INFO - [2024-03-08T12:23:20.020+0530] {dagbag.py:540} INFO - Filling up the DagBag from /Users/anikbhowmick/Python/Big_Data_Assignment/A02/airflow_env/lib/python3.11/site-packages/airflow/example_dags/example_branch_day_of_week_operator.py
[2024-03-08T12:23:20.045+0530] {processor.py:840} INFO - DAG(s) 'example_weekday_branch_operator' retrieved from /Users/anikbhowmick/Python/Big_Data_Assignment/A02/airflow_env/lib/python3.11/site-packages/airflow/example_dags/example_branch_day_of_week_operator.py
[2024-03-08T12:23:20.074+0530] {logging_mixin.py:188} INFO - [2024-03-08T12:23:20.074+0530] {dag.py:3047} INFO - Sync 1 DAGs
[2024-03-08T12:23:20.080+0530] {logging_mixin.py:188} INFO - [2024-03-08T12:23:20.080+0530] {dag.py:3834} INFO - Setting next_dagrun for example_weekday_branch_operator to 2024-03-07 00:00:00+00:00, run_after=2024-03-08 00:00:00+00:00
[2024-03-08T12:23:20.086+0530] {processor.py:183} INFO - Processing /Users/anikbhowmick/Python/Big_Data_Assignment/A02/airflow_env/lib/python3.11/site-packages/airflow/example_dags/example_branch_day_of_week_operator.py took 0.067 seconds
[2024-03-08T12:25:15.449+0530] {processor.py:161} INFO - Started process (PID=11671) to work on /Users/anikbhowmick/Python/Big_Data_Assignment/A02/airflow_env/lib/python3.11/site-packages/airflow/example_dags/example_branch_day_of_week_operator.py
[2024-03-08T12:25:15.450+0530] {processor.py:830} INFO - Processing file /Users/anikbhowmick/Python/Big_Data_Assignment/A02/airflow_env/lib/python3.11/site-packages/airflow/example_dags/example_branch_day_of_week_operator.py for tasks to queue
[2024-03-08T12:25:15.450+0530] {logging_mixin.py:188} INFO - [2024-03-08T12:25:15.450+0530] {dagbag.py:540} INFO - Filling up the DagBag from /Users/anikbhowmick/Python/Big_Data_Assignment/A02/airflow_env/lib/python3.11/site-packages/airflow/example_dags/example_branch_day_of_week_operator.py
[2024-03-08T12:25:15.475+0530] {processor.py:840} INFO - DAG(s) 'example_weekday_branch_operator' retrieved from /Users/anikbhowmick/Python/Big_Data_Assignment/A02/airflow_env/lib/python3.11/site-packages/airflow/example_dags/example_branch_day_of_week_operator.py
[2024-03-08T12:25:15.504+0530] {logging_mixin.py:188} INFO - [2024-03-08T12:25:15.504+0530] {dag.py:3047} INFO - Sync 1 DAGs
[2024-03-08T12:25:15.509+0530] {logging_mixin.py:188} INFO - [2024-03-08T12:25:15.509+0530] {dag.py:3834} INFO - Setting next_dagrun for example_weekday_branch_operator to 2024-03-07 00:00:00+00:00, run_after=2024-03-08 00:00:00+00:00
[2024-03-08T12:25:15.515+0530] {processor.py:183} INFO - Processing /Users/anikbhowmick/Python/Big_Data_Assignment/A02/airflow_env/lib/python3.11/site-packages/airflow/example_dags/example_branch_day_of_week_operator.py took 0.067 seconds
[2024-03-08T12:27:07.356+0530] {processor.py:161} INFO - Started process (PID=11759) to work on /Users/anikbhowmick/Python/Big_Data_Assignment/A02/airflow_env/lib/python3.11/site-packages/airflow/example_dags/example_branch_day_of_week_operator.py
[2024-03-08T12:27:07.358+0530] {processor.py:830} INFO - Processing file /Users/anikbhowmick/Python/Big_Data_Assignment/A02/airflow_env/lib/python3.11/site-packages/airflow/example_dags/example_branch_day_of_week_operator.py for tasks to queue
[2024-03-08T12:27:07.358+0530] {logging_mixin.py:188} INFO - [2024-03-08T12:27:07.358+0530] {dagbag.py:540} INFO - Filling up the DagBag from /Users/anikbhowmick/Python/Big_Data_Assignment/A02/airflow_env/lib/python3.11/site-packages/airflow/example_dags/example_branch_day_of_week_operator.py
[2024-03-08T12:27:07.384+0530] {processor.py:840} INFO - DAG(s) 'example_weekday_branch_operator' retrieved from /Users/anikbhowmick/Python/Big_Data_Assignment/A02/airflow_env/lib/python3.11/site-packages/airflow/example_dags/example_branch_day_of_week_operator.py
[2024-03-08T12:27:07.413+0530] {logging_mixin.py:188} INFO - [2024-03-08T12:27:07.412+0530] {dag.py:3047} INFO - Sync 1 DAGs
[2024-03-08T12:27:07.418+0530] {logging_mixin.py:188} INFO - [2024-03-08T12:27:07.418+0530] {dag.py:3834} INFO - Setting next_dagrun for example_weekday_branch_operator to 2024-03-07 00:00:00+00:00, run_after=2024-03-08 00:00:00+00:00
[2024-03-08T12:27:07.424+0530] {processor.py:183} INFO - Processing /Users/anikbhowmick/Python/Big_Data_Assignment/A02/airflow_env/lib/python3.11/site-packages/airflow/example_dags/example_branch_day_of_week_operator.py took 0.068 seconds
[2024-03-08T12:28:54.693+0530] {processor.py:161} INFO - Started process (PID=11831) to work on /Users/anikbhowmick/Python/Big_Data_Assignment/A02/airflow_env/lib/python3.11/site-packages/airflow/example_dags/example_branch_day_of_week_operator.py
[2024-03-08T12:28:54.694+0530] {processor.py:830} INFO - Processing file /Users/anikbhowmick/Python/Big_Data_Assignment/A02/airflow_env/lib/python3.11/site-packages/airflow/example_dags/example_branch_day_of_week_operator.py for tasks to queue
[2024-03-08T12:28:54.694+0530] {logging_mixin.py:188} INFO - [2024-03-08T12:28:54.694+0530] {dagbag.py:540} INFO - Filling up the DagBag from /Users/anikbhowmick/Python/Big_Data_Assignment/A02/airflow_env/lib/python3.11/site-packages/airflow/example_dags/example_branch_day_of_week_operator.py
[2024-03-08T12:28:54.719+0530] {processor.py:840} INFO - DAG(s) 'example_weekday_branch_operator' retrieved from /Users/anikbhowmick/Python/Big_Data_Assignment/A02/airflow_env/lib/python3.11/site-packages/airflow/example_dags/example_branch_day_of_week_operator.py
[2024-03-08T12:28:54.748+0530] {logging_mixin.py:188} INFO - [2024-03-08T12:28:54.748+0530] {dag.py:3047} INFO - Sync 1 DAGs
[2024-03-08T12:28:54.754+0530] {logging_mixin.py:188} INFO - [2024-03-08T12:28:54.754+0530] {dag.py:3834} INFO - Setting next_dagrun for example_weekday_branch_operator to 2024-03-07 00:00:00+00:00, run_after=2024-03-08 00:00:00+00:00
[2024-03-08T12:28:54.760+0530] {processor.py:183} INFO - Processing /Users/anikbhowmick/Python/Big_Data_Assignment/A02/airflow_env/lib/python3.11/site-packages/airflow/example_dags/example_branch_day_of_week_operator.py took 0.068 seconds
[2024-03-08T12:30:46.255+0530] {processor.py:161} INFO - Started process (PID=11910) to work on /Users/anikbhowmick/Python/Big_Data_Assignment/A02/airflow_env/lib/python3.11/site-packages/airflow/example_dags/example_branch_day_of_week_operator.py
[2024-03-08T12:30:46.256+0530] {processor.py:830} INFO - Processing file /Users/anikbhowmick/Python/Big_Data_Assignment/A02/airflow_env/lib/python3.11/site-packages/airflow/example_dags/example_branch_day_of_week_operator.py for tasks to queue
[2024-03-08T12:30:46.256+0530] {logging_mixin.py:188} INFO - [2024-03-08T12:30:46.256+0530] {dagbag.py:540} INFO - Filling up the DagBag from /Users/anikbhowmick/Python/Big_Data_Assignment/A02/airflow_env/lib/python3.11/site-packages/airflow/example_dags/example_branch_day_of_week_operator.py
[2024-03-08T12:30:46.281+0530] {processor.py:840} INFO - DAG(s) 'example_weekday_branch_operator' retrieved from /Users/anikbhowmick/Python/Big_Data_Assignment/A02/airflow_env/lib/python3.11/site-packages/airflow/example_dags/example_branch_day_of_week_operator.py
[2024-03-08T12:30:46.310+0530] {logging_mixin.py:188} INFO - [2024-03-08T12:30:46.310+0530] {dag.py:3047} INFO - Sync 1 DAGs
[2024-03-08T12:30:46.316+0530] {logging_mixin.py:188} INFO - [2024-03-08T12:30:46.316+0530] {dag.py:3834} INFO - Setting next_dagrun for example_weekday_branch_operator to 2024-03-07 00:00:00+00:00, run_after=2024-03-08 00:00:00+00:00
[2024-03-08T12:30:46.322+0530] {processor.py:183} INFO - Processing /Users/anikbhowmick/Python/Big_Data_Assignment/A02/airflow_env/lib/python3.11/site-packages/airflow/example_dags/example_branch_day_of_week_operator.py took 0.068 seconds
[2024-03-08T12:32:38.666+0530] {processor.py:161} INFO - Started process (PID=11980) to work on /Users/anikbhowmick/Python/Big_Data_Assignment/A02/airflow_env/lib/python3.11/site-packages/airflow/example_dags/example_branch_day_of_week_operator.py
[2024-03-08T12:32:38.667+0530] {processor.py:830} INFO - Processing file /Users/anikbhowmick/Python/Big_Data_Assignment/A02/airflow_env/lib/python3.11/site-packages/airflow/example_dags/example_branch_day_of_week_operator.py for tasks to queue
[2024-03-08T12:32:38.667+0530] {logging_mixin.py:188} INFO - [2024-03-08T12:32:38.667+0530] {dagbag.py:540} INFO - Filling up the DagBag from /Users/anikbhowmick/Python/Big_Data_Assignment/A02/airflow_env/lib/python3.11/site-packages/airflow/example_dags/example_branch_day_of_week_operator.py
[2024-03-08T12:32:38.693+0530] {processor.py:840} INFO - DAG(s) 'example_weekday_branch_operator' retrieved from /Users/anikbhowmick/Python/Big_Data_Assignment/A02/airflow_env/lib/python3.11/site-packages/airflow/example_dags/example_branch_day_of_week_operator.py
[2024-03-08T12:32:38.722+0530] {logging_mixin.py:188} INFO - [2024-03-08T12:32:38.722+0530] {dag.py:3047} INFO - Sync 1 DAGs
[2024-03-08T12:32:38.728+0530] {logging_mixin.py:188} INFO - [2024-03-08T12:32:38.728+0530] {dag.py:3834} INFO - Setting next_dagrun for example_weekday_branch_operator to 2024-03-07 00:00:00+00:00, run_after=2024-03-08 00:00:00+00:00
[2024-03-08T12:32:38.734+0530] {processor.py:183} INFO - Processing /Users/anikbhowmick/Python/Big_Data_Assignment/A02/airflow_env/lib/python3.11/site-packages/airflow/example_dags/example_branch_day_of_week_operator.py took 0.068 seconds
[2024-03-08T12:34:32.705+0530] {processor.py:161} INFO - Started process (PID=12058) to work on /Users/anikbhowmick/Python/Big_Data_Assignment/A02/airflow_env/lib/python3.11/site-packages/airflow/example_dags/example_branch_day_of_week_operator.py
[2024-03-08T12:34:32.706+0530] {processor.py:830} INFO - Processing file /Users/anikbhowmick/Python/Big_Data_Assignment/A02/airflow_env/lib/python3.11/site-packages/airflow/example_dags/example_branch_day_of_week_operator.py for tasks to queue
[2024-03-08T12:34:32.706+0530] {logging_mixin.py:188} INFO - [2024-03-08T12:34:32.706+0530] {dagbag.py:540} INFO - Filling up the DagBag from /Users/anikbhowmick/Python/Big_Data_Assignment/A02/airflow_env/lib/python3.11/site-packages/airflow/example_dags/example_branch_day_of_week_operator.py
[2024-03-08T12:34:32.731+0530] {processor.py:840} INFO - DAG(s) 'example_weekday_branch_operator' retrieved from /Users/anikbhowmick/Python/Big_Data_Assignment/A02/airflow_env/lib/python3.11/site-packages/airflow/example_dags/example_branch_day_of_week_operator.py
[2024-03-08T12:34:32.760+0530] {logging_mixin.py:188} INFO - [2024-03-08T12:34:32.760+0530] {dag.py:3047} INFO - Sync 1 DAGs
[2024-03-08T12:34:32.766+0530] {logging_mixin.py:188} INFO - [2024-03-08T12:34:32.766+0530] {dag.py:3834} INFO - Setting next_dagrun for example_weekday_branch_operator to 2024-03-07 00:00:00+00:00, run_after=2024-03-08 00:00:00+00:00
[2024-03-08T12:34:32.772+0530] {processor.py:183} INFO - Processing /Users/anikbhowmick/Python/Big_Data_Assignment/A02/airflow_env/lib/python3.11/site-packages/airflow/example_dags/example_branch_day_of_week_operator.py took 0.068 seconds
[2024-03-08T12:36:26.729+0530] {processor.py:161} INFO - Started process (PID=12131) to work on /Users/anikbhowmick/Python/Big_Data_Assignment/A02/airflow_env/lib/python3.11/site-packages/airflow/example_dags/example_branch_day_of_week_operator.py
[2024-03-08T12:36:26.729+0530] {processor.py:830} INFO - Processing file /Users/anikbhowmick/Python/Big_Data_Assignment/A02/airflow_env/lib/python3.11/site-packages/airflow/example_dags/example_branch_day_of_week_operator.py for tasks to queue
[2024-03-08T12:36:26.730+0530] {logging_mixin.py:188} INFO - [2024-03-08T12:36:26.730+0530] {dagbag.py:540} INFO - Filling up the DagBag from /Users/anikbhowmick/Python/Big_Data_Assignment/A02/airflow_env/lib/python3.11/site-packages/airflow/example_dags/example_branch_day_of_week_operator.py
[2024-03-08T12:36:26.754+0530] {processor.py:840} INFO - DAG(s) 'example_weekday_branch_operator' retrieved from /Users/anikbhowmick/Python/Big_Data_Assignment/A02/airflow_env/lib/python3.11/site-packages/airflow/example_dags/example_branch_day_of_week_operator.py
[2024-03-08T12:36:26.783+0530] {logging_mixin.py:188} INFO - [2024-03-08T12:36:26.783+0530] {dag.py:3047} INFO - Sync 1 DAGs
[2024-03-08T12:36:26.789+0530] {logging_mixin.py:188} INFO - [2024-03-08T12:36:26.789+0530] {dag.py:3834} INFO - Setting next_dagrun for example_weekday_branch_operator to 2024-03-07 00:00:00+00:00, run_after=2024-03-08 00:00:00+00:00
[2024-03-08T12:36:26.795+0530] {processor.py:183} INFO - Processing /Users/anikbhowmick/Python/Big_Data_Assignment/A02/airflow_env/lib/python3.11/site-packages/airflow/example_dags/example_branch_day_of_week_operator.py took 0.067 seconds
[2024-03-08T12:38:07.742+0530] {processor.py:161} INFO - Started process (PID=12198) to work on /Users/anikbhowmick/Python/Big_Data_Assignment/A02/airflow_env/lib/python3.11/site-packages/airflow/example_dags/example_branch_day_of_week_operator.py
[2024-03-08T12:38:07.742+0530] {processor.py:830} INFO - Processing file /Users/anikbhowmick/Python/Big_Data_Assignment/A02/airflow_env/lib/python3.11/site-packages/airflow/example_dags/example_branch_day_of_week_operator.py for tasks to queue
[2024-03-08T12:38:07.743+0530] {logging_mixin.py:188} INFO - [2024-03-08T12:38:07.743+0530] {dagbag.py:540} INFO - Filling up the DagBag from /Users/anikbhowmick/Python/Big_Data_Assignment/A02/airflow_env/lib/python3.11/site-packages/airflow/example_dags/example_branch_day_of_week_operator.py
[2024-03-08T12:38:07.767+0530] {processor.py:840} INFO - DAG(s) 'example_weekday_branch_operator' retrieved from /Users/anikbhowmick/Python/Big_Data_Assignment/A02/airflow_env/lib/python3.11/site-packages/airflow/example_dags/example_branch_day_of_week_operator.py
[2024-03-08T12:38:07.796+0530] {logging_mixin.py:188} INFO - [2024-03-08T12:38:07.796+0530] {dag.py:3047} INFO - Sync 1 DAGs
[2024-03-08T12:38:07.802+0530] {logging_mixin.py:188} INFO - [2024-03-08T12:38:07.802+0530] {dag.py:3834} INFO - Setting next_dagrun for example_weekday_branch_operator to 2024-03-07 00:00:00+00:00, run_after=2024-03-08 00:00:00+00:00
[2024-03-08T12:38:07.808+0530] {processor.py:183} INFO - Processing /Users/anikbhowmick/Python/Big_Data_Assignment/A02/airflow_env/lib/python3.11/site-packages/airflow/example_dags/example_branch_day_of_week_operator.py took 0.067 seconds
[2024-03-08T12:40:00.157+0530] {processor.py:161} INFO - Started process (PID=12280) to work on /Users/anikbhowmick/Python/Big_Data_Assignment/A02/airflow_env/lib/python3.11/site-packages/airflow/example_dags/example_branch_day_of_week_operator.py
[2024-03-08T12:40:00.158+0530] {processor.py:830} INFO - Processing file /Users/anikbhowmick/Python/Big_Data_Assignment/A02/airflow_env/lib/python3.11/site-packages/airflow/example_dags/example_branch_day_of_week_operator.py for tasks to queue
[2024-03-08T12:40:00.159+0530] {logging_mixin.py:188} INFO - [2024-03-08T12:40:00.159+0530] {dagbag.py:540} INFO - Filling up the DagBag from /Users/anikbhowmick/Python/Big_Data_Assignment/A02/airflow_env/lib/python3.11/site-packages/airflow/example_dags/example_branch_day_of_week_operator.py
[2024-03-08T12:40:00.184+0530] {processor.py:840} INFO - DAG(s) 'example_weekday_branch_operator' retrieved from /Users/anikbhowmick/Python/Big_Data_Assignment/A02/airflow_env/lib/python3.11/site-packages/airflow/example_dags/example_branch_day_of_week_operator.py
[2024-03-08T12:40:00.213+0530] {logging_mixin.py:188} INFO - [2024-03-08T12:40:00.212+0530] {dag.py:3047} INFO - Sync 1 DAGs
[2024-03-08T12:40:00.218+0530] {logging_mixin.py:188} INFO - [2024-03-08T12:40:00.218+0530] {dag.py:3834} INFO - Setting next_dagrun for example_weekday_branch_operator to 2024-03-07 00:00:00+00:00, run_after=2024-03-08 00:00:00+00:00
[2024-03-08T12:40:00.224+0530] {processor.py:183} INFO - Processing /Users/anikbhowmick/Python/Big_Data_Assignment/A02/airflow_env/lib/python3.11/site-packages/airflow/example_dags/example_branch_day_of_week_operator.py took 0.068 seconds
[2024-03-08T12:41:53.279+0530] {processor.py:161} INFO - Started process (PID=12352) to work on /Users/anikbhowmick/Python/Big_Data_Assignment/A02/airflow_env/lib/python3.11/site-packages/airflow/example_dags/example_branch_day_of_week_operator.py
[2024-03-08T12:41:53.279+0530] {processor.py:830} INFO - Processing file /Users/anikbhowmick/Python/Big_Data_Assignment/A02/airflow_env/lib/python3.11/site-packages/airflow/example_dags/example_branch_day_of_week_operator.py for tasks to queue
[2024-03-08T12:41:53.279+0530] {logging_mixin.py:188} INFO - [2024-03-08T12:41:53.279+0530] {dagbag.py:540} INFO - Filling up the DagBag from /Users/anikbhowmick/Python/Big_Data_Assignment/A02/airflow_env/lib/python3.11/site-packages/airflow/example_dags/example_branch_day_of_week_operator.py
[2024-03-08T12:41:53.304+0530] {processor.py:840} INFO - DAG(s) 'example_weekday_branch_operator' retrieved from /Users/anikbhowmick/Python/Big_Data_Assignment/A02/airflow_env/lib/python3.11/site-packages/airflow/example_dags/example_branch_day_of_week_operator.py
[2024-03-08T12:41:53.333+0530] {logging_mixin.py:188} INFO - [2024-03-08T12:41:53.333+0530] {dag.py:3047} INFO - Sync 1 DAGs
[2024-03-08T12:41:53.339+0530] {logging_mixin.py:188} INFO - [2024-03-08T12:41:53.338+0530] {dag.py:3834} INFO - Setting next_dagrun for example_weekday_branch_operator to 2024-03-07 00:00:00+00:00, run_after=2024-03-08 00:00:00+00:00
[2024-03-08T12:41:53.345+0530] {processor.py:183} INFO - Processing /Users/anikbhowmick/Python/Big_Data_Assignment/A02/airflow_env/lib/python3.11/site-packages/airflow/example_dags/example_branch_day_of_week_operator.py took 0.066 seconds
[2024-03-08T12:43:49.129+0530] {processor.py:161} INFO - Started process (PID=12424) to work on /Users/anikbhowmick/Python/Big_Data_Assignment/A02/airflow_env/lib/python3.11/site-packages/airflow/example_dags/example_branch_day_of_week_operator.py
[2024-03-08T12:43:49.129+0530] {processor.py:830} INFO - Processing file /Users/anikbhowmick/Python/Big_Data_Assignment/A02/airflow_env/lib/python3.11/site-packages/airflow/example_dags/example_branch_day_of_week_operator.py for tasks to queue
[2024-03-08T12:43:49.130+0530] {logging_mixin.py:188} INFO - [2024-03-08T12:43:49.130+0530] {dagbag.py:540} INFO - Filling up the DagBag from /Users/anikbhowmick/Python/Big_Data_Assignment/A02/airflow_env/lib/python3.11/site-packages/airflow/example_dags/example_branch_day_of_week_operator.py
[2024-03-08T12:43:49.154+0530] {processor.py:840} INFO - DAG(s) 'example_weekday_branch_operator' retrieved from /Users/anikbhowmick/Python/Big_Data_Assignment/A02/airflow_env/lib/python3.11/site-packages/airflow/example_dags/example_branch_day_of_week_operator.py
[2024-03-08T12:43:49.183+0530] {logging_mixin.py:188} INFO - [2024-03-08T12:43:49.183+0530] {dag.py:3047} INFO - Sync 1 DAGs
[2024-03-08T12:43:49.189+0530] {logging_mixin.py:188} INFO - [2024-03-08T12:43:49.189+0530] {dag.py:3834} INFO - Setting next_dagrun for example_weekday_branch_operator to 2024-03-07 00:00:00+00:00, run_after=2024-03-08 00:00:00+00:00
[2024-03-08T12:43:49.195+0530] {processor.py:183} INFO - Processing /Users/anikbhowmick/Python/Big_Data_Assignment/A02/airflow_env/lib/python3.11/site-packages/airflow/example_dags/example_branch_day_of_week_operator.py took 0.067 seconds
[2024-03-08T12:45:40.787+0530] {processor.py:161} INFO - Started process (PID=12525) to work on /Users/anikbhowmick/Python/Big_Data_Assignment/A02/airflow_env/lib/python3.11/site-packages/airflow/example_dags/example_branch_day_of_week_operator.py
[2024-03-08T12:45:40.788+0530] {processor.py:830} INFO - Processing file /Users/anikbhowmick/Python/Big_Data_Assignment/A02/airflow_env/lib/python3.11/site-packages/airflow/example_dags/example_branch_day_of_week_operator.py for tasks to queue
[2024-03-08T12:45:40.788+0530] {logging_mixin.py:188} INFO - [2024-03-08T12:45:40.788+0530] {dagbag.py:540} INFO - Filling up the DagBag from /Users/anikbhowmick/Python/Big_Data_Assignment/A02/airflow_env/lib/python3.11/site-packages/airflow/example_dags/example_branch_day_of_week_operator.py
[2024-03-08T12:45:40.814+0530] {processor.py:840} INFO - DAG(s) 'example_weekday_branch_operator' retrieved from /Users/anikbhowmick/Python/Big_Data_Assignment/A02/airflow_env/lib/python3.11/site-packages/airflow/example_dags/example_branch_day_of_week_operator.py
[2024-03-08T12:45:40.844+0530] {logging_mixin.py:188} INFO - [2024-03-08T12:45:40.844+0530] {dag.py:3047} INFO - Sync 1 DAGs
[2024-03-08T12:45:40.850+0530] {logging_mixin.py:188} INFO - [2024-03-08T12:45:40.849+0530] {dag.py:3834} INFO - Setting next_dagrun for example_weekday_branch_operator to 2024-03-07 00:00:00+00:00, run_after=2024-03-08 00:00:00+00:00
[2024-03-08T12:45:40.856+0530] {processor.py:183} INFO - Processing /Users/anikbhowmick/Python/Big_Data_Assignment/A02/airflow_env/lib/python3.11/site-packages/airflow/example_dags/example_branch_day_of_week_operator.py took 0.069 seconds
[2024-03-08T12:47:29.071+0530] {processor.py:161} INFO - Started process (PID=12596) to work on /Users/anikbhowmick/Python/Big_Data_Assignment/A02/airflow_env/lib/python3.11/site-packages/airflow/example_dags/example_branch_day_of_week_operator.py
[2024-03-08T12:47:29.072+0530] {processor.py:830} INFO - Processing file /Users/anikbhowmick/Python/Big_Data_Assignment/A02/airflow_env/lib/python3.11/site-packages/airflow/example_dags/example_branch_day_of_week_operator.py for tasks to queue
[2024-03-08T12:47:29.073+0530] {logging_mixin.py:188} INFO - [2024-03-08T12:47:29.073+0530] {dagbag.py:540} INFO - Filling up the DagBag from /Users/anikbhowmick/Python/Big_Data_Assignment/A02/airflow_env/lib/python3.11/site-packages/airflow/example_dags/example_branch_day_of_week_operator.py
[2024-03-08T12:47:29.098+0530] {processor.py:840} INFO - DAG(s) 'example_weekday_branch_operator' retrieved from /Users/anikbhowmick/Python/Big_Data_Assignment/A02/airflow_env/lib/python3.11/site-packages/airflow/example_dags/example_branch_day_of_week_operator.py
[2024-03-08T12:47:29.128+0530] {logging_mixin.py:188} INFO - [2024-03-08T12:47:29.127+0530] {dag.py:3047} INFO - Sync 1 DAGs
[2024-03-08T12:47:29.133+0530] {logging_mixin.py:188} INFO - [2024-03-08T12:47:29.133+0530] {dag.py:3834} INFO - Setting next_dagrun for example_weekday_branch_operator to 2024-03-07 00:00:00+00:00, run_after=2024-03-08 00:00:00+00:00
[2024-03-08T12:47:29.140+0530] {processor.py:183} INFO - Processing /Users/anikbhowmick/Python/Big_Data_Assignment/A02/airflow_env/lib/python3.11/site-packages/airflow/example_dags/example_branch_day_of_week_operator.py took 0.069 seconds
[2024-03-08T12:49:23.020+0530] {processor.py:161} INFO - Started process (PID=12673) to work on /Users/anikbhowmick/Python/Big_Data_Assignment/A02/airflow_env/lib/python3.11/site-packages/airflow/example_dags/example_branch_day_of_week_operator.py
[2024-03-08T12:49:23.021+0530] {processor.py:830} INFO - Processing file /Users/anikbhowmick/Python/Big_Data_Assignment/A02/airflow_env/lib/python3.11/site-packages/airflow/example_dags/example_branch_day_of_week_operator.py for tasks to queue
[2024-03-08T12:49:23.022+0530] {logging_mixin.py:188} INFO - [2024-03-08T12:49:23.022+0530] {dagbag.py:540} INFO - Filling up the DagBag from /Users/anikbhowmick/Python/Big_Data_Assignment/A02/airflow_env/lib/python3.11/site-packages/airflow/example_dags/example_branch_day_of_week_operator.py
[2024-03-08T12:49:23.048+0530] {processor.py:840} INFO - DAG(s) 'example_weekday_branch_operator' retrieved from /Users/anikbhowmick/Python/Big_Data_Assignment/A02/airflow_env/lib/python3.11/site-packages/airflow/example_dags/example_branch_day_of_week_operator.py
[2024-03-08T12:49:23.077+0530] {logging_mixin.py:188} INFO - [2024-03-08T12:49:23.077+0530] {dag.py:3047} INFO - Sync 1 DAGs
[2024-03-08T12:49:23.083+0530] {logging_mixin.py:188} INFO - [2024-03-08T12:49:23.083+0530] {dag.py:3834} INFO - Setting next_dagrun for example_weekday_branch_operator to 2024-03-07 00:00:00+00:00, run_after=2024-03-08 00:00:00+00:00
[2024-03-08T12:49:23.090+0530] {processor.py:183} INFO - Processing /Users/anikbhowmick/Python/Big_Data_Assignment/A02/airflow_env/lib/python3.11/site-packages/airflow/example_dags/example_branch_day_of_week_operator.py took 0.070 seconds
[2024-03-08T12:51:12.795+0530] {processor.py:161} INFO - Started process (PID=12744) to work on /Users/anikbhowmick/Python/Big_Data_Assignment/A02/airflow_env/lib/python3.11/site-packages/airflow/example_dags/example_branch_day_of_week_operator.py
[2024-03-08T12:51:12.795+0530] {processor.py:830} INFO - Processing file /Users/anikbhowmick/Python/Big_Data_Assignment/A02/airflow_env/lib/python3.11/site-packages/airflow/example_dags/example_branch_day_of_week_operator.py for tasks to queue
[2024-03-08T12:51:12.795+0530] {logging_mixin.py:188} INFO - [2024-03-08T12:51:12.795+0530] {dagbag.py:540} INFO - Filling up the DagBag from /Users/anikbhowmick/Python/Big_Data_Assignment/A02/airflow_env/lib/python3.11/site-packages/airflow/example_dags/example_branch_day_of_week_operator.py
[2024-03-08T12:51:12.821+0530] {processor.py:840} INFO - DAG(s) 'example_weekday_branch_operator' retrieved from /Users/anikbhowmick/Python/Big_Data_Assignment/A02/airflow_env/lib/python3.11/site-packages/airflow/example_dags/example_branch_day_of_week_operator.py
[2024-03-08T12:51:12.850+0530] {logging_mixin.py:188} INFO - [2024-03-08T12:51:12.849+0530] {dag.py:3047} INFO - Sync 1 DAGs
[2024-03-08T12:51:12.855+0530] {logging_mixin.py:188} INFO - [2024-03-08T12:51:12.855+0530] {dag.py:3834} INFO - Setting next_dagrun for example_weekday_branch_operator to 2024-03-07 00:00:00+00:00, run_after=2024-03-08 00:00:00+00:00
[2024-03-08T12:51:12.862+0530] {processor.py:183} INFO - Processing /Users/anikbhowmick/Python/Big_Data_Assignment/A02/airflow_env/lib/python3.11/site-packages/airflow/example_dags/example_branch_day_of_week_operator.py took 0.068 seconds
[2024-03-08T12:53:03.896+0530] {processor.py:161} INFO - Started process (PID=12870) to work on /Users/anikbhowmick/Python/Big_Data_Assignment/A02/airflow_env/lib/python3.11/site-packages/airflow/example_dags/example_branch_day_of_week_operator.py
[2024-03-08T12:53:03.898+0530] {processor.py:830} INFO - Processing file /Users/anikbhowmick/Python/Big_Data_Assignment/A02/airflow_env/lib/python3.11/site-packages/airflow/example_dags/example_branch_day_of_week_operator.py for tasks to queue
[2024-03-08T12:53:03.898+0530] {logging_mixin.py:188} INFO - [2024-03-08T12:53:03.898+0530] {dagbag.py:540} INFO - Filling up the DagBag from /Users/anikbhowmick/Python/Big_Data_Assignment/A02/airflow_env/lib/python3.11/site-packages/airflow/example_dags/example_branch_day_of_week_operator.py
[2024-03-08T12:53:03.926+0530] {processor.py:840} INFO - DAG(s) 'example_weekday_branch_operator' retrieved from /Users/anikbhowmick/Python/Big_Data_Assignment/A02/airflow_env/lib/python3.11/site-packages/airflow/example_dags/example_branch_day_of_week_operator.py
[2024-03-08T12:53:03.955+0530] {logging_mixin.py:188} INFO - [2024-03-08T12:53:03.955+0530] {dag.py:3047} INFO - Sync 1 DAGs
[2024-03-08T12:53:03.961+0530] {logging_mixin.py:188} INFO - [2024-03-08T12:53:03.961+0530] {dag.py:3834} INFO - Setting next_dagrun for example_weekday_branch_operator to 2024-03-07 00:00:00+00:00, run_after=2024-03-08 00:00:00+00:00
[2024-03-08T12:53:03.968+0530] {processor.py:183} INFO - Processing /Users/anikbhowmick/Python/Big_Data_Assignment/A02/airflow_env/lib/python3.11/site-packages/airflow/example_dags/example_branch_day_of_week_operator.py took 0.072 seconds
[2024-03-08T13:02:55.562+0530] {processor.py:161} INFO - Started process (PID=13374) to work on /Users/anikbhowmick/Python/Big_Data_Assignment/A02/airflow_env/lib/python3.11/site-packages/airflow/example_dags/example_branch_day_of_week_operator.py
[2024-03-08T13:02:55.563+0530] {processor.py:830} INFO - Processing file /Users/anikbhowmick/Python/Big_Data_Assignment/A02/airflow_env/lib/python3.11/site-packages/airflow/example_dags/example_branch_day_of_week_operator.py for tasks to queue
[2024-03-08T13:02:55.563+0530] {logging_mixin.py:188} INFO - [2024-03-08T13:02:55.563+0530] {dagbag.py:540} INFO - Filling up the DagBag from /Users/anikbhowmick/Python/Big_Data_Assignment/A02/airflow_env/lib/python3.11/site-packages/airflow/example_dags/example_branch_day_of_week_operator.py
[2024-03-08T13:02:55.588+0530] {processor.py:840} INFO - DAG(s) 'example_weekday_branch_operator' retrieved from /Users/anikbhowmick/Python/Big_Data_Assignment/A02/airflow_env/lib/python3.11/site-packages/airflow/example_dags/example_branch_day_of_week_operator.py
[2024-03-08T13:02:55.617+0530] {logging_mixin.py:188} INFO - [2024-03-08T13:02:55.617+0530] {dag.py:3047} INFO - Sync 1 DAGs
[2024-03-08T13:02:55.623+0530] {logging_mixin.py:188} INFO - [2024-03-08T13:02:55.623+0530] {dag.py:3834} INFO - Setting next_dagrun for example_weekday_branch_operator to 2024-03-07 00:00:00+00:00, run_after=2024-03-08 00:00:00+00:00
[2024-03-08T13:02:55.629+0530] {processor.py:183} INFO - Processing /Users/anikbhowmick/Python/Big_Data_Assignment/A02/airflow_env/lib/python3.11/site-packages/airflow/example_dags/example_branch_day_of_week_operator.py took 0.068 seconds
[2024-03-08T13:04:49.347+0530] {processor.py:161} INFO - Started process (PID=13464) to work on /Users/anikbhowmick/Python/Big_Data_Assignment/A02/airflow_env/lib/python3.11/site-packages/airflow/example_dags/example_branch_day_of_week_operator.py
[2024-03-08T13:04:49.348+0530] {processor.py:830} INFO - Processing file /Users/anikbhowmick/Python/Big_Data_Assignment/A02/airflow_env/lib/python3.11/site-packages/airflow/example_dags/example_branch_day_of_week_operator.py for tasks to queue
[2024-03-08T13:04:49.349+0530] {logging_mixin.py:188} INFO - [2024-03-08T13:04:49.349+0530] {dagbag.py:540} INFO - Filling up the DagBag from /Users/anikbhowmick/Python/Big_Data_Assignment/A02/airflow_env/lib/python3.11/site-packages/airflow/example_dags/example_branch_day_of_week_operator.py
[2024-03-08T13:04:49.374+0530] {processor.py:840} INFO - DAG(s) 'example_weekday_branch_operator' retrieved from /Users/anikbhowmick/Python/Big_Data_Assignment/A02/airflow_env/lib/python3.11/site-packages/airflow/example_dags/example_branch_day_of_week_operator.py
[2024-03-08T13:04:49.404+0530] {logging_mixin.py:188} INFO - [2024-03-08T13:04:49.404+0530] {dag.py:3047} INFO - Sync 1 DAGs
[2024-03-08T13:04:49.410+0530] {logging_mixin.py:188} INFO - [2024-03-08T13:04:49.410+0530] {dag.py:3834} INFO - Setting next_dagrun for example_weekday_branch_operator to 2024-03-07 00:00:00+00:00, run_after=2024-03-08 00:00:00+00:00
[2024-03-08T13:04:49.416+0530] {processor.py:183} INFO - Processing /Users/anikbhowmick/Python/Big_Data_Assignment/A02/airflow_env/lib/python3.11/site-packages/airflow/example_dags/example_branch_day_of_week_operator.py took 0.069 seconds
[2024-03-08T13:15:30.732+0530] {processor.py:161} INFO - Started process (PID=14274) to work on /Users/anikbhowmick/Python/Big_Data_Assignment/A02/airflow_env/lib/python3.11/site-packages/airflow/example_dags/example_branch_day_of_week_operator.py
[2024-03-08T13:15:30.734+0530] {processor.py:830} INFO - Processing file /Users/anikbhowmick/Python/Big_Data_Assignment/A02/airflow_env/lib/python3.11/site-packages/airflow/example_dags/example_branch_day_of_week_operator.py for tasks to queue
[2024-03-08T13:15:30.734+0530] {logging_mixin.py:188} INFO - [2024-03-08T13:15:30.734+0530] {dagbag.py:540} INFO - Filling up the DagBag from /Users/anikbhowmick/Python/Big_Data_Assignment/A02/airflow_env/lib/python3.11/site-packages/airflow/example_dags/example_branch_day_of_week_operator.py
[2024-03-08T13:15:30.759+0530] {processor.py:840} INFO - DAG(s) 'example_weekday_branch_operator' retrieved from /Users/anikbhowmick/Python/Big_Data_Assignment/A02/airflow_env/lib/python3.11/site-packages/airflow/example_dags/example_branch_day_of_week_operator.py
[2024-03-08T13:15:30.788+0530] {logging_mixin.py:188} INFO - [2024-03-08T13:15:30.788+0530] {dag.py:3047} INFO - Sync 1 DAGs
[2024-03-08T13:15:30.794+0530] {logging_mixin.py:188} INFO - [2024-03-08T13:15:30.794+0530] {dag.py:3834} INFO - Setting next_dagrun for example_weekday_branch_operator to 2024-03-07 00:00:00+00:00, run_after=2024-03-08 00:00:00+00:00
[2024-03-08T13:15:30.800+0530] {processor.py:183} INFO - Processing /Users/anikbhowmick/Python/Big_Data_Assignment/A02/airflow_env/lib/python3.11/site-packages/airflow/example_dags/example_branch_day_of_week_operator.py took 0.068 seconds
[2024-03-08T13:17:19.692+0530] {processor.py:161} INFO - Started process (PID=14389) to work on /Users/anikbhowmick/Python/Big_Data_Assignment/A02/airflow_env/lib/python3.11/site-packages/airflow/example_dags/example_branch_day_of_week_operator.py
[2024-03-08T13:17:19.693+0530] {processor.py:830} INFO - Processing file /Users/anikbhowmick/Python/Big_Data_Assignment/A02/airflow_env/lib/python3.11/site-packages/airflow/example_dags/example_branch_day_of_week_operator.py for tasks to queue
[2024-03-08T13:17:19.693+0530] {logging_mixin.py:188} INFO - [2024-03-08T13:17:19.693+0530] {dagbag.py:540} INFO - Filling up the DagBag from /Users/anikbhowmick/Python/Big_Data_Assignment/A02/airflow_env/lib/python3.11/site-packages/airflow/example_dags/example_branch_day_of_week_operator.py
[2024-03-08T13:17:19.719+0530] {processor.py:840} INFO - DAG(s) 'example_weekday_branch_operator' retrieved from /Users/anikbhowmick/Python/Big_Data_Assignment/A02/airflow_env/lib/python3.11/site-packages/airflow/example_dags/example_branch_day_of_week_operator.py
[2024-03-08T13:17:19.748+0530] {logging_mixin.py:188} INFO - [2024-03-08T13:17:19.747+0530] {dag.py:3047} INFO - Sync 1 DAGs
[2024-03-08T13:17:19.753+0530] {logging_mixin.py:188} INFO - [2024-03-08T13:17:19.753+0530] {dag.py:3834} INFO - Setting next_dagrun for example_weekday_branch_operator to 2024-03-07 00:00:00+00:00, run_after=2024-03-08 00:00:00+00:00
[2024-03-08T13:17:19.759+0530] {processor.py:183} INFO - Processing /Users/anikbhowmick/Python/Big_Data_Assignment/A02/airflow_env/lib/python3.11/site-packages/airflow/example_dags/example_branch_day_of_week_operator.py took 0.068 seconds
[2024-03-08T13:19:09.072+0530] {processor.py:161} INFO - Started process (PID=14463) to work on /Users/anikbhowmick/Python/Big_Data_Assignment/A02/airflow_env/lib/python3.11/site-packages/airflow/example_dags/example_branch_day_of_week_operator.py
[2024-03-08T13:19:09.073+0530] {processor.py:830} INFO - Processing file /Users/anikbhowmick/Python/Big_Data_Assignment/A02/airflow_env/lib/python3.11/site-packages/airflow/example_dags/example_branch_day_of_week_operator.py for tasks to queue
[2024-03-08T13:19:09.073+0530] {logging_mixin.py:188} INFO - [2024-03-08T13:19:09.073+0530] {dagbag.py:540} INFO - Filling up the DagBag from /Users/anikbhowmick/Python/Big_Data_Assignment/A02/airflow_env/lib/python3.11/site-packages/airflow/example_dags/example_branch_day_of_week_operator.py
[2024-03-08T13:19:09.097+0530] {processor.py:840} INFO - DAG(s) 'example_weekday_branch_operator' retrieved from /Users/anikbhowmick/Python/Big_Data_Assignment/A02/airflow_env/lib/python3.11/site-packages/airflow/example_dags/example_branch_day_of_week_operator.py
[2024-03-08T13:19:09.126+0530] {logging_mixin.py:188} INFO - [2024-03-08T13:19:09.126+0530] {dag.py:3047} INFO - Sync 1 DAGs
[2024-03-08T13:19:09.132+0530] {logging_mixin.py:188} INFO - [2024-03-08T13:19:09.132+0530] {dag.py:3834} INFO - Setting next_dagrun for example_weekday_branch_operator to 2024-03-07 00:00:00+00:00, run_after=2024-03-08 00:00:00+00:00
[2024-03-08T13:19:09.138+0530] {processor.py:183} INFO - Processing /Users/anikbhowmick/Python/Big_Data_Assignment/A02/airflow_env/lib/python3.11/site-packages/airflow/example_dags/example_branch_day_of_week_operator.py took 0.066 seconds
[2024-03-08T13:21:00.207+0530] {processor.py:161} INFO - Started process (PID=14533) to work on /Users/anikbhowmick/Python/Big_Data_Assignment/A02/airflow_env/lib/python3.11/site-packages/airflow/example_dags/example_branch_day_of_week_operator.py
[2024-03-08T13:21:00.207+0530] {processor.py:830} INFO - Processing file /Users/anikbhowmick/Python/Big_Data_Assignment/A02/airflow_env/lib/python3.11/site-packages/airflow/example_dags/example_branch_day_of_week_operator.py for tasks to queue
[2024-03-08T13:21:00.207+0530] {logging_mixin.py:188} INFO - [2024-03-08T13:21:00.207+0530] {dagbag.py:540} INFO - Filling up the DagBag from /Users/anikbhowmick/Python/Big_Data_Assignment/A02/airflow_env/lib/python3.11/site-packages/airflow/example_dags/example_branch_day_of_week_operator.py
[2024-03-08T13:21:00.234+0530] {processor.py:840} INFO - DAG(s) 'example_weekday_branch_operator' retrieved from /Users/anikbhowmick/Python/Big_Data_Assignment/A02/airflow_env/lib/python3.11/site-packages/airflow/example_dags/example_branch_day_of_week_operator.py
[2024-03-08T13:21:00.264+0530] {logging_mixin.py:188} INFO - [2024-03-08T13:21:00.264+0530] {dag.py:3047} INFO - Sync 1 DAGs
[2024-03-08T13:21:00.270+0530] {logging_mixin.py:188} INFO - [2024-03-08T13:21:00.270+0530] {dag.py:3834} INFO - Setting next_dagrun for example_weekday_branch_operator to 2024-03-07 00:00:00+00:00, run_after=2024-03-08 00:00:00+00:00
[2024-03-08T13:21:00.276+0530] {processor.py:183} INFO - Processing /Users/anikbhowmick/Python/Big_Data_Assignment/A02/airflow_env/lib/python3.11/site-packages/airflow/example_dags/example_branch_day_of_week_operator.py took 0.070 seconds
[2024-03-08T13:23:26.733+0530] {processor.py:161} INFO - Started process (PID=14763) to work on /Users/anikbhowmick/Python/Big_Data_Assignment/A02/airflow_env/lib/python3.11/site-packages/airflow/example_dags/example_branch_day_of_week_operator.py
[2024-03-08T13:23:26.734+0530] {processor.py:830} INFO - Processing file /Users/anikbhowmick/Python/Big_Data_Assignment/A02/airflow_env/lib/python3.11/site-packages/airflow/example_dags/example_branch_day_of_week_operator.py for tasks to queue
[2024-03-08T13:23:26.734+0530] {logging_mixin.py:188} INFO - [2024-03-08T13:23:26.734+0530] {dagbag.py:540} INFO - Filling up the DagBag from /Users/anikbhowmick/Python/Big_Data_Assignment/A02/airflow_env/lib/python3.11/site-packages/airflow/example_dags/example_branch_day_of_week_operator.py
[2024-03-08T13:23:26.760+0530] {processor.py:840} INFO - DAG(s) 'example_weekday_branch_operator' retrieved from /Users/anikbhowmick/Python/Big_Data_Assignment/A02/airflow_env/lib/python3.11/site-packages/airflow/example_dags/example_branch_day_of_week_operator.py
[2024-03-08T13:23:26.790+0530] {logging_mixin.py:188} INFO - [2024-03-08T13:23:26.790+0530] {dag.py:3047} INFO - Sync 1 DAGs
[2024-03-08T13:23:26.796+0530] {logging_mixin.py:188} INFO - [2024-03-08T13:23:26.796+0530] {dag.py:3834} INFO - Setting next_dagrun for example_weekday_branch_operator to 2024-03-07 00:00:00+00:00, run_after=2024-03-08 00:00:00+00:00
[2024-03-08T13:23:26.802+0530] {processor.py:183} INFO - Processing /Users/anikbhowmick/Python/Big_Data_Assignment/A02/airflow_env/lib/python3.11/site-packages/airflow/example_dags/example_branch_day_of_week_operator.py took 0.069 seconds
[2024-03-08T13:34:18.228+0530] {processor.py:161} INFO - Started process (PID=15483) to work on /Users/anikbhowmick/Python/Big_Data_Assignment/A02/airflow_env/lib/python3.11/site-packages/airflow/example_dags/example_branch_day_of_week_operator.py
[2024-03-08T13:34:18.229+0530] {processor.py:830} INFO - Processing file /Users/anikbhowmick/Python/Big_Data_Assignment/A02/airflow_env/lib/python3.11/site-packages/airflow/example_dags/example_branch_day_of_week_operator.py for tasks to queue
[2024-03-08T13:34:18.229+0530] {logging_mixin.py:188} INFO - [2024-03-08T13:34:18.229+0530] {dagbag.py:540} INFO - Filling up the DagBag from /Users/anikbhowmick/Python/Big_Data_Assignment/A02/airflow_env/lib/python3.11/site-packages/airflow/example_dags/example_branch_day_of_week_operator.py
[2024-03-08T13:34:18.257+0530] {processor.py:840} INFO - DAG(s) 'example_weekday_branch_operator' retrieved from /Users/anikbhowmick/Python/Big_Data_Assignment/A02/airflow_env/lib/python3.11/site-packages/airflow/example_dags/example_branch_day_of_week_operator.py
[2024-03-08T13:34:18.287+0530] {logging_mixin.py:188} INFO - [2024-03-08T13:34:18.286+0530] {dag.py:3047} INFO - Sync 1 DAGs
[2024-03-08T13:34:18.293+0530] {logging_mixin.py:188} INFO - [2024-03-08T13:34:18.292+0530] {dag.py:3834} INFO - Setting next_dagrun for example_weekday_branch_operator to 2024-03-07 00:00:00+00:00, run_after=2024-03-08 00:00:00+00:00
[2024-03-08T13:34:18.299+0530] {processor.py:183} INFO - Processing /Users/anikbhowmick/Python/Big_Data_Assignment/A02/airflow_env/lib/python3.11/site-packages/airflow/example_dags/example_branch_day_of_week_operator.py took 0.071 seconds
[2024-03-08T13:36:07.682+0530] {processor.py:161} INFO - Started process (PID=15566) to work on /Users/anikbhowmick/Python/Big_Data_Assignment/A02/airflow_env/lib/python3.11/site-packages/airflow/example_dags/example_branch_day_of_week_operator.py
[2024-03-08T13:36:07.683+0530] {processor.py:830} INFO - Processing file /Users/anikbhowmick/Python/Big_Data_Assignment/A02/airflow_env/lib/python3.11/site-packages/airflow/example_dags/example_branch_day_of_week_operator.py for tasks to queue
[2024-03-08T13:36:07.684+0530] {logging_mixin.py:188} INFO - [2024-03-08T13:36:07.684+0530] {dagbag.py:540} INFO - Filling up the DagBag from /Users/anikbhowmick/Python/Big_Data_Assignment/A02/airflow_env/lib/python3.11/site-packages/airflow/example_dags/example_branch_day_of_week_operator.py
[2024-03-08T13:36:07.709+0530] {processor.py:840} INFO - DAG(s) 'example_weekday_branch_operator' retrieved from /Users/anikbhowmick/Python/Big_Data_Assignment/A02/airflow_env/lib/python3.11/site-packages/airflow/example_dags/example_branch_day_of_week_operator.py
[2024-03-08T13:36:07.738+0530] {logging_mixin.py:188} INFO - [2024-03-08T13:36:07.738+0530] {dag.py:3047} INFO - Sync 1 DAGs
[2024-03-08T13:36:07.743+0530] {logging_mixin.py:188} INFO - [2024-03-08T13:36:07.743+0530] {dag.py:3834} INFO - Setting next_dagrun for example_weekday_branch_operator to 2024-03-07 00:00:00+00:00, run_after=2024-03-08 00:00:00+00:00
[2024-03-08T13:36:07.749+0530] {processor.py:183} INFO - Processing /Users/anikbhowmick/Python/Big_Data_Assignment/A02/airflow_env/lib/python3.11/site-packages/airflow/example_dags/example_branch_day_of_week_operator.py took 0.067 seconds
[2024-03-08T13:38:01.843+0530] {processor.py:161} INFO - Started process (PID=15645) to work on /Users/anikbhowmick/Python/Big_Data_Assignment/A02/airflow_env/lib/python3.11/site-packages/airflow/example_dags/example_branch_day_of_week_operator.py
[2024-03-08T13:38:01.843+0530] {processor.py:830} INFO - Processing file /Users/anikbhowmick/Python/Big_Data_Assignment/A02/airflow_env/lib/python3.11/site-packages/airflow/example_dags/example_branch_day_of_week_operator.py for tasks to queue
[2024-03-08T13:38:01.844+0530] {logging_mixin.py:188} INFO - [2024-03-08T13:38:01.844+0530] {dagbag.py:540} INFO - Filling up the DagBag from /Users/anikbhowmick/Python/Big_Data_Assignment/A02/airflow_env/lib/python3.11/site-packages/airflow/example_dags/example_branch_day_of_week_operator.py
[2024-03-08T13:38:01.869+0530] {processor.py:840} INFO - DAG(s) 'example_weekday_branch_operator' retrieved from /Users/anikbhowmick/Python/Big_Data_Assignment/A02/airflow_env/lib/python3.11/site-packages/airflow/example_dags/example_branch_day_of_week_operator.py
[2024-03-08T13:38:01.899+0530] {logging_mixin.py:188} INFO - [2024-03-08T13:38:01.899+0530] {dag.py:3047} INFO - Sync 1 DAGs
[2024-03-08T13:38:01.905+0530] {logging_mixin.py:188} INFO - [2024-03-08T13:38:01.905+0530] {dag.py:3834} INFO - Setting next_dagrun for example_weekday_branch_operator to 2024-03-07 00:00:00+00:00, run_after=2024-03-08 00:00:00+00:00
[2024-03-08T13:38:01.911+0530] {processor.py:183} INFO - Processing /Users/anikbhowmick/Python/Big_Data_Assignment/A02/airflow_env/lib/python3.11/site-packages/airflow/example_dags/example_branch_day_of_week_operator.py took 0.068 seconds
[2024-03-08T14:29:02.177+0530] {processor.py:161} INFO - Started process (PID=17000) to work on /Users/anikbhowmick/Python/Big_Data_Assignment/A02/airflow_env/lib/python3.11/site-packages/airflow/example_dags/example_branch_day_of_week_operator.py
[2024-03-08T14:29:02.179+0530] {processor.py:830} INFO - Processing file /Users/anikbhowmick/Python/Big_Data_Assignment/A02/airflow_env/lib/python3.11/site-packages/airflow/example_dags/example_branch_day_of_week_operator.py for tasks to queue
[2024-03-08T14:29:02.179+0530] {logging_mixin.py:188} INFO - [2024-03-08T14:29:02.179+0530] {dagbag.py:540} INFO - Filling up the DagBag from /Users/anikbhowmick/Python/Big_Data_Assignment/A02/airflow_env/lib/python3.11/site-packages/airflow/example_dags/example_branch_day_of_week_operator.py
[2024-03-08T14:29:02.203+0530] {processor.py:840} INFO - DAG(s) 'example_weekday_branch_operator' retrieved from /Users/anikbhowmick/Python/Big_Data_Assignment/A02/airflow_env/lib/python3.11/site-packages/airflow/example_dags/example_branch_day_of_week_operator.py
[2024-03-08T14:29:02.232+0530] {logging_mixin.py:188} INFO - [2024-03-08T14:29:02.232+0530] {dag.py:3047} INFO - Sync 1 DAGs
[2024-03-08T14:29:02.238+0530] {logging_mixin.py:188} INFO - [2024-03-08T14:29:02.238+0530] {dag.py:3834} INFO - Setting next_dagrun for example_weekday_branch_operator to 2024-03-07 00:00:00+00:00, run_after=2024-03-08 00:00:00+00:00
[2024-03-08T14:29:02.244+0530] {processor.py:183} INFO - Processing /Users/anikbhowmick/Python/Big_Data_Assignment/A02/airflow_env/lib/python3.11/site-packages/airflow/example_dags/example_branch_day_of_week_operator.py took 0.067 seconds
[2024-03-08T14:34:31.437+0530] {processor.py:161} INFO - Started process (PID=17331) to work on /Users/anikbhowmick/Python/Big_Data_Assignment/A02/airflow_env/lib/python3.11/site-packages/airflow/example_dags/example_branch_day_of_week_operator.py
[2024-03-08T14:34:31.437+0530] {processor.py:830} INFO - Processing file /Users/anikbhowmick/Python/Big_Data_Assignment/A02/airflow_env/lib/python3.11/site-packages/airflow/example_dags/example_branch_day_of_week_operator.py for tasks to queue
[2024-03-08T14:34:31.438+0530] {logging_mixin.py:188} INFO - [2024-03-08T14:34:31.438+0530] {dagbag.py:540} INFO - Filling up the DagBag from /Users/anikbhowmick/Python/Big_Data_Assignment/A02/airflow_env/lib/python3.11/site-packages/airflow/example_dags/example_branch_day_of_week_operator.py
[2024-03-08T14:34:31.468+0530] {processor.py:840} INFO - DAG(s) 'example_weekday_branch_operator' retrieved from /Users/anikbhowmick/Python/Big_Data_Assignment/A02/airflow_env/lib/python3.11/site-packages/airflow/example_dags/example_branch_day_of_week_operator.py
[2024-03-08T14:34:31.502+0530] {logging_mixin.py:188} INFO - [2024-03-08T14:34:31.502+0530] {dag.py:3047} INFO - Sync 1 DAGs
[2024-03-08T14:34:31.508+0530] {logging_mixin.py:188} INFO - [2024-03-08T14:34:31.508+0530] {dag.py:3834} INFO - Setting next_dagrun for example_weekday_branch_operator to 2024-03-07 00:00:00+00:00, run_after=2024-03-08 00:00:00+00:00
[2024-03-08T14:34:31.515+0530] {processor.py:183} INFO - Processing /Users/anikbhowmick/Python/Big_Data_Assignment/A02/airflow_env/lib/python3.11/site-packages/airflow/example_dags/example_branch_day_of_week_operator.py took 0.079 seconds
[2024-03-08T14:36:21.753+0530] {processor.py:161} INFO - Started process (PID=17406) to work on /Users/anikbhowmick/Python/Big_Data_Assignment/A02/airflow_env/lib/python3.11/site-packages/airflow/example_dags/example_branch_day_of_week_operator.py
[2024-03-08T14:36:21.754+0530] {processor.py:830} INFO - Processing file /Users/anikbhowmick/Python/Big_Data_Assignment/A02/airflow_env/lib/python3.11/site-packages/airflow/example_dags/example_branch_day_of_week_operator.py for tasks to queue
[2024-03-08T14:36:21.754+0530] {logging_mixin.py:188} INFO - [2024-03-08T14:36:21.754+0530] {dagbag.py:540} INFO - Filling up the DagBag from /Users/anikbhowmick/Python/Big_Data_Assignment/A02/airflow_env/lib/python3.11/site-packages/airflow/example_dags/example_branch_day_of_week_operator.py
[2024-03-08T14:36:21.779+0530] {processor.py:840} INFO - DAG(s) 'example_weekday_branch_operator' retrieved from /Users/anikbhowmick/Python/Big_Data_Assignment/A02/airflow_env/lib/python3.11/site-packages/airflow/example_dags/example_branch_day_of_week_operator.py
[2024-03-08T14:36:21.807+0530] {logging_mixin.py:188} INFO - [2024-03-08T14:36:21.807+0530] {dag.py:3047} INFO - Sync 1 DAGs
[2024-03-08T14:36:21.813+0530] {logging_mixin.py:188} INFO - [2024-03-08T14:36:21.813+0530] {dag.py:3834} INFO - Setting next_dagrun for example_weekday_branch_operator to 2024-03-07 00:00:00+00:00, run_after=2024-03-08 00:00:00+00:00
[2024-03-08T14:36:21.819+0530] {processor.py:183} INFO - Processing /Users/anikbhowmick/Python/Big_Data_Assignment/A02/airflow_env/lib/python3.11/site-packages/airflow/example_dags/example_branch_day_of_week_operator.py took 0.067 seconds
[2024-03-08T14:38:10.668+0530] {processor.py:161} INFO - Started process (PID=17475) to work on /Users/anikbhowmick/Python/Big_Data_Assignment/A02/airflow_env/lib/python3.11/site-packages/airflow/example_dags/example_branch_day_of_week_operator.py
[2024-03-08T14:38:10.668+0530] {processor.py:830} INFO - Processing file /Users/anikbhowmick/Python/Big_Data_Assignment/A02/airflow_env/lib/python3.11/site-packages/airflow/example_dags/example_branch_day_of_week_operator.py for tasks to queue
[2024-03-08T14:38:10.668+0530] {logging_mixin.py:188} INFO - [2024-03-08T14:38:10.668+0530] {dagbag.py:540} INFO - Filling up the DagBag from /Users/anikbhowmick/Python/Big_Data_Assignment/A02/airflow_env/lib/python3.11/site-packages/airflow/example_dags/example_branch_day_of_week_operator.py
[2024-03-08T14:38:10.692+0530] {processor.py:840} INFO - DAG(s) 'example_weekday_branch_operator' retrieved from /Users/anikbhowmick/Python/Big_Data_Assignment/A02/airflow_env/lib/python3.11/site-packages/airflow/example_dags/example_branch_day_of_week_operator.py
[2024-03-08T14:38:10.721+0530] {logging_mixin.py:188} INFO - [2024-03-08T14:38:10.721+0530] {dag.py:3047} INFO - Sync 1 DAGs
[2024-03-08T14:38:10.727+0530] {logging_mixin.py:188} INFO - [2024-03-08T14:38:10.727+0530] {dag.py:3834} INFO - Setting next_dagrun for example_weekday_branch_operator to 2024-03-07 00:00:00+00:00, run_after=2024-03-08 00:00:00+00:00
[2024-03-08T14:38:10.733+0530] {processor.py:183} INFO - Processing /Users/anikbhowmick/Python/Big_Data_Assignment/A02/airflow_env/lib/python3.11/site-packages/airflow/example_dags/example_branch_day_of_week_operator.py took 0.066 seconds
[2024-03-08T14:39:57.361+0530] {processor.py:161} INFO - Started process (PID=17543) to work on /Users/anikbhowmick/Python/Big_Data_Assignment/A02/airflow_env/lib/python3.11/site-packages/airflow/example_dags/example_branch_day_of_week_operator.py
[2024-03-08T14:39:57.362+0530] {processor.py:830} INFO - Processing file /Users/anikbhowmick/Python/Big_Data_Assignment/A02/airflow_env/lib/python3.11/site-packages/airflow/example_dags/example_branch_day_of_week_operator.py for tasks to queue
[2024-03-08T14:39:57.362+0530] {logging_mixin.py:188} INFO - [2024-03-08T14:39:57.362+0530] {dagbag.py:540} INFO - Filling up the DagBag from /Users/anikbhowmick/Python/Big_Data_Assignment/A02/airflow_env/lib/python3.11/site-packages/airflow/example_dags/example_branch_day_of_week_operator.py
[2024-03-08T14:39:57.387+0530] {processor.py:840} INFO - DAG(s) 'example_weekday_branch_operator' retrieved from /Users/anikbhowmick/Python/Big_Data_Assignment/A02/airflow_env/lib/python3.11/site-packages/airflow/example_dags/example_branch_day_of_week_operator.py
[2024-03-08T14:39:57.417+0530] {logging_mixin.py:188} INFO - [2024-03-08T14:39:57.417+0530] {dag.py:3047} INFO - Sync 1 DAGs
[2024-03-08T14:39:57.422+0530] {logging_mixin.py:188} INFO - [2024-03-08T14:39:57.422+0530] {dag.py:3834} INFO - Setting next_dagrun for example_weekday_branch_operator to 2024-03-07 00:00:00+00:00, run_after=2024-03-08 00:00:00+00:00
[2024-03-08T14:39:57.429+0530] {processor.py:183} INFO - Processing /Users/anikbhowmick/Python/Big_Data_Assignment/A02/airflow_env/lib/python3.11/site-packages/airflow/example_dags/example_branch_day_of_week_operator.py took 0.068 seconds
[2024-03-08T14:41:41.472+0530] {processor.py:161} INFO - Started process (PID=17612) to work on /Users/anikbhowmick/Python/Big_Data_Assignment/A02/airflow_env/lib/python3.11/site-packages/airflow/example_dags/example_branch_day_of_week_operator.py
[2024-03-08T14:41:41.473+0530] {processor.py:830} INFO - Processing file /Users/anikbhowmick/Python/Big_Data_Assignment/A02/airflow_env/lib/python3.11/site-packages/airflow/example_dags/example_branch_day_of_week_operator.py for tasks to queue
[2024-03-08T14:41:41.473+0530] {logging_mixin.py:188} INFO - [2024-03-08T14:41:41.473+0530] {dagbag.py:540} INFO - Filling up the DagBag from /Users/anikbhowmick/Python/Big_Data_Assignment/A02/airflow_env/lib/python3.11/site-packages/airflow/example_dags/example_branch_day_of_week_operator.py
[2024-03-08T14:41:41.497+0530] {processor.py:840} INFO - DAG(s) 'example_weekday_branch_operator' retrieved from /Users/anikbhowmick/Python/Big_Data_Assignment/A02/airflow_env/lib/python3.11/site-packages/airflow/example_dags/example_branch_day_of_week_operator.py
[2024-03-08T14:41:41.526+0530] {logging_mixin.py:188} INFO - [2024-03-08T14:41:41.526+0530] {dag.py:3047} INFO - Sync 1 DAGs
[2024-03-08T14:41:41.532+0530] {logging_mixin.py:188} INFO - [2024-03-08T14:41:41.532+0530] {dag.py:3834} INFO - Setting next_dagrun for example_weekday_branch_operator to 2024-03-07 00:00:00+00:00, run_after=2024-03-08 00:00:00+00:00
[2024-03-08T14:41:41.538+0530] {processor.py:183} INFO - Processing /Users/anikbhowmick/Python/Big_Data_Assignment/A02/airflow_env/lib/python3.11/site-packages/airflow/example_dags/example_branch_day_of_week_operator.py took 0.066 seconds
[2024-03-08T14:43:28.243+0530] {processor.py:161} INFO - Started process (PID=17680) to work on /Users/anikbhowmick/Python/Big_Data_Assignment/A02/airflow_env/lib/python3.11/site-packages/airflow/example_dags/example_branch_day_of_week_operator.py
[2024-03-08T14:43:28.243+0530] {processor.py:830} INFO - Processing file /Users/anikbhowmick/Python/Big_Data_Assignment/A02/airflow_env/lib/python3.11/site-packages/airflow/example_dags/example_branch_day_of_week_operator.py for tasks to queue
[2024-03-08T14:43:28.244+0530] {logging_mixin.py:188} INFO - [2024-03-08T14:43:28.243+0530] {dagbag.py:540} INFO - Filling up the DagBag from /Users/anikbhowmick/Python/Big_Data_Assignment/A02/airflow_env/lib/python3.11/site-packages/airflow/example_dags/example_branch_day_of_week_operator.py
[2024-03-08T14:43:28.268+0530] {processor.py:840} INFO - DAG(s) 'example_weekday_branch_operator' retrieved from /Users/anikbhowmick/Python/Big_Data_Assignment/A02/airflow_env/lib/python3.11/site-packages/airflow/example_dags/example_branch_day_of_week_operator.py
[2024-03-08T14:43:28.297+0530] {logging_mixin.py:188} INFO - [2024-03-08T14:43:28.296+0530] {dag.py:3047} INFO - Sync 1 DAGs
[2024-03-08T14:43:28.302+0530] {logging_mixin.py:188} INFO - [2024-03-08T14:43:28.302+0530] {dag.py:3834} INFO - Setting next_dagrun for example_weekday_branch_operator to 2024-03-07 00:00:00+00:00, run_after=2024-03-08 00:00:00+00:00
[2024-03-08T14:43:28.308+0530] {processor.py:183} INFO - Processing /Users/anikbhowmick/Python/Big_Data_Assignment/A02/airflow_env/lib/python3.11/site-packages/airflow/example_dags/example_branch_day_of_week_operator.py took 0.066 seconds
[2024-03-08T14:53:38.814+0530] {processor.py:161} INFO - Started process (PID=18050) to work on /Users/anikbhowmick/Python/Big_Data_Assignment/A02/airflow_env/lib/python3.11/site-packages/airflow/example_dags/example_branch_day_of_week_operator.py
[2024-03-08T14:53:38.815+0530] {processor.py:830} INFO - Processing file /Users/anikbhowmick/Python/Big_Data_Assignment/A02/airflow_env/lib/python3.11/site-packages/airflow/example_dags/example_branch_day_of_week_operator.py for tasks to queue
[2024-03-08T14:53:38.816+0530] {logging_mixin.py:188} INFO - [2024-03-08T14:53:38.816+0530] {dagbag.py:540} INFO - Filling up the DagBag from /Users/anikbhowmick/Python/Big_Data_Assignment/A02/airflow_env/lib/python3.11/site-packages/airflow/example_dags/example_branch_day_of_week_operator.py
[2024-03-08T14:53:38.842+0530] {processor.py:840} INFO - DAG(s) 'example_weekday_branch_operator' retrieved from /Users/anikbhowmick/Python/Big_Data_Assignment/A02/airflow_env/lib/python3.11/site-packages/airflow/example_dags/example_branch_day_of_week_operator.py
[2024-03-08T14:53:38.872+0530] {logging_mixin.py:188} INFO - [2024-03-08T14:53:38.872+0530] {dag.py:3047} INFO - Sync 1 DAGs
[2024-03-08T14:53:38.878+0530] {logging_mixin.py:188} INFO - [2024-03-08T14:53:38.878+0530] {dag.py:3834} INFO - Setting next_dagrun for example_weekday_branch_operator to 2024-03-07 00:00:00+00:00, run_after=2024-03-08 00:00:00+00:00
[2024-03-08T14:53:38.884+0530] {processor.py:183} INFO - Processing /Users/anikbhowmick/Python/Big_Data_Assignment/A02/airflow_env/lib/python3.11/site-packages/airflow/example_dags/example_branch_day_of_week_operator.py took 0.070 seconds
[2024-03-08T14:55:27.173+0530] {processor.py:161} INFO - Started process (PID=18194) to work on /Users/anikbhowmick/Python/Big_Data_Assignment/A02/airflow_env/lib/python3.11/site-packages/airflow/example_dags/example_branch_day_of_week_operator.py
[2024-03-08T14:55:27.175+0530] {processor.py:830} INFO - Processing file /Users/anikbhowmick/Python/Big_Data_Assignment/A02/airflow_env/lib/python3.11/site-packages/airflow/example_dags/example_branch_day_of_week_operator.py for tasks to queue
[2024-03-08T14:55:27.175+0530] {logging_mixin.py:188} INFO - [2024-03-08T14:55:27.175+0530] {dagbag.py:540} INFO - Filling up the DagBag from /Users/anikbhowmick/Python/Big_Data_Assignment/A02/airflow_env/lib/python3.11/site-packages/airflow/example_dags/example_branch_day_of_week_operator.py
[2024-03-08T14:55:27.201+0530] {processor.py:840} INFO - DAG(s) 'example_weekday_branch_operator' retrieved from /Users/anikbhowmick/Python/Big_Data_Assignment/A02/airflow_env/lib/python3.11/site-packages/airflow/example_dags/example_branch_day_of_week_operator.py
[2024-03-08T14:55:27.229+0530] {logging_mixin.py:188} INFO - [2024-03-08T14:55:27.229+0530] {dag.py:3047} INFO - Sync 1 DAGs
[2024-03-08T14:55:27.235+0530] {logging_mixin.py:188} INFO - [2024-03-08T14:55:27.235+0530] {dag.py:3834} INFO - Setting next_dagrun for example_weekday_branch_operator to 2024-03-07 00:00:00+00:00, run_after=2024-03-08 00:00:00+00:00
[2024-03-08T14:55:27.241+0530] {processor.py:183} INFO - Processing /Users/anikbhowmick/Python/Big_Data_Assignment/A02/airflow_env/lib/python3.11/site-packages/airflow/example_dags/example_branch_day_of_week_operator.py took 0.068 seconds
[2024-03-08T14:57:11.193+0530] {processor.py:161} INFO - Started process (PID=18263) to work on /Users/anikbhowmick/Python/Big_Data_Assignment/A02/airflow_env/lib/python3.11/site-packages/airflow/example_dags/example_branch_day_of_week_operator.py
[2024-03-08T14:57:11.195+0530] {processor.py:830} INFO - Processing file /Users/anikbhowmick/Python/Big_Data_Assignment/A02/airflow_env/lib/python3.11/site-packages/airflow/example_dags/example_branch_day_of_week_operator.py for tasks to queue
[2024-03-08T14:57:11.195+0530] {logging_mixin.py:188} INFO - [2024-03-08T14:57:11.195+0530] {dagbag.py:540} INFO - Filling up the DagBag from /Users/anikbhowmick/Python/Big_Data_Assignment/A02/airflow_env/lib/python3.11/site-packages/airflow/example_dags/example_branch_day_of_week_operator.py
[2024-03-08T14:57:11.219+0530] {processor.py:840} INFO - DAG(s) 'example_weekday_branch_operator' retrieved from /Users/anikbhowmick/Python/Big_Data_Assignment/A02/airflow_env/lib/python3.11/site-packages/airflow/example_dags/example_branch_day_of_week_operator.py
[2024-03-08T14:57:11.248+0530] {logging_mixin.py:188} INFO - [2024-03-08T14:57:11.248+0530] {dag.py:3047} INFO - Sync 1 DAGs
[2024-03-08T14:57:11.254+0530] {logging_mixin.py:188} INFO - [2024-03-08T14:57:11.254+0530] {dag.py:3834} INFO - Setting next_dagrun for example_weekday_branch_operator to 2024-03-07 00:00:00+00:00, run_after=2024-03-08 00:00:00+00:00
[2024-03-08T14:57:11.260+0530] {processor.py:183} INFO - Processing /Users/anikbhowmick/Python/Big_Data_Assignment/A02/airflow_env/lib/python3.11/site-packages/airflow/example_dags/example_branch_day_of_week_operator.py took 0.067 seconds
[2024-03-08T14:59:04.516+0530] {processor.py:161} INFO - Started process (PID=18333) to work on /Users/anikbhowmick/Python/Big_Data_Assignment/A02/airflow_env/lib/python3.11/site-packages/airflow/example_dags/example_branch_day_of_week_operator.py
[2024-03-08T14:59:04.517+0530] {processor.py:830} INFO - Processing file /Users/anikbhowmick/Python/Big_Data_Assignment/A02/airflow_env/lib/python3.11/site-packages/airflow/example_dags/example_branch_day_of_week_operator.py for tasks to queue
[2024-03-08T14:59:04.517+0530] {logging_mixin.py:188} INFO - [2024-03-08T14:59:04.517+0530] {dagbag.py:540} INFO - Filling up the DagBag from /Users/anikbhowmick/Python/Big_Data_Assignment/A02/airflow_env/lib/python3.11/site-packages/airflow/example_dags/example_branch_day_of_week_operator.py
[2024-03-08T14:59:04.542+0530] {processor.py:840} INFO - DAG(s) 'example_weekday_branch_operator' retrieved from /Users/anikbhowmick/Python/Big_Data_Assignment/A02/airflow_env/lib/python3.11/site-packages/airflow/example_dags/example_branch_day_of_week_operator.py
[2024-03-08T14:59:04.571+0530] {logging_mixin.py:188} INFO - [2024-03-08T14:59:04.571+0530] {dag.py:3047} INFO - Sync 1 DAGs
[2024-03-08T14:59:04.577+0530] {logging_mixin.py:188} INFO - [2024-03-08T14:59:04.577+0530] {dag.py:3834} INFO - Setting next_dagrun for example_weekday_branch_operator to 2024-03-07 00:00:00+00:00, run_after=2024-03-08 00:00:00+00:00
[2024-03-08T14:59:04.583+0530] {processor.py:183} INFO - Processing /Users/anikbhowmick/Python/Big_Data_Assignment/A02/airflow_env/lib/python3.11/site-packages/airflow/example_dags/example_branch_day_of_week_operator.py took 0.066 seconds
[2024-03-08T15:01:01.928+0530] {processor.py:161} INFO - Started process (PID=18409) to work on /Users/anikbhowmick/Python/Big_Data_Assignment/A02/airflow_env/lib/python3.11/site-packages/airflow/example_dags/example_branch_day_of_week_operator.py
[2024-03-08T15:01:01.929+0530] {processor.py:830} INFO - Processing file /Users/anikbhowmick/Python/Big_Data_Assignment/A02/airflow_env/lib/python3.11/site-packages/airflow/example_dags/example_branch_day_of_week_operator.py for tasks to queue
[2024-03-08T15:01:01.929+0530] {logging_mixin.py:188} INFO - [2024-03-08T15:01:01.929+0530] {dagbag.py:540} INFO - Filling up the DagBag from /Users/anikbhowmick/Python/Big_Data_Assignment/A02/airflow_env/lib/python3.11/site-packages/airflow/example_dags/example_branch_day_of_week_operator.py
[2024-03-08T15:01:01.954+0530] {processor.py:840} INFO - DAG(s) 'example_weekday_branch_operator' retrieved from /Users/anikbhowmick/Python/Big_Data_Assignment/A02/airflow_env/lib/python3.11/site-packages/airflow/example_dags/example_branch_day_of_week_operator.py
[2024-03-08T15:01:01.983+0530] {logging_mixin.py:188} INFO - [2024-03-08T15:01:01.983+0530] {dag.py:3047} INFO - Sync 1 DAGs
[2024-03-08T15:01:01.989+0530] {logging_mixin.py:188} INFO - [2024-03-08T15:01:01.989+0530] {dag.py:3834} INFO - Setting next_dagrun for example_weekday_branch_operator to 2024-03-07 00:00:00+00:00, run_after=2024-03-08 00:00:00+00:00
[2024-03-08T15:01:01.995+0530] {processor.py:183} INFO - Processing /Users/anikbhowmick/Python/Big_Data_Assignment/A02/airflow_env/lib/python3.11/site-packages/airflow/example_dags/example_branch_day_of_week_operator.py took 0.067 seconds
[2024-03-08T15:02:55.746+0530] {processor.py:161} INFO - Started process (PID=18485) to work on /Users/anikbhowmick/Python/Big_Data_Assignment/A02/airflow_env/lib/python3.11/site-packages/airflow/example_dags/example_branch_day_of_week_operator.py
[2024-03-08T15:02:55.747+0530] {processor.py:830} INFO - Processing file /Users/anikbhowmick/Python/Big_Data_Assignment/A02/airflow_env/lib/python3.11/site-packages/airflow/example_dags/example_branch_day_of_week_operator.py for tasks to queue
[2024-03-08T15:02:55.748+0530] {logging_mixin.py:188} INFO - [2024-03-08T15:02:55.748+0530] {dagbag.py:540} INFO - Filling up the DagBag from /Users/anikbhowmick/Python/Big_Data_Assignment/A02/airflow_env/lib/python3.11/site-packages/airflow/example_dags/example_branch_day_of_week_operator.py
[2024-03-08T15:02:55.773+0530] {processor.py:840} INFO - DAG(s) 'example_weekday_branch_operator' retrieved from /Users/anikbhowmick/Python/Big_Data_Assignment/A02/airflow_env/lib/python3.11/site-packages/airflow/example_dags/example_branch_day_of_week_operator.py
[2024-03-08T15:02:55.802+0530] {logging_mixin.py:188} INFO - [2024-03-08T15:02:55.802+0530] {dag.py:3047} INFO - Sync 1 DAGs
[2024-03-08T15:02:55.808+0530] {logging_mixin.py:188} INFO - [2024-03-08T15:02:55.808+0530] {dag.py:3834} INFO - Setting next_dagrun for example_weekday_branch_operator to 2024-03-07 00:00:00+00:00, run_after=2024-03-08 00:00:00+00:00
[2024-03-08T15:02:55.813+0530] {processor.py:183} INFO - Processing /Users/anikbhowmick/Python/Big_Data_Assignment/A02/airflow_env/lib/python3.11/site-packages/airflow/example_dags/example_branch_day_of_week_operator.py took 0.068 seconds
[2024-03-08T15:04:37.624+0530] {processor.py:161} INFO - Started process (PID=18555) to work on /Users/anikbhowmick/Python/Big_Data_Assignment/A02/airflow_env/lib/python3.11/site-packages/airflow/example_dags/example_branch_day_of_week_operator.py
[2024-03-08T15:04:37.625+0530] {processor.py:830} INFO - Processing file /Users/anikbhowmick/Python/Big_Data_Assignment/A02/airflow_env/lib/python3.11/site-packages/airflow/example_dags/example_branch_day_of_week_operator.py for tasks to queue
[2024-03-08T15:04:37.625+0530] {logging_mixin.py:188} INFO - [2024-03-08T15:04:37.625+0530] {dagbag.py:540} INFO - Filling up the DagBag from /Users/anikbhowmick/Python/Big_Data_Assignment/A02/airflow_env/lib/python3.11/site-packages/airflow/example_dags/example_branch_day_of_week_operator.py
[2024-03-08T15:04:37.650+0530] {processor.py:840} INFO - DAG(s) 'example_weekday_branch_operator' retrieved from /Users/anikbhowmick/Python/Big_Data_Assignment/A02/airflow_env/lib/python3.11/site-packages/airflow/example_dags/example_branch_day_of_week_operator.py
[2024-03-08T15:04:37.679+0530] {logging_mixin.py:188} INFO - [2024-03-08T15:04:37.679+0530] {dag.py:3047} INFO - Sync 1 DAGs
[2024-03-08T15:04:37.685+0530] {logging_mixin.py:188} INFO - [2024-03-08T15:04:37.685+0530] {dag.py:3834} INFO - Setting next_dagrun for example_weekday_branch_operator to 2024-03-07 00:00:00+00:00, run_after=2024-03-08 00:00:00+00:00
[2024-03-08T15:04:37.691+0530] {processor.py:183} INFO - Processing /Users/anikbhowmick/Python/Big_Data_Assignment/A02/airflow_env/lib/python3.11/site-packages/airflow/example_dags/example_branch_day_of_week_operator.py took 0.067 seconds
[2024-03-08T15:06:29.580+0530] {processor.py:161} INFO - Started process (PID=18625) to work on /Users/anikbhowmick/Python/Big_Data_Assignment/A02/airflow_env/lib/python3.11/site-packages/airflow/example_dags/example_branch_day_of_week_operator.py
[2024-03-08T15:06:29.581+0530] {processor.py:830} INFO - Processing file /Users/anikbhowmick/Python/Big_Data_Assignment/A02/airflow_env/lib/python3.11/site-packages/airflow/example_dags/example_branch_day_of_week_operator.py for tasks to queue
[2024-03-08T15:06:29.581+0530] {logging_mixin.py:188} INFO - [2024-03-08T15:06:29.581+0530] {dagbag.py:540} INFO - Filling up the DagBag from /Users/anikbhowmick/Python/Big_Data_Assignment/A02/airflow_env/lib/python3.11/site-packages/airflow/example_dags/example_branch_day_of_week_operator.py
[2024-03-08T15:06:29.609+0530] {processor.py:840} INFO - DAG(s) 'example_weekday_branch_operator' retrieved from /Users/anikbhowmick/Python/Big_Data_Assignment/A02/airflow_env/lib/python3.11/site-packages/airflow/example_dags/example_branch_day_of_week_operator.py
[2024-03-08T15:06:29.639+0530] {logging_mixin.py:188} INFO - [2024-03-08T15:06:29.639+0530] {dag.py:3047} INFO - Sync 1 DAGs
[2024-03-08T15:06:29.644+0530] {logging_mixin.py:188} INFO - [2024-03-08T15:06:29.644+0530] {dag.py:3834} INFO - Setting next_dagrun for example_weekday_branch_operator to 2024-03-07 00:00:00+00:00, run_after=2024-03-08 00:00:00+00:00
[2024-03-08T15:06:29.651+0530] {processor.py:183} INFO - Processing /Users/anikbhowmick/Python/Big_Data_Assignment/A02/airflow_env/lib/python3.11/site-packages/airflow/example_dags/example_branch_day_of_week_operator.py took 0.071 seconds
[2024-03-08T16:49:57.033+0530] {processor.py:161} INFO - Started process (PID=1294) to work on /Users/anikbhowmick/Python/Big_Data_Assignment/A02/airflow_env/lib/python3.11/site-packages/airflow/example_dags/example_branch_day_of_week_operator.py
[2024-03-08T16:49:57.034+0530] {processor.py:830} INFO - Processing file /Users/anikbhowmick/Python/Big_Data_Assignment/A02/airflow_env/lib/python3.11/site-packages/airflow/example_dags/example_branch_day_of_week_operator.py for tasks to queue
[2024-03-08T16:49:57.034+0530] {logging_mixin.py:188} INFO - [2024-03-08T16:49:57.034+0530] {dagbag.py:540} INFO - Filling up the DagBag from /Users/anikbhowmick/Python/Big_Data_Assignment/A02/airflow_env/lib/python3.11/site-packages/airflow/example_dags/example_branch_day_of_week_operator.py
[2024-03-08T16:49:57.059+0530] {processor.py:840} INFO - DAG(s) 'example_weekday_branch_operator' retrieved from /Users/anikbhowmick/Python/Big_Data_Assignment/A02/airflow_env/lib/python3.11/site-packages/airflow/example_dags/example_branch_day_of_week_operator.py
[2024-03-08T16:49:57.088+0530] {logging_mixin.py:188} INFO - [2024-03-08T16:49:57.088+0530] {dag.py:3047} INFO - Sync 1 DAGs
[2024-03-08T16:49:57.094+0530] {logging_mixin.py:188} INFO - [2024-03-08T16:49:57.094+0530] {dag.py:3834} INFO - Setting next_dagrun for example_weekday_branch_operator to 2024-03-07 00:00:00+00:00, run_after=2024-03-08 00:00:00+00:00
[2024-03-08T16:49:57.100+0530] {processor.py:183} INFO - Processing /Users/anikbhowmick/Python/Big_Data_Assignment/A02/airflow_env/lib/python3.11/site-packages/airflow/example_dags/example_branch_day_of_week_operator.py took 0.067 seconds
[2024-03-08T16:54:15.219+0530] {processor.py:161} INFO - Started process (PID=1589) to work on /Users/anikbhowmick/Python/Big_Data_Assignment/A02/airflow_env/lib/python3.11/site-packages/airflow/example_dags/example_branch_day_of_week_operator.py
[2024-03-08T16:54:15.219+0530] {processor.py:830} INFO - Processing file /Users/anikbhowmick/Python/Big_Data_Assignment/A02/airflow_env/lib/python3.11/site-packages/airflow/example_dags/example_branch_day_of_week_operator.py for tasks to queue
[2024-03-08T16:54:15.220+0530] {logging_mixin.py:188} INFO - [2024-03-08T16:54:15.220+0530] {dagbag.py:540} INFO - Filling up the DagBag from /Users/anikbhowmick/Python/Big_Data_Assignment/A02/airflow_env/lib/python3.11/site-packages/airflow/example_dags/example_branch_day_of_week_operator.py
[2024-03-08T16:54:15.246+0530] {processor.py:840} INFO - DAG(s) 'example_weekday_branch_operator' retrieved from /Users/anikbhowmick/Python/Big_Data_Assignment/A02/airflow_env/lib/python3.11/site-packages/airflow/example_dags/example_branch_day_of_week_operator.py
[2024-03-08T16:54:15.276+0530] {logging_mixin.py:188} INFO - [2024-03-08T16:54:15.276+0530] {dag.py:3047} INFO - Sync 1 DAGs
[2024-03-08T16:54:15.282+0530] {logging_mixin.py:188} INFO - [2024-03-08T16:54:15.282+0530] {dag.py:3834} INFO - Setting next_dagrun for example_weekday_branch_operator to 2024-03-07 00:00:00+00:00, run_after=2024-03-08 00:00:00+00:00
[2024-03-08T16:54:15.289+0530] {processor.py:183} INFO - Processing /Users/anikbhowmick/Python/Big_Data_Assignment/A02/airflow_env/lib/python3.11/site-packages/airflow/example_dags/example_branch_day_of_week_operator.py took 0.071 seconds
