[2024-03-08T12:17:46.837+0530] {processor.py:161} INFO - Started process (PID=11324) to work on /Users/anikbhowmick/Python/Big_Data_Assignment/A02/airflow_env/lib/python3.11/site-packages/airflow/example_dags/example_branch_labels.py
[2024-03-08T12:17:46.837+0530] {processor.py:830} INFO - Processing file /Users/anikbhowmick/Python/Big_Data_Assignment/A02/airflow_env/lib/python3.11/site-packages/airflow/example_dags/example_branch_labels.py for tasks to queue
[2024-03-08T12:17:46.838+0530] {logging_mixin.py:188} INFO - [2024-03-08T12:17:46.838+0530] {dagbag.py:540} INFO - Filling up the DagBag from /Users/anikbhowmick/Python/Big_Data_Assignment/A02/airflow_env/lib/python3.11/site-packages/airflow/example_dags/example_branch_labels.py
[2024-03-08T12:17:46.862+0530] {processor.py:840} INFO - DAG(s) 'example_branch_labels' retrieved from /Users/anikbhowmick/Python/Big_Data_Assignment/A02/airflow_env/lib/python3.11/site-packages/airflow/example_dags/example_branch_labels.py
[2024-03-08T12:17:46.891+0530] {logging_mixin.py:188} INFO - [2024-03-08T12:17:46.891+0530] {dag.py:3047} INFO - Sync 1 DAGs
[2024-03-08T12:17:46.897+0530] {logging_mixin.py:188} INFO - [2024-03-08T12:17:46.897+0530] {dag.py:3834} INFO - Setting next_dagrun for example_branch_labels to 2024-03-07 00:00:00+00:00, run_after=2024-03-08 00:00:00+00:00
[2024-03-08T12:17:46.903+0530] {processor.py:183} INFO - Processing /Users/anikbhowmick/Python/Big_Data_Assignment/A02/airflow_env/lib/python3.11/site-packages/airflow/example_dags/example_branch_labels.py took 0.067 seconds
[2024-03-08T12:19:40.719+0530] {processor.py:161} INFO - Started process (PID=11399) to work on /Users/anikbhowmick/Python/Big_Data_Assignment/A02/airflow_env/lib/python3.11/site-packages/airflow/example_dags/example_branch_labels.py
[2024-03-08T12:19:40.720+0530] {processor.py:830} INFO - Processing file /Users/anikbhowmick/Python/Big_Data_Assignment/A02/airflow_env/lib/python3.11/site-packages/airflow/example_dags/example_branch_labels.py for tasks to queue
[2024-03-08T12:19:40.720+0530] {logging_mixin.py:188} INFO - [2024-03-08T12:19:40.720+0530] {dagbag.py:540} INFO - Filling up the DagBag from /Users/anikbhowmick/Python/Big_Data_Assignment/A02/airflow_env/lib/python3.11/site-packages/airflow/example_dags/example_branch_labels.py
[2024-03-08T12:19:40.745+0530] {processor.py:840} INFO - DAG(s) 'example_branch_labels' retrieved from /Users/anikbhowmick/Python/Big_Data_Assignment/A02/airflow_env/lib/python3.11/site-packages/airflow/example_dags/example_branch_labels.py
[2024-03-08T12:19:40.773+0530] {logging_mixin.py:188} INFO - [2024-03-08T12:19:40.773+0530] {dag.py:3047} INFO - Sync 1 DAGs
[2024-03-08T12:19:40.779+0530] {logging_mixin.py:188} INFO - [2024-03-08T12:19:40.779+0530] {dag.py:3834} INFO - Setting next_dagrun for example_branch_labels to 2024-03-07 00:00:00+00:00, run_after=2024-03-08 00:00:00+00:00
[2024-03-08T12:19:40.785+0530] {processor.py:183} INFO - Processing /Users/anikbhowmick/Python/Big_Data_Assignment/A02/airflow_env/lib/python3.11/site-packages/airflow/example_dags/example_branch_labels.py took 0.066 seconds
[2024-03-08T12:21:32.029+0530] {processor.py:161} INFO - Started process (PID=11473) to work on /Users/anikbhowmick/Python/Big_Data_Assignment/A02/airflow_env/lib/python3.11/site-packages/airflow/example_dags/example_branch_labels.py
[2024-03-08T12:21:32.030+0530] {processor.py:830} INFO - Processing file /Users/anikbhowmick/Python/Big_Data_Assignment/A02/airflow_env/lib/python3.11/site-packages/airflow/example_dags/example_branch_labels.py for tasks to queue
[2024-03-08T12:21:32.030+0530] {logging_mixin.py:188} INFO - [2024-03-08T12:21:32.030+0530] {dagbag.py:540} INFO - Filling up the DagBag from /Users/anikbhowmick/Python/Big_Data_Assignment/A02/airflow_env/lib/python3.11/site-packages/airflow/example_dags/example_branch_labels.py
[2024-03-08T12:21:32.053+0530] {processor.py:840} INFO - DAG(s) 'example_branch_labels' retrieved from /Users/anikbhowmick/Python/Big_Data_Assignment/A02/airflow_env/lib/python3.11/site-packages/airflow/example_dags/example_branch_labels.py
[2024-03-08T12:21:32.082+0530] {logging_mixin.py:188} INFO - [2024-03-08T12:21:32.082+0530] {dag.py:3047} INFO - Sync 1 DAGs
[2024-03-08T12:21:32.088+0530] {logging_mixin.py:188} INFO - [2024-03-08T12:21:32.088+0530] {dag.py:3834} INFO - Setting next_dagrun for example_branch_labels to 2024-03-07 00:00:00+00:00, run_after=2024-03-08 00:00:00+00:00
[2024-03-08T12:21:32.094+0530] {processor.py:183} INFO - Processing /Users/anikbhowmick/Python/Big_Data_Assignment/A02/airflow_env/lib/python3.11/site-packages/airflow/example_dags/example_branch_labels.py took 0.065 seconds
[2024-03-08T12:23:18.248+0530] {processor.py:161} INFO - Started process (PID=11587) to work on /Users/anikbhowmick/Python/Big_Data_Assignment/A02/airflow_env/lib/python3.11/site-packages/airflow/example_dags/example_branch_labels.py
[2024-03-08T12:23:18.249+0530] {processor.py:830} INFO - Processing file /Users/anikbhowmick/Python/Big_Data_Assignment/A02/airflow_env/lib/python3.11/site-packages/airflow/example_dags/example_branch_labels.py for tasks to queue
[2024-03-08T12:23:18.249+0530] {logging_mixin.py:188} INFO - [2024-03-08T12:23:18.249+0530] {dagbag.py:540} INFO - Filling up the DagBag from /Users/anikbhowmick/Python/Big_Data_Assignment/A02/airflow_env/lib/python3.11/site-packages/airflow/example_dags/example_branch_labels.py
[2024-03-08T12:23:18.273+0530] {processor.py:840} INFO - DAG(s) 'example_branch_labels' retrieved from /Users/anikbhowmick/Python/Big_Data_Assignment/A02/airflow_env/lib/python3.11/site-packages/airflow/example_dags/example_branch_labels.py
[2024-03-08T12:23:18.302+0530] {logging_mixin.py:188} INFO - [2024-03-08T12:23:18.302+0530] {dag.py:3047} INFO - Sync 1 DAGs
[2024-03-08T12:23:18.308+0530] {logging_mixin.py:188} INFO - [2024-03-08T12:23:18.308+0530] {dag.py:3834} INFO - Setting next_dagrun for example_branch_labels to 2024-03-07 00:00:00+00:00, run_after=2024-03-08 00:00:00+00:00
[2024-03-08T12:23:18.314+0530] {processor.py:183} INFO - Processing /Users/anikbhowmick/Python/Big_Data_Assignment/A02/airflow_env/lib/python3.11/site-packages/airflow/example_dags/example_branch_labels.py took 0.066 seconds
[2024-03-08T12:25:13.684+0530] {processor.py:161} INFO - Started process (PID=11670) to work on /Users/anikbhowmick/Python/Big_Data_Assignment/A02/airflow_env/lib/python3.11/site-packages/airflow/example_dags/example_branch_labels.py
[2024-03-08T12:25:13.685+0530] {processor.py:830} INFO - Processing file /Users/anikbhowmick/Python/Big_Data_Assignment/A02/airflow_env/lib/python3.11/site-packages/airflow/example_dags/example_branch_labels.py for tasks to queue
[2024-03-08T12:25:13.685+0530] {logging_mixin.py:188} INFO - [2024-03-08T12:25:13.685+0530] {dagbag.py:540} INFO - Filling up the DagBag from /Users/anikbhowmick/Python/Big_Data_Assignment/A02/airflow_env/lib/python3.11/site-packages/airflow/example_dags/example_branch_labels.py
[2024-03-08T12:25:13.709+0530] {processor.py:840} INFO - DAG(s) 'example_branch_labels' retrieved from /Users/anikbhowmick/Python/Big_Data_Assignment/A02/airflow_env/lib/python3.11/site-packages/airflow/example_dags/example_branch_labels.py
[2024-03-08T12:25:13.738+0530] {logging_mixin.py:188} INFO - [2024-03-08T12:25:13.738+0530] {dag.py:3047} INFO - Sync 1 DAGs
[2024-03-08T12:25:13.744+0530] {logging_mixin.py:188} INFO - [2024-03-08T12:25:13.744+0530] {dag.py:3834} INFO - Setting next_dagrun for example_branch_labels to 2024-03-07 00:00:00+00:00, run_after=2024-03-08 00:00:00+00:00
[2024-03-08T12:25:13.750+0530] {processor.py:183} INFO - Processing /Users/anikbhowmick/Python/Big_Data_Assignment/A02/airflow_env/lib/python3.11/site-packages/airflow/example_dags/example_branch_labels.py took 0.066 seconds
[2024-03-08T12:27:05.585+0530] {processor.py:161} INFO - Started process (PID=11758) to work on /Users/anikbhowmick/Python/Big_Data_Assignment/A02/airflow_env/lib/python3.11/site-packages/airflow/example_dags/example_branch_labels.py
[2024-03-08T12:27:05.587+0530] {processor.py:830} INFO - Processing file /Users/anikbhowmick/Python/Big_Data_Assignment/A02/airflow_env/lib/python3.11/site-packages/airflow/example_dags/example_branch_labels.py for tasks to queue
[2024-03-08T12:27:05.587+0530] {logging_mixin.py:188} INFO - [2024-03-08T12:27:05.587+0530] {dagbag.py:540} INFO - Filling up the DagBag from /Users/anikbhowmick/Python/Big_Data_Assignment/A02/airflow_env/lib/python3.11/site-packages/airflow/example_dags/example_branch_labels.py
[2024-03-08T12:27:05.612+0530] {processor.py:840} INFO - DAG(s) 'example_branch_labels' retrieved from /Users/anikbhowmick/Python/Big_Data_Assignment/A02/airflow_env/lib/python3.11/site-packages/airflow/example_dags/example_branch_labels.py
[2024-03-08T12:27:05.641+0530] {logging_mixin.py:188} INFO - [2024-03-08T12:27:05.640+0530] {dag.py:3047} INFO - Sync 1 DAGs
[2024-03-08T12:27:05.646+0530] {logging_mixin.py:188} INFO - [2024-03-08T12:27:05.646+0530] {dag.py:3834} INFO - Setting next_dagrun for example_branch_labels to 2024-03-07 00:00:00+00:00, run_after=2024-03-08 00:00:00+00:00
[2024-03-08T12:27:05.652+0530] {processor.py:183} INFO - Processing /Users/anikbhowmick/Python/Big_Data_Assignment/A02/airflow_env/lib/python3.11/site-packages/airflow/example_dags/example_branch_labels.py took 0.067 seconds
[2024-03-08T12:28:52.929+0530] {processor.py:161} INFO - Started process (PID=11830) to work on /Users/anikbhowmick/Python/Big_Data_Assignment/A02/airflow_env/lib/python3.11/site-packages/airflow/example_dags/example_branch_labels.py
[2024-03-08T12:28:52.931+0530] {processor.py:830} INFO - Processing file /Users/anikbhowmick/Python/Big_Data_Assignment/A02/airflow_env/lib/python3.11/site-packages/airflow/example_dags/example_branch_labels.py for tasks to queue
[2024-03-08T12:28:52.931+0530] {logging_mixin.py:188} INFO - [2024-03-08T12:28:52.931+0530] {dagbag.py:540} INFO - Filling up the DagBag from /Users/anikbhowmick/Python/Big_Data_Assignment/A02/airflow_env/lib/python3.11/site-packages/airflow/example_dags/example_branch_labels.py
[2024-03-08T12:28:52.955+0530] {processor.py:840} INFO - DAG(s) 'example_branch_labels' retrieved from /Users/anikbhowmick/Python/Big_Data_Assignment/A02/airflow_env/lib/python3.11/site-packages/airflow/example_dags/example_branch_labels.py
[2024-03-08T12:28:52.984+0530] {logging_mixin.py:188} INFO - [2024-03-08T12:28:52.984+0530] {dag.py:3047} INFO - Sync 1 DAGs
[2024-03-08T12:28:52.990+0530] {logging_mixin.py:188} INFO - [2024-03-08T12:28:52.990+0530] {dag.py:3834} INFO - Setting next_dagrun for example_branch_labels to 2024-03-07 00:00:00+00:00, run_after=2024-03-08 00:00:00+00:00
[2024-03-08T12:28:52.996+0530] {processor.py:183} INFO - Processing /Users/anikbhowmick/Python/Big_Data_Assignment/A02/airflow_env/lib/python3.11/site-packages/airflow/example_dags/example_branch_labels.py took 0.066 seconds
[2024-03-08T12:30:44.914+0530] {processor.py:161} INFO - Started process (PID=11909) to work on /Users/anikbhowmick/Python/Big_Data_Assignment/A02/airflow_env/lib/python3.11/site-packages/airflow/example_dags/example_branch_labels.py
[2024-03-08T12:30:44.915+0530] {processor.py:830} INFO - Processing file /Users/anikbhowmick/Python/Big_Data_Assignment/A02/airflow_env/lib/python3.11/site-packages/airflow/example_dags/example_branch_labels.py for tasks to queue
[2024-03-08T12:30:44.916+0530] {logging_mixin.py:188} INFO - [2024-03-08T12:30:44.916+0530] {dagbag.py:540} INFO - Filling up the DagBag from /Users/anikbhowmick/Python/Big_Data_Assignment/A02/airflow_env/lib/python3.11/site-packages/airflow/example_dags/example_branch_labels.py
[2024-03-08T12:30:44.940+0530] {processor.py:840} INFO - DAG(s) 'example_branch_labels' retrieved from /Users/anikbhowmick/Python/Big_Data_Assignment/A02/airflow_env/lib/python3.11/site-packages/airflow/example_dags/example_branch_labels.py
[2024-03-08T12:30:44.969+0530] {logging_mixin.py:188} INFO - [2024-03-08T12:30:44.969+0530] {dag.py:3047} INFO - Sync 1 DAGs
[2024-03-08T12:30:44.975+0530] {logging_mixin.py:188} INFO - [2024-03-08T12:30:44.975+0530] {dag.py:3834} INFO - Setting next_dagrun for example_branch_labels to 2024-03-07 00:00:00+00:00, run_after=2024-03-08 00:00:00+00:00
[2024-03-08T12:30:44.981+0530] {processor.py:183} INFO - Processing /Users/anikbhowmick/Python/Big_Data_Assignment/A02/airflow_env/lib/python3.11/site-packages/airflow/example_dags/example_branch_labels.py took 0.067 seconds
[2024-03-08T12:32:36.904+0530] {processor.py:161} INFO - Started process (PID=11979) to work on /Users/anikbhowmick/Python/Big_Data_Assignment/A02/airflow_env/lib/python3.11/site-packages/airflow/example_dags/example_branch_labels.py
[2024-03-08T12:32:36.905+0530] {processor.py:830} INFO - Processing file /Users/anikbhowmick/Python/Big_Data_Assignment/A02/airflow_env/lib/python3.11/site-packages/airflow/example_dags/example_branch_labels.py for tasks to queue
[2024-03-08T12:32:36.905+0530] {logging_mixin.py:188} INFO - [2024-03-08T12:32:36.905+0530] {dagbag.py:540} INFO - Filling up the DagBag from /Users/anikbhowmick/Python/Big_Data_Assignment/A02/airflow_env/lib/python3.11/site-packages/airflow/example_dags/example_branch_labels.py
[2024-03-08T12:32:36.929+0530] {processor.py:840} INFO - DAG(s) 'example_branch_labels' retrieved from /Users/anikbhowmick/Python/Big_Data_Assignment/A02/airflow_env/lib/python3.11/site-packages/airflow/example_dags/example_branch_labels.py
[2024-03-08T12:32:36.958+0530] {logging_mixin.py:188} INFO - [2024-03-08T12:32:36.958+0530] {dag.py:3047} INFO - Sync 1 DAGs
[2024-03-08T12:32:36.964+0530] {logging_mixin.py:188} INFO - [2024-03-08T12:32:36.964+0530] {dag.py:3834} INFO - Setting next_dagrun for example_branch_labels to 2024-03-07 00:00:00+00:00, run_after=2024-03-08 00:00:00+00:00
[2024-03-08T12:32:36.970+0530] {processor.py:183} INFO - Processing /Users/anikbhowmick/Python/Big_Data_Assignment/A02/airflow_env/lib/python3.11/site-packages/airflow/example_dags/example_branch_labels.py took 0.067 seconds
[2024-03-08T12:34:30.942+0530] {processor.py:161} INFO - Started process (PID=12057) to work on /Users/anikbhowmick/Python/Big_Data_Assignment/A02/airflow_env/lib/python3.11/site-packages/airflow/example_dags/example_branch_labels.py
[2024-03-08T12:34:30.943+0530] {processor.py:830} INFO - Processing file /Users/anikbhowmick/Python/Big_Data_Assignment/A02/airflow_env/lib/python3.11/site-packages/airflow/example_dags/example_branch_labels.py for tasks to queue
[2024-03-08T12:34:30.943+0530] {logging_mixin.py:188} INFO - [2024-03-08T12:34:30.943+0530] {dagbag.py:540} INFO - Filling up the DagBag from /Users/anikbhowmick/Python/Big_Data_Assignment/A02/airflow_env/lib/python3.11/site-packages/airflow/example_dags/example_branch_labels.py
[2024-03-08T12:34:30.967+0530] {processor.py:840} INFO - DAG(s) 'example_branch_labels' retrieved from /Users/anikbhowmick/Python/Big_Data_Assignment/A02/airflow_env/lib/python3.11/site-packages/airflow/example_dags/example_branch_labels.py
[2024-03-08T12:34:30.996+0530] {logging_mixin.py:188} INFO - [2024-03-08T12:34:30.996+0530] {dag.py:3047} INFO - Sync 1 DAGs
[2024-03-08T12:34:31.002+0530] {logging_mixin.py:188} INFO - [2024-03-08T12:34:31.002+0530] {dag.py:3834} INFO - Setting next_dagrun for example_branch_labels to 2024-03-07 00:00:00+00:00, run_after=2024-03-08 00:00:00+00:00
[2024-03-08T12:34:31.007+0530] {processor.py:183} INFO - Processing /Users/anikbhowmick/Python/Big_Data_Assignment/A02/airflow_env/lib/python3.11/site-packages/airflow/example_dags/example_branch_labels.py took 0.066 seconds
[2024-03-08T12:36:25.976+0530] {processor.py:161} INFO - Started process (PID=12130) to work on /Users/anikbhowmick/Python/Big_Data_Assignment/A02/airflow_env/lib/python3.11/site-packages/airflow/example_dags/example_branch_labels.py
[2024-03-08T12:36:25.976+0530] {processor.py:830} INFO - Processing file /Users/anikbhowmick/Python/Big_Data_Assignment/A02/airflow_env/lib/python3.11/site-packages/airflow/example_dags/example_branch_labels.py for tasks to queue
[2024-03-08T12:36:25.976+0530] {logging_mixin.py:188} INFO - [2024-03-08T12:36:25.976+0530] {dagbag.py:540} INFO - Filling up the DagBag from /Users/anikbhowmick/Python/Big_Data_Assignment/A02/airflow_env/lib/python3.11/site-packages/airflow/example_dags/example_branch_labels.py
[2024-03-08T12:36:26.000+0530] {processor.py:840} INFO - DAG(s) 'example_branch_labels' retrieved from /Users/anikbhowmick/Python/Big_Data_Assignment/A02/airflow_env/lib/python3.11/site-packages/airflow/example_dags/example_branch_labels.py
[2024-03-08T12:36:26.029+0530] {logging_mixin.py:188} INFO - [2024-03-08T12:36:26.029+0530] {dag.py:3047} INFO - Sync 1 DAGs
[2024-03-08T12:36:26.035+0530] {logging_mixin.py:188} INFO - [2024-03-08T12:36:26.035+0530] {dag.py:3834} INFO - Setting next_dagrun for example_branch_labels to 2024-03-07 00:00:00+00:00, run_after=2024-03-08 00:00:00+00:00
[2024-03-08T12:36:26.041+0530] {processor.py:183} INFO - Processing /Users/anikbhowmick/Python/Big_Data_Assignment/A02/airflow_env/lib/python3.11/site-packages/airflow/example_dags/example_branch_labels.py took 0.066 seconds
[2024-03-08T12:38:05.971+0530] {processor.py:161} INFO - Started process (PID=12197) to work on /Users/anikbhowmick/Python/Big_Data_Assignment/A02/airflow_env/lib/python3.11/site-packages/airflow/example_dags/example_branch_labels.py
[2024-03-08T12:38:05.972+0530] {processor.py:830} INFO - Processing file /Users/anikbhowmick/Python/Big_Data_Assignment/A02/airflow_env/lib/python3.11/site-packages/airflow/example_dags/example_branch_labels.py for tasks to queue
[2024-03-08T12:38:05.972+0530] {logging_mixin.py:188} INFO - [2024-03-08T12:38:05.972+0530] {dagbag.py:540} INFO - Filling up the DagBag from /Users/anikbhowmick/Python/Big_Data_Assignment/A02/airflow_env/lib/python3.11/site-packages/airflow/example_dags/example_branch_labels.py
[2024-03-08T12:38:05.996+0530] {processor.py:840} INFO - DAG(s) 'example_branch_labels' retrieved from /Users/anikbhowmick/Python/Big_Data_Assignment/A02/airflow_env/lib/python3.11/site-packages/airflow/example_dags/example_branch_labels.py
[2024-03-08T12:38:06.026+0530] {logging_mixin.py:188} INFO - [2024-03-08T12:38:06.025+0530] {dag.py:3047} INFO - Sync 1 DAGs
[2024-03-08T12:38:06.032+0530] {logging_mixin.py:188} INFO - [2024-03-08T12:38:06.032+0530] {dag.py:3834} INFO - Setting next_dagrun for example_branch_labels to 2024-03-07 00:00:00+00:00, run_after=2024-03-08 00:00:00+00:00
[2024-03-08T12:38:06.039+0530] {processor.py:183} INFO - Processing /Users/anikbhowmick/Python/Big_Data_Assignment/A02/airflow_env/lib/python3.11/site-packages/airflow/example_dags/example_branch_labels.py took 0.068 seconds
[2024-03-08T12:39:59.434+0530] {processor.py:161} INFO - Started process (PID=12279) to work on /Users/anikbhowmick/Python/Big_Data_Assignment/A02/airflow_env/lib/python3.11/site-packages/airflow/example_dags/example_branch_labels.py
[2024-03-08T12:39:59.435+0530] {processor.py:830} INFO - Processing file /Users/anikbhowmick/Python/Big_Data_Assignment/A02/airflow_env/lib/python3.11/site-packages/airflow/example_dags/example_branch_labels.py for tasks to queue
[2024-03-08T12:39:59.435+0530] {logging_mixin.py:188} INFO - [2024-03-08T12:39:59.435+0530] {dagbag.py:540} INFO - Filling up the DagBag from /Users/anikbhowmick/Python/Big_Data_Assignment/A02/airflow_env/lib/python3.11/site-packages/airflow/example_dags/example_branch_labels.py
[2024-03-08T12:39:59.460+0530] {processor.py:840} INFO - DAG(s) 'example_branch_labels' retrieved from /Users/anikbhowmick/Python/Big_Data_Assignment/A02/airflow_env/lib/python3.11/site-packages/airflow/example_dags/example_branch_labels.py
[2024-03-08T12:39:59.488+0530] {logging_mixin.py:188} INFO - [2024-03-08T12:39:59.488+0530] {dag.py:3047} INFO - Sync 1 DAGs
[2024-03-08T12:39:59.494+0530] {logging_mixin.py:188} INFO - [2024-03-08T12:39:59.494+0530] {dag.py:3834} INFO - Setting next_dagrun for example_branch_labels to 2024-03-07 00:00:00+00:00, run_after=2024-03-08 00:00:00+00:00
[2024-03-08T12:39:59.500+0530] {processor.py:183} INFO - Processing /Users/anikbhowmick/Python/Big_Data_Assignment/A02/airflow_env/lib/python3.11/site-packages/airflow/example_dags/example_branch_labels.py took 0.066 seconds
[2024-03-08T12:41:52.284+0530] {processor.py:161} INFO - Started process (PID=12351) to work on /Users/anikbhowmick/Python/Big_Data_Assignment/A02/airflow_env/lib/python3.11/site-packages/airflow/example_dags/example_branch_labels.py
[2024-03-08T12:41:52.284+0530] {processor.py:830} INFO - Processing file /Users/anikbhowmick/Python/Big_Data_Assignment/A02/airflow_env/lib/python3.11/site-packages/airflow/example_dags/example_branch_labels.py for tasks to queue
[2024-03-08T12:41:52.284+0530] {logging_mixin.py:188} INFO - [2024-03-08T12:41:52.284+0530] {dagbag.py:540} INFO - Filling up the DagBag from /Users/anikbhowmick/Python/Big_Data_Assignment/A02/airflow_env/lib/python3.11/site-packages/airflow/example_dags/example_branch_labels.py
[2024-03-08T12:41:52.309+0530] {processor.py:840} INFO - DAG(s) 'example_branch_labels' retrieved from /Users/anikbhowmick/Python/Big_Data_Assignment/A02/airflow_env/lib/python3.11/site-packages/airflow/example_dags/example_branch_labels.py
[2024-03-08T12:41:52.338+0530] {logging_mixin.py:188} INFO - [2024-03-08T12:41:52.338+0530] {dag.py:3047} INFO - Sync 1 DAGs
[2024-03-08T12:41:52.343+0530] {logging_mixin.py:188} INFO - [2024-03-08T12:41:52.343+0530] {dag.py:3834} INFO - Setting next_dagrun for example_branch_labels to 2024-03-07 00:00:00+00:00, run_after=2024-03-08 00:00:00+00:00
[2024-03-08T12:41:52.349+0530] {processor.py:183} INFO - Processing /Users/anikbhowmick/Python/Big_Data_Assignment/A02/airflow_env/lib/python3.11/site-packages/airflow/example_dags/example_branch_labels.py took 0.066 seconds
[2024-03-08T12:43:47.604+0530] {processor.py:161} INFO - Started process (PID=12423) to work on /Users/anikbhowmick/Python/Big_Data_Assignment/A02/airflow_env/lib/python3.11/site-packages/airflow/example_dags/example_branch_labels.py
[2024-03-08T12:43:47.605+0530] {processor.py:830} INFO - Processing file /Users/anikbhowmick/Python/Big_Data_Assignment/A02/airflow_env/lib/python3.11/site-packages/airflow/example_dags/example_branch_labels.py for tasks to queue
[2024-03-08T12:43:47.606+0530] {logging_mixin.py:188} INFO - [2024-03-08T12:43:47.606+0530] {dagbag.py:540} INFO - Filling up the DagBag from /Users/anikbhowmick/Python/Big_Data_Assignment/A02/airflow_env/lib/python3.11/site-packages/airflow/example_dags/example_branch_labels.py
[2024-03-08T12:43:47.630+0530] {processor.py:840} INFO - DAG(s) 'example_branch_labels' retrieved from /Users/anikbhowmick/Python/Big_Data_Assignment/A02/airflow_env/lib/python3.11/site-packages/airflow/example_dags/example_branch_labels.py
[2024-03-08T12:43:47.659+0530] {logging_mixin.py:188} INFO - [2024-03-08T12:43:47.659+0530] {dag.py:3047} INFO - Sync 1 DAGs
[2024-03-08T12:43:47.665+0530] {logging_mixin.py:188} INFO - [2024-03-08T12:43:47.665+0530] {dag.py:3834} INFO - Setting next_dagrun for example_branch_labels to 2024-03-07 00:00:00+00:00, run_after=2024-03-08 00:00:00+00:00
[2024-03-08T12:43:47.672+0530] {processor.py:183} INFO - Processing /Users/anikbhowmick/Python/Big_Data_Assignment/A02/airflow_env/lib/python3.11/site-packages/airflow/example_dags/example_branch_labels.py took 0.067 seconds
[2024-03-08T12:45:39.664+0530] {processor.py:161} INFO - Started process (PID=12524) to work on /Users/anikbhowmick/Python/Big_Data_Assignment/A02/airflow_env/lib/python3.11/site-packages/airflow/example_dags/example_branch_labels.py
[2024-03-08T12:45:39.666+0530] {processor.py:830} INFO - Processing file /Users/anikbhowmick/Python/Big_Data_Assignment/A02/airflow_env/lib/python3.11/site-packages/airflow/example_dags/example_branch_labels.py for tasks to queue
[2024-03-08T12:45:39.666+0530] {logging_mixin.py:188} INFO - [2024-03-08T12:45:39.666+0530] {dagbag.py:540} INFO - Filling up the DagBag from /Users/anikbhowmick/Python/Big_Data_Assignment/A02/airflow_env/lib/python3.11/site-packages/airflow/example_dags/example_branch_labels.py
[2024-03-08T12:45:39.690+0530] {processor.py:840} INFO - DAG(s) 'example_branch_labels' retrieved from /Users/anikbhowmick/Python/Big_Data_Assignment/A02/airflow_env/lib/python3.11/site-packages/airflow/example_dags/example_branch_labels.py
[2024-03-08T12:45:39.720+0530] {logging_mixin.py:188} INFO - [2024-03-08T12:45:39.719+0530] {dag.py:3047} INFO - Sync 1 DAGs
[2024-03-08T12:45:39.725+0530] {logging_mixin.py:188} INFO - [2024-03-08T12:45:39.725+0530] {dag.py:3834} INFO - Setting next_dagrun for example_branch_labels to 2024-03-07 00:00:00+00:00, run_after=2024-03-08 00:00:00+00:00
[2024-03-08T12:45:39.732+0530] {processor.py:183} INFO - Processing /Users/anikbhowmick/Python/Big_Data_Assignment/A02/airflow_env/lib/python3.11/site-packages/airflow/example_dags/example_branch_labels.py took 0.068 seconds
[2024-03-08T12:47:27.628+0530] {processor.py:161} INFO - Started process (PID=12595) to work on /Users/anikbhowmick/Python/Big_Data_Assignment/A02/airflow_env/lib/python3.11/site-packages/airflow/example_dags/example_branch_labels.py
[2024-03-08T12:47:27.629+0530] {processor.py:830} INFO - Processing file /Users/anikbhowmick/Python/Big_Data_Assignment/A02/airflow_env/lib/python3.11/site-packages/airflow/example_dags/example_branch_labels.py for tasks to queue
[2024-03-08T12:47:27.629+0530] {logging_mixin.py:188} INFO - [2024-03-08T12:47:27.629+0530] {dagbag.py:540} INFO - Filling up the DagBag from /Users/anikbhowmick/Python/Big_Data_Assignment/A02/airflow_env/lib/python3.11/site-packages/airflow/example_dags/example_branch_labels.py
[2024-03-08T12:47:27.656+0530] {processor.py:840} INFO - DAG(s) 'example_branch_labels' retrieved from /Users/anikbhowmick/Python/Big_Data_Assignment/A02/airflow_env/lib/python3.11/site-packages/airflow/example_dags/example_branch_labels.py
[2024-03-08T12:47:27.685+0530] {logging_mixin.py:188} INFO - [2024-03-08T12:47:27.685+0530] {dag.py:3047} INFO - Sync 1 DAGs
[2024-03-08T12:47:27.691+0530] {logging_mixin.py:188} INFO - [2024-03-08T12:47:27.691+0530] {dag.py:3834} INFO - Setting next_dagrun for example_branch_labels to 2024-03-07 00:00:00+00:00, run_after=2024-03-08 00:00:00+00:00
[2024-03-08T12:47:27.697+0530] {processor.py:183} INFO - Processing /Users/anikbhowmick/Python/Big_Data_Assignment/A02/airflow_env/lib/python3.11/site-packages/airflow/example_dags/example_branch_labels.py took 0.069 seconds
[2024-03-08T12:49:21.238+0530] {processor.py:161} INFO - Started process (PID=12672) to work on /Users/anikbhowmick/Python/Big_Data_Assignment/A02/airflow_env/lib/python3.11/site-packages/airflow/example_dags/example_branch_labels.py
[2024-03-08T12:49:21.239+0530] {processor.py:830} INFO - Processing file /Users/anikbhowmick/Python/Big_Data_Assignment/A02/airflow_env/lib/python3.11/site-packages/airflow/example_dags/example_branch_labels.py for tasks to queue
[2024-03-08T12:49:21.239+0530] {logging_mixin.py:188} INFO - [2024-03-08T12:49:21.239+0530] {dagbag.py:540} INFO - Filling up the DagBag from /Users/anikbhowmick/Python/Big_Data_Assignment/A02/airflow_env/lib/python3.11/site-packages/airflow/example_dags/example_branch_labels.py
[2024-03-08T12:49:21.265+0530] {processor.py:840} INFO - DAG(s) 'example_branch_labels' retrieved from /Users/anikbhowmick/Python/Big_Data_Assignment/A02/airflow_env/lib/python3.11/site-packages/airflow/example_dags/example_branch_labels.py
[2024-03-08T12:49:21.298+0530] {logging_mixin.py:188} INFO - [2024-03-08T12:49:21.298+0530] {dag.py:3047} INFO - Sync 1 DAGs
[2024-03-08T12:49:21.305+0530] {logging_mixin.py:188} INFO - [2024-03-08T12:49:21.305+0530] {dag.py:3834} INFO - Setting next_dagrun for example_branch_labels to 2024-03-07 00:00:00+00:00, run_after=2024-03-08 00:00:00+00:00
[2024-03-08T12:49:21.311+0530] {processor.py:183} INFO - Processing /Users/anikbhowmick/Python/Big_Data_Assignment/A02/airflow_env/lib/python3.11/site-packages/airflow/example_dags/example_branch_labels.py took 0.074 seconds
[2024-03-08T12:51:11.507+0530] {processor.py:161} INFO - Started process (PID=12743) to work on /Users/anikbhowmick/Python/Big_Data_Assignment/A02/airflow_env/lib/python3.11/site-packages/airflow/example_dags/example_branch_labels.py
[2024-03-08T12:51:11.508+0530] {processor.py:830} INFO - Processing file /Users/anikbhowmick/Python/Big_Data_Assignment/A02/airflow_env/lib/python3.11/site-packages/airflow/example_dags/example_branch_labels.py for tasks to queue
[2024-03-08T12:51:11.508+0530] {logging_mixin.py:188} INFO - [2024-03-08T12:51:11.508+0530] {dagbag.py:540} INFO - Filling up the DagBag from /Users/anikbhowmick/Python/Big_Data_Assignment/A02/airflow_env/lib/python3.11/site-packages/airflow/example_dags/example_branch_labels.py
[2024-03-08T12:51:11.533+0530] {processor.py:840} INFO - DAG(s) 'example_branch_labels' retrieved from /Users/anikbhowmick/Python/Big_Data_Assignment/A02/airflow_env/lib/python3.11/site-packages/airflow/example_dags/example_branch_labels.py
[2024-03-08T12:51:11.562+0530] {logging_mixin.py:188} INFO - [2024-03-08T12:51:11.562+0530] {dag.py:3047} INFO - Sync 1 DAGs
[2024-03-08T12:51:11.568+0530] {logging_mixin.py:188} INFO - [2024-03-08T12:51:11.568+0530] {dag.py:3834} INFO - Setting next_dagrun for example_branch_labels to 2024-03-07 00:00:00+00:00, run_after=2024-03-08 00:00:00+00:00
[2024-03-08T12:51:11.574+0530] {processor.py:183} INFO - Processing /Users/anikbhowmick/Python/Big_Data_Assignment/A02/airflow_env/lib/python3.11/site-packages/airflow/example_dags/example_branch_labels.py took 0.068 seconds
[2024-03-08T12:53:02.113+0530] {processor.py:161} INFO - Started process (PID=12866) to work on /Users/anikbhowmick/Python/Big_Data_Assignment/A02/airflow_env/lib/python3.11/site-packages/airflow/example_dags/example_branch_labels.py
[2024-03-08T12:53:02.114+0530] {processor.py:830} INFO - Processing file /Users/anikbhowmick/Python/Big_Data_Assignment/A02/airflow_env/lib/python3.11/site-packages/airflow/example_dags/example_branch_labels.py for tasks to queue
[2024-03-08T12:53:02.114+0530] {logging_mixin.py:188} INFO - [2024-03-08T12:53:02.114+0530] {dagbag.py:540} INFO - Filling up the DagBag from /Users/anikbhowmick/Python/Big_Data_Assignment/A02/airflow_env/lib/python3.11/site-packages/airflow/example_dags/example_branch_labels.py
[2024-03-08T12:53:02.138+0530] {processor.py:840} INFO - DAG(s) 'example_branch_labels' retrieved from /Users/anikbhowmick/Python/Big_Data_Assignment/A02/airflow_env/lib/python3.11/site-packages/airflow/example_dags/example_branch_labels.py
[2024-03-08T12:53:02.167+0530] {logging_mixin.py:188} INFO - [2024-03-08T12:53:02.167+0530] {dag.py:3047} INFO - Sync 1 DAGs
[2024-03-08T12:53:02.173+0530] {logging_mixin.py:188} INFO - [2024-03-08T12:53:02.173+0530] {dag.py:3834} INFO - Setting next_dagrun for example_branch_labels to 2024-03-07 00:00:00+00:00, run_after=2024-03-08 00:00:00+00:00
[2024-03-08T12:53:02.179+0530] {processor.py:183} INFO - Processing /Users/anikbhowmick/Python/Big_Data_Assignment/A02/airflow_env/lib/python3.11/site-packages/airflow/example_dags/example_branch_labels.py took 0.066 seconds
[2024-03-08T13:02:53.808+0530] {processor.py:161} INFO - Started process (PID=13373) to work on /Users/anikbhowmick/Python/Big_Data_Assignment/A02/airflow_env/lib/python3.11/site-packages/airflow/example_dags/example_branch_labels.py
[2024-03-08T13:02:53.809+0530] {processor.py:830} INFO - Processing file /Users/anikbhowmick/Python/Big_Data_Assignment/A02/airflow_env/lib/python3.11/site-packages/airflow/example_dags/example_branch_labels.py for tasks to queue
[2024-03-08T13:02:53.809+0530] {logging_mixin.py:188} INFO - [2024-03-08T13:02:53.809+0530] {dagbag.py:540} INFO - Filling up the DagBag from /Users/anikbhowmick/Python/Big_Data_Assignment/A02/airflow_env/lib/python3.11/site-packages/airflow/example_dags/example_branch_labels.py
[2024-03-08T13:02:53.834+0530] {processor.py:840} INFO - DAG(s) 'example_branch_labels' retrieved from /Users/anikbhowmick/Python/Big_Data_Assignment/A02/airflow_env/lib/python3.11/site-packages/airflow/example_dags/example_branch_labels.py
[2024-03-08T13:02:53.863+0530] {logging_mixin.py:188} INFO - [2024-03-08T13:02:53.863+0530] {dag.py:3047} INFO - Sync 1 DAGs
[2024-03-08T13:02:53.869+0530] {logging_mixin.py:188} INFO - [2024-03-08T13:02:53.869+0530] {dag.py:3834} INFO - Setting next_dagrun for example_branch_labels to 2024-03-07 00:00:00+00:00, run_after=2024-03-08 00:00:00+00:00
[2024-03-08T13:02:53.875+0530] {processor.py:183} INFO - Processing /Users/anikbhowmick/Python/Big_Data_Assignment/A02/airflow_env/lib/python3.11/site-packages/airflow/example_dags/example_branch_labels.py took 0.067 seconds
[2024-03-08T13:04:47.590+0530] {processor.py:161} INFO - Started process (PID=13463) to work on /Users/anikbhowmick/Python/Big_Data_Assignment/A02/airflow_env/lib/python3.11/site-packages/airflow/example_dags/example_branch_labels.py
[2024-03-08T13:04:47.591+0530] {processor.py:830} INFO - Processing file /Users/anikbhowmick/Python/Big_Data_Assignment/A02/airflow_env/lib/python3.11/site-packages/airflow/example_dags/example_branch_labels.py for tasks to queue
[2024-03-08T13:04:47.591+0530] {logging_mixin.py:188} INFO - [2024-03-08T13:04:47.591+0530] {dagbag.py:540} INFO - Filling up the DagBag from /Users/anikbhowmick/Python/Big_Data_Assignment/A02/airflow_env/lib/python3.11/site-packages/airflow/example_dags/example_branch_labels.py
[2024-03-08T13:04:47.616+0530] {processor.py:840} INFO - DAG(s) 'example_branch_labels' retrieved from /Users/anikbhowmick/Python/Big_Data_Assignment/A02/airflow_env/lib/python3.11/site-packages/airflow/example_dags/example_branch_labels.py
[2024-03-08T13:04:47.644+0530] {logging_mixin.py:188} INFO - [2024-03-08T13:04:47.644+0530] {dag.py:3047} INFO - Sync 1 DAGs
[2024-03-08T13:04:47.650+0530] {logging_mixin.py:188} INFO - [2024-03-08T13:04:47.650+0530] {dag.py:3834} INFO - Setting next_dagrun for example_branch_labels to 2024-03-07 00:00:00+00:00, run_after=2024-03-08 00:00:00+00:00
[2024-03-08T13:04:47.656+0530] {processor.py:183} INFO - Processing /Users/anikbhowmick/Python/Big_Data_Assignment/A02/airflow_env/lib/python3.11/site-packages/airflow/example_dags/example_branch_labels.py took 0.066 seconds
[2024-03-08T13:15:29.361+0530] {processor.py:161} INFO - Started process (PID=14273) to work on /Users/anikbhowmick/Python/Big_Data_Assignment/A02/airflow_env/lib/python3.11/site-packages/airflow/example_dags/example_branch_labels.py
[2024-03-08T13:15:29.362+0530] {processor.py:830} INFO - Processing file /Users/anikbhowmick/Python/Big_Data_Assignment/A02/airflow_env/lib/python3.11/site-packages/airflow/example_dags/example_branch_labels.py for tasks to queue
[2024-03-08T13:15:29.363+0530] {logging_mixin.py:188} INFO - [2024-03-08T13:15:29.362+0530] {dagbag.py:540} INFO - Filling up the DagBag from /Users/anikbhowmick/Python/Big_Data_Assignment/A02/airflow_env/lib/python3.11/site-packages/airflow/example_dags/example_branch_labels.py
[2024-03-08T13:15:29.387+0530] {processor.py:840} INFO - DAG(s) 'example_branch_labels' retrieved from /Users/anikbhowmick/Python/Big_Data_Assignment/A02/airflow_env/lib/python3.11/site-packages/airflow/example_dags/example_branch_labels.py
[2024-03-08T13:15:29.415+0530] {logging_mixin.py:188} INFO - [2024-03-08T13:15:29.415+0530] {dag.py:3047} INFO - Sync 1 DAGs
[2024-03-08T13:15:29.421+0530] {logging_mixin.py:188} INFO - [2024-03-08T13:15:29.421+0530] {dag.py:3834} INFO - Setting next_dagrun for example_branch_labels to 2024-03-07 00:00:00+00:00, run_after=2024-03-08 00:00:00+00:00
[2024-03-08T13:15:29.427+0530] {processor.py:183} INFO - Processing /Users/anikbhowmick/Python/Big_Data_Assignment/A02/airflow_env/lib/python3.11/site-packages/airflow/example_dags/example_branch_labels.py took 0.066 seconds
[2024-03-08T13:17:17.930+0530] {processor.py:161} INFO - Started process (PID=14388) to work on /Users/anikbhowmick/Python/Big_Data_Assignment/A02/airflow_env/lib/python3.11/site-packages/airflow/example_dags/example_branch_labels.py
[2024-03-08T13:17:17.931+0530] {processor.py:830} INFO - Processing file /Users/anikbhowmick/Python/Big_Data_Assignment/A02/airflow_env/lib/python3.11/site-packages/airflow/example_dags/example_branch_labels.py for tasks to queue
[2024-03-08T13:17:17.931+0530] {logging_mixin.py:188} INFO - [2024-03-08T13:17:17.931+0530] {dagbag.py:540} INFO - Filling up the DagBag from /Users/anikbhowmick/Python/Big_Data_Assignment/A02/airflow_env/lib/python3.11/site-packages/airflow/example_dags/example_branch_labels.py
[2024-03-08T13:17:17.955+0530] {processor.py:840} INFO - DAG(s) 'example_branch_labels' retrieved from /Users/anikbhowmick/Python/Big_Data_Assignment/A02/airflow_env/lib/python3.11/site-packages/airflow/example_dags/example_branch_labels.py
[2024-03-08T13:17:17.984+0530] {logging_mixin.py:188} INFO - [2024-03-08T13:17:17.984+0530] {dag.py:3047} INFO - Sync 1 DAGs
[2024-03-08T13:17:17.990+0530] {logging_mixin.py:188} INFO - [2024-03-08T13:17:17.990+0530] {dag.py:3834} INFO - Setting next_dagrun for example_branch_labels to 2024-03-07 00:00:00+00:00, run_after=2024-03-08 00:00:00+00:00
[2024-03-08T13:17:17.995+0530] {processor.py:183} INFO - Processing /Users/anikbhowmick/Python/Big_Data_Assignment/A02/airflow_env/lib/python3.11/site-packages/airflow/example_dags/example_branch_labels.py took 0.066 seconds
[2024-03-08T13:19:07.315+0530] {processor.py:161} INFO - Started process (PID=14462) to work on /Users/anikbhowmick/Python/Big_Data_Assignment/A02/airflow_env/lib/python3.11/site-packages/airflow/example_dags/example_branch_labels.py
[2024-03-08T13:19:07.317+0530] {processor.py:830} INFO - Processing file /Users/anikbhowmick/Python/Big_Data_Assignment/A02/airflow_env/lib/python3.11/site-packages/airflow/example_dags/example_branch_labels.py for tasks to queue
[2024-03-08T13:19:07.317+0530] {logging_mixin.py:188} INFO - [2024-03-08T13:19:07.317+0530] {dagbag.py:540} INFO - Filling up the DagBag from /Users/anikbhowmick/Python/Big_Data_Assignment/A02/airflow_env/lib/python3.11/site-packages/airflow/example_dags/example_branch_labels.py
[2024-03-08T13:19:07.340+0530] {processor.py:840} INFO - DAG(s) 'example_branch_labels' retrieved from /Users/anikbhowmick/Python/Big_Data_Assignment/A02/airflow_env/lib/python3.11/site-packages/airflow/example_dags/example_branch_labels.py
[2024-03-08T13:19:07.369+0530] {logging_mixin.py:188} INFO - [2024-03-08T13:19:07.369+0530] {dag.py:3047} INFO - Sync 1 DAGs
[2024-03-08T13:19:07.375+0530] {logging_mixin.py:188} INFO - [2024-03-08T13:19:07.375+0530] {dag.py:3834} INFO - Setting next_dagrun for example_branch_labels to 2024-03-07 00:00:00+00:00, run_after=2024-03-08 00:00:00+00:00
[2024-03-08T13:19:07.381+0530] {processor.py:183} INFO - Processing /Users/anikbhowmick/Python/Big_Data_Assignment/A02/airflow_env/lib/python3.11/site-packages/airflow/example_dags/example_branch_labels.py took 0.066 seconds
[2024-03-08T13:20:59.113+0530] {processor.py:161} INFO - Started process (PID=14532) to work on /Users/anikbhowmick/Python/Big_Data_Assignment/A02/airflow_env/lib/python3.11/site-packages/airflow/example_dags/example_branch_labels.py
[2024-03-08T13:20:59.116+0530] {processor.py:830} INFO - Processing file /Users/anikbhowmick/Python/Big_Data_Assignment/A02/airflow_env/lib/python3.11/site-packages/airflow/example_dags/example_branch_labels.py for tasks to queue
[2024-03-08T13:20:59.116+0530] {logging_mixin.py:188} INFO - [2024-03-08T13:20:59.116+0530] {dagbag.py:540} INFO - Filling up the DagBag from /Users/anikbhowmick/Python/Big_Data_Assignment/A02/airflow_env/lib/python3.11/site-packages/airflow/example_dags/example_branch_labels.py
[2024-03-08T13:20:59.141+0530] {processor.py:840} INFO - DAG(s) 'example_branch_labels' retrieved from /Users/anikbhowmick/Python/Big_Data_Assignment/A02/airflow_env/lib/python3.11/site-packages/airflow/example_dags/example_branch_labels.py
[2024-03-08T13:20:59.170+0530] {logging_mixin.py:188} INFO - [2024-03-08T13:20:59.170+0530] {dag.py:3047} INFO - Sync 1 DAGs
[2024-03-08T13:20:59.176+0530] {logging_mixin.py:188} INFO - [2024-03-08T13:20:59.176+0530] {dag.py:3834} INFO - Setting next_dagrun for example_branch_labels to 2024-03-07 00:00:00+00:00, run_after=2024-03-08 00:00:00+00:00
[2024-03-08T13:20:59.182+0530] {processor.py:183} INFO - Processing /Users/anikbhowmick/Python/Big_Data_Assignment/A02/airflow_env/lib/python3.11/site-packages/airflow/example_dags/example_branch_labels.py took 0.069 seconds
[2024-03-08T13:23:24.943+0530] {processor.py:161} INFO - Started process (PID=14762) to work on /Users/anikbhowmick/Python/Big_Data_Assignment/A02/airflow_env/lib/python3.11/site-packages/airflow/example_dags/example_branch_labels.py
[2024-03-08T13:23:24.943+0530] {processor.py:830} INFO - Processing file /Users/anikbhowmick/Python/Big_Data_Assignment/A02/airflow_env/lib/python3.11/site-packages/airflow/example_dags/example_branch_labels.py for tasks to queue
[2024-03-08T13:23:24.944+0530] {logging_mixin.py:188} INFO - [2024-03-08T13:23:24.944+0530] {dagbag.py:540} INFO - Filling up the DagBag from /Users/anikbhowmick/Python/Big_Data_Assignment/A02/airflow_env/lib/python3.11/site-packages/airflow/example_dags/example_branch_labels.py
[2024-03-08T13:23:24.970+0530] {processor.py:840} INFO - DAG(s) 'example_branch_labels' retrieved from /Users/anikbhowmick/Python/Big_Data_Assignment/A02/airflow_env/lib/python3.11/site-packages/airflow/example_dags/example_branch_labels.py
[2024-03-08T13:23:24.999+0530] {logging_mixin.py:188} INFO - [2024-03-08T13:23:24.999+0530] {dag.py:3047} INFO - Sync 1 DAGs
[2024-03-08T13:23:25.005+0530] {logging_mixin.py:188} INFO - [2024-03-08T13:23:25.005+0530] {dag.py:3834} INFO - Setting next_dagrun for example_branch_labels to 2024-03-07 00:00:00+00:00, run_after=2024-03-08 00:00:00+00:00
[2024-03-08T13:23:25.010+0530] {processor.py:183} INFO - Processing /Users/anikbhowmick/Python/Big_Data_Assignment/A02/airflow_env/lib/python3.11/site-packages/airflow/example_dags/example_branch_labels.py took 0.068 seconds
[2024-03-08T13:34:16.481+0530] {processor.py:161} INFO - Started process (PID=15482) to work on /Users/anikbhowmick/Python/Big_Data_Assignment/A02/airflow_env/lib/python3.11/site-packages/airflow/example_dags/example_branch_labels.py
[2024-03-08T13:34:16.482+0530] {processor.py:830} INFO - Processing file /Users/anikbhowmick/Python/Big_Data_Assignment/A02/airflow_env/lib/python3.11/site-packages/airflow/example_dags/example_branch_labels.py for tasks to queue
[2024-03-08T13:34:16.483+0530] {logging_mixin.py:188} INFO - [2024-03-08T13:34:16.482+0530] {dagbag.py:540} INFO - Filling up the DagBag from /Users/anikbhowmick/Python/Big_Data_Assignment/A02/airflow_env/lib/python3.11/site-packages/airflow/example_dags/example_branch_labels.py
[2024-03-08T13:34:16.511+0530] {processor.py:840} INFO - DAG(s) 'example_branch_labels' retrieved from /Users/anikbhowmick/Python/Big_Data_Assignment/A02/airflow_env/lib/python3.11/site-packages/airflow/example_dags/example_branch_labels.py
[2024-03-08T13:34:16.541+0530] {logging_mixin.py:188} INFO - [2024-03-08T13:34:16.541+0530] {dag.py:3047} INFO - Sync 1 DAGs
[2024-03-08T13:34:16.547+0530] {logging_mixin.py:188} INFO - [2024-03-08T13:34:16.547+0530] {dag.py:3834} INFO - Setting next_dagrun for example_branch_labels to 2024-03-07 00:00:00+00:00, run_after=2024-03-08 00:00:00+00:00
[2024-03-08T13:34:16.554+0530] {processor.py:183} INFO - Processing /Users/anikbhowmick/Python/Big_Data_Assignment/A02/airflow_env/lib/python3.11/site-packages/airflow/example_dags/example_branch_labels.py took 0.073 seconds
[2024-03-08T13:36:05.945+0530] {processor.py:161} INFO - Started process (PID=15565) to work on /Users/anikbhowmick/Python/Big_Data_Assignment/A02/airflow_env/lib/python3.11/site-packages/airflow/example_dags/example_branch_labels.py
[2024-03-08T13:36:05.946+0530] {processor.py:830} INFO - Processing file /Users/anikbhowmick/Python/Big_Data_Assignment/A02/airflow_env/lib/python3.11/site-packages/airflow/example_dags/example_branch_labels.py for tasks to queue
[2024-03-08T13:36:05.946+0530] {logging_mixin.py:188} INFO - [2024-03-08T13:36:05.946+0530] {dagbag.py:540} INFO - Filling up the DagBag from /Users/anikbhowmick/Python/Big_Data_Assignment/A02/airflow_env/lib/python3.11/site-packages/airflow/example_dags/example_branch_labels.py
[2024-03-08T13:36:05.970+0530] {processor.py:840} INFO - DAG(s) 'example_branch_labels' retrieved from /Users/anikbhowmick/Python/Big_Data_Assignment/A02/airflow_env/lib/python3.11/site-packages/airflow/example_dags/example_branch_labels.py
[2024-03-08T13:36:05.999+0530] {logging_mixin.py:188} INFO - [2024-03-08T13:36:05.999+0530] {dag.py:3047} INFO - Sync 1 DAGs
[2024-03-08T13:36:06.005+0530] {logging_mixin.py:188} INFO - [2024-03-08T13:36:06.005+0530] {dag.py:3834} INFO - Setting next_dagrun for example_branch_labels to 2024-03-07 00:00:00+00:00, run_after=2024-03-08 00:00:00+00:00
[2024-03-08T13:36:06.011+0530] {processor.py:183} INFO - Processing /Users/anikbhowmick/Python/Big_Data_Assignment/A02/airflow_env/lib/python3.11/site-packages/airflow/example_dags/example_branch_labels.py took 0.067 seconds
[2024-03-08T13:38:00.588+0530] {processor.py:161} INFO - Started process (PID=15643) to work on /Users/anikbhowmick/Python/Big_Data_Assignment/A02/airflow_env/lib/python3.11/site-packages/airflow/example_dags/example_branch_labels.py
[2024-03-08T13:38:00.589+0530] {processor.py:830} INFO - Processing file /Users/anikbhowmick/Python/Big_Data_Assignment/A02/airflow_env/lib/python3.11/site-packages/airflow/example_dags/example_branch_labels.py for tasks to queue
[2024-03-08T13:38:00.589+0530] {logging_mixin.py:188} INFO - [2024-03-08T13:38:00.589+0530] {dagbag.py:540} INFO - Filling up the DagBag from /Users/anikbhowmick/Python/Big_Data_Assignment/A02/airflow_env/lib/python3.11/site-packages/airflow/example_dags/example_branch_labels.py
[2024-03-08T13:38:00.613+0530] {processor.py:840} INFO - DAG(s) 'example_branch_labels' retrieved from /Users/anikbhowmick/Python/Big_Data_Assignment/A02/airflow_env/lib/python3.11/site-packages/airflow/example_dags/example_branch_labels.py
[2024-03-08T13:38:00.642+0530] {logging_mixin.py:188} INFO - [2024-03-08T13:38:00.642+0530] {dag.py:3047} INFO - Sync 1 DAGs
[2024-03-08T13:38:00.649+0530] {logging_mixin.py:188} INFO - [2024-03-08T13:38:00.649+0530] {dag.py:3834} INFO - Setting next_dagrun for example_branch_labels to 2024-03-07 00:00:00+00:00, run_after=2024-03-08 00:00:00+00:00
[2024-03-08T13:38:00.670+0530] {processor.py:183} INFO - Processing /Users/anikbhowmick/Python/Big_Data_Assignment/A02/airflow_env/lib/python3.11/site-packages/airflow/example_dags/example_branch_labels.py took 0.083 seconds
[2024-03-08T14:24:40.893+0530] {processor.py:161} INFO - Started process (PID=16728) to work on /Users/anikbhowmick/Python/Big_Data_Assignment/A02/airflow_env/lib/python3.11/site-packages/airflow/example_dags/example_branch_labels.py
[2024-03-08T14:24:40.895+0530] {processor.py:830} INFO - Processing file /Users/anikbhowmick/Python/Big_Data_Assignment/A02/airflow_env/lib/python3.11/site-packages/airflow/example_dags/example_branch_labels.py for tasks to queue
[2024-03-08T14:24:40.895+0530] {logging_mixin.py:188} INFO - [2024-03-08T14:24:40.895+0530] {dagbag.py:540} INFO - Filling up the DagBag from /Users/anikbhowmick/Python/Big_Data_Assignment/A02/airflow_env/lib/python3.11/site-packages/airflow/example_dags/example_branch_labels.py
[2024-03-08T14:24:40.936+0530] {processor.py:840} INFO - DAG(s) 'example_branch_labels' retrieved from /Users/anikbhowmick/Python/Big_Data_Assignment/A02/airflow_env/lib/python3.11/site-packages/airflow/example_dags/example_branch_labels.py
[2024-03-08T14:24:40.970+0530] {logging_mixin.py:188} INFO - [2024-03-08T14:24:40.970+0530] {dag.py:3047} INFO - Sync 1 DAGs
[2024-03-08T14:24:40.976+0530] {logging_mixin.py:188} INFO - [2024-03-08T14:24:40.976+0530] {dag.py:3834} INFO - Setting next_dagrun for example_branch_labels to 2024-03-07 00:00:00+00:00, run_after=2024-03-08 00:00:00+00:00
[2024-03-08T14:24:40.983+0530] {processor.py:183} INFO - Processing /Users/anikbhowmick/Python/Big_Data_Assignment/A02/airflow_env/lib/python3.11/site-packages/airflow/example_dags/example_branch_labels.py took 0.090 seconds
[2024-03-08T14:29:00.438+0530] {processor.py:161} INFO - Started process (PID=16999) to work on /Users/anikbhowmick/Python/Big_Data_Assignment/A02/airflow_env/lib/python3.11/site-packages/airflow/example_dags/example_branch_labels.py
[2024-03-08T14:29:00.439+0530] {processor.py:830} INFO - Processing file /Users/anikbhowmick/Python/Big_Data_Assignment/A02/airflow_env/lib/python3.11/site-packages/airflow/example_dags/example_branch_labels.py for tasks to queue
[2024-03-08T14:29:00.439+0530] {logging_mixin.py:188} INFO - [2024-03-08T14:29:00.439+0530] {dagbag.py:540} INFO - Filling up the DagBag from /Users/anikbhowmick/Python/Big_Data_Assignment/A02/airflow_env/lib/python3.11/site-packages/airflow/example_dags/example_branch_labels.py
[2024-03-08T14:29:00.464+0530] {processor.py:840} INFO - DAG(s) 'example_branch_labels' retrieved from /Users/anikbhowmick/Python/Big_Data_Assignment/A02/airflow_env/lib/python3.11/site-packages/airflow/example_dags/example_branch_labels.py
[2024-03-08T14:29:00.493+0530] {logging_mixin.py:188} INFO - [2024-03-08T14:29:00.493+0530] {dag.py:3047} INFO - Sync 1 DAGs
[2024-03-08T14:29:00.499+0530] {logging_mixin.py:188} INFO - [2024-03-08T14:29:00.499+0530] {dag.py:3834} INFO - Setting next_dagrun for example_branch_labels to 2024-03-07 00:00:00+00:00, run_after=2024-03-08 00:00:00+00:00
[2024-03-08T14:29:00.505+0530] {processor.py:183} INFO - Processing /Users/anikbhowmick/Python/Big_Data_Assignment/A02/airflow_env/lib/python3.11/site-packages/airflow/example_dags/example_branch_labels.py took 0.067 seconds
[2024-03-08T14:34:29.665+0530] {processor.py:161} INFO - Started process (PID=17328) to work on /Users/anikbhowmick/Python/Big_Data_Assignment/A02/airflow_env/lib/python3.11/site-packages/airflow/example_dags/example_branch_labels.py
[2024-03-08T14:34:29.666+0530] {processor.py:830} INFO - Processing file /Users/anikbhowmick/Python/Big_Data_Assignment/A02/airflow_env/lib/python3.11/site-packages/airflow/example_dags/example_branch_labels.py for tasks to queue
[2024-03-08T14:34:29.667+0530] {logging_mixin.py:188} INFO - [2024-03-08T14:34:29.667+0530] {dagbag.py:540} INFO - Filling up the DagBag from /Users/anikbhowmick/Python/Big_Data_Assignment/A02/airflow_env/lib/python3.11/site-packages/airflow/example_dags/example_branch_labels.py
[2024-03-08T14:34:29.691+0530] {processor.py:840} INFO - DAG(s) 'example_branch_labels' retrieved from /Users/anikbhowmick/Python/Big_Data_Assignment/A02/airflow_env/lib/python3.11/site-packages/airflow/example_dags/example_branch_labels.py
[2024-03-08T14:34:29.720+0530] {logging_mixin.py:188} INFO - [2024-03-08T14:34:29.720+0530] {dag.py:3047} INFO - Sync 1 DAGs
[2024-03-08T14:34:29.725+0530] {logging_mixin.py:188} INFO - [2024-03-08T14:34:29.725+0530] {dag.py:3834} INFO - Setting next_dagrun for example_branch_labels to 2024-03-07 00:00:00+00:00, run_after=2024-03-08 00:00:00+00:00
[2024-03-08T14:34:29.731+0530] {processor.py:183} INFO - Processing /Users/anikbhowmick/Python/Big_Data_Assignment/A02/airflow_env/lib/python3.11/site-packages/airflow/example_dags/example_branch_labels.py took 0.066 seconds
[2024-03-08T14:36:20.028+0530] {processor.py:161} INFO - Started process (PID=17405) to work on /Users/anikbhowmick/Python/Big_Data_Assignment/A02/airflow_env/lib/python3.11/site-packages/airflow/example_dags/example_branch_labels.py
[2024-03-08T14:36:20.029+0530] {processor.py:830} INFO - Processing file /Users/anikbhowmick/Python/Big_Data_Assignment/A02/airflow_env/lib/python3.11/site-packages/airflow/example_dags/example_branch_labels.py for tasks to queue
[2024-03-08T14:36:20.029+0530] {logging_mixin.py:188} INFO - [2024-03-08T14:36:20.029+0530] {dagbag.py:540} INFO - Filling up the DagBag from /Users/anikbhowmick/Python/Big_Data_Assignment/A02/airflow_env/lib/python3.11/site-packages/airflow/example_dags/example_branch_labels.py
[2024-03-08T14:36:20.054+0530] {processor.py:840} INFO - DAG(s) 'example_branch_labels' retrieved from /Users/anikbhowmick/Python/Big_Data_Assignment/A02/airflow_env/lib/python3.11/site-packages/airflow/example_dags/example_branch_labels.py
[2024-03-08T14:36:20.082+0530] {logging_mixin.py:188} INFO - [2024-03-08T14:36:20.082+0530] {dag.py:3047} INFO - Sync 1 DAGs
[2024-03-08T14:36:20.088+0530] {logging_mixin.py:188} INFO - [2024-03-08T14:36:20.088+0530] {dag.py:3834} INFO - Setting next_dagrun for example_branch_labels to 2024-03-07 00:00:00+00:00, run_after=2024-03-08 00:00:00+00:00
[2024-03-08T14:36:20.094+0530] {processor.py:183} INFO - Processing /Users/anikbhowmick/Python/Big_Data_Assignment/A02/airflow_env/lib/python3.11/site-packages/airflow/example_dags/example_branch_labels.py took 0.067 seconds
[2024-03-08T14:38:09.658+0530] {processor.py:161} INFO - Started process (PID=17474) to work on /Users/anikbhowmick/Python/Big_Data_Assignment/A02/airflow_env/lib/python3.11/site-packages/airflow/example_dags/example_branch_labels.py
[2024-03-08T14:38:09.658+0530] {processor.py:830} INFO - Processing file /Users/anikbhowmick/Python/Big_Data_Assignment/A02/airflow_env/lib/python3.11/site-packages/airflow/example_dags/example_branch_labels.py for tasks to queue
[2024-03-08T14:38:09.658+0530] {logging_mixin.py:188} INFO - [2024-03-08T14:38:09.658+0530] {dagbag.py:540} INFO - Filling up the DagBag from /Users/anikbhowmick/Python/Big_Data_Assignment/A02/airflow_env/lib/python3.11/site-packages/airflow/example_dags/example_branch_labels.py
[2024-03-08T14:38:09.682+0530] {processor.py:840} INFO - DAG(s) 'example_branch_labels' retrieved from /Users/anikbhowmick/Python/Big_Data_Assignment/A02/airflow_env/lib/python3.11/site-packages/airflow/example_dags/example_branch_labels.py
[2024-03-08T14:38:09.711+0530] {logging_mixin.py:188} INFO - [2024-03-08T14:38:09.711+0530] {dag.py:3047} INFO - Sync 1 DAGs
[2024-03-08T14:38:09.716+0530] {logging_mixin.py:188} INFO - [2024-03-08T14:38:09.716+0530] {dag.py:3834} INFO - Setting next_dagrun for example_branch_labels to 2024-03-07 00:00:00+00:00, run_after=2024-03-08 00:00:00+00:00
[2024-03-08T14:38:09.722+0530] {processor.py:183} INFO - Processing /Users/anikbhowmick/Python/Big_Data_Assignment/A02/airflow_env/lib/python3.11/site-packages/airflow/example_dags/example_branch_labels.py took 0.065 seconds
[2024-03-08T14:39:55.628+0530] {processor.py:161} INFO - Started process (PID=17542) to work on /Users/anikbhowmick/Python/Big_Data_Assignment/A02/airflow_env/lib/python3.11/site-packages/airflow/example_dags/example_branch_labels.py
[2024-03-08T14:39:55.629+0530] {processor.py:830} INFO - Processing file /Users/anikbhowmick/Python/Big_Data_Assignment/A02/airflow_env/lib/python3.11/site-packages/airflow/example_dags/example_branch_labels.py for tasks to queue
[2024-03-08T14:39:55.629+0530] {logging_mixin.py:188} INFO - [2024-03-08T14:39:55.629+0530] {dagbag.py:540} INFO - Filling up the DagBag from /Users/anikbhowmick/Python/Big_Data_Assignment/A02/airflow_env/lib/python3.11/site-packages/airflow/example_dags/example_branch_labels.py
[2024-03-08T14:39:55.653+0530] {processor.py:840} INFO - DAG(s) 'example_branch_labels' retrieved from /Users/anikbhowmick/Python/Big_Data_Assignment/A02/airflow_env/lib/python3.11/site-packages/airflow/example_dags/example_branch_labels.py
[2024-03-08T14:39:55.681+0530] {logging_mixin.py:188} INFO - [2024-03-08T14:39:55.681+0530] {dag.py:3047} INFO - Sync 1 DAGs
[2024-03-08T14:39:55.687+0530] {logging_mixin.py:188} INFO - [2024-03-08T14:39:55.687+0530] {dag.py:3834} INFO - Setting next_dagrun for example_branch_labels to 2024-03-07 00:00:00+00:00, run_after=2024-03-08 00:00:00+00:00
[2024-03-08T14:39:55.693+0530] {processor.py:183} INFO - Processing /Users/anikbhowmick/Python/Big_Data_Assignment/A02/airflow_env/lib/python3.11/site-packages/airflow/example_dags/example_branch_labels.py took 0.065 seconds
[2024-03-08T14:41:39.744+0530] {processor.py:161} INFO - Started process (PID=17611) to work on /Users/anikbhowmick/Python/Big_Data_Assignment/A02/airflow_env/lib/python3.11/site-packages/airflow/example_dags/example_branch_labels.py
[2024-03-08T14:41:39.744+0530] {processor.py:830} INFO - Processing file /Users/anikbhowmick/Python/Big_Data_Assignment/A02/airflow_env/lib/python3.11/site-packages/airflow/example_dags/example_branch_labels.py for tasks to queue
[2024-03-08T14:41:39.745+0530] {logging_mixin.py:188} INFO - [2024-03-08T14:41:39.744+0530] {dagbag.py:540} INFO - Filling up the DagBag from /Users/anikbhowmick/Python/Big_Data_Assignment/A02/airflow_env/lib/python3.11/site-packages/airflow/example_dags/example_branch_labels.py
[2024-03-08T14:41:39.769+0530] {processor.py:840} INFO - DAG(s) 'example_branch_labels' retrieved from /Users/anikbhowmick/Python/Big_Data_Assignment/A02/airflow_env/lib/python3.11/site-packages/airflow/example_dags/example_branch_labels.py
[2024-03-08T14:41:39.798+0530] {logging_mixin.py:188} INFO - [2024-03-08T14:41:39.798+0530] {dag.py:3047} INFO - Sync 1 DAGs
[2024-03-08T14:41:39.803+0530] {logging_mixin.py:188} INFO - [2024-03-08T14:41:39.803+0530] {dag.py:3834} INFO - Setting next_dagrun for example_branch_labels to 2024-03-07 00:00:00+00:00, run_after=2024-03-08 00:00:00+00:00
[2024-03-08T14:41:39.810+0530] {processor.py:183} INFO - Processing /Users/anikbhowmick/Python/Big_Data_Assignment/A02/airflow_env/lib/python3.11/site-packages/airflow/example_dags/example_branch_labels.py took 0.066 seconds
[2024-03-08T14:43:26.506+0530] {processor.py:161} INFO - Started process (PID=17679) to work on /Users/anikbhowmick/Python/Big_Data_Assignment/A02/airflow_env/lib/python3.11/site-packages/airflow/example_dags/example_branch_labels.py
[2024-03-08T14:43:26.506+0530] {processor.py:830} INFO - Processing file /Users/anikbhowmick/Python/Big_Data_Assignment/A02/airflow_env/lib/python3.11/site-packages/airflow/example_dags/example_branch_labels.py for tasks to queue
[2024-03-08T14:43:26.507+0530] {logging_mixin.py:188} INFO - [2024-03-08T14:43:26.507+0530] {dagbag.py:540} INFO - Filling up the DagBag from /Users/anikbhowmick/Python/Big_Data_Assignment/A02/airflow_env/lib/python3.11/site-packages/airflow/example_dags/example_branch_labels.py
[2024-03-08T14:43:26.531+0530] {processor.py:840} INFO - DAG(s) 'example_branch_labels' retrieved from /Users/anikbhowmick/Python/Big_Data_Assignment/A02/airflow_env/lib/python3.11/site-packages/airflow/example_dags/example_branch_labels.py
[2024-03-08T14:43:26.559+0530] {logging_mixin.py:188} INFO - [2024-03-08T14:43:26.559+0530] {dag.py:3047} INFO - Sync 1 DAGs
[2024-03-08T14:43:26.565+0530] {logging_mixin.py:188} INFO - [2024-03-08T14:43:26.565+0530] {dag.py:3834} INFO - Setting next_dagrun for example_branch_labels to 2024-03-07 00:00:00+00:00, run_after=2024-03-08 00:00:00+00:00
[2024-03-08T14:43:26.571+0530] {processor.py:183} INFO - Processing /Users/anikbhowmick/Python/Big_Data_Assignment/A02/airflow_env/lib/python3.11/site-packages/airflow/example_dags/example_branch_labels.py took 0.065 seconds
[2024-03-08T14:53:37.460+0530] {processor.py:161} INFO - Started process (PID=18049) to work on /Users/anikbhowmick/Python/Big_Data_Assignment/A02/airflow_env/lib/python3.11/site-packages/airflow/example_dags/example_branch_labels.py
[2024-03-08T14:53:37.461+0530] {processor.py:830} INFO - Processing file /Users/anikbhowmick/Python/Big_Data_Assignment/A02/airflow_env/lib/python3.11/site-packages/airflow/example_dags/example_branch_labels.py for tasks to queue
[2024-03-08T14:53:37.461+0530] {logging_mixin.py:188} INFO - [2024-03-08T14:53:37.461+0530] {dagbag.py:540} INFO - Filling up the DagBag from /Users/anikbhowmick/Python/Big_Data_Assignment/A02/airflow_env/lib/python3.11/site-packages/airflow/example_dags/example_branch_labels.py
[2024-03-08T14:53:37.486+0530] {processor.py:840} INFO - DAG(s) 'example_branch_labels' retrieved from /Users/anikbhowmick/Python/Big_Data_Assignment/A02/airflow_env/lib/python3.11/site-packages/airflow/example_dags/example_branch_labels.py
[2024-03-08T14:53:37.515+0530] {logging_mixin.py:188} INFO - [2024-03-08T14:53:37.515+0530] {dag.py:3047} INFO - Sync 1 DAGs
[2024-03-08T14:53:37.521+0530] {logging_mixin.py:188} INFO - [2024-03-08T14:53:37.521+0530] {dag.py:3834} INFO - Setting next_dagrun for example_branch_labels to 2024-03-07 00:00:00+00:00, run_after=2024-03-08 00:00:00+00:00
[2024-03-08T14:53:37.527+0530] {processor.py:183} INFO - Processing /Users/anikbhowmick/Python/Big_Data_Assignment/A02/airflow_env/lib/python3.11/site-packages/airflow/example_dags/example_branch_labels.py took 0.067 seconds
[2024-03-08T14:55:25.435+0530] {processor.py:161} INFO - Started process (PID=18193) to work on /Users/anikbhowmick/Python/Big_Data_Assignment/A02/airflow_env/lib/python3.11/site-packages/airflow/example_dags/example_branch_labels.py
[2024-03-08T14:55:25.436+0530] {processor.py:830} INFO - Processing file /Users/anikbhowmick/Python/Big_Data_Assignment/A02/airflow_env/lib/python3.11/site-packages/airflow/example_dags/example_branch_labels.py for tasks to queue
[2024-03-08T14:55:25.436+0530] {logging_mixin.py:188} INFO - [2024-03-08T14:55:25.436+0530] {dagbag.py:540} INFO - Filling up the DagBag from /Users/anikbhowmick/Python/Big_Data_Assignment/A02/airflow_env/lib/python3.11/site-packages/airflow/example_dags/example_branch_labels.py
[2024-03-08T14:55:25.460+0530] {processor.py:840} INFO - DAG(s) 'example_branch_labels' retrieved from /Users/anikbhowmick/Python/Big_Data_Assignment/A02/airflow_env/lib/python3.11/site-packages/airflow/example_dags/example_branch_labels.py
[2024-03-08T14:55:25.489+0530] {logging_mixin.py:188} INFO - [2024-03-08T14:55:25.489+0530] {dag.py:3047} INFO - Sync 1 DAGs
[2024-03-08T14:55:25.495+0530] {logging_mixin.py:188} INFO - [2024-03-08T14:55:25.495+0530] {dag.py:3834} INFO - Setting next_dagrun for example_branch_labels to 2024-03-07 00:00:00+00:00, run_after=2024-03-08 00:00:00+00:00
[2024-03-08T14:55:25.501+0530] {processor.py:183} INFO - Processing /Users/anikbhowmick/Python/Big_Data_Assignment/A02/airflow_env/lib/python3.11/site-packages/airflow/example_dags/example_branch_labels.py took 0.066 seconds
[2024-03-08T14:57:09.446+0530] {processor.py:161} INFO - Started process (PID=18260) to work on /Users/anikbhowmick/Python/Big_Data_Assignment/A02/airflow_env/lib/python3.11/site-packages/airflow/example_dags/example_branch_labels.py
[2024-03-08T14:57:09.447+0530] {processor.py:830} INFO - Processing file /Users/anikbhowmick/Python/Big_Data_Assignment/A02/airflow_env/lib/python3.11/site-packages/airflow/example_dags/example_branch_labels.py for tasks to queue
[2024-03-08T14:57:09.447+0530] {logging_mixin.py:188} INFO - [2024-03-08T14:57:09.447+0530] {dagbag.py:540} INFO - Filling up the DagBag from /Users/anikbhowmick/Python/Big_Data_Assignment/A02/airflow_env/lib/python3.11/site-packages/airflow/example_dags/example_branch_labels.py
[2024-03-08T14:57:09.471+0530] {processor.py:840} INFO - DAG(s) 'example_branch_labels' retrieved from /Users/anikbhowmick/Python/Big_Data_Assignment/A02/airflow_env/lib/python3.11/site-packages/airflow/example_dags/example_branch_labels.py
[2024-03-08T14:57:09.500+0530] {logging_mixin.py:188} INFO - [2024-03-08T14:57:09.500+0530] {dag.py:3047} INFO - Sync 1 DAGs
[2024-03-08T14:57:09.506+0530] {logging_mixin.py:188} INFO - [2024-03-08T14:57:09.506+0530] {dag.py:3834} INFO - Setting next_dagrun for example_branch_labels to 2024-03-07 00:00:00+00:00, run_after=2024-03-08 00:00:00+00:00
[2024-03-08T14:57:09.512+0530] {processor.py:183} INFO - Processing /Users/anikbhowmick/Python/Big_Data_Assignment/A02/airflow_env/lib/python3.11/site-packages/airflow/example_dags/example_branch_labels.py took 0.067 seconds
[2024-03-08T14:59:02.782+0530] {processor.py:161} INFO - Started process (PID=18332) to work on /Users/anikbhowmick/Python/Big_Data_Assignment/A02/airflow_env/lib/python3.11/site-packages/airflow/example_dags/example_branch_labels.py
[2024-03-08T14:59:02.783+0530] {processor.py:830} INFO - Processing file /Users/anikbhowmick/Python/Big_Data_Assignment/A02/airflow_env/lib/python3.11/site-packages/airflow/example_dags/example_branch_labels.py for tasks to queue
[2024-03-08T14:59:02.783+0530] {logging_mixin.py:188} INFO - [2024-03-08T14:59:02.783+0530] {dagbag.py:540} INFO - Filling up the DagBag from /Users/anikbhowmick/Python/Big_Data_Assignment/A02/airflow_env/lib/python3.11/site-packages/airflow/example_dags/example_branch_labels.py
[2024-03-08T14:59:02.807+0530] {processor.py:840} INFO - DAG(s) 'example_branch_labels' retrieved from /Users/anikbhowmick/Python/Big_Data_Assignment/A02/airflow_env/lib/python3.11/site-packages/airflow/example_dags/example_branch_labels.py
[2024-03-08T14:59:02.836+0530] {logging_mixin.py:188} INFO - [2024-03-08T14:59:02.836+0530] {dag.py:3047} INFO - Sync 1 DAGs
[2024-03-08T14:59:02.841+0530] {logging_mixin.py:188} INFO - [2024-03-08T14:59:02.841+0530] {dag.py:3834} INFO - Setting next_dagrun for example_branch_labels to 2024-03-07 00:00:00+00:00, run_after=2024-03-08 00:00:00+00:00
[2024-03-08T14:59:02.847+0530] {processor.py:183} INFO - Processing /Users/anikbhowmick/Python/Big_Data_Assignment/A02/airflow_env/lib/python3.11/site-packages/airflow/example_dags/example_branch_labels.py took 0.066 seconds
[2024-03-08T15:01:00.200+0530] {processor.py:161} INFO - Started process (PID=18408) to work on /Users/anikbhowmick/Python/Big_Data_Assignment/A02/airflow_env/lib/python3.11/site-packages/airflow/example_dags/example_branch_labels.py
[2024-03-08T15:01:00.200+0530] {processor.py:830} INFO - Processing file /Users/anikbhowmick/Python/Big_Data_Assignment/A02/airflow_env/lib/python3.11/site-packages/airflow/example_dags/example_branch_labels.py for tasks to queue
[2024-03-08T15:01:00.201+0530] {logging_mixin.py:188} INFO - [2024-03-08T15:01:00.201+0530] {dagbag.py:540} INFO - Filling up the DagBag from /Users/anikbhowmick/Python/Big_Data_Assignment/A02/airflow_env/lib/python3.11/site-packages/airflow/example_dags/example_branch_labels.py
[2024-03-08T15:01:00.225+0530] {processor.py:840} INFO - DAG(s) 'example_branch_labels' retrieved from /Users/anikbhowmick/Python/Big_Data_Assignment/A02/airflow_env/lib/python3.11/site-packages/airflow/example_dags/example_branch_labels.py
[2024-03-08T15:01:00.254+0530] {logging_mixin.py:188} INFO - [2024-03-08T15:01:00.253+0530] {dag.py:3047} INFO - Sync 1 DAGs
[2024-03-08T15:01:00.259+0530] {logging_mixin.py:188} INFO - [2024-03-08T15:01:00.259+0530] {dag.py:3834} INFO - Setting next_dagrun for example_branch_labels to 2024-03-07 00:00:00+00:00, run_after=2024-03-08 00:00:00+00:00
[2024-03-08T15:01:00.265+0530] {processor.py:183} INFO - Processing /Users/anikbhowmick/Python/Big_Data_Assignment/A02/airflow_env/lib/python3.11/site-packages/airflow/example_dags/example_branch_labels.py took 0.066 seconds
[2024-03-08T15:02:54.305+0530] {processor.py:161} INFO - Started process (PID=18484) to work on /Users/anikbhowmick/Python/Big_Data_Assignment/A02/airflow_env/lib/python3.11/site-packages/airflow/example_dags/example_branch_labels.py
[2024-03-08T15:02:54.306+0530] {processor.py:830} INFO - Processing file /Users/anikbhowmick/Python/Big_Data_Assignment/A02/airflow_env/lib/python3.11/site-packages/airflow/example_dags/example_branch_labels.py for tasks to queue
[2024-03-08T15:02:54.306+0530] {logging_mixin.py:188} INFO - [2024-03-08T15:02:54.306+0530] {dagbag.py:540} INFO - Filling up the DagBag from /Users/anikbhowmick/Python/Big_Data_Assignment/A02/airflow_env/lib/python3.11/site-packages/airflow/example_dags/example_branch_labels.py
[2024-03-08T15:02:54.330+0530] {processor.py:840} INFO - DAG(s) 'example_branch_labels' retrieved from /Users/anikbhowmick/Python/Big_Data_Assignment/A02/airflow_env/lib/python3.11/site-packages/airflow/example_dags/example_branch_labels.py
[2024-03-08T15:02:54.359+0530] {logging_mixin.py:188} INFO - [2024-03-08T15:02:54.359+0530] {dag.py:3047} INFO - Sync 1 DAGs
[2024-03-08T15:02:54.364+0530] {logging_mixin.py:188} INFO - [2024-03-08T15:02:54.364+0530] {dag.py:3834} INFO - Setting next_dagrun for example_branch_labels to 2024-03-07 00:00:00+00:00, run_after=2024-03-08 00:00:00+00:00
[2024-03-08T15:02:54.370+0530] {processor.py:183} INFO - Processing /Users/anikbhowmick/Python/Big_Data_Assignment/A02/airflow_env/lib/python3.11/site-packages/airflow/example_dags/example_branch_labels.py took 0.066 seconds
[2024-03-08T15:04:36.340+0530] {processor.py:161} INFO - Started process (PID=18554) to work on /Users/anikbhowmick/Python/Big_Data_Assignment/A02/airflow_env/lib/python3.11/site-packages/airflow/example_dags/example_branch_labels.py
[2024-03-08T15:04:36.341+0530] {processor.py:830} INFO - Processing file /Users/anikbhowmick/Python/Big_Data_Assignment/A02/airflow_env/lib/python3.11/site-packages/airflow/example_dags/example_branch_labels.py for tasks to queue
[2024-03-08T15:04:36.341+0530] {logging_mixin.py:188} INFO - [2024-03-08T15:04:36.341+0530] {dagbag.py:540} INFO - Filling up the DagBag from /Users/anikbhowmick/Python/Big_Data_Assignment/A02/airflow_env/lib/python3.11/site-packages/airflow/example_dags/example_branch_labels.py
[2024-03-08T15:04:36.366+0530] {processor.py:840} INFO - DAG(s) 'example_branch_labels' retrieved from /Users/anikbhowmick/Python/Big_Data_Assignment/A02/airflow_env/lib/python3.11/site-packages/airflow/example_dags/example_branch_labels.py
[2024-03-08T15:04:36.394+0530] {logging_mixin.py:188} INFO - [2024-03-08T15:04:36.394+0530] {dag.py:3047} INFO - Sync 1 DAGs
[2024-03-08T15:04:36.400+0530] {logging_mixin.py:188} INFO - [2024-03-08T15:04:36.400+0530] {dag.py:3834} INFO - Setting next_dagrun for example_branch_labels to 2024-03-07 00:00:00+00:00, run_after=2024-03-08 00:00:00+00:00
[2024-03-08T15:04:36.406+0530] {processor.py:183} INFO - Processing /Users/anikbhowmick/Python/Big_Data_Assignment/A02/airflow_env/lib/python3.11/site-packages/airflow/example_dags/example_branch_labels.py took 0.066 seconds
[2024-03-08T15:06:27.801+0530] {processor.py:161} INFO - Started process (PID=18624) to work on /Users/anikbhowmick/Python/Big_Data_Assignment/A02/airflow_env/lib/python3.11/site-packages/airflow/example_dags/example_branch_labels.py
[2024-03-08T15:06:27.803+0530] {processor.py:830} INFO - Processing file /Users/anikbhowmick/Python/Big_Data_Assignment/A02/airflow_env/lib/python3.11/site-packages/airflow/example_dags/example_branch_labels.py for tasks to queue
[2024-03-08T15:06:27.803+0530] {logging_mixin.py:188} INFO - [2024-03-08T15:06:27.803+0530] {dagbag.py:540} INFO - Filling up the DagBag from /Users/anikbhowmick/Python/Big_Data_Assignment/A02/airflow_env/lib/python3.11/site-packages/airflow/example_dags/example_branch_labels.py
[2024-03-08T15:06:27.831+0530] {processor.py:840} INFO - DAG(s) 'example_branch_labels' retrieved from /Users/anikbhowmick/Python/Big_Data_Assignment/A02/airflow_env/lib/python3.11/site-packages/airflow/example_dags/example_branch_labels.py
[2024-03-08T15:06:27.865+0530] {logging_mixin.py:188} INFO - [2024-03-08T15:06:27.865+0530] {dag.py:3047} INFO - Sync 1 DAGs
[2024-03-08T15:06:27.872+0530] {logging_mixin.py:188} INFO - [2024-03-08T15:06:27.872+0530] {dag.py:3834} INFO - Setting next_dagrun for example_branch_labels to 2024-03-07 00:00:00+00:00, run_after=2024-03-08 00:00:00+00:00
[2024-03-08T15:06:27.879+0530] {processor.py:183} INFO - Processing /Users/anikbhowmick/Python/Big_Data_Assignment/A02/airflow_env/lib/python3.11/site-packages/airflow/example_dags/example_branch_labels.py took 0.078 seconds
[2024-03-08T16:49:55.276+0530] {processor.py:161} INFO - Started process (PID=1291) to work on /Users/anikbhowmick/Python/Big_Data_Assignment/A02/airflow_env/lib/python3.11/site-packages/airflow/example_dags/example_branch_labels.py
[2024-03-08T16:49:55.278+0530] {processor.py:830} INFO - Processing file /Users/anikbhowmick/Python/Big_Data_Assignment/A02/airflow_env/lib/python3.11/site-packages/airflow/example_dags/example_branch_labels.py for tasks to queue
[2024-03-08T16:49:55.279+0530] {logging_mixin.py:188} INFO - [2024-03-08T16:49:55.279+0530] {dagbag.py:540} INFO - Filling up the DagBag from /Users/anikbhowmick/Python/Big_Data_Assignment/A02/airflow_env/lib/python3.11/site-packages/airflow/example_dags/example_branch_labels.py
[2024-03-08T16:49:55.303+0530] {processor.py:840} INFO - DAG(s) 'example_branch_labels' retrieved from /Users/anikbhowmick/Python/Big_Data_Assignment/A02/airflow_env/lib/python3.11/site-packages/airflow/example_dags/example_branch_labels.py
[2024-03-08T16:49:55.331+0530] {logging_mixin.py:188} INFO - [2024-03-08T16:49:55.331+0530] {dag.py:3047} INFO - Sync 1 DAGs
[2024-03-08T16:49:55.337+0530] {logging_mixin.py:188} INFO - [2024-03-08T16:49:55.337+0530] {dag.py:3834} INFO - Setting next_dagrun for example_branch_labels to 2024-03-07 00:00:00+00:00, run_after=2024-03-08 00:00:00+00:00
[2024-03-08T16:49:55.343+0530] {processor.py:183} INFO - Processing /Users/anikbhowmick/Python/Big_Data_Assignment/A02/airflow_env/lib/python3.11/site-packages/airflow/example_dags/example_branch_labels.py took 0.067 seconds
[2024-03-08T16:54:13.474+0530] {processor.py:161} INFO - Started process (PID=1588) to work on /Users/anikbhowmick/Python/Big_Data_Assignment/A02/airflow_env/lib/python3.11/site-packages/airflow/example_dags/example_branch_labels.py
[2024-03-08T16:54:13.475+0530] {processor.py:830} INFO - Processing file /Users/anikbhowmick/Python/Big_Data_Assignment/A02/airflow_env/lib/python3.11/site-packages/airflow/example_dags/example_branch_labels.py for tasks to queue
[2024-03-08T16:54:13.476+0530] {logging_mixin.py:188} INFO - [2024-03-08T16:54:13.476+0530] {dagbag.py:540} INFO - Filling up the DagBag from /Users/anikbhowmick/Python/Big_Data_Assignment/A02/airflow_env/lib/python3.11/site-packages/airflow/example_dags/example_branch_labels.py
[2024-03-08T16:54:13.499+0530] {processor.py:840} INFO - DAG(s) 'example_branch_labels' retrieved from /Users/anikbhowmick/Python/Big_Data_Assignment/A02/airflow_env/lib/python3.11/site-packages/airflow/example_dags/example_branch_labels.py
[2024-03-08T16:54:13.528+0530] {logging_mixin.py:188} INFO - [2024-03-08T16:54:13.528+0530] {dag.py:3047} INFO - Sync 1 DAGs
[2024-03-08T16:54:13.534+0530] {logging_mixin.py:188} INFO - [2024-03-08T16:54:13.534+0530] {dag.py:3834} INFO - Setting next_dagrun for example_branch_labels to 2024-03-07 00:00:00+00:00, run_after=2024-03-08 00:00:00+00:00
[2024-03-08T16:54:13.539+0530] {processor.py:183} INFO - Processing /Users/anikbhowmick/Python/Big_Data_Assignment/A02/airflow_env/lib/python3.11/site-packages/airflow/example_dags/example_branch_labels.py took 0.066 seconds
