[2024-03-08T12:17:10.740+0530] {processor.py:161} INFO - Started process (PID=11286) to work on /Users/anikbhowmick/Python/Big_Data_Assignment/A02/airflow_env/lib/python3.11/site-packages/airflow/example_dags/example_setup_teardown.py
[2024-03-08T12:17:10.740+0530] {processor.py:830} INFO - Processing file /Users/anikbhowmick/Python/Big_Data_Assignment/A02/airflow_env/lib/python3.11/site-packages/airflow/example_dags/example_setup_teardown.py for tasks to queue
[2024-03-08T12:17:10.740+0530] {logging_mixin.py:188} INFO - [2024-03-08T12:17:10.740+0530] {dagbag.py:540} INFO - Filling up the DagBag from /Users/anikbhowmick/Python/Big_Data_Assignment/A02/airflow_env/lib/python3.11/site-packages/airflow/example_dags/example_setup_teardown.py
[2024-03-08T12:17:10.765+0530] {processor.py:840} INFO - DAG(s) 'example_setup_teardown' retrieved from /Users/anikbhowmick/Python/Big_Data_Assignment/A02/airflow_env/lib/python3.11/site-packages/airflow/example_dags/example_setup_teardown.py
[2024-03-08T12:17:10.794+0530] {logging_mixin.py:188} INFO - [2024-03-08T12:17:10.794+0530] {dag.py:3047} INFO - Sync 1 DAGs
[2024-03-08T12:17:10.799+0530] {logging_mixin.py:188} INFO - [2024-03-08T12:17:10.799+0530] {dag.py:3834} INFO - Setting next_dagrun for example_setup_teardown to 2024-03-07 00:00:00+00:00, run_after=2024-03-08 00:00:00+00:00
[2024-03-08T12:17:10.805+0530] {processor.py:183} INFO - Processing /Users/anikbhowmick/Python/Big_Data_Assignment/A02/airflow_env/lib/python3.11/site-packages/airflow/example_dags/example_setup_teardown.py took 0.066 seconds
[2024-03-08T12:18:37.682+0530] {processor.py:161} INFO - Started process (PID=11358) to work on /Users/anikbhowmick/Python/Big_Data_Assignment/A02/airflow_env/lib/python3.11/site-packages/airflow/example_dags/example_setup_teardown.py
[2024-03-08T12:18:37.682+0530] {processor.py:830} INFO - Processing file /Users/anikbhowmick/Python/Big_Data_Assignment/A02/airflow_env/lib/python3.11/site-packages/airflow/example_dags/example_setup_teardown.py for tasks to queue
[2024-03-08T12:18:37.682+0530] {logging_mixin.py:188} INFO - [2024-03-08T12:18:37.682+0530] {dagbag.py:540} INFO - Filling up the DagBag from /Users/anikbhowmick/Python/Big_Data_Assignment/A02/airflow_env/lib/python3.11/site-packages/airflow/example_dags/example_setup_teardown.py
[2024-03-08T12:18:37.707+0530] {processor.py:840} INFO - DAG(s) 'example_setup_teardown' retrieved from /Users/anikbhowmick/Python/Big_Data_Assignment/A02/airflow_env/lib/python3.11/site-packages/airflow/example_dags/example_setup_teardown.py
[2024-03-08T12:18:37.736+0530] {logging_mixin.py:188} INFO - [2024-03-08T12:18:37.736+0530] {dag.py:3047} INFO - Sync 1 DAGs
[2024-03-08T12:18:37.742+0530] {logging_mixin.py:188} INFO - [2024-03-08T12:18:37.741+0530] {dag.py:3834} INFO - Setting next_dagrun for example_setup_teardown to 2024-03-07 00:00:00+00:00, run_after=2024-03-08 00:00:00+00:00
[2024-03-08T12:18:37.748+0530] {processor.py:183} INFO - Processing /Users/anikbhowmick/Python/Big_Data_Assignment/A02/airflow_env/lib/python3.11/site-packages/airflow/example_dags/example_setup_teardown.py took 0.066 seconds
[2024-03-08T12:20:29.882+0530] {processor.py:161} INFO - Started process (PID=11429) to work on /Users/anikbhowmick/Python/Big_Data_Assignment/A02/airflow_env/lib/python3.11/site-packages/airflow/example_dags/example_setup_teardown.py
[2024-03-08T12:20:29.883+0530] {processor.py:830} INFO - Processing file /Users/anikbhowmick/Python/Big_Data_Assignment/A02/airflow_env/lib/python3.11/site-packages/airflow/example_dags/example_setup_teardown.py for tasks to queue
[2024-03-08T12:20:29.883+0530] {logging_mixin.py:188} INFO - [2024-03-08T12:20:29.883+0530] {dagbag.py:540} INFO - Filling up the DagBag from /Users/anikbhowmick/Python/Big_Data_Assignment/A02/airflow_env/lib/python3.11/site-packages/airflow/example_dags/example_setup_teardown.py
[2024-03-08T12:20:29.908+0530] {processor.py:840} INFO - DAG(s) 'example_setup_teardown' retrieved from /Users/anikbhowmick/Python/Big_Data_Assignment/A02/airflow_env/lib/python3.11/site-packages/airflow/example_dags/example_setup_teardown.py
[2024-03-08T12:20:29.937+0530] {logging_mixin.py:188} INFO - [2024-03-08T12:20:29.937+0530] {dag.py:3047} INFO - Sync 1 DAGs
[2024-03-08T12:20:29.943+0530] {logging_mixin.py:188} INFO - [2024-03-08T12:20:29.943+0530] {dag.py:3834} INFO - Setting next_dagrun for example_setup_teardown to 2024-03-07 00:00:00+00:00, run_after=2024-03-08 00:00:00+00:00
[2024-03-08T12:20:29.949+0530] {processor.py:183} INFO - Processing /Users/anikbhowmick/Python/Big_Data_Assignment/A02/airflow_env/lib/python3.11/site-packages/airflow/example_dags/example_setup_teardown.py took 0.067 seconds
[2024-03-08T12:22:17.980+0530] {processor.py:161} INFO - Started process (PID=11503) to work on /Users/anikbhowmick/Python/Big_Data_Assignment/A02/airflow_env/lib/python3.11/site-packages/airflow/example_dags/example_setup_teardown.py
[2024-03-08T12:22:17.980+0530] {processor.py:830} INFO - Processing file /Users/anikbhowmick/Python/Big_Data_Assignment/A02/airflow_env/lib/python3.11/site-packages/airflow/example_dags/example_setup_teardown.py for tasks to queue
[2024-03-08T12:22:17.981+0530] {logging_mixin.py:188} INFO - [2024-03-08T12:22:17.981+0530] {dagbag.py:540} INFO - Filling up the DagBag from /Users/anikbhowmick/Python/Big_Data_Assignment/A02/airflow_env/lib/python3.11/site-packages/airflow/example_dags/example_setup_teardown.py
[2024-03-08T12:22:18.005+0530] {processor.py:840} INFO - DAG(s) 'example_setup_teardown' retrieved from /Users/anikbhowmick/Python/Big_Data_Assignment/A02/airflow_env/lib/python3.11/site-packages/airflow/example_dags/example_setup_teardown.py
[2024-03-08T12:22:18.034+0530] {logging_mixin.py:188} INFO - [2024-03-08T12:22:18.034+0530] {dag.py:3047} INFO - Sync 1 DAGs
[2024-03-08T12:22:18.040+0530] {logging_mixin.py:188} INFO - [2024-03-08T12:22:18.040+0530] {dag.py:3834} INFO - Setting next_dagrun for example_setup_teardown to 2024-03-07 00:00:00+00:00, run_after=2024-03-08 00:00:00+00:00
[2024-03-08T12:22:18.046+0530] {processor.py:183} INFO - Processing /Users/anikbhowmick/Python/Big_Data_Assignment/A02/airflow_env/lib/python3.11/site-packages/airflow/example_dags/example_setup_teardown.py took 0.066 seconds
[2024-03-08T12:24:08.223+0530] {processor.py:161} INFO - Started process (PID=11622) to work on /Users/anikbhowmick/Python/Big_Data_Assignment/A02/airflow_env/lib/python3.11/site-packages/airflow/example_dags/example_setup_teardown.py
[2024-03-08T12:24:08.225+0530] {processor.py:830} INFO - Processing file /Users/anikbhowmick/Python/Big_Data_Assignment/A02/airflow_env/lib/python3.11/site-packages/airflow/example_dags/example_setup_teardown.py for tasks to queue
[2024-03-08T12:24:08.225+0530] {logging_mixin.py:188} INFO - [2024-03-08T12:24:08.225+0530] {dagbag.py:540} INFO - Filling up the DagBag from /Users/anikbhowmick/Python/Big_Data_Assignment/A02/airflow_env/lib/python3.11/site-packages/airflow/example_dags/example_setup_teardown.py
[2024-03-08T12:24:08.250+0530] {processor.py:840} INFO - DAG(s) 'example_setup_teardown' retrieved from /Users/anikbhowmick/Python/Big_Data_Assignment/A02/airflow_env/lib/python3.11/site-packages/airflow/example_dags/example_setup_teardown.py
[2024-03-08T12:24:08.279+0530] {logging_mixin.py:188} INFO - [2024-03-08T12:24:08.278+0530] {dag.py:3047} INFO - Sync 1 DAGs
[2024-03-08T12:24:08.284+0530] {logging_mixin.py:188} INFO - [2024-03-08T12:24:08.284+0530] {dag.py:3834} INFO - Setting next_dagrun for example_setup_teardown to 2024-03-07 00:00:00+00:00, run_after=2024-03-08 00:00:00+00:00
[2024-03-08T12:24:08.290+0530] {processor.py:183} INFO - Processing /Users/anikbhowmick/Python/Big_Data_Assignment/A02/airflow_env/lib/python3.11/site-packages/airflow/example_dags/example_setup_teardown.py took 0.067 seconds
[2024-03-08T12:26:02.353+0530] {processor.py:161} INFO - Started process (PID=11716) to work on /Users/anikbhowmick/Python/Big_Data_Assignment/A02/airflow_env/lib/python3.11/site-packages/airflow/example_dags/example_setup_teardown.py
[2024-03-08T12:26:02.354+0530] {processor.py:830} INFO - Processing file /Users/anikbhowmick/Python/Big_Data_Assignment/A02/airflow_env/lib/python3.11/site-packages/airflow/example_dags/example_setup_teardown.py for tasks to queue
[2024-03-08T12:26:02.354+0530] {logging_mixin.py:188} INFO - [2024-03-08T12:26:02.354+0530] {dagbag.py:540} INFO - Filling up the DagBag from /Users/anikbhowmick/Python/Big_Data_Assignment/A02/airflow_env/lib/python3.11/site-packages/airflow/example_dags/example_setup_teardown.py
[2024-03-08T12:26:02.379+0530] {processor.py:840} INFO - DAG(s) 'example_setup_teardown' retrieved from /Users/anikbhowmick/Python/Big_Data_Assignment/A02/airflow_env/lib/python3.11/site-packages/airflow/example_dags/example_setup_teardown.py
[2024-03-08T12:26:02.408+0530] {logging_mixin.py:188} INFO - [2024-03-08T12:26:02.408+0530] {dag.py:3047} INFO - Sync 1 DAGs
[2024-03-08T12:26:02.413+0530] {logging_mixin.py:188} INFO - [2024-03-08T12:26:02.413+0530] {dag.py:3834} INFO - Setting next_dagrun for example_setup_teardown to 2024-03-07 00:00:00+00:00, run_after=2024-03-08 00:00:00+00:00
[2024-03-08T12:26:02.419+0530] {processor.py:183} INFO - Processing /Users/anikbhowmick/Python/Big_Data_Assignment/A02/airflow_env/lib/python3.11/site-packages/airflow/example_dags/example_setup_teardown.py took 0.067 seconds
[2024-03-08T12:27:50.153+0530] {processor.py:161} INFO - Started process (PID=11787) to work on /Users/anikbhowmick/Python/Big_Data_Assignment/A02/airflow_env/lib/python3.11/site-packages/airflow/example_dags/example_setup_teardown.py
[2024-03-08T12:27:50.153+0530] {processor.py:830} INFO - Processing file /Users/anikbhowmick/Python/Big_Data_Assignment/A02/airflow_env/lib/python3.11/site-packages/airflow/example_dags/example_setup_teardown.py for tasks to queue
[2024-03-08T12:27:50.154+0530] {logging_mixin.py:188} INFO - [2024-03-08T12:27:50.154+0530] {dagbag.py:540} INFO - Filling up the DagBag from /Users/anikbhowmick/Python/Big_Data_Assignment/A02/airflow_env/lib/python3.11/site-packages/airflow/example_dags/example_setup_teardown.py
[2024-03-08T12:27:50.178+0530] {processor.py:840} INFO - DAG(s) 'example_setup_teardown' retrieved from /Users/anikbhowmick/Python/Big_Data_Assignment/A02/airflow_env/lib/python3.11/site-packages/airflow/example_dags/example_setup_teardown.py
[2024-03-08T12:27:50.207+0530] {logging_mixin.py:188} INFO - [2024-03-08T12:27:50.207+0530] {dag.py:3047} INFO - Sync 1 DAGs
[2024-03-08T12:27:50.213+0530] {logging_mixin.py:188} INFO - [2024-03-08T12:27:50.213+0530] {dag.py:3834} INFO - Setting next_dagrun for example_setup_teardown to 2024-03-07 00:00:00+00:00, run_after=2024-03-08 00:00:00+00:00
[2024-03-08T12:27:50.218+0530] {processor.py:183} INFO - Processing /Users/anikbhowmick/Python/Big_Data_Assignment/A02/airflow_env/lib/python3.11/site-packages/airflow/example_dags/example_setup_teardown.py took 0.066 seconds
[2024-03-08T12:29:39.383+0530] {processor.py:161} INFO - Started process (PID=11866) to work on /Users/anikbhowmick/Python/Big_Data_Assignment/A02/airflow_env/lib/python3.11/site-packages/airflow/example_dags/example_setup_teardown.py
[2024-03-08T12:29:39.384+0530] {processor.py:830} INFO - Processing file /Users/anikbhowmick/Python/Big_Data_Assignment/A02/airflow_env/lib/python3.11/site-packages/airflow/example_dags/example_setup_teardown.py for tasks to queue
[2024-03-08T12:29:39.384+0530] {logging_mixin.py:188} INFO - [2024-03-08T12:29:39.384+0530] {dagbag.py:540} INFO - Filling up the DagBag from /Users/anikbhowmick/Python/Big_Data_Assignment/A02/airflow_env/lib/python3.11/site-packages/airflow/example_dags/example_setup_teardown.py
[2024-03-08T12:29:39.408+0530] {processor.py:840} INFO - DAG(s) 'example_setup_teardown' retrieved from /Users/anikbhowmick/Python/Big_Data_Assignment/A02/airflow_env/lib/python3.11/site-packages/airflow/example_dags/example_setup_teardown.py
[2024-03-08T12:29:39.437+0530] {logging_mixin.py:188} INFO - [2024-03-08T12:29:39.437+0530] {dag.py:3047} INFO - Sync 1 DAGs
[2024-03-08T12:29:39.443+0530] {logging_mixin.py:188} INFO - [2024-03-08T12:29:39.443+0530] {dag.py:3834} INFO - Setting next_dagrun for example_setup_teardown to 2024-03-07 00:00:00+00:00, run_after=2024-03-08 00:00:00+00:00
[2024-03-08T12:29:39.449+0530] {processor.py:183} INFO - Processing /Users/anikbhowmick/Python/Big_Data_Assignment/A02/airflow_env/lib/python3.11/site-packages/airflow/example_dags/example_setup_teardown.py took 0.067 seconds
[2024-03-08T12:31:32.361+0530] {processor.py:161} INFO - Started process (PID=11940) to work on /Users/anikbhowmick/Python/Big_Data_Assignment/A02/airflow_env/lib/python3.11/site-packages/airflow/example_dags/example_setup_teardown.py
[2024-03-08T12:31:32.361+0530] {processor.py:830} INFO - Processing file /Users/anikbhowmick/Python/Big_Data_Assignment/A02/airflow_env/lib/python3.11/site-packages/airflow/example_dags/example_setup_teardown.py for tasks to queue
[2024-03-08T12:31:32.361+0530] {logging_mixin.py:188} INFO - [2024-03-08T12:31:32.361+0530] {dagbag.py:540} INFO - Filling up the DagBag from /Users/anikbhowmick/Python/Big_Data_Assignment/A02/airflow_env/lib/python3.11/site-packages/airflow/example_dags/example_setup_teardown.py
[2024-03-08T12:31:32.388+0530] {processor.py:840} INFO - DAG(s) 'example_setup_teardown' retrieved from /Users/anikbhowmick/Python/Big_Data_Assignment/A02/airflow_env/lib/python3.11/site-packages/airflow/example_dags/example_setup_teardown.py
[2024-03-08T12:31:32.419+0530] {logging_mixin.py:188} INFO - [2024-03-08T12:31:32.419+0530] {dag.py:3047} INFO - Sync 1 DAGs
[2024-03-08T12:31:32.424+0530] {logging_mixin.py:188} INFO - [2024-03-08T12:31:32.424+0530] {dag.py:3834} INFO - Setting next_dagrun for example_setup_teardown to 2024-03-07 00:00:00+00:00, run_after=2024-03-08 00:00:00+00:00
[2024-03-08T12:31:32.431+0530] {processor.py:183} INFO - Processing /Users/anikbhowmick/Python/Big_Data_Assignment/A02/airflow_env/lib/python3.11/site-packages/airflow/example_dags/example_setup_teardown.py took 0.071 seconds
[2024-03-08T12:33:25.284+0530] {processor.py:161} INFO - Started process (PID=12015) to work on /Users/anikbhowmick/Python/Big_Data_Assignment/A02/airflow_env/lib/python3.11/site-packages/airflow/example_dags/example_setup_teardown.py
[2024-03-08T12:33:25.285+0530] {processor.py:830} INFO - Processing file /Users/anikbhowmick/Python/Big_Data_Assignment/A02/airflow_env/lib/python3.11/site-packages/airflow/example_dags/example_setup_teardown.py for tasks to queue
[2024-03-08T12:33:25.285+0530] {logging_mixin.py:188} INFO - [2024-03-08T12:33:25.285+0530] {dagbag.py:540} INFO - Filling up the DagBag from /Users/anikbhowmick/Python/Big_Data_Assignment/A02/airflow_env/lib/python3.11/site-packages/airflow/example_dags/example_setup_teardown.py
[2024-03-08T12:33:25.309+0530] {processor.py:840} INFO - DAG(s) 'example_setup_teardown' retrieved from /Users/anikbhowmick/Python/Big_Data_Assignment/A02/airflow_env/lib/python3.11/site-packages/airflow/example_dags/example_setup_teardown.py
[2024-03-08T12:33:25.338+0530] {logging_mixin.py:188} INFO - [2024-03-08T12:33:25.338+0530] {dag.py:3047} INFO - Sync 1 DAGs
[2024-03-08T12:33:25.344+0530] {logging_mixin.py:188} INFO - [2024-03-08T12:33:25.344+0530] {dag.py:3834} INFO - Setting next_dagrun for example_setup_teardown to 2024-03-07 00:00:00+00:00, run_after=2024-03-08 00:00:00+00:00
[2024-03-08T12:33:25.351+0530] {processor.py:183} INFO - Processing /Users/anikbhowmick/Python/Big_Data_Assignment/A02/airflow_env/lib/python3.11/site-packages/airflow/example_dags/example_setup_teardown.py took 0.067 seconds
[2024-03-08T12:35:21.125+0530] {processor.py:161} INFO - Started process (PID=12087) to work on /Users/anikbhowmick/Python/Big_Data_Assignment/A02/airflow_env/lib/python3.11/site-packages/airflow/example_dags/example_setup_teardown.py
[2024-03-08T12:35:21.127+0530] {processor.py:830} INFO - Processing file /Users/anikbhowmick/Python/Big_Data_Assignment/A02/airflow_env/lib/python3.11/site-packages/airflow/example_dags/example_setup_teardown.py for tasks to queue
[2024-03-08T12:35:21.127+0530] {logging_mixin.py:188} INFO - [2024-03-08T12:35:21.127+0530] {dagbag.py:540} INFO - Filling up the DagBag from /Users/anikbhowmick/Python/Big_Data_Assignment/A02/airflow_env/lib/python3.11/site-packages/airflow/example_dags/example_setup_teardown.py
[2024-03-08T12:35:21.151+0530] {processor.py:840} INFO - DAG(s) 'example_setup_teardown' retrieved from /Users/anikbhowmick/Python/Big_Data_Assignment/A02/airflow_env/lib/python3.11/site-packages/airflow/example_dags/example_setup_teardown.py
[2024-03-08T12:35:21.180+0530] {logging_mixin.py:188} INFO - [2024-03-08T12:35:21.180+0530] {dag.py:3047} INFO - Sync 1 DAGs
[2024-03-08T12:35:21.185+0530] {logging_mixin.py:188} INFO - [2024-03-08T12:35:21.185+0530] {dag.py:3834} INFO - Setting next_dagrun for example_setup_teardown to 2024-03-07 00:00:00+00:00, run_after=2024-03-08 00:00:00+00:00
[2024-03-08T12:35:21.191+0530] {processor.py:183} INFO - Processing /Users/anikbhowmick/Python/Big_Data_Assignment/A02/airflow_env/lib/python3.11/site-packages/airflow/example_dags/example_setup_teardown.py took 0.066 seconds
[2024-03-08T12:37:08.572+0530] {processor.py:161} INFO - Started process (PID=12157) to work on /Users/anikbhowmick/Python/Big_Data_Assignment/A02/airflow_env/lib/python3.11/site-packages/airflow/example_dags/example_setup_teardown.py
[2024-03-08T12:37:08.572+0530] {processor.py:830} INFO - Processing file /Users/anikbhowmick/Python/Big_Data_Assignment/A02/airflow_env/lib/python3.11/site-packages/airflow/example_dags/example_setup_teardown.py for tasks to queue
[2024-03-08T12:37:08.572+0530] {logging_mixin.py:188} INFO - [2024-03-08T12:37:08.572+0530] {dagbag.py:540} INFO - Filling up the DagBag from /Users/anikbhowmick/Python/Big_Data_Assignment/A02/airflow_env/lib/python3.11/site-packages/airflow/example_dags/example_setup_teardown.py
[2024-03-08T12:37:08.596+0530] {processor.py:840} INFO - DAG(s) 'example_setup_teardown' retrieved from /Users/anikbhowmick/Python/Big_Data_Assignment/A02/airflow_env/lib/python3.11/site-packages/airflow/example_dags/example_setup_teardown.py
[2024-03-08T12:37:08.625+0530] {logging_mixin.py:188} INFO - [2024-03-08T12:37:08.625+0530] {dag.py:3047} INFO - Sync 1 DAGs
[2024-03-08T12:37:08.630+0530] {logging_mixin.py:188} INFO - [2024-03-08T12:37:08.630+0530] {dag.py:3834} INFO - Setting next_dagrun for example_setup_teardown to 2024-03-07 00:00:00+00:00, run_after=2024-03-08 00:00:00+00:00
[2024-03-08T12:37:08.636+0530] {processor.py:183} INFO - Processing /Users/anikbhowmick/Python/Big_Data_Assignment/A02/airflow_env/lib/python3.11/site-packages/airflow/example_dags/example_setup_teardown.py took 0.065 seconds
[2024-03-08T12:38:55.758+0530] {processor.py:161} INFO - Started process (PID=12230) to work on /Users/anikbhowmick/Python/Big_Data_Assignment/A02/airflow_env/lib/python3.11/site-packages/airflow/example_dags/example_setup_teardown.py
[2024-03-08T12:38:55.759+0530] {processor.py:830} INFO - Processing file /Users/anikbhowmick/Python/Big_Data_Assignment/A02/airflow_env/lib/python3.11/site-packages/airflow/example_dags/example_setup_teardown.py for tasks to queue
[2024-03-08T12:38:55.759+0530] {logging_mixin.py:188} INFO - [2024-03-08T12:38:55.759+0530] {dagbag.py:540} INFO - Filling up the DagBag from /Users/anikbhowmick/Python/Big_Data_Assignment/A02/airflow_env/lib/python3.11/site-packages/airflow/example_dags/example_setup_teardown.py
[2024-03-08T12:38:55.783+0530] {processor.py:840} INFO - DAG(s) 'example_setup_teardown' retrieved from /Users/anikbhowmick/Python/Big_Data_Assignment/A02/airflow_env/lib/python3.11/site-packages/airflow/example_dags/example_setup_teardown.py
[2024-03-08T12:38:55.812+0530] {logging_mixin.py:188} INFO - [2024-03-08T12:38:55.811+0530] {dag.py:3047} INFO - Sync 1 DAGs
[2024-03-08T12:38:55.817+0530] {logging_mixin.py:188} INFO - [2024-03-08T12:38:55.817+0530] {dag.py:3834} INFO - Setting next_dagrun for example_setup_teardown to 2024-03-07 00:00:00+00:00, run_after=2024-03-08 00:00:00+00:00
[2024-03-08T12:38:55.823+0530] {processor.py:183} INFO - Processing /Users/anikbhowmick/Python/Big_Data_Assignment/A02/airflow_env/lib/python3.11/site-packages/airflow/example_dags/example_setup_teardown.py took 0.065 seconds
[2024-03-08T12:40:45.351+0530] {processor.py:161} INFO - Started process (PID=12308) to work on /Users/anikbhowmick/Python/Big_Data_Assignment/A02/airflow_env/lib/python3.11/site-packages/airflow/example_dags/example_setup_teardown.py
[2024-03-08T12:40:45.352+0530] {processor.py:830} INFO - Processing file /Users/anikbhowmick/Python/Big_Data_Assignment/A02/airflow_env/lib/python3.11/site-packages/airflow/example_dags/example_setup_teardown.py for tasks to queue
[2024-03-08T12:40:45.352+0530] {logging_mixin.py:188} INFO - [2024-03-08T12:40:45.352+0530] {dagbag.py:540} INFO - Filling up the DagBag from /Users/anikbhowmick/Python/Big_Data_Assignment/A02/airflow_env/lib/python3.11/site-packages/airflow/example_dags/example_setup_teardown.py
[2024-03-08T12:40:45.376+0530] {processor.py:840} INFO - DAG(s) 'example_setup_teardown' retrieved from /Users/anikbhowmick/Python/Big_Data_Assignment/A02/airflow_env/lib/python3.11/site-packages/airflow/example_dags/example_setup_teardown.py
[2024-03-08T12:40:45.405+0530] {logging_mixin.py:188} INFO - [2024-03-08T12:40:45.405+0530] {dag.py:3047} INFO - Sync 1 DAGs
[2024-03-08T12:40:45.411+0530] {logging_mixin.py:188} INFO - [2024-03-08T12:40:45.410+0530] {dag.py:3834} INFO - Setting next_dagrun for example_setup_teardown to 2024-03-07 00:00:00+00:00, run_after=2024-03-08 00:00:00+00:00
[2024-03-08T12:40:45.416+0530] {processor.py:183} INFO - Processing /Users/anikbhowmick/Python/Big_Data_Assignment/A02/airflow_env/lib/python3.11/site-packages/airflow/example_dags/example_setup_teardown.py took 0.066 seconds
[2024-03-08T12:42:41.761+0530] {processor.py:161} INFO - Started process (PID=12379) to work on /Users/anikbhowmick/Python/Big_Data_Assignment/A02/airflow_env/lib/python3.11/site-packages/airflow/example_dags/example_setup_teardown.py
[2024-03-08T12:42:41.761+0530] {processor.py:830} INFO - Processing file /Users/anikbhowmick/Python/Big_Data_Assignment/A02/airflow_env/lib/python3.11/site-packages/airflow/example_dags/example_setup_teardown.py for tasks to queue
[2024-03-08T12:42:41.762+0530] {logging_mixin.py:188} INFO - [2024-03-08T12:42:41.761+0530] {dagbag.py:540} INFO - Filling up the DagBag from /Users/anikbhowmick/Python/Big_Data_Assignment/A02/airflow_env/lib/python3.11/site-packages/airflow/example_dags/example_setup_teardown.py
[2024-03-08T12:42:41.786+0530] {processor.py:840} INFO - DAG(s) 'example_setup_teardown' retrieved from /Users/anikbhowmick/Python/Big_Data_Assignment/A02/airflow_env/lib/python3.11/site-packages/airflow/example_dags/example_setup_teardown.py
[2024-03-08T12:42:41.815+0530] {logging_mixin.py:188} INFO - [2024-03-08T12:42:41.815+0530] {dag.py:3047} INFO - Sync 1 DAGs
[2024-03-08T12:42:41.820+0530] {logging_mixin.py:188} INFO - [2024-03-08T12:42:41.820+0530] {dag.py:3834} INFO - Setting next_dagrun for example_setup_teardown to 2024-03-07 00:00:00+00:00, run_after=2024-03-08 00:00:00+00:00
[2024-03-08T12:42:41.826+0530] {processor.py:183} INFO - Processing /Users/anikbhowmick/Python/Big_Data_Assignment/A02/airflow_env/lib/python3.11/site-packages/airflow/example_dags/example_setup_teardown.py took 0.066 seconds
[2024-03-08T12:44:33.195+0530] {processor.py:161} INFO - Started process (PID=12472) to work on /Users/anikbhowmick/Python/Big_Data_Assignment/A02/airflow_env/lib/python3.11/site-packages/airflow/example_dags/example_setup_teardown.py
[2024-03-08T12:44:33.196+0530] {processor.py:830} INFO - Processing file /Users/anikbhowmick/Python/Big_Data_Assignment/A02/airflow_env/lib/python3.11/site-packages/airflow/example_dags/example_setup_teardown.py for tasks to queue
[2024-03-08T12:44:33.196+0530] {logging_mixin.py:188} INFO - [2024-03-08T12:44:33.196+0530] {dagbag.py:540} INFO - Filling up the DagBag from /Users/anikbhowmick/Python/Big_Data_Assignment/A02/airflow_env/lib/python3.11/site-packages/airflow/example_dags/example_setup_teardown.py
[2024-03-08T12:44:33.219+0530] {processor.py:840} INFO - DAG(s) 'example_setup_teardown' retrieved from /Users/anikbhowmick/Python/Big_Data_Assignment/A02/airflow_env/lib/python3.11/site-packages/airflow/example_dags/example_setup_teardown.py
[2024-03-08T12:44:33.248+0530] {logging_mixin.py:188} INFO - [2024-03-08T12:44:33.248+0530] {dag.py:3047} INFO - Sync 1 DAGs
[2024-03-08T12:44:33.253+0530] {logging_mixin.py:188} INFO - [2024-03-08T12:44:33.253+0530] {dag.py:3834} INFO - Setting next_dagrun for example_setup_teardown to 2024-03-07 00:00:00+00:00, run_after=2024-03-08 00:00:00+00:00
[2024-03-08T12:44:33.259+0530] {processor.py:183} INFO - Processing /Users/anikbhowmick/Python/Big_Data_Assignment/A02/airflow_env/lib/python3.11/site-packages/airflow/example_dags/example_setup_teardown.py took 0.065 seconds
[2024-03-08T12:46:24.958+0530] {processor.py:161} INFO - Started process (PID=12555) to work on /Users/anikbhowmick/Python/Big_Data_Assignment/A02/airflow_env/lib/python3.11/site-packages/airflow/example_dags/example_setup_teardown.py
[2024-03-08T12:46:24.959+0530] {processor.py:830} INFO - Processing file /Users/anikbhowmick/Python/Big_Data_Assignment/A02/airflow_env/lib/python3.11/site-packages/airflow/example_dags/example_setup_teardown.py for tasks to queue
[2024-03-08T12:46:24.960+0530] {logging_mixin.py:188} INFO - [2024-03-08T12:46:24.960+0530] {dagbag.py:540} INFO - Filling up the DagBag from /Users/anikbhowmick/Python/Big_Data_Assignment/A02/airflow_env/lib/python3.11/site-packages/airflow/example_dags/example_setup_teardown.py
[2024-03-08T12:46:24.984+0530] {processor.py:840} INFO - DAG(s) 'example_setup_teardown' retrieved from /Users/anikbhowmick/Python/Big_Data_Assignment/A02/airflow_env/lib/python3.11/site-packages/airflow/example_dags/example_setup_teardown.py
[2024-03-08T12:46:25.013+0530] {logging_mixin.py:188} INFO - [2024-03-08T12:46:25.013+0530] {dag.py:3047} INFO - Sync 1 DAGs
[2024-03-08T12:46:25.018+0530] {logging_mixin.py:188} INFO - [2024-03-08T12:46:25.018+0530] {dag.py:3834} INFO - Setting next_dagrun for example_setup_teardown to 2024-03-07 00:00:00+00:00, run_after=2024-03-08 00:00:00+00:00
[2024-03-08T12:46:25.024+0530] {processor.py:183} INFO - Processing /Users/anikbhowmick/Python/Big_Data_Assignment/A02/airflow_env/lib/python3.11/site-packages/airflow/example_dags/example_setup_teardown.py took 0.067 seconds
[2024-03-08T12:48:14.075+0530] {processor.py:161} INFO - Started process (PID=12626) to work on /Users/anikbhowmick/Python/Big_Data_Assignment/A02/airflow_env/lib/python3.11/site-packages/airflow/example_dags/example_setup_teardown.py
[2024-03-08T12:48:14.076+0530] {processor.py:830} INFO - Processing file /Users/anikbhowmick/Python/Big_Data_Assignment/A02/airflow_env/lib/python3.11/site-packages/airflow/example_dags/example_setup_teardown.py for tasks to queue
[2024-03-08T12:48:14.076+0530] {logging_mixin.py:188} INFO - [2024-03-08T12:48:14.076+0530] {dagbag.py:540} INFO - Filling up the DagBag from /Users/anikbhowmick/Python/Big_Data_Assignment/A02/airflow_env/lib/python3.11/site-packages/airflow/example_dags/example_setup_teardown.py
[2024-03-08T12:48:14.105+0530] {processor.py:840} INFO - DAG(s) 'example_setup_teardown' retrieved from /Users/anikbhowmick/Python/Big_Data_Assignment/A02/airflow_env/lib/python3.11/site-packages/airflow/example_dags/example_setup_teardown.py
[2024-03-08T12:48:14.136+0530] {logging_mixin.py:188} INFO - [2024-03-08T12:48:14.136+0530] {dag.py:3047} INFO - Sync 1 DAGs
[2024-03-08T12:48:14.141+0530] {logging_mixin.py:188} INFO - [2024-03-08T12:48:14.141+0530] {dag.py:3834} INFO - Setting next_dagrun for example_setup_teardown to 2024-03-07 00:00:00+00:00, run_after=2024-03-08 00:00:00+00:00
[2024-03-08T12:48:14.148+0530] {processor.py:183} INFO - Processing /Users/anikbhowmick/Python/Big_Data_Assignment/A02/airflow_env/lib/python3.11/site-packages/airflow/example_dags/example_setup_teardown.py took 0.073 seconds
[2024-03-08T12:50:07.062+0530] {processor.py:161} INFO - Started process (PID=12701) to work on /Users/anikbhowmick/Python/Big_Data_Assignment/A02/airflow_env/lib/python3.11/site-packages/airflow/example_dags/example_setup_teardown.py
[2024-03-08T12:50:07.063+0530] {processor.py:830} INFO - Processing file /Users/anikbhowmick/Python/Big_Data_Assignment/A02/airflow_env/lib/python3.11/site-packages/airflow/example_dags/example_setup_teardown.py for tasks to queue
[2024-03-08T12:50:07.063+0530] {logging_mixin.py:188} INFO - [2024-03-08T12:50:07.063+0530] {dagbag.py:540} INFO - Filling up the DagBag from /Users/anikbhowmick/Python/Big_Data_Assignment/A02/airflow_env/lib/python3.11/site-packages/airflow/example_dags/example_setup_teardown.py
[2024-03-08T12:50:07.088+0530] {processor.py:840} INFO - DAG(s) 'example_setup_teardown' retrieved from /Users/anikbhowmick/Python/Big_Data_Assignment/A02/airflow_env/lib/python3.11/site-packages/airflow/example_dags/example_setup_teardown.py
[2024-03-08T12:50:07.117+0530] {logging_mixin.py:188} INFO - [2024-03-08T12:50:07.117+0530] {dag.py:3047} INFO - Sync 1 DAGs
[2024-03-08T12:50:07.122+0530] {logging_mixin.py:188} INFO - [2024-03-08T12:50:07.122+0530] {dag.py:3834} INFO - Setting next_dagrun for example_setup_teardown to 2024-03-07 00:00:00+00:00, run_after=2024-03-08 00:00:00+00:00
[2024-03-08T12:50:07.128+0530] {processor.py:183} INFO - Processing /Users/anikbhowmick/Python/Big_Data_Assignment/A02/airflow_env/lib/python3.11/site-packages/airflow/example_dags/example_setup_teardown.py took 0.067 seconds
[2024-03-08T12:51:57.045+0530] {processor.py:161} INFO - Started process (PID=12773) to work on /Users/anikbhowmick/Python/Big_Data_Assignment/A02/airflow_env/lib/python3.11/site-packages/airflow/example_dags/example_setup_teardown.py
[2024-03-08T12:51:57.045+0530] {processor.py:830} INFO - Processing file /Users/anikbhowmick/Python/Big_Data_Assignment/A02/airflow_env/lib/python3.11/site-packages/airflow/example_dags/example_setup_teardown.py for tasks to queue
[2024-03-08T12:51:57.045+0530] {logging_mixin.py:188} INFO - [2024-03-08T12:51:57.045+0530] {dagbag.py:540} INFO - Filling up the DagBag from /Users/anikbhowmick/Python/Big_Data_Assignment/A02/airflow_env/lib/python3.11/site-packages/airflow/example_dags/example_setup_teardown.py
[2024-03-08T12:51:57.069+0530] {processor.py:840} INFO - DAG(s) 'example_setup_teardown' retrieved from /Users/anikbhowmick/Python/Big_Data_Assignment/A02/airflow_env/lib/python3.11/site-packages/airflow/example_dags/example_setup_teardown.py
[2024-03-08T12:51:57.098+0530] {logging_mixin.py:188} INFO - [2024-03-08T12:51:57.097+0530] {dag.py:3047} INFO - Sync 1 DAGs
[2024-03-08T12:51:57.103+0530] {logging_mixin.py:188} INFO - [2024-03-08T12:51:57.103+0530] {dag.py:3834} INFO - Setting next_dagrun for example_setup_teardown to 2024-03-07 00:00:00+00:00, run_after=2024-03-08 00:00:00+00:00
[2024-03-08T12:51:57.109+0530] {processor.py:183} INFO - Processing /Users/anikbhowmick/Python/Big_Data_Assignment/A02/airflow_env/lib/python3.11/site-packages/airflow/example_dags/example_setup_teardown.py took 0.065 seconds
[2024-03-08T12:59:15.715+0530] {processor.py:161} INFO - Started process (PID=13119) to work on /Users/anikbhowmick/Python/Big_Data_Assignment/A02/airflow_env/lib/python3.11/site-packages/airflow/example_dags/example_setup_teardown.py
[2024-03-08T12:59:15.717+0530] {processor.py:830} INFO - Processing file /Users/anikbhowmick/Python/Big_Data_Assignment/A02/airflow_env/lib/python3.11/site-packages/airflow/example_dags/example_setup_teardown.py for tasks to queue
[2024-03-08T12:59:15.717+0530] {logging_mixin.py:188} INFO - [2024-03-08T12:59:15.717+0530] {dagbag.py:540} INFO - Filling up the DagBag from /Users/anikbhowmick/Python/Big_Data_Assignment/A02/airflow_env/lib/python3.11/site-packages/airflow/example_dags/example_setup_teardown.py
[2024-03-08T12:59:15.740+0530] {processor.py:840} INFO - DAG(s) 'example_setup_teardown' retrieved from /Users/anikbhowmick/Python/Big_Data_Assignment/A02/airflow_env/lib/python3.11/site-packages/airflow/example_dags/example_setup_teardown.py
[2024-03-08T12:59:15.769+0530] {logging_mixin.py:188} INFO - [2024-03-08T12:59:15.769+0530] {dag.py:3047} INFO - Sync 1 DAGs
[2024-03-08T12:59:15.775+0530] {logging_mixin.py:188} INFO - [2024-03-08T12:59:15.774+0530] {dag.py:3834} INFO - Setting next_dagrun for example_setup_teardown to 2024-03-07 00:00:00+00:00, run_after=2024-03-08 00:00:00+00:00
[2024-03-08T12:59:15.781+0530] {processor.py:183} INFO - Processing /Users/anikbhowmick/Python/Big_Data_Assignment/A02/airflow_env/lib/python3.11/site-packages/airflow/example_dags/example_setup_teardown.py took 0.066 seconds
[2024-03-08T13:02:18.714+0530] {processor.py:161} INFO - Started process (PID=13350) to work on /Users/anikbhowmick/Python/Big_Data_Assignment/A02/airflow_env/lib/python3.11/site-packages/airflow/example_dags/example_setup_teardown.py
[2024-03-08T13:02:18.714+0530] {processor.py:830} INFO - Processing file /Users/anikbhowmick/Python/Big_Data_Assignment/A02/airflow_env/lib/python3.11/site-packages/airflow/example_dags/example_setup_teardown.py for tasks to queue
[2024-03-08T13:02:18.715+0530] {logging_mixin.py:188} INFO - [2024-03-08T13:02:18.715+0530] {dagbag.py:540} INFO - Filling up the DagBag from /Users/anikbhowmick/Python/Big_Data_Assignment/A02/airflow_env/lib/python3.11/site-packages/airflow/example_dags/example_setup_teardown.py
[2024-03-08T13:02:18.740+0530] {processor.py:840} INFO - DAG(s) 'example_setup_teardown' retrieved from /Users/anikbhowmick/Python/Big_Data_Assignment/A02/airflow_env/lib/python3.11/site-packages/airflow/example_dags/example_setup_teardown.py
[2024-03-08T13:02:18.770+0530] {logging_mixin.py:188} INFO - [2024-03-08T13:02:18.770+0530] {dag.py:3047} INFO - Sync 1 DAGs
[2024-03-08T13:02:18.775+0530] {logging_mixin.py:188} INFO - [2024-03-08T13:02:18.775+0530] {dag.py:3834} INFO - Setting next_dagrun for example_setup_teardown to 2024-03-07 00:00:00+00:00, run_after=2024-03-08 00:00:00+00:00
[2024-03-08T13:02:18.782+0530] {processor.py:183} INFO - Processing /Users/anikbhowmick/Python/Big_Data_Assignment/A02/airflow_env/lib/python3.11/site-packages/airflow/example_dags/example_setup_teardown.py took 0.068 seconds
[2024-03-08T13:03:42.314+0530] {processor.py:161} INFO - Started process (PID=13421) to work on /Users/anikbhowmick/Python/Big_Data_Assignment/A02/airflow_env/lib/python3.11/site-packages/airflow/example_dags/example_setup_teardown.py
[2024-03-08T13:03:42.315+0530] {processor.py:830} INFO - Processing file /Users/anikbhowmick/Python/Big_Data_Assignment/A02/airflow_env/lib/python3.11/site-packages/airflow/example_dags/example_setup_teardown.py for tasks to queue
[2024-03-08T13:03:42.315+0530] {logging_mixin.py:188} INFO - [2024-03-08T13:03:42.315+0530] {dagbag.py:540} INFO - Filling up the DagBag from /Users/anikbhowmick/Python/Big_Data_Assignment/A02/airflow_env/lib/python3.11/site-packages/airflow/example_dags/example_setup_teardown.py
[2024-03-08T13:03:42.340+0530] {processor.py:840} INFO - DAG(s) 'example_setup_teardown' retrieved from /Users/anikbhowmick/Python/Big_Data_Assignment/A02/airflow_env/lib/python3.11/site-packages/airflow/example_dags/example_setup_teardown.py
[2024-03-08T13:03:42.369+0530] {logging_mixin.py:188} INFO - [2024-03-08T13:03:42.369+0530] {dag.py:3047} INFO - Sync 1 DAGs
[2024-03-08T13:03:42.374+0530] {logging_mixin.py:188} INFO - [2024-03-08T13:03:42.374+0530] {dag.py:3834} INFO - Setting next_dagrun for example_setup_teardown to 2024-03-07 00:00:00+00:00, run_after=2024-03-08 00:00:00+00:00
[2024-03-08T13:03:42.381+0530] {processor.py:183} INFO - Processing /Users/anikbhowmick/Python/Big_Data_Assignment/A02/airflow_env/lib/python3.11/site-packages/airflow/example_dags/example_setup_teardown.py took 0.067 seconds
[2024-03-08T13:05:37.687+0530] {processor.py:161} INFO - Started process (PID=13493) to work on /Users/anikbhowmick/Python/Big_Data_Assignment/A02/airflow_env/lib/python3.11/site-packages/airflow/example_dags/example_setup_teardown.py
[2024-03-08T13:05:37.688+0530] {processor.py:830} INFO - Processing file /Users/anikbhowmick/Python/Big_Data_Assignment/A02/airflow_env/lib/python3.11/site-packages/airflow/example_dags/example_setup_teardown.py for tasks to queue
[2024-03-08T13:05:37.689+0530] {logging_mixin.py:188} INFO - [2024-03-08T13:05:37.689+0530] {dagbag.py:540} INFO - Filling up the DagBag from /Users/anikbhowmick/Python/Big_Data_Assignment/A02/airflow_env/lib/python3.11/site-packages/airflow/example_dags/example_setup_teardown.py
[2024-03-08T13:05:37.714+0530] {processor.py:840} INFO - DAG(s) 'example_setup_teardown' retrieved from /Users/anikbhowmick/Python/Big_Data_Assignment/A02/airflow_env/lib/python3.11/site-packages/airflow/example_dags/example_setup_teardown.py
[2024-03-08T13:05:37.743+0530] {logging_mixin.py:188} INFO - [2024-03-08T13:05:37.743+0530] {dag.py:3047} INFO - Sync 1 DAGs
[2024-03-08T13:05:37.749+0530] {logging_mixin.py:188} INFO - [2024-03-08T13:05:37.749+0530] {dag.py:3834} INFO - Setting next_dagrun for example_setup_teardown to 2024-03-07 00:00:00+00:00, run_after=2024-03-08 00:00:00+00:00
[2024-03-08T13:05:37.755+0530] {processor.py:183} INFO - Processing /Users/anikbhowmick/Python/Big_Data_Assignment/A02/airflow_env/lib/python3.11/site-packages/airflow/example_dags/example_setup_teardown.py took 0.068 seconds
[2024-03-08T13:14:53.268+0530] {processor.py:161} INFO - Started process (PID=14243) to work on /Users/anikbhowmick/Python/Big_Data_Assignment/A02/airflow_env/lib/python3.11/site-packages/airflow/example_dags/example_setup_teardown.py
[2024-03-08T13:14:53.269+0530] {processor.py:830} INFO - Processing file /Users/anikbhowmick/Python/Big_Data_Assignment/A02/airflow_env/lib/python3.11/site-packages/airflow/example_dags/example_setup_teardown.py for tasks to queue
[2024-03-08T13:14:53.269+0530] {logging_mixin.py:188} INFO - [2024-03-08T13:14:53.269+0530] {dagbag.py:540} INFO - Filling up the DagBag from /Users/anikbhowmick/Python/Big_Data_Assignment/A02/airflow_env/lib/python3.11/site-packages/airflow/example_dags/example_setup_teardown.py
[2024-03-08T13:14:53.293+0530] {processor.py:840} INFO - DAG(s) 'example_setup_teardown' retrieved from /Users/anikbhowmick/Python/Big_Data_Assignment/A02/airflow_env/lib/python3.11/site-packages/airflow/example_dags/example_setup_teardown.py
[2024-03-08T13:14:53.322+0530] {logging_mixin.py:188} INFO - [2024-03-08T13:14:53.322+0530] {dag.py:3047} INFO - Sync 1 DAGs
[2024-03-08T13:14:53.328+0530] {logging_mixin.py:188} INFO - [2024-03-08T13:14:53.328+0530] {dag.py:3834} INFO - Setting next_dagrun for example_setup_teardown to 2024-03-07 00:00:00+00:00, run_after=2024-03-08 00:00:00+00:00
[2024-03-08T13:14:53.334+0530] {processor.py:183} INFO - Processing /Users/anikbhowmick/Python/Big_Data_Assignment/A02/airflow_env/lib/python3.11/site-packages/airflow/example_dags/example_setup_teardown.py took 0.066 seconds
[2024-03-08T13:16:17.413+0530] {processor.py:161} INFO - Started process (PID=14333) to work on /Users/anikbhowmick/Python/Big_Data_Assignment/A02/airflow_env/lib/python3.11/site-packages/airflow/example_dags/example_setup_teardown.py
[2024-03-08T13:16:17.414+0530] {processor.py:830} INFO - Processing file /Users/anikbhowmick/Python/Big_Data_Assignment/A02/airflow_env/lib/python3.11/site-packages/airflow/example_dags/example_setup_teardown.py for tasks to queue
[2024-03-08T13:16:17.414+0530] {logging_mixin.py:188} INFO - [2024-03-08T13:16:17.414+0530] {dagbag.py:540} INFO - Filling up the DagBag from /Users/anikbhowmick/Python/Big_Data_Assignment/A02/airflow_env/lib/python3.11/site-packages/airflow/example_dags/example_setup_teardown.py
[2024-03-08T13:16:17.442+0530] {processor.py:840} INFO - DAG(s) 'example_setup_teardown' retrieved from /Users/anikbhowmick/Python/Big_Data_Assignment/A02/airflow_env/lib/python3.11/site-packages/airflow/example_dags/example_setup_teardown.py
[2024-03-08T13:16:17.473+0530] {logging_mixin.py:188} INFO - [2024-03-08T13:16:17.473+0530] {dag.py:3047} INFO - Sync 1 DAGs
[2024-03-08T13:16:17.482+0530] {logging_mixin.py:188} INFO - [2024-03-08T13:16:17.482+0530] {dag.py:3834} INFO - Setting next_dagrun for example_setup_teardown to 2024-03-07 00:00:00+00:00, run_after=2024-03-08 00:00:00+00:00
[2024-03-08T13:16:17.489+0530] {processor.py:183} INFO - Processing /Users/anikbhowmick/Python/Big_Data_Assignment/A02/airflow_env/lib/python3.11/site-packages/airflow/example_dags/example_setup_teardown.py took 0.076 seconds
[2024-03-08T13:18:07.901+0530] {processor.py:161} INFO - Started process (PID=14424) to work on /Users/anikbhowmick/Python/Big_Data_Assignment/A02/airflow_env/lib/python3.11/site-packages/airflow/example_dags/example_setup_teardown.py
[2024-03-08T13:18:07.902+0530] {processor.py:830} INFO - Processing file /Users/anikbhowmick/Python/Big_Data_Assignment/A02/airflow_env/lib/python3.11/site-packages/airflow/example_dags/example_setup_teardown.py for tasks to queue
[2024-03-08T13:18:07.903+0530] {logging_mixin.py:188} INFO - [2024-03-08T13:18:07.903+0530] {dagbag.py:540} INFO - Filling up the DagBag from /Users/anikbhowmick/Python/Big_Data_Assignment/A02/airflow_env/lib/python3.11/site-packages/airflow/example_dags/example_setup_teardown.py
[2024-03-08T13:18:07.926+0530] {processor.py:840} INFO - DAG(s) 'example_setup_teardown' retrieved from /Users/anikbhowmick/Python/Big_Data_Assignment/A02/airflow_env/lib/python3.11/site-packages/airflow/example_dags/example_setup_teardown.py
[2024-03-08T13:18:07.955+0530] {logging_mixin.py:188} INFO - [2024-03-08T13:18:07.955+0530] {dag.py:3047} INFO - Sync 1 DAGs
[2024-03-08T13:18:07.961+0530] {logging_mixin.py:188} INFO - [2024-03-08T13:18:07.961+0530] {dag.py:3834} INFO - Setting next_dagrun for example_setup_teardown to 2024-03-07 00:00:00+00:00, run_after=2024-03-08 00:00:00+00:00
[2024-03-08T13:18:07.967+0530] {processor.py:183} INFO - Processing /Users/anikbhowmick/Python/Big_Data_Assignment/A02/airflow_env/lib/python3.11/site-packages/airflow/example_dags/example_setup_teardown.py took 0.066 seconds
[2024-03-08T13:19:57.855+0530] {processor.py:161} INFO - Started process (PID=14491) to work on /Users/anikbhowmick/Python/Big_Data_Assignment/A02/airflow_env/lib/python3.11/site-packages/airflow/example_dags/example_setup_teardown.py
[2024-03-08T13:19:57.856+0530] {processor.py:830} INFO - Processing file /Users/anikbhowmick/Python/Big_Data_Assignment/A02/airflow_env/lib/python3.11/site-packages/airflow/example_dags/example_setup_teardown.py for tasks to queue
[2024-03-08T13:19:57.856+0530] {logging_mixin.py:188} INFO - [2024-03-08T13:19:57.856+0530] {dagbag.py:540} INFO - Filling up the DagBag from /Users/anikbhowmick/Python/Big_Data_Assignment/A02/airflow_env/lib/python3.11/site-packages/airflow/example_dags/example_setup_teardown.py
[2024-03-08T13:19:57.880+0530] {processor.py:840} INFO - DAG(s) 'example_setup_teardown' retrieved from /Users/anikbhowmick/Python/Big_Data_Assignment/A02/airflow_env/lib/python3.11/site-packages/airflow/example_dags/example_setup_teardown.py
[2024-03-08T13:19:57.911+0530] {logging_mixin.py:188} INFO - [2024-03-08T13:19:57.911+0530] {dag.py:3047} INFO - Sync 1 DAGs
[2024-03-08T13:19:57.917+0530] {logging_mixin.py:188} INFO - [2024-03-08T13:19:57.917+0530] {dag.py:3834} INFO - Setting next_dagrun for example_setup_teardown to 2024-03-07 00:00:00+00:00, run_after=2024-03-08 00:00:00+00:00
[2024-03-08T13:19:57.926+0530] {processor.py:183} INFO - Processing /Users/anikbhowmick/Python/Big_Data_Assignment/A02/airflow_env/lib/python3.11/site-packages/airflow/example_dags/example_setup_teardown.py took 0.071 seconds
[2024-03-08T13:22:25.554+0530] {processor.py:161} INFO - Started process (PID=14656) to work on /Users/anikbhowmick/Python/Big_Data_Assignment/A02/airflow_env/lib/python3.11/site-packages/airflow/example_dags/example_setup_teardown.py
[2024-03-08T13:22:25.555+0530] {processor.py:830} INFO - Processing file /Users/anikbhowmick/Python/Big_Data_Assignment/A02/airflow_env/lib/python3.11/site-packages/airflow/example_dags/example_setup_teardown.py for tasks to queue
[2024-03-08T13:22:25.555+0530] {logging_mixin.py:188} INFO - [2024-03-08T13:22:25.555+0530] {dagbag.py:540} INFO - Filling up the DagBag from /Users/anikbhowmick/Python/Big_Data_Assignment/A02/airflow_env/lib/python3.11/site-packages/airflow/example_dags/example_setup_teardown.py
[2024-03-08T13:22:25.581+0530] {processor.py:840} INFO - DAG(s) 'example_setup_teardown' retrieved from /Users/anikbhowmick/Python/Big_Data_Assignment/A02/airflow_env/lib/python3.11/site-packages/airflow/example_dags/example_setup_teardown.py
[2024-03-08T13:22:25.611+0530] {logging_mixin.py:188} INFO - [2024-03-08T13:22:25.611+0530] {dag.py:3047} INFO - Sync 1 DAGs
[2024-03-08T13:22:25.617+0530] {logging_mixin.py:188} INFO - [2024-03-08T13:22:25.617+0530] {dag.py:3834} INFO - Setting next_dagrun for example_setup_teardown to 2024-03-07 00:00:00+00:00, run_after=2024-03-08 00:00:00+00:00
[2024-03-08T13:22:25.624+0530] {processor.py:183} INFO - Processing /Users/anikbhowmick/Python/Big_Data_Assignment/A02/airflow_env/lib/python3.11/site-packages/airflow/example_dags/example_setup_teardown.py took 0.070 seconds
[2024-03-08T13:33:37.973+0530] {processor.py:161} INFO - Started process (PID=15447) to work on /Users/anikbhowmick/Python/Big_Data_Assignment/A02/airflow_env/lib/python3.11/site-packages/airflow/example_dags/example_setup_teardown.py
[2024-03-08T13:33:37.974+0530] {processor.py:830} INFO - Processing file /Users/anikbhowmick/Python/Big_Data_Assignment/A02/airflow_env/lib/python3.11/site-packages/airflow/example_dags/example_setup_teardown.py for tasks to queue
[2024-03-08T13:33:37.974+0530] {logging_mixin.py:188} INFO - [2024-03-08T13:33:37.974+0530] {dagbag.py:540} INFO - Filling up the DagBag from /Users/anikbhowmick/Python/Big_Data_Assignment/A02/airflow_env/lib/python3.11/site-packages/airflow/example_dags/example_setup_teardown.py
[2024-03-08T13:33:37.999+0530] {processor.py:840} INFO - DAG(s) 'example_setup_teardown' retrieved from /Users/anikbhowmick/Python/Big_Data_Assignment/A02/airflow_env/lib/python3.11/site-packages/airflow/example_dags/example_setup_teardown.py
[2024-03-08T13:33:38.027+0530] {logging_mixin.py:188} INFO - [2024-03-08T13:33:38.027+0530] {dag.py:3047} INFO - Sync 1 DAGs
[2024-03-08T13:33:38.033+0530] {logging_mixin.py:188} INFO - [2024-03-08T13:33:38.033+0530] {dag.py:3834} INFO - Setting next_dagrun for example_setup_teardown to 2024-03-07 00:00:00+00:00, run_after=2024-03-08 00:00:00+00:00
[2024-03-08T13:33:38.039+0530] {processor.py:183} INFO - Processing /Users/anikbhowmick/Python/Big_Data_Assignment/A02/airflow_env/lib/python3.11/site-packages/airflow/example_dags/example_setup_teardown.py took 0.066 seconds
[2024-03-08T13:35:05.452+0530] {processor.py:161} INFO - Started process (PID=15522) to work on /Users/anikbhowmick/Python/Big_Data_Assignment/A02/airflow_env/lib/python3.11/site-packages/airflow/example_dags/example_setup_teardown.py
[2024-03-08T13:35:05.453+0530] {processor.py:830} INFO - Processing file /Users/anikbhowmick/Python/Big_Data_Assignment/A02/airflow_env/lib/python3.11/site-packages/airflow/example_dags/example_setup_teardown.py for tasks to queue
[2024-03-08T13:35:05.453+0530] {logging_mixin.py:188} INFO - [2024-03-08T13:35:05.453+0530] {dagbag.py:540} INFO - Filling up the DagBag from /Users/anikbhowmick/Python/Big_Data_Assignment/A02/airflow_env/lib/python3.11/site-packages/airflow/example_dags/example_setup_teardown.py
[2024-03-08T13:35:05.478+0530] {processor.py:840} INFO - DAG(s) 'example_setup_teardown' retrieved from /Users/anikbhowmick/Python/Big_Data_Assignment/A02/airflow_env/lib/python3.11/site-packages/airflow/example_dags/example_setup_teardown.py
[2024-03-08T13:35:05.507+0530] {logging_mixin.py:188} INFO - [2024-03-08T13:35:05.506+0530] {dag.py:3047} INFO - Sync 1 DAGs
[2024-03-08T13:35:05.512+0530] {logging_mixin.py:188} INFO - [2024-03-08T13:35:05.512+0530] {dag.py:3834} INFO - Setting next_dagrun for example_setup_teardown to 2024-03-07 00:00:00+00:00, run_after=2024-03-08 00:00:00+00:00
[2024-03-08T13:35:05.518+0530] {processor.py:183} INFO - Processing /Users/anikbhowmick/Python/Big_Data_Assignment/A02/airflow_env/lib/python3.11/site-packages/airflow/example_dags/example_setup_teardown.py took 0.067 seconds
[2024-03-08T13:36:54.186+0530] {processor.py:161} INFO - Started process (PID=15594) to work on /Users/anikbhowmick/Python/Big_Data_Assignment/A02/airflow_env/lib/python3.11/site-packages/airflow/example_dags/example_setup_teardown.py
[2024-03-08T13:36:54.188+0530] {processor.py:830} INFO - Processing file /Users/anikbhowmick/Python/Big_Data_Assignment/A02/airflow_env/lib/python3.11/site-packages/airflow/example_dags/example_setup_teardown.py for tasks to queue
[2024-03-08T13:36:54.188+0530] {logging_mixin.py:188} INFO - [2024-03-08T13:36:54.188+0530] {dagbag.py:540} INFO - Filling up the DagBag from /Users/anikbhowmick/Python/Big_Data_Assignment/A02/airflow_env/lib/python3.11/site-packages/airflow/example_dags/example_setup_teardown.py
[2024-03-08T13:36:54.212+0530] {processor.py:840} INFO - DAG(s) 'example_setup_teardown' retrieved from /Users/anikbhowmick/Python/Big_Data_Assignment/A02/airflow_env/lib/python3.11/site-packages/airflow/example_dags/example_setup_teardown.py
[2024-03-08T13:36:54.241+0530] {logging_mixin.py:188} INFO - [2024-03-08T13:36:54.241+0530] {dag.py:3047} INFO - Sync 1 DAGs
[2024-03-08T13:36:54.246+0530] {logging_mixin.py:188} INFO - [2024-03-08T13:36:54.246+0530] {dag.py:3834} INFO - Setting next_dagrun for example_setup_teardown to 2024-03-07 00:00:00+00:00, run_after=2024-03-08 00:00:00+00:00
[2024-03-08T13:36:54.252+0530] {processor.py:183} INFO - Processing /Users/anikbhowmick/Python/Big_Data_Assignment/A02/airflow_env/lib/python3.11/site-packages/airflow/example_dags/example_setup_teardown.py took 0.066 seconds
[2024-03-08T14:24:04.056+0530] {processor.py:161} INFO - Started process (PID=16683) to work on /Users/anikbhowmick/Python/Big_Data_Assignment/A02/airflow_env/lib/python3.11/site-packages/airflow/example_dags/example_setup_teardown.py
[2024-03-08T14:24:04.057+0530] {processor.py:830} INFO - Processing file /Users/anikbhowmick/Python/Big_Data_Assignment/A02/airflow_env/lib/python3.11/site-packages/airflow/example_dags/example_setup_teardown.py for tasks to queue
[2024-03-08T14:24:04.057+0530] {logging_mixin.py:188} INFO - [2024-03-08T14:24:04.057+0530] {dagbag.py:540} INFO - Filling up the DagBag from /Users/anikbhowmick/Python/Big_Data_Assignment/A02/airflow_env/lib/python3.11/site-packages/airflow/example_dags/example_setup_teardown.py
[2024-03-08T14:24:04.080+0530] {processor.py:840} INFO - DAG(s) 'example_setup_teardown' retrieved from /Users/anikbhowmick/Python/Big_Data_Assignment/A02/airflow_env/lib/python3.11/site-packages/airflow/example_dags/example_setup_teardown.py
[2024-03-08T14:24:04.109+0530] {logging_mixin.py:188} INFO - [2024-03-08T14:24:04.109+0530] {dag.py:3047} INFO - Sync 1 DAGs
[2024-03-08T14:24:04.115+0530] {logging_mixin.py:188} INFO - [2024-03-08T14:24:04.115+0530] {dag.py:3834} INFO - Setting next_dagrun for example_setup_teardown to 2024-03-07 00:00:00+00:00, run_after=2024-03-08 00:00:00+00:00
[2024-03-08T14:24:04.121+0530] {processor.py:183} INFO - Processing /Users/anikbhowmick/Python/Big_Data_Assignment/A02/airflow_env/lib/python3.11/site-packages/airflow/example_dags/example_setup_teardown.py took 0.065 seconds
[2024-03-08T14:28:21.811+0530] {processor.py:161} INFO - Started process (PID=16974) to work on /Users/anikbhowmick/Python/Big_Data_Assignment/A02/airflow_env/lib/python3.11/site-packages/airflow/example_dags/example_setup_teardown.py
[2024-03-08T14:28:21.812+0530] {processor.py:830} INFO - Processing file /Users/anikbhowmick/Python/Big_Data_Assignment/A02/airflow_env/lib/python3.11/site-packages/airflow/example_dags/example_setup_teardown.py for tasks to queue
[2024-03-08T14:28:21.812+0530] {logging_mixin.py:188} INFO - [2024-03-08T14:28:21.812+0530] {dagbag.py:540} INFO - Filling up the DagBag from /Users/anikbhowmick/Python/Big_Data_Assignment/A02/airflow_env/lib/python3.11/site-packages/airflow/example_dags/example_setup_teardown.py
[2024-03-08T14:28:21.836+0530] {processor.py:840} INFO - DAG(s) 'example_setup_teardown' retrieved from /Users/anikbhowmick/Python/Big_Data_Assignment/A02/airflow_env/lib/python3.11/site-packages/airflow/example_dags/example_setup_teardown.py
[2024-03-08T14:28:21.864+0530] {logging_mixin.py:188} INFO - [2024-03-08T14:28:21.864+0530] {dag.py:3047} INFO - Sync 1 DAGs
[2024-03-08T14:28:21.870+0530] {logging_mixin.py:188} INFO - [2024-03-08T14:28:21.870+0530] {dag.py:3834} INFO - Setting next_dagrun for example_setup_teardown to 2024-03-07 00:00:00+00:00, run_after=2024-03-08 00:00:00+00:00
[2024-03-08T14:28:21.876+0530] {processor.py:183} INFO - Processing /Users/anikbhowmick/Python/Big_Data_Assignment/A02/airflow_env/lib/python3.11/site-packages/airflow/example_dags/example_setup_teardown.py took 0.065 seconds
[2024-03-08T14:29:46.986+0530] {processor.py:161} INFO - Started process (PID=17033) to work on /Users/anikbhowmick/Python/Big_Data_Assignment/A02/airflow_env/lib/python3.11/site-packages/airflow/example_dags/example_setup_teardown.py
[2024-03-08T14:29:46.987+0530] {processor.py:830} INFO - Processing file /Users/anikbhowmick/Python/Big_Data_Assignment/A02/airflow_env/lib/python3.11/site-packages/airflow/example_dags/example_setup_teardown.py for tasks to queue
[2024-03-08T14:29:46.987+0530] {logging_mixin.py:188} INFO - [2024-03-08T14:29:46.987+0530] {dagbag.py:540} INFO - Filling up the DagBag from /Users/anikbhowmick/Python/Big_Data_Assignment/A02/airflow_env/lib/python3.11/site-packages/airflow/example_dags/example_setup_teardown.py
[2024-03-08T14:29:47.011+0530] {processor.py:840} INFO - DAG(s) 'example_setup_teardown' retrieved from /Users/anikbhowmick/Python/Big_Data_Assignment/A02/airflow_env/lib/python3.11/site-packages/airflow/example_dags/example_setup_teardown.py
[2024-03-08T14:29:47.040+0530] {logging_mixin.py:188} INFO - [2024-03-08T14:29:47.040+0530] {dag.py:3047} INFO - Sync 1 DAGs
[2024-03-08T14:29:47.045+0530] {logging_mixin.py:188} INFO - [2024-03-08T14:29:47.045+0530] {dag.py:3834} INFO - Setting next_dagrun for example_setup_teardown to 2024-03-07 00:00:00+00:00, run_after=2024-03-08 00:00:00+00:00
[2024-03-08T14:29:47.051+0530] {processor.py:183} INFO - Processing /Users/anikbhowmick/Python/Big_Data_Assignment/A02/airflow_env/lib/python3.11/site-packages/airflow/example_dags/example_setup_teardown.py took 0.065 seconds
[2024-03-08T14:33:51.249+0530] {processor.py:161} INFO - Started process (PID=17291) to work on /Users/anikbhowmick/Python/Big_Data_Assignment/A02/airflow_env/lib/python3.11/site-packages/airflow/example_dags/example_setup_teardown.py
[2024-03-08T14:33:51.250+0530] {processor.py:830} INFO - Processing file /Users/anikbhowmick/Python/Big_Data_Assignment/A02/airflow_env/lib/python3.11/site-packages/airflow/example_dags/example_setup_teardown.py for tasks to queue
[2024-03-08T14:33:51.251+0530] {logging_mixin.py:188} INFO - [2024-03-08T14:33:51.251+0530] {dagbag.py:540} INFO - Filling up the DagBag from /Users/anikbhowmick/Python/Big_Data_Assignment/A02/airflow_env/lib/python3.11/site-packages/airflow/example_dags/example_setup_teardown.py
[2024-03-08T14:33:51.274+0530] {processor.py:840} INFO - DAG(s) 'example_setup_teardown' retrieved from /Users/anikbhowmick/Python/Big_Data_Assignment/A02/airflow_env/lib/python3.11/site-packages/airflow/example_dags/example_setup_teardown.py
[2024-03-08T14:33:51.303+0530] {logging_mixin.py:188} INFO - [2024-03-08T14:33:51.303+0530] {dag.py:3047} INFO - Sync 1 DAGs
[2024-03-08T14:33:51.308+0530] {logging_mixin.py:188} INFO - [2024-03-08T14:33:51.308+0530] {dag.py:3834} INFO - Setting next_dagrun for example_setup_teardown to 2024-03-07 00:00:00+00:00, run_after=2024-03-08 00:00:00+00:00
[2024-03-08T14:33:51.314+0530] {processor.py:183} INFO - Processing /Users/anikbhowmick/Python/Big_Data_Assignment/A02/airflow_env/lib/python3.11/site-packages/airflow/example_dags/example_setup_teardown.py took 0.066 seconds
[2024-03-08T14:35:16.724+0530] {processor.py:161} INFO - Started process (PID=17365) to work on /Users/anikbhowmick/Python/Big_Data_Assignment/A02/airflow_env/lib/python3.11/site-packages/airflow/example_dags/example_setup_teardown.py
[2024-03-08T14:35:16.725+0530] {processor.py:830} INFO - Processing file /Users/anikbhowmick/Python/Big_Data_Assignment/A02/airflow_env/lib/python3.11/site-packages/airflow/example_dags/example_setup_teardown.py for tasks to queue
[2024-03-08T14:35:16.725+0530] {logging_mixin.py:188} INFO - [2024-03-08T14:35:16.725+0530] {dagbag.py:540} INFO - Filling up the DagBag from /Users/anikbhowmick/Python/Big_Data_Assignment/A02/airflow_env/lib/python3.11/site-packages/airflow/example_dags/example_setup_teardown.py
[2024-03-08T14:35:16.749+0530] {processor.py:840} INFO - DAG(s) 'example_setup_teardown' retrieved from /Users/anikbhowmick/Python/Big_Data_Assignment/A02/airflow_env/lib/python3.11/site-packages/airflow/example_dags/example_setup_teardown.py
[2024-03-08T14:35:16.778+0530] {logging_mixin.py:188} INFO - [2024-03-08T14:35:16.778+0530] {dag.py:3047} INFO - Sync 1 DAGs
[2024-03-08T14:35:16.783+0530] {logging_mixin.py:188} INFO - [2024-03-08T14:35:16.783+0530] {dag.py:3834} INFO - Setting next_dagrun for example_setup_teardown to 2024-03-07 00:00:00+00:00, run_after=2024-03-08 00:00:00+00:00
[2024-03-08T14:35:16.789+0530] {processor.py:183} INFO - Processing /Users/anikbhowmick/Python/Big_Data_Assignment/A02/airflow_env/lib/python3.11/site-packages/airflow/example_dags/example_setup_teardown.py took 0.066 seconds
[2024-03-08T14:37:06.548+0530] {processor.py:161} INFO - Started process (PID=17433) to work on /Users/anikbhowmick/Python/Big_Data_Assignment/A02/airflow_env/lib/python3.11/site-packages/airflow/example_dags/example_setup_teardown.py
[2024-03-08T14:37:06.548+0530] {processor.py:830} INFO - Processing file /Users/anikbhowmick/Python/Big_Data_Assignment/A02/airflow_env/lib/python3.11/site-packages/airflow/example_dags/example_setup_teardown.py for tasks to queue
[2024-03-08T14:37:06.548+0530] {logging_mixin.py:188} INFO - [2024-03-08T14:37:06.548+0530] {dagbag.py:540} INFO - Filling up the DagBag from /Users/anikbhowmick/Python/Big_Data_Assignment/A02/airflow_env/lib/python3.11/site-packages/airflow/example_dags/example_setup_teardown.py
[2024-03-08T14:37:06.572+0530] {processor.py:840} INFO - DAG(s) 'example_setup_teardown' retrieved from /Users/anikbhowmick/Python/Big_Data_Assignment/A02/airflow_env/lib/python3.11/site-packages/airflow/example_dags/example_setup_teardown.py
[2024-03-08T14:37:06.601+0530] {logging_mixin.py:188} INFO - [2024-03-08T14:37:06.601+0530] {dag.py:3047} INFO - Sync 1 DAGs
[2024-03-08T14:37:06.607+0530] {logging_mixin.py:188} INFO - [2024-03-08T14:37:06.606+0530] {dag.py:3834} INFO - Setting next_dagrun for example_setup_teardown to 2024-03-07 00:00:00+00:00, run_after=2024-03-08 00:00:00+00:00
[2024-03-08T14:37:06.613+0530] {processor.py:183} INFO - Processing /Users/anikbhowmick/Python/Big_Data_Assignment/A02/airflow_env/lib/python3.11/site-packages/airflow/example_dags/example_setup_teardown.py took 0.065 seconds
[2024-03-08T14:38:52.533+0530] {processor.py:161} INFO - Started process (PID=17505) to work on /Users/anikbhowmick/Python/Big_Data_Assignment/A02/airflow_env/lib/python3.11/site-packages/airflow/example_dags/example_setup_teardown.py
[2024-03-08T14:38:52.534+0530] {processor.py:830} INFO - Processing file /Users/anikbhowmick/Python/Big_Data_Assignment/A02/airflow_env/lib/python3.11/site-packages/airflow/example_dags/example_setup_teardown.py for tasks to queue
[2024-03-08T14:38:52.534+0530] {logging_mixin.py:188} INFO - [2024-03-08T14:38:52.534+0530] {dagbag.py:540} INFO - Filling up the DagBag from /Users/anikbhowmick/Python/Big_Data_Assignment/A02/airflow_env/lib/python3.11/site-packages/airflow/example_dags/example_setup_teardown.py
[2024-03-08T14:38:52.558+0530] {processor.py:840} INFO - DAG(s) 'example_setup_teardown' retrieved from /Users/anikbhowmick/Python/Big_Data_Assignment/A02/airflow_env/lib/python3.11/site-packages/airflow/example_dags/example_setup_teardown.py
[2024-03-08T14:38:52.587+0530] {logging_mixin.py:188} INFO - [2024-03-08T14:38:52.587+0530] {dag.py:3047} INFO - Sync 1 DAGs
[2024-03-08T14:38:52.593+0530] {logging_mixin.py:188} INFO - [2024-03-08T14:38:52.593+0530] {dag.py:3834} INFO - Setting next_dagrun for example_setup_teardown to 2024-03-07 00:00:00+00:00, run_after=2024-03-08 00:00:00+00:00
[2024-03-08T14:38:52.599+0530] {processor.py:183} INFO - Processing /Users/anikbhowmick/Python/Big_Data_Assignment/A02/airflow_env/lib/python3.11/site-packages/airflow/example_dags/example_setup_teardown.py took 0.066 seconds
[2024-03-08T14:40:42.024+0530] {processor.py:161} INFO - Started process (PID=17572) to work on /Users/anikbhowmick/Python/Big_Data_Assignment/A02/airflow_env/lib/python3.11/site-packages/airflow/example_dags/example_setup_teardown.py
[2024-03-08T14:40:42.025+0530] {processor.py:830} INFO - Processing file /Users/anikbhowmick/Python/Big_Data_Assignment/A02/airflow_env/lib/python3.11/site-packages/airflow/example_dags/example_setup_teardown.py for tasks to queue
[2024-03-08T14:40:42.025+0530] {logging_mixin.py:188} INFO - [2024-03-08T14:40:42.025+0530] {dagbag.py:540} INFO - Filling up the DagBag from /Users/anikbhowmick/Python/Big_Data_Assignment/A02/airflow_env/lib/python3.11/site-packages/airflow/example_dags/example_setup_teardown.py
[2024-03-08T14:40:42.052+0530] {processor.py:840} INFO - DAG(s) 'example_setup_teardown' retrieved from /Users/anikbhowmick/Python/Big_Data_Assignment/A02/airflow_env/lib/python3.11/site-packages/airflow/example_dags/example_setup_teardown.py
[2024-03-08T14:40:42.081+0530] {logging_mixin.py:188} INFO - [2024-03-08T14:40:42.081+0530] {dag.py:3047} INFO - Sync 1 DAGs
[2024-03-08T14:40:42.087+0530] {logging_mixin.py:188} INFO - [2024-03-08T14:40:42.086+0530] {dag.py:3834} INFO - Setting next_dagrun for example_setup_teardown to 2024-03-07 00:00:00+00:00, run_after=2024-03-08 00:00:00+00:00
[2024-03-08T14:40:42.092+0530] {processor.py:183} INFO - Processing /Users/anikbhowmick/Python/Big_Data_Assignment/A02/airflow_env/lib/python3.11/site-packages/airflow/example_dags/example_setup_teardown.py took 0.069 seconds
[2024-03-08T14:42:24.400+0530] {processor.py:161} INFO - Started process (PID=17639) to work on /Users/anikbhowmick/Python/Big_Data_Assignment/A02/airflow_env/lib/python3.11/site-packages/airflow/example_dags/example_setup_teardown.py
[2024-03-08T14:42:24.400+0530] {processor.py:830} INFO - Processing file /Users/anikbhowmick/Python/Big_Data_Assignment/A02/airflow_env/lib/python3.11/site-packages/airflow/example_dags/example_setup_teardown.py for tasks to queue
[2024-03-08T14:42:24.401+0530] {logging_mixin.py:188} INFO - [2024-03-08T14:42:24.401+0530] {dagbag.py:540} INFO - Filling up the DagBag from /Users/anikbhowmick/Python/Big_Data_Assignment/A02/airflow_env/lib/python3.11/site-packages/airflow/example_dags/example_setup_teardown.py
[2024-03-08T14:42:24.424+0530] {processor.py:840} INFO - DAG(s) 'example_setup_teardown' retrieved from /Users/anikbhowmick/Python/Big_Data_Assignment/A02/airflow_env/lib/python3.11/site-packages/airflow/example_dags/example_setup_teardown.py
[2024-03-08T14:42:24.453+0530] {logging_mixin.py:188} INFO - [2024-03-08T14:42:24.452+0530] {dag.py:3047} INFO - Sync 1 DAGs
[2024-03-08T14:42:24.458+0530] {logging_mixin.py:188} INFO - [2024-03-08T14:42:24.458+0530] {dag.py:3834} INFO - Setting next_dagrun for example_setup_teardown to 2024-03-07 00:00:00+00:00, run_after=2024-03-08 00:00:00+00:00
[2024-03-08T14:42:24.464+0530] {processor.py:183} INFO - Processing /Users/anikbhowmick/Python/Big_Data_Assignment/A02/airflow_env/lib/python3.11/site-packages/airflow/example_dags/example_setup_teardown.py took 0.064 seconds
[2024-03-08T14:53:02.320+0530] {processor.py:161} INFO - Started process (PID=17971) to work on /Users/anikbhowmick/Python/Big_Data_Assignment/A02/airflow_env/lib/python3.11/site-packages/airflow/example_dags/example_setup_teardown.py
[2024-03-08T14:53:02.321+0530] {processor.py:830} INFO - Processing file /Users/anikbhowmick/Python/Big_Data_Assignment/A02/airflow_env/lib/python3.11/site-packages/airflow/example_dags/example_setup_teardown.py for tasks to queue
[2024-03-08T14:53:02.321+0530] {logging_mixin.py:188} INFO - [2024-03-08T14:53:02.321+0530] {dagbag.py:540} INFO - Filling up the DagBag from /Users/anikbhowmick/Python/Big_Data_Assignment/A02/airflow_env/lib/python3.11/site-packages/airflow/example_dags/example_setup_teardown.py
[2024-03-08T14:53:02.345+0530] {processor.py:840} INFO - DAG(s) 'example_setup_teardown' retrieved from /Users/anikbhowmick/Python/Big_Data_Assignment/A02/airflow_env/lib/python3.11/site-packages/airflow/example_dags/example_setup_teardown.py
[2024-03-08T14:53:02.374+0530] {logging_mixin.py:188} INFO - [2024-03-08T14:53:02.374+0530] {dag.py:3047} INFO - Sync 1 DAGs
[2024-03-08T14:53:02.379+0530] {logging_mixin.py:188} INFO - [2024-03-08T14:53:02.379+0530] {dag.py:3834} INFO - Setting next_dagrun for example_setup_teardown to 2024-03-07 00:00:00+00:00, run_after=2024-03-08 00:00:00+00:00
[2024-03-08T14:53:02.385+0530] {processor.py:183} INFO - Processing /Users/anikbhowmick/Python/Big_Data_Assignment/A02/airflow_env/lib/python3.11/site-packages/airflow/example_dags/example_setup_teardown.py took 0.066 seconds
[2024-03-08T14:54:25.624+0530] {processor.py:161} INFO - Started process (PID=18133) to work on /Users/anikbhowmick/Python/Big_Data_Assignment/A02/airflow_env/lib/python3.11/site-packages/airflow/example_dags/example_setup_teardown.py
[2024-03-08T14:54:25.625+0530] {processor.py:830} INFO - Processing file /Users/anikbhowmick/Python/Big_Data_Assignment/A02/airflow_env/lib/python3.11/site-packages/airflow/example_dags/example_setup_teardown.py for tasks to queue
[2024-03-08T14:54:25.625+0530] {logging_mixin.py:188} INFO - [2024-03-08T14:54:25.625+0530] {dagbag.py:540} INFO - Filling up the DagBag from /Users/anikbhowmick/Python/Big_Data_Assignment/A02/airflow_env/lib/python3.11/site-packages/airflow/example_dags/example_setup_teardown.py
[2024-03-08T14:54:25.649+0530] {processor.py:840} INFO - DAG(s) 'example_setup_teardown' retrieved from /Users/anikbhowmick/Python/Big_Data_Assignment/A02/airflow_env/lib/python3.11/site-packages/airflow/example_dags/example_setup_teardown.py
[2024-03-08T14:54:25.678+0530] {logging_mixin.py:188} INFO - [2024-03-08T14:54:25.678+0530] {dag.py:3047} INFO - Sync 1 DAGs
[2024-03-08T14:54:25.684+0530] {logging_mixin.py:188} INFO - [2024-03-08T14:54:25.684+0530] {dag.py:3834} INFO - Setting next_dagrun for example_setup_teardown to 2024-03-07 00:00:00+00:00, run_after=2024-03-08 00:00:00+00:00
[2024-03-08T14:54:25.690+0530] {processor.py:183} INFO - Processing /Users/anikbhowmick/Python/Big_Data_Assignment/A02/airflow_env/lib/python3.11/site-packages/airflow/example_dags/example_setup_teardown.py took 0.066 seconds
[2024-03-08T14:56:11.414+0530] {processor.py:161} INFO - Started process (PID=18226) to work on /Users/anikbhowmick/Python/Big_Data_Assignment/A02/airflow_env/lib/python3.11/site-packages/airflow/example_dags/example_setup_teardown.py
[2024-03-08T14:56:11.414+0530] {processor.py:830} INFO - Processing file /Users/anikbhowmick/Python/Big_Data_Assignment/A02/airflow_env/lib/python3.11/site-packages/airflow/example_dags/example_setup_teardown.py for tasks to queue
[2024-03-08T14:56:11.415+0530] {logging_mixin.py:188} INFO - [2024-03-08T14:56:11.415+0530] {dagbag.py:540} INFO - Filling up the DagBag from /Users/anikbhowmick/Python/Big_Data_Assignment/A02/airflow_env/lib/python3.11/site-packages/airflow/example_dags/example_setup_teardown.py
[2024-03-08T14:56:11.440+0530] {processor.py:840} INFO - DAG(s) 'example_setup_teardown' retrieved from /Users/anikbhowmick/Python/Big_Data_Assignment/A02/airflow_env/lib/python3.11/site-packages/airflow/example_dags/example_setup_teardown.py
[2024-03-08T14:56:11.470+0530] {logging_mixin.py:188} INFO - [2024-03-08T14:56:11.470+0530] {dag.py:3047} INFO - Sync 1 DAGs
[2024-03-08T14:56:11.476+0530] {logging_mixin.py:188} INFO - [2024-03-08T14:56:11.476+0530] {dag.py:3834} INFO - Setting next_dagrun for example_setup_teardown to 2024-03-07 00:00:00+00:00, run_after=2024-03-08 00:00:00+00:00
[2024-03-08T14:56:11.482+0530] {processor.py:183} INFO - Processing /Users/anikbhowmick/Python/Big_Data_Assignment/A02/airflow_env/lib/python3.11/site-packages/airflow/example_dags/example_setup_teardown.py took 0.068 seconds
[2024-03-08T14:58:00.891+0530] {processor.py:161} INFO - Started process (PID=18291) to work on /Users/anikbhowmick/Python/Big_Data_Assignment/A02/airflow_env/lib/python3.11/site-packages/airflow/example_dags/example_setup_teardown.py
[2024-03-08T14:58:00.892+0530] {processor.py:830} INFO - Processing file /Users/anikbhowmick/Python/Big_Data_Assignment/A02/airflow_env/lib/python3.11/site-packages/airflow/example_dags/example_setup_teardown.py for tasks to queue
[2024-03-08T14:58:00.893+0530] {logging_mixin.py:188} INFO - [2024-03-08T14:58:00.893+0530] {dagbag.py:540} INFO - Filling up the DagBag from /Users/anikbhowmick/Python/Big_Data_Assignment/A02/airflow_env/lib/python3.11/site-packages/airflow/example_dags/example_setup_teardown.py
[2024-03-08T14:58:00.916+0530] {processor.py:840} INFO - DAG(s) 'example_setup_teardown' retrieved from /Users/anikbhowmick/Python/Big_Data_Assignment/A02/airflow_env/lib/python3.11/site-packages/airflow/example_dags/example_setup_teardown.py
[2024-03-08T14:58:00.945+0530] {logging_mixin.py:188} INFO - [2024-03-08T14:58:00.945+0530] {dag.py:3047} INFO - Sync 1 DAGs
[2024-03-08T14:58:00.951+0530] {logging_mixin.py:188} INFO - [2024-03-08T14:58:00.951+0530] {dag.py:3834} INFO - Setting next_dagrun for example_setup_teardown to 2024-03-07 00:00:00+00:00, run_after=2024-03-08 00:00:00+00:00
[2024-03-08T14:58:00.957+0530] {processor.py:183} INFO - Processing /Users/anikbhowmick/Python/Big_Data_Assignment/A02/airflow_env/lib/python3.11/site-packages/airflow/example_dags/example_setup_teardown.py took 0.066 seconds
[2024-03-08T14:59:53.338+0530] {processor.py:161} INFO - Started process (PID=18365) to work on /Users/anikbhowmick/Python/Big_Data_Assignment/A02/airflow_env/lib/python3.11/site-packages/airflow/example_dags/example_setup_teardown.py
[2024-03-08T14:59:53.339+0530] {processor.py:830} INFO - Processing file /Users/anikbhowmick/Python/Big_Data_Assignment/A02/airflow_env/lib/python3.11/site-packages/airflow/example_dags/example_setup_teardown.py for tasks to queue
[2024-03-08T14:59:53.340+0530] {logging_mixin.py:188} INFO - [2024-03-08T14:59:53.340+0530] {dagbag.py:540} INFO - Filling up the DagBag from /Users/anikbhowmick/Python/Big_Data_Assignment/A02/airflow_env/lib/python3.11/site-packages/airflow/example_dags/example_setup_teardown.py
[2024-03-08T14:59:53.364+0530] {processor.py:840} INFO - DAG(s) 'example_setup_teardown' retrieved from /Users/anikbhowmick/Python/Big_Data_Assignment/A02/airflow_env/lib/python3.11/site-packages/airflow/example_dags/example_setup_teardown.py
[2024-03-08T14:59:53.393+0530] {logging_mixin.py:188} INFO - [2024-03-08T14:59:53.393+0530] {dag.py:3047} INFO - Sync 1 DAGs
[2024-03-08T14:59:53.398+0530] {logging_mixin.py:188} INFO - [2024-03-08T14:59:53.398+0530] {dag.py:3834} INFO - Setting next_dagrun for example_setup_teardown to 2024-03-07 00:00:00+00:00, run_after=2024-03-08 00:00:00+00:00
[2024-03-08T14:59:53.404+0530] {processor.py:183} INFO - Processing /Users/anikbhowmick/Python/Big_Data_Assignment/A02/airflow_env/lib/python3.11/site-packages/airflow/example_dags/example_setup_teardown.py took 0.066 seconds
[2024-03-08T15:01:50.023+0530] {processor.py:161} INFO - Started process (PID=18440) to work on /Users/anikbhowmick/Python/Big_Data_Assignment/A02/airflow_env/lib/python3.11/site-packages/airflow/example_dags/example_setup_teardown.py
[2024-03-08T15:01:50.023+0530] {processor.py:830} INFO - Processing file /Users/anikbhowmick/Python/Big_Data_Assignment/A02/airflow_env/lib/python3.11/site-packages/airflow/example_dags/example_setup_teardown.py for tasks to queue
[2024-03-08T15:01:50.024+0530] {logging_mixin.py:188} INFO - [2024-03-08T15:01:50.024+0530] {dagbag.py:540} INFO - Filling up the DagBag from /Users/anikbhowmick/Python/Big_Data_Assignment/A02/airflow_env/lib/python3.11/site-packages/airflow/example_dags/example_setup_teardown.py
[2024-03-08T15:01:50.048+0530] {processor.py:840} INFO - DAG(s) 'example_setup_teardown' retrieved from /Users/anikbhowmick/Python/Big_Data_Assignment/A02/airflow_env/lib/python3.11/site-packages/airflow/example_dags/example_setup_teardown.py
[2024-03-08T15:01:50.077+0530] {logging_mixin.py:188} INFO - [2024-03-08T15:01:50.077+0530] {dag.py:3047} INFO - Sync 1 DAGs
[2024-03-08T15:01:50.082+0530] {logging_mixin.py:188} INFO - [2024-03-08T15:01:50.082+0530] {dag.py:3834} INFO - Setting next_dagrun for example_setup_teardown to 2024-03-07 00:00:00+00:00, run_after=2024-03-08 00:00:00+00:00
[2024-03-08T15:01:50.088+0530] {processor.py:183} INFO - Processing /Users/anikbhowmick/Python/Big_Data_Assignment/A02/airflow_env/lib/python3.11/site-packages/airflow/example_dags/example_setup_teardown.py took 0.065 seconds
[2024-03-08T15:03:35.233+0530] {processor.py:161} INFO - Started process (PID=18514) to work on /Users/anikbhowmick/Python/Big_Data_Assignment/A02/airflow_env/lib/python3.11/site-packages/airflow/example_dags/example_setup_teardown.py
[2024-03-08T15:03:35.234+0530] {processor.py:830} INFO - Processing file /Users/anikbhowmick/Python/Big_Data_Assignment/A02/airflow_env/lib/python3.11/site-packages/airflow/example_dags/example_setup_teardown.py for tasks to queue
[2024-03-08T15:03:35.234+0530] {logging_mixin.py:188} INFO - [2024-03-08T15:03:35.234+0530] {dagbag.py:540} INFO - Filling up the DagBag from /Users/anikbhowmick/Python/Big_Data_Assignment/A02/airflow_env/lib/python3.11/site-packages/airflow/example_dags/example_setup_teardown.py
[2024-03-08T15:03:35.263+0530] {processor.py:840} INFO - DAG(s) 'example_setup_teardown' retrieved from /Users/anikbhowmick/Python/Big_Data_Assignment/A02/airflow_env/lib/python3.11/site-packages/airflow/example_dags/example_setup_teardown.py
[2024-03-08T15:03:35.294+0530] {logging_mixin.py:188} INFO - [2024-03-08T15:03:35.294+0530] {dag.py:3047} INFO - Sync 1 DAGs
[2024-03-08T15:03:35.300+0530] {logging_mixin.py:188} INFO - [2024-03-08T15:03:35.300+0530] {dag.py:3834} INFO - Setting next_dagrun for example_setup_teardown to 2024-03-07 00:00:00+00:00, run_after=2024-03-08 00:00:00+00:00
[2024-03-08T15:03:35.306+0530] {processor.py:183} INFO - Processing /Users/anikbhowmick/Python/Big_Data_Assignment/A02/airflow_env/lib/python3.11/site-packages/airflow/example_dags/example_setup_teardown.py took 0.073 seconds
[2024-03-08T15:05:22.532+0530] {processor.py:161} INFO - Started process (PID=18583) to work on /Users/anikbhowmick/Python/Big_Data_Assignment/A02/airflow_env/lib/python3.11/site-packages/airflow/example_dags/example_setup_teardown.py
[2024-03-08T15:05:22.533+0530] {processor.py:830} INFO - Processing file /Users/anikbhowmick/Python/Big_Data_Assignment/A02/airflow_env/lib/python3.11/site-packages/airflow/example_dags/example_setup_teardown.py for tasks to queue
[2024-03-08T15:05:22.534+0530] {logging_mixin.py:188} INFO - [2024-03-08T15:05:22.534+0530] {dagbag.py:540} INFO - Filling up the DagBag from /Users/anikbhowmick/Python/Big_Data_Assignment/A02/airflow_env/lib/python3.11/site-packages/airflow/example_dags/example_setup_teardown.py
[2024-03-08T15:05:22.559+0530] {processor.py:840} INFO - DAG(s) 'example_setup_teardown' retrieved from /Users/anikbhowmick/Python/Big_Data_Assignment/A02/airflow_env/lib/python3.11/site-packages/airflow/example_dags/example_setup_teardown.py
[2024-03-08T15:05:22.588+0530] {logging_mixin.py:188} INFO - [2024-03-08T15:05:22.588+0530] {dag.py:3047} INFO - Sync 1 DAGs
[2024-03-08T15:05:22.593+0530] {logging_mixin.py:188} INFO - [2024-03-08T15:05:22.593+0530] {dag.py:3834} INFO - Setting next_dagrun for example_setup_teardown to 2024-03-07 00:00:00+00:00, run_after=2024-03-08 00:00:00+00:00
[2024-03-08T15:05:22.599+0530] {processor.py:183} INFO - Processing /Users/anikbhowmick/Python/Big_Data_Assignment/A02/airflow_env/lib/python3.11/site-packages/airflow/example_dags/example_setup_teardown.py took 0.067 seconds
[2024-03-08T15:10:23.751+0530] {processor.py:161} INFO - Started process (PID=18906) to work on /Users/anikbhowmick/Python/Big_Data_Assignment/A02/airflow_env/lib/python3.11/site-packages/airflow/example_dags/example_setup_teardown.py
[2024-03-08T15:10:23.752+0530] {processor.py:830} INFO - Processing file /Users/anikbhowmick/Python/Big_Data_Assignment/A02/airflow_env/lib/python3.11/site-packages/airflow/example_dags/example_setup_teardown.py for tasks to queue
[2024-03-08T15:10:23.752+0530] {logging_mixin.py:188} INFO - [2024-03-08T15:10:23.752+0530] {dagbag.py:540} INFO - Filling up the DagBag from /Users/anikbhowmick/Python/Big_Data_Assignment/A02/airflow_env/lib/python3.11/site-packages/airflow/example_dags/example_setup_teardown.py
[2024-03-08T15:10:23.779+0530] {processor.py:840} INFO - DAG(s) 'example_setup_teardown' retrieved from /Users/anikbhowmick/Python/Big_Data_Assignment/A02/airflow_env/lib/python3.11/site-packages/airflow/example_dags/example_setup_teardown.py
[2024-03-08T15:10:23.809+0530] {logging_mixin.py:188} INFO - [2024-03-08T15:10:23.809+0530] {dag.py:3047} INFO - Sync 1 DAGs
[2024-03-08T15:10:23.815+0530] {logging_mixin.py:188} INFO - [2024-03-08T15:10:23.815+0530] {dag.py:3834} INFO - Setting next_dagrun for example_setup_teardown to 2024-03-07 00:00:00+00:00, run_after=2024-03-08 00:00:00+00:00
[2024-03-08T15:10:23.822+0530] {processor.py:183} INFO - Processing /Users/anikbhowmick/Python/Big_Data_Assignment/A02/airflow_env/lib/python3.11/site-packages/airflow/example_dags/example_setup_teardown.py took 0.072 seconds
[2024-03-08T16:49:16.663+0530] {processor.py:161} INFO - Started process (PID=1229) to work on /Users/anikbhowmick/Python/Big_Data_Assignment/A02/airflow_env/lib/python3.11/site-packages/airflow/example_dags/example_setup_teardown.py
[2024-03-08T16:49:16.664+0530] {processor.py:830} INFO - Processing file /Users/anikbhowmick/Python/Big_Data_Assignment/A02/airflow_env/lib/python3.11/site-packages/airflow/example_dags/example_setup_teardown.py for tasks to queue
[2024-03-08T16:49:16.664+0530] {logging_mixin.py:188} INFO - [2024-03-08T16:49:16.664+0530] {dagbag.py:540} INFO - Filling up the DagBag from /Users/anikbhowmick/Python/Big_Data_Assignment/A02/airflow_env/lib/python3.11/site-packages/airflow/example_dags/example_setup_teardown.py
[2024-03-08T16:49:16.688+0530] {processor.py:840} INFO - DAG(s) 'example_setup_teardown' retrieved from /Users/anikbhowmick/Python/Big_Data_Assignment/A02/airflow_env/lib/python3.11/site-packages/airflow/example_dags/example_setup_teardown.py
[2024-03-08T16:49:16.717+0530] {logging_mixin.py:188} INFO - [2024-03-08T16:49:16.717+0530] {dag.py:3047} INFO - Sync 1 DAGs
[2024-03-08T16:49:16.723+0530] {logging_mixin.py:188} INFO - [2024-03-08T16:49:16.723+0530] {dag.py:3834} INFO - Setting next_dagrun for example_setup_teardown to 2024-03-07 00:00:00+00:00, run_after=2024-03-08 00:00:00+00:00
[2024-03-08T16:49:16.729+0530] {processor.py:183} INFO - Processing /Users/anikbhowmick/Python/Big_Data_Assignment/A02/airflow_env/lib/python3.11/site-packages/airflow/example_dags/example_setup_teardown.py took 0.066 seconds
[2024-03-08T16:53:37.594+0530] {processor.py:161} INFO - Started process (PID=1561) to work on /Users/anikbhowmick/Python/Big_Data_Assignment/A02/airflow_env/lib/python3.11/site-packages/airflow/example_dags/example_setup_teardown.py
[2024-03-08T16:53:37.595+0530] {processor.py:830} INFO - Processing file /Users/anikbhowmick/Python/Big_Data_Assignment/A02/airflow_env/lib/python3.11/site-packages/airflow/example_dags/example_setup_teardown.py for tasks to queue
[2024-03-08T16:53:37.595+0530] {logging_mixin.py:188} INFO - [2024-03-08T16:53:37.595+0530] {dagbag.py:540} INFO - Filling up the DagBag from /Users/anikbhowmick/Python/Big_Data_Assignment/A02/airflow_env/lib/python3.11/site-packages/airflow/example_dags/example_setup_teardown.py
[2024-03-08T16:53:37.619+0530] {processor.py:840} INFO - DAG(s) 'example_setup_teardown' retrieved from /Users/anikbhowmick/Python/Big_Data_Assignment/A02/airflow_env/lib/python3.11/site-packages/airflow/example_dags/example_setup_teardown.py
[2024-03-08T16:53:37.648+0530] {logging_mixin.py:188} INFO - [2024-03-08T16:53:37.648+0530] {dag.py:3047} INFO - Sync 1 DAGs
[2024-03-08T16:53:37.654+0530] {logging_mixin.py:188} INFO - [2024-03-08T16:53:37.654+0530] {dag.py:3834} INFO - Setting next_dagrun for example_setup_teardown to 2024-03-07 00:00:00+00:00, run_after=2024-03-08 00:00:00+00:00
[2024-03-08T16:53:37.660+0530] {processor.py:183} INFO - Processing /Users/anikbhowmick/Python/Big_Data_Assignment/A02/airflow_env/lib/python3.11/site-packages/airflow/example_dags/example_setup_teardown.py took 0.067 seconds
[2024-03-08T16:55:05.966+0530] {processor.py:161} INFO - Started process (PID=1622) to work on /Users/anikbhowmick/Python/Big_Data_Assignment/A02/airflow_env/lib/python3.11/site-packages/airflow/example_dags/example_setup_teardown.py
[2024-03-08T16:55:05.966+0530] {processor.py:830} INFO - Processing file /Users/anikbhowmick/Python/Big_Data_Assignment/A02/airflow_env/lib/python3.11/site-packages/airflow/example_dags/example_setup_teardown.py for tasks to queue
[2024-03-08T16:55:05.966+0530] {logging_mixin.py:188} INFO - [2024-03-08T16:55:05.966+0530] {dagbag.py:540} INFO - Filling up the DagBag from /Users/anikbhowmick/Python/Big_Data_Assignment/A02/airflow_env/lib/python3.11/site-packages/airflow/example_dags/example_setup_teardown.py
[2024-03-08T16:55:05.994+0530] {processor.py:840} INFO - DAG(s) 'example_setup_teardown' retrieved from /Users/anikbhowmick/Python/Big_Data_Assignment/A02/airflow_env/lib/python3.11/site-packages/airflow/example_dags/example_setup_teardown.py
[2024-03-08T16:55:06.024+0530] {logging_mixin.py:188} INFO - [2024-03-08T16:55:06.024+0530] {dag.py:3047} INFO - Sync 1 DAGs
[2024-03-08T16:55:06.030+0530] {logging_mixin.py:188} INFO - [2024-03-08T16:55:06.030+0530] {dag.py:3834} INFO - Setting next_dagrun for example_setup_teardown to 2024-03-07 00:00:00+00:00, run_after=2024-03-08 00:00:00+00:00
[2024-03-08T16:55:06.036+0530] {processor.py:183} INFO - Processing /Users/anikbhowmick/Python/Big_Data_Assignment/A02/airflow_env/lib/python3.11/site-packages/airflow/example_dags/example_setup_teardown.py took 0.071 seconds
