[2024-03-08T12:17:12.271+0530] {processor.py:161} INFO - Started process (PID=11287) to work on /Users/anikbhowmick/Python/Big_Data_Assignment/A02/airflow_env/lib/python3.11/site-packages/airflow/example_dags/example_sensors.py
[2024-03-08T12:17:12.272+0530] {processor.py:830} INFO - Processing file /Users/anikbhowmick/Python/Big_Data_Assignment/A02/airflow_env/lib/python3.11/site-packages/airflow/example_dags/example_sensors.py for tasks to queue
[2024-03-08T12:17:12.272+0530] {logging_mixin.py:188} INFO - [2024-03-08T12:17:12.272+0530] {dagbag.py:540} INFO - Filling up the DagBag from /Users/anikbhowmick/Python/Big_Data_Assignment/A02/airflow_env/lib/python3.11/site-packages/airflow/example_dags/example_sensors.py
[2024-03-08T12:17:12.298+0530] {processor.py:840} INFO - DAG(s) 'example_sensors' retrieved from /Users/anikbhowmick/Python/Big_Data_Assignment/A02/airflow_env/lib/python3.11/site-packages/airflow/example_dags/example_sensors.py
[2024-03-08T12:17:12.331+0530] {logging_mixin.py:188} INFO - [2024-03-08T12:17:12.331+0530] {dag.py:3047} INFO - Sync 1 DAGs
[2024-03-08T12:17:12.334+0530] {logging_mixin.py:188} INFO - [2024-03-08T12:17:12.334+0530] {dag.py:3834} INFO - Setting next_dagrun for example_sensors to None, run_after=None
[2024-03-08T12:17:12.340+0530] {processor.py:183} INFO - Processing /Users/anikbhowmick/Python/Big_Data_Assignment/A02/airflow_env/lib/python3.11/site-packages/airflow/example_dags/example_sensors.py took 0.070 seconds
[2024-03-08T12:18:38.909+0530] {processor.py:161} INFO - Started process (PID=11359) to work on /Users/anikbhowmick/Python/Big_Data_Assignment/A02/airflow_env/lib/python3.11/site-packages/airflow/example_dags/example_sensors.py
[2024-03-08T12:18:38.910+0530] {processor.py:830} INFO - Processing file /Users/anikbhowmick/Python/Big_Data_Assignment/A02/airflow_env/lib/python3.11/site-packages/airflow/example_dags/example_sensors.py for tasks to queue
[2024-03-08T12:18:38.910+0530] {logging_mixin.py:188} INFO - [2024-03-08T12:18:38.910+0530] {dagbag.py:540} INFO - Filling up the DagBag from /Users/anikbhowmick/Python/Big_Data_Assignment/A02/airflow_env/lib/python3.11/site-packages/airflow/example_dags/example_sensors.py
[2024-03-08T12:18:38.935+0530] {processor.py:840} INFO - DAG(s) 'example_sensors' retrieved from /Users/anikbhowmick/Python/Big_Data_Assignment/A02/airflow_env/lib/python3.11/site-packages/airflow/example_dags/example_sensors.py
[2024-03-08T12:18:38.969+0530] {logging_mixin.py:188} INFO - [2024-03-08T12:18:38.969+0530] {dag.py:3047} INFO - Sync 1 DAGs
[2024-03-08T12:18:38.972+0530] {logging_mixin.py:188} INFO - [2024-03-08T12:18:38.972+0530] {dag.py:3834} INFO - Setting next_dagrun for example_sensors to None, run_after=None
[2024-03-08T12:18:38.978+0530] {processor.py:183} INFO - Processing /Users/anikbhowmick/Python/Big_Data_Assignment/A02/airflow_env/lib/python3.11/site-packages/airflow/example_dags/example_sensors.py took 0.069 seconds
[2024-03-08T12:20:31.659+0530] {processor.py:161} INFO - Started process (PID=11431) to work on /Users/anikbhowmick/Python/Big_Data_Assignment/A02/airflow_env/lib/python3.11/site-packages/airflow/example_dags/example_sensors.py
[2024-03-08T12:20:31.660+0530] {processor.py:830} INFO - Processing file /Users/anikbhowmick/Python/Big_Data_Assignment/A02/airflow_env/lib/python3.11/site-packages/airflow/example_dags/example_sensors.py for tasks to queue
[2024-03-08T12:20:31.660+0530] {logging_mixin.py:188} INFO - [2024-03-08T12:20:31.660+0530] {dagbag.py:540} INFO - Filling up the DagBag from /Users/anikbhowmick/Python/Big_Data_Assignment/A02/airflow_env/lib/python3.11/site-packages/airflow/example_dags/example_sensors.py
[2024-03-08T12:20:31.687+0530] {processor.py:840} INFO - DAG(s) 'example_sensors' retrieved from /Users/anikbhowmick/Python/Big_Data_Assignment/A02/airflow_env/lib/python3.11/site-packages/airflow/example_dags/example_sensors.py
[2024-03-08T12:20:31.721+0530] {logging_mixin.py:188} INFO - [2024-03-08T12:20:31.721+0530] {dag.py:3047} INFO - Sync 1 DAGs
[2024-03-08T12:20:31.724+0530] {logging_mixin.py:188} INFO - [2024-03-08T12:20:31.724+0530] {dag.py:3834} INFO - Setting next_dagrun for example_sensors to None, run_after=None
[2024-03-08T12:20:31.730+0530] {processor.py:183} INFO - Processing /Users/anikbhowmick/Python/Big_Data_Assignment/A02/airflow_env/lib/python3.11/site-packages/airflow/example_dags/example_sensors.py took 0.071 seconds
[2024-03-08T12:22:19.768+0530] {processor.py:161} INFO - Started process (PID=11506) to work on /Users/anikbhowmick/Python/Big_Data_Assignment/A02/airflow_env/lib/python3.11/site-packages/airflow/example_dags/example_sensors.py
[2024-03-08T12:22:19.769+0530] {processor.py:830} INFO - Processing file /Users/anikbhowmick/Python/Big_Data_Assignment/A02/airflow_env/lib/python3.11/site-packages/airflow/example_dags/example_sensors.py for tasks to queue
[2024-03-08T12:22:19.769+0530] {logging_mixin.py:188} INFO - [2024-03-08T12:22:19.769+0530] {dagbag.py:540} INFO - Filling up the DagBag from /Users/anikbhowmick/Python/Big_Data_Assignment/A02/airflow_env/lib/python3.11/site-packages/airflow/example_dags/example_sensors.py
[2024-03-08T12:22:19.796+0530] {processor.py:840} INFO - DAG(s) 'example_sensors' retrieved from /Users/anikbhowmick/Python/Big_Data_Assignment/A02/airflow_env/lib/python3.11/site-packages/airflow/example_dags/example_sensors.py
[2024-03-08T12:22:19.830+0530] {logging_mixin.py:188} INFO - [2024-03-08T12:22:19.830+0530] {dag.py:3047} INFO - Sync 1 DAGs
[2024-03-08T12:22:19.833+0530] {logging_mixin.py:188} INFO - [2024-03-08T12:22:19.832+0530] {dag.py:3834} INFO - Setting next_dagrun for example_sensors to None, run_after=None
[2024-03-08T12:22:19.839+0530] {processor.py:183} INFO - Processing /Users/anikbhowmick/Python/Big_Data_Assignment/A02/airflow_env/lib/python3.11/site-packages/airflow/example_dags/example_sensors.py took 0.071 seconds
[2024-03-08T12:24:09.989+0530] {processor.py:161} INFO - Started process (PID=11623) to work on /Users/anikbhowmick/Python/Big_Data_Assignment/A02/airflow_env/lib/python3.11/site-packages/airflow/example_dags/example_sensors.py
[2024-03-08T12:24:09.990+0530] {processor.py:830} INFO - Processing file /Users/anikbhowmick/Python/Big_Data_Assignment/A02/airflow_env/lib/python3.11/site-packages/airflow/example_dags/example_sensors.py for tasks to queue
[2024-03-08T12:24:09.990+0530] {logging_mixin.py:188} INFO - [2024-03-08T12:24:09.990+0530] {dagbag.py:540} INFO - Filling up the DagBag from /Users/anikbhowmick/Python/Big_Data_Assignment/A02/airflow_env/lib/python3.11/site-packages/airflow/example_dags/example_sensors.py
[2024-03-08T12:24:10.018+0530] {processor.py:840} INFO - DAG(s) 'example_sensors' retrieved from /Users/anikbhowmick/Python/Big_Data_Assignment/A02/airflow_env/lib/python3.11/site-packages/airflow/example_dags/example_sensors.py
[2024-03-08T12:24:10.051+0530] {logging_mixin.py:188} INFO - [2024-03-08T12:24:10.051+0530] {dag.py:3047} INFO - Sync 1 DAGs
[2024-03-08T12:24:10.054+0530] {logging_mixin.py:188} INFO - [2024-03-08T12:24:10.054+0530] {dag.py:3834} INFO - Setting next_dagrun for example_sensors to None, run_after=None
[2024-03-08T12:24:10.060+0530] {processor.py:183} INFO - Processing /Users/anikbhowmick/Python/Big_Data_Assignment/A02/airflow_env/lib/python3.11/site-packages/airflow/example_dags/example_sensors.py took 0.071 seconds
[2024-03-08T12:26:04.133+0530] {processor.py:161} INFO - Started process (PID=11719) to work on /Users/anikbhowmick/Python/Big_Data_Assignment/A02/airflow_env/lib/python3.11/site-packages/airflow/example_dags/example_sensors.py
[2024-03-08T12:26:04.134+0530] {processor.py:830} INFO - Processing file /Users/anikbhowmick/Python/Big_Data_Assignment/A02/airflow_env/lib/python3.11/site-packages/airflow/example_dags/example_sensors.py for tasks to queue
[2024-03-08T12:26:04.134+0530] {logging_mixin.py:188} INFO - [2024-03-08T12:26:04.134+0530] {dagbag.py:540} INFO - Filling up the DagBag from /Users/anikbhowmick/Python/Big_Data_Assignment/A02/airflow_env/lib/python3.11/site-packages/airflow/example_dags/example_sensors.py
[2024-03-08T12:26:04.161+0530] {processor.py:840} INFO - DAG(s) 'example_sensors' retrieved from /Users/anikbhowmick/Python/Big_Data_Assignment/A02/airflow_env/lib/python3.11/site-packages/airflow/example_dags/example_sensors.py
[2024-03-08T12:26:04.195+0530] {logging_mixin.py:188} INFO - [2024-03-08T12:26:04.194+0530] {dag.py:3047} INFO - Sync 1 DAGs
[2024-03-08T12:26:04.197+0530] {logging_mixin.py:188} INFO - [2024-03-08T12:26:04.197+0530] {dag.py:3834} INFO - Setting next_dagrun for example_sensors to None, run_after=None
[2024-03-08T12:26:04.203+0530] {processor.py:183} INFO - Processing /Users/anikbhowmick/Python/Big_Data_Assignment/A02/airflow_env/lib/python3.11/site-packages/airflow/example_dags/example_sensors.py took 0.071 seconds
[2024-03-08T12:27:51.920+0530] {processor.py:161} INFO - Started process (PID=11788) to work on /Users/anikbhowmick/Python/Big_Data_Assignment/A02/airflow_env/lib/python3.11/site-packages/airflow/example_dags/example_sensors.py
[2024-03-08T12:27:51.921+0530] {processor.py:830} INFO - Processing file /Users/anikbhowmick/Python/Big_Data_Assignment/A02/airflow_env/lib/python3.11/site-packages/airflow/example_dags/example_sensors.py for tasks to queue
[2024-03-08T12:27:51.921+0530] {logging_mixin.py:188} INFO - [2024-03-08T12:27:51.921+0530] {dagbag.py:540} INFO - Filling up the DagBag from /Users/anikbhowmick/Python/Big_Data_Assignment/A02/airflow_env/lib/python3.11/site-packages/airflow/example_dags/example_sensors.py
[2024-03-08T12:27:51.947+0530] {processor.py:840} INFO - DAG(s) 'example_sensors' retrieved from /Users/anikbhowmick/Python/Big_Data_Assignment/A02/airflow_env/lib/python3.11/site-packages/airflow/example_dags/example_sensors.py
[2024-03-08T12:27:51.981+0530] {logging_mixin.py:188} INFO - [2024-03-08T12:27:51.981+0530] {dag.py:3047} INFO - Sync 1 DAGs
[2024-03-08T12:27:51.984+0530] {logging_mixin.py:188} INFO - [2024-03-08T12:27:51.984+0530] {dag.py:3834} INFO - Setting next_dagrun for example_sensors to None, run_after=None
[2024-03-08T12:27:51.990+0530] {processor.py:183} INFO - Processing /Users/anikbhowmick/Python/Big_Data_Assignment/A02/airflow_env/lib/python3.11/site-packages/airflow/example_dags/example_sensors.py took 0.070 seconds
[2024-03-08T12:29:41.149+0530] {processor.py:161} INFO - Started process (PID=11868) to work on /Users/anikbhowmick/Python/Big_Data_Assignment/A02/airflow_env/lib/python3.11/site-packages/airflow/example_dags/example_sensors.py
[2024-03-08T12:29:41.150+0530] {processor.py:830} INFO - Processing file /Users/anikbhowmick/Python/Big_Data_Assignment/A02/airflow_env/lib/python3.11/site-packages/airflow/example_dags/example_sensors.py for tasks to queue
[2024-03-08T12:29:41.151+0530] {logging_mixin.py:188} INFO - [2024-03-08T12:29:41.151+0530] {dagbag.py:540} INFO - Filling up the DagBag from /Users/anikbhowmick/Python/Big_Data_Assignment/A02/airflow_env/lib/python3.11/site-packages/airflow/example_dags/example_sensors.py
[2024-03-08T12:29:41.177+0530] {processor.py:840} INFO - DAG(s) 'example_sensors' retrieved from /Users/anikbhowmick/Python/Big_Data_Assignment/A02/airflow_env/lib/python3.11/site-packages/airflow/example_dags/example_sensors.py
[2024-03-08T12:29:41.210+0530] {logging_mixin.py:188} INFO - [2024-03-08T12:29:41.210+0530] {dag.py:3047} INFO - Sync 1 DAGs
[2024-03-08T12:29:41.213+0530] {logging_mixin.py:188} INFO - [2024-03-08T12:29:41.213+0530] {dag.py:3834} INFO - Setting next_dagrun for example_sensors to None, run_after=None
[2024-03-08T12:29:41.219+0530] {processor.py:183} INFO - Processing /Users/anikbhowmick/Python/Big_Data_Assignment/A02/airflow_env/lib/python3.11/site-packages/airflow/example_dags/example_sensors.py took 0.070 seconds
[2024-03-08T12:31:33.950+0530] {processor.py:161} INFO - Started process (PID=11941) to work on /Users/anikbhowmick/Python/Big_Data_Assignment/A02/airflow_env/lib/python3.11/site-packages/airflow/example_dags/example_sensors.py
[2024-03-08T12:31:33.951+0530] {processor.py:830} INFO - Processing file /Users/anikbhowmick/Python/Big_Data_Assignment/A02/airflow_env/lib/python3.11/site-packages/airflow/example_dags/example_sensors.py for tasks to queue
[2024-03-08T12:31:33.951+0530] {logging_mixin.py:188} INFO - [2024-03-08T12:31:33.951+0530] {dagbag.py:540} INFO - Filling up the DagBag from /Users/anikbhowmick/Python/Big_Data_Assignment/A02/airflow_env/lib/python3.11/site-packages/airflow/example_dags/example_sensors.py
[2024-03-08T12:31:33.978+0530] {processor.py:840} INFO - DAG(s) 'example_sensors' retrieved from /Users/anikbhowmick/Python/Big_Data_Assignment/A02/airflow_env/lib/python3.11/site-packages/airflow/example_dags/example_sensors.py
[2024-03-08T12:31:34.012+0530] {logging_mixin.py:188} INFO - [2024-03-08T12:31:34.012+0530] {dag.py:3047} INFO - Sync 1 DAGs
[2024-03-08T12:31:34.015+0530] {logging_mixin.py:188} INFO - [2024-03-08T12:31:34.014+0530] {dag.py:3834} INFO - Setting next_dagrun for example_sensors to None, run_after=None
[2024-03-08T12:31:34.021+0530] {processor.py:183} INFO - Processing /Users/anikbhowmick/Python/Big_Data_Assignment/A02/airflow_env/lib/python3.11/site-packages/airflow/example_dags/example_sensors.py took 0.072 seconds
[2024-03-08T12:33:27.049+0530] {processor.py:161} INFO - Started process (PID=12016) to work on /Users/anikbhowmick/Python/Big_Data_Assignment/A02/airflow_env/lib/python3.11/site-packages/airflow/example_dags/example_sensors.py
[2024-03-08T12:33:27.050+0530] {processor.py:830} INFO - Processing file /Users/anikbhowmick/Python/Big_Data_Assignment/A02/airflow_env/lib/python3.11/site-packages/airflow/example_dags/example_sensors.py for tasks to queue
[2024-03-08T12:33:27.051+0530] {logging_mixin.py:188} INFO - [2024-03-08T12:33:27.051+0530] {dagbag.py:540} INFO - Filling up the DagBag from /Users/anikbhowmick/Python/Big_Data_Assignment/A02/airflow_env/lib/python3.11/site-packages/airflow/example_dags/example_sensors.py
[2024-03-08T12:33:27.080+0530] {processor.py:840} INFO - DAG(s) 'example_sensors' retrieved from /Users/anikbhowmick/Python/Big_Data_Assignment/A02/airflow_env/lib/python3.11/site-packages/airflow/example_dags/example_sensors.py
[2024-03-08T12:33:27.114+0530] {logging_mixin.py:188} INFO - [2024-03-08T12:33:27.113+0530] {dag.py:3047} INFO - Sync 1 DAGs
[2024-03-08T12:33:27.116+0530] {logging_mixin.py:188} INFO - [2024-03-08T12:33:27.116+0530] {dag.py:3834} INFO - Setting next_dagrun for example_sensors to None, run_after=None
[2024-03-08T12:33:27.122+0530] {processor.py:183} INFO - Processing /Users/anikbhowmick/Python/Big_Data_Assignment/A02/airflow_env/lib/python3.11/site-packages/airflow/example_dags/example_sensors.py took 0.073 seconds
[2024-03-08T12:35:22.892+0530] {processor.py:161} INFO - Started process (PID=12088) to work on /Users/anikbhowmick/Python/Big_Data_Assignment/A02/airflow_env/lib/python3.11/site-packages/airflow/example_dags/example_sensors.py
[2024-03-08T12:35:22.893+0530] {processor.py:830} INFO - Processing file /Users/anikbhowmick/Python/Big_Data_Assignment/A02/airflow_env/lib/python3.11/site-packages/airflow/example_dags/example_sensors.py for tasks to queue
[2024-03-08T12:35:22.893+0530] {logging_mixin.py:188} INFO - [2024-03-08T12:35:22.893+0530] {dagbag.py:540} INFO - Filling up the DagBag from /Users/anikbhowmick/Python/Big_Data_Assignment/A02/airflow_env/lib/python3.11/site-packages/airflow/example_dags/example_sensors.py
[2024-03-08T12:35:22.920+0530] {processor.py:840} INFO - DAG(s) 'example_sensors' retrieved from /Users/anikbhowmick/Python/Big_Data_Assignment/A02/airflow_env/lib/python3.11/site-packages/airflow/example_dags/example_sensors.py
[2024-03-08T12:35:22.954+0530] {logging_mixin.py:188} INFO - [2024-03-08T12:35:22.954+0530] {dag.py:3047} INFO - Sync 1 DAGs
[2024-03-08T12:35:22.956+0530] {logging_mixin.py:188} INFO - [2024-03-08T12:35:22.956+0530] {dag.py:3834} INFO - Setting next_dagrun for example_sensors to None, run_after=None
[2024-03-08T12:35:22.962+0530] {processor.py:183} INFO - Processing /Users/anikbhowmick/Python/Big_Data_Assignment/A02/airflow_env/lib/python3.11/site-packages/airflow/example_dags/example_sensors.py took 0.071 seconds
[2024-03-08T12:37:09.732+0530] {processor.py:161} INFO - Started process (PID=12158) to work on /Users/anikbhowmick/Python/Big_Data_Assignment/A02/airflow_env/lib/python3.11/site-packages/airflow/example_dags/example_sensors.py
[2024-03-08T12:37:09.732+0530] {processor.py:830} INFO - Processing file /Users/anikbhowmick/Python/Big_Data_Assignment/A02/airflow_env/lib/python3.11/site-packages/airflow/example_dags/example_sensors.py for tasks to queue
[2024-03-08T12:37:09.732+0530] {logging_mixin.py:188} INFO - [2024-03-08T12:37:09.732+0530] {dagbag.py:540} INFO - Filling up the DagBag from /Users/anikbhowmick/Python/Big_Data_Assignment/A02/airflow_env/lib/python3.11/site-packages/airflow/example_dags/example_sensors.py
[2024-03-08T12:37:09.758+0530] {processor.py:840} INFO - DAG(s) 'example_sensors' retrieved from /Users/anikbhowmick/Python/Big_Data_Assignment/A02/airflow_env/lib/python3.11/site-packages/airflow/example_dags/example_sensors.py
[2024-03-08T12:37:09.791+0530] {logging_mixin.py:188} INFO - [2024-03-08T12:37:09.791+0530] {dag.py:3047} INFO - Sync 1 DAGs
[2024-03-08T12:37:09.794+0530] {logging_mixin.py:188} INFO - [2024-03-08T12:37:09.794+0530] {dag.py:3834} INFO - Setting next_dagrun for example_sensors to None, run_after=None
[2024-03-08T12:37:09.800+0530] {processor.py:183} INFO - Processing /Users/anikbhowmick/Python/Big_Data_Assignment/A02/airflow_env/lib/python3.11/site-packages/airflow/example_dags/example_sensors.py took 0.069 seconds
[2024-03-08T12:38:57.514+0530] {processor.py:161} INFO - Started process (PID=12231) to work on /Users/anikbhowmick/Python/Big_Data_Assignment/A02/airflow_env/lib/python3.11/site-packages/airflow/example_dags/example_sensors.py
[2024-03-08T12:38:57.514+0530] {processor.py:830} INFO - Processing file /Users/anikbhowmick/Python/Big_Data_Assignment/A02/airflow_env/lib/python3.11/site-packages/airflow/example_dags/example_sensors.py for tasks to queue
[2024-03-08T12:38:57.515+0530] {logging_mixin.py:188} INFO - [2024-03-08T12:38:57.514+0530] {dagbag.py:540} INFO - Filling up the DagBag from /Users/anikbhowmick/Python/Big_Data_Assignment/A02/airflow_env/lib/python3.11/site-packages/airflow/example_dags/example_sensors.py
[2024-03-08T12:38:57.540+0530] {processor.py:840} INFO - DAG(s) 'example_sensors' retrieved from /Users/anikbhowmick/Python/Big_Data_Assignment/A02/airflow_env/lib/python3.11/site-packages/airflow/example_dags/example_sensors.py
[2024-03-08T12:38:57.574+0530] {logging_mixin.py:188} INFO - [2024-03-08T12:38:57.574+0530] {dag.py:3047} INFO - Sync 1 DAGs
[2024-03-08T12:38:57.577+0530] {logging_mixin.py:188} INFO - [2024-03-08T12:38:57.576+0530] {dag.py:3834} INFO - Setting next_dagrun for example_sensors to None, run_after=None
[2024-03-08T12:38:57.583+0530] {processor.py:183} INFO - Processing /Users/anikbhowmick/Python/Big_Data_Assignment/A02/airflow_env/lib/python3.11/site-packages/airflow/example_dags/example_sensors.py took 0.069 seconds
[2024-03-08T12:40:47.115+0530] {processor.py:161} INFO - Started process (PID=12309) to work on /Users/anikbhowmick/Python/Big_Data_Assignment/A02/airflow_env/lib/python3.11/site-packages/airflow/example_dags/example_sensors.py
[2024-03-08T12:40:47.116+0530] {processor.py:830} INFO - Processing file /Users/anikbhowmick/Python/Big_Data_Assignment/A02/airflow_env/lib/python3.11/site-packages/airflow/example_dags/example_sensors.py for tasks to queue
[2024-03-08T12:40:47.116+0530] {logging_mixin.py:188} INFO - [2024-03-08T12:40:47.116+0530] {dagbag.py:540} INFO - Filling up the DagBag from /Users/anikbhowmick/Python/Big_Data_Assignment/A02/airflow_env/lib/python3.11/site-packages/airflow/example_dags/example_sensors.py
[2024-03-08T12:40:47.143+0530] {processor.py:840} INFO - DAG(s) 'example_sensors' retrieved from /Users/anikbhowmick/Python/Big_Data_Assignment/A02/airflow_env/lib/python3.11/site-packages/airflow/example_dags/example_sensors.py
[2024-03-08T12:40:47.176+0530] {logging_mixin.py:188} INFO - [2024-03-08T12:40:47.176+0530] {dag.py:3047} INFO - Sync 1 DAGs
[2024-03-08T12:40:47.179+0530] {logging_mixin.py:188} INFO - [2024-03-08T12:40:47.179+0530] {dag.py:3834} INFO - Setting next_dagrun for example_sensors to None, run_after=None
[2024-03-08T12:40:47.185+0530] {processor.py:183} INFO - Processing /Users/anikbhowmick/Python/Big_Data_Assignment/A02/airflow_env/lib/python3.11/site-packages/airflow/example_dags/example_sensors.py took 0.070 seconds
[2024-03-08T12:42:43.521+0530] {processor.py:161} INFO - Started process (PID=12380) to work on /Users/anikbhowmick/Python/Big_Data_Assignment/A02/airflow_env/lib/python3.11/site-packages/airflow/example_dags/example_sensors.py
[2024-03-08T12:42:43.521+0530] {processor.py:830} INFO - Processing file /Users/anikbhowmick/Python/Big_Data_Assignment/A02/airflow_env/lib/python3.11/site-packages/airflow/example_dags/example_sensors.py for tasks to queue
[2024-03-08T12:42:43.521+0530] {logging_mixin.py:188} INFO - [2024-03-08T12:42:43.521+0530] {dagbag.py:540} INFO - Filling up the DagBag from /Users/anikbhowmick/Python/Big_Data_Assignment/A02/airflow_env/lib/python3.11/site-packages/airflow/example_dags/example_sensors.py
[2024-03-08T12:42:43.548+0530] {processor.py:840} INFO - DAG(s) 'example_sensors' retrieved from /Users/anikbhowmick/Python/Big_Data_Assignment/A02/airflow_env/lib/python3.11/site-packages/airflow/example_dags/example_sensors.py
[2024-03-08T12:42:43.582+0530] {logging_mixin.py:188} INFO - [2024-03-08T12:42:43.582+0530] {dag.py:3047} INFO - Sync 1 DAGs
[2024-03-08T12:42:43.585+0530] {logging_mixin.py:188} INFO - [2024-03-08T12:42:43.585+0530] {dag.py:3834} INFO - Setting next_dagrun for example_sensors to None, run_after=None
[2024-03-08T12:42:43.591+0530] {processor.py:183} INFO - Processing /Users/anikbhowmick/Python/Big_Data_Assignment/A02/airflow_env/lib/python3.11/site-packages/airflow/example_dags/example_sensors.py took 0.070 seconds
[2024-03-08T12:44:34.738+0530] {processor.py:161} INFO - Started process (PID=12473) to work on /Users/anikbhowmick/Python/Big_Data_Assignment/A02/airflow_env/lib/python3.11/site-packages/airflow/example_dags/example_sensors.py
[2024-03-08T12:44:34.738+0530] {processor.py:830} INFO - Processing file /Users/anikbhowmick/Python/Big_Data_Assignment/A02/airflow_env/lib/python3.11/site-packages/airflow/example_dags/example_sensors.py for tasks to queue
[2024-03-08T12:44:34.739+0530] {logging_mixin.py:188} INFO - [2024-03-08T12:44:34.739+0530] {dagbag.py:540} INFO - Filling up the DagBag from /Users/anikbhowmick/Python/Big_Data_Assignment/A02/airflow_env/lib/python3.11/site-packages/airflow/example_dags/example_sensors.py
[2024-03-08T12:44:34.767+0530] {processor.py:840} INFO - DAG(s) 'example_sensors' retrieved from /Users/anikbhowmick/Python/Big_Data_Assignment/A02/airflow_env/lib/python3.11/site-packages/airflow/example_dags/example_sensors.py
[2024-03-08T12:44:34.800+0530] {logging_mixin.py:188} INFO - [2024-03-08T12:44:34.800+0530] {dag.py:3047} INFO - Sync 1 DAGs
[2024-03-08T12:44:34.803+0530] {logging_mixin.py:188} INFO - [2024-03-08T12:44:34.803+0530] {dag.py:3834} INFO - Setting next_dagrun for example_sensors to None, run_after=None
[2024-03-08T12:44:34.809+0530] {processor.py:183} INFO - Processing /Users/anikbhowmick/Python/Big_Data_Assignment/A02/airflow_env/lib/python3.11/site-packages/airflow/example_dags/example_sensors.py took 0.072 seconds
[2024-03-08T12:46:25.968+0530] {processor.py:161} INFO - Started process (PID=12556) to work on /Users/anikbhowmick/Python/Big_Data_Assignment/A02/airflow_env/lib/python3.11/site-packages/airflow/example_dags/example_sensors.py
[2024-03-08T12:46:25.969+0530] {processor.py:830} INFO - Processing file /Users/anikbhowmick/Python/Big_Data_Assignment/A02/airflow_env/lib/python3.11/site-packages/airflow/example_dags/example_sensors.py for tasks to queue
[2024-03-08T12:46:25.969+0530] {logging_mixin.py:188} INFO - [2024-03-08T12:46:25.969+0530] {dagbag.py:540} INFO - Filling up the DagBag from /Users/anikbhowmick/Python/Big_Data_Assignment/A02/airflow_env/lib/python3.11/site-packages/airflow/example_dags/example_sensors.py
[2024-03-08T12:46:25.996+0530] {processor.py:840} INFO - DAG(s) 'example_sensors' retrieved from /Users/anikbhowmick/Python/Big_Data_Assignment/A02/airflow_env/lib/python3.11/site-packages/airflow/example_dags/example_sensors.py
[2024-03-08T12:46:26.029+0530] {logging_mixin.py:188} INFO - [2024-03-08T12:46:26.029+0530] {dag.py:3047} INFO - Sync 1 DAGs
[2024-03-08T12:46:26.032+0530] {logging_mixin.py:188} INFO - [2024-03-08T12:46:26.032+0530] {dag.py:3834} INFO - Setting next_dagrun for example_sensors to None, run_after=None
[2024-03-08T12:46:26.038+0530] {processor.py:183} INFO - Processing /Users/anikbhowmick/Python/Big_Data_Assignment/A02/airflow_env/lib/python3.11/site-packages/airflow/example_dags/example_sensors.py took 0.071 seconds
[2024-03-08T12:48:15.805+0530] {processor.py:161} INFO - Started process (PID=12627) to work on /Users/anikbhowmick/Python/Big_Data_Assignment/A02/airflow_env/lib/python3.11/site-packages/airflow/example_dags/example_sensors.py
[2024-03-08T12:48:15.806+0530] {processor.py:830} INFO - Processing file /Users/anikbhowmick/Python/Big_Data_Assignment/A02/airflow_env/lib/python3.11/site-packages/airflow/example_dags/example_sensors.py for tasks to queue
[2024-03-08T12:48:15.806+0530] {logging_mixin.py:188} INFO - [2024-03-08T12:48:15.806+0530] {dagbag.py:540} INFO - Filling up the DagBag from /Users/anikbhowmick/Python/Big_Data_Assignment/A02/airflow_env/lib/python3.11/site-packages/airflow/example_dags/example_sensors.py
[2024-03-08T12:48:15.841+0530] {processor.py:840} INFO - DAG(s) 'example_sensors' retrieved from /Users/anikbhowmick/Python/Big_Data_Assignment/A02/airflow_env/lib/python3.11/site-packages/airflow/example_dags/example_sensors.py
[2024-03-08T12:48:15.878+0530] {logging_mixin.py:188} INFO - [2024-03-08T12:48:15.878+0530] {dag.py:3047} INFO - Sync 1 DAGs
[2024-03-08T12:48:15.882+0530] {logging_mixin.py:188} INFO - [2024-03-08T12:48:15.882+0530] {dag.py:3834} INFO - Setting next_dagrun for example_sensors to None, run_after=None
[2024-03-08T12:48:15.889+0530] {processor.py:183} INFO - Processing /Users/anikbhowmick/Python/Big_Data_Assignment/A02/airflow_env/lib/python3.11/site-packages/airflow/example_dags/example_sensors.py took 0.084 seconds
[2024-03-08T12:50:08.824+0530] {processor.py:161} INFO - Started process (PID=12702) to work on /Users/anikbhowmick/Python/Big_Data_Assignment/A02/airflow_env/lib/python3.11/site-packages/airflow/example_dags/example_sensors.py
[2024-03-08T12:50:08.825+0530] {processor.py:830} INFO - Processing file /Users/anikbhowmick/Python/Big_Data_Assignment/A02/airflow_env/lib/python3.11/site-packages/airflow/example_dags/example_sensors.py for tasks to queue
[2024-03-08T12:50:08.825+0530] {logging_mixin.py:188} INFO - [2024-03-08T12:50:08.825+0530] {dagbag.py:540} INFO - Filling up the DagBag from /Users/anikbhowmick/Python/Big_Data_Assignment/A02/airflow_env/lib/python3.11/site-packages/airflow/example_dags/example_sensors.py
[2024-03-08T12:50:08.852+0530] {processor.py:840} INFO - DAG(s) 'example_sensors' retrieved from /Users/anikbhowmick/Python/Big_Data_Assignment/A02/airflow_env/lib/python3.11/site-packages/airflow/example_dags/example_sensors.py
[2024-03-08T12:50:08.887+0530] {logging_mixin.py:188} INFO - [2024-03-08T12:50:08.887+0530] {dag.py:3047} INFO - Sync 1 DAGs
[2024-03-08T12:50:08.890+0530] {logging_mixin.py:188} INFO - [2024-03-08T12:50:08.890+0530] {dag.py:3834} INFO - Setting next_dagrun for example_sensors to None, run_after=None
[2024-03-08T12:50:08.896+0530] {processor.py:183} INFO - Processing /Users/anikbhowmick/Python/Big_Data_Assignment/A02/airflow_env/lib/python3.11/site-packages/airflow/example_dags/example_sensors.py took 0.072 seconds
[2024-03-08T12:51:58.791+0530] {processor.py:161} INFO - Started process (PID=12775) to work on /Users/anikbhowmick/Python/Big_Data_Assignment/A02/airflow_env/lib/python3.11/site-packages/airflow/example_dags/example_sensors.py
[2024-03-08T12:51:58.791+0530] {processor.py:830} INFO - Processing file /Users/anikbhowmick/Python/Big_Data_Assignment/A02/airflow_env/lib/python3.11/site-packages/airflow/example_dags/example_sensors.py for tasks to queue
[2024-03-08T12:51:58.792+0530] {logging_mixin.py:188} INFO - [2024-03-08T12:51:58.792+0530] {dagbag.py:540} INFO - Filling up the DagBag from /Users/anikbhowmick/Python/Big_Data_Assignment/A02/airflow_env/lib/python3.11/site-packages/airflow/example_dags/example_sensors.py
[2024-03-08T12:51:58.826+0530] {processor.py:840} INFO - DAG(s) 'example_sensors' retrieved from /Users/anikbhowmick/Python/Big_Data_Assignment/A02/airflow_env/lib/python3.11/site-packages/airflow/example_dags/example_sensors.py
[2024-03-08T12:51:58.864+0530] {logging_mixin.py:188} INFO - [2024-03-08T12:51:58.864+0530] {dag.py:3047} INFO - Sync 1 DAGs
[2024-03-08T12:51:58.867+0530] {logging_mixin.py:188} INFO - [2024-03-08T12:51:58.867+0530] {dag.py:3834} INFO - Setting next_dagrun for example_sensors to None, run_after=None
[2024-03-08T12:51:58.873+0530] {processor.py:183} INFO - Processing /Users/anikbhowmick/Python/Big_Data_Assignment/A02/airflow_env/lib/python3.11/site-packages/airflow/example_dags/example_sensors.py took 0.082 seconds
[2024-03-08T12:59:16.540+0530] {processor.py:161} INFO - Started process (PID=13120) to work on /Users/anikbhowmick/Python/Big_Data_Assignment/A02/airflow_env/lib/python3.11/site-packages/airflow/example_dags/example_sensors.py
[2024-03-08T12:59:16.541+0530] {processor.py:830} INFO - Processing file /Users/anikbhowmick/Python/Big_Data_Assignment/A02/airflow_env/lib/python3.11/site-packages/airflow/example_dags/example_sensors.py for tasks to queue
[2024-03-08T12:59:16.541+0530] {logging_mixin.py:188} INFO - [2024-03-08T12:59:16.541+0530] {dagbag.py:540} INFO - Filling up the DagBag from /Users/anikbhowmick/Python/Big_Data_Assignment/A02/airflow_env/lib/python3.11/site-packages/airflow/example_dags/example_sensors.py
[2024-03-08T12:59:16.567+0530] {processor.py:840} INFO - DAG(s) 'example_sensors' retrieved from /Users/anikbhowmick/Python/Big_Data_Assignment/A02/airflow_env/lib/python3.11/site-packages/airflow/example_dags/example_sensors.py
[2024-03-08T12:59:16.600+0530] {logging_mixin.py:188} INFO - [2024-03-08T12:59:16.600+0530] {dag.py:3047} INFO - Sync 1 DAGs
[2024-03-08T12:59:16.603+0530] {logging_mixin.py:188} INFO - [2024-03-08T12:59:16.603+0530] {dag.py:3834} INFO - Setting next_dagrun for example_sensors to None, run_after=None
[2024-03-08T12:59:16.609+0530] {processor.py:183} INFO - Processing /Users/anikbhowmick/Python/Big_Data_Assignment/A02/airflow_env/lib/python3.11/site-packages/airflow/example_dags/example_sensors.py took 0.069 seconds
[2024-03-08T13:02:20.490+0530] {processor.py:161} INFO - Started process (PID=13351) to work on /Users/anikbhowmick/Python/Big_Data_Assignment/A02/airflow_env/lib/python3.11/site-packages/airflow/example_dags/example_sensors.py
[2024-03-08T13:02:20.491+0530] {processor.py:830} INFO - Processing file /Users/anikbhowmick/Python/Big_Data_Assignment/A02/airflow_env/lib/python3.11/site-packages/airflow/example_dags/example_sensors.py for tasks to queue
[2024-03-08T13:02:20.491+0530] {logging_mixin.py:188} INFO - [2024-03-08T13:02:20.491+0530] {dagbag.py:540} INFO - Filling up the DagBag from /Users/anikbhowmick/Python/Big_Data_Assignment/A02/airflow_env/lib/python3.11/site-packages/airflow/example_dags/example_sensors.py
[2024-03-08T13:02:20.518+0530] {processor.py:840} INFO - DAG(s) 'example_sensors' retrieved from /Users/anikbhowmick/Python/Big_Data_Assignment/A02/airflow_env/lib/python3.11/site-packages/airflow/example_dags/example_sensors.py
[2024-03-08T13:02:20.555+0530] {logging_mixin.py:188} INFO - [2024-03-08T13:02:20.555+0530] {dag.py:3047} INFO - Sync 1 DAGs
[2024-03-08T13:02:20.558+0530] {logging_mixin.py:188} INFO - [2024-03-08T13:02:20.558+0530] {dag.py:3834} INFO - Setting next_dagrun for example_sensors to None, run_after=None
[2024-03-08T13:02:20.565+0530] {processor.py:183} INFO - Processing /Users/anikbhowmick/Python/Big_Data_Assignment/A02/airflow_env/lib/python3.11/site-packages/airflow/example_dags/example_sensors.py took 0.075 seconds
[2024-03-08T13:03:44.078+0530] {processor.py:161} INFO - Started process (PID=13422) to work on /Users/anikbhowmick/Python/Big_Data_Assignment/A02/airflow_env/lib/python3.11/site-packages/airflow/example_dags/example_sensors.py
[2024-03-08T13:03:44.079+0530] {processor.py:830} INFO - Processing file /Users/anikbhowmick/Python/Big_Data_Assignment/A02/airflow_env/lib/python3.11/site-packages/airflow/example_dags/example_sensors.py for tasks to queue
[2024-03-08T13:03:44.080+0530] {logging_mixin.py:188} INFO - [2024-03-08T13:03:44.080+0530] {dagbag.py:540} INFO - Filling up the DagBag from /Users/anikbhowmick/Python/Big_Data_Assignment/A02/airflow_env/lib/python3.11/site-packages/airflow/example_dags/example_sensors.py
[2024-03-08T13:03:44.109+0530] {processor.py:840} INFO - DAG(s) 'example_sensors' retrieved from /Users/anikbhowmick/Python/Big_Data_Assignment/A02/airflow_env/lib/python3.11/site-packages/airflow/example_dags/example_sensors.py
[2024-03-08T13:03:44.143+0530] {logging_mixin.py:188} INFO - [2024-03-08T13:03:44.143+0530] {dag.py:3047} INFO - Sync 1 DAGs
[2024-03-08T13:03:44.146+0530] {logging_mixin.py:188} INFO - [2024-03-08T13:03:44.146+0530] {dag.py:3834} INFO - Setting next_dagrun for example_sensors to None, run_after=None
[2024-03-08T13:03:44.152+0530] {processor.py:183} INFO - Processing /Users/anikbhowmick/Python/Big_Data_Assignment/A02/airflow_env/lib/python3.11/site-packages/airflow/example_dags/example_sensors.py took 0.074 seconds
[2024-03-08T13:05:39.461+0530] {processor.py:161} INFO - Started process (PID=13494) to work on /Users/anikbhowmick/Python/Big_Data_Assignment/A02/airflow_env/lib/python3.11/site-packages/airflow/example_dags/example_sensors.py
[2024-03-08T13:05:39.462+0530] {processor.py:830} INFO - Processing file /Users/anikbhowmick/Python/Big_Data_Assignment/A02/airflow_env/lib/python3.11/site-packages/airflow/example_dags/example_sensors.py for tasks to queue
[2024-03-08T13:05:39.462+0530] {logging_mixin.py:188} INFO - [2024-03-08T13:05:39.462+0530] {dagbag.py:540} INFO - Filling up the DagBag from /Users/anikbhowmick/Python/Big_Data_Assignment/A02/airflow_env/lib/python3.11/site-packages/airflow/example_dags/example_sensors.py
[2024-03-08T13:05:39.495+0530] {processor.py:840} INFO - DAG(s) 'example_sensors' retrieved from /Users/anikbhowmick/Python/Big_Data_Assignment/A02/airflow_env/lib/python3.11/site-packages/airflow/example_dags/example_sensors.py
[2024-03-08T13:05:39.532+0530] {logging_mixin.py:188} INFO - [2024-03-08T13:05:39.532+0530] {dag.py:3047} INFO - Sync 1 DAGs
[2024-03-08T13:05:39.535+0530] {logging_mixin.py:188} INFO - [2024-03-08T13:05:39.535+0530] {dag.py:3834} INFO - Setting next_dagrun for example_sensors to None, run_after=None
[2024-03-08T13:05:39.542+0530] {processor.py:183} INFO - Processing /Users/anikbhowmick/Python/Big_Data_Assignment/A02/airflow_env/lib/python3.11/site-packages/airflow/example_dags/example_sensors.py took 0.081 seconds
[2024-03-08T13:14:55.034+0530] {processor.py:161} INFO - Started process (PID=14244) to work on /Users/anikbhowmick/Python/Big_Data_Assignment/A02/airflow_env/lib/python3.11/site-packages/airflow/example_dags/example_sensors.py
[2024-03-08T13:14:55.035+0530] {processor.py:830} INFO - Processing file /Users/anikbhowmick/Python/Big_Data_Assignment/A02/airflow_env/lib/python3.11/site-packages/airflow/example_dags/example_sensors.py for tasks to queue
[2024-03-08T13:14:55.035+0530] {logging_mixin.py:188} INFO - [2024-03-08T13:14:55.035+0530] {dagbag.py:540} INFO - Filling up the DagBag from /Users/anikbhowmick/Python/Big_Data_Assignment/A02/airflow_env/lib/python3.11/site-packages/airflow/example_dags/example_sensors.py
[2024-03-08T13:14:55.061+0530] {processor.py:840} INFO - DAG(s) 'example_sensors' retrieved from /Users/anikbhowmick/Python/Big_Data_Assignment/A02/airflow_env/lib/python3.11/site-packages/airflow/example_dags/example_sensors.py
[2024-03-08T13:14:55.094+0530] {logging_mixin.py:188} INFO - [2024-03-08T13:14:55.094+0530] {dag.py:3047} INFO - Sync 1 DAGs
[2024-03-08T13:14:55.097+0530] {logging_mixin.py:188} INFO - [2024-03-08T13:14:55.097+0530] {dag.py:3834} INFO - Setting next_dagrun for example_sensors to None, run_after=None
[2024-03-08T13:14:55.103+0530] {processor.py:183} INFO - Processing /Users/anikbhowmick/Python/Big_Data_Assignment/A02/airflow_env/lib/python3.11/site-packages/airflow/example_dags/example_sensors.py took 0.070 seconds
[2024-03-08T13:16:19.273+0530] {processor.py:161} INFO - Started process (PID=14334) to work on /Users/anikbhowmick/Python/Big_Data_Assignment/A02/airflow_env/lib/python3.11/site-packages/airflow/example_dags/example_sensors.py
[2024-03-08T13:16:19.273+0530] {processor.py:830} INFO - Processing file /Users/anikbhowmick/Python/Big_Data_Assignment/A02/airflow_env/lib/python3.11/site-packages/airflow/example_dags/example_sensors.py for tasks to queue
[2024-03-08T13:16:19.274+0530] {logging_mixin.py:188} INFO - [2024-03-08T13:16:19.273+0530] {dagbag.py:540} INFO - Filling up the DagBag from /Users/anikbhowmick/Python/Big_Data_Assignment/A02/airflow_env/lib/python3.11/site-packages/airflow/example_dags/example_sensors.py
[2024-03-08T13:16:19.301+0530] {processor.py:840} INFO - DAG(s) 'example_sensors' retrieved from /Users/anikbhowmick/Python/Big_Data_Assignment/A02/airflow_env/lib/python3.11/site-packages/airflow/example_dags/example_sensors.py
[2024-03-08T13:16:19.335+0530] {logging_mixin.py:188} INFO - [2024-03-08T13:16:19.335+0530] {dag.py:3047} INFO - Sync 1 DAGs
[2024-03-08T13:16:19.338+0530] {logging_mixin.py:188} INFO - [2024-03-08T13:16:19.338+0530] {dag.py:3834} INFO - Setting next_dagrun for example_sensors to None, run_after=None
[2024-03-08T13:16:19.344+0530] {processor.py:183} INFO - Processing /Users/anikbhowmick/Python/Big_Data_Assignment/A02/airflow_env/lib/python3.11/site-packages/airflow/example_dags/example_sensors.py took 0.071 seconds
[2024-03-08T13:18:09.655+0530] {processor.py:161} INFO - Started process (PID=14425) to work on /Users/anikbhowmick/Python/Big_Data_Assignment/A02/airflow_env/lib/python3.11/site-packages/airflow/example_dags/example_sensors.py
[2024-03-08T13:18:09.656+0530] {processor.py:830} INFO - Processing file /Users/anikbhowmick/Python/Big_Data_Assignment/A02/airflow_env/lib/python3.11/site-packages/airflow/example_dags/example_sensors.py for tasks to queue
[2024-03-08T13:18:09.657+0530] {logging_mixin.py:188} INFO - [2024-03-08T13:18:09.657+0530] {dagbag.py:540} INFO - Filling up the DagBag from /Users/anikbhowmick/Python/Big_Data_Assignment/A02/airflow_env/lib/python3.11/site-packages/airflow/example_dags/example_sensors.py
[2024-03-08T13:18:09.683+0530] {processor.py:840} INFO - DAG(s) 'example_sensors' retrieved from /Users/anikbhowmick/Python/Big_Data_Assignment/A02/airflow_env/lib/python3.11/site-packages/airflow/example_dags/example_sensors.py
[2024-03-08T13:18:09.716+0530] {logging_mixin.py:188} INFO - [2024-03-08T13:18:09.716+0530] {dag.py:3047} INFO - Sync 1 DAGs
[2024-03-08T13:18:09.719+0530] {logging_mixin.py:188} INFO - [2024-03-08T13:18:09.719+0530] {dag.py:3834} INFO - Setting next_dagrun for example_sensors to None, run_after=None
[2024-03-08T13:18:09.725+0530] {processor.py:183} INFO - Processing /Users/anikbhowmick/Python/Big_Data_Assignment/A02/airflow_env/lib/python3.11/site-packages/airflow/example_dags/example_sensors.py took 0.070 seconds
[2024-03-08T13:19:59.630+0530] {processor.py:161} INFO - Started process (PID=14492) to work on /Users/anikbhowmick/Python/Big_Data_Assignment/A02/airflow_env/lib/python3.11/site-packages/airflow/example_dags/example_sensors.py
[2024-03-08T13:19:59.631+0530] {processor.py:830} INFO - Processing file /Users/anikbhowmick/Python/Big_Data_Assignment/A02/airflow_env/lib/python3.11/site-packages/airflow/example_dags/example_sensors.py for tasks to queue
[2024-03-08T13:19:59.631+0530] {logging_mixin.py:188} INFO - [2024-03-08T13:19:59.631+0530] {dagbag.py:540} INFO - Filling up the DagBag from /Users/anikbhowmick/Python/Big_Data_Assignment/A02/airflow_env/lib/python3.11/site-packages/airflow/example_dags/example_sensors.py
[2024-03-08T13:19:59.657+0530] {processor.py:840} INFO - DAG(s) 'example_sensors' retrieved from /Users/anikbhowmick/Python/Big_Data_Assignment/A02/airflow_env/lib/python3.11/site-packages/airflow/example_dags/example_sensors.py
[2024-03-08T13:19:59.691+0530] {logging_mixin.py:188} INFO - [2024-03-08T13:19:59.691+0530] {dag.py:3047} INFO - Sync 1 DAGs
[2024-03-08T13:19:59.694+0530] {logging_mixin.py:188} INFO - [2024-03-08T13:19:59.694+0530] {dag.py:3834} INFO - Setting next_dagrun for example_sensors to None, run_after=None
[2024-03-08T13:19:59.700+0530] {processor.py:183} INFO - Processing /Users/anikbhowmick/Python/Big_Data_Assignment/A02/airflow_env/lib/python3.11/site-packages/airflow/example_dags/example_sensors.py took 0.070 seconds
[2024-03-08T13:22:27.300+0530] {processor.py:161} INFO - Started process (PID=14659) to work on /Users/anikbhowmick/Python/Big_Data_Assignment/A02/airflow_env/lib/python3.11/site-packages/airflow/example_dags/example_sensors.py
[2024-03-08T13:22:27.301+0530] {processor.py:830} INFO - Processing file /Users/anikbhowmick/Python/Big_Data_Assignment/A02/airflow_env/lib/python3.11/site-packages/airflow/example_dags/example_sensors.py for tasks to queue
[2024-03-08T13:22:27.301+0530] {logging_mixin.py:188} INFO - [2024-03-08T13:22:27.301+0530] {dagbag.py:540} INFO - Filling up the DagBag from /Users/anikbhowmick/Python/Big_Data_Assignment/A02/airflow_env/lib/python3.11/site-packages/airflow/example_dags/example_sensors.py
[2024-03-08T13:22:27.327+0530] {processor.py:840} INFO - DAG(s) 'example_sensors' retrieved from /Users/anikbhowmick/Python/Big_Data_Assignment/A02/airflow_env/lib/python3.11/site-packages/airflow/example_dags/example_sensors.py
[2024-03-08T13:22:27.360+0530] {logging_mixin.py:188} INFO - [2024-03-08T13:22:27.360+0530] {dag.py:3047} INFO - Sync 1 DAGs
[2024-03-08T13:22:27.363+0530] {logging_mixin.py:188} INFO - [2024-03-08T13:22:27.363+0530] {dag.py:3834} INFO - Setting next_dagrun for example_sensors to None, run_after=None
[2024-03-08T13:22:27.369+0530] {processor.py:183} INFO - Processing /Users/anikbhowmick/Python/Big_Data_Assignment/A02/airflow_env/lib/python3.11/site-packages/airflow/example_dags/example_sensors.py took 0.069 seconds
[2024-03-08T13:33:39.724+0530] {processor.py:161} INFO - Started process (PID=15448) to work on /Users/anikbhowmick/Python/Big_Data_Assignment/A02/airflow_env/lib/python3.11/site-packages/airflow/example_dags/example_sensors.py
[2024-03-08T13:33:39.725+0530] {processor.py:830} INFO - Processing file /Users/anikbhowmick/Python/Big_Data_Assignment/A02/airflow_env/lib/python3.11/site-packages/airflow/example_dags/example_sensors.py for tasks to queue
[2024-03-08T13:33:39.725+0530] {logging_mixin.py:188} INFO - [2024-03-08T13:33:39.725+0530] {dagbag.py:540} INFO - Filling up the DagBag from /Users/anikbhowmick/Python/Big_Data_Assignment/A02/airflow_env/lib/python3.11/site-packages/airflow/example_dags/example_sensors.py
[2024-03-08T13:33:39.752+0530] {processor.py:840} INFO - DAG(s) 'example_sensors' retrieved from /Users/anikbhowmick/Python/Big_Data_Assignment/A02/airflow_env/lib/python3.11/site-packages/airflow/example_dags/example_sensors.py
[2024-03-08T13:33:39.787+0530] {logging_mixin.py:188} INFO - [2024-03-08T13:33:39.786+0530] {dag.py:3047} INFO - Sync 1 DAGs
[2024-03-08T13:33:39.789+0530] {logging_mixin.py:188} INFO - [2024-03-08T13:33:39.789+0530] {dag.py:3834} INFO - Setting next_dagrun for example_sensors to None, run_after=None
[2024-03-08T13:33:39.796+0530] {processor.py:183} INFO - Processing /Users/anikbhowmick/Python/Big_Data_Assignment/A02/airflow_env/lib/python3.11/site-packages/airflow/example_dags/example_sensors.py took 0.072 seconds
[2024-03-08T13:35:07.187+0530] {processor.py:161} INFO - Started process (PID=15523) to work on /Users/anikbhowmick/Python/Big_Data_Assignment/A02/airflow_env/lib/python3.11/site-packages/airflow/example_dags/example_sensors.py
[2024-03-08T13:35:07.187+0530] {processor.py:830} INFO - Processing file /Users/anikbhowmick/Python/Big_Data_Assignment/A02/airflow_env/lib/python3.11/site-packages/airflow/example_dags/example_sensors.py for tasks to queue
[2024-03-08T13:35:07.187+0530] {logging_mixin.py:188} INFO - [2024-03-08T13:35:07.187+0530] {dagbag.py:540} INFO - Filling up the DagBag from /Users/anikbhowmick/Python/Big_Data_Assignment/A02/airflow_env/lib/python3.11/site-packages/airflow/example_dags/example_sensors.py
[2024-03-08T13:35:07.214+0530] {processor.py:840} INFO - DAG(s) 'example_sensors' retrieved from /Users/anikbhowmick/Python/Big_Data_Assignment/A02/airflow_env/lib/python3.11/site-packages/airflow/example_dags/example_sensors.py
[2024-03-08T13:35:07.248+0530] {logging_mixin.py:188} INFO - [2024-03-08T13:35:07.248+0530] {dag.py:3047} INFO - Sync 1 DAGs
[2024-03-08T13:35:07.251+0530] {logging_mixin.py:188} INFO - [2024-03-08T13:35:07.251+0530] {dag.py:3834} INFO - Setting next_dagrun for example_sensors to None, run_after=None
[2024-03-08T13:35:07.257+0530] {processor.py:183} INFO - Processing /Users/anikbhowmick/Python/Big_Data_Assignment/A02/airflow_env/lib/python3.11/site-packages/airflow/example_dags/example_sensors.py took 0.070 seconds
[2024-03-08T13:36:55.927+0530] {processor.py:161} INFO - Started process (PID=15596) to work on /Users/anikbhowmick/Python/Big_Data_Assignment/A02/airflow_env/lib/python3.11/site-packages/airflow/example_dags/example_sensors.py
[2024-03-08T13:36:55.928+0530] {processor.py:830} INFO - Processing file /Users/anikbhowmick/Python/Big_Data_Assignment/A02/airflow_env/lib/python3.11/site-packages/airflow/example_dags/example_sensors.py for tasks to queue
[2024-03-08T13:36:55.929+0530] {logging_mixin.py:188} INFO - [2024-03-08T13:36:55.929+0530] {dagbag.py:540} INFO - Filling up the DagBag from /Users/anikbhowmick/Python/Big_Data_Assignment/A02/airflow_env/lib/python3.11/site-packages/airflow/example_dags/example_sensors.py
[2024-03-08T13:36:55.955+0530] {processor.py:840} INFO - DAG(s) 'example_sensors' retrieved from /Users/anikbhowmick/Python/Big_Data_Assignment/A02/airflow_env/lib/python3.11/site-packages/airflow/example_dags/example_sensors.py
[2024-03-08T13:36:55.989+0530] {logging_mixin.py:188} INFO - [2024-03-08T13:36:55.989+0530] {dag.py:3047} INFO - Sync 1 DAGs
[2024-03-08T13:36:55.992+0530] {logging_mixin.py:188} INFO - [2024-03-08T13:36:55.991+0530] {dag.py:3834} INFO - Setting next_dagrun for example_sensors to None, run_after=None
[2024-03-08T13:36:55.998+0530] {processor.py:183} INFO - Processing /Users/anikbhowmick/Python/Big_Data_Assignment/A02/airflow_env/lib/python3.11/site-packages/airflow/example_dags/example_sensors.py took 0.071 seconds
[2024-03-08T14:24:05.814+0530] {processor.py:161} INFO - Started process (PID=16684) to work on /Users/anikbhowmick/Python/Big_Data_Assignment/A02/airflow_env/lib/python3.11/site-packages/airflow/example_dags/example_sensors.py
[2024-03-08T14:24:05.815+0530] {processor.py:830} INFO - Processing file /Users/anikbhowmick/Python/Big_Data_Assignment/A02/airflow_env/lib/python3.11/site-packages/airflow/example_dags/example_sensors.py for tasks to queue
[2024-03-08T14:24:05.815+0530] {logging_mixin.py:188} INFO - [2024-03-08T14:24:05.815+0530] {dagbag.py:540} INFO - Filling up the DagBag from /Users/anikbhowmick/Python/Big_Data_Assignment/A02/airflow_env/lib/python3.11/site-packages/airflow/example_dags/example_sensors.py
[2024-03-08T14:24:05.845+0530] {processor.py:840} INFO - DAG(s) 'example_sensors' retrieved from /Users/anikbhowmick/Python/Big_Data_Assignment/A02/airflow_env/lib/python3.11/site-packages/airflow/example_dags/example_sensors.py
[2024-03-08T14:24:05.879+0530] {logging_mixin.py:188} INFO - [2024-03-08T14:24:05.879+0530] {dag.py:3047} INFO - Sync 1 DAGs
[2024-03-08T14:24:05.882+0530] {logging_mixin.py:188} INFO - [2024-03-08T14:24:05.882+0530] {dag.py:3834} INFO - Setting next_dagrun for example_sensors to None, run_after=None
[2024-03-08T14:24:05.888+0530] {processor.py:183} INFO - Processing /Users/anikbhowmick/Python/Big_Data_Assignment/A02/airflow_env/lib/python3.11/site-packages/airflow/example_dags/example_sensors.py took 0.074 seconds
[2024-03-08T14:28:23.561+0530] {processor.py:161} INFO - Started process (PID=16975) to work on /Users/anikbhowmick/Python/Big_Data_Assignment/A02/airflow_env/lib/python3.11/site-packages/airflow/example_dags/example_sensors.py
[2024-03-08T14:28:23.562+0530] {processor.py:830} INFO - Processing file /Users/anikbhowmick/Python/Big_Data_Assignment/A02/airflow_env/lib/python3.11/site-packages/airflow/example_dags/example_sensors.py for tasks to queue
[2024-03-08T14:28:23.562+0530] {logging_mixin.py:188} INFO - [2024-03-08T14:28:23.562+0530] {dagbag.py:540} INFO - Filling up the DagBag from /Users/anikbhowmick/Python/Big_Data_Assignment/A02/airflow_env/lib/python3.11/site-packages/airflow/example_dags/example_sensors.py
[2024-03-08T14:28:23.587+0530] {processor.py:840} INFO - DAG(s) 'example_sensors' retrieved from /Users/anikbhowmick/Python/Big_Data_Assignment/A02/airflow_env/lib/python3.11/site-packages/airflow/example_dags/example_sensors.py
[2024-03-08T14:28:23.621+0530] {logging_mixin.py:188} INFO - [2024-03-08T14:28:23.621+0530] {dag.py:3047} INFO - Sync 1 DAGs
[2024-03-08T14:28:23.623+0530] {logging_mixin.py:188} INFO - [2024-03-08T14:28:23.623+0530] {dag.py:3834} INFO - Setting next_dagrun for example_sensors to None, run_after=None
[2024-03-08T14:28:23.630+0530] {processor.py:183} INFO - Processing /Users/anikbhowmick/Python/Big_Data_Assignment/A02/airflow_env/lib/python3.11/site-packages/airflow/example_dags/example_sensors.py took 0.069 seconds
[2024-03-08T14:29:48.737+0530] {processor.py:161} INFO - Started process (PID=17034) to work on /Users/anikbhowmick/Python/Big_Data_Assignment/A02/airflow_env/lib/python3.11/site-packages/airflow/example_dags/example_sensors.py
[2024-03-08T14:29:48.737+0530] {processor.py:830} INFO - Processing file /Users/anikbhowmick/Python/Big_Data_Assignment/A02/airflow_env/lib/python3.11/site-packages/airflow/example_dags/example_sensors.py for tasks to queue
[2024-03-08T14:29:48.738+0530] {logging_mixin.py:188} INFO - [2024-03-08T14:29:48.738+0530] {dagbag.py:540} INFO - Filling up the DagBag from /Users/anikbhowmick/Python/Big_Data_Assignment/A02/airflow_env/lib/python3.11/site-packages/airflow/example_dags/example_sensors.py
[2024-03-08T14:29:48.763+0530] {processor.py:840} INFO - DAG(s) 'example_sensors' retrieved from /Users/anikbhowmick/Python/Big_Data_Assignment/A02/airflow_env/lib/python3.11/site-packages/airflow/example_dags/example_sensors.py
[2024-03-08T14:29:48.797+0530] {logging_mixin.py:188} INFO - [2024-03-08T14:29:48.797+0530] {dag.py:3047} INFO - Sync 1 DAGs
[2024-03-08T14:29:48.800+0530] {logging_mixin.py:188} INFO - [2024-03-08T14:29:48.800+0530] {dag.py:3834} INFO - Setting next_dagrun for example_sensors to None, run_after=None
[2024-03-08T14:29:48.806+0530] {processor.py:183} INFO - Processing /Users/anikbhowmick/Python/Big_Data_Assignment/A02/airflow_env/lib/python3.11/site-packages/airflow/example_dags/example_sensors.py took 0.069 seconds
[2024-03-08T14:33:53.010+0530] {processor.py:161} INFO - Started process (PID=17292) to work on /Users/anikbhowmick/Python/Big_Data_Assignment/A02/airflow_env/lib/python3.11/site-packages/airflow/example_dags/example_sensors.py
[2024-03-08T14:33:53.011+0530] {processor.py:830} INFO - Processing file /Users/anikbhowmick/Python/Big_Data_Assignment/A02/airflow_env/lib/python3.11/site-packages/airflow/example_dags/example_sensors.py for tasks to queue
[2024-03-08T14:33:53.011+0530] {logging_mixin.py:188} INFO - [2024-03-08T14:33:53.011+0530] {dagbag.py:540} INFO - Filling up the DagBag from /Users/anikbhowmick/Python/Big_Data_Assignment/A02/airflow_env/lib/python3.11/site-packages/airflow/example_dags/example_sensors.py
[2024-03-08T14:33:53.043+0530] {processor.py:840} INFO - DAG(s) 'example_sensors' retrieved from /Users/anikbhowmick/Python/Big_Data_Assignment/A02/airflow_env/lib/python3.11/site-packages/airflow/example_dags/example_sensors.py
[2024-03-08T14:33:53.077+0530] {logging_mixin.py:188} INFO - [2024-03-08T14:33:53.077+0530] {dag.py:3047} INFO - Sync 1 DAGs
[2024-03-08T14:33:53.080+0530] {logging_mixin.py:188} INFO - [2024-03-08T14:33:53.080+0530] {dag.py:3834} INFO - Setting next_dagrun for example_sensors to None, run_after=None
[2024-03-08T14:33:53.086+0530] {processor.py:183} INFO - Processing /Users/anikbhowmick/Python/Big_Data_Assignment/A02/airflow_env/lib/python3.11/site-packages/airflow/example_dags/example_sensors.py took 0.077 seconds
[2024-03-08T14:35:18.475+0530] {processor.py:161} INFO - Started process (PID=17366) to work on /Users/anikbhowmick/Python/Big_Data_Assignment/A02/airflow_env/lib/python3.11/site-packages/airflow/example_dags/example_sensors.py
[2024-03-08T14:35:18.476+0530] {processor.py:830} INFO - Processing file /Users/anikbhowmick/Python/Big_Data_Assignment/A02/airflow_env/lib/python3.11/site-packages/airflow/example_dags/example_sensors.py for tasks to queue
[2024-03-08T14:35:18.476+0530] {logging_mixin.py:188} INFO - [2024-03-08T14:35:18.476+0530] {dagbag.py:540} INFO - Filling up the DagBag from /Users/anikbhowmick/Python/Big_Data_Assignment/A02/airflow_env/lib/python3.11/site-packages/airflow/example_dags/example_sensors.py
[2024-03-08T14:35:18.503+0530] {processor.py:840} INFO - DAG(s) 'example_sensors' retrieved from /Users/anikbhowmick/Python/Big_Data_Assignment/A02/airflow_env/lib/python3.11/site-packages/airflow/example_dags/example_sensors.py
[2024-03-08T14:35:18.536+0530] {logging_mixin.py:188} INFO - [2024-03-08T14:35:18.536+0530] {dag.py:3047} INFO - Sync 1 DAGs
[2024-03-08T14:35:18.539+0530] {logging_mixin.py:188} INFO - [2024-03-08T14:35:18.539+0530] {dag.py:3834} INFO - Setting next_dagrun for example_sensors to None, run_after=None
[2024-03-08T14:35:18.545+0530] {processor.py:183} INFO - Processing /Users/anikbhowmick/Python/Big_Data_Assignment/A02/airflow_env/lib/python3.11/site-packages/airflow/example_dags/example_sensors.py took 0.071 seconds
[2024-03-08T14:37:08.248+0530] {processor.py:161} INFO - Started process (PID=17434) to work on /Users/anikbhowmick/Python/Big_Data_Assignment/A02/airflow_env/lib/python3.11/site-packages/airflow/example_dags/example_sensors.py
[2024-03-08T14:37:08.248+0530] {processor.py:830} INFO - Processing file /Users/anikbhowmick/Python/Big_Data_Assignment/A02/airflow_env/lib/python3.11/site-packages/airflow/example_dags/example_sensors.py for tasks to queue
[2024-03-08T14:37:08.249+0530] {logging_mixin.py:188} INFO - [2024-03-08T14:37:08.248+0530] {dagbag.py:540} INFO - Filling up the DagBag from /Users/anikbhowmick/Python/Big_Data_Assignment/A02/airflow_env/lib/python3.11/site-packages/airflow/example_dags/example_sensors.py
[2024-03-08T14:37:08.274+0530] {processor.py:840} INFO - DAG(s) 'example_sensors' retrieved from /Users/anikbhowmick/Python/Big_Data_Assignment/A02/airflow_env/lib/python3.11/site-packages/airflow/example_dags/example_sensors.py
[2024-03-08T14:37:08.308+0530] {logging_mixin.py:188} INFO - [2024-03-08T14:37:08.307+0530] {dag.py:3047} INFO - Sync 1 DAGs
[2024-03-08T14:37:08.310+0530] {logging_mixin.py:188} INFO - [2024-03-08T14:37:08.310+0530] {dag.py:3834} INFO - Setting next_dagrun for example_sensors to None, run_after=None
[2024-03-08T14:37:08.316+0530] {processor.py:183} INFO - Processing /Users/anikbhowmick/Python/Big_Data_Assignment/A02/airflow_env/lib/python3.11/site-packages/airflow/example_dags/example_sensors.py took 0.069 seconds
[2024-03-08T14:38:54.251+0530] {processor.py:161} INFO - Started process (PID=17506) to work on /Users/anikbhowmick/Python/Big_Data_Assignment/A02/airflow_env/lib/python3.11/site-packages/airflow/example_dags/example_sensors.py
[2024-03-08T14:38:54.251+0530] {processor.py:830} INFO - Processing file /Users/anikbhowmick/Python/Big_Data_Assignment/A02/airflow_env/lib/python3.11/site-packages/airflow/example_dags/example_sensors.py for tasks to queue
[2024-03-08T14:38:54.252+0530] {logging_mixin.py:188} INFO - [2024-03-08T14:38:54.251+0530] {dagbag.py:540} INFO - Filling up the DagBag from /Users/anikbhowmick/Python/Big_Data_Assignment/A02/airflow_env/lib/python3.11/site-packages/airflow/example_dags/example_sensors.py
[2024-03-08T14:38:54.277+0530] {processor.py:840} INFO - DAG(s) 'example_sensors' retrieved from /Users/anikbhowmick/Python/Big_Data_Assignment/A02/airflow_env/lib/python3.11/site-packages/airflow/example_dags/example_sensors.py
[2024-03-08T14:38:54.310+0530] {logging_mixin.py:188} INFO - [2024-03-08T14:38:54.310+0530] {dag.py:3047} INFO - Sync 1 DAGs
[2024-03-08T14:38:54.313+0530] {logging_mixin.py:188} INFO - [2024-03-08T14:38:54.313+0530] {dag.py:3834} INFO - Setting next_dagrun for example_sensors to None, run_after=None
[2024-03-08T14:38:54.319+0530] {processor.py:183} INFO - Processing /Users/anikbhowmick/Python/Big_Data_Assignment/A02/airflow_env/lib/python3.11/site-packages/airflow/example_dags/example_sensors.py took 0.068 seconds
[2024-03-08T14:40:43.764+0530] {processor.py:161} INFO - Started process (PID=17573) to work on /Users/anikbhowmick/Python/Big_Data_Assignment/A02/airflow_env/lib/python3.11/site-packages/airflow/example_dags/example_sensors.py
[2024-03-08T14:40:43.765+0530] {processor.py:830} INFO - Processing file /Users/anikbhowmick/Python/Big_Data_Assignment/A02/airflow_env/lib/python3.11/site-packages/airflow/example_dags/example_sensors.py for tasks to queue
[2024-03-08T14:40:43.765+0530] {logging_mixin.py:188} INFO - [2024-03-08T14:40:43.765+0530] {dagbag.py:540} INFO - Filling up the DagBag from /Users/anikbhowmick/Python/Big_Data_Assignment/A02/airflow_env/lib/python3.11/site-packages/airflow/example_dags/example_sensors.py
[2024-03-08T14:40:43.791+0530] {processor.py:840} INFO - DAG(s) 'example_sensors' retrieved from /Users/anikbhowmick/Python/Big_Data_Assignment/A02/airflow_env/lib/python3.11/site-packages/airflow/example_dags/example_sensors.py
[2024-03-08T14:40:43.825+0530] {logging_mixin.py:188} INFO - [2024-03-08T14:40:43.825+0530] {dag.py:3047} INFO - Sync 1 DAGs
[2024-03-08T14:40:43.827+0530] {logging_mixin.py:188} INFO - [2024-03-08T14:40:43.827+0530] {dag.py:3834} INFO - Setting next_dagrun for example_sensors to None, run_after=None
[2024-03-08T14:40:43.833+0530] {processor.py:183} INFO - Processing /Users/anikbhowmick/Python/Big_Data_Assignment/A02/airflow_env/lib/python3.11/site-packages/airflow/example_dags/example_sensors.py took 0.070 seconds
[2024-03-08T14:42:26.144+0530] {processor.py:161} INFO - Started process (PID=17640) to work on /Users/anikbhowmick/Python/Big_Data_Assignment/A02/airflow_env/lib/python3.11/site-packages/airflow/example_dags/example_sensors.py
[2024-03-08T14:42:26.144+0530] {processor.py:830} INFO - Processing file /Users/anikbhowmick/Python/Big_Data_Assignment/A02/airflow_env/lib/python3.11/site-packages/airflow/example_dags/example_sensors.py for tasks to queue
[2024-03-08T14:42:26.145+0530] {logging_mixin.py:188} INFO - [2024-03-08T14:42:26.145+0530] {dagbag.py:540} INFO - Filling up the DagBag from /Users/anikbhowmick/Python/Big_Data_Assignment/A02/airflow_env/lib/python3.11/site-packages/airflow/example_dags/example_sensors.py
[2024-03-08T14:42:26.170+0530] {processor.py:840} INFO - DAG(s) 'example_sensors' retrieved from /Users/anikbhowmick/Python/Big_Data_Assignment/A02/airflow_env/lib/python3.11/site-packages/airflow/example_dags/example_sensors.py
[2024-03-08T14:42:26.204+0530] {logging_mixin.py:188} INFO - [2024-03-08T14:42:26.203+0530] {dag.py:3047} INFO - Sync 1 DAGs
[2024-03-08T14:42:26.206+0530] {logging_mixin.py:188} INFO - [2024-03-08T14:42:26.206+0530] {dag.py:3834} INFO - Setting next_dagrun for example_sensors to None, run_after=None
[2024-03-08T14:42:26.212+0530] {processor.py:183} INFO - Processing /Users/anikbhowmick/Python/Big_Data_Assignment/A02/airflow_env/lib/python3.11/site-packages/airflow/example_dags/example_sensors.py took 0.069 seconds
[2024-03-08T14:53:04.081+0530] {processor.py:161} INFO - Started process (PID=17972) to work on /Users/anikbhowmick/Python/Big_Data_Assignment/A02/airflow_env/lib/python3.11/site-packages/airflow/example_dags/example_sensors.py
[2024-03-08T14:53:04.082+0530] {processor.py:830} INFO - Processing file /Users/anikbhowmick/Python/Big_Data_Assignment/A02/airflow_env/lib/python3.11/site-packages/airflow/example_dags/example_sensors.py for tasks to queue
[2024-03-08T14:53:04.082+0530] {logging_mixin.py:188} INFO - [2024-03-08T14:53:04.082+0530] {dagbag.py:540} INFO - Filling up the DagBag from /Users/anikbhowmick/Python/Big_Data_Assignment/A02/airflow_env/lib/python3.11/site-packages/airflow/example_dags/example_sensors.py
[2024-03-08T14:53:04.107+0530] {processor.py:840} INFO - DAG(s) 'example_sensors' retrieved from /Users/anikbhowmick/Python/Big_Data_Assignment/A02/airflow_env/lib/python3.11/site-packages/airflow/example_dags/example_sensors.py
[2024-03-08T14:53:04.141+0530] {logging_mixin.py:188} INFO - [2024-03-08T14:53:04.140+0530] {dag.py:3047} INFO - Sync 1 DAGs
[2024-03-08T14:53:04.143+0530] {logging_mixin.py:188} INFO - [2024-03-08T14:53:04.143+0530] {dag.py:3834} INFO - Setting next_dagrun for example_sensors to None, run_after=None
[2024-03-08T14:53:04.149+0530] {processor.py:183} INFO - Processing /Users/anikbhowmick/Python/Big_Data_Assignment/A02/airflow_env/lib/python3.11/site-packages/airflow/example_dags/example_sensors.py took 0.069 seconds
[2024-03-08T14:54:27.396+0530] {processor.py:161} INFO - Started process (PID=18134) to work on /Users/anikbhowmick/Python/Big_Data_Assignment/A02/airflow_env/lib/python3.11/site-packages/airflow/example_dags/example_sensors.py
[2024-03-08T14:54:27.397+0530] {processor.py:830} INFO - Processing file /Users/anikbhowmick/Python/Big_Data_Assignment/A02/airflow_env/lib/python3.11/site-packages/airflow/example_dags/example_sensors.py for tasks to queue
[2024-03-08T14:54:27.397+0530] {logging_mixin.py:188} INFO - [2024-03-08T14:54:27.397+0530] {dagbag.py:540} INFO - Filling up the DagBag from /Users/anikbhowmick/Python/Big_Data_Assignment/A02/airflow_env/lib/python3.11/site-packages/airflow/example_dags/example_sensors.py
[2024-03-08T14:54:27.424+0530] {processor.py:840} INFO - DAG(s) 'example_sensors' retrieved from /Users/anikbhowmick/Python/Big_Data_Assignment/A02/airflow_env/lib/python3.11/site-packages/airflow/example_dags/example_sensors.py
[2024-03-08T14:54:27.459+0530] {logging_mixin.py:188} INFO - [2024-03-08T14:54:27.459+0530] {dag.py:3047} INFO - Sync 1 DAGs
[2024-03-08T14:54:27.462+0530] {logging_mixin.py:188} INFO - [2024-03-08T14:54:27.462+0530] {dag.py:3834} INFO - Setting next_dagrun for example_sensors to None, run_after=None
[2024-03-08T14:54:27.468+0530] {processor.py:183} INFO - Processing /Users/anikbhowmick/Python/Big_Data_Assignment/A02/airflow_env/lib/python3.11/site-packages/airflow/example_dags/example_sensors.py took 0.073 seconds
[2024-03-08T14:56:13.157+0530] {processor.py:161} INFO - Started process (PID=18227) to work on /Users/anikbhowmick/Python/Big_Data_Assignment/A02/airflow_env/lib/python3.11/site-packages/airflow/example_dags/example_sensors.py
[2024-03-08T14:56:13.159+0530] {processor.py:830} INFO - Processing file /Users/anikbhowmick/Python/Big_Data_Assignment/A02/airflow_env/lib/python3.11/site-packages/airflow/example_dags/example_sensors.py for tasks to queue
[2024-03-08T14:56:13.159+0530] {logging_mixin.py:188} INFO - [2024-03-08T14:56:13.159+0530] {dagbag.py:540} INFO - Filling up the DagBag from /Users/anikbhowmick/Python/Big_Data_Assignment/A02/airflow_env/lib/python3.11/site-packages/airflow/example_dags/example_sensors.py
[2024-03-08T14:56:13.186+0530] {processor.py:840} INFO - DAG(s) 'example_sensors' retrieved from /Users/anikbhowmick/Python/Big_Data_Assignment/A02/airflow_env/lib/python3.11/site-packages/airflow/example_dags/example_sensors.py
[2024-03-08T14:56:13.219+0530] {logging_mixin.py:188} INFO - [2024-03-08T14:56:13.219+0530] {dag.py:3047} INFO - Sync 1 DAGs
[2024-03-08T14:56:13.222+0530] {logging_mixin.py:188} INFO - [2024-03-08T14:56:13.222+0530] {dag.py:3834} INFO - Setting next_dagrun for example_sensors to None, run_after=None
[2024-03-08T14:56:13.228+0530] {processor.py:183} INFO - Processing /Users/anikbhowmick/Python/Big_Data_Assignment/A02/airflow_env/lib/python3.11/site-packages/airflow/example_dags/example_sensors.py took 0.071 seconds
[2024-03-08T14:58:02.615+0530] {processor.py:161} INFO - Started process (PID=18292) to work on /Users/anikbhowmick/Python/Big_Data_Assignment/A02/airflow_env/lib/python3.11/site-packages/airflow/example_dags/example_sensors.py
[2024-03-08T14:58:02.616+0530] {processor.py:830} INFO - Processing file /Users/anikbhowmick/Python/Big_Data_Assignment/A02/airflow_env/lib/python3.11/site-packages/airflow/example_dags/example_sensors.py for tasks to queue
[2024-03-08T14:58:02.616+0530] {logging_mixin.py:188} INFO - [2024-03-08T14:58:02.616+0530] {dagbag.py:540} INFO - Filling up the DagBag from /Users/anikbhowmick/Python/Big_Data_Assignment/A02/airflow_env/lib/python3.11/site-packages/airflow/example_dags/example_sensors.py
[2024-03-08T14:58:02.643+0530] {processor.py:840} INFO - DAG(s) 'example_sensors' retrieved from /Users/anikbhowmick/Python/Big_Data_Assignment/A02/airflow_env/lib/python3.11/site-packages/airflow/example_dags/example_sensors.py
[2024-03-08T14:58:02.677+0530] {logging_mixin.py:188} INFO - [2024-03-08T14:58:02.677+0530] {dag.py:3047} INFO - Sync 1 DAGs
[2024-03-08T14:58:02.679+0530] {logging_mixin.py:188} INFO - [2024-03-08T14:58:02.679+0530] {dag.py:3834} INFO - Setting next_dagrun for example_sensors to None, run_after=None
[2024-03-08T14:58:02.685+0530] {processor.py:183} INFO - Processing /Users/anikbhowmick/Python/Big_Data_Assignment/A02/airflow_env/lib/python3.11/site-packages/airflow/example_dags/example_sensors.py took 0.071 seconds
[2024-03-08T14:59:55.074+0530] {processor.py:161} INFO - Started process (PID=18366) to work on /Users/anikbhowmick/Python/Big_Data_Assignment/A02/airflow_env/lib/python3.11/site-packages/airflow/example_dags/example_sensors.py
[2024-03-08T14:59:55.075+0530] {processor.py:830} INFO - Processing file /Users/anikbhowmick/Python/Big_Data_Assignment/A02/airflow_env/lib/python3.11/site-packages/airflow/example_dags/example_sensors.py for tasks to queue
[2024-03-08T14:59:55.075+0530] {logging_mixin.py:188} INFO - [2024-03-08T14:59:55.075+0530] {dagbag.py:540} INFO - Filling up the DagBag from /Users/anikbhowmick/Python/Big_Data_Assignment/A02/airflow_env/lib/python3.11/site-packages/airflow/example_dags/example_sensors.py
[2024-03-08T14:59:55.101+0530] {processor.py:840} INFO - DAG(s) 'example_sensors' retrieved from /Users/anikbhowmick/Python/Big_Data_Assignment/A02/airflow_env/lib/python3.11/site-packages/airflow/example_dags/example_sensors.py
[2024-03-08T14:59:55.136+0530] {logging_mixin.py:188} INFO - [2024-03-08T14:59:55.135+0530] {dag.py:3047} INFO - Sync 1 DAGs
[2024-03-08T14:59:55.138+0530] {logging_mixin.py:188} INFO - [2024-03-08T14:59:55.138+0530] {dag.py:3834} INFO - Setting next_dagrun for example_sensors to None, run_after=None
[2024-03-08T14:59:55.144+0530] {processor.py:183} INFO - Processing /Users/anikbhowmick/Python/Big_Data_Assignment/A02/airflow_env/lib/python3.11/site-packages/airflow/example_dags/example_sensors.py took 0.071 seconds
[2024-03-08T15:01:51.780+0530] {processor.py:161} INFO - Started process (PID=18442) to work on /Users/anikbhowmick/Python/Big_Data_Assignment/A02/airflow_env/lib/python3.11/site-packages/airflow/example_dags/example_sensors.py
[2024-03-08T15:01:51.780+0530] {processor.py:830} INFO - Processing file /Users/anikbhowmick/Python/Big_Data_Assignment/A02/airflow_env/lib/python3.11/site-packages/airflow/example_dags/example_sensors.py for tasks to queue
[2024-03-08T15:01:51.781+0530] {logging_mixin.py:188} INFO - [2024-03-08T15:01:51.781+0530] {dagbag.py:540} INFO - Filling up the DagBag from /Users/anikbhowmick/Python/Big_Data_Assignment/A02/airflow_env/lib/python3.11/site-packages/airflow/example_dags/example_sensors.py
[2024-03-08T15:01:51.811+0530] {processor.py:840} INFO - DAG(s) 'example_sensors' retrieved from /Users/anikbhowmick/Python/Big_Data_Assignment/A02/airflow_env/lib/python3.11/site-packages/airflow/example_dags/example_sensors.py
[2024-03-08T15:01:51.846+0530] {logging_mixin.py:188} INFO - [2024-03-08T15:01:51.846+0530] {dag.py:3047} INFO - Sync 1 DAGs
[2024-03-08T15:01:51.849+0530] {logging_mixin.py:188} INFO - [2024-03-08T15:01:51.849+0530] {dag.py:3834} INFO - Setting next_dagrun for example_sensors to None, run_after=None
[2024-03-08T15:01:51.855+0530] {processor.py:183} INFO - Processing /Users/anikbhowmick/Python/Big_Data_Assignment/A02/airflow_env/lib/python3.11/site-packages/airflow/example_dags/example_sensors.py took 0.076 seconds
[2024-03-08T15:03:37.011+0530] {processor.py:161} INFO - Started process (PID=18515) to work on /Users/anikbhowmick/Python/Big_Data_Assignment/A02/airflow_env/lib/python3.11/site-packages/airflow/example_dags/example_sensors.py
[2024-03-08T15:03:37.012+0530] {processor.py:830} INFO - Processing file /Users/anikbhowmick/Python/Big_Data_Assignment/A02/airflow_env/lib/python3.11/site-packages/airflow/example_dags/example_sensors.py for tasks to queue
[2024-03-08T15:03:37.012+0530] {logging_mixin.py:188} INFO - [2024-03-08T15:03:37.012+0530] {dagbag.py:540} INFO - Filling up the DagBag from /Users/anikbhowmick/Python/Big_Data_Assignment/A02/airflow_env/lib/python3.11/site-packages/airflow/example_dags/example_sensors.py
[2024-03-08T15:03:37.044+0530] {processor.py:840} INFO - DAG(s) 'example_sensors' retrieved from /Users/anikbhowmick/Python/Big_Data_Assignment/A02/airflow_env/lib/python3.11/site-packages/airflow/example_dags/example_sensors.py
[2024-03-08T15:03:37.080+0530] {logging_mixin.py:188} INFO - [2024-03-08T15:03:37.080+0530] {dag.py:3047} INFO - Sync 1 DAGs
[2024-03-08T15:03:37.083+0530] {logging_mixin.py:188} INFO - [2024-03-08T15:03:37.083+0530] {dag.py:3834} INFO - Setting next_dagrun for example_sensors to None, run_after=None
[2024-03-08T15:03:37.089+0530] {processor.py:183} INFO - Processing /Users/anikbhowmick/Python/Big_Data_Assignment/A02/airflow_env/lib/python3.11/site-packages/airflow/example_dags/example_sensors.py took 0.079 seconds
[2024-03-08T15:05:24.220+0530] {processor.py:161} INFO - Started process (PID=18584) to work on /Users/anikbhowmick/Python/Big_Data_Assignment/A02/airflow_env/lib/python3.11/site-packages/airflow/example_dags/example_sensors.py
[2024-03-08T15:05:24.221+0530] {processor.py:830} INFO - Processing file /Users/anikbhowmick/Python/Big_Data_Assignment/A02/airflow_env/lib/python3.11/site-packages/airflow/example_dags/example_sensors.py for tasks to queue
[2024-03-08T15:05:24.221+0530] {logging_mixin.py:188} INFO - [2024-03-08T15:05:24.221+0530] {dagbag.py:540} INFO - Filling up the DagBag from /Users/anikbhowmick/Python/Big_Data_Assignment/A02/airflow_env/lib/python3.11/site-packages/airflow/example_dags/example_sensors.py
[2024-03-08T15:05:24.247+0530] {processor.py:840} INFO - DAG(s) 'example_sensors' retrieved from /Users/anikbhowmick/Python/Big_Data_Assignment/A02/airflow_env/lib/python3.11/site-packages/airflow/example_dags/example_sensors.py
[2024-03-08T15:05:24.283+0530] {logging_mixin.py:188} INFO - [2024-03-08T15:05:24.283+0530] {dag.py:3047} INFO - Sync 1 DAGs
[2024-03-08T15:05:24.286+0530] {logging_mixin.py:188} INFO - [2024-03-08T15:05:24.286+0530] {dag.py:3834} INFO - Setting next_dagrun for example_sensors to None, run_after=None
[2024-03-08T15:05:24.292+0530] {processor.py:183} INFO - Processing /Users/anikbhowmick/Python/Big_Data_Assignment/A02/airflow_env/lib/python3.11/site-packages/airflow/example_dags/example_sensors.py took 0.072 seconds
[2024-03-08T15:10:25.540+0530] {processor.py:161} INFO - Started process (PID=18909) to work on /Users/anikbhowmick/Python/Big_Data_Assignment/A02/airflow_env/lib/python3.11/site-packages/airflow/example_dags/example_sensors.py
[2024-03-08T15:10:25.541+0530] {processor.py:830} INFO - Processing file /Users/anikbhowmick/Python/Big_Data_Assignment/A02/airflow_env/lib/python3.11/site-packages/airflow/example_dags/example_sensors.py for tasks to queue
[2024-03-08T15:10:25.542+0530] {logging_mixin.py:188} INFO - [2024-03-08T15:10:25.542+0530] {dagbag.py:540} INFO - Filling up the DagBag from /Users/anikbhowmick/Python/Big_Data_Assignment/A02/airflow_env/lib/python3.11/site-packages/airflow/example_dags/example_sensors.py
[2024-03-08T15:10:25.571+0530] {processor.py:840} INFO - DAG(s) 'example_sensors' retrieved from /Users/anikbhowmick/Python/Big_Data_Assignment/A02/airflow_env/lib/python3.11/site-packages/airflow/example_dags/example_sensors.py
[2024-03-08T15:10:25.607+0530] {logging_mixin.py:188} INFO - [2024-03-08T15:10:25.607+0530] {dag.py:3047} INFO - Sync 1 DAGs
[2024-03-08T15:10:25.610+0530] {logging_mixin.py:188} INFO - [2024-03-08T15:10:25.610+0530] {dag.py:3834} INFO - Setting next_dagrun for example_sensors to None, run_after=None
[2024-03-08T15:10:25.616+0530] {processor.py:183} INFO - Processing /Users/anikbhowmick/Python/Big_Data_Assignment/A02/airflow_env/lib/python3.11/site-packages/airflow/example_dags/example_sensors.py took 0.076 seconds
[2024-03-08T16:49:18.104+0530] {processor.py:161} INFO - Started process (PID=1230) to work on /Users/anikbhowmick/Python/Big_Data_Assignment/A02/airflow_env/lib/python3.11/site-packages/airflow/example_dags/example_sensors.py
[2024-03-08T16:49:18.105+0530] {processor.py:830} INFO - Processing file /Users/anikbhowmick/Python/Big_Data_Assignment/A02/airflow_env/lib/python3.11/site-packages/airflow/example_dags/example_sensors.py for tasks to queue
[2024-03-08T16:49:18.105+0530] {logging_mixin.py:188} INFO - [2024-03-08T16:49:18.105+0530] {dagbag.py:540} INFO - Filling up the DagBag from /Users/anikbhowmick/Python/Big_Data_Assignment/A02/airflow_env/lib/python3.11/site-packages/airflow/example_dags/example_sensors.py
[2024-03-08T16:49:18.132+0530] {processor.py:840} INFO - DAG(s) 'example_sensors' retrieved from /Users/anikbhowmick/Python/Big_Data_Assignment/A02/airflow_env/lib/python3.11/site-packages/airflow/example_dags/example_sensors.py
[2024-03-08T16:49:18.166+0530] {logging_mixin.py:188} INFO - [2024-03-08T16:49:18.166+0530] {dag.py:3047} INFO - Sync 1 DAGs
[2024-03-08T16:49:18.168+0530] {logging_mixin.py:188} INFO - [2024-03-08T16:49:18.168+0530] {dag.py:3834} INFO - Setting next_dagrun for example_sensors to None, run_after=None
[2024-03-08T16:49:18.174+0530] {processor.py:183} INFO - Processing /Users/anikbhowmick/Python/Big_Data_Assignment/A02/airflow_env/lib/python3.11/site-packages/airflow/example_dags/example_sensors.py took 0.071 seconds
[2024-03-08T16:53:39.037+0530] {processor.py:161} INFO - Started process (PID=1563) to work on /Users/anikbhowmick/Python/Big_Data_Assignment/A02/airflow_env/lib/python3.11/site-packages/airflow/example_dags/example_sensors.py
[2024-03-08T16:53:39.037+0530] {processor.py:830} INFO - Processing file /Users/anikbhowmick/Python/Big_Data_Assignment/A02/airflow_env/lib/python3.11/site-packages/airflow/example_dags/example_sensors.py for tasks to queue
[2024-03-08T16:53:39.037+0530] {logging_mixin.py:188} INFO - [2024-03-08T16:53:39.037+0530] {dagbag.py:540} INFO - Filling up the DagBag from /Users/anikbhowmick/Python/Big_Data_Assignment/A02/airflow_env/lib/python3.11/site-packages/airflow/example_dags/example_sensors.py
[2024-03-08T16:53:39.064+0530] {processor.py:840} INFO - DAG(s) 'example_sensors' retrieved from /Users/anikbhowmick/Python/Big_Data_Assignment/A02/airflow_env/lib/python3.11/site-packages/airflow/example_dags/example_sensors.py
[2024-03-08T16:53:39.098+0530] {logging_mixin.py:188} INFO - [2024-03-08T16:53:39.098+0530] {dag.py:3047} INFO - Sync 1 DAGs
[2024-03-08T16:53:39.101+0530] {logging_mixin.py:188} INFO - [2024-03-08T16:53:39.101+0530] {dag.py:3834} INFO - Setting next_dagrun for example_sensors to None, run_after=None
[2024-03-08T16:53:39.107+0530] {processor.py:183} INFO - Processing /Users/anikbhowmick/Python/Big_Data_Assignment/A02/airflow_env/lib/python3.11/site-packages/airflow/example_dags/example_sensors.py took 0.071 seconds
[2024-03-08T16:55:07.727+0530] {processor.py:161} INFO - Started process (PID=1623) to work on /Users/anikbhowmick/Python/Big_Data_Assignment/A02/airflow_env/lib/python3.11/site-packages/airflow/example_dags/example_sensors.py
[2024-03-08T16:55:07.728+0530] {processor.py:830} INFO - Processing file /Users/anikbhowmick/Python/Big_Data_Assignment/A02/airflow_env/lib/python3.11/site-packages/airflow/example_dags/example_sensors.py for tasks to queue
[2024-03-08T16:55:07.728+0530] {logging_mixin.py:188} INFO - [2024-03-08T16:55:07.728+0530] {dagbag.py:540} INFO - Filling up the DagBag from /Users/anikbhowmick/Python/Big_Data_Assignment/A02/airflow_env/lib/python3.11/site-packages/airflow/example_dags/example_sensors.py
[2024-03-08T16:55:07.754+0530] {processor.py:840} INFO - DAG(s) 'example_sensors' retrieved from /Users/anikbhowmick/Python/Big_Data_Assignment/A02/airflow_env/lib/python3.11/site-packages/airflow/example_dags/example_sensors.py
[2024-03-08T16:55:07.787+0530] {logging_mixin.py:188} INFO - [2024-03-08T16:55:07.787+0530] {dag.py:3047} INFO - Sync 1 DAGs
[2024-03-08T16:55:07.790+0530] {logging_mixin.py:188} INFO - [2024-03-08T16:55:07.790+0530] {dag.py:3834} INFO - Setting next_dagrun for example_sensors to None, run_after=None
[2024-03-08T16:55:07.796+0530] {processor.py:183} INFO - Processing /Users/anikbhowmick/Python/Big_Data_Assignment/A02/airflow_env/lib/python3.11/site-packages/airflow/example_dags/example_sensors.py took 0.069 seconds
