[2024-03-08T12:17:43.827+0530] {processor.py:161} INFO - Started process (PID=11322) to work on /Users/anikbhowmick/Python/Big_Data_Assignment/A02/airflow_env/lib/python3.11/site-packages/airflow/example_dags/example_branch_operator_decorator.py
[2024-03-08T12:17:43.827+0530] {processor.py:830} INFO - Processing file /Users/anikbhowmick/Python/Big_Data_Assignment/A02/airflow_env/lib/python3.11/site-packages/airflow/example_dags/example_branch_operator_decorator.py for tasks to queue
[2024-03-08T12:17:43.827+0530] {logging_mixin.py:188} INFO - [2024-03-08T12:17:43.827+0530] {dagbag.py:540} INFO - Filling up the DagBag from /Users/anikbhowmick/Python/Big_Data_Assignment/A02/airflow_env/lib/python3.11/site-packages/airflow/example_dags/example_branch_operator_decorator.py
[2024-03-08T12:17:43.864+0530] {processor.py:840} INFO - DAG(s) 'example_branch_python_operator_decorator' retrieved from /Users/anikbhowmick/Python/Big_Data_Assignment/A02/airflow_env/lib/python3.11/site-packages/airflow/example_dags/example_branch_operator_decorator.py
[2024-03-08T12:17:43.921+0530] {logging_mixin.py:188} INFO - [2024-03-08T12:17:43.920+0530] {dag.py:3047} INFO - Sync 1 DAGs
[2024-03-08T12:17:43.926+0530] {logging_mixin.py:188} INFO - [2024-03-08T12:17:43.926+0530] {dag.py:3834} INFO - Setting next_dagrun for example_branch_python_operator_decorator to 2024-03-07 00:00:00+00:00, run_after=2024-03-08 00:00:00+00:00
[2024-03-08T12:17:43.932+0530] {processor.py:183} INFO - Processing /Users/anikbhowmick/Python/Big_Data_Assignment/A02/airflow_env/lib/python3.11/site-packages/airflow/example_dags/example_branch_operator_decorator.py took 0.106 seconds
[2024-03-08T12:19:37.737+0530] {processor.py:161} INFO - Started process (PID=11397) to work on /Users/anikbhowmick/Python/Big_Data_Assignment/A02/airflow_env/lib/python3.11/site-packages/airflow/example_dags/example_branch_operator_decorator.py
[2024-03-08T12:19:37.737+0530] {processor.py:830} INFO - Processing file /Users/anikbhowmick/Python/Big_Data_Assignment/A02/airflow_env/lib/python3.11/site-packages/airflow/example_dags/example_branch_operator_decorator.py for tasks to queue
[2024-03-08T12:19:37.737+0530] {logging_mixin.py:188} INFO - [2024-03-08T12:19:37.737+0530] {dagbag.py:540} INFO - Filling up the DagBag from /Users/anikbhowmick/Python/Big_Data_Assignment/A02/airflow_env/lib/python3.11/site-packages/airflow/example_dags/example_branch_operator_decorator.py
[2024-03-08T12:19:37.774+0530] {processor.py:840} INFO - DAG(s) 'example_branch_python_operator_decorator' retrieved from /Users/anikbhowmick/Python/Big_Data_Assignment/A02/airflow_env/lib/python3.11/site-packages/airflow/example_dags/example_branch_operator_decorator.py
[2024-03-08T12:19:37.829+0530] {logging_mixin.py:188} INFO - [2024-03-08T12:19:37.829+0530] {dag.py:3047} INFO - Sync 1 DAGs
[2024-03-08T12:19:37.835+0530] {logging_mixin.py:188} INFO - [2024-03-08T12:19:37.834+0530] {dag.py:3834} INFO - Setting next_dagrun for example_branch_python_operator_decorator to 2024-03-07 00:00:00+00:00, run_after=2024-03-08 00:00:00+00:00
[2024-03-08T12:19:37.841+0530] {processor.py:183} INFO - Processing /Users/anikbhowmick/Python/Big_Data_Assignment/A02/airflow_env/lib/python3.11/site-packages/airflow/example_dags/example_branch_operator_decorator.py took 0.104 seconds
[2024-03-08T12:21:28.402+0530] {processor.py:161} INFO - Started process (PID=11471) to work on /Users/anikbhowmick/Python/Big_Data_Assignment/A02/airflow_env/lib/python3.11/site-packages/airflow/example_dags/example_branch_operator_decorator.py
[2024-03-08T12:21:28.403+0530] {processor.py:830} INFO - Processing file /Users/anikbhowmick/Python/Big_Data_Assignment/A02/airflow_env/lib/python3.11/site-packages/airflow/example_dags/example_branch_operator_decorator.py for tasks to queue
[2024-03-08T12:21:28.403+0530] {logging_mixin.py:188} INFO - [2024-03-08T12:21:28.403+0530] {dagbag.py:540} INFO - Filling up the DagBag from /Users/anikbhowmick/Python/Big_Data_Assignment/A02/airflow_env/lib/python3.11/site-packages/airflow/example_dags/example_branch_operator_decorator.py
[2024-03-08T12:21:28.440+0530] {processor.py:840} INFO - DAG(s) 'example_branch_python_operator_decorator' retrieved from /Users/anikbhowmick/Python/Big_Data_Assignment/A02/airflow_env/lib/python3.11/site-packages/airflow/example_dags/example_branch_operator_decorator.py
[2024-03-08T12:21:28.495+0530] {logging_mixin.py:188} INFO - [2024-03-08T12:21:28.494+0530] {dag.py:3047} INFO - Sync 1 DAGs
[2024-03-08T12:21:28.500+0530] {logging_mixin.py:188} INFO - [2024-03-08T12:21:28.500+0530] {dag.py:3834} INFO - Setting next_dagrun for example_branch_python_operator_decorator to 2024-03-07 00:00:00+00:00, run_after=2024-03-08 00:00:00+00:00
[2024-03-08T12:21:28.506+0530] {processor.py:183} INFO - Processing /Users/anikbhowmick/Python/Big_Data_Assignment/A02/airflow_env/lib/python3.11/site-packages/airflow/example_dags/example_branch_operator_decorator.py took 0.104 seconds
[2024-03-08T12:23:14.622+0530] {processor.py:161} INFO - Started process (PID=11585) to work on /Users/anikbhowmick/Python/Big_Data_Assignment/A02/airflow_env/lib/python3.11/site-packages/airflow/example_dags/example_branch_operator_decorator.py
[2024-03-08T12:23:14.623+0530] {processor.py:830} INFO - Processing file /Users/anikbhowmick/Python/Big_Data_Assignment/A02/airflow_env/lib/python3.11/site-packages/airflow/example_dags/example_branch_operator_decorator.py for tasks to queue
[2024-03-08T12:23:14.623+0530] {logging_mixin.py:188} INFO - [2024-03-08T12:23:14.623+0530] {dagbag.py:540} INFO - Filling up the DagBag from /Users/anikbhowmick/Python/Big_Data_Assignment/A02/airflow_env/lib/python3.11/site-packages/airflow/example_dags/example_branch_operator_decorator.py
[2024-03-08T12:23:14.660+0530] {processor.py:840} INFO - DAG(s) 'example_branch_python_operator_decorator' retrieved from /Users/anikbhowmick/Python/Big_Data_Assignment/A02/airflow_env/lib/python3.11/site-packages/airflow/example_dags/example_branch_operator_decorator.py
[2024-03-08T12:23:14.717+0530] {logging_mixin.py:188} INFO - [2024-03-08T12:23:14.717+0530] {dag.py:3047} INFO - Sync 1 DAGs
[2024-03-08T12:23:14.722+0530] {logging_mixin.py:188} INFO - [2024-03-08T12:23:14.722+0530] {dag.py:3834} INFO - Setting next_dagrun for example_branch_python_operator_decorator to 2024-03-07 00:00:00+00:00, run_after=2024-03-08 00:00:00+00:00
[2024-03-08T12:23:14.728+0530] {processor.py:183} INFO - Processing /Users/anikbhowmick/Python/Big_Data_Assignment/A02/airflow_env/lib/python3.11/site-packages/airflow/example_dags/example_branch_operator_decorator.py took 0.106 seconds
[2024-03-08T12:25:10.060+0530] {processor.py:161} INFO - Started process (PID=11668) to work on /Users/anikbhowmick/Python/Big_Data_Assignment/A02/airflow_env/lib/python3.11/site-packages/airflow/example_dags/example_branch_operator_decorator.py
[2024-03-08T12:25:10.061+0530] {processor.py:830} INFO - Processing file /Users/anikbhowmick/Python/Big_Data_Assignment/A02/airflow_env/lib/python3.11/site-packages/airflow/example_dags/example_branch_operator_decorator.py for tasks to queue
[2024-03-08T12:25:10.061+0530] {logging_mixin.py:188} INFO - [2024-03-08T12:25:10.061+0530] {dagbag.py:540} INFO - Filling up the DagBag from /Users/anikbhowmick/Python/Big_Data_Assignment/A02/airflow_env/lib/python3.11/site-packages/airflow/example_dags/example_branch_operator_decorator.py
[2024-03-08T12:25:10.097+0530] {processor.py:840} INFO - DAG(s) 'example_branch_python_operator_decorator' retrieved from /Users/anikbhowmick/Python/Big_Data_Assignment/A02/airflow_env/lib/python3.11/site-packages/airflow/example_dags/example_branch_operator_decorator.py
[2024-03-08T12:25:10.153+0530] {logging_mixin.py:188} INFO - [2024-03-08T12:25:10.153+0530] {dag.py:3047} INFO - Sync 1 DAGs
[2024-03-08T12:25:10.158+0530] {logging_mixin.py:188} INFO - [2024-03-08T12:25:10.158+0530] {dag.py:3834} INFO - Setting next_dagrun for example_branch_python_operator_decorator to 2024-03-07 00:00:00+00:00, run_after=2024-03-08 00:00:00+00:00
[2024-03-08T12:25:10.164+0530] {processor.py:183} INFO - Processing /Users/anikbhowmick/Python/Big_Data_Assignment/A02/airflow_env/lib/python3.11/site-packages/airflow/example_dags/example_branch_operator_decorator.py took 0.105 seconds
[2024-03-08T12:27:01.950+0530] {processor.py:161} INFO - Started process (PID=11756) to work on /Users/anikbhowmick/Python/Big_Data_Assignment/A02/airflow_env/lib/python3.11/site-packages/airflow/example_dags/example_branch_operator_decorator.py
[2024-03-08T12:27:01.951+0530] {processor.py:830} INFO - Processing file /Users/anikbhowmick/Python/Big_Data_Assignment/A02/airflow_env/lib/python3.11/site-packages/airflow/example_dags/example_branch_operator_decorator.py for tasks to queue
[2024-03-08T12:27:01.951+0530] {logging_mixin.py:188} INFO - [2024-03-08T12:27:01.951+0530] {dagbag.py:540} INFO - Filling up the DagBag from /Users/anikbhowmick/Python/Big_Data_Assignment/A02/airflow_env/lib/python3.11/site-packages/airflow/example_dags/example_branch_operator_decorator.py
[2024-03-08T12:27:01.989+0530] {processor.py:840} INFO - DAG(s) 'example_branch_python_operator_decorator' retrieved from /Users/anikbhowmick/Python/Big_Data_Assignment/A02/airflow_env/lib/python3.11/site-packages/airflow/example_dags/example_branch_operator_decorator.py
[2024-03-08T12:27:02.044+0530] {logging_mixin.py:188} INFO - [2024-03-08T12:27:02.044+0530] {dag.py:3047} INFO - Sync 1 DAGs
[2024-03-08T12:27:02.049+0530] {logging_mixin.py:188} INFO - [2024-03-08T12:27:02.049+0530] {dag.py:3834} INFO - Setting next_dagrun for example_branch_python_operator_decorator to 2024-03-07 00:00:00+00:00, run_after=2024-03-08 00:00:00+00:00
[2024-03-08T12:27:02.055+0530] {processor.py:183} INFO - Processing /Users/anikbhowmick/Python/Big_Data_Assignment/A02/airflow_env/lib/python3.11/site-packages/airflow/example_dags/example_branch_operator_decorator.py took 0.106 seconds
[2024-03-08T12:28:49.294+0530] {processor.py:161} INFO - Started process (PID=11827) to work on /Users/anikbhowmick/Python/Big_Data_Assignment/A02/airflow_env/lib/python3.11/site-packages/airflow/example_dags/example_branch_operator_decorator.py
[2024-03-08T12:28:49.295+0530] {processor.py:830} INFO - Processing file /Users/anikbhowmick/Python/Big_Data_Assignment/A02/airflow_env/lib/python3.11/site-packages/airflow/example_dags/example_branch_operator_decorator.py for tasks to queue
[2024-03-08T12:28:49.295+0530] {logging_mixin.py:188} INFO - [2024-03-08T12:28:49.295+0530] {dagbag.py:540} INFO - Filling up the DagBag from /Users/anikbhowmick/Python/Big_Data_Assignment/A02/airflow_env/lib/python3.11/site-packages/airflow/example_dags/example_branch_operator_decorator.py
[2024-03-08T12:28:49.332+0530] {processor.py:840} INFO - DAG(s) 'example_branch_python_operator_decorator' retrieved from /Users/anikbhowmick/Python/Big_Data_Assignment/A02/airflow_env/lib/python3.11/site-packages/airflow/example_dags/example_branch_operator_decorator.py
[2024-03-08T12:28:49.388+0530] {logging_mixin.py:188} INFO - [2024-03-08T12:28:49.388+0530] {dag.py:3047} INFO - Sync 1 DAGs
[2024-03-08T12:28:49.393+0530] {logging_mixin.py:188} INFO - [2024-03-08T12:28:49.393+0530] {dag.py:3834} INFO - Setting next_dagrun for example_branch_python_operator_decorator to 2024-03-07 00:00:00+00:00, run_after=2024-03-08 00:00:00+00:00
[2024-03-08T12:28:49.399+0530] {processor.py:183} INFO - Processing /Users/anikbhowmick/Python/Big_Data_Assignment/A02/airflow_env/lib/python3.11/site-packages/airflow/example_dags/example_branch_operator_decorator.py took 0.105 seconds
[2024-03-08T12:30:41.282+0530] {processor.py:161} INFO - Started process (PID=11907) to work on /Users/anikbhowmick/Python/Big_Data_Assignment/A02/airflow_env/lib/python3.11/site-packages/airflow/example_dags/example_branch_operator_decorator.py
[2024-03-08T12:30:41.282+0530] {processor.py:830} INFO - Processing file /Users/anikbhowmick/Python/Big_Data_Assignment/A02/airflow_env/lib/python3.11/site-packages/airflow/example_dags/example_branch_operator_decorator.py for tasks to queue
[2024-03-08T12:30:41.282+0530] {logging_mixin.py:188} INFO - [2024-03-08T12:30:41.282+0530] {dagbag.py:540} INFO - Filling up the DagBag from /Users/anikbhowmick/Python/Big_Data_Assignment/A02/airflow_env/lib/python3.11/site-packages/airflow/example_dags/example_branch_operator_decorator.py
[2024-03-08T12:30:41.319+0530] {processor.py:840} INFO - DAG(s) 'example_branch_python_operator_decorator' retrieved from /Users/anikbhowmick/Python/Big_Data_Assignment/A02/airflow_env/lib/python3.11/site-packages/airflow/example_dags/example_branch_operator_decorator.py
[2024-03-08T12:30:41.374+0530] {logging_mixin.py:188} INFO - [2024-03-08T12:30:41.374+0530] {dag.py:3047} INFO - Sync 1 DAGs
[2024-03-08T12:30:41.379+0530] {logging_mixin.py:188} INFO - [2024-03-08T12:30:41.379+0530] {dag.py:3834} INFO - Setting next_dagrun for example_branch_python_operator_decorator to 2024-03-07 00:00:00+00:00, run_after=2024-03-08 00:00:00+00:00
[2024-03-08T12:30:41.385+0530] {processor.py:183} INFO - Processing /Users/anikbhowmick/Python/Big_Data_Assignment/A02/airflow_env/lib/python3.11/site-packages/airflow/example_dags/example_branch_operator_decorator.py took 0.104 seconds
[2024-03-08T12:32:33.667+0530] {processor.py:161} INFO - Started process (PID=11977) to work on /Users/anikbhowmick/Python/Big_Data_Assignment/A02/airflow_env/lib/python3.11/site-packages/airflow/example_dags/example_branch_operator_decorator.py
[2024-03-08T12:32:33.668+0530] {processor.py:830} INFO - Processing file /Users/anikbhowmick/Python/Big_Data_Assignment/A02/airflow_env/lib/python3.11/site-packages/airflow/example_dags/example_branch_operator_decorator.py for tasks to queue
[2024-03-08T12:32:33.668+0530] {logging_mixin.py:188} INFO - [2024-03-08T12:32:33.668+0530] {dagbag.py:540} INFO - Filling up the DagBag from /Users/anikbhowmick/Python/Big_Data_Assignment/A02/airflow_env/lib/python3.11/site-packages/airflow/example_dags/example_branch_operator_decorator.py
[2024-03-08T12:32:33.705+0530] {processor.py:840} INFO - DAG(s) 'example_branch_python_operator_decorator' retrieved from /Users/anikbhowmick/Python/Big_Data_Assignment/A02/airflow_env/lib/python3.11/site-packages/airflow/example_dags/example_branch_operator_decorator.py
[2024-03-08T12:32:33.760+0530] {logging_mixin.py:188} INFO - [2024-03-08T12:32:33.760+0530] {dag.py:3047} INFO - Sync 1 DAGs
[2024-03-08T12:32:33.765+0530] {logging_mixin.py:188} INFO - [2024-03-08T12:32:33.765+0530] {dag.py:3834} INFO - Setting next_dagrun for example_branch_python_operator_decorator to 2024-03-07 00:00:00+00:00, run_after=2024-03-08 00:00:00+00:00
[2024-03-08T12:32:33.771+0530] {processor.py:183} INFO - Processing /Users/anikbhowmick/Python/Big_Data_Assignment/A02/airflow_env/lib/python3.11/site-packages/airflow/example_dags/example_branch_operator_decorator.py took 0.105 seconds
[2024-03-08T12:34:27.334+0530] {processor.py:161} INFO - Started process (PID=12055) to work on /Users/anikbhowmick/Python/Big_Data_Assignment/A02/airflow_env/lib/python3.11/site-packages/airflow/example_dags/example_branch_operator_decorator.py
[2024-03-08T12:34:27.336+0530] {processor.py:830} INFO - Processing file /Users/anikbhowmick/Python/Big_Data_Assignment/A02/airflow_env/lib/python3.11/site-packages/airflow/example_dags/example_branch_operator_decorator.py for tasks to queue
[2024-03-08T12:34:27.336+0530] {logging_mixin.py:188} INFO - [2024-03-08T12:34:27.336+0530] {dagbag.py:540} INFO - Filling up the DagBag from /Users/anikbhowmick/Python/Big_Data_Assignment/A02/airflow_env/lib/python3.11/site-packages/airflow/example_dags/example_branch_operator_decorator.py
[2024-03-08T12:34:27.374+0530] {processor.py:840} INFO - DAG(s) 'example_branch_python_operator_decorator' retrieved from /Users/anikbhowmick/Python/Big_Data_Assignment/A02/airflow_env/lib/python3.11/site-packages/airflow/example_dags/example_branch_operator_decorator.py
[2024-03-08T12:34:27.429+0530] {logging_mixin.py:188} INFO - [2024-03-08T12:34:27.429+0530] {dag.py:3047} INFO - Sync 1 DAGs
[2024-03-08T12:34:27.434+0530] {logging_mixin.py:188} INFO - [2024-03-08T12:34:27.434+0530] {dag.py:3834} INFO - Setting next_dagrun for example_branch_python_operator_decorator to 2024-03-07 00:00:00+00:00, run_after=2024-03-08 00:00:00+00:00
[2024-03-08T12:34:27.440+0530] {processor.py:183} INFO - Processing /Users/anikbhowmick/Python/Big_Data_Assignment/A02/airflow_env/lib/python3.11/site-packages/airflow/example_dags/example_branch_operator_decorator.py took 0.106 seconds
[2024-03-08T12:36:22.350+0530] {processor.py:161} INFO - Started process (PID=12128) to work on /Users/anikbhowmick/Python/Big_Data_Assignment/A02/airflow_env/lib/python3.11/site-packages/airflow/example_dags/example_branch_operator_decorator.py
[2024-03-08T12:36:22.350+0530] {processor.py:830} INFO - Processing file /Users/anikbhowmick/Python/Big_Data_Assignment/A02/airflow_env/lib/python3.11/site-packages/airflow/example_dags/example_branch_operator_decorator.py for tasks to queue
[2024-03-08T12:36:22.350+0530] {logging_mixin.py:188} INFO - [2024-03-08T12:36:22.350+0530] {dagbag.py:540} INFO - Filling up the DagBag from /Users/anikbhowmick/Python/Big_Data_Assignment/A02/airflow_env/lib/python3.11/site-packages/airflow/example_dags/example_branch_operator_decorator.py
[2024-03-08T12:36:22.389+0530] {processor.py:840} INFO - DAG(s) 'example_branch_python_operator_decorator' retrieved from /Users/anikbhowmick/Python/Big_Data_Assignment/A02/airflow_env/lib/python3.11/site-packages/airflow/example_dags/example_branch_operator_decorator.py
[2024-03-08T12:36:22.445+0530] {logging_mixin.py:188} INFO - [2024-03-08T12:36:22.444+0530] {dag.py:3047} INFO - Sync 1 DAGs
[2024-03-08T12:36:22.450+0530] {logging_mixin.py:188} INFO - [2024-03-08T12:36:22.450+0530] {dag.py:3834} INFO - Setting next_dagrun for example_branch_python_operator_decorator to 2024-03-07 00:00:00+00:00, run_after=2024-03-08 00:00:00+00:00
[2024-03-08T12:36:22.456+0530] {processor.py:183} INFO - Processing /Users/anikbhowmick/Python/Big_Data_Assignment/A02/airflow_env/lib/python3.11/site-packages/airflow/example_dags/example_branch_operator_decorator.py took 0.106 seconds
[2024-03-08T12:38:02.644+0530] {processor.py:161} INFO - Started process (PID=12195) to work on /Users/anikbhowmick/Python/Big_Data_Assignment/A02/airflow_env/lib/python3.11/site-packages/airflow/example_dags/example_branch_operator_decorator.py
[2024-03-08T12:38:02.644+0530] {processor.py:830} INFO - Processing file /Users/anikbhowmick/Python/Big_Data_Assignment/A02/airflow_env/lib/python3.11/site-packages/airflow/example_dags/example_branch_operator_decorator.py for tasks to queue
[2024-03-08T12:38:02.644+0530] {logging_mixin.py:188} INFO - [2024-03-08T12:38:02.644+0530] {dagbag.py:540} INFO - Filling up the DagBag from /Users/anikbhowmick/Python/Big_Data_Assignment/A02/airflow_env/lib/python3.11/site-packages/airflow/example_dags/example_branch_operator_decorator.py
[2024-03-08T12:38:02.682+0530] {processor.py:840} INFO - DAG(s) 'example_branch_python_operator_decorator' retrieved from /Users/anikbhowmick/Python/Big_Data_Assignment/A02/airflow_env/lib/python3.11/site-packages/airflow/example_dags/example_branch_operator_decorator.py
[2024-03-08T12:38:02.737+0530] {logging_mixin.py:188} INFO - [2024-03-08T12:38:02.737+0530] {dag.py:3047} INFO - Sync 1 DAGs
[2024-03-08T12:38:02.742+0530] {logging_mixin.py:188} INFO - [2024-03-08T12:38:02.742+0530] {dag.py:3834} INFO - Setting next_dagrun for example_branch_python_operator_decorator to 2024-03-07 00:00:00+00:00, run_after=2024-03-08 00:00:00+00:00
[2024-03-08T12:38:02.748+0530] {processor.py:183} INFO - Processing /Users/anikbhowmick/Python/Big_Data_Assignment/A02/airflow_env/lib/python3.11/site-packages/airflow/example_dags/example_branch_operator_decorator.py took 0.105 seconds
[2024-03-08T12:39:56.216+0530] {processor.py:161} INFO - Started process (PID=12277) to work on /Users/anikbhowmick/Python/Big_Data_Assignment/A02/airflow_env/lib/python3.11/site-packages/airflow/example_dags/example_branch_operator_decorator.py
[2024-03-08T12:39:56.217+0530] {processor.py:830} INFO - Processing file /Users/anikbhowmick/Python/Big_Data_Assignment/A02/airflow_env/lib/python3.11/site-packages/airflow/example_dags/example_branch_operator_decorator.py for tasks to queue
[2024-03-08T12:39:56.217+0530] {logging_mixin.py:188} INFO - [2024-03-08T12:39:56.217+0530] {dagbag.py:540} INFO - Filling up the DagBag from /Users/anikbhowmick/Python/Big_Data_Assignment/A02/airflow_env/lib/python3.11/site-packages/airflow/example_dags/example_branch_operator_decorator.py
[2024-03-08T12:39:56.256+0530] {processor.py:840} INFO - DAG(s) 'example_branch_python_operator_decorator' retrieved from /Users/anikbhowmick/Python/Big_Data_Assignment/A02/airflow_env/lib/python3.11/site-packages/airflow/example_dags/example_branch_operator_decorator.py
[2024-03-08T12:39:56.311+0530] {logging_mixin.py:188} INFO - [2024-03-08T12:39:56.311+0530] {dag.py:3047} INFO - Sync 1 DAGs
[2024-03-08T12:39:56.317+0530] {logging_mixin.py:188} INFO - [2024-03-08T12:39:56.317+0530] {dag.py:3834} INFO - Setting next_dagrun for example_branch_python_operator_decorator to 2024-03-07 00:00:00+00:00, run_after=2024-03-08 00:00:00+00:00
[2024-03-08T12:39:56.323+0530] {processor.py:183} INFO - Processing /Users/anikbhowmick/Python/Big_Data_Assignment/A02/airflow_env/lib/python3.11/site-packages/airflow/example_dags/example_branch_operator_decorator.py took 0.107 seconds
[2024-03-08T12:41:48.640+0530] {processor.py:161} INFO - Started process (PID=12349) to work on /Users/anikbhowmick/Python/Big_Data_Assignment/A02/airflow_env/lib/python3.11/site-packages/airflow/example_dags/example_branch_operator_decorator.py
[2024-03-08T12:41:48.640+0530] {processor.py:830} INFO - Processing file /Users/anikbhowmick/Python/Big_Data_Assignment/A02/airflow_env/lib/python3.11/site-packages/airflow/example_dags/example_branch_operator_decorator.py for tasks to queue
[2024-03-08T12:41:48.641+0530] {logging_mixin.py:188} INFO - [2024-03-08T12:41:48.641+0530] {dagbag.py:540} INFO - Filling up the DagBag from /Users/anikbhowmick/Python/Big_Data_Assignment/A02/airflow_env/lib/python3.11/site-packages/airflow/example_dags/example_branch_operator_decorator.py
[2024-03-08T12:41:48.678+0530] {processor.py:840} INFO - DAG(s) 'example_branch_python_operator_decorator' retrieved from /Users/anikbhowmick/Python/Big_Data_Assignment/A02/airflow_env/lib/python3.11/site-packages/airflow/example_dags/example_branch_operator_decorator.py
[2024-03-08T12:41:48.733+0530] {logging_mixin.py:188} INFO - [2024-03-08T12:41:48.733+0530] {dag.py:3047} INFO - Sync 1 DAGs
[2024-03-08T12:41:48.738+0530] {logging_mixin.py:188} INFO - [2024-03-08T12:41:48.738+0530] {dag.py:3834} INFO - Setting next_dagrun for example_branch_python_operator_decorator to 2024-03-07 00:00:00+00:00, run_after=2024-03-08 00:00:00+00:00
[2024-03-08T12:41:48.744+0530] {processor.py:183} INFO - Processing /Users/anikbhowmick/Python/Big_Data_Assignment/A02/airflow_env/lib/python3.11/site-packages/airflow/example_dags/example_branch_operator_decorator.py took 0.105 seconds
[2024-03-08T12:43:45.103+0530] {processor.py:161} INFO - Started process (PID=12421) to work on /Users/anikbhowmick/Python/Big_Data_Assignment/A02/airflow_env/lib/python3.11/site-packages/airflow/example_dags/example_branch_operator_decorator.py
[2024-03-08T12:43:45.104+0530] {processor.py:830} INFO - Processing file /Users/anikbhowmick/Python/Big_Data_Assignment/A02/airflow_env/lib/python3.11/site-packages/airflow/example_dags/example_branch_operator_decorator.py for tasks to queue
[2024-03-08T12:43:45.104+0530] {logging_mixin.py:188} INFO - [2024-03-08T12:43:45.104+0530] {dagbag.py:540} INFO - Filling up the DagBag from /Users/anikbhowmick/Python/Big_Data_Assignment/A02/airflow_env/lib/python3.11/site-packages/airflow/example_dags/example_branch_operator_decorator.py
[2024-03-08T12:43:45.141+0530] {processor.py:840} INFO - DAG(s) 'example_branch_python_operator_decorator' retrieved from /Users/anikbhowmick/Python/Big_Data_Assignment/A02/airflow_env/lib/python3.11/site-packages/airflow/example_dags/example_branch_operator_decorator.py
[2024-03-08T12:43:45.196+0530] {logging_mixin.py:188} INFO - [2024-03-08T12:43:45.196+0530] {dag.py:3047} INFO - Sync 1 DAGs
[2024-03-08T12:43:45.201+0530] {logging_mixin.py:188} INFO - [2024-03-08T12:43:45.201+0530] {dag.py:3834} INFO - Setting next_dagrun for example_branch_python_operator_decorator to 2024-03-07 00:00:00+00:00, run_after=2024-03-08 00:00:00+00:00
[2024-03-08T12:43:45.207+0530] {processor.py:183} INFO - Processing /Users/anikbhowmick/Python/Big_Data_Assignment/A02/airflow_env/lib/python3.11/site-packages/airflow/example_dags/example_branch_operator_decorator.py took 0.105 seconds
[2024-03-08T12:45:37.500+0530] {processor.py:161} INFO - Started process (PID=12522) to work on /Users/anikbhowmick/Python/Big_Data_Assignment/A02/airflow_env/lib/python3.11/site-packages/airflow/example_dags/example_branch_operator_decorator.py
[2024-03-08T12:45:37.501+0530] {processor.py:830} INFO - Processing file /Users/anikbhowmick/Python/Big_Data_Assignment/A02/airflow_env/lib/python3.11/site-packages/airflow/example_dags/example_branch_operator_decorator.py for tasks to queue
[2024-03-08T12:45:37.501+0530] {logging_mixin.py:188} INFO - [2024-03-08T12:45:37.501+0530] {dagbag.py:540} INFO - Filling up the DagBag from /Users/anikbhowmick/Python/Big_Data_Assignment/A02/airflow_env/lib/python3.11/site-packages/airflow/example_dags/example_branch_operator_decorator.py
[2024-03-08T12:45:37.539+0530] {processor.py:840} INFO - DAG(s) 'example_branch_python_operator_decorator' retrieved from /Users/anikbhowmick/Python/Big_Data_Assignment/A02/airflow_env/lib/python3.11/site-packages/airflow/example_dags/example_branch_operator_decorator.py
[2024-03-08T12:45:37.595+0530] {logging_mixin.py:188} INFO - [2024-03-08T12:45:37.594+0530] {dag.py:3047} INFO - Sync 1 DAGs
[2024-03-08T12:45:37.600+0530] {logging_mixin.py:188} INFO - [2024-03-08T12:45:37.600+0530] {dag.py:3834} INFO - Setting next_dagrun for example_branch_python_operator_decorator to 2024-03-07 00:00:00+00:00, run_after=2024-03-08 00:00:00+00:00
[2024-03-08T12:45:37.606+0530] {processor.py:183} INFO - Processing /Users/anikbhowmick/Python/Big_Data_Assignment/A02/airflow_env/lib/python3.11/site-packages/airflow/example_dags/example_branch_operator_decorator.py took 0.107 seconds
[2024-03-08T12:47:24.146+0530] {processor.py:161} INFO - Started process (PID=12593) to work on /Users/anikbhowmick/Python/Big_Data_Assignment/A02/airflow_env/lib/python3.11/site-packages/airflow/example_dags/example_branch_operator_decorator.py
[2024-03-08T12:47:24.146+0530] {processor.py:830} INFO - Processing file /Users/anikbhowmick/Python/Big_Data_Assignment/A02/airflow_env/lib/python3.11/site-packages/airflow/example_dags/example_branch_operator_decorator.py for tasks to queue
[2024-03-08T12:47:24.146+0530] {logging_mixin.py:188} INFO - [2024-03-08T12:47:24.146+0530] {dagbag.py:540} INFO - Filling up the DagBag from /Users/anikbhowmick/Python/Big_Data_Assignment/A02/airflow_env/lib/python3.11/site-packages/airflow/example_dags/example_branch_operator_decorator.py
[2024-03-08T12:47:24.187+0530] {processor.py:840} INFO - DAG(s) 'example_branch_python_operator_decorator' retrieved from /Users/anikbhowmick/Python/Big_Data_Assignment/A02/airflow_env/lib/python3.11/site-packages/airflow/example_dags/example_branch_operator_decorator.py
[2024-03-08T12:47:24.245+0530] {logging_mixin.py:188} INFO - [2024-03-08T12:47:24.245+0530] {dag.py:3047} INFO - Sync 1 DAGs
[2024-03-08T12:47:24.250+0530] {logging_mixin.py:188} INFO - [2024-03-08T12:47:24.250+0530] {dag.py:3834} INFO - Setting next_dagrun for example_branch_python_operator_decorator to 2024-03-07 00:00:00+00:00, run_after=2024-03-08 00:00:00+00:00
[2024-03-08T12:47:24.256+0530] {processor.py:183} INFO - Processing /Users/anikbhowmick/Python/Big_Data_Assignment/A02/airflow_env/lib/python3.11/site-packages/airflow/example_dags/example_branch_operator_decorator.py took 0.111 seconds
[2024-03-08T12:49:17.586+0530] {processor.py:161} INFO - Started process (PID=12670) to work on /Users/anikbhowmick/Python/Big_Data_Assignment/A02/airflow_env/lib/python3.11/site-packages/airflow/example_dags/example_branch_operator_decorator.py
[2024-03-08T12:49:17.587+0530] {processor.py:830} INFO - Processing file /Users/anikbhowmick/Python/Big_Data_Assignment/A02/airflow_env/lib/python3.11/site-packages/airflow/example_dags/example_branch_operator_decorator.py for tasks to queue
[2024-03-08T12:49:17.587+0530] {logging_mixin.py:188} INFO - [2024-03-08T12:49:17.587+0530] {dagbag.py:540} INFO - Filling up the DagBag from /Users/anikbhowmick/Python/Big_Data_Assignment/A02/airflow_env/lib/python3.11/site-packages/airflow/example_dags/example_branch_operator_decorator.py
[2024-03-08T12:49:17.625+0530] {processor.py:840} INFO - DAG(s) 'example_branch_python_operator_decorator' retrieved from /Users/anikbhowmick/Python/Big_Data_Assignment/A02/airflow_env/lib/python3.11/site-packages/airflow/example_dags/example_branch_operator_decorator.py
[2024-03-08T12:49:17.682+0530] {logging_mixin.py:188} INFO - [2024-03-08T12:49:17.682+0530] {dag.py:3047} INFO - Sync 1 DAGs
[2024-03-08T12:49:17.687+0530] {logging_mixin.py:188} INFO - [2024-03-08T12:49:17.687+0530] {dag.py:3834} INFO - Setting next_dagrun for example_branch_python_operator_decorator to 2024-03-07 00:00:00+00:00, run_after=2024-03-08 00:00:00+00:00
[2024-03-08T12:49:17.693+0530] {processor.py:183} INFO - Processing /Users/anikbhowmick/Python/Big_Data_Assignment/A02/airflow_env/lib/python3.11/site-packages/airflow/example_dags/example_branch_operator_decorator.py took 0.108 seconds
[2024-03-08T12:51:09.326+0530] {processor.py:161} INFO - Started process (PID=12741) to work on /Users/anikbhowmick/Python/Big_Data_Assignment/A02/airflow_env/lib/python3.11/site-packages/airflow/example_dags/example_branch_operator_decorator.py
[2024-03-08T12:51:09.327+0530] {processor.py:830} INFO - Processing file /Users/anikbhowmick/Python/Big_Data_Assignment/A02/airflow_env/lib/python3.11/site-packages/airflow/example_dags/example_branch_operator_decorator.py for tasks to queue
[2024-03-08T12:51:09.327+0530] {logging_mixin.py:188} INFO - [2024-03-08T12:51:09.327+0530] {dagbag.py:540} INFO - Filling up the DagBag from /Users/anikbhowmick/Python/Big_Data_Assignment/A02/airflow_env/lib/python3.11/site-packages/airflow/example_dags/example_branch_operator_decorator.py
[2024-03-08T12:51:09.366+0530] {processor.py:840} INFO - DAG(s) 'example_branch_python_operator_decorator' retrieved from /Users/anikbhowmick/Python/Big_Data_Assignment/A02/airflow_env/lib/python3.11/site-packages/airflow/example_dags/example_branch_operator_decorator.py
[2024-03-08T12:51:09.423+0530] {logging_mixin.py:188} INFO - [2024-03-08T12:51:09.423+0530] {dag.py:3047} INFO - Sync 1 DAGs
[2024-03-08T12:51:09.429+0530] {logging_mixin.py:188} INFO - [2024-03-08T12:51:09.429+0530] {dag.py:3834} INFO - Setting next_dagrun for example_branch_python_operator_decorator to 2024-03-07 00:00:00+00:00, run_after=2024-03-08 00:00:00+00:00
[2024-03-08T12:51:09.436+0530] {processor.py:183} INFO - Processing /Users/anikbhowmick/Python/Big_Data_Assignment/A02/airflow_env/lib/python3.11/site-packages/airflow/example_dags/example_branch_operator_decorator.py took 0.110 seconds
[2024-03-08T12:52:59.746+0530] {processor.py:161} INFO - Started process (PID=12861) to work on /Users/anikbhowmick/Python/Big_Data_Assignment/A02/airflow_env/lib/python3.11/site-packages/airflow/example_dags/example_branch_operator_decorator.py
[2024-03-08T12:52:59.746+0530] {processor.py:830} INFO - Processing file /Users/anikbhowmick/Python/Big_Data_Assignment/A02/airflow_env/lib/python3.11/site-packages/airflow/example_dags/example_branch_operator_decorator.py for tasks to queue
[2024-03-08T12:52:59.746+0530] {logging_mixin.py:188} INFO - [2024-03-08T12:52:59.746+0530] {dagbag.py:540} INFO - Filling up the DagBag from /Users/anikbhowmick/Python/Big_Data_Assignment/A02/airflow_env/lib/python3.11/site-packages/airflow/example_dags/example_branch_operator_decorator.py
[2024-03-08T12:52:59.785+0530] {processor.py:840} INFO - DAG(s) 'example_branch_python_operator_decorator' retrieved from /Users/anikbhowmick/Python/Big_Data_Assignment/A02/airflow_env/lib/python3.11/site-packages/airflow/example_dags/example_branch_operator_decorator.py
[2024-03-08T12:52:59.845+0530] {logging_mixin.py:188} INFO - [2024-03-08T12:52:59.845+0530] {dag.py:3047} INFO - Sync 1 DAGs
[2024-03-08T12:52:59.850+0530] {logging_mixin.py:188} INFO - [2024-03-08T12:52:59.850+0530] {dag.py:3834} INFO - Setting next_dagrun for example_branch_python_operator_decorator to 2024-03-07 00:00:00+00:00, run_after=2024-03-08 00:00:00+00:00
[2024-03-08T12:52:59.856+0530] {processor.py:183} INFO - Processing /Users/anikbhowmick/Python/Big_Data_Assignment/A02/airflow_env/lib/python3.11/site-packages/airflow/example_dags/example_branch_operator_decorator.py took 0.111 seconds
[2024-03-08T13:02:50.187+0530] {processor.py:161} INFO - Started process (PID=13371) to work on /Users/anikbhowmick/Python/Big_Data_Assignment/A02/airflow_env/lib/python3.11/site-packages/airflow/example_dags/example_branch_operator_decorator.py
[2024-03-08T13:02:50.188+0530] {processor.py:830} INFO - Processing file /Users/anikbhowmick/Python/Big_Data_Assignment/A02/airflow_env/lib/python3.11/site-packages/airflow/example_dags/example_branch_operator_decorator.py for tasks to queue
[2024-03-08T13:02:50.188+0530] {logging_mixin.py:188} INFO - [2024-03-08T13:02:50.188+0530] {dagbag.py:540} INFO - Filling up the DagBag from /Users/anikbhowmick/Python/Big_Data_Assignment/A02/airflow_env/lib/python3.11/site-packages/airflow/example_dags/example_branch_operator_decorator.py
[2024-03-08T13:02:50.229+0530] {processor.py:840} INFO - DAG(s) 'example_branch_python_operator_decorator' retrieved from /Users/anikbhowmick/Python/Big_Data_Assignment/A02/airflow_env/lib/python3.11/site-packages/airflow/example_dags/example_branch_operator_decorator.py
[2024-03-08T13:02:50.288+0530] {logging_mixin.py:188} INFO - [2024-03-08T13:02:50.287+0530] {dag.py:3047} INFO - Sync 1 DAGs
[2024-03-08T13:02:50.293+0530] {logging_mixin.py:188} INFO - [2024-03-08T13:02:50.293+0530] {dag.py:3834} INFO - Setting next_dagrun for example_branch_python_operator_decorator to 2024-03-07 00:00:00+00:00, run_after=2024-03-08 00:00:00+00:00
[2024-03-08T13:02:50.300+0530] {processor.py:183} INFO - Processing /Users/anikbhowmick/Python/Big_Data_Assignment/A02/airflow_env/lib/python3.11/site-packages/airflow/example_dags/example_branch_operator_decorator.py took 0.113 seconds
[2024-03-08T13:04:44.310+0530] {processor.py:161} INFO - Started process (PID=13461) to work on /Users/anikbhowmick/Python/Big_Data_Assignment/A02/airflow_env/lib/python3.11/site-packages/airflow/example_dags/example_branch_operator_decorator.py
[2024-03-08T13:04:44.311+0530] {processor.py:830} INFO - Processing file /Users/anikbhowmick/Python/Big_Data_Assignment/A02/airflow_env/lib/python3.11/site-packages/airflow/example_dags/example_branch_operator_decorator.py for tasks to queue
[2024-03-08T13:04:44.311+0530] {logging_mixin.py:188} INFO - [2024-03-08T13:04:44.311+0530] {dagbag.py:540} INFO - Filling up the DagBag from /Users/anikbhowmick/Python/Big_Data_Assignment/A02/airflow_env/lib/python3.11/site-packages/airflow/example_dags/example_branch_operator_decorator.py
[2024-03-08T13:04:44.348+0530] {processor.py:840} INFO - DAG(s) 'example_branch_python_operator_decorator' retrieved from /Users/anikbhowmick/Python/Big_Data_Assignment/A02/airflow_env/lib/python3.11/site-packages/airflow/example_dags/example_branch_operator_decorator.py
[2024-03-08T13:04:44.402+0530] {logging_mixin.py:188} INFO - [2024-03-08T13:04:44.402+0530] {dag.py:3047} INFO - Sync 1 DAGs
[2024-03-08T13:04:44.408+0530] {logging_mixin.py:188} INFO - [2024-03-08T13:04:44.408+0530] {dag.py:3834} INFO - Setting next_dagrun for example_branch_python_operator_decorator to 2024-03-07 00:00:00+00:00, run_after=2024-03-08 00:00:00+00:00
[2024-03-08T13:04:44.414+0530] {processor.py:183} INFO - Processing /Users/anikbhowmick/Python/Big_Data_Assignment/A02/airflow_env/lib/python3.11/site-packages/airflow/example_dags/example_branch_operator_decorator.py took 0.104 seconds
[2024-03-08T13:15:26.503+0530] {processor.py:161} INFO - Started process (PID=14271) to work on /Users/anikbhowmick/Python/Big_Data_Assignment/A02/airflow_env/lib/python3.11/site-packages/airflow/example_dags/example_branch_operator_decorator.py
[2024-03-08T13:15:26.505+0530] {processor.py:830} INFO - Processing file /Users/anikbhowmick/Python/Big_Data_Assignment/A02/airflow_env/lib/python3.11/site-packages/airflow/example_dags/example_branch_operator_decorator.py for tasks to queue
[2024-03-08T13:15:26.505+0530] {logging_mixin.py:188} INFO - [2024-03-08T13:15:26.505+0530] {dagbag.py:540} INFO - Filling up the DagBag from /Users/anikbhowmick/Python/Big_Data_Assignment/A02/airflow_env/lib/python3.11/site-packages/airflow/example_dags/example_branch_operator_decorator.py
[2024-03-08T13:15:26.542+0530] {processor.py:840} INFO - DAG(s) 'example_branch_python_operator_decorator' retrieved from /Users/anikbhowmick/Python/Big_Data_Assignment/A02/airflow_env/lib/python3.11/site-packages/airflow/example_dags/example_branch_operator_decorator.py
[2024-03-08T13:15:26.597+0530] {logging_mixin.py:188} INFO - [2024-03-08T13:15:26.597+0530] {dag.py:3047} INFO - Sync 1 DAGs
[2024-03-08T13:15:26.602+0530] {logging_mixin.py:188} INFO - [2024-03-08T13:15:26.602+0530] {dag.py:3834} INFO - Setting next_dagrun for example_branch_python_operator_decorator to 2024-03-07 00:00:00+00:00, run_after=2024-03-08 00:00:00+00:00
[2024-03-08T13:15:26.609+0530] {processor.py:183} INFO - Processing /Users/anikbhowmick/Python/Big_Data_Assignment/A02/airflow_env/lib/python3.11/site-packages/airflow/example_dags/example_branch_operator_decorator.py took 0.105 seconds
[2024-03-08T13:17:15.282+0530] {processor.py:161} INFO - Started process (PID=14380) to work on /Users/anikbhowmick/Python/Big_Data_Assignment/A02/airflow_env/lib/python3.11/site-packages/airflow/example_dags/example_branch_operator_decorator.py
[2024-03-08T13:17:15.283+0530] {processor.py:830} INFO - Processing file /Users/anikbhowmick/Python/Big_Data_Assignment/A02/airflow_env/lib/python3.11/site-packages/airflow/example_dags/example_branch_operator_decorator.py for tasks to queue
[2024-03-08T13:17:15.284+0530] {logging_mixin.py:188} INFO - [2024-03-08T13:17:15.284+0530] {dagbag.py:540} INFO - Filling up the DagBag from /Users/anikbhowmick/Python/Big_Data_Assignment/A02/airflow_env/lib/python3.11/site-packages/airflow/example_dags/example_branch_operator_decorator.py
[2024-03-08T13:17:15.321+0530] {processor.py:840} INFO - DAG(s) 'example_branch_python_operator_decorator' retrieved from /Users/anikbhowmick/Python/Big_Data_Assignment/A02/airflow_env/lib/python3.11/site-packages/airflow/example_dags/example_branch_operator_decorator.py
[2024-03-08T13:17:15.377+0530] {logging_mixin.py:188} INFO - [2024-03-08T13:17:15.377+0530] {dag.py:3047} INFO - Sync 1 DAGs
[2024-03-08T13:17:15.382+0530] {logging_mixin.py:188} INFO - [2024-03-08T13:17:15.382+0530] {dag.py:3834} INFO - Setting next_dagrun for example_branch_python_operator_decorator to 2024-03-07 00:00:00+00:00, run_after=2024-03-08 00:00:00+00:00
[2024-03-08T13:17:15.388+0530] {processor.py:183} INFO - Processing /Users/anikbhowmick/Python/Big_Data_Assignment/A02/airflow_env/lib/python3.11/site-packages/airflow/example_dags/example_branch_operator_decorator.py took 0.106 seconds
[2024-03-08T13:19:04.013+0530] {processor.py:161} INFO - Started process (PID=14460) to work on /Users/anikbhowmick/Python/Big_Data_Assignment/A02/airflow_env/lib/python3.11/site-packages/airflow/example_dags/example_branch_operator_decorator.py
[2024-03-08T13:19:04.014+0530] {processor.py:830} INFO - Processing file /Users/anikbhowmick/Python/Big_Data_Assignment/A02/airflow_env/lib/python3.11/site-packages/airflow/example_dags/example_branch_operator_decorator.py for tasks to queue
[2024-03-08T13:19:04.014+0530] {logging_mixin.py:188} INFO - [2024-03-08T13:19:04.014+0530] {dagbag.py:540} INFO - Filling up the DagBag from /Users/anikbhowmick/Python/Big_Data_Assignment/A02/airflow_env/lib/python3.11/site-packages/airflow/example_dags/example_branch_operator_decorator.py
[2024-03-08T13:19:04.052+0530] {processor.py:840} INFO - DAG(s) 'example_branch_python_operator_decorator' retrieved from /Users/anikbhowmick/Python/Big_Data_Assignment/A02/airflow_env/lib/python3.11/site-packages/airflow/example_dags/example_branch_operator_decorator.py
[2024-03-08T13:19:04.107+0530] {logging_mixin.py:188} INFO - [2024-03-08T13:19:04.107+0530] {dag.py:3047} INFO - Sync 1 DAGs
[2024-03-08T13:19:04.113+0530] {logging_mixin.py:188} INFO - [2024-03-08T13:19:04.112+0530] {dag.py:3834} INFO - Setting next_dagrun for example_branch_python_operator_decorator to 2024-03-07 00:00:00+00:00, run_after=2024-03-08 00:00:00+00:00
[2024-03-08T13:19:04.118+0530] {processor.py:183} INFO - Processing /Users/anikbhowmick/Python/Big_Data_Assignment/A02/airflow_env/lib/python3.11/site-packages/airflow/example_dags/example_branch_operator_decorator.py took 0.106 seconds
[2024-03-08T13:20:56.266+0530] {processor.py:161} INFO - Started process (PID=14530) to work on /Users/anikbhowmick/Python/Big_Data_Assignment/A02/airflow_env/lib/python3.11/site-packages/airflow/example_dags/example_branch_operator_decorator.py
[2024-03-08T13:20:56.266+0530] {processor.py:830} INFO - Processing file /Users/anikbhowmick/Python/Big_Data_Assignment/A02/airflow_env/lib/python3.11/site-packages/airflow/example_dags/example_branch_operator_decorator.py for tasks to queue
[2024-03-08T13:20:56.267+0530] {logging_mixin.py:188} INFO - [2024-03-08T13:20:56.267+0530] {dagbag.py:540} INFO - Filling up the DagBag from /Users/anikbhowmick/Python/Big_Data_Assignment/A02/airflow_env/lib/python3.11/site-packages/airflow/example_dags/example_branch_operator_decorator.py
[2024-03-08T13:20:56.305+0530] {processor.py:840} INFO - DAG(s) 'example_branch_python_operator_decorator' retrieved from /Users/anikbhowmick/Python/Big_Data_Assignment/A02/airflow_env/lib/python3.11/site-packages/airflow/example_dags/example_branch_operator_decorator.py
[2024-03-08T13:20:56.363+0530] {logging_mixin.py:188} INFO - [2024-03-08T13:20:56.363+0530] {dag.py:3047} INFO - Sync 1 DAGs
[2024-03-08T13:20:56.369+0530] {logging_mixin.py:188} INFO - [2024-03-08T13:20:56.369+0530] {dag.py:3834} INFO - Setting next_dagrun for example_branch_python_operator_decorator to 2024-03-07 00:00:00+00:00, run_after=2024-03-08 00:00:00+00:00
[2024-03-08T13:20:56.375+0530] {processor.py:183} INFO - Processing /Users/anikbhowmick/Python/Big_Data_Assignment/A02/airflow_env/lib/python3.11/site-packages/airflow/example_dags/example_branch_operator_decorator.py took 0.109 seconds
[2024-03-08T13:23:21.252+0530] {processor.py:161} INFO - Started process (PID=14757) to work on /Users/anikbhowmick/Python/Big_Data_Assignment/A02/airflow_env/lib/python3.11/site-packages/airflow/example_dags/example_branch_operator_decorator.py
[2024-03-08T13:23:21.253+0530] {processor.py:830} INFO - Processing file /Users/anikbhowmick/Python/Big_Data_Assignment/A02/airflow_env/lib/python3.11/site-packages/airflow/example_dags/example_branch_operator_decorator.py for tasks to queue
[2024-03-08T13:23:21.253+0530] {logging_mixin.py:188} INFO - [2024-03-08T13:23:21.253+0530] {dagbag.py:540} INFO - Filling up the DagBag from /Users/anikbhowmick/Python/Big_Data_Assignment/A02/airflow_env/lib/python3.11/site-packages/airflow/example_dags/example_branch_operator_decorator.py
[2024-03-08T13:23:21.290+0530] {processor.py:840} INFO - DAG(s) 'example_branch_python_operator_decorator' retrieved from /Users/anikbhowmick/Python/Big_Data_Assignment/A02/airflow_env/lib/python3.11/site-packages/airflow/example_dags/example_branch_operator_decorator.py
[2024-03-08T13:23:21.347+0530] {logging_mixin.py:188} INFO - [2024-03-08T13:23:21.347+0530] {dag.py:3047} INFO - Sync 1 DAGs
[2024-03-08T13:23:21.352+0530] {logging_mixin.py:188} INFO - [2024-03-08T13:23:21.352+0530] {dag.py:3834} INFO - Setting next_dagrun for example_branch_python_operator_decorator to 2024-03-07 00:00:00+00:00, run_after=2024-03-08 00:00:00+00:00
[2024-03-08T13:23:21.358+0530] {processor.py:183} INFO - Processing /Users/anikbhowmick/Python/Big_Data_Assignment/A02/airflow_env/lib/python3.11/site-packages/airflow/example_dags/example_branch_operator_decorator.py took 0.106 seconds
[2024-03-08T13:34:13.049+0530] {processor.py:161} INFO - Started process (PID=15480) to work on /Users/anikbhowmick/Python/Big_Data_Assignment/A02/airflow_env/lib/python3.11/site-packages/airflow/example_dags/example_branch_operator_decorator.py
[2024-03-08T13:34:13.050+0530] {processor.py:830} INFO - Processing file /Users/anikbhowmick/Python/Big_Data_Assignment/A02/airflow_env/lib/python3.11/site-packages/airflow/example_dags/example_branch_operator_decorator.py for tasks to queue
[2024-03-08T13:34:13.051+0530] {logging_mixin.py:188} INFO - [2024-03-08T13:34:13.050+0530] {dagbag.py:540} INFO - Filling up the DagBag from /Users/anikbhowmick/Python/Big_Data_Assignment/A02/airflow_env/lib/python3.11/site-packages/airflow/example_dags/example_branch_operator_decorator.py
[2024-03-08T13:34:13.093+0530] {processor.py:840} INFO - DAG(s) 'example_branch_python_operator_decorator' retrieved from /Users/anikbhowmick/Python/Big_Data_Assignment/A02/airflow_env/lib/python3.11/site-packages/airflow/example_dags/example_branch_operator_decorator.py
[2024-03-08T13:34:13.154+0530] {logging_mixin.py:188} INFO - [2024-03-08T13:34:13.154+0530] {dag.py:3047} INFO - Sync 1 DAGs
[2024-03-08T13:34:13.160+0530] {logging_mixin.py:188} INFO - [2024-03-08T13:34:13.160+0530] {dag.py:3834} INFO - Setting next_dagrun for example_branch_python_operator_decorator to 2024-03-07 00:00:00+00:00, run_after=2024-03-08 00:00:00+00:00
[2024-03-08T13:34:13.167+0530] {processor.py:183} INFO - Processing /Users/anikbhowmick/Python/Big_Data_Assignment/A02/airflow_env/lib/python3.11/site-packages/airflow/example_dags/example_branch_operator_decorator.py took 0.118 seconds
[2024-03-08T13:36:03.001+0530] {processor.py:161} INFO - Started process (PID=15563) to work on /Users/anikbhowmick/Python/Big_Data_Assignment/A02/airflow_env/lib/python3.11/site-packages/airflow/example_dags/example_branch_operator_decorator.py
[2024-03-08T13:36:03.002+0530] {processor.py:830} INFO - Processing file /Users/anikbhowmick/Python/Big_Data_Assignment/A02/airflow_env/lib/python3.11/site-packages/airflow/example_dags/example_branch_operator_decorator.py for tasks to queue
[2024-03-08T13:36:03.002+0530] {logging_mixin.py:188} INFO - [2024-03-08T13:36:03.002+0530] {dagbag.py:540} INFO - Filling up the DagBag from /Users/anikbhowmick/Python/Big_Data_Assignment/A02/airflow_env/lib/python3.11/site-packages/airflow/example_dags/example_branch_operator_decorator.py
[2024-03-08T13:36:03.039+0530] {processor.py:840} INFO - DAG(s) 'example_branch_python_operator_decorator' retrieved from /Users/anikbhowmick/Python/Big_Data_Assignment/A02/airflow_env/lib/python3.11/site-packages/airflow/example_dags/example_branch_operator_decorator.py
[2024-03-08T13:36:03.094+0530] {logging_mixin.py:188} INFO - [2024-03-08T13:36:03.094+0530] {dag.py:3047} INFO - Sync 1 DAGs
[2024-03-08T13:36:03.099+0530] {logging_mixin.py:188} INFO - [2024-03-08T13:36:03.099+0530] {dag.py:3834} INFO - Setting next_dagrun for example_branch_python_operator_decorator to 2024-03-07 00:00:00+00:00, run_after=2024-03-08 00:00:00+00:00
[2024-03-08T13:36:03.105+0530] {processor.py:183} INFO - Processing /Users/anikbhowmick/Python/Big_Data_Assignment/A02/airflow_env/lib/python3.11/site-packages/airflow/example_dags/example_branch_operator_decorator.py took 0.105 seconds
[2024-03-08T13:37:56.045+0530] {processor.py:161} INFO - Started process (PID=15637) to work on /Users/anikbhowmick/Python/Big_Data_Assignment/A02/airflow_env/lib/python3.11/site-packages/airflow/example_dags/example_branch_operator_decorator.py
[2024-03-08T13:37:56.046+0530] {processor.py:830} INFO - Processing file /Users/anikbhowmick/Python/Big_Data_Assignment/A02/airflow_env/lib/python3.11/site-packages/airflow/example_dags/example_branch_operator_decorator.py for tasks to queue
[2024-03-08T13:37:56.046+0530] {logging_mixin.py:188} INFO - [2024-03-08T13:37:56.046+0530] {dagbag.py:540} INFO - Filling up the DagBag from /Users/anikbhowmick/Python/Big_Data_Assignment/A02/airflow_env/lib/python3.11/site-packages/airflow/example_dags/example_branch_operator_decorator.py
[2024-03-08T13:37:56.082+0530] {processor.py:840} INFO - DAG(s) 'example_branch_python_operator_decorator' retrieved from /Users/anikbhowmick/Python/Big_Data_Assignment/A02/airflow_env/lib/python3.11/site-packages/airflow/example_dags/example_branch_operator_decorator.py
[2024-03-08T13:37:56.137+0530] {logging_mixin.py:188} INFO - [2024-03-08T13:37:56.137+0530] {dag.py:3047} INFO - Sync 1 DAGs
[2024-03-08T13:37:56.142+0530] {logging_mixin.py:188} INFO - [2024-03-08T13:37:56.142+0530] {dag.py:3834} INFO - Setting next_dagrun for example_branch_python_operator_decorator to 2024-03-07 00:00:00+00:00, run_after=2024-03-08 00:00:00+00:00
[2024-03-08T13:37:56.148+0530] {processor.py:183} INFO - Processing /Users/anikbhowmick/Python/Big_Data_Assignment/A02/airflow_env/lib/python3.11/site-packages/airflow/example_dags/example_branch_operator_decorator.py took 0.104 seconds
[2024-03-08T14:24:37.155+0530] {processor.py:161} INFO - Started process (PID=16722) to work on /Users/anikbhowmick/Python/Big_Data_Assignment/A02/airflow_env/lib/python3.11/site-packages/airflow/example_dags/example_branch_operator_decorator.py
[2024-03-08T14:24:37.156+0530] {processor.py:830} INFO - Processing file /Users/anikbhowmick/Python/Big_Data_Assignment/A02/airflow_env/lib/python3.11/site-packages/airflow/example_dags/example_branch_operator_decorator.py for tasks to queue
[2024-03-08T14:24:37.156+0530] {logging_mixin.py:188} INFO - [2024-03-08T14:24:37.156+0530] {dagbag.py:540} INFO - Filling up the DagBag from /Users/anikbhowmick/Python/Big_Data_Assignment/A02/airflow_env/lib/python3.11/site-packages/airflow/example_dags/example_branch_operator_decorator.py
[2024-03-08T14:24:37.195+0530] {processor.py:840} INFO - DAG(s) 'example_branch_python_operator_decorator' retrieved from /Users/anikbhowmick/Python/Big_Data_Assignment/A02/airflow_env/lib/python3.11/site-packages/airflow/example_dags/example_branch_operator_decorator.py
[2024-03-08T14:24:37.251+0530] {logging_mixin.py:188} INFO - [2024-03-08T14:24:37.251+0530] {dag.py:3047} INFO - Sync 1 DAGs
[2024-03-08T14:24:37.256+0530] {logging_mixin.py:188} INFO - [2024-03-08T14:24:37.256+0530] {dag.py:3834} INFO - Setting next_dagrun for example_branch_python_operator_decorator to 2024-03-07 00:00:00+00:00, run_after=2024-03-08 00:00:00+00:00
[2024-03-08T14:24:37.262+0530] {processor.py:183} INFO - Processing /Users/anikbhowmick/Python/Big_Data_Assignment/A02/airflow_env/lib/python3.11/site-packages/airflow/example_dags/example_branch_operator_decorator.py took 0.108 seconds
[2024-03-08T14:28:57.031+0530] {processor.py:161} INFO - Started process (PID=16997) to work on /Users/anikbhowmick/Python/Big_Data_Assignment/A02/airflow_env/lib/python3.11/site-packages/airflow/example_dags/example_branch_operator_decorator.py
[2024-03-08T14:28:57.032+0530] {processor.py:830} INFO - Processing file /Users/anikbhowmick/Python/Big_Data_Assignment/A02/airflow_env/lib/python3.11/site-packages/airflow/example_dags/example_branch_operator_decorator.py for tasks to queue
[2024-03-08T14:28:57.033+0530] {logging_mixin.py:188} INFO - [2024-03-08T14:28:57.033+0530] {dagbag.py:540} INFO - Filling up the DagBag from /Users/anikbhowmick/Python/Big_Data_Assignment/A02/airflow_env/lib/python3.11/site-packages/airflow/example_dags/example_branch_operator_decorator.py
[2024-03-08T14:28:57.074+0530] {processor.py:840} INFO - DAG(s) 'example_branch_python_operator_decorator' retrieved from /Users/anikbhowmick/Python/Big_Data_Assignment/A02/airflow_env/lib/python3.11/site-packages/airflow/example_dags/example_branch_operator_decorator.py
[2024-03-08T14:28:57.131+0530] {logging_mixin.py:188} INFO - [2024-03-08T14:28:57.131+0530] {dag.py:3047} INFO - Sync 1 DAGs
[2024-03-08T14:28:57.136+0530] {logging_mixin.py:188} INFO - [2024-03-08T14:28:57.136+0530] {dag.py:3834} INFO - Setting next_dagrun for example_branch_python_operator_decorator to 2024-03-07 00:00:00+00:00, run_after=2024-03-08 00:00:00+00:00
[2024-03-08T14:28:57.143+0530] {processor.py:183} INFO - Processing /Users/anikbhowmick/Python/Big_Data_Assignment/A02/airflow_env/lib/python3.11/site-packages/airflow/example_dags/example_branch_operator_decorator.py took 0.112 seconds
[2024-03-08T14:34:26.377+0530] {processor.py:161} INFO - Started process (PID=17326) to work on /Users/anikbhowmick/Python/Big_Data_Assignment/A02/airflow_env/lib/python3.11/site-packages/airflow/example_dags/example_branch_operator_decorator.py
[2024-03-08T14:34:26.378+0530] {processor.py:830} INFO - Processing file /Users/anikbhowmick/Python/Big_Data_Assignment/A02/airflow_env/lib/python3.11/site-packages/airflow/example_dags/example_branch_operator_decorator.py for tasks to queue
[2024-03-08T14:34:26.378+0530] {logging_mixin.py:188} INFO - [2024-03-08T14:34:26.378+0530] {dagbag.py:540} INFO - Filling up the DagBag from /Users/anikbhowmick/Python/Big_Data_Assignment/A02/airflow_env/lib/python3.11/site-packages/airflow/example_dags/example_branch_operator_decorator.py
[2024-03-08T14:34:26.415+0530] {processor.py:840} INFO - DAG(s) 'example_branch_python_operator_decorator' retrieved from /Users/anikbhowmick/Python/Big_Data_Assignment/A02/airflow_env/lib/python3.11/site-packages/airflow/example_dags/example_branch_operator_decorator.py
[2024-03-08T14:34:26.470+0530] {logging_mixin.py:188} INFO - [2024-03-08T14:34:26.470+0530] {dag.py:3047} INFO - Sync 1 DAGs
[2024-03-08T14:34:26.475+0530] {logging_mixin.py:188} INFO - [2024-03-08T14:34:26.475+0530] {dag.py:3834} INFO - Setting next_dagrun for example_branch_python_operator_decorator to 2024-03-07 00:00:00+00:00, run_after=2024-03-08 00:00:00+00:00
[2024-03-08T14:34:26.481+0530] {processor.py:183} INFO - Processing /Users/anikbhowmick/Python/Big_Data_Assignment/A02/airflow_env/lib/python3.11/site-packages/airflow/example_dags/example_branch_operator_decorator.py took 0.104 seconds
[2024-03-08T14:36:16.957+0530] {processor.py:161} INFO - Started process (PID=17403) to work on /Users/anikbhowmick/Python/Big_Data_Assignment/A02/airflow_env/lib/python3.11/site-packages/airflow/example_dags/example_branch_operator_decorator.py
[2024-03-08T14:36:16.958+0530] {processor.py:830} INFO - Processing file /Users/anikbhowmick/Python/Big_Data_Assignment/A02/airflow_env/lib/python3.11/site-packages/airflow/example_dags/example_branch_operator_decorator.py for tasks to queue
[2024-03-08T14:36:16.959+0530] {logging_mixin.py:188} INFO - [2024-03-08T14:36:16.959+0530] {dagbag.py:540} INFO - Filling up the DagBag from /Users/anikbhowmick/Python/Big_Data_Assignment/A02/airflow_env/lib/python3.11/site-packages/airflow/example_dags/example_branch_operator_decorator.py
[2024-03-08T14:36:16.995+0530] {processor.py:840} INFO - DAG(s) 'example_branch_python_operator_decorator' retrieved from /Users/anikbhowmick/Python/Big_Data_Assignment/A02/airflow_env/lib/python3.11/site-packages/airflow/example_dags/example_branch_operator_decorator.py
[2024-03-08T14:36:17.051+0530] {logging_mixin.py:188} INFO - [2024-03-08T14:36:17.050+0530] {dag.py:3047} INFO - Sync 1 DAGs
[2024-03-08T14:36:17.056+0530] {logging_mixin.py:188} INFO - [2024-03-08T14:36:17.056+0530] {dag.py:3834} INFO - Setting next_dagrun for example_branch_python_operator_decorator to 2024-03-07 00:00:00+00:00, run_after=2024-03-08 00:00:00+00:00
[2024-03-08T14:36:17.062+0530] {processor.py:183} INFO - Processing /Users/anikbhowmick/Python/Big_Data_Assignment/A02/airflow_env/lib/python3.11/site-packages/airflow/example_dags/example_branch_operator_decorator.py took 0.105 seconds
[2024-03-08T14:38:06.686+0530] {processor.py:161} INFO - Started process (PID=17472) to work on /Users/anikbhowmick/Python/Big_Data_Assignment/A02/airflow_env/lib/python3.11/site-packages/airflow/example_dags/example_branch_operator_decorator.py
[2024-03-08T14:38:06.686+0530] {processor.py:830} INFO - Processing file /Users/anikbhowmick/Python/Big_Data_Assignment/A02/airflow_env/lib/python3.11/site-packages/airflow/example_dags/example_branch_operator_decorator.py for tasks to queue
[2024-03-08T14:38:06.686+0530] {logging_mixin.py:188} INFO - [2024-03-08T14:38:06.686+0530] {dagbag.py:540} INFO - Filling up the DagBag from /Users/anikbhowmick/Python/Big_Data_Assignment/A02/airflow_env/lib/python3.11/site-packages/airflow/example_dags/example_branch_operator_decorator.py
[2024-03-08T14:38:06.723+0530] {processor.py:840} INFO - DAG(s) 'example_branch_python_operator_decorator' retrieved from /Users/anikbhowmick/Python/Big_Data_Assignment/A02/airflow_env/lib/python3.11/site-packages/airflow/example_dags/example_branch_operator_decorator.py
[2024-03-08T14:38:06.778+0530] {logging_mixin.py:188} INFO - [2024-03-08T14:38:06.778+0530] {dag.py:3047} INFO - Sync 1 DAGs
[2024-03-08T14:38:06.783+0530] {logging_mixin.py:188} INFO - [2024-03-08T14:38:06.783+0530] {dag.py:3834} INFO - Setting next_dagrun for example_branch_python_operator_decorator to 2024-03-07 00:00:00+00:00, run_after=2024-03-08 00:00:00+00:00
[2024-03-08T14:38:06.789+0530] {processor.py:183} INFO - Processing /Users/anikbhowmick/Python/Big_Data_Assignment/A02/airflow_env/lib/python3.11/site-packages/airflow/example_dags/example_branch_operator_decorator.py took 0.104 seconds
[2024-03-08T14:39:52.075+0530] {processor.py:161} INFO - Started process (PID=17540) to work on /Users/anikbhowmick/Python/Big_Data_Assignment/A02/airflow_env/lib/python3.11/site-packages/airflow/example_dags/example_branch_operator_decorator.py
[2024-03-08T14:39:52.075+0530] {processor.py:830} INFO - Processing file /Users/anikbhowmick/Python/Big_Data_Assignment/A02/airflow_env/lib/python3.11/site-packages/airflow/example_dags/example_branch_operator_decorator.py for tasks to queue
[2024-03-08T14:39:52.075+0530] {logging_mixin.py:188} INFO - [2024-03-08T14:39:52.075+0530] {dagbag.py:540} INFO - Filling up the DagBag from /Users/anikbhowmick/Python/Big_Data_Assignment/A02/airflow_env/lib/python3.11/site-packages/airflow/example_dags/example_branch_operator_decorator.py
[2024-03-08T14:39:52.113+0530] {processor.py:840} INFO - DAG(s) 'example_branch_python_operator_decorator' retrieved from /Users/anikbhowmick/Python/Big_Data_Assignment/A02/airflow_env/lib/python3.11/site-packages/airflow/example_dags/example_branch_operator_decorator.py
[2024-03-08T14:39:52.168+0530] {logging_mixin.py:188} INFO - [2024-03-08T14:39:52.168+0530] {dag.py:3047} INFO - Sync 1 DAGs
[2024-03-08T14:39:52.174+0530] {logging_mixin.py:188} INFO - [2024-03-08T14:39:52.173+0530] {dag.py:3834} INFO - Setting next_dagrun for example_branch_python_operator_decorator to 2024-03-07 00:00:00+00:00, run_after=2024-03-08 00:00:00+00:00
[2024-03-08T14:39:52.180+0530] {processor.py:183} INFO - Processing /Users/anikbhowmick/Python/Big_Data_Assignment/A02/airflow_env/lib/python3.11/site-packages/airflow/example_dags/example_branch_operator_decorator.py took 0.105 seconds
[2024-03-08T14:41:36.182+0530] {processor.py:161} INFO - Started process (PID=17609) to work on /Users/anikbhowmick/Python/Big_Data_Assignment/A02/airflow_env/lib/python3.11/site-packages/airflow/example_dags/example_branch_operator_decorator.py
[2024-03-08T14:41:36.182+0530] {processor.py:830} INFO - Processing file /Users/anikbhowmick/Python/Big_Data_Assignment/A02/airflow_env/lib/python3.11/site-packages/airflow/example_dags/example_branch_operator_decorator.py for tasks to queue
[2024-03-08T14:41:36.182+0530] {logging_mixin.py:188} INFO - [2024-03-08T14:41:36.182+0530] {dagbag.py:540} INFO - Filling up the DagBag from /Users/anikbhowmick/Python/Big_Data_Assignment/A02/airflow_env/lib/python3.11/site-packages/airflow/example_dags/example_branch_operator_decorator.py
[2024-03-08T14:41:36.219+0530] {processor.py:840} INFO - DAG(s) 'example_branch_python_operator_decorator' retrieved from /Users/anikbhowmick/Python/Big_Data_Assignment/A02/airflow_env/lib/python3.11/site-packages/airflow/example_dags/example_branch_operator_decorator.py
[2024-03-08T14:41:36.274+0530] {logging_mixin.py:188} INFO - [2024-03-08T14:41:36.274+0530] {dag.py:3047} INFO - Sync 1 DAGs
[2024-03-08T14:41:36.279+0530] {logging_mixin.py:188} INFO - [2024-03-08T14:41:36.279+0530] {dag.py:3834} INFO - Setting next_dagrun for example_branch_python_operator_decorator to 2024-03-07 00:00:00+00:00, run_after=2024-03-08 00:00:00+00:00
[2024-03-08T14:41:36.285+0530] {processor.py:183} INFO - Processing /Users/anikbhowmick/Python/Big_Data_Assignment/A02/airflow_env/lib/python3.11/site-packages/airflow/example_dags/example_branch_operator_decorator.py took 0.104 seconds
[2024-03-08T14:43:22.933+0530] {processor.py:161} INFO - Started process (PID=17677) to work on /Users/anikbhowmick/Python/Big_Data_Assignment/A02/airflow_env/lib/python3.11/site-packages/airflow/example_dags/example_branch_operator_decorator.py
[2024-03-08T14:43:22.933+0530] {processor.py:830} INFO - Processing file /Users/anikbhowmick/Python/Big_Data_Assignment/A02/airflow_env/lib/python3.11/site-packages/airflow/example_dags/example_branch_operator_decorator.py for tasks to queue
[2024-03-08T14:43:22.933+0530] {logging_mixin.py:188} INFO - [2024-03-08T14:43:22.933+0530] {dagbag.py:540} INFO - Filling up the DagBag from /Users/anikbhowmick/Python/Big_Data_Assignment/A02/airflow_env/lib/python3.11/site-packages/airflow/example_dags/example_branch_operator_decorator.py
[2024-03-08T14:43:22.970+0530] {processor.py:840} INFO - DAG(s) 'example_branch_python_operator_decorator' retrieved from /Users/anikbhowmick/Python/Big_Data_Assignment/A02/airflow_env/lib/python3.11/site-packages/airflow/example_dags/example_branch_operator_decorator.py
[2024-03-08T14:43:23.025+0530] {logging_mixin.py:188} INFO - [2024-03-08T14:43:23.025+0530] {dag.py:3047} INFO - Sync 1 DAGs
[2024-03-08T14:43:23.030+0530] {logging_mixin.py:188} INFO - [2024-03-08T14:43:23.030+0530] {dag.py:3834} INFO - Setting next_dagrun for example_branch_python_operator_decorator to 2024-03-07 00:00:00+00:00, run_after=2024-03-08 00:00:00+00:00
[2024-03-08T14:43:23.036+0530] {processor.py:183} INFO - Processing /Users/anikbhowmick/Python/Big_Data_Assignment/A02/airflow_env/lib/python3.11/site-packages/airflow/example_dags/example_branch_operator_decorator.py took 0.104 seconds
[2024-03-08T14:53:34.619+0530] {processor.py:161} INFO - Started process (PID=18047) to work on /Users/anikbhowmick/Python/Big_Data_Assignment/A02/airflow_env/lib/python3.11/site-packages/airflow/example_dags/example_branch_operator_decorator.py
[2024-03-08T14:53:34.619+0530] {processor.py:830} INFO - Processing file /Users/anikbhowmick/Python/Big_Data_Assignment/A02/airflow_env/lib/python3.11/site-packages/airflow/example_dags/example_branch_operator_decorator.py for tasks to queue
[2024-03-08T14:53:34.620+0530] {logging_mixin.py:188} INFO - [2024-03-08T14:53:34.619+0530] {dagbag.py:540} INFO - Filling up the DagBag from /Users/anikbhowmick/Python/Big_Data_Assignment/A02/airflow_env/lib/python3.11/site-packages/airflow/example_dags/example_branch_operator_decorator.py
[2024-03-08T14:53:34.659+0530] {processor.py:840} INFO - DAG(s) 'example_branch_python_operator_decorator' retrieved from /Users/anikbhowmick/Python/Big_Data_Assignment/A02/airflow_env/lib/python3.11/site-packages/airflow/example_dags/example_branch_operator_decorator.py
[2024-03-08T14:53:34.715+0530] {logging_mixin.py:188} INFO - [2024-03-08T14:53:34.715+0530] {dag.py:3047} INFO - Sync 1 DAGs
[2024-03-08T14:53:34.721+0530] {logging_mixin.py:188} INFO - [2024-03-08T14:53:34.721+0530] {dag.py:3834} INFO - Setting next_dagrun for example_branch_python_operator_decorator to 2024-03-07 00:00:00+00:00, run_after=2024-03-08 00:00:00+00:00
[2024-03-08T14:53:34.727+0530] {processor.py:183} INFO - Processing /Users/anikbhowmick/Python/Big_Data_Assignment/A02/airflow_env/lib/python3.11/site-packages/airflow/example_dags/example_branch_operator_decorator.py took 0.109 seconds
[2024-03-08T14:55:21.838+0530] {processor.py:161} INFO - Started process (PID=18191) to work on /Users/anikbhowmick/Python/Big_Data_Assignment/A02/airflow_env/lib/python3.11/site-packages/airflow/example_dags/example_branch_operator_decorator.py
[2024-03-08T14:55:21.840+0530] {processor.py:830} INFO - Processing file /Users/anikbhowmick/Python/Big_Data_Assignment/A02/airflow_env/lib/python3.11/site-packages/airflow/example_dags/example_branch_operator_decorator.py for tasks to queue
[2024-03-08T14:55:21.840+0530] {logging_mixin.py:188} INFO - [2024-03-08T14:55:21.840+0530] {dagbag.py:540} INFO - Filling up the DagBag from /Users/anikbhowmick/Python/Big_Data_Assignment/A02/airflow_env/lib/python3.11/site-packages/airflow/example_dags/example_branch_operator_decorator.py
[2024-03-08T14:55:21.880+0530] {processor.py:840} INFO - DAG(s) 'example_branch_python_operator_decorator' retrieved from /Users/anikbhowmick/Python/Big_Data_Assignment/A02/airflow_env/lib/python3.11/site-packages/airflow/example_dags/example_branch_operator_decorator.py
[2024-03-08T14:55:21.938+0530] {logging_mixin.py:188} INFO - [2024-03-08T14:55:21.938+0530] {dag.py:3047} INFO - Sync 1 DAGs
[2024-03-08T14:55:21.943+0530] {logging_mixin.py:188} INFO - [2024-03-08T14:55:21.943+0530] {dag.py:3834} INFO - Setting next_dagrun for example_branch_python_operator_decorator to 2024-03-07 00:00:00+00:00, run_after=2024-03-08 00:00:00+00:00
[2024-03-08T14:55:21.950+0530] {processor.py:183} INFO - Processing /Users/anikbhowmick/Python/Big_Data_Assignment/A02/airflow_env/lib/python3.11/site-packages/airflow/example_dags/example_branch_operator_decorator.py took 0.112 seconds
[2024-03-08T14:57:07.195+0530] {processor.py:161} INFO - Started process (PID=18258) to work on /Users/anikbhowmick/Python/Big_Data_Assignment/A02/airflow_env/lib/python3.11/site-packages/airflow/example_dags/example_branch_operator_decorator.py
[2024-03-08T14:57:07.196+0530] {processor.py:830} INFO - Processing file /Users/anikbhowmick/Python/Big_Data_Assignment/A02/airflow_env/lib/python3.11/site-packages/airflow/example_dags/example_branch_operator_decorator.py for tasks to queue
[2024-03-08T14:57:07.196+0530] {logging_mixin.py:188} INFO - [2024-03-08T14:57:07.196+0530] {dagbag.py:540} INFO - Filling up the DagBag from /Users/anikbhowmick/Python/Big_Data_Assignment/A02/airflow_env/lib/python3.11/site-packages/airflow/example_dags/example_branch_operator_decorator.py
[2024-03-08T14:57:07.233+0530] {processor.py:840} INFO - DAG(s) 'example_branch_python_operator_decorator' retrieved from /Users/anikbhowmick/Python/Big_Data_Assignment/A02/airflow_env/lib/python3.11/site-packages/airflow/example_dags/example_branch_operator_decorator.py
[2024-03-08T14:57:07.288+0530] {logging_mixin.py:188} INFO - [2024-03-08T14:57:07.287+0530] {dag.py:3047} INFO - Sync 1 DAGs
[2024-03-08T14:57:07.293+0530] {logging_mixin.py:188} INFO - [2024-03-08T14:57:07.293+0530] {dag.py:3834} INFO - Setting next_dagrun for example_branch_python_operator_decorator to 2024-03-07 00:00:00+00:00, run_after=2024-03-08 00:00:00+00:00
[2024-03-08T14:57:07.299+0530] {processor.py:183} INFO - Processing /Users/anikbhowmick/Python/Big_Data_Assignment/A02/airflow_env/lib/python3.11/site-packages/airflow/example_dags/example_branch_operator_decorator.py took 0.105 seconds
[2024-03-08T14:58:59.229+0530] {processor.py:161} INFO - Started process (PID=18330) to work on /Users/anikbhowmick/Python/Big_Data_Assignment/A02/airflow_env/lib/python3.11/site-packages/airflow/example_dags/example_branch_operator_decorator.py
[2024-03-08T14:58:59.231+0530] {processor.py:830} INFO - Processing file /Users/anikbhowmick/Python/Big_Data_Assignment/A02/airflow_env/lib/python3.11/site-packages/airflow/example_dags/example_branch_operator_decorator.py for tasks to queue
[2024-03-08T14:58:59.231+0530] {logging_mixin.py:188} INFO - [2024-03-08T14:58:59.231+0530] {dagbag.py:540} INFO - Filling up the DagBag from /Users/anikbhowmick/Python/Big_Data_Assignment/A02/airflow_env/lib/python3.11/site-packages/airflow/example_dags/example_branch_operator_decorator.py
[2024-03-08T14:58:59.267+0530] {processor.py:840} INFO - DAG(s) 'example_branch_python_operator_decorator' retrieved from /Users/anikbhowmick/Python/Big_Data_Assignment/A02/airflow_env/lib/python3.11/site-packages/airflow/example_dags/example_branch_operator_decorator.py
[2024-03-08T14:58:59.323+0530] {logging_mixin.py:188} INFO - [2024-03-08T14:58:59.322+0530] {dag.py:3047} INFO - Sync 1 DAGs
[2024-03-08T14:58:59.328+0530] {logging_mixin.py:188} INFO - [2024-03-08T14:58:59.328+0530] {dag.py:3834} INFO - Setting next_dagrun for example_branch_python_operator_decorator to 2024-03-07 00:00:00+00:00, run_after=2024-03-08 00:00:00+00:00
[2024-03-08T14:58:59.334+0530] {processor.py:183} INFO - Processing /Users/anikbhowmick/Python/Big_Data_Assignment/A02/airflow_env/lib/python3.11/site-packages/airflow/example_dags/example_branch_operator_decorator.py took 0.105 seconds
[2024-03-08T15:00:56.588+0530] {processor.py:161} INFO - Started process (PID=18405) to work on /Users/anikbhowmick/Python/Big_Data_Assignment/A02/airflow_env/lib/python3.11/site-packages/airflow/example_dags/example_branch_operator_decorator.py
[2024-03-08T15:00:56.589+0530] {processor.py:830} INFO - Processing file /Users/anikbhowmick/Python/Big_Data_Assignment/A02/airflow_env/lib/python3.11/site-packages/airflow/example_dags/example_branch_operator_decorator.py for tasks to queue
[2024-03-08T15:00:56.589+0530] {logging_mixin.py:188} INFO - [2024-03-08T15:00:56.589+0530] {dagbag.py:540} INFO - Filling up the DagBag from /Users/anikbhowmick/Python/Big_Data_Assignment/A02/airflow_env/lib/python3.11/site-packages/airflow/example_dags/example_branch_operator_decorator.py
[2024-03-08T15:00:56.634+0530] {processor.py:840} INFO - DAG(s) 'example_branch_python_operator_decorator' retrieved from /Users/anikbhowmick/Python/Big_Data_Assignment/A02/airflow_env/lib/python3.11/site-packages/airflow/example_dags/example_branch_operator_decorator.py
[2024-03-08T15:00:56.692+0530] {logging_mixin.py:188} INFO - [2024-03-08T15:00:56.692+0530] {dag.py:3047} INFO - Sync 1 DAGs
[2024-03-08T15:00:56.697+0530] {logging_mixin.py:188} INFO - [2024-03-08T15:00:56.697+0530] {dag.py:3834} INFO - Setting next_dagrun for example_branch_python_operator_decorator to 2024-03-07 00:00:00+00:00, run_after=2024-03-08 00:00:00+00:00
[2024-03-08T15:00:56.704+0530] {processor.py:183} INFO - Processing /Users/anikbhowmick/Python/Big_Data_Assignment/A02/airflow_env/lib/python3.11/site-packages/airflow/example_dags/example_branch_operator_decorator.py took 0.116 seconds
[2024-03-08T15:02:50.732+0530] {processor.py:161} INFO - Started process (PID=18482) to work on /Users/anikbhowmick/Python/Big_Data_Assignment/A02/airflow_env/lib/python3.11/site-packages/airflow/example_dags/example_branch_operator_decorator.py
[2024-03-08T15:02:50.733+0530] {processor.py:830} INFO - Processing file /Users/anikbhowmick/Python/Big_Data_Assignment/A02/airflow_env/lib/python3.11/site-packages/airflow/example_dags/example_branch_operator_decorator.py for tasks to queue
[2024-03-08T15:02:50.733+0530] {logging_mixin.py:188} INFO - [2024-03-08T15:02:50.733+0530] {dagbag.py:540} INFO - Filling up the DagBag from /Users/anikbhowmick/Python/Big_Data_Assignment/A02/airflow_env/lib/python3.11/site-packages/airflow/example_dags/example_branch_operator_decorator.py
[2024-03-08T15:02:50.769+0530] {processor.py:840} INFO - DAG(s) 'example_branch_python_operator_decorator' retrieved from /Users/anikbhowmick/Python/Big_Data_Assignment/A02/airflow_env/lib/python3.11/site-packages/airflow/example_dags/example_branch_operator_decorator.py
[2024-03-08T15:02:50.824+0530] {logging_mixin.py:188} INFO - [2024-03-08T15:02:50.824+0530] {dag.py:3047} INFO - Sync 1 DAGs
[2024-03-08T15:02:50.830+0530] {logging_mixin.py:188} INFO - [2024-03-08T15:02:50.829+0530] {dag.py:3834} INFO - Setting next_dagrun for example_branch_python_operator_decorator to 2024-03-07 00:00:00+00:00, run_after=2024-03-08 00:00:00+00:00
[2024-03-08T15:02:50.835+0530] {processor.py:183} INFO - Processing /Users/anikbhowmick/Python/Big_Data_Assignment/A02/airflow_env/lib/python3.11/site-packages/airflow/example_dags/example_branch_operator_decorator.py took 0.104 seconds
[2024-03-08T15:04:32.797+0530] {processor.py:161} INFO - Started process (PID=18552) to work on /Users/anikbhowmick/Python/Big_Data_Assignment/A02/airflow_env/lib/python3.11/site-packages/airflow/example_dags/example_branch_operator_decorator.py
[2024-03-08T15:04:32.798+0530] {processor.py:830} INFO - Processing file /Users/anikbhowmick/Python/Big_Data_Assignment/A02/airflow_env/lib/python3.11/site-packages/airflow/example_dags/example_branch_operator_decorator.py for tasks to queue
[2024-03-08T15:04:32.798+0530] {logging_mixin.py:188} INFO - [2024-03-08T15:04:32.798+0530] {dagbag.py:540} INFO - Filling up the DagBag from /Users/anikbhowmick/Python/Big_Data_Assignment/A02/airflow_env/lib/python3.11/site-packages/airflow/example_dags/example_branch_operator_decorator.py
[2024-03-08T15:04:32.835+0530] {processor.py:840} INFO - DAG(s) 'example_branch_python_operator_decorator' retrieved from /Users/anikbhowmick/Python/Big_Data_Assignment/A02/airflow_env/lib/python3.11/site-packages/airflow/example_dags/example_branch_operator_decorator.py
[2024-03-08T15:04:32.890+0530] {logging_mixin.py:188} INFO - [2024-03-08T15:04:32.890+0530] {dag.py:3047} INFO - Sync 1 DAGs
[2024-03-08T15:04:32.895+0530] {logging_mixin.py:188} INFO - [2024-03-08T15:04:32.895+0530] {dag.py:3834} INFO - Setting next_dagrun for example_branch_python_operator_decorator to 2024-03-07 00:00:00+00:00, run_after=2024-03-08 00:00:00+00:00
[2024-03-08T15:04:32.901+0530] {processor.py:183} INFO - Processing /Users/anikbhowmick/Python/Big_Data_Assignment/A02/airflow_env/lib/python3.11/site-packages/airflow/example_dags/example_branch_operator_decorator.py took 0.105 seconds
[2024-03-08T15:06:24.465+0530] {processor.py:161} INFO - Started process (PID=18622) to work on /Users/anikbhowmick/Python/Big_Data_Assignment/A02/airflow_env/lib/python3.11/site-packages/airflow/example_dags/example_branch_operator_decorator.py
[2024-03-08T15:06:24.466+0530] {processor.py:830} INFO - Processing file /Users/anikbhowmick/Python/Big_Data_Assignment/A02/airflow_env/lib/python3.11/site-packages/airflow/example_dags/example_branch_operator_decorator.py for tasks to queue
[2024-03-08T15:06:24.466+0530] {logging_mixin.py:188} INFO - [2024-03-08T15:06:24.466+0530] {dagbag.py:540} INFO - Filling up the DagBag from /Users/anikbhowmick/Python/Big_Data_Assignment/A02/airflow_env/lib/python3.11/site-packages/airflow/example_dags/example_branch_operator_decorator.py
[2024-03-08T15:06:24.508+0530] {processor.py:840} INFO - DAG(s) 'example_branch_python_operator_decorator' retrieved from /Users/anikbhowmick/Python/Big_Data_Assignment/A02/airflow_env/lib/python3.11/site-packages/airflow/example_dags/example_branch_operator_decorator.py
[2024-03-08T15:06:24.567+0530] {logging_mixin.py:188} INFO - [2024-03-08T15:06:24.567+0530] {dag.py:3047} INFO - Sync 1 DAGs
[2024-03-08T15:06:24.573+0530] {logging_mixin.py:188} INFO - [2024-03-08T15:06:24.572+0530] {dag.py:3834} INFO - Setting next_dagrun for example_branch_python_operator_decorator to 2024-03-07 00:00:00+00:00, run_after=2024-03-08 00:00:00+00:00
[2024-03-08T15:06:24.579+0530] {processor.py:183} INFO - Processing /Users/anikbhowmick/Python/Big_Data_Assignment/A02/airflow_env/lib/python3.11/site-packages/airflow/example_dags/example_branch_operator_decorator.py took 0.114 seconds
[2024-03-08T16:49:51.688+0530] {processor.py:161} INFO - Started process (PID=1286) to work on /Users/anikbhowmick/Python/Big_Data_Assignment/A02/airflow_env/lib/python3.11/site-packages/airflow/example_dags/example_branch_operator_decorator.py
[2024-03-08T16:49:51.689+0530] {processor.py:830} INFO - Processing file /Users/anikbhowmick/Python/Big_Data_Assignment/A02/airflow_env/lib/python3.11/site-packages/airflow/example_dags/example_branch_operator_decorator.py for tasks to queue
[2024-03-08T16:49:51.690+0530] {logging_mixin.py:188} INFO - [2024-03-08T16:49:51.690+0530] {dagbag.py:540} INFO - Filling up the DagBag from /Users/anikbhowmick/Python/Big_Data_Assignment/A02/airflow_env/lib/python3.11/site-packages/airflow/example_dags/example_branch_operator_decorator.py
[2024-03-08T16:49:51.728+0530] {processor.py:840} INFO - DAG(s) 'example_branch_python_operator_decorator' retrieved from /Users/anikbhowmick/Python/Big_Data_Assignment/A02/airflow_env/lib/python3.11/site-packages/airflow/example_dags/example_branch_operator_decorator.py
[2024-03-08T16:49:51.785+0530] {logging_mixin.py:188} INFO - [2024-03-08T16:49:51.784+0530] {dag.py:3047} INFO - Sync 1 DAGs
[2024-03-08T16:49:51.790+0530] {logging_mixin.py:188} INFO - [2024-03-08T16:49:51.790+0530] {dag.py:3834} INFO - Setting next_dagrun for example_branch_python_operator_decorator to 2024-03-07 00:00:00+00:00, run_after=2024-03-08 00:00:00+00:00
[2024-03-08T16:49:51.796+0530] {processor.py:183} INFO - Processing /Users/anikbhowmick/Python/Big_Data_Assignment/A02/airflow_env/lib/python3.11/site-packages/airflow/example_dags/example_branch_operator_decorator.py took 0.108 seconds
[2024-03-08T16:54:09.885+0530] {processor.py:161} INFO - Started process (PID=1586) to work on /Users/anikbhowmick/Python/Big_Data_Assignment/A02/airflow_env/lib/python3.11/site-packages/airflow/example_dags/example_branch_operator_decorator.py
[2024-03-08T16:54:09.887+0530] {processor.py:830} INFO - Processing file /Users/anikbhowmick/Python/Big_Data_Assignment/A02/airflow_env/lib/python3.11/site-packages/airflow/example_dags/example_branch_operator_decorator.py for tasks to queue
[2024-03-08T16:54:09.887+0530] {logging_mixin.py:188} INFO - [2024-03-08T16:54:09.887+0530] {dagbag.py:540} INFO - Filling up the DagBag from /Users/anikbhowmick/Python/Big_Data_Assignment/A02/airflow_env/lib/python3.11/site-packages/airflow/example_dags/example_branch_operator_decorator.py
[2024-03-08T16:54:09.923+0530] {processor.py:840} INFO - DAG(s) 'example_branch_python_operator_decorator' retrieved from /Users/anikbhowmick/Python/Big_Data_Assignment/A02/airflow_env/lib/python3.11/site-packages/airflow/example_dags/example_branch_operator_decorator.py
[2024-03-08T16:54:09.979+0530] {logging_mixin.py:188} INFO - [2024-03-08T16:54:09.978+0530] {dag.py:3047} INFO - Sync 1 DAGs
[2024-03-08T16:54:09.984+0530] {logging_mixin.py:188} INFO - [2024-03-08T16:54:09.984+0530] {dag.py:3834} INFO - Setting next_dagrun for example_branch_python_operator_decorator to 2024-03-07 00:00:00+00:00, run_after=2024-03-08 00:00:00+00:00
[2024-03-08T16:54:09.990+0530] {processor.py:183} INFO - Processing /Users/anikbhowmick/Python/Big_Data_Assignment/A02/airflow_env/lib/python3.11/site-packages/airflow/example_dags/example_branch_operator_decorator.py took 0.105 seconds
