[2024-03-08T12:17:41.036+0530] {processor.py:161} INFO - Started process (PID=11320) to work on /Users/anikbhowmick/Python/Big_Data_Assignment/A02/airflow_env/lib/python3.11/site-packages/airflow/example_dags/example_complex.py
[2024-03-08T12:17:41.037+0530] {processor.py:830} INFO - Processing file /Users/anikbhowmick/Python/Big_Data_Assignment/A02/airflow_env/lib/python3.11/site-packages/airflow/example_dags/example_complex.py for tasks to queue
[2024-03-08T12:17:41.037+0530] {logging_mixin.py:188} INFO - [2024-03-08T12:17:41.037+0530] {dagbag.py:540} INFO - Filling up the DagBag from /Users/anikbhowmick/Python/Big_Data_Assignment/A02/airflow_env/lib/python3.11/site-packages/airflow/example_dags/example_complex.py
[2024-03-08T12:17:41.063+0530] {processor.py:840} INFO - DAG(s) 'example_complex' retrieved from /Users/anikbhowmick/Python/Big_Data_Assignment/A02/airflow_env/lib/python3.11/site-packages/airflow/example_dags/example_complex.py
[2024-03-08T12:17:41.096+0530] {logging_mixin.py:188} INFO - [2024-03-08T12:17:41.096+0530] {dag.py:3047} INFO - Sync 1 DAGs
[2024-03-08T12:17:41.099+0530] {logging_mixin.py:188} INFO - [2024-03-08T12:17:41.099+0530] {dag.py:3834} INFO - Setting next_dagrun for example_complex to None, run_after=None
[2024-03-08T12:17:41.105+0530] {processor.py:183} INFO - Processing /Users/anikbhowmick/Python/Big_Data_Assignment/A02/airflow_env/lib/python3.11/site-packages/airflow/example_dags/example_complex.py took 0.069 seconds
[2024-03-08T12:19:34.925+0530] {processor.py:161} INFO - Started process (PID=11394) to work on /Users/anikbhowmick/Python/Big_Data_Assignment/A02/airflow_env/lib/python3.11/site-packages/airflow/example_dags/example_complex.py
[2024-03-08T12:19:34.925+0530] {processor.py:830} INFO - Processing file /Users/anikbhowmick/Python/Big_Data_Assignment/A02/airflow_env/lib/python3.11/site-packages/airflow/example_dags/example_complex.py for tasks to queue
[2024-03-08T12:19:34.925+0530] {logging_mixin.py:188} INFO - [2024-03-08T12:19:34.925+0530] {dagbag.py:540} INFO - Filling up the DagBag from /Users/anikbhowmick/Python/Big_Data_Assignment/A02/airflow_env/lib/python3.11/site-packages/airflow/example_dags/example_complex.py
[2024-03-08T12:19:34.951+0530] {processor.py:840} INFO - DAG(s) 'example_complex' retrieved from /Users/anikbhowmick/Python/Big_Data_Assignment/A02/airflow_env/lib/python3.11/site-packages/airflow/example_dags/example_complex.py
[2024-03-08T12:19:34.983+0530] {logging_mixin.py:188} INFO - [2024-03-08T12:19:34.983+0530] {dag.py:3047} INFO - Sync 1 DAGs
[2024-03-08T12:19:34.986+0530] {logging_mixin.py:188} INFO - [2024-03-08T12:19:34.986+0530] {dag.py:3834} INFO - Setting next_dagrun for example_complex to None, run_after=None
[2024-03-08T12:19:34.992+0530] {processor.py:183} INFO - Processing /Users/anikbhowmick/Python/Big_Data_Assignment/A02/airflow_env/lib/python3.11/site-packages/airflow/example_dags/example_complex.py took 0.068 seconds
[2024-03-08T12:21:24.867+0530] {processor.py:161} INFO - Started process (PID=11469) to work on /Users/anikbhowmick/Python/Big_Data_Assignment/A02/airflow_env/lib/python3.11/site-packages/airflow/example_dags/example_complex.py
[2024-03-08T12:21:24.868+0530] {processor.py:830} INFO - Processing file /Users/anikbhowmick/Python/Big_Data_Assignment/A02/airflow_env/lib/python3.11/site-packages/airflow/example_dags/example_complex.py for tasks to queue
[2024-03-08T12:21:24.868+0530] {logging_mixin.py:188} INFO - [2024-03-08T12:21:24.868+0530] {dagbag.py:540} INFO - Filling up the DagBag from /Users/anikbhowmick/Python/Big_Data_Assignment/A02/airflow_env/lib/python3.11/site-packages/airflow/example_dags/example_complex.py
[2024-03-08T12:21:24.893+0530] {processor.py:840} INFO - DAG(s) 'example_complex' retrieved from /Users/anikbhowmick/Python/Big_Data_Assignment/A02/airflow_env/lib/python3.11/site-packages/airflow/example_dags/example_complex.py
[2024-03-08T12:21:24.925+0530] {logging_mixin.py:188} INFO - [2024-03-08T12:21:24.925+0530] {dag.py:3047} INFO - Sync 1 DAGs
[2024-03-08T12:21:24.928+0530] {logging_mixin.py:188} INFO - [2024-03-08T12:21:24.928+0530] {dag.py:3834} INFO - Setting next_dagrun for example_complex to None, run_after=None
[2024-03-08T12:21:24.934+0530] {processor.py:183} INFO - Processing /Users/anikbhowmick/Python/Big_Data_Assignment/A02/airflow_env/lib/python3.11/site-packages/airflow/example_dags/example_complex.py took 0.067 seconds
[2024-03-08T12:23:11.450+0530] {processor.py:161} INFO - Started process (PID=11583) to work on /Users/anikbhowmick/Python/Big_Data_Assignment/A02/airflow_env/lib/python3.11/site-packages/airflow/example_dags/example_complex.py
[2024-03-08T12:23:11.451+0530] {processor.py:830} INFO - Processing file /Users/anikbhowmick/Python/Big_Data_Assignment/A02/airflow_env/lib/python3.11/site-packages/airflow/example_dags/example_complex.py for tasks to queue
[2024-03-08T12:23:11.451+0530] {logging_mixin.py:188} INFO - [2024-03-08T12:23:11.451+0530] {dagbag.py:540} INFO - Filling up the DagBag from /Users/anikbhowmick/Python/Big_Data_Assignment/A02/airflow_env/lib/python3.11/site-packages/airflow/example_dags/example_complex.py
[2024-03-08T12:23:11.476+0530] {processor.py:840} INFO - DAG(s) 'example_complex' retrieved from /Users/anikbhowmick/Python/Big_Data_Assignment/A02/airflow_env/lib/python3.11/site-packages/airflow/example_dags/example_complex.py
[2024-03-08T12:23:11.508+0530] {logging_mixin.py:188} INFO - [2024-03-08T12:23:11.508+0530] {dag.py:3047} INFO - Sync 1 DAGs
[2024-03-08T12:23:11.511+0530] {logging_mixin.py:188} INFO - [2024-03-08T12:23:11.511+0530] {dag.py:3834} INFO - Setting next_dagrun for example_complex to None, run_after=None
[2024-03-08T12:23:11.517+0530] {processor.py:183} INFO - Processing /Users/anikbhowmick/Python/Big_Data_Assignment/A02/airflow_env/lib/python3.11/site-packages/airflow/example_dags/example_complex.py took 0.068 seconds
[2024-03-08T12:25:06.516+0530] {processor.py:161} INFO - Started process (PID=11666) to work on /Users/anikbhowmick/Python/Big_Data_Assignment/A02/airflow_env/lib/python3.11/site-packages/airflow/example_dags/example_complex.py
[2024-03-08T12:25:06.516+0530] {processor.py:830} INFO - Processing file /Users/anikbhowmick/Python/Big_Data_Assignment/A02/airflow_env/lib/python3.11/site-packages/airflow/example_dags/example_complex.py for tasks to queue
[2024-03-08T12:25:06.517+0530] {logging_mixin.py:188} INFO - [2024-03-08T12:25:06.517+0530] {dagbag.py:540} INFO - Filling up the DagBag from /Users/anikbhowmick/Python/Big_Data_Assignment/A02/airflow_env/lib/python3.11/site-packages/airflow/example_dags/example_complex.py
[2024-03-08T12:25:06.542+0530] {processor.py:840} INFO - DAG(s) 'example_complex' retrieved from /Users/anikbhowmick/Python/Big_Data_Assignment/A02/airflow_env/lib/python3.11/site-packages/airflow/example_dags/example_complex.py
[2024-03-08T12:25:06.574+0530] {logging_mixin.py:188} INFO - [2024-03-08T12:25:06.574+0530] {dag.py:3047} INFO - Sync 1 DAGs
[2024-03-08T12:25:06.577+0530] {logging_mixin.py:188} INFO - [2024-03-08T12:25:06.577+0530] {dag.py:3834} INFO - Setting next_dagrun for example_complex to None, run_after=None
[2024-03-08T12:25:06.583+0530] {processor.py:183} INFO - Processing /Users/anikbhowmick/Python/Big_Data_Assignment/A02/airflow_env/lib/python3.11/site-packages/airflow/example_dags/example_complex.py took 0.068 seconds
[2024-03-08T12:26:58.399+0530] {processor.py:161} INFO - Started process (PID=11754) to work on /Users/anikbhowmick/Python/Big_Data_Assignment/A02/airflow_env/lib/python3.11/site-packages/airflow/example_dags/example_complex.py
[2024-03-08T12:26:58.400+0530] {processor.py:830} INFO - Processing file /Users/anikbhowmick/Python/Big_Data_Assignment/A02/airflow_env/lib/python3.11/site-packages/airflow/example_dags/example_complex.py for tasks to queue
[2024-03-08T12:26:58.400+0530] {logging_mixin.py:188} INFO - [2024-03-08T12:26:58.400+0530] {dagbag.py:540} INFO - Filling up the DagBag from /Users/anikbhowmick/Python/Big_Data_Assignment/A02/airflow_env/lib/python3.11/site-packages/airflow/example_dags/example_complex.py
[2024-03-08T12:26:58.426+0530] {processor.py:840} INFO - DAG(s) 'example_complex' retrieved from /Users/anikbhowmick/Python/Big_Data_Assignment/A02/airflow_env/lib/python3.11/site-packages/airflow/example_dags/example_complex.py
[2024-03-08T12:26:58.458+0530] {logging_mixin.py:188} INFO - [2024-03-08T12:26:58.458+0530] {dag.py:3047} INFO - Sync 1 DAGs
[2024-03-08T12:26:58.461+0530] {logging_mixin.py:188} INFO - [2024-03-08T12:26:58.461+0530] {dag.py:3834} INFO - Setting next_dagrun for example_complex to None, run_after=None
[2024-03-08T12:26:58.467+0530] {processor.py:183} INFO - Processing /Users/anikbhowmick/Python/Big_Data_Assignment/A02/airflow_env/lib/python3.11/site-packages/airflow/example_dags/example_complex.py took 0.068 seconds
[2024-03-08T12:28:45.749+0530] {processor.py:161} INFO - Started process (PID=11825) to work on /Users/anikbhowmick/Python/Big_Data_Assignment/A02/airflow_env/lib/python3.11/site-packages/airflow/example_dags/example_complex.py
[2024-03-08T12:28:45.750+0530] {processor.py:830} INFO - Processing file /Users/anikbhowmick/Python/Big_Data_Assignment/A02/airflow_env/lib/python3.11/site-packages/airflow/example_dags/example_complex.py for tasks to queue
[2024-03-08T12:28:45.750+0530] {logging_mixin.py:188} INFO - [2024-03-08T12:28:45.750+0530] {dagbag.py:540} INFO - Filling up the DagBag from /Users/anikbhowmick/Python/Big_Data_Assignment/A02/airflow_env/lib/python3.11/site-packages/airflow/example_dags/example_complex.py
[2024-03-08T12:28:45.776+0530] {processor.py:840} INFO - DAG(s) 'example_complex' retrieved from /Users/anikbhowmick/Python/Big_Data_Assignment/A02/airflow_env/lib/python3.11/site-packages/airflow/example_dags/example_complex.py
[2024-03-08T12:28:45.808+0530] {logging_mixin.py:188} INFO - [2024-03-08T12:28:45.808+0530] {dag.py:3047} INFO - Sync 1 DAGs
[2024-03-08T12:28:45.811+0530] {logging_mixin.py:188} INFO - [2024-03-08T12:28:45.811+0530] {dag.py:3834} INFO - Setting next_dagrun for example_complex to None, run_after=None
[2024-03-08T12:28:45.817+0530] {processor.py:183} INFO - Processing /Users/anikbhowmick/Python/Big_Data_Assignment/A02/airflow_env/lib/python3.11/site-packages/airflow/example_dags/example_complex.py took 0.069 seconds
[2024-03-08T12:30:38.414+0530] {processor.py:161} INFO - Started process (PID=11903) to work on /Users/anikbhowmick/Python/Big_Data_Assignment/A02/airflow_env/lib/python3.11/site-packages/airflow/example_dags/example_complex.py
[2024-03-08T12:30:38.415+0530] {processor.py:830} INFO - Processing file /Users/anikbhowmick/Python/Big_Data_Assignment/A02/airflow_env/lib/python3.11/site-packages/airflow/example_dags/example_complex.py for tasks to queue
[2024-03-08T12:30:38.415+0530] {logging_mixin.py:188} INFO - [2024-03-08T12:30:38.415+0530] {dagbag.py:540} INFO - Filling up the DagBag from /Users/anikbhowmick/Python/Big_Data_Assignment/A02/airflow_env/lib/python3.11/site-packages/airflow/example_dags/example_complex.py
[2024-03-08T12:30:38.441+0530] {processor.py:840} INFO - DAG(s) 'example_complex' retrieved from /Users/anikbhowmick/Python/Big_Data_Assignment/A02/airflow_env/lib/python3.11/site-packages/airflow/example_dags/example_complex.py
[2024-03-08T12:30:38.472+0530] {logging_mixin.py:188} INFO - [2024-03-08T12:30:38.472+0530] {dag.py:3047} INFO - Sync 1 DAGs
[2024-03-08T12:30:38.476+0530] {logging_mixin.py:188} INFO - [2024-03-08T12:30:38.476+0530] {dag.py:3834} INFO - Setting next_dagrun for example_complex to None, run_after=None
[2024-03-08T12:30:38.482+0530] {processor.py:183} INFO - Processing /Users/anikbhowmick/Python/Big_Data_Assignment/A02/airflow_env/lib/python3.11/site-packages/airflow/example_dags/example_complex.py took 0.068 seconds
[2024-03-08T12:32:30.122+0530] {processor.py:161} INFO - Started process (PID=11975) to work on /Users/anikbhowmick/Python/Big_Data_Assignment/A02/airflow_env/lib/python3.11/site-packages/airflow/example_dags/example_complex.py
[2024-03-08T12:32:30.123+0530] {processor.py:830} INFO - Processing file /Users/anikbhowmick/Python/Big_Data_Assignment/A02/airflow_env/lib/python3.11/site-packages/airflow/example_dags/example_complex.py for tasks to queue
[2024-03-08T12:32:30.123+0530] {logging_mixin.py:188} INFO - [2024-03-08T12:32:30.123+0530] {dagbag.py:540} INFO - Filling up the DagBag from /Users/anikbhowmick/Python/Big_Data_Assignment/A02/airflow_env/lib/python3.11/site-packages/airflow/example_dags/example_complex.py
[2024-03-08T12:32:30.149+0530] {processor.py:840} INFO - DAG(s) 'example_complex' retrieved from /Users/anikbhowmick/Python/Big_Data_Assignment/A02/airflow_env/lib/python3.11/site-packages/airflow/example_dags/example_complex.py
[2024-03-08T12:32:30.181+0530] {logging_mixin.py:188} INFO - [2024-03-08T12:32:30.180+0530] {dag.py:3047} INFO - Sync 1 DAGs
[2024-03-08T12:32:30.184+0530] {logging_mixin.py:188} INFO - [2024-03-08T12:32:30.184+0530] {dag.py:3834} INFO - Setting next_dagrun for example_complex to None, run_after=None
[2024-03-08T12:32:30.190+0530] {processor.py:183} INFO - Processing /Users/anikbhowmick/Python/Big_Data_Assignment/A02/airflow_env/lib/python3.11/site-packages/airflow/example_dags/example_complex.py took 0.069 seconds
[2024-03-08T12:34:23.784+0530] {processor.py:161} INFO - Started process (PID=12053) to work on /Users/anikbhowmick/Python/Big_Data_Assignment/A02/airflow_env/lib/python3.11/site-packages/airflow/example_dags/example_complex.py
[2024-03-08T12:34:23.785+0530] {processor.py:830} INFO - Processing file /Users/anikbhowmick/Python/Big_Data_Assignment/A02/airflow_env/lib/python3.11/site-packages/airflow/example_dags/example_complex.py for tasks to queue
[2024-03-08T12:34:23.785+0530] {logging_mixin.py:188} INFO - [2024-03-08T12:34:23.785+0530] {dagbag.py:540} INFO - Filling up the DagBag from /Users/anikbhowmick/Python/Big_Data_Assignment/A02/airflow_env/lib/python3.11/site-packages/airflow/example_dags/example_complex.py
[2024-03-08T12:34:23.811+0530] {processor.py:840} INFO - DAG(s) 'example_complex' retrieved from /Users/anikbhowmick/Python/Big_Data_Assignment/A02/airflow_env/lib/python3.11/site-packages/airflow/example_dags/example_complex.py
[2024-03-08T12:34:23.843+0530] {logging_mixin.py:188} INFO - [2024-03-08T12:34:23.843+0530] {dag.py:3047} INFO - Sync 1 DAGs
[2024-03-08T12:34:23.846+0530] {logging_mixin.py:188} INFO - [2024-03-08T12:34:23.846+0530] {dag.py:3834} INFO - Setting next_dagrun for example_complex to None, run_after=None
[2024-03-08T12:34:23.852+0530] {processor.py:183} INFO - Processing /Users/anikbhowmick/Python/Big_Data_Assignment/A02/airflow_env/lib/python3.11/site-packages/airflow/example_dags/example_complex.py took 0.069 seconds
[2024-03-08T12:36:18.798+0530] {processor.py:161} INFO - Started process (PID=12126) to work on /Users/anikbhowmick/Python/Big_Data_Assignment/A02/airflow_env/lib/python3.11/site-packages/airflow/example_dags/example_complex.py
[2024-03-08T12:36:18.799+0530] {processor.py:830} INFO - Processing file /Users/anikbhowmick/Python/Big_Data_Assignment/A02/airflow_env/lib/python3.11/site-packages/airflow/example_dags/example_complex.py for tasks to queue
[2024-03-08T12:36:18.799+0530] {logging_mixin.py:188} INFO - [2024-03-08T12:36:18.799+0530] {dagbag.py:540} INFO - Filling up the DagBag from /Users/anikbhowmick/Python/Big_Data_Assignment/A02/airflow_env/lib/python3.11/site-packages/airflow/example_dags/example_complex.py
[2024-03-08T12:36:18.825+0530] {processor.py:840} INFO - DAG(s) 'example_complex' retrieved from /Users/anikbhowmick/Python/Big_Data_Assignment/A02/airflow_env/lib/python3.11/site-packages/airflow/example_dags/example_complex.py
[2024-03-08T12:36:18.856+0530] {logging_mixin.py:188} INFO - [2024-03-08T12:36:18.856+0530] {dag.py:3047} INFO - Sync 1 DAGs
[2024-03-08T12:36:18.860+0530] {logging_mixin.py:188} INFO - [2024-03-08T12:36:18.859+0530] {dag.py:3834} INFO - Setting next_dagrun for example_complex to None, run_after=None
[2024-03-08T12:36:18.866+0530] {processor.py:183} INFO - Processing /Users/anikbhowmick/Python/Big_Data_Assignment/A02/airflow_env/lib/python3.11/site-packages/airflow/example_dags/example_complex.py took 0.068 seconds
[2024-03-08T12:37:59.090+0530] {processor.py:161} INFO - Started process (PID=12193) to work on /Users/anikbhowmick/Python/Big_Data_Assignment/A02/airflow_env/lib/python3.11/site-packages/airflow/example_dags/example_complex.py
[2024-03-08T12:37:59.091+0530] {processor.py:830} INFO - Processing file /Users/anikbhowmick/Python/Big_Data_Assignment/A02/airflow_env/lib/python3.11/site-packages/airflow/example_dags/example_complex.py for tasks to queue
[2024-03-08T12:37:59.091+0530] {logging_mixin.py:188} INFO - [2024-03-08T12:37:59.091+0530] {dagbag.py:540} INFO - Filling up the DagBag from /Users/anikbhowmick/Python/Big_Data_Assignment/A02/airflow_env/lib/python3.11/site-packages/airflow/example_dags/example_complex.py
[2024-03-08T12:37:59.116+0530] {processor.py:840} INFO - DAG(s) 'example_complex' retrieved from /Users/anikbhowmick/Python/Big_Data_Assignment/A02/airflow_env/lib/python3.11/site-packages/airflow/example_dags/example_complex.py
[2024-03-08T12:37:59.148+0530] {logging_mixin.py:188} INFO - [2024-03-08T12:37:59.148+0530] {dag.py:3047} INFO - Sync 1 DAGs
[2024-03-08T12:37:59.152+0530] {logging_mixin.py:188} INFO - [2024-03-08T12:37:59.151+0530] {dag.py:3834} INFO - Setting next_dagrun for example_complex to None, run_after=None
[2024-03-08T12:37:59.158+0530] {processor.py:183} INFO - Processing /Users/anikbhowmick/Python/Big_Data_Assignment/A02/airflow_env/lib/python3.11/site-packages/airflow/example_dags/example_complex.py took 0.068 seconds
[2024-03-08T12:39:53.399+0530] {processor.py:161} INFO - Started process (PID=12275) to work on /Users/anikbhowmick/Python/Big_Data_Assignment/A02/airflow_env/lib/python3.11/site-packages/airflow/example_dags/example_complex.py
[2024-03-08T12:39:53.400+0530] {processor.py:830} INFO - Processing file /Users/anikbhowmick/Python/Big_Data_Assignment/A02/airflow_env/lib/python3.11/site-packages/airflow/example_dags/example_complex.py for tasks to queue
[2024-03-08T12:39:53.400+0530] {logging_mixin.py:188} INFO - [2024-03-08T12:39:53.400+0530] {dagbag.py:540} INFO - Filling up the DagBag from /Users/anikbhowmick/Python/Big_Data_Assignment/A02/airflow_env/lib/python3.11/site-packages/airflow/example_dags/example_complex.py
[2024-03-08T12:39:53.426+0530] {processor.py:840} INFO - DAG(s) 'example_complex' retrieved from /Users/anikbhowmick/Python/Big_Data_Assignment/A02/airflow_env/lib/python3.11/site-packages/airflow/example_dags/example_complex.py
[2024-03-08T12:39:53.457+0530] {logging_mixin.py:188} INFO - [2024-03-08T12:39:53.457+0530] {dag.py:3047} INFO - Sync 1 DAGs
[2024-03-08T12:39:53.461+0530] {logging_mixin.py:188} INFO - [2024-03-08T12:39:53.461+0530] {dag.py:3834} INFO - Setting next_dagrun for example_complex to None, run_after=None
[2024-03-08T12:39:53.467+0530] {processor.py:183} INFO - Processing /Users/anikbhowmick/Python/Big_Data_Assignment/A02/airflow_env/lib/python3.11/site-packages/airflow/example_dags/example_complex.py took 0.069 seconds
[2024-03-08T12:41:45.912+0530] {processor.py:161} INFO - Started process (PID=12347) to work on /Users/anikbhowmick/Python/Big_Data_Assignment/A02/airflow_env/lib/python3.11/site-packages/airflow/example_dags/example_complex.py
[2024-03-08T12:41:45.912+0530] {processor.py:830} INFO - Processing file /Users/anikbhowmick/Python/Big_Data_Assignment/A02/airflow_env/lib/python3.11/site-packages/airflow/example_dags/example_complex.py for tasks to queue
[2024-03-08T12:41:45.912+0530] {logging_mixin.py:188} INFO - [2024-03-08T12:41:45.912+0530] {dagbag.py:540} INFO - Filling up the DagBag from /Users/anikbhowmick/Python/Big_Data_Assignment/A02/airflow_env/lib/python3.11/site-packages/airflow/example_dags/example_complex.py
[2024-03-08T12:41:45.938+0530] {processor.py:840} INFO - DAG(s) 'example_complex' retrieved from /Users/anikbhowmick/Python/Big_Data_Assignment/A02/airflow_env/lib/python3.11/site-packages/airflow/example_dags/example_complex.py
[2024-03-08T12:41:45.970+0530] {logging_mixin.py:188} INFO - [2024-03-08T12:41:45.970+0530] {dag.py:3047} INFO - Sync 1 DAGs
[2024-03-08T12:41:45.973+0530] {logging_mixin.py:188} INFO - [2024-03-08T12:41:45.973+0530] {dag.py:3834} INFO - Setting next_dagrun for example_complex to None, run_after=None
[2024-03-08T12:41:45.979+0530] {processor.py:183} INFO - Processing /Users/anikbhowmick/Python/Big_Data_Assignment/A02/airflow_env/lib/python3.11/site-packages/airflow/example_dags/example_complex.py took 0.068 seconds
[2024-03-08T12:43:41.574+0530] {processor.py:161} INFO - Started process (PID=12419) to work on /Users/anikbhowmick/Python/Big_Data_Assignment/A02/airflow_env/lib/python3.11/site-packages/airflow/example_dags/example_complex.py
[2024-03-08T12:43:41.575+0530] {processor.py:830} INFO - Processing file /Users/anikbhowmick/Python/Big_Data_Assignment/A02/airflow_env/lib/python3.11/site-packages/airflow/example_dags/example_complex.py for tasks to queue
[2024-03-08T12:43:41.575+0530] {logging_mixin.py:188} INFO - [2024-03-08T12:43:41.575+0530] {dagbag.py:540} INFO - Filling up the DagBag from /Users/anikbhowmick/Python/Big_Data_Assignment/A02/airflow_env/lib/python3.11/site-packages/airflow/example_dags/example_complex.py
[2024-03-08T12:43:41.600+0530] {processor.py:840} INFO - DAG(s) 'example_complex' retrieved from /Users/anikbhowmick/Python/Big_Data_Assignment/A02/airflow_env/lib/python3.11/site-packages/airflow/example_dags/example_complex.py
[2024-03-08T12:43:41.632+0530] {logging_mixin.py:188} INFO - [2024-03-08T12:43:41.632+0530] {dag.py:3047} INFO - Sync 1 DAGs
[2024-03-08T12:43:41.635+0530] {logging_mixin.py:188} INFO - [2024-03-08T12:43:41.635+0530] {dag.py:3834} INFO - Setting next_dagrun for example_complex to None, run_after=None
[2024-03-08T12:43:41.641+0530] {processor.py:183} INFO - Processing /Users/anikbhowmick/Python/Big_Data_Assignment/A02/airflow_env/lib/python3.11/site-packages/airflow/example_dags/example_complex.py took 0.068 seconds
[2024-03-08T12:45:33.939+0530] {processor.py:161} INFO - Started process (PID=12520) to work on /Users/anikbhowmick/Python/Big_Data_Assignment/A02/airflow_env/lib/python3.11/site-packages/airflow/example_dags/example_complex.py
[2024-03-08T12:45:33.940+0530] {processor.py:830} INFO - Processing file /Users/anikbhowmick/Python/Big_Data_Assignment/A02/airflow_env/lib/python3.11/site-packages/airflow/example_dags/example_complex.py for tasks to queue
[2024-03-08T12:45:33.940+0530] {logging_mixin.py:188} INFO - [2024-03-08T12:45:33.940+0530] {dagbag.py:540} INFO - Filling up the DagBag from /Users/anikbhowmick/Python/Big_Data_Assignment/A02/airflow_env/lib/python3.11/site-packages/airflow/example_dags/example_complex.py
[2024-03-08T12:45:33.966+0530] {processor.py:840} INFO - DAG(s) 'example_complex' retrieved from /Users/anikbhowmick/Python/Big_Data_Assignment/A02/airflow_env/lib/python3.11/site-packages/airflow/example_dags/example_complex.py
[2024-03-08T12:45:33.998+0530] {logging_mixin.py:188} INFO - [2024-03-08T12:45:33.998+0530] {dag.py:3047} INFO - Sync 1 DAGs
[2024-03-08T12:45:34.002+0530] {logging_mixin.py:188} INFO - [2024-03-08T12:45:34.002+0530] {dag.py:3834} INFO - Setting next_dagrun for example_complex to None, run_after=None
[2024-03-08T12:45:34.008+0530] {processor.py:183} INFO - Processing /Users/anikbhowmick/Python/Big_Data_Assignment/A02/airflow_env/lib/python3.11/site-packages/airflow/example_dags/example_complex.py took 0.069 seconds
[2024-03-08T12:47:20.525+0530] {processor.py:161} INFO - Started process (PID=12591) to work on /Users/anikbhowmick/Python/Big_Data_Assignment/A02/airflow_env/lib/python3.11/site-packages/airflow/example_dags/example_complex.py
[2024-03-08T12:47:20.526+0530] {processor.py:830} INFO - Processing file /Users/anikbhowmick/Python/Big_Data_Assignment/A02/airflow_env/lib/python3.11/site-packages/airflow/example_dags/example_complex.py for tasks to queue
[2024-03-08T12:47:20.526+0530] {logging_mixin.py:188} INFO - [2024-03-08T12:47:20.526+0530] {dagbag.py:540} INFO - Filling up the DagBag from /Users/anikbhowmick/Python/Big_Data_Assignment/A02/airflow_env/lib/python3.11/site-packages/airflow/example_dags/example_complex.py
[2024-03-08T12:47:20.552+0530] {processor.py:840} INFO - DAG(s) 'example_complex' retrieved from /Users/anikbhowmick/Python/Big_Data_Assignment/A02/airflow_env/lib/python3.11/site-packages/airflow/example_dags/example_complex.py
[2024-03-08T12:47:20.584+0530] {logging_mixin.py:188} INFO - [2024-03-08T12:47:20.584+0530] {dag.py:3047} INFO - Sync 1 DAGs
[2024-03-08T12:47:20.588+0530] {logging_mixin.py:188} INFO - [2024-03-08T12:47:20.588+0530] {dag.py:3834} INFO - Setting next_dagrun for example_complex to None, run_after=None
[2024-03-08T12:47:20.594+0530] {processor.py:183} INFO - Processing /Users/anikbhowmick/Python/Big_Data_Assignment/A02/airflow_env/lib/python3.11/site-packages/airflow/example_dags/example_complex.py took 0.069 seconds
[2024-03-08T12:49:14.036+0530] {processor.py:161} INFO - Started process (PID=12668) to work on /Users/anikbhowmick/Python/Big_Data_Assignment/A02/airflow_env/lib/python3.11/site-packages/airflow/example_dags/example_complex.py
[2024-03-08T12:49:14.037+0530] {processor.py:830} INFO - Processing file /Users/anikbhowmick/Python/Big_Data_Assignment/A02/airflow_env/lib/python3.11/site-packages/airflow/example_dags/example_complex.py for tasks to queue
[2024-03-08T12:49:14.038+0530] {logging_mixin.py:188} INFO - [2024-03-08T12:49:14.038+0530] {dagbag.py:540} INFO - Filling up the DagBag from /Users/anikbhowmick/Python/Big_Data_Assignment/A02/airflow_env/lib/python3.11/site-packages/airflow/example_dags/example_complex.py
[2024-03-08T12:49:14.064+0530] {processor.py:840} INFO - DAG(s) 'example_complex' retrieved from /Users/anikbhowmick/Python/Big_Data_Assignment/A02/airflow_env/lib/python3.11/site-packages/airflow/example_dags/example_complex.py
[2024-03-08T12:49:14.095+0530] {logging_mixin.py:188} INFO - [2024-03-08T12:49:14.095+0530] {dag.py:3047} INFO - Sync 1 DAGs
[2024-03-08T12:49:14.099+0530] {logging_mixin.py:188} INFO - [2024-03-08T12:49:14.099+0530] {dag.py:3834} INFO - Setting next_dagrun for example_complex to None, run_after=None
[2024-03-08T12:49:14.105+0530] {processor.py:183} INFO - Processing /Users/anikbhowmick/Python/Big_Data_Assignment/A02/airflow_env/lib/python3.11/site-packages/airflow/example_dags/example_complex.py took 0.069 seconds
[2024-03-08T12:51:05.699+0530] {processor.py:161} INFO - Started process (PID=12739) to work on /Users/anikbhowmick/Python/Big_Data_Assignment/A02/airflow_env/lib/python3.11/site-packages/airflow/example_dags/example_complex.py
[2024-03-08T12:51:05.700+0530] {processor.py:830} INFO - Processing file /Users/anikbhowmick/Python/Big_Data_Assignment/A02/airflow_env/lib/python3.11/site-packages/airflow/example_dags/example_complex.py for tasks to queue
[2024-03-08T12:51:05.700+0530] {logging_mixin.py:188} INFO - [2024-03-08T12:51:05.700+0530] {dagbag.py:540} INFO - Filling up the DagBag from /Users/anikbhowmick/Python/Big_Data_Assignment/A02/airflow_env/lib/python3.11/site-packages/airflow/example_dags/example_complex.py
[2024-03-08T12:51:05.726+0530] {processor.py:840} INFO - DAG(s) 'example_complex' retrieved from /Users/anikbhowmick/Python/Big_Data_Assignment/A02/airflow_env/lib/python3.11/site-packages/airflow/example_dags/example_complex.py
[2024-03-08T12:51:05.758+0530] {logging_mixin.py:188} INFO - [2024-03-08T12:51:05.758+0530] {dag.py:3047} INFO - Sync 1 DAGs
[2024-03-08T12:51:05.762+0530] {logging_mixin.py:188} INFO - [2024-03-08T12:51:05.762+0530] {dag.py:3834} INFO - Setting next_dagrun for example_complex to None, run_after=None
[2024-03-08T12:51:05.768+0530] {processor.py:183} INFO - Processing /Users/anikbhowmick/Python/Big_Data_Assignment/A02/airflow_env/lib/python3.11/site-packages/airflow/example_dags/example_complex.py took 0.069 seconds
[2024-03-08T12:52:56.338+0530] {processor.py:161} INFO - Started process (PID=12856) to work on /Users/anikbhowmick/Python/Big_Data_Assignment/A02/airflow_env/lib/python3.11/site-packages/airflow/example_dags/example_complex.py
[2024-03-08T12:52:56.339+0530] {processor.py:830} INFO - Processing file /Users/anikbhowmick/Python/Big_Data_Assignment/A02/airflow_env/lib/python3.11/site-packages/airflow/example_dags/example_complex.py for tasks to queue
[2024-03-08T12:52:56.339+0530] {logging_mixin.py:188} INFO - [2024-03-08T12:52:56.339+0530] {dagbag.py:540} INFO - Filling up the DagBag from /Users/anikbhowmick/Python/Big_Data_Assignment/A02/airflow_env/lib/python3.11/site-packages/airflow/example_dags/example_complex.py
[2024-03-08T12:52:56.364+0530] {processor.py:840} INFO - DAG(s) 'example_complex' retrieved from /Users/anikbhowmick/Python/Big_Data_Assignment/A02/airflow_env/lib/python3.11/site-packages/airflow/example_dags/example_complex.py
[2024-03-08T12:52:56.396+0530] {logging_mixin.py:188} INFO - [2024-03-08T12:52:56.396+0530] {dag.py:3047} INFO - Sync 1 DAGs
[2024-03-08T12:52:56.399+0530] {logging_mixin.py:188} INFO - [2024-03-08T12:52:56.399+0530] {dag.py:3834} INFO - Setting next_dagrun for example_complex to None, run_after=None
[2024-03-08T12:52:56.406+0530] {processor.py:183} INFO - Processing /Users/anikbhowmick/Python/Big_Data_Assignment/A02/airflow_env/lib/python3.11/site-packages/airflow/example_dags/example_complex.py took 0.068 seconds
[2024-03-08T13:02:46.685+0530] {processor.py:161} INFO - Started process (PID=13369) to work on /Users/anikbhowmick/Python/Big_Data_Assignment/A02/airflow_env/lib/python3.11/site-packages/airflow/example_dags/example_complex.py
[2024-03-08T13:02:46.686+0530] {processor.py:830} INFO - Processing file /Users/anikbhowmick/Python/Big_Data_Assignment/A02/airflow_env/lib/python3.11/site-packages/airflow/example_dags/example_complex.py for tasks to queue
[2024-03-08T13:02:46.686+0530] {logging_mixin.py:188} INFO - [2024-03-08T13:02:46.686+0530] {dagbag.py:540} INFO - Filling up the DagBag from /Users/anikbhowmick/Python/Big_Data_Assignment/A02/airflow_env/lib/python3.11/site-packages/airflow/example_dags/example_complex.py
[2024-03-08T13:02:46.712+0530] {processor.py:840} INFO - DAG(s) 'example_complex' retrieved from /Users/anikbhowmick/Python/Big_Data_Assignment/A02/airflow_env/lib/python3.11/site-packages/airflow/example_dags/example_complex.py
[2024-03-08T13:02:46.744+0530] {logging_mixin.py:188} INFO - [2024-03-08T13:02:46.744+0530] {dag.py:3047} INFO - Sync 1 DAGs
[2024-03-08T13:02:46.747+0530] {logging_mixin.py:188} INFO - [2024-03-08T13:02:46.747+0530] {dag.py:3834} INFO - Setting next_dagrun for example_complex to None, run_after=None
[2024-03-08T13:02:46.753+0530] {processor.py:183} INFO - Processing /Users/anikbhowmick/Python/Big_Data_Assignment/A02/airflow_env/lib/python3.11/site-packages/airflow/example_dags/example_complex.py took 0.068 seconds
[2024-03-08T13:04:40.782+0530] {processor.py:161} INFO - Started process (PID=13459) to work on /Users/anikbhowmick/Python/Big_Data_Assignment/A02/airflow_env/lib/python3.11/site-packages/airflow/example_dags/example_complex.py
[2024-03-08T13:04:40.783+0530] {processor.py:830} INFO - Processing file /Users/anikbhowmick/Python/Big_Data_Assignment/A02/airflow_env/lib/python3.11/site-packages/airflow/example_dags/example_complex.py for tasks to queue
[2024-03-08T13:04:40.783+0530] {logging_mixin.py:188} INFO - [2024-03-08T13:04:40.783+0530] {dagbag.py:540} INFO - Filling up the DagBag from /Users/anikbhowmick/Python/Big_Data_Assignment/A02/airflow_env/lib/python3.11/site-packages/airflow/example_dags/example_complex.py
[2024-03-08T13:04:40.811+0530] {processor.py:840} INFO - DAG(s) 'example_complex' retrieved from /Users/anikbhowmick/Python/Big_Data_Assignment/A02/airflow_env/lib/python3.11/site-packages/airflow/example_dags/example_complex.py
[2024-03-08T13:04:40.843+0530] {logging_mixin.py:188} INFO - [2024-03-08T13:04:40.843+0530] {dag.py:3047} INFO - Sync 1 DAGs
[2024-03-08T13:04:40.846+0530] {logging_mixin.py:188} INFO - [2024-03-08T13:04:40.846+0530] {dag.py:3834} INFO - Setting next_dagrun for example_complex to None, run_after=None
[2024-03-08T13:04:40.852+0530] {processor.py:183} INFO - Processing /Users/anikbhowmick/Python/Big_Data_Assignment/A02/airflow_env/lib/python3.11/site-packages/airflow/example_dags/example_complex.py took 0.071 seconds
[2024-03-08T13:15:23.608+0530] {processor.py:161} INFO - Started process (PID=14269) to work on /Users/anikbhowmick/Python/Big_Data_Assignment/A02/airflow_env/lib/python3.11/site-packages/airflow/example_dags/example_complex.py
[2024-03-08T13:15:23.609+0530] {processor.py:830} INFO - Processing file /Users/anikbhowmick/Python/Big_Data_Assignment/A02/airflow_env/lib/python3.11/site-packages/airflow/example_dags/example_complex.py for tasks to queue
[2024-03-08T13:15:23.609+0530] {logging_mixin.py:188} INFO - [2024-03-08T13:15:23.609+0530] {dagbag.py:540} INFO - Filling up the DagBag from /Users/anikbhowmick/Python/Big_Data_Assignment/A02/airflow_env/lib/python3.11/site-packages/airflow/example_dags/example_complex.py
[2024-03-08T13:15:23.634+0530] {processor.py:840} INFO - DAG(s) 'example_complex' retrieved from /Users/anikbhowmick/Python/Big_Data_Assignment/A02/airflow_env/lib/python3.11/site-packages/airflow/example_dags/example_complex.py
[2024-03-08T13:15:23.666+0530] {logging_mixin.py:188} INFO - [2024-03-08T13:15:23.666+0530] {dag.py:3047} INFO - Sync 1 DAGs
[2024-03-08T13:15:23.670+0530] {logging_mixin.py:188} INFO - [2024-03-08T13:15:23.670+0530] {dag.py:3834} INFO - Setting next_dagrun for example_complex to None, run_after=None
[2024-03-08T13:15:23.676+0530] {processor.py:183} INFO - Processing /Users/anikbhowmick/Python/Big_Data_Assignment/A02/airflow_env/lib/python3.11/site-packages/airflow/example_dags/example_complex.py took 0.068 seconds
[2024-03-08T13:17:11.734+0530] {processor.py:161} INFO - Started process (PID=14376) to work on /Users/anikbhowmick/Python/Big_Data_Assignment/A02/airflow_env/lib/python3.11/site-packages/airflow/example_dags/example_complex.py
[2024-03-08T13:17:11.735+0530] {processor.py:830} INFO - Processing file /Users/anikbhowmick/Python/Big_Data_Assignment/A02/airflow_env/lib/python3.11/site-packages/airflow/example_dags/example_complex.py for tasks to queue
[2024-03-08T13:17:11.735+0530] {logging_mixin.py:188} INFO - [2024-03-08T13:17:11.735+0530] {dagbag.py:540} INFO - Filling up the DagBag from /Users/anikbhowmick/Python/Big_Data_Assignment/A02/airflow_env/lib/python3.11/site-packages/airflow/example_dags/example_complex.py
[2024-03-08T13:17:11.762+0530] {processor.py:840} INFO - DAG(s) 'example_complex' retrieved from /Users/anikbhowmick/Python/Big_Data_Assignment/A02/airflow_env/lib/python3.11/site-packages/airflow/example_dags/example_complex.py
[2024-03-08T13:17:11.795+0530] {logging_mixin.py:188} INFO - [2024-03-08T13:17:11.795+0530] {dag.py:3047} INFO - Sync 1 DAGs
[2024-03-08T13:17:11.798+0530] {logging_mixin.py:188} INFO - [2024-03-08T13:17:11.798+0530] {dag.py:3834} INFO - Setting next_dagrun for example_complex to None, run_after=None
[2024-03-08T13:17:11.804+0530] {processor.py:183} INFO - Processing /Users/anikbhowmick/Python/Big_Data_Assignment/A02/airflow_env/lib/python3.11/site-packages/airflow/example_dags/example_complex.py took 0.071 seconds
[2024-03-08T13:19:00.475+0530] {processor.py:161} INFO - Started process (PID=14458) to work on /Users/anikbhowmick/Python/Big_Data_Assignment/A02/airflow_env/lib/python3.11/site-packages/airflow/example_dags/example_complex.py
[2024-03-08T13:19:00.476+0530] {processor.py:830} INFO - Processing file /Users/anikbhowmick/Python/Big_Data_Assignment/A02/airflow_env/lib/python3.11/site-packages/airflow/example_dags/example_complex.py for tasks to queue
[2024-03-08T13:19:00.476+0530] {logging_mixin.py:188} INFO - [2024-03-08T13:19:00.476+0530] {dagbag.py:540} INFO - Filling up the DagBag from /Users/anikbhowmick/Python/Big_Data_Assignment/A02/airflow_env/lib/python3.11/site-packages/airflow/example_dags/example_complex.py
[2024-03-08T13:19:00.502+0530] {processor.py:840} INFO - DAG(s) 'example_complex' retrieved from /Users/anikbhowmick/Python/Big_Data_Assignment/A02/airflow_env/lib/python3.11/site-packages/airflow/example_dags/example_complex.py
[2024-03-08T13:19:00.534+0530] {logging_mixin.py:188} INFO - [2024-03-08T13:19:00.534+0530] {dag.py:3047} INFO - Sync 1 DAGs
[2024-03-08T13:19:00.537+0530] {logging_mixin.py:188} INFO - [2024-03-08T13:19:00.537+0530] {dag.py:3834} INFO - Setting next_dagrun for example_complex to None, run_after=None
[2024-03-08T13:19:00.543+0530] {processor.py:183} INFO - Processing /Users/anikbhowmick/Python/Big_Data_Assignment/A02/airflow_env/lib/python3.11/site-packages/airflow/example_dags/example_complex.py took 0.069 seconds
[2024-03-08T13:20:53.489+0530] {processor.py:161} INFO - Started process (PID=14528) to work on /Users/anikbhowmick/Python/Big_Data_Assignment/A02/airflow_env/lib/python3.11/site-packages/airflow/example_dags/example_complex.py
[2024-03-08T13:20:53.490+0530] {processor.py:830} INFO - Processing file /Users/anikbhowmick/Python/Big_Data_Assignment/A02/airflow_env/lib/python3.11/site-packages/airflow/example_dags/example_complex.py for tasks to queue
[2024-03-08T13:20:53.490+0530] {logging_mixin.py:188} INFO - [2024-03-08T13:20:53.490+0530] {dagbag.py:540} INFO - Filling up the DagBag from /Users/anikbhowmick/Python/Big_Data_Assignment/A02/airflow_env/lib/python3.11/site-packages/airflow/example_dags/example_complex.py
[2024-03-08T13:20:53.517+0530] {processor.py:840} INFO - DAG(s) 'example_complex' retrieved from /Users/anikbhowmick/Python/Big_Data_Assignment/A02/airflow_env/lib/python3.11/site-packages/airflow/example_dags/example_complex.py
[2024-03-08T13:20:53.549+0530] {logging_mixin.py:188} INFO - [2024-03-08T13:20:53.549+0530] {dag.py:3047} INFO - Sync 1 DAGs
[2024-03-08T13:20:53.552+0530] {logging_mixin.py:188} INFO - [2024-03-08T13:20:53.552+0530] {dag.py:3834} INFO - Setting next_dagrun for example_complex to None, run_after=None
[2024-03-08T13:20:53.558+0530] {processor.py:183} INFO - Processing /Users/anikbhowmick/Python/Big_Data_Assignment/A02/airflow_env/lib/python3.11/site-packages/airflow/example_dags/example_complex.py took 0.070 seconds
[2024-03-08T13:23:17.696+0530] {processor.py:161} INFO - Started process (PID=14743) to work on /Users/anikbhowmick/Python/Big_Data_Assignment/A02/airflow_env/lib/python3.11/site-packages/airflow/example_dags/example_complex.py
[2024-03-08T13:23:17.697+0530] {processor.py:830} INFO - Processing file /Users/anikbhowmick/Python/Big_Data_Assignment/A02/airflow_env/lib/python3.11/site-packages/airflow/example_dags/example_complex.py for tasks to queue
[2024-03-08T13:23:17.698+0530] {logging_mixin.py:188} INFO - [2024-03-08T13:23:17.697+0530] {dagbag.py:540} INFO - Filling up the DagBag from /Users/anikbhowmick/Python/Big_Data_Assignment/A02/airflow_env/lib/python3.11/site-packages/airflow/example_dags/example_complex.py
[2024-03-08T13:23:17.727+0530] {processor.py:840} INFO - DAG(s) 'example_complex' retrieved from /Users/anikbhowmick/Python/Big_Data_Assignment/A02/airflow_env/lib/python3.11/site-packages/airflow/example_dags/example_complex.py
[2024-03-08T13:23:17.761+0530] {logging_mixin.py:188} INFO - [2024-03-08T13:23:17.761+0530] {dag.py:3047} INFO - Sync 1 DAGs
[2024-03-08T13:23:17.764+0530] {logging_mixin.py:188} INFO - [2024-03-08T13:23:17.764+0530] {dag.py:3834} INFO - Setting next_dagrun for example_complex to None, run_after=None
[2024-03-08T13:23:17.771+0530] {processor.py:183} INFO - Processing /Users/anikbhowmick/Python/Big_Data_Assignment/A02/airflow_env/lib/python3.11/site-packages/airflow/example_dags/example_complex.py took 0.075 seconds
[2024-03-08T13:34:09.542+0530] {processor.py:161} INFO - Started process (PID=15478) to work on /Users/anikbhowmick/Python/Big_Data_Assignment/A02/airflow_env/lib/python3.11/site-packages/airflow/example_dags/example_complex.py
[2024-03-08T13:34:09.542+0530] {processor.py:830} INFO - Processing file /Users/anikbhowmick/Python/Big_Data_Assignment/A02/airflow_env/lib/python3.11/site-packages/airflow/example_dags/example_complex.py for tasks to queue
[2024-03-08T13:34:09.543+0530] {logging_mixin.py:188} INFO - [2024-03-08T13:34:09.543+0530] {dagbag.py:540} INFO - Filling up the DagBag from /Users/anikbhowmick/Python/Big_Data_Assignment/A02/airflow_env/lib/python3.11/site-packages/airflow/example_dags/example_complex.py
[2024-03-08T13:34:09.568+0530] {processor.py:840} INFO - DAG(s) 'example_complex' retrieved from /Users/anikbhowmick/Python/Big_Data_Assignment/A02/airflow_env/lib/python3.11/site-packages/airflow/example_dags/example_complex.py
[2024-03-08T13:34:09.600+0530] {logging_mixin.py:188} INFO - [2024-03-08T13:34:09.600+0530] {dag.py:3047} INFO - Sync 1 DAGs
[2024-03-08T13:34:09.603+0530] {logging_mixin.py:188} INFO - [2024-03-08T13:34:09.603+0530] {dag.py:3834} INFO - Setting next_dagrun for example_complex to None, run_after=None
[2024-03-08T13:34:09.610+0530] {processor.py:183} INFO - Processing /Users/anikbhowmick/Python/Big_Data_Assignment/A02/airflow_env/lib/python3.11/site-packages/airflow/example_dags/example_complex.py took 0.068 seconds
[2024-03-08T13:36:00.166+0530] {processor.py:161} INFO - Started process (PID=15561) to work on /Users/anikbhowmick/Python/Big_Data_Assignment/A02/airflow_env/lib/python3.11/site-packages/airflow/example_dags/example_complex.py
[2024-03-08T13:36:00.167+0530] {processor.py:830} INFO - Processing file /Users/anikbhowmick/Python/Big_Data_Assignment/A02/airflow_env/lib/python3.11/site-packages/airflow/example_dags/example_complex.py for tasks to queue
[2024-03-08T13:36:00.167+0530] {logging_mixin.py:188} INFO - [2024-03-08T13:36:00.167+0530] {dagbag.py:540} INFO - Filling up the DagBag from /Users/anikbhowmick/Python/Big_Data_Assignment/A02/airflow_env/lib/python3.11/site-packages/airflow/example_dags/example_complex.py
[2024-03-08T13:36:00.193+0530] {processor.py:840} INFO - DAG(s) 'example_complex' retrieved from /Users/anikbhowmick/Python/Big_Data_Assignment/A02/airflow_env/lib/python3.11/site-packages/airflow/example_dags/example_complex.py
[2024-03-08T13:36:00.224+0530] {logging_mixin.py:188} INFO - [2024-03-08T13:36:00.224+0530] {dag.py:3047} INFO - Sync 1 DAGs
[2024-03-08T13:36:00.228+0530] {logging_mixin.py:188} INFO - [2024-03-08T13:36:00.227+0530] {dag.py:3834} INFO - Setting next_dagrun for example_complex to None, run_after=None
[2024-03-08T13:36:00.234+0530] {processor.py:183} INFO - Processing /Users/anikbhowmick/Python/Big_Data_Assignment/A02/airflow_env/lib/python3.11/site-packages/airflow/example_dags/example_complex.py took 0.068 seconds
[2024-03-08T13:37:52.569+0530] {processor.py:161} INFO - Started process (PID=15635) to work on /Users/anikbhowmick/Python/Big_Data_Assignment/A02/airflow_env/lib/python3.11/site-packages/airflow/example_dags/example_complex.py
[2024-03-08T13:37:52.570+0530] {processor.py:830} INFO - Processing file /Users/anikbhowmick/Python/Big_Data_Assignment/A02/airflow_env/lib/python3.11/site-packages/airflow/example_dags/example_complex.py for tasks to queue
[2024-03-08T13:37:52.570+0530] {logging_mixin.py:188} INFO - [2024-03-08T13:37:52.570+0530] {dagbag.py:540} INFO - Filling up the DagBag from /Users/anikbhowmick/Python/Big_Data_Assignment/A02/airflow_env/lib/python3.11/site-packages/airflow/example_dags/example_complex.py
[2024-03-08T13:37:52.595+0530] {processor.py:840} INFO - DAG(s) 'example_complex' retrieved from /Users/anikbhowmick/Python/Big_Data_Assignment/A02/airflow_env/lib/python3.11/site-packages/airflow/example_dags/example_complex.py
[2024-03-08T13:37:52.627+0530] {logging_mixin.py:188} INFO - [2024-03-08T13:37:52.627+0530] {dag.py:3047} INFO - Sync 1 DAGs
[2024-03-08T13:37:52.631+0530] {logging_mixin.py:188} INFO - [2024-03-08T13:37:52.630+0530] {dag.py:3834} INFO - Setting next_dagrun for example_complex to None, run_after=None
[2024-03-08T13:37:52.636+0530] {processor.py:183} INFO - Processing /Users/anikbhowmick/Python/Big_Data_Assignment/A02/airflow_env/lib/python3.11/site-packages/airflow/example_dags/example_complex.py took 0.068 seconds
[2024-03-08T14:24:33.563+0530] {processor.py:161} INFO - Started process (PID=16717) to work on /Users/anikbhowmick/Python/Big_Data_Assignment/A02/airflow_env/lib/python3.11/site-packages/airflow/example_dags/example_complex.py
[2024-03-08T14:24:33.564+0530] {processor.py:830} INFO - Processing file /Users/anikbhowmick/Python/Big_Data_Assignment/A02/airflow_env/lib/python3.11/site-packages/airflow/example_dags/example_complex.py for tasks to queue
[2024-03-08T14:24:33.564+0530] {logging_mixin.py:188} INFO - [2024-03-08T14:24:33.564+0530] {dagbag.py:540} INFO - Filling up the DagBag from /Users/anikbhowmick/Python/Big_Data_Assignment/A02/airflow_env/lib/python3.11/site-packages/airflow/example_dags/example_complex.py
[2024-03-08T14:24:33.590+0530] {processor.py:840} INFO - DAG(s) 'example_complex' retrieved from /Users/anikbhowmick/Python/Big_Data_Assignment/A02/airflow_env/lib/python3.11/site-packages/airflow/example_dags/example_complex.py
[2024-03-08T14:24:33.623+0530] {logging_mixin.py:188} INFO - [2024-03-08T14:24:33.623+0530] {dag.py:3047} INFO - Sync 1 DAGs
[2024-03-08T14:24:33.626+0530] {logging_mixin.py:188} INFO - [2024-03-08T14:24:33.626+0530] {dag.py:3834} INFO - Setting next_dagrun for example_complex to None, run_after=None
[2024-03-08T14:24:33.632+0530] {processor.py:183} INFO - Processing /Users/anikbhowmick/Python/Big_Data_Assignment/A02/airflow_env/lib/python3.11/site-packages/airflow/example_dags/example_complex.py took 0.070 seconds
[2024-03-08T14:28:53.513+0530] {processor.py:161} INFO - Started process (PID=16995) to work on /Users/anikbhowmick/Python/Big_Data_Assignment/A02/airflow_env/lib/python3.11/site-packages/airflow/example_dags/example_complex.py
[2024-03-08T14:28:53.514+0530] {processor.py:830} INFO - Processing file /Users/anikbhowmick/Python/Big_Data_Assignment/A02/airflow_env/lib/python3.11/site-packages/airflow/example_dags/example_complex.py for tasks to queue
[2024-03-08T14:28:53.514+0530] {logging_mixin.py:188} INFO - [2024-03-08T14:28:53.514+0530] {dagbag.py:540} INFO - Filling up the DagBag from /Users/anikbhowmick/Python/Big_Data_Assignment/A02/airflow_env/lib/python3.11/site-packages/airflow/example_dags/example_complex.py
[2024-03-08T14:28:53.540+0530] {processor.py:840} INFO - DAG(s) 'example_complex' retrieved from /Users/anikbhowmick/Python/Big_Data_Assignment/A02/airflow_env/lib/python3.11/site-packages/airflow/example_dags/example_complex.py
[2024-03-08T14:28:53.572+0530] {logging_mixin.py:188} INFO - [2024-03-08T14:28:53.572+0530] {dag.py:3047} INFO - Sync 1 DAGs
[2024-03-08T14:28:53.575+0530] {logging_mixin.py:188} INFO - [2024-03-08T14:28:53.575+0530] {dag.py:3834} INFO - Setting next_dagrun for example_complex to None, run_after=None
[2024-03-08T14:28:53.581+0530] {processor.py:183} INFO - Processing /Users/anikbhowmick/Python/Big_Data_Assignment/A02/airflow_env/lib/python3.11/site-packages/airflow/example_dags/example_complex.py took 0.069 seconds
[2024-03-08T14:34:22.860+0530] {processor.py:161} INFO - Started process (PID=17322) to work on /Users/anikbhowmick/Python/Big_Data_Assignment/A02/airflow_env/lib/python3.11/site-packages/airflow/example_dags/example_complex.py
[2024-03-08T14:34:22.861+0530] {processor.py:830} INFO - Processing file /Users/anikbhowmick/Python/Big_Data_Assignment/A02/airflow_env/lib/python3.11/site-packages/airflow/example_dags/example_complex.py for tasks to queue
[2024-03-08T14:34:22.861+0530] {logging_mixin.py:188} INFO - [2024-03-08T14:34:22.861+0530] {dagbag.py:540} INFO - Filling up the DagBag from /Users/anikbhowmick/Python/Big_Data_Assignment/A02/airflow_env/lib/python3.11/site-packages/airflow/example_dags/example_complex.py
[2024-03-08T14:34:22.886+0530] {processor.py:840} INFO - DAG(s) 'example_complex' retrieved from /Users/anikbhowmick/Python/Big_Data_Assignment/A02/airflow_env/lib/python3.11/site-packages/airflow/example_dags/example_complex.py
[2024-03-08T14:34:22.918+0530] {logging_mixin.py:188} INFO - [2024-03-08T14:34:22.918+0530] {dag.py:3047} INFO - Sync 1 DAGs
[2024-03-08T14:34:22.921+0530] {logging_mixin.py:188} INFO - [2024-03-08T14:34:22.921+0530] {dag.py:3834} INFO - Setting next_dagrun for example_complex to None, run_after=None
[2024-03-08T14:34:22.927+0530] {processor.py:183} INFO - Processing /Users/anikbhowmick/Python/Big_Data_Assignment/A02/airflow_env/lib/python3.11/site-packages/airflow/example_dags/example_complex.py took 0.068 seconds
[2024-03-08T14:36:13.471+0530] {processor.py:161} INFO - Started process (PID=17401) to work on /Users/anikbhowmick/Python/Big_Data_Assignment/A02/airflow_env/lib/python3.11/site-packages/airflow/example_dags/example_complex.py
[2024-03-08T14:36:13.472+0530] {processor.py:830} INFO - Processing file /Users/anikbhowmick/Python/Big_Data_Assignment/A02/airflow_env/lib/python3.11/site-packages/airflow/example_dags/example_complex.py for tasks to queue
[2024-03-08T14:36:13.473+0530] {logging_mixin.py:188} INFO - [2024-03-08T14:36:13.473+0530] {dagbag.py:540} INFO - Filling up the DagBag from /Users/anikbhowmick/Python/Big_Data_Assignment/A02/airflow_env/lib/python3.11/site-packages/airflow/example_dags/example_complex.py
[2024-03-08T14:36:13.498+0530] {processor.py:840} INFO - DAG(s) 'example_complex' retrieved from /Users/anikbhowmick/Python/Big_Data_Assignment/A02/airflow_env/lib/python3.11/site-packages/airflow/example_dags/example_complex.py
[2024-03-08T14:36:13.530+0530] {logging_mixin.py:188} INFO - [2024-03-08T14:36:13.530+0530] {dag.py:3047} INFO - Sync 1 DAGs
[2024-03-08T14:36:13.533+0530] {logging_mixin.py:188} INFO - [2024-03-08T14:36:13.533+0530] {dag.py:3834} INFO - Setting next_dagrun for example_complex to None, run_after=None
[2024-03-08T14:36:13.539+0530] {processor.py:183} INFO - Processing /Users/anikbhowmick/Python/Big_Data_Assignment/A02/airflow_env/lib/python3.11/site-packages/airflow/example_dags/example_complex.py took 0.068 seconds
[2024-03-08T14:38:03.212+0530] {processor.py:161} INFO - Started process (PID=17470) to work on /Users/anikbhowmick/Python/Big_Data_Assignment/A02/airflow_env/lib/python3.11/site-packages/airflow/example_dags/example_complex.py
[2024-03-08T14:38:03.212+0530] {processor.py:830} INFO - Processing file /Users/anikbhowmick/Python/Big_Data_Assignment/A02/airflow_env/lib/python3.11/site-packages/airflow/example_dags/example_complex.py for tasks to queue
[2024-03-08T14:38:03.212+0530] {logging_mixin.py:188} INFO - [2024-03-08T14:38:03.212+0530] {dagbag.py:540} INFO - Filling up the DagBag from /Users/anikbhowmick/Python/Big_Data_Assignment/A02/airflow_env/lib/python3.11/site-packages/airflow/example_dags/example_complex.py
[2024-03-08T14:38:03.238+0530] {processor.py:840} INFO - DAG(s) 'example_complex' retrieved from /Users/anikbhowmick/Python/Big_Data_Assignment/A02/airflow_env/lib/python3.11/site-packages/airflow/example_dags/example_complex.py
[2024-03-08T14:38:03.269+0530] {logging_mixin.py:188} INFO - [2024-03-08T14:38:03.269+0530] {dag.py:3047} INFO - Sync 1 DAGs
[2024-03-08T14:38:03.273+0530] {logging_mixin.py:188} INFO - [2024-03-08T14:38:03.273+0530] {dag.py:3834} INFO - Setting next_dagrun for example_complex to None, run_after=None
[2024-03-08T14:38:03.279+0530] {processor.py:183} INFO - Processing /Users/anikbhowmick/Python/Big_Data_Assignment/A02/airflow_env/lib/python3.11/site-packages/airflow/example_dags/example_complex.py took 0.067 seconds
[2024-03-08T14:39:48.600+0530] {processor.py:161} INFO - Started process (PID=17538) to work on /Users/anikbhowmick/Python/Big_Data_Assignment/A02/airflow_env/lib/python3.11/site-packages/airflow/example_dags/example_complex.py
[2024-03-08T14:39:48.600+0530] {processor.py:830} INFO - Processing file /Users/anikbhowmick/Python/Big_Data_Assignment/A02/airflow_env/lib/python3.11/site-packages/airflow/example_dags/example_complex.py for tasks to queue
[2024-03-08T14:39:48.600+0530] {logging_mixin.py:188} INFO - [2024-03-08T14:39:48.600+0530] {dagbag.py:540} INFO - Filling up the DagBag from /Users/anikbhowmick/Python/Big_Data_Assignment/A02/airflow_env/lib/python3.11/site-packages/airflow/example_dags/example_complex.py
[2024-03-08T14:39:48.625+0530] {processor.py:840} INFO - DAG(s) 'example_complex' retrieved from /Users/anikbhowmick/Python/Big_Data_Assignment/A02/airflow_env/lib/python3.11/site-packages/airflow/example_dags/example_complex.py
[2024-03-08T14:39:48.657+0530] {logging_mixin.py:188} INFO - [2024-03-08T14:39:48.657+0530] {dag.py:3047} INFO - Sync 1 DAGs
[2024-03-08T14:39:48.660+0530] {logging_mixin.py:188} INFO - [2024-03-08T14:39:48.660+0530] {dag.py:3834} INFO - Setting next_dagrun for example_complex to None, run_after=None
[2024-03-08T14:39:48.666+0530] {processor.py:183} INFO - Processing /Users/anikbhowmick/Python/Big_Data_Assignment/A02/airflow_env/lib/python3.11/site-packages/airflow/example_dags/example_complex.py took 0.067 seconds
[2024-03-08T14:41:33.511+0530] {processor.py:161} INFO - Started process (PID=17607) to work on /Users/anikbhowmick/Python/Big_Data_Assignment/A02/airflow_env/lib/python3.11/site-packages/airflow/example_dags/example_complex.py
[2024-03-08T14:41:33.512+0530] {processor.py:830} INFO - Processing file /Users/anikbhowmick/Python/Big_Data_Assignment/A02/airflow_env/lib/python3.11/site-packages/airflow/example_dags/example_complex.py for tasks to queue
[2024-03-08T14:41:33.512+0530] {logging_mixin.py:188} INFO - [2024-03-08T14:41:33.512+0530] {dagbag.py:540} INFO - Filling up the DagBag from /Users/anikbhowmick/Python/Big_Data_Assignment/A02/airflow_env/lib/python3.11/site-packages/airflow/example_dags/example_complex.py
[2024-03-08T14:41:33.538+0530] {processor.py:840} INFO - DAG(s) 'example_complex' retrieved from /Users/anikbhowmick/Python/Big_Data_Assignment/A02/airflow_env/lib/python3.11/site-packages/airflow/example_dags/example_complex.py
[2024-03-08T14:41:33.570+0530] {logging_mixin.py:188} INFO - [2024-03-08T14:41:33.569+0530] {dag.py:3047} INFO - Sync 1 DAGs
[2024-03-08T14:41:33.573+0530] {logging_mixin.py:188} INFO - [2024-03-08T14:41:33.573+0530] {dag.py:3834} INFO - Setting next_dagrun for example_complex to None, run_after=None
[2024-03-08T14:41:33.579+0530] {processor.py:183} INFO - Processing /Users/anikbhowmick/Python/Big_Data_Assignment/A02/airflow_env/lib/python3.11/site-packages/airflow/example_dags/example_complex.py took 0.068 seconds
[2024-03-08T14:43:19.452+0530] {processor.py:161} INFO - Started process (PID=17675) to work on /Users/anikbhowmick/Python/Big_Data_Assignment/A02/airflow_env/lib/python3.11/site-packages/airflow/example_dags/example_complex.py
[2024-03-08T14:43:19.453+0530] {processor.py:830} INFO - Processing file /Users/anikbhowmick/Python/Big_Data_Assignment/A02/airflow_env/lib/python3.11/site-packages/airflow/example_dags/example_complex.py for tasks to queue
[2024-03-08T14:43:19.453+0530] {logging_mixin.py:188} INFO - [2024-03-08T14:43:19.453+0530] {dagbag.py:540} INFO - Filling up the DagBag from /Users/anikbhowmick/Python/Big_Data_Assignment/A02/airflow_env/lib/python3.11/site-packages/airflow/example_dags/example_complex.py
[2024-03-08T14:43:19.479+0530] {processor.py:840} INFO - DAG(s) 'example_complex' retrieved from /Users/anikbhowmick/Python/Big_Data_Assignment/A02/airflow_env/lib/python3.11/site-packages/airflow/example_dags/example_complex.py
[2024-03-08T14:43:19.513+0530] {logging_mixin.py:188} INFO - [2024-03-08T14:43:19.513+0530] {dag.py:3047} INFO - Sync 1 DAGs
[2024-03-08T14:43:19.517+0530] {logging_mixin.py:188} INFO - [2024-03-08T14:43:19.517+0530] {dag.py:3834} INFO - Setting next_dagrun for example_complex to None, run_after=None
[2024-03-08T14:43:19.523+0530] {processor.py:183} INFO - Processing /Users/anikbhowmick/Python/Big_Data_Assignment/A02/airflow_env/lib/python3.11/site-packages/airflow/example_dags/example_complex.py took 0.071 seconds
[2024-03-08T14:53:31.095+0530] {processor.py:161} INFO - Started process (PID=18042) to work on /Users/anikbhowmick/Python/Big_Data_Assignment/A02/airflow_env/lib/python3.11/site-packages/airflow/example_dags/example_complex.py
[2024-03-08T14:53:31.096+0530] {processor.py:830} INFO - Processing file /Users/anikbhowmick/Python/Big_Data_Assignment/A02/airflow_env/lib/python3.11/site-packages/airflow/example_dags/example_complex.py for tasks to queue
[2024-03-08T14:53:31.096+0530] {logging_mixin.py:188} INFO - [2024-03-08T14:53:31.096+0530] {dagbag.py:540} INFO - Filling up the DagBag from /Users/anikbhowmick/Python/Big_Data_Assignment/A02/airflow_env/lib/python3.11/site-packages/airflow/example_dags/example_complex.py
[2024-03-08T14:53:31.124+0530] {processor.py:840} INFO - DAG(s) 'example_complex' retrieved from /Users/anikbhowmick/Python/Big_Data_Assignment/A02/airflow_env/lib/python3.11/site-packages/airflow/example_dags/example_complex.py
[2024-03-08T14:53:31.157+0530] {logging_mixin.py:188} INFO - [2024-03-08T14:53:31.157+0530] {dag.py:3047} INFO - Sync 1 DAGs
[2024-03-08T14:53:31.160+0530] {logging_mixin.py:188} INFO - [2024-03-08T14:53:31.160+0530] {dag.py:3834} INFO - Setting next_dagrun for example_complex to None, run_after=None
[2024-03-08T14:53:31.167+0530] {processor.py:183} INFO - Processing /Users/anikbhowmick/Python/Big_Data_Assignment/A02/airflow_env/lib/python3.11/site-packages/airflow/example_dags/example_complex.py took 0.072 seconds
[2024-03-08T14:55:19.214+0530] {processor.py:161} INFO - Started process (PID=18189) to work on /Users/anikbhowmick/Python/Big_Data_Assignment/A02/airflow_env/lib/python3.11/site-packages/airflow/example_dags/example_complex.py
[2024-03-08T14:55:19.215+0530] {processor.py:830} INFO - Processing file /Users/anikbhowmick/Python/Big_Data_Assignment/A02/airflow_env/lib/python3.11/site-packages/airflow/example_dags/example_complex.py for tasks to queue
[2024-03-08T14:55:19.216+0530] {logging_mixin.py:188} INFO - [2024-03-08T14:55:19.216+0530] {dagbag.py:540} INFO - Filling up the DagBag from /Users/anikbhowmick/Python/Big_Data_Assignment/A02/airflow_env/lib/python3.11/site-packages/airflow/example_dags/example_complex.py
[2024-03-08T14:55:19.241+0530] {processor.py:840} INFO - DAG(s) 'example_complex' retrieved from /Users/anikbhowmick/Python/Big_Data_Assignment/A02/airflow_env/lib/python3.11/site-packages/airflow/example_dags/example_complex.py
[2024-03-08T14:55:19.274+0530] {logging_mixin.py:188} INFO - [2024-03-08T14:55:19.274+0530] {dag.py:3047} INFO - Sync 1 DAGs
[2024-03-08T14:55:19.277+0530] {logging_mixin.py:188} INFO - [2024-03-08T14:55:19.277+0530] {dag.py:3834} INFO - Setting next_dagrun for example_complex to None, run_after=None
[2024-03-08T14:55:19.283+0530] {processor.py:183} INFO - Processing /Users/anikbhowmick/Python/Big_Data_Assignment/A02/airflow_env/lib/python3.11/site-packages/airflow/example_dags/example_complex.py took 0.069 seconds
[2024-03-08T14:57:03.695+0530] {processor.py:161} INFO - Started process (PID=18256) to work on /Users/anikbhowmick/Python/Big_Data_Assignment/A02/airflow_env/lib/python3.11/site-packages/airflow/example_dags/example_complex.py
[2024-03-08T14:57:03.696+0530] {processor.py:830} INFO - Processing file /Users/anikbhowmick/Python/Big_Data_Assignment/A02/airflow_env/lib/python3.11/site-packages/airflow/example_dags/example_complex.py for tasks to queue
[2024-03-08T14:57:03.696+0530] {logging_mixin.py:188} INFO - [2024-03-08T14:57:03.696+0530] {dagbag.py:540} INFO - Filling up the DagBag from /Users/anikbhowmick/Python/Big_Data_Assignment/A02/airflow_env/lib/python3.11/site-packages/airflow/example_dags/example_complex.py
[2024-03-08T14:57:03.722+0530] {processor.py:840} INFO - DAG(s) 'example_complex' retrieved from /Users/anikbhowmick/Python/Big_Data_Assignment/A02/airflow_env/lib/python3.11/site-packages/airflow/example_dags/example_complex.py
[2024-03-08T14:57:03.754+0530] {logging_mixin.py:188} INFO - [2024-03-08T14:57:03.753+0530] {dag.py:3047} INFO - Sync 1 DAGs
[2024-03-08T14:57:03.757+0530] {logging_mixin.py:188} INFO - [2024-03-08T14:57:03.757+0530] {dag.py:3834} INFO - Setting next_dagrun for example_complex to None, run_after=None
[2024-03-08T14:57:03.763+0530] {processor.py:183} INFO - Processing /Users/anikbhowmick/Python/Big_Data_Assignment/A02/airflow_env/lib/python3.11/site-packages/airflow/example_dags/example_complex.py took 0.068 seconds
[2024-03-08T14:58:55.766+0530] {processor.py:161} INFO - Started process (PID=18328) to work on /Users/anikbhowmick/Python/Big_Data_Assignment/A02/airflow_env/lib/python3.11/site-packages/airflow/example_dags/example_complex.py
[2024-03-08T14:58:55.768+0530] {processor.py:830} INFO - Processing file /Users/anikbhowmick/Python/Big_Data_Assignment/A02/airflow_env/lib/python3.11/site-packages/airflow/example_dags/example_complex.py for tasks to queue
[2024-03-08T14:58:55.768+0530] {logging_mixin.py:188} INFO - [2024-03-08T14:58:55.768+0530] {dagbag.py:540} INFO - Filling up the DagBag from /Users/anikbhowmick/Python/Big_Data_Assignment/A02/airflow_env/lib/python3.11/site-packages/airflow/example_dags/example_complex.py
[2024-03-08T14:58:55.793+0530] {processor.py:840} INFO - DAG(s) 'example_complex' retrieved from /Users/anikbhowmick/Python/Big_Data_Assignment/A02/airflow_env/lib/python3.11/site-packages/airflow/example_dags/example_complex.py
[2024-03-08T14:58:55.825+0530] {logging_mixin.py:188} INFO - [2024-03-08T14:58:55.825+0530] {dag.py:3047} INFO - Sync 1 DAGs
[2024-03-08T14:58:55.828+0530] {logging_mixin.py:188} INFO - [2024-03-08T14:58:55.828+0530] {dag.py:3834} INFO - Setting next_dagrun for example_complex to None, run_after=None
[2024-03-08T14:58:55.834+0530] {processor.py:183} INFO - Processing /Users/anikbhowmick/Python/Big_Data_Assignment/A02/airflow_env/lib/python3.11/site-packages/airflow/example_dags/example_complex.py took 0.068 seconds
[2024-03-08T15:00:53.110+0530] {processor.py:161} INFO - Started process (PID=18403) to work on /Users/anikbhowmick/Python/Big_Data_Assignment/A02/airflow_env/lib/python3.11/site-packages/airflow/example_dags/example_complex.py
[2024-03-08T15:00:53.111+0530] {processor.py:830} INFO - Processing file /Users/anikbhowmick/Python/Big_Data_Assignment/A02/airflow_env/lib/python3.11/site-packages/airflow/example_dags/example_complex.py for tasks to queue
[2024-03-08T15:00:53.112+0530] {logging_mixin.py:188} INFO - [2024-03-08T15:00:53.111+0530] {dagbag.py:540} INFO - Filling up the DagBag from /Users/anikbhowmick/Python/Big_Data_Assignment/A02/airflow_env/lib/python3.11/site-packages/airflow/example_dags/example_complex.py
[2024-03-08T15:00:53.137+0530] {processor.py:840} INFO - DAG(s) 'example_complex' retrieved from /Users/anikbhowmick/Python/Big_Data_Assignment/A02/airflow_env/lib/python3.11/site-packages/airflow/example_dags/example_complex.py
[2024-03-08T15:00:53.169+0530] {logging_mixin.py:188} INFO - [2024-03-08T15:00:53.169+0530] {dag.py:3047} INFO - Sync 1 DAGs
[2024-03-08T15:00:53.172+0530] {logging_mixin.py:188} INFO - [2024-03-08T15:00:53.172+0530] {dag.py:3834} INFO - Setting next_dagrun for example_complex to None, run_after=None
[2024-03-08T15:00:53.178+0530] {processor.py:183} INFO - Processing /Users/anikbhowmick/Python/Big_Data_Assignment/A02/airflow_env/lib/python3.11/site-packages/airflow/example_dags/example_complex.py took 0.069 seconds
[2024-03-08T15:02:47.257+0530] {processor.py:161} INFO - Started process (PID=18480) to work on /Users/anikbhowmick/Python/Big_Data_Assignment/A02/airflow_env/lib/python3.11/site-packages/airflow/example_dags/example_complex.py
[2024-03-08T15:02:47.258+0530] {processor.py:830} INFO - Processing file /Users/anikbhowmick/Python/Big_Data_Assignment/A02/airflow_env/lib/python3.11/site-packages/airflow/example_dags/example_complex.py for tasks to queue
[2024-03-08T15:02:47.258+0530] {logging_mixin.py:188} INFO - [2024-03-08T15:02:47.258+0530] {dagbag.py:540} INFO - Filling up the DagBag from /Users/anikbhowmick/Python/Big_Data_Assignment/A02/airflow_env/lib/python3.11/site-packages/airflow/example_dags/example_complex.py
[2024-03-08T15:02:47.284+0530] {processor.py:840} INFO - DAG(s) 'example_complex' retrieved from /Users/anikbhowmick/Python/Big_Data_Assignment/A02/airflow_env/lib/python3.11/site-packages/airflow/example_dags/example_complex.py
[2024-03-08T15:02:47.316+0530] {logging_mixin.py:188} INFO - [2024-03-08T15:02:47.316+0530] {dag.py:3047} INFO - Sync 1 DAGs
[2024-03-08T15:02:47.319+0530] {logging_mixin.py:188} INFO - [2024-03-08T15:02:47.319+0530] {dag.py:3834} INFO - Setting next_dagrun for example_complex to None, run_after=None
[2024-03-08T15:02:47.325+0530] {processor.py:183} INFO - Processing /Users/anikbhowmick/Python/Big_Data_Assignment/A02/airflow_env/lib/python3.11/site-packages/airflow/example_dags/example_complex.py took 0.068 seconds
[2024-03-08T15:04:30.123+0530] {processor.py:161} INFO - Started process (PID=18550) to work on /Users/anikbhowmick/Python/Big_Data_Assignment/A02/airflow_env/lib/python3.11/site-packages/airflow/example_dags/example_complex.py
[2024-03-08T15:04:30.125+0530] {processor.py:830} INFO - Processing file /Users/anikbhowmick/Python/Big_Data_Assignment/A02/airflow_env/lib/python3.11/site-packages/airflow/example_dags/example_complex.py for tasks to queue
[2024-03-08T15:04:30.125+0530] {logging_mixin.py:188} INFO - [2024-03-08T15:04:30.125+0530] {dagbag.py:540} INFO - Filling up the DagBag from /Users/anikbhowmick/Python/Big_Data_Assignment/A02/airflow_env/lib/python3.11/site-packages/airflow/example_dags/example_complex.py
[2024-03-08T15:04:30.150+0530] {processor.py:840} INFO - DAG(s) 'example_complex' retrieved from /Users/anikbhowmick/Python/Big_Data_Assignment/A02/airflow_env/lib/python3.11/site-packages/airflow/example_dags/example_complex.py
[2024-03-08T15:04:30.182+0530] {logging_mixin.py:188} INFO - [2024-03-08T15:04:30.182+0530] {dag.py:3047} INFO - Sync 1 DAGs
[2024-03-08T15:04:30.185+0530] {logging_mixin.py:188} INFO - [2024-03-08T15:04:30.185+0530] {dag.py:3834} INFO - Setting next_dagrun for example_complex to None, run_after=None
[2024-03-08T15:04:30.191+0530] {processor.py:183} INFO - Processing /Users/anikbhowmick/Python/Big_Data_Assignment/A02/airflow_env/lib/python3.11/site-packages/airflow/example_dags/example_complex.py took 0.069 seconds
[2024-03-08T15:06:20.881+0530] {processor.py:161} INFO - Started process (PID=18620) to work on /Users/anikbhowmick/Python/Big_Data_Assignment/A02/airflow_env/lib/python3.11/site-packages/airflow/example_dags/example_complex.py
[2024-03-08T15:06:20.883+0530] {processor.py:830} INFO - Processing file /Users/anikbhowmick/Python/Big_Data_Assignment/A02/airflow_env/lib/python3.11/site-packages/airflow/example_dags/example_complex.py for tasks to queue
[2024-03-08T15:06:20.883+0530] {logging_mixin.py:188} INFO - [2024-03-08T15:06:20.883+0530] {dagbag.py:540} INFO - Filling up the DagBag from /Users/anikbhowmick/Python/Big_Data_Assignment/A02/airflow_env/lib/python3.11/site-packages/airflow/example_dags/example_complex.py
[2024-03-08T15:06:20.911+0530] {processor.py:840} INFO - DAG(s) 'example_complex' retrieved from /Users/anikbhowmick/Python/Big_Data_Assignment/A02/airflow_env/lib/python3.11/site-packages/airflow/example_dags/example_complex.py
[2024-03-08T15:06:20.945+0530] {logging_mixin.py:188} INFO - [2024-03-08T15:06:20.945+0530] {dag.py:3047} INFO - Sync 1 DAGs
[2024-03-08T15:06:20.948+0530] {logging_mixin.py:188} INFO - [2024-03-08T15:06:20.948+0530] {dag.py:3834} INFO - Setting next_dagrun for example_complex to None, run_after=None
[2024-03-08T15:06:20.955+0530] {processor.py:183} INFO - Processing /Users/anikbhowmick/Python/Big_Data_Assignment/A02/airflow_env/lib/python3.11/site-packages/airflow/example_dags/example_complex.py took 0.074 seconds
[2024-03-08T16:49:48.182+0530] {processor.py:161} INFO - Started process (PID=1280) to work on /Users/anikbhowmick/Python/Big_Data_Assignment/A02/airflow_env/lib/python3.11/site-packages/airflow/example_dags/example_complex.py
[2024-03-08T16:49:48.183+0530] {processor.py:830} INFO - Processing file /Users/anikbhowmick/Python/Big_Data_Assignment/A02/airflow_env/lib/python3.11/site-packages/airflow/example_dags/example_complex.py for tasks to queue
[2024-03-08T16:49:48.183+0530] {logging_mixin.py:188} INFO - [2024-03-08T16:49:48.183+0530] {dagbag.py:540} INFO - Filling up the DagBag from /Users/anikbhowmick/Python/Big_Data_Assignment/A02/airflow_env/lib/python3.11/site-packages/airflow/example_dags/example_complex.py
[2024-03-08T16:49:48.209+0530] {processor.py:840} INFO - DAG(s) 'example_complex' retrieved from /Users/anikbhowmick/Python/Big_Data_Assignment/A02/airflow_env/lib/python3.11/site-packages/airflow/example_dags/example_complex.py
[2024-03-08T16:49:48.241+0530] {logging_mixin.py:188} INFO - [2024-03-08T16:49:48.241+0530] {dag.py:3047} INFO - Sync 1 DAGs
[2024-03-08T16:49:48.244+0530] {logging_mixin.py:188} INFO - [2024-03-08T16:49:48.244+0530] {dag.py:3834} INFO - Setting next_dagrun for example_complex to None, run_after=None
[2024-03-08T16:49:48.250+0530] {processor.py:183} INFO - Processing /Users/anikbhowmick/Python/Big_Data_Assignment/A02/airflow_env/lib/python3.11/site-packages/airflow/example_dags/example_complex.py took 0.068 seconds
[2024-03-08T16:54:06.382+0530] {processor.py:161} INFO - Started process (PID=1584) to work on /Users/anikbhowmick/Python/Big_Data_Assignment/A02/airflow_env/lib/python3.11/site-packages/airflow/example_dags/example_complex.py
[2024-03-08T16:54:06.383+0530] {processor.py:830} INFO - Processing file /Users/anikbhowmick/Python/Big_Data_Assignment/A02/airflow_env/lib/python3.11/site-packages/airflow/example_dags/example_complex.py for tasks to queue
[2024-03-08T16:54:06.383+0530] {logging_mixin.py:188} INFO - [2024-03-08T16:54:06.383+0530] {dagbag.py:540} INFO - Filling up the DagBag from /Users/anikbhowmick/Python/Big_Data_Assignment/A02/airflow_env/lib/python3.11/site-packages/airflow/example_dags/example_complex.py
[2024-03-08T16:54:06.408+0530] {processor.py:840} INFO - DAG(s) 'example_complex' retrieved from /Users/anikbhowmick/Python/Big_Data_Assignment/A02/airflow_env/lib/python3.11/site-packages/airflow/example_dags/example_complex.py
[2024-03-08T16:54:06.440+0530] {logging_mixin.py:188} INFO - [2024-03-08T16:54:06.440+0530] {dag.py:3047} INFO - Sync 1 DAGs
[2024-03-08T16:54:06.443+0530] {logging_mixin.py:188} INFO - [2024-03-08T16:54:06.443+0530] {dag.py:3834} INFO - Setting next_dagrun for example_complex to None, run_after=None
[2024-03-08T16:54:06.449+0530] {processor.py:183} INFO - Processing /Users/anikbhowmick/Python/Big_Data_Assignment/A02/airflow_env/lib/python3.11/site-packages/airflow/example_dags/example_complex.py took 0.068 seconds
