[2024-03-08T00:27:07.275+0530] {taskinstance.py:1979} INFO - Dependencies all met for dep_context=non-requeueable deps ti=<TaskInstance: weather_data_pipeline.extract_and_filter_data scheduled__2024-03-03T00:33:00+00:00 [queued]>
[2024-03-08T00:27:07.277+0530] {taskinstance.py:1979} INFO - Dependencies all met for dep_context=requeueable deps ti=<TaskInstance: weather_data_pipeline.extract_and_filter_data scheduled__2024-03-03T00:33:00+00:00 [queued]>
[2024-03-08T00:27:07.277+0530] {taskinstance.py:2193} INFO - Starting attempt 4 of 5
[2024-03-08T00:27:07.281+0530] {taskinstance.py:2214} INFO - Executing <Task(PythonOperator): extract_and_filter_data> on 2024-03-03 00:33:00+00:00
[2024-03-08T00:27:07.285+0530] {standard_task_runner.py:60} INFO - Started process 3153 to run task
[2024-03-08T00:27:07.288+0530] {standard_task_runner.py:87} INFO - Running: ['airflow', 'tasks', 'run', 'weather_data_pipeline', 'extract_and_filter_data', 'scheduled__2024-03-03T00:33:00+00:00', '--job-id', '572', '--raw', '--subdir', 'DAGS_FOLDER/Data_analysis.py', '--cfg-path', '/var/folders/th/tnjyp6yd1cj78nysn5t4jl6h0000gn/T/tmp8mrvvaxs']
[2024-03-08T00:27:07.288+0530] {standard_task_runner.py:88} INFO - Job 572: Subtask extract_and_filter_data
[2024-03-08T00:27:07.305+0530] {task_command.py:423} INFO - Running <TaskInstance: weather_data_pipeline.extract_and_filter_data scheduled__2024-03-03T00:33:00+00:00 [running]> on host aniks-macbook-air.local
[2024-03-08T00:27:07.321+0530] {taskinstance.py:2510} INFO - Exporting env vars: AIRFLOW_CTX_DAG_OWNER='airflow' AIRFLOW_CTX_DAG_ID='weather_data_pipeline' AIRFLOW_CTX_TASK_ID='extract_and_filter_data' AIRFLOW_CTX_EXECUTION_DATE='2024-03-03T00:33:00+00:00' AIRFLOW_CTX_TRY_NUMBER='4' AIRFLOW_CTX_DAG_RUN_ID='scheduled__2024-03-03T00:33:00+00:00'
[2024-03-08T00:27:07.323+0530] {pipeline.py:196} INFO - Missing pipeline option (runner). Executing pipeline using the default runner: DirectRunner.
[2024-03-08T00:27:07.395+0530] {translations.py:712} INFO - ==================== <function annotate_downstream_side_inputs at 0x169c16d40> ====================
[2024-03-08T00:27:07.395+0530] {translations.py:712} INFO - ==================== <function fix_side_input_pcoll_coders at 0x169c16e80> ====================
[2024-03-08T00:27:07.395+0530] {translations.py:712} INFO - ==================== <function pack_combiners at 0x169c17420> ====================
[2024-03-08T00:27:07.395+0530] {translations.py:712} INFO - ==================== <function lift_combiners at 0x169c174c0> ====================
[2024-03-08T00:27:07.395+0530] {translations.py:712} INFO - ==================== <function expand_sdf at 0x169c176a0> ====================
[2024-03-08T00:27:07.396+0530] {translations.py:712} INFO - ==================== <function expand_gbk at 0x169c17740> ====================
[2024-03-08T00:27:07.396+0530] {translations.py:712} INFO - ==================== <function sink_flattens at 0x169c17880> ====================
[2024-03-08T00:27:07.396+0530] {translations.py:712} INFO - ==================== <function greedily_fuse at 0x169c17920> ====================
[2024-03-08T00:27:07.396+0530] {translations.py:712} INFO - ==================== <function read_to_impulse at 0x169c179c0> ====================
[2024-03-08T00:27:07.396+0530] {translations.py:712} INFO - ==================== <function impulse_to_input at 0x169c17a60> ====================
[2024-03-08T00:27:07.396+0530] {translations.py:712} INFO - ==================== <function sort_stages at 0x169c17ce0> ====================
[2024-03-08T00:27:07.396+0530] {translations.py:712} INFO - ==================== <function add_impulse_to_dangling_transforms at 0x169c17e20> ====================
[2024-03-08T00:27:07.396+0530] {translations.py:712} INFO - ==================== <function setup_timer_mapping at 0x169c17c40> ====================
[2024-03-08T00:27:07.397+0530] {translations.py:712} INFO - ==================== <function populate_data_channel_coders at 0x169c17d80> ====================
[2024-03-08T00:27:07.397+0530] {statecache.py:234} INFO - Creating state cache with size 104857600
[2024-03-08T00:27:07.397+0530] {worker_handlers.py:922} INFO - Created Worker handler <apache_beam.runners.portability.fn_api_runner.worker_handlers.EmbeddedWorkerHandler object at 0x169cfc510> for environment ref_Environment_default_environment_1 (beam:env:embedded_python:v1, b'')
[2024-03-08T00:27:11.236+0530] {logging_mixin.py:188} WARNING - /Users/anikbhowmick/Python/Big_Data_Assignment/A02/airflow_env/airflow/dags/Data_analysis.py:62 DtypeWarning: Columns (10) have mixed types. Specify dtype option on import or set low_memory=False.
[2024-03-08T00:27:13.627+0530] {logging_mixin.py:188} WARNING - /Users/anikbhowmick/Python/Big_Data_Assignment/A02/airflow_env/airflow/dags/Data_analysis.py:62 DtypeWarning: Columns (10) have mixed types. Specify dtype option on import or set low_memory=False.
[2024-03-08T00:27:13.768+0530] {logging_mixin.py:188} WARNING - /Users/anikbhowmick/Python/Big_Data_Assignment/A02/airflow_env/airflow/dags/Data_analysis.py:62 DtypeWarning: Columns (10) have mixed types. Specify dtype option on import or set low_memory=False.
[2024-03-08T00:27:14.162+0530] {python.py:202} INFO - Done. Returned value was: None
[2024-03-08T00:27:14.167+0530] {taskinstance.py:1149} INFO - Marking task as SUCCESS. dag_id=weather_data_pipeline, task_id=extract_and_filter_data, execution_date=20240303T003300, start_date=20240307T185707, end_date=20240307T185714
[2024-03-08T00:27:14.199+0530] {local_task_job_runner.py:234} INFO - Task exited with return code 0
[2024-03-08T00:27:14.212+0530] {taskinstance.py:3309} INFO - 1 downstream tasks scheduled from follow-on schedule check
