[2024-03-08T16:49:01.589+0530] {taskinstance.py:1979} INFO - Dependencies all met for dep_context=non-requeueable deps ti=<TaskInstance: weather_data_pipeline.Comb_data_loc manual__2024-03-08T07:53:50.167118+00:00 [queued]>
[2024-03-08T16:49:01.591+0530] {taskinstance.py:1979} INFO - Dependencies all met for dep_context=requeueable deps ti=<TaskInstance: weather_data_pipeline.Comb_data_loc manual__2024-03-08T07:53:50.167118+00:00 [queued]>
[2024-03-08T16:49:01.591+0530] {taskinstance.py:2193} INFO - Starting attempt 3 of 4
[2024-03-08T16:49:01.595+0530] {taskinstance.py:2214} INFO - Executing <Task(PythonOperator): Comb_data_loc> on 2024-03-08 07:53:50.167118+00:00
[2024-03-08T16:49:01.600+0530] {standard_task_runner.py:60} INFO - Started process 1187 to run task
[2024-03-08T16:49:01.602+0530] {standard_task_runner.py:87} INFO - Running: ['airflow', 'tasks', 'run', 'weather_data_pipeline', 'Comb_data_loc', 'manual__2024-03-08T07:53:50.167118+00:00', '--job-id', '703', '--raw', '--subdir', 'DAGS_FOLDER/Data_analysis.py', '--cfg-path', '/var/folders/th/tnjyp6yd1cj78nysn5t4jl6h0000gn/T/tmp2e_co_7a']
[2024-03-08T16:49:01.603+0530] {standard_task_runner.py:88} INFO - Job 703: Subtask Comb_data_loc
[2024-03-08T16:49:01.616+0530] {task_command.py:423} INFO - Running <TaskInstance: weather_data_pipeline.Comb_data_loc manual__2024-03-08T07:53:50.167118+00:00 [running]> on host aniks-macbook-air.local
[2024-03-08T16:49:01.633+0530] {taskinstance.py:2510} INFO - Exporting env vars: AIRFLOW_CTX_DAG_OWNER='airflow' AIRFLOW_CTX_DAG_ID='weather_data_pipeline' AIRFLOW_CTX_TASK_ID='Comb_data_loc' AIRFLOW_CTX_EXECUTION_DATE='2024-03-08T07:53:50.167118+00:00' AIRFLOW_CTX_TRY_NUMBER='3' AIRFLOW_CTX_DAG_RUN_ID='manual__2024-03-08T07:53:50.167118+00:00'
[2024-03-08T16:49:01.793+0530] {Data_analysis.py:113} INFO - List of months: 2
[2024-03-08T16:49:01.796+0530] {logging_mixin.py:188} WARNING - /Users/anikbhowmick/Python/Big_Data_Assignment/A02/airflow_env/airflow/dags/Data_analysis.py:130 FutureWarning: The behavior of DataFrame concatenation with empty or all-NA entries is deprecated. In a future version, this will no longer exclude empty or all-NA columns when determining the result dtypes. To retain the old behavior, exclude the relevant entries before the concat operation.
[2024-03-08T16:49:01.804+0530] {Data_analysis.py:123} INFO - Skipping file 60390099999.csv as it does not contain all required columns.
[2024-03-08T16:49:01.826+0530] {Data_analysis.py:123} INFO - Skipping file 72071700442.csv as it does not contain all required columns.
[2024-03-08T16:49:01.835+0530] {Data_analysis.py:123} INFO - Skipping file 72086700293.csv as it does not contain all required columns.
[2024-03-08T16:49:01.836+0530] {Data_analysis.py:123} INFO - Skipping file 72693024221.csv as it does not contain all required columns.
[2024-03-08T16:49:01.840+0530] {Data_analysis.py:123} INFO - Skipping file 72097400344.csv as it does not contain all required columns.
[2024-03-08T16:49:01.846+0530] {Data_analysis.py:123} INFO - Skipping file 72061600207.csv as it does not contain all required columns.
[2024-03-08T16:49:01.846+0530] {Data_analysis.py:123} INFO - Skipping file 72529400383.csv as it does not contain all required columns.
[2024-03-08T16:49:01.858+0530] {Data_analysis.py:123} INFO - Skipping file 06722099999.csv as it does not contain all required columns.
[2024-03-08T16:49:01.861+0530] {Data_analysis.py:123} INFO - Skipping file 72200454922.csv as it does not contain all required columns.
[2024-03-08T16:49:01.878+0530] {Data_analysis.py:123} INFO - Skipping file 86777099999.csv as it does not contain all required columns.
[2024-03-08T16:49:01.879+0530] {Data_analysis.py:123} INFO - Skipping file 06621099999.csv as it does not contain all required columns.
[2024-03-08T16:49:01.879+0530] {Data_analysis.py:123} INFO - Skipping file 72066500243.csv as it does not contain all required columns.
[2024-03-08T16:49:01.881+0530] {Data_analysis.py:123} INFO - Skipping file 06709099999.csv as it does not contain all required columns.
[2024-03-08T16:49:01.892+0530] {Data_analysis.py:123} INFO - Skipping file 06782099999.csv as it does not contain all required columns.
[2024-03-08T16:49:01.895+0530] {Data_analysis.py:123} INFO - Skipping file 72220804224.csv as it does not contain all required columns.
[2024-03-08T16:49:01.901+0530] {Data_analysis.py:123} INFO - Skipping file 06638099999.csv as it does not contain all required columns.
[2024-03-08T16:49:01.906+0530] {Data_analysis.py:123} INFO - Skipping file 86895099999.csv as it does not contain all required columns.
[2024-03-08T16:49:01.917+0530] {Data_analysis.py:123} INFO - Skipping file 03140399999.csv as it does not contain all required columns.
[2024-03-08T16:49:01.918+0530] {Data_analysis.py:123} INFO - Skipping file 72451523064.csv as it does not contain all required columns.
[2024-03-08T16:49:01.920+0530] {Data_analysis.py:123} INFO - Skipping file 72091100301.csv as it does not contain all required columns.
[2024-03-08T16:49:01.921+0530] {Data_analysis.py:123} INFO - Skipping file 14246099999.csv as it does not contain all required columns.
[2024-03-08T16:49:01.930+0530] {Data_analysis.py:123} INFO - Skipping file 72261603032.csv as it does not contain all required columns.
[2024-03-08T16:49:01.931+0530] {Data_analysis.py:123} INFO - Skipping file 72032704995.csv as it does not contain all required columns.
[2024-03-08T16:49:01.935+0530] {Data_analysis.py:123} INFO - Skipping file 72314863859.csv as it does not contain all required columns.
[2024-03-08T16:49:01.941+0530] {Data_analysis.py:123} INFO - Skipping file 14308099999.csv as it does not contain all required columns.
[2024-03-08T16:49:01.946+0530] {Data_analysis.py:123} INFO - Skipping file 99999900381.csv as it does not contain all required columns.
[2024-03-08T16:49:01.951+0530] {Data_analysis.py:123} INFO - Skipping file 72512854739.csv as it does not contain all required columns.
[2024-03-08T16:49:01.964+0530] {Data_analysis.py:123} INFO - Skipping file 81994099999.csv as it does not contain all required columns.
[2024-03-08T16:49:01.967+0530] {Data_analysis.py:123} INFO - Skipping file 72063800224.csv as it does not contain all required columns.
[2024-03-08T16:49:01.969+0530] {Data_analysis.py:123} INFO - Skipping file 72562194063.csv as it does not contain all required columns.
[2024-03-08T16:49:01.970+0530] {Data_analysis.py:123} INFO - Skipping file 72547804920.csv as it does not contain all required columns.
[2024-03-08T16:49:01.971+0530] {Data_analysis.py:123} INFO - Skipping file 36061099999.csv as it does not contain all required columns.
[2024-03-08T16:49:01.975+0530] {Data_analysis.py:123} INFO - Skipping file 72212203050.csv as it does not contain all required columns.
[2024-03-08T16:49:01.978+0530] {Data_analysis.py:123} INFO - Skipping file 06010099999.csv as it does not contain all required columns.
[2024-03-08T16:49:01.979+0530] {Data_analysis.py:123} INFO - Skipping file 72473700377.csv as it does not contain all required columns.
[2024-03-08T16:49:01.981+0530] {Data_analysis.py:123} INFO - Skipping file 86693099999.csv as it does not contain all required columns.
[2024-03-08T16:49:01.990+0530] {Data_analysis.py:123} INFO - Skipping file 72324900463.csv as it does not contain all required columns.
[2024-03-08T16:49:02.013+0530] {Data_analysis.py:123} INFO - Skipping file 30074099999.csv as it does not contain all required columns.
[2024-03-08T16:49:02.018+0530] {Data_analysis.py:123} INFO - Skipping file 70063727406.csv as it does not contain all required columns.
[2024-03-08T16:49:02.032+0530] {Data_analysis.py:123} INFO - Skipping file 72026723224.csv as it does not contain all required columns.
[2024-03-08T16:49:02.033+0530] {Data_analysis.py:123} INFO - Skipping file 99999940710.csv as it does not contain all required columns.
[2024-03-08T16:49:02.033+0530] {Data_analysis.py:123} INFO - Skipping file 68647099999.csv as it does not contain all required columns.
[2024-03-08T16:49:02.037+0530] {Data_analysis.py:123} INFO - Skipping file 72534014819.csv as it does not contain all required columns.
[2024-03-08T16:49:02.044+0530] {Data_analysis.py:123} INFO - Skipping file 06604099999.csv as it does not contain all required columns.
[2024-03-08T16:49:02.046+0530] {Data_analysis.py:123} INFO - Skipping file 72063100217.csv as it does not contain all required columns.
[2024-03-08T16:49:02.056+0530] {Data_analysis.py:123} INFO - Skipping file 72538404888.csv as it does not contain all required columns.
[2024-03-08T16:49:02.060+0530] {Data_analysis.py:123} INFO - Skipping file 86767099999.csv as it does not contain all required columns.
[2024-03-08T16:49:02.072+0530] {Data_analysis.py:123} INFO - Skipping file 72227454939.csv as it does not contain all required columns.
[2024-03-08T16:49:02.076+0530] {Data_analysis.py:123} INFO - Skipping file 81847099999.csv as it does not contain all required columns.
[2024-03-08T16:49:02.076+0530] {Data_analysis.py:123} INFO - Skipping file 78466099999.csv as it does not contain all required columns.
[2024-03-08T16:49:02.079+0530] {python.py:202} INFO - Done. Returned value was: None
[2024-03-08T16:49:02.081+0530] {taskinstance.py:1149} INFO - Marking task as SUCCESS. dag_id=weather_data_pipeline, task_id=Comb_data_loc, execution_date=20240308T075350, start_date=20240308T111901, end_date=20240308T111902
[2024-03-08T16:49:02.114+0530] {local_task_job_runner.py:234} INFO - Task exited with return code 0
[2024-03-08T16:49:02.121+0530] {taskinstance.py:3309} INFO - 1 downstream tasks scheduled from follow-on schedule check
