[2024-03-08T16:52:52.694+0530] {taskinstance.py:1979} INFO - Dependencies all met for dep_context=non-requeueable deps ti=<TaskInstance: weather_data_pipeline.Comb_data_loc manual__2024-03-08T07:53:50.167118+00:00 [queued]>
[2024-03-08T16:52:52.696+0530] {taskinstance.py:1979} INFO - Dependencies all met for dep_context=requeueable deps ti=<TaskInstance: weather_data_pipeline.Comb_data_loc manual__2024-03-08T07:53:50.167118+00:00 [queued]>
[2024-03-08T16:52:52.696+0530] {taskinstance.py:2193} INFO - Starting attempt 4 of 5
[2024-03-08T16:52:52.700+0530] {taskinstance.py:2214} INFO - Executing <Task(PythonOperator): Comb_data_loc> on 2024-03-08 07:53:50.167118+00:00
[2024-03-08T16:52:52.704+0530] {standard_task_runner.py:60} INFO - Started process 1500 to run task
[2024-03-08T16:52:52.707+0530] {standard_task_runner.py:87} INFO - Running: ['airflow', 'tasks', 'run', 'weather_data_pipeline', 'Comb_data_loc', 'manual__2024-03-08T07:53:50.167118+00:00', '--job-id', '710', '--raw', '--subdir', 'DAGS_FOLDER/Data_analysis.py', '--cfg-path', '/var/folders/th/tnjyp6yd1cj78nysn5t4jl6h0000gn/T/tmpesr800k6']
[2024-03-08T16:52:52.707+0530] {standard_task_runner.py:88} INFO - Job 710: Subtask Comb_data_loc
[2024-03-08T16:52:52.721+0530] {task_command.py:423} INFO - Running <TaskInstance: weather_data_pipeline.Comb_data_loc manual__2024-03-08T07:53:50.167118+00:00 [running]> on host aniks-macbook-air.local
[2024-03-08T16:52:52.738+0530] {taskinstance.py:2510} INFO - Exporting env vars: AIRFLOW_CTX_DAG_OWNER='airflow' AIRFLOW_CTX_DAG_ID='weather_data_pipeline' AIRFLOW_CTX_TASK_ID='Comb_data_loc' AIRFLOW_CTX_EXECUTION_DATE='2024-03-08T07:53:50.167118+00:00' AIRFLOW_CTX_TRY_NUMBER='4' AIRFLOW_CTX_DAG_RUN_ID='manual__2024-03-08T07:53:50.167118+00:00'
[2024-03-08T16:52:53.048+0530] {Data_analysis.py:113} INFO - List of months: 1
[2024-03-08T16:52:53.052+0530] {logging_mixin.py:188} WARNING - /Users/anikbhowmick/Python/Big_Data_Assignment/A02/airflow_env/airflow/dags/Data_analysis.py:130 FutureWarning: The behavior of DataFrame concatenation with empty or all-NA entries is deprecated. In a future version, this will no longer exclude empty or all-NA columns when determining the result dtypes. To retain the old behavior, exclude the relevant entries before the concat operation.
[2024-03-08T16:52:53.056+0530] {Data_analysis.py:123} INFO - Skipping file 42895099999.csv as it does not contain all required columns.
[2024-03-08T16:52:53.056+0530] {Data_analysis.py:123} INFO - Skipping file 86611099999.csv as it does not contain all required columns.
[2024-03-08T16:52:53.057+0530] {Data_analysis.py:123} INFO - Skipping file 96237099999.csv as it does not contain all required columns.
[2024-03-08T16:52:53.057+0530] {Data_analysis.py:123} INFO - Skipping file 72616354770.csv as it does not contain all required columns.
[2024-03-08T16:52:53.057+0530] {Data_analysis.py:123} INFO - Skipping file 84564099999.csv as it does not contain all required columns.
[2024-03-08T16:52:53.058+0530] {Data_analysis.py:123} INFO - Skipping file 80084099999.csv as it does not contain all required columns.
[2024-03-08T16:52:53.059+0530] {Data_analysis.py:123} INFO - Skipping file 72529214976.csv as it does not contain all required columns.
[2024-03-08T16:52:53.061+0530] {Data_analysis.py:123} INFO - Skipping file 94776099999.csv as it does not contain all required columns.
[2024-03-08T16:52:53.062+0530] {Data_analysis.py:123} INFO - Skipping file 67843099999.csv as it does not contain all required columns.
[2024-03-08T16:52:53.063+0530] {Data_analysis.py:123} INFO - Skipping file 27930099999.csv as it does not contain all required columns.
[2024-03-08T16:52:53.064+0530] {Data_analysis.py:123} INFO - Skipping file 72642754908.csv as it does not contain all required columns.
[2024-03-08T16:52:53.067+0530] {Data_analysis.py:123} INFO - Skipping file 06203099999.csv as it does not contain all required columns.
[2024-03-08T16:52:53.067+0530] {Data_analysis.py:123} INFO - Skipping file 72445303994.csv as it does not contain all required columns.
[2024-03-08T16:52:53.072+0530] {Data_analysis.py:123} INFO - Skipping file 72465593990.csv as it does not contain all required columns.
[2024-03-08T16:52:53.072+0530] {Data_analysis.py:123} INFO - Skipping file 42623099999.csv as it does not contain all required columns.
[2024-03-08T16:52:53.073+0530] {Data_analysis.py:123} INFO - Skipping file 60445099999.csv as it does not contain all required columns.
[2024-03-08T16:52:53.074+0530] {Data_analysis.py:123} INFO - Skipping file 84001099999.csv as it does not contain all required columns.
[2024-03-08T16:52:53.075+0530] {Data_analysis.py:123} INFO - Skipping file 47788099999.csv as it does not contain all required columns.
[2024-03-08T16:52:53.076+0530] {Data_analysis.py:123} INFO - Skipping file 68338099999.csv as it does not contain all required columns.
[2024-03-08T16:52:53.078+0530] {Data_analysis.py:123} INFO - Skipping file 86624099999.csv as it does not contain all required columns.
[2024-03-08T16:52:53.078+0530] {Data_analysis.py:123} INFO - Skipping file 04361099999.csv as it does not contain all required columns.
[2024-03-08T16:52:53.081+0530] {Data_analysis.py:123} INFO - Skipping file 72659604978.csv as it does not contain all required columns.
[2024-03-08T16:52:53.081+0530] {Data_analysis.py:123} INFO - Skipping file 72641614921.csv as it does not contain all required columns.
[2024-03-08T16:52:53.083+0530] {Data_analysis.py:123} INFO - Skipping file 64387099999.csv as it does not contain all required columns.
[2024-03-08T16:52:53.085+0530] {Data_analysis.py:123} INFO - Skipping file 06370099999.csv as it does not contain all required columns.
[2024-03-08T16:52:53.085+0530] {Data_analysis.py:123} INFO - Skipping file 93119099999.csv as it does not contain all required columns.
[2024-03-08T16:52:53.087+0530] {Data_analysis.py:123} INFO - Skipping file 17200099999.csv as it does not contain all required columns.
[2024-03-08T16:52:53.087+0530] {Data_analysis.py:123} INFO - Skipping file 38353099999.csv as it does not contain all required columns.
[2024-03-08T16:52:53.088+0530] {Data_analysis.py:123} INFO - Skipping file 72533704807.csv as it does not contain all required columns.
[2024-03-08T16:52:53.090+0530] {Data_analysis.py:123} INFO - Skipping file 86360099999.csv as it does not contain all required columns.
[2024-03-08T16:52:53.094+0530] {Data_analysis.py:123} INFO - Skipping file 72615554736.csv as it does not contain all required columns.
[2024-03-08T16:52:53.095+0530] {Data_analysis.py:123} INFO - Skipping file 72525300380.csv as it does not contain all required columns.
[2024-03-08T16:52:53.096+0530] {Data_analysis.py:123} INFO - Skipping file 72240312968.csv as it does not contain all required columns.
[2024-03-08T16:52:53.097+0530] {Data_analysis.py:123} INFO - Skipping file 72309793743.csv as it does not contain all required columns.
[2024-03-08T16:52:53.098+0530] {Data_analysis.py:123} INFO - Skipping file 67413099999.csv as it does not contain all required columns.
[2024-03-08T16:52:53.099+0530] {Data_analysis.py:123} INFO - Skipping file 86734099999.csv as it does not contain all required columns.
[2024-03-08T16:52:53.099+0530] {Data_analysis.py:123} INFO - Skipping file 16522099999.csv as it does not contain all required columns.
[2024-03-08T16:52:53.101+0530] {Data_analysis.py:123} INFO - Skipping file 72672024061.csv as it does not contain all required columns.
[2024-03-08T16:52:53.103+0530] {Data_analysis.py:123} INFO - Skipping file 72217104889.csv as it does not contain all required columns.
[2024-03-08T16:52:53.105+0530] {Data_analysis.py:123} INFO - Skipping file 60555099999.csv as it does not contain all required columns.
[2024-03-08T16:52:53.106+0530] {Data_analysis.py:123} INFO - Skipping file 72363503024.csv as it does not contain all required columns.
[2024-03-08T16:52:53.107+0530] {Data_analysis.py:123} INFO - Skipping file 80419099999.csv as it does not contain all required columns.
[2024-03-08T16:52:53.107+0530] {Data_analysis.py:123} INFO - Skipping file 72745604919.csv as it does not contain all required columns.
[2024-03-08T16:52:53.109+0530] {Data_analysis.py:123} INFO - Skipping file 70381025309.csv as it does not contain all required columns.
[2024-03-08T16:52:53.110+0530] {Data_analysis.py:123} INFO - Skipping file 40785099999.csv as it does not contain all required columns.
[2024-03-08T16:52:53.110+0530] {Data_analysis.py:123} INFO - Skipping file 06630399999.csv as it does not contain all required columns.
[2024-03-08T16:52:53.111+0530] {Data_analysis.py:123} INFO - Skipping file 86629099999.csv as it does not contain all required columns.
[2024-03-08T16:52:53.112+0530] {Data_analysis.py:123} INFO - Skipping file 74791013717.csv as it does not contain all required columns.
[2024-03-08T16:52:53.113+0530] {Data_analysis.py:123} INFO - Skipping file 72607314615.csv as it does not contain all required columns.
[2024-03-08T16:52:53.114+0530] {Data_analysis.py:123} INFO - Skipping file 71376099999.csv as it does not contain all required columns.
[2024-03-08T16:52:53.114+0530] {Data_analysis.py:123} INFO - Skipping file 72743554820.csv as it does not contain all required columns.
[2024-03-08T16:52:53.115+0530] {Data_analysis.py:123} INFO - Skipping file 86647099999.csv as it does not contain all required columns.
[2024-03-08T16:52:53.116+0530] {Data_analysis.py:123} INFO - Skipping file 76075399999.csv as it does not contain all required columns.
[2024-03-08T16:52:53.117+0530] {Data_analysis.py:123} INFO - Skipping file 42661099999.csv as it does not contain all required columns.
[2024-03-08T16:52:53.118+0530] {Data_analysis.py:123} INFO - Skipping file 72276403029.csv as it does not contain all required columns.
[2024-03-08T16:52:53.118+0530] {Data_analysis.py:123} INFO - Skipping file 40712599999.csv as it does not contain all required columns.
[2024-03-08T16:52:53.119+0530] {Data_analysis.py:123} INFO - Skipping file 72713014604.csv as it does not contain all required columns.
[2024-03-08T16:52:53.120+0530] {Data_analysis.py:123} INFO - Skipping file 72616594721.csv as it does not contain all required columns.
[2024-03-08T16:52:53.124+0530] {Data_analysis.py:123} INFO - Skipping file 72256199999.csv as it does not contain all required columns.
[2024-03-08T16:52:53.127+0530] {Data_analysis.py:123} INFO - Skipping file 85365099999.csv as it does not contain all required columns.
[2024-03-08T16:52:53.128+0530] {Data_analysis.py:123} INFO - Skipping file 72476824051.csv as it does not contain all required columns.
[2024-03-08T16:52:53.129+0530] {Data_analysis.py:123} INFO - Skipping file 86961099999.csv as it does not contain all required columns.
[2024-03-08T16:52:53.131+0530] {Data_analysis.py:123} INFO - Skipping file 72514454723.csv as it does not contain all required columns.
[2024-03-08T16:52:53.132+0530] {Data_analysis.py:123} INFO - Skipping file 06695099999.csv as it does not contain all required columns.
[2024-03-08T16:52:53.132+0530] {Data_analysis.py:123} INFO - Skipping file 86636099999.csv as it does not contain all required columns.
[2024-03-08T16:52:53.133+0530] {Data_analysis.py:123} INFO - Skipping file 81827099999.csv as it does not contain all required columns.
[2024-03-08T16:52:53.134+0530] {Data_analysis.py:123} INFO - Skipping file 07747099999.csv as it does not contain all required columns.
[2024-03-08T16:52:53.134+0530] {Data_analysis.py:123} INFO - Skipping file 78388099999.csv as it does not contain all required columns.
[2024-03-08T16:52:53.135+0530] {Data_analysis.py:123} INFO - Skipping file 94308099999.csv as it does not contain all required columns.
[2024-03-08T16:52:53.136+0530] {Data_analysis.py:123} INFO - Skipping file 72768694017.csv as it does not contain all required columns.
[2024-03-08T16:52:53.137+0530] {Data_analysis.py:123} INFO - Skipping file 72653094943.csv as it does not contain all required columns.
[2024-03-08T16:52:53.137+0530] {Data_analysis.py:123} INFO - Skipping file 70340025506.csv as it does not contain all required columns.
[2024-03-08T16:52:53.140+0530] {Data_analysis.py:123} INFO - Skipping file 94975099999.csv as it does not contain all required columns.
[2024-03-08T16:52:53.141+0530] {Data_analysis.py:123} INFO - Skipping file 72251812974.csv as it does not contain all required columns.
[2024-03-08T16:52:53.141+0530] {Data_analysis.py:123} INFO - Skipping file 08397099999.csv as it does not contain all required columns.
[2024-03-08T16:52:53.144+0530] {Data_analysis.py:123} INFO - Skipping file 72607994601.csv as it does not contain all required columns.
[2024-03-08T16:52:53.145+0530] {Data_analysis.py:123} INFO - Skipping file 23274099999.csv as it does not contain all required columns.
[2024-03-08T16:52:53.146+0530] {Data_analysis.py:123} INFO - Skipping file 40766099999.csv as it does not contain all required columns.
[2024-03-08T16:52:53.146+0530] {Data_analysis.py:123} INFO - Skipping file 74916799999.csv as it does not contain all required columns.
[2024-03-08T16:52:53.147+0530] {Data_analysis.py:123} INFO - Skipping file 36307099999.csv as it does not contain all required columns.
[2024-03-08T16:52:53.147+0530] {Data_analysis.py:123} INFO - Skipping file 24724099999.csv as it does not contain all required columns.
[2024-03-08T16:52:53.148+0530] {Data_analysis.py:123} INFO - Skipping file 72668254914.csv as it does not contain all required columns.
[2024-03-08T16:52:53.149+0530] {Data_analysis.py:123} INFO - Skipping file 84026099999.csv as it does not contain all required columns.
[2024-03-08T16:52:53.149+0530] {Data_analysis.py:123} INFO - Skipping file 91680099999.csv as it does not contain all required columns.
[2024-03-08T16:52:53.150+0530] {Data_analysis.py:123} INFO - Skipping file 72038600125.csv as it does not contain all required columns.
[2024-03-08T16:52:53.151+0530] {Data_analysis.py:123} INFO - Skipping file 43003099999.csv as it does not contain all required columns.
[2024-03-08T16:52:53.151+0530] {Data_analysis.py:123} INFO - Skipping file 65592099999.csv as it does not contain all required columns.
[2024-03-08T16:52:53.155+0530] {Data_analysis.py:123} INFO - Skipping file 80009099999.csv as it does not contain all required columns.
[2024-03-08T16:52:53.156+0530] {Data_analysis.py:123} INFO - Skipping file 72645594897.csv as it does not contain all required columns.
[2024-03-08T16:52:53.162+0530] {Data_analysis.py:123} INFO - Skipping file 40662099999.csv as it does not contain all required columns.
[2024-03-08T16:52:53.165+0530] {Data_analysis.py:123} INFO - Skipping file 43041099999.csv as it does not contain all required columns.
[2024-03-08T16:52:53.168+0530] {Data_analysis.py:123} INFO - Skipping file 60750099999.csv as it does not contain all required columns.
[2024-03-08T16:52:53.168+0530] {Data_analysis.py:123} INFO - Skipping file 72226903850.csv as it does not contain all required columns.
[2024-03-08T16:52:53.171+0530] {Data_analysis.py:123} INFO - Skipping file 72209953936.csv as it does not contain all required columns.
[2024-03-08T16:52:53.173+0530] {Data_analysis.py:123} INFO - Skipping file 62318099999.csv as it does not contain all required columns.
[2024-03-08T16:52:53.175+0530] {Data_analysis.py:123} INFO - Skipping file 72098399999.csv as it does not contain all required columns.
[2024-03-08T16:52:53.176+0530] {Data_analysis.py:123} INFO - Skipping file 72205312841.csv as it does not contain all required columns.
[2024-03-08T16:52:53.179+0530] {Data_analysis.py:123} INFO - Skipping file 72234254931.csv as it does not contain all required columns.
[2024-03-08T16:52:53.180+0530] {Data_analysis.py:123} INFO - Skipping file 72252712976.csv as it does not contain all required columns.
[2024-03-08T16:52:53.181+0530] {Data_analysis.py:123} INFO - Skipping file 72278753126.csv as it does not contain all required columns.
[2024-03-08T16:52:53.182+0530] {Data_analysis.py:123} INFO - Skipping file 70148626642.csv as it does not contain all required columns.
[2024-03-08T16:52:53.183+0530] {Data_analysis.py:123} INFO - Skipping file 47131099999.csv as it does not contain all required columns.
[2024-03-08T16:52:53.183+0530] {Data_analysis.py:123} INFO - Skipping file 86990099999.csv as it does not contain all required columns.
[2024-03-08T16:52:53.184+0530] {Data_analysis.py:123} INFO - Skipping file 72200454922.csv as it does not contain all required columns.
[2024-03-08T16:52:53.185+0530] {Data_analysis.py:123} INFO - Skipping file 72226100360.csv as it does not contain all required columns.
[2024-03-08T16:52:53.185+0530] {Data_analysis.py:123} INFO - Skipping file 04082099999.csv as it does not contain all required columns.
[2024-03-08T16:52:53.193+0530] {Data_analysis.py:123} INFO - Skipping file 80214099999.csv as it does not contain all required columns.
[2024-03-08T16:52:53.193+0530] {Data_analysis.py:123} INFO - Skipping file 72423353841.csv as it does not contain all required columns.
[2024-03-08T16:52:53.195+0530] {Data_analysis.py:123} INFO - Skipping file 61257099999.csv as it does not contain all required columns.
[2024-03-08T16:52:53.199+0530] {Data_analysis.py:123} INFO - Skipping file 71267099999.csv as it does not contain all required columns.
[2024-03-08T16:52:53.199+0530] {Data_analysis.py:123} INFO - Skipping file 72039200128.csv as it does not contain all required columns.
[2024-03-08T16:52:53.200+0530] {Data_analysis.py:123} INFO - Skipping file 67584099999.csv as it does not contain all required columns.
[2024-03-08T16:52:53.200+0530] {Data_analysis.py:123} INFO - Skipping file 86947099999.csv as it does not contain all required columns.
[2024-03-08T16:52:53.201+0530] {Data_analysis.py:123} INFO - Skipping file 70121026624.csv as it does not contain all required columns.
[2024-03-08T16:52:53.204+0530] {Data_analysis.py:123} INFO - Skipping file 72423093821.csv as it does not contain all required columns.
[2024-03-08T16:52:53.206+0530] {Data_analysis.py:123} INFO - Skipping file 72389853119.csv as it does not contain all required columns.
[2024-03-08T16:52:53.209+0530] {Data_analysis.py:123} INFO - Skipping file 21978099999.csv as it does not contain all required columns.
[2024-03-08T16:52:53.210+0530] {Data_analysis.py:123} INFO - Skipping file 48924099999.csv as it does not contain all required columns.
[2024-03-08T16:52:53.213+0530] {Data_analysis.py:123} INFO - Skipping file 72484653123.csv as it does not contain all required columns.
[2024-03-08T16:52:53.214+0530] {Data_analysis.py:123} INFO - Skipping file 72051800449.csv as it does not contain all required columns.
[2024-03-08T16:52:53.216+0530] {Data_analysis.py:123} INFO - Skipping file 47931042204.csv as it does not contain all required columns.
[2024-03-08T16:52:53.219+0530] {Data_analysis.py:123} INFO - Skipping file 35925099999.csv as it does not contain all required columns.
[2024-03-08T16:52:53.220+0530] {Data_analysis.py:123} INFO - Skipping file 86625099999.csv as it does not contain all required columns.
[2024-03-08T16:52:53.221+0530] {Data_analysis.py:123} INFO - Skipping file 86763099999.csv as it does not contain all required columns.
[2024-03-08T16:52:53.221+0530] {Data_analysis.py:123} INFO - Skipping file 72418013781.csv as it does not contain all required columns.
[2024-03-08T16:52:53.222+0530] {Data_analysis.py:123} INFO - Skipping file 40430099999.csv as it does not contain all required columns.
[2024-03-08T16:52:53.224+0530] {Data_analysis.py:123} INFO - Skipping file 72519664775.csv as it does not contain all required columns.
[2024-03-08T16:52:53.226+0530] {Data_analysis.py:123} INFO - Skipping file 72406793744.csv as it does not contain all required columns.
[2024-03-08T16:52:53.226+0530] {Data_analysis.py:123} INFO - Skipping file 71803099999.csv as it does not contain all required columns.
[2024-03-08T16:52:53.227+0530] {Data_analysis.py:123} INFO - Skipping file 71174099999.csv as it does not contain all required columns.
[2024-03-08T16:52:53.228+0530] {Data_analysis.py:123} INFO - Skipping file 38583099999.csv as it does not contain all required columns.
[2024-03-08T16:52:53.229+0530] {Data_analysis.py:123} INFO - Skipping file 03100099999.csv as it does not contain all required columns.
[2024-03-08T16:52:53.230+0530] {Data_analysis.py:123} INFO - Skipping file 86792099999.csv as it does not contain all required columns.
[2024-03-08T16:52:53.232+0530] {Data_analysis.py:123} INFO - Skipping file 72650504845.csv as it does not contain all required columns.
[2024-03-08T16:52:53.232+0530] {Data_analysis.py:123} INFO - Skipping file 03672099999.csv as it does not contain all required columns.
[2024-03-08T16:52:53.232+0530] {Data_analysis.py:123} INFO - Skipping file 67295099999.csv as it does not contain all required columns.
[2024-03-08T16:52:53.236+0530] {Data_analysis.py:123} INFO - Skipping file 08011099999.csv as it does not contain all required columns.
[2024-03-08T16:52:53.239+0530] {Data_analysis.py:123} INFO - Skipping file 78256199999.csv as it does not contain all required columns.
[2024-03-08T16:52:53.240+0530] {Data_analysis.py:123} INFO - Skipping file 26144099999.csv as it does not contain all required columns.
[2024-03-08T16:52:53.246+0530] {Data_analysis.py:123} INFO - Skipping file 47098099999.csv as it does not contain all required columns.
[2024-03-08T16:52:53.247+0530] {Data_analysis.py:123} INFO - Skipping file 38457099999.csv as it does not contain all required columns.
[2024-03-08T16:52:53.248+0530] {Data_analysis.py:123} INFO - Skipping file 76680099999.csv as it does not contain all required columns.
[2024-03-08T16:52:53.249+0530] {Data_analysis.py:123} INFO - Skipping file 83288099999.csv as it does not contain all required columns.
[2024-03-08T16:52:53.249+0530] {Data_analysis.py:123} INFO - Skipping file 86652099999.csv as it does not contain all required columns.
[2024-03-08T16:52:53.251+0530] {Data_analysis.py:123} INFO - Skipping file 31026099999.csv as it does not contain all required columns.
[2024-03-08T16:52:53.252+0530] {Data_analysis.py:123} INFO - Skipping file 97722099999.csv as it does not contain all required columns.
[2024-03-08T16:52:53.252+0530] {Data_analysis.py:123} INFO - Skipping file 63789099999.csv as it does not contain all required columns.
[2024-03-08T16:52:53.255+0530] {Data_analysis.py:123} INFO - Skipping file 94517099999.csv as it does not contain all required columns.
[2024-03-08T16:52:53.255+0530] {Data_analysis.py:123} INFO - Skipping file 72376293244.csv as it does not contain all required columns.
[2024-03-08T16:52:53.256+0530] {Data_analysis.py:123} INFO - Skipping file 72222313899.csv as it does not contain all required columns.
[2024-03-08T16:52:53.258+0530] {Data_analysis.py:123} INFO - Skipping file 01141099999.csv as it does not contain all required columns.
[2024-03-08T16:52:53.259+0530] {Data_analysis.py:123} INFO - Skipping file 64380099999.csv as it does not contain all required columns.
[2024-03-08T16:52:53.261+0530] {Data_analysis.py:123} INFO - Skipping file 68264399999.csv as it does not contain all required columns.
[2024-03-08T16:52:53.261+0530] {Data_analysis.py:123} INFO - Skipping file 72060700199.csv as it does not contain all required columns.
[2024-03-08T16:52:53.263+0530] {Data_analysis.py:123} INFO - Skipping file 86848099999.csv as it does not contain all required columns.
[2024-03-08T16:52:53.264+0530] {Data_analysis.py:123} INFO - Skipping file 81002010502.csv as it does not contain all required columns.
[2024-03-08T16:52:53.265+0530] {Data_analysis.py:123} INFO - Skipping file 91425099999.csv as it does not contain all required columns.
[2024-03-08T16:52:53.265+0530] {Data_analysis.py:123} INFO - Skipping file 08181099999.csv as it does not contain all required columns.
[2024-03-08T16:52:53.266+0530] {Data_analysis.py:123} INFO - Skipping file 27707099999.csv as it does not contain all required columns.
[2024-03-08T16:52:53.266+0530] {Data_analysis.py:123} INFO - Skipping file 72217763811.csv as it does not contain all required columns.
[2024-03-08T16:52:53.268+0530] {Data_analysis.py:123} INFO - Skipping file 67781099999.csv as it does not contain all required columns.
[2024-03-08T16:52:53.268+0530] {Data_analysis.py:123} INFO - Skipping file 72655994976.csv as it does not contain all required columns.
[2024-03-08T16:52:53.270+0530] {Data_analysis.py:123} INFO - Skipping file 72515004725.csv as it does not contain all required columns.
[2024-03-08T16:52:53.271+0530] {Data_analysis.py:123} INFO - Skipping file 72253712961.csv as it does not contain all required columns.
[2024-03-08T16:52:53.273+0530] {Data_analysis.py:123} INFO - Skipping file 80354099999.csv as it does not contain all required columns.
[2024-03-08T16:52:53.275+0530] {Data_analysis.py:123} INFO - Skipping file 06754099999.csv as it does not contain all required columns.
[2024-03-08T16:52:53.275+0530] {Data_analysis.py:123} INFO - Skipping file 03492099999.csv as it does not contain all required columns.
[2024-03-08T16:52:53.276+0530] {Data_analysis.py:123} INFO - Skipping file 71934099999.csv as it does not contain all required columns.
[2024-03-08T16:52:53.277+0530] {Data_analysis.py:123} INFO - Skipping file 72753304922.csv as it does not contain all required columns.
[2024-03-08T16:52:53.277+0530] {Data_analysis.py:123} INFO - Skipping file 02207099999.csv as it does not contain all required columns.
[2024-03-08T16:52:53.278+0530] {Data_analysis.py:123} INFO - Skipping file 38696099999.csv as it does not contain all required columns.
[2024-03-08T16:52:53.279+0530] {Data_analysis.py:123} INFO - Skipping file 72440013995.csv as it does not contain all required columns.
[2024-03-08T16:52:53.281+0530] {Data_analysis.py:123} INFO - Skipping file 72305563816.csv as it does not contain all required columns.
[2024-03-08T16:52:53.283+0530] {Data_analysis.py:123} INFO - Skipping file 61856099999.csv as it does not contain all required columns.
[2024-03-08T16:52:53.283+0530] {Data_analysis.py:123} INFO - Skipping file 47153099999.csv as it does not contain all required columns.
[2024-03-08T16:52:53.284+0530] {Data_analysis.py:123} INFO - Skipping file 72102899999.csv as it does not contain all required columns.
[2024-03-08T16:52:53.284+0530] {Data_analysis.py:123} INFO - Skipping file 48602199999.csv as it does not contain all required columns.
[2024-03-08T16:52:53.286+0530] {Data_analysis.py:123} INFO - Skipping file 28493599999.csv as it does not contain all required columns.
[2024-03-08T16:52:53.286+0530] {Data_analysis.py:123} INFO - Skipping file 81917099999.csv as it does not contain all required columns.
[2024-03-08T16:52:53.287+0530] {Data_analysis.py:123} INFO - Skipping file 07240099999.csv as it does not contain all required columns.
[2024-03-08T16:52:53.288+0530] {Data_analysis.py:123} INFO - Skipping file 68300799999.csv as it does not contain all required columns.
[2024-03-08T16:52:53.290+0530] {Data_analysis.py:123} INFO - Skipping file 40703799999.csv as it does not contain all required columns.
[2024-03-08T16:52:53.294+0530] {Data_analysis.py:123} INFO - Skipping file 03140299999.csv as it does not contain all required columns.
[2024-03-08T16:52:53.295+0530] {Data_analysis.py:123} INFO - Skipping file 83698099999.csv as it does not contain all required columns.
[2024-03-08T16:52:53.296+0530] {Data_analysis.py:123} INFO - Skipping file 06702099999.csv as it does not contain all required columns.
[2024-03-08T16:52:53.298+0530] {Data_analysis.py:123} INFO - Skipping file 40731099999.csv as it does not contain all required columns.
[2024-03-08T16:52:53.300+0530] {Data_analysis.py:123} INFO - Skipping file 68618099999.csv as it does not contain all required columns.
[2024-03-08T16:52:53.301+0530] {Data_analysis.py:123} INFO - Skipping file 72438754807.csv as it does not contain all required columns.
[2024-03-08T16:52:53.302+0530] {Data_analysis.py:123} INFO - Skipping file 83840099999.csv as it does not contain all required columns.
[2024-03-08T16:52:53.302+0530] {Data_analysis.py:123} INFO - Skipping file 72102399999.csv as it does not contain all required columns.
[2024-03-08T16:52:53.303+0530] {Data_analysis.py:123} INFO - Skipping file 72540654817.csv as it does not contain all required columns.
[2024-03-08T16:52:53.305+0530] {Data_analysis.py:123} INFO - Skipping file 14246099999.csv as it does not contain all required columns.
[2024-03-08T16:52:53.306+0530] {Data_analysis.py:123} INFO - Skipping file 83393099999.csv as it does not contain all required columns.
[2024-03-08T16:52:53.306+0530] {Data_analysis.py:123} INFO - Skipping file 96645099999.csv as it does not contain all required columns.
[2024-03-08T16:52:53.308+0530] {Data_analysis.py:123} INFO - Skipping file 12595099999.csv as it does not contain all required columns.
[2024-03-08T16:52:53.311+0530] {Data_analysis.py:123} INFO - Skipping file 63709099999.csv as it does not contain all required columns.
[2024-03-08T16:52:53.312+0530] {Data_analysis.py:123} INFO - Skipping file 47124099999.csv as it does not contain all required columns.
[2024-03-08T16:52:53.313+0530] {Data_analysis.py:123} INFO - Skipping file 12312099999.csv as it does not contain all required columns.
[2024-03-08T16:52:53.313+0530] {Data_analysis.py:123} INFO - Skipping file 63686099999.csv as it does not contain all required columns.
[2024-03-08T16:52:53.314+0530] {Data_analysis.py:123} INFO - Skipping file 47679043319.csv as it does not contain all required columns.
[2024-03-08T16:52:53.315+0530] {Data_analysis.py:123} INFO - Skipping file 03865099999.csv as it does not contain all required columns.
[2024-03-08T16:52:53.316+0530] {Data_analysis.py:123} INFO - Skipping file 04168099999.csv as it does not contain all required columns.
[2024-03-08T16:52:53.317+0530] {Data_analysis.py:123} INFO - Skipping file 44477099999.csv as it does not contain all required columns.
[2024-03-08T16:52:53.318+0530] {Data_analysis.py:123} INFO - Skipping file 66226099999.csv as it does not contain all required columns.
[2024-03-08T16:52:53.320+0530] {Data_analysis.py:123} INFO - Skipping file 23471099999.csv as it does not contain all required columns.
[2024-03-08T16:52:53.322+0530] {Data_analysis.py:123} INFO - Skipping file 30054099999.csv as it does not contain all required columns.
[2024-03-08T16:52:53.322+0530] {Data_analysis.py:123} INFO - Skipping file 06400099999.csv as it does not contain all required columns.
[2024-03-08T16:52:53.325+0530] {Data_analysis.py:123} INFO - Skipping file 72064199999.csv as it does not contain all required columns.
[2024-03-08T16:52:53.325+0530] {Data_analysis.py:123} INFO - Skipping file 06636099999.csv as it does not contain all required columns.
[2024-03-08T16:52:53.326+0530] {Data_analysis.py:123} INFO - Skipping file 71945599999.csv as it does not contain all required columns.
[2024-03-08T16:52:53.328+0530] {Data_analysis.py:123} INFO - Skipping file 72607014606.csv as it does not contain all required columns.
[2024-03-08T16:52:53.330+0530] {Data_analysis.py:123} INFO - Skipping file 08184099999.csv as it does not contain all required columns.
[2024-03-08T16:52:53.331+0530] {Data_analysis.py:123} INFO - Skipping file 72096700457.csv as it does not contain all required columns.
[2024-03-08T16:52:53.333+0530] {Data_analysis.py:123} INFO - Skipping file 86823099999.csv as it does not contain all required columns.
[2024-03-08T16:52:53.333+0530] {Data_analysis.py:123} INFO - Skipping file 72522014750.csv as it does not contain all required columns.
[2024-03-08T16:52:53.335+0530] {Data_analysis.py:123} INFO - Skipping file 86965099999.csv as it does not contain all required columns.
[2024-03-08T16:52:53.335+0530] {Data_analysis.py:123} INFO - Skipping file 07412099999.csv as it does not contain all required columns.
[2024-03-08T16:52:53.342+0530] {Data_analysis.py:123} INFO - Skipping file 41150099999.csv as it does not contain all required columns.
[2024-03-08T16:52:53.343+0530] {Data_analysis.py:123} INFO - Skipping file 72030763804.csv as it does not contain all required columns.
[2024-03-08T16:52:53.343+0530] {Data_analysis.py:123} INFO - Skipping file 60191099999.csv as it does not contain all required columns.
[2024-03-08T16:52:53.344+0530] {Data_analysis.py:123} INFO - Skipping file 81755099999.csv as it does not contain all required columns.
[2024-03-08T16:52:53.345+0530] {Data_analysis.py:123} INFO - Skipping file 64910099999.csv as it does not contain all required columns.
[2024-03-08T16:52:53.346+0530] {Data_analysis.py:123} INFO - Skipping file 57957099999.csv as it does not contain all required columns.
[2024-03-08T16:52:53.347+0530] {Data_analysis.py:123} INFO - Skipping file 03204099999.csv as it does not contain all required columns.
[2024-03-08T16:52:53.348+0530] {Data_analysis.py:123} INFO - Skipping file 80398099999.csv as it does not contain all required columns.
[2024-03-08T16:52:53.349+0530] {Data_analysis.py:123} INFO - Skipping file 74796099999.csv as it does not contain all required columns.
[2024-03-08T16:52:53.349+0530] {Data_analysis.py:123} INFO - Skipping file 86741099999.csv as it does not contain all required columns.
[2024-03-08T16:52:53.350+0530] {Data_analysis.py:123} INFO - Skipping file 76459399999.csv as it does not contain all required columns.
[2024-03-08T16:52:53.351+0530] {Data_analysis.py:123} INFO - Skipping file 71948599999.csv as it does not contain all required columns.
[2024-03-08T16:52:53.353+0530] {Data_analysis.py:123} INFO - Skipping file 72335013877.csv as it does not contain all required columns.
[2024-03-08T16:52:53.354+0530] {Data_analysis.py:123} INFO - Skipping file 42441099999.csv as it does not contain all required columns.
[2024-03-08T16:52:53.355+0530] {Data_analysis.py:123} INFO - Skipping file 72655454906.csv as it does not contain all required columns.
[2024-03-08T16:52:53.356+0530] {Data_analysis.py:123} INFO - Skipping file 72757594925.csv as it does not contain all required columns.
[2024-03-08T16:52:53.359+0530] {Data_analysis.py:123} INFO - Skipping file 14438099999.csv as it does not contain all required columns.
[2024-03-08T16:52:53.360+0530] {Data_analysis.py:123} INFO - Skipping file 71718099999.csv as it does not contain all required columns.
[2024-03-08T16:52:53.360+0530] {Data_analysis.py:123} INFO - Skipping file 72312263889.csv as it does not contain all required columns.
[2024-03-08T16:52:53.361+0530] {Data_analysis.py:123} INFO - Skipping file 16429099999.csv as it does not contain all required columns.
[2024-03-08T16:52:53.365+0530] {Data_analysis.py:123} INFO - Skipping file 12336099999.csv as it does not contain all required columns.
[2024-03-08T16:52:53.365+0530] {Data_analysis.py:123} INFO - Skipping file 80063099999.csv as it does not contain all required columns.
[2024-03-08T16:52:53.366+0530] {Data_analysis.py:123} INFO - Skipping file 70218526622.csv as it does not contain all required columns.
[2024-03-08T16:52:53.367+0530] {Data_analysis.py:123} INFO - Skipping file 16179099999.csv as it does not contain all required columns.
[2024-03-08T16:52:53.368+0530] {Data_analysis.py:123} INFO - Skipping file 63630099999.csv as it does not contain all required columns.
[2024-03-08T16:52:53.369+0530] {Data_analysis.py:123} INFO - Skipping file 60775099999.csv as it does not contain all required columns.
[2024-03-08T16:52:53.369+0530] {Data_analysis.py:123} INFO - Skipping file 83985099999.csv as it does not contain all required columns.
[2024-03-08T16:52:53.372+0530] {Data_analysis.py:123} INFO - Skipping file 72382523131.csv as it does not contain all required columns.
[2024-03-08T16:52:53.373+0530] {Data_analysis.py:123} INFO - Skipping file 67775099999.csv as it does not contain all required columns.
[2024-03-08T16:52:53.374+0530] {Data_analysis.py:123} INFO - Skipping file 72208204876.csv as it does not contain all required columns.
[2024-03-08T16:52:53.374+0530] {Data_analysis.py:123} INFO - Skipping file 38328599999.csv as it does not contain all required columns.
[2024-03-08T16:52:53.376+0530] {Data_analysis.py:123} INFO - Skipping file 86980099999.csv as it does not contain all required columns.
[2024-03-08T16:52:53.378+0530] {Data_analysis.py:123} INFO - Skipping file 16191099999.csv as it does not contain all required columns.
[2024-03-08T16:52:53.381+0530] {Data_analysis.py:123} INFO - Skipping file 72049800153.csv as it does not contain all required columns.
[2024-03-08T16:52:53.382+0530] {Data_analysis.py:123} INFO - Skipping file 72027803704.csv as it does not contain all required columns.
[2024-03-08T16:52:53.384+0530] {Data_analysis.py:123} INFO - Skipping file 13180099999.csv as it does not contain all required columns.
[2024-03-08T16:52:53.388+0530] {Data_analysis.py:123} INFO - Skipping file 63624099999.csv as it does not contain all required columns.
[2024-03-08T16:52:53.389+0530] {Data_analysis.py:123} INFO - Skipping file 72041400139.csv as it does not contain all required columns.
[2024-03-08T16:52:53.391+0530] {Data_analysis.py:123} INFO - Skipping file 16153099999.csv as it does not contain all required columns.
[2024-03-08T16:52:53.392+0530] {Data_analysis.py:123} INFO - Skipping file 93831099999.csv as it does not contain all required columns.
[2024-03-08T16:52:53.393+0530] {Data_analysis.py:123} INFO - Skipping file 03323399999.csv as it does not contain all required columns.
[2024-03-08T16:52:53.400+0530] {Data_analysis.py:123} INFO - Skipping file 31655099999.csv as it does not contain all required columns.
[2024-03-08T16:52:53.403+0530] {Data_analysis.py:123} INFO - Skipping file 48019099999.csv as it does not contain all required columns.
[2024-03-08T16:52:53.404+0530] {Data_analysis.py:123} INFO - Skipping file 66136199999.csv as it does not contain all required columns.
[2024-03-08T16:52:53.405+0530] {Data_analysis.py:123} INFO - Skipping file 41697099999.csv as it does not contain all required columns.
[2024-03-08T16:52:53.406+0530] {Data_analysis.py:123} INFO - Skipping file 72782724110.csv as it does not contain all required columns.
[2024-03-08T16:52:53.408+0530] {Data_analysis.py:123} INFO - Skipping file 72399014711.csv as it does not contain all required columns.
[2024-03-08T16:52:53.410+0530] {Data_analysis.py:123} INFO - Skipping file 72646754909.csv as it does not contain all required columns.
[2024-03-08T16:52:53.411+0530] {Data_analysis.py:123} INFO - Skipping file 51709099999.csv as it does not contain all required columns.
[2024-03-08T16:52:53.411+0530] {Data_analysis.py:123} INFO - Skipping file 86285099999.csv as it does not contain all required columns.
[2024-03-08T16:52:53.412+0530] {Data_analysis.py:123} INFO - Skipping file 74505653120.csv as it does not contain all required columns.
[2024-03-08T16:52:53.412+0530] {Data_analysis.py:123} INFO - Skipping file 72473700377.csv as it does not contain all required columns.
[2024-03-08T16:52:53.412+0530] {Data_analysis.py:123} INFO - Skipping file 38944099999.csv as it does not contain all required columns.
[2024-03-08T16:52:53.414+0530] {Data_analysis.py:123} INFO - Skipping file 68453399999.csv as it does not contain all required columns.
[2024-03-08T16:52:53.416+0530] {Data_analysis.py:123} INFO - Skipping file 06624099999.csv as it does not contain all required columns.
[2024-03-08T16:52:53.416+0530] {Data_analysis.py:123} INFO - Skipping file 72214863824.csv as it does not contain all required columns.
[2024-03-08T16:52:53.418+0530] {Data_analysis.py:123} INFO - Skipping file 68328099999.csv as it does not contain all required columns.
[2024-03-08T16:52:53.423+0530] {Data_analysis.py:123} INFO - Skipping file 72200654926.csv as it does not contain all required columns.
[2024-03-08T16:52:53.424+0530] {Data_analysis.py:123} INFO - Skipping file 94131099999.csv as it does not contain all required columns.
[2024-03-08T16:52:53.426+0530] {Data_analysis.py:123} INFO - Skipping file 72027493799.csv as it does not contain all required columns.
[2024-03-08T16:52:53.426+0530] {Data_analysis.py:123} INFO - Skipping file 40582099999.csv as it does not contain all required columns.
[2024-03-08T16:52:53.427+0530] {Data_analysis.py:123} INFO - Skipping file 48303399999.csv as it does not contain all required columns.
[2024-03-08T16:52:53.428+0530] {Data_analysis.py:123} INFO - Skipping file 47688099999.csv as it does not contain all required columns.
[2024-03-08T16:52:53.429+0530] {Data_analysis.py:123} INFO - Skipping file 01052099999.csv as it does not contain all required columns.
[2024-03-08T16:52:53.430+0530] {Data_analysis.py:123} INFO - Skipping file 72037492825.csv as it does not contain all required columns.
[2024-03-08T16:52:53.430+0530] {Data_analysis.py:123} INFO - Skipping file 72549404966.csv as it does not contain all required columns.
[2024-03-08T16:52:53.432+0530] {Data_analysis.py:123} INFO - Skipping file 07510099999.csv as it does not contain all required columns.
[2024-03-08T16:52:53.432+0530] {Data_analysis.py:123} INFO - Skipping file 72547604916.csv as it does not contain all required columns.
[2024-03-08T16:52:53.435+0530] {Data_analysis.py:123} INFO - Skipping file 60001099999.csv as it does not contain all required columns.
[2024-03-08T16:52:53.436+0530] {Data_analysis.py:123} INFO - Skipping file 06270099999.csv as it does not contain all required columns.
[2024-03-08T16:52:53.438+0530] {Data_analysis.py:123} INFO - Skipping file 64880099999.csv as it does not contain all required columns.
[2024-03-08T16:52:53.439+0530] {Data_analysis.py:123} INFO - Skipping file 78526500494.csv as it does not contain all required columns.
[2024-03-08T16:52:53.440+0530] {Data_analysis.py:123} INFO - Skipping file 72468903026.csv as it does not contain all required columns.
[2024-03-08T16:52:53.441+0530] {Data_analysis.py:123} INFO - Skipping file 86846099999.csv as it does not contain all required columns.
[2024-03-08T16:52:53.443+0530] {Data_analysis.py:123} INFO - Skipping file 71220099999.csv as it does not contain all required columns.
[2024-03-08T16:52:53.444+0530] {Data_analysis.py:123} INFO - Skipping file 85242099999.csv as it does not contain all required columns.
[2024-03-08T16:52:53.445+0530] {Data_analysis.py:123} INFO - Skipping file 86657099999.csv as it does not contain all required columns.
[2024-03-08T16:52:53.447+0530] {Data_analysis.py:123} INFO - Skipping file 74948400395.csv as it does not contain all required columns.
[2024-03-08T16:52:53.447+0530] {Data_analysis.py:123} INFO - Skipping file 68263099999.csv as it does not contain all required columns.
[2024-03-08T16:52:53.450+0530] {Data_analysis.py:123} INFO - Skipping file 72216804960.csv as it does not contain all required columns.
[2024-03-08T16:52:53.456+0530] {Data_analysis.py:123} INFO - Skipping file 43333099999.csv as it does not contain all required columns.
[2024-03-08T16:52:53.458+0530] {Data_analysis.py:123} INFO - Skipping file 72061999999.csv as it does not contain all required columns.
[2024-03-08T16:52:53.461+0530] {Data_analysis.py:123} INFO - Skipping file 72503794745.csv as it does not contain all required columns.
[2024-03-08T16:52:53.466+0530] {Data_analysis.py:123} INFO - Skipping file 42459099999.csv as it does not contain all required columns.
[2024-03-08T16:52:53.467+0530] {Data_analysis.py:123} INFO - Skipping file 70273026451.csv as it does not contain all required columns.
[2024-03-08T16:52:53.468+0530] {Data_analysis.py:123} INFO - Skipping file 82281099999.csv as it does not contain all required columns.
[2024-03-08T16:52:53.469+0530] {Data_analysis.py:123} INFO - Skipping file 87692099999.csv as it does not contain all required columns.
[2024-03-08T16:52:53.469+0530] {Data_analysis.py:123} INFO - Skipping file 72203412812.csv as it does not contain all required columns.
[2024-03-08T16:52:53.470+0530] {Data_analysis.py:123} INFO - Skipping file 72503014732.csv as it does not contain all required columns.
[2024-03-08T16:52:53.471+0530] {Data_analysis.py:123} INFO - Skipping file 83552099999.csv as it does not contain all required columns.
[2024-03-08T16:52:53.474+0530] {Data_analysis.py:123} INFO - Skipping file 37864099999.csv as it does not contain all required columns.
[2024-03-08T16:52:53.475+0530] {Data_analysis.py:123} INFO - Skipping file 03318099999.csv as it does not contain all required columns.
[2024-03-08T16:52:53.477+0530] {Data_analysis.py:123} INFO - Skipping file 85921299999.csv as it does not contain all required columns.
[2024-03-08T16:52:53.478+0530] {Data_analysis.py:123} INFO - Skipping file 14235099999.csv as it does not contain all required columns.
[2024-03-08T16:52:53.481+0530] {Data_analysis.py:123} INFO - Skipping file 86612099999.csv as it does not contain all required columns.
[2024-03-08T16:52:53.481+0530] {Data_analysis.py:123} INFO - Skipping file 74907799999.csv as it does not contain all required columns.
[2024-03-08T16:52:53.486+0530] {Data_analysis.py:123} INFO - Skipping file 86803099999.csv as it does not contain all required columns.
[2024-03-08T16:52:53.487+0530] {Data_analysis.py:123} INFO - Skipping file 72522404852.csv as it does not contain all required columns.
[2024-03-08T16:52:53.489+0530] {Data_analysis.py:123} INFO - Skipping file 48303499999.csv as it does not contain all required columns.
[2024-03-08T16:52:53.491+0530] {Data_analysis.py:123} INFO - Skipping file 72481023203.csv as it does not contain all required columns.
[2024-03-08T16:52:53.492+0530] {Data_analysis.py:123} INFO - Skipping file 41936099999.csv as it does not contain all required columns.
[2024-03-08T16:52:53.493+0530] {Data_analysis.py:123} INFO - Skipping file 72210703056.csv as it does not contain all required columns.
[2024-03-08T16:52:53.493+0530] {Data_analysis.py:123} INFO - Skipping file 42512099999.csv as it does not contain all required columns.
[2024-03-08T16:52:53.494+0530] {Data_analysis.py:123} INFO - Skipping file 47930099999.csv as it does not contain all required columns.
[2024-03-08T16:52:53.494+0530] {Data_analysis.py:123} INFO - Skipping file 71887099999.csv as it does not contain all required columns.
[2024-03-08T16:52:53.495+0530] {Data_analysis.py:123} INFO - Skipping file 07072099999.csv as it does not contain all required columns.
[2024-03-08T16:52:53.496+0530] {Data_analysis.py:123} INFO - Skipping file 72546214937.csv as it does not contain all required columns.
[2024-03-08T16:52:53.497+0530] {Data_analysis.py:123} INFO - Skipping file 22974099999.csv as it does not contain all required columns.
[2024-03-08T16:52:53.498+0530] {Data_analysis.py:123} INFO - Skipping file 81778099999.csv as it does not contain all required columns.
[2024-03-08T16:52:53.498+0530] {Data_analysis.py:123} INFO - Skipping file 11927199999.csv as it does not contain all required columns.
[2024-03-08T16:52:53.501+0530] {Data_analysis.py:123} INFO - Skipping file 72236192808.csv as it does not contain all required columns.
[2024-03-08T16:52:53.502+0530] {Data_analysis.py:123} INFO - Skipping file 07316099999.csv as it does not contain all required columns.
[2024-03-08T16:52:53.505+0530] {Data_analysis.py:123} INFO - Skipping file 67161099999.csv as it does not contain all required columns.
[2024-03-08T16:52:53.506+0530] {Data_analysis.py:123} INFO - Skipping file 02807599999.csv as it does not contain all required columns.
[2024-03-08T16:52:53.506+0530] {Data_analysis.py:123} INFO - Skipping file 72269200367.csv as it does not contain all required columns.
[2024-03-08T16:52:53.507+0530] {Data_analysis.py:123} INFO - Skipping file 72219503888.csv as it does not contain all required columns.
[2024-03-08T16:52:53.510+0530] {Data_analysis.py:123} INFO - Skipping file 74490494723.csv as it does not contain all required columns.
[2024-03-08T16:52:53.513+0530] {Data_analysis.py:123} INFO - Skipping file 86784099999.csv as it does not contain all required columns.
[2024-03-08T16:52:53.517+0530] {Data_analysis.py:123} INFO - Skipping file 87934099999.csv as it does not contain all required columns.
[2024-03-08T16:52:53.521+0530] {Data_analysis.py:123} INFO - Skipping file 68842099999.csv as it does not contain all required columns.
[2024-03-08T16:52:53.523+0530] {Data_analysis.py:123} INFO - Skipping file 03908499999.csv as it does not contain all required columns.
[2024-03-08T16:52:53.524+0530] {Data_analysis.py:123} INFO - Skipping file 04266099999.csv as it does not contain all required columns.
[2024-03-08T16:52:53.525+0530] {Data_analysis.py:123} INFO - Skipping file 83937099999.csv as it does not contain all required columns.
[2024-03-08T16:52:53.526+0530] {Data_analysis.py:123} INFO - Skipping file 41530099999.csv as it does not contain all required columns.
[2024-03-08T16:52:53.526+0530] {Data_analysis.py:123} INFO - Skipping file 72210900355.csv as it does not contain all required columns.
[2024-03-08T16:52:53.528+0530] {Data_analysis.py:123} INFO - Skipping file 72651594902.csv as it does not contain all required columns.
[2024-03-08T16:52:53.529+0530] {Data_analysis.py:123} INFO - Skipping file 80210099999.csv as it does not contain all required columns.
[2024-03-08T16:52:53.529+0530] {Data_analysis.py:123} INFO - Skipping file 72251512926.csv as it does not contain all required columns.
[2024-03-08T16:52:53.530+0530] {Data_analysis.py:123} INFO - Skipping file 72572424174.csv as it does not contain all required columns.
[2024-03-08T16:52:53.532+0530] {Data_analysis.py:123} INFO - Skipping file 81957099999.csv as it does not contain all required columns.
[2024-03-08T16:52:53.533+0530] {Data_analysis.py:123} INFO - Skipping file 94962099999.csv as it does not contain all required columns.
[2024-03-08T16:52:53.534+0530] {Data_analysis.py:123} INFO - Skipping file 16550099999.csv as it does not contain all required columns.
[2024-03-08T16:52:53.534+0530] {Data_analysis.py:123} INFO - Skipping file 47553099999.csv as it does not contain all required columns.
[2024-03-08T16:52:53.535+0530] {Data_analysis.py:123} INFO - Skipping file 72635800384.csv as it does not contain all required columns.
[2024-03-08T16:52:53.535+0530] {Data_analysis.py:123} INFO - Skipping file 93709099999.csv as it does not contain all required columns.
[2024-03-08T16:52:53.537+0530] {Data_analysis.py:123} INFO - Skipping file 72642604895.csv as it does not contain all required columns.
[2024-03-08T16:52:53.537+0530] {Data_analysis.py:123} INFO - Skipping file 01087999999.csv as it does not contain all required columns.
[2024-03-08T16:52:53.540+0530] {Data_analysis.py:123} INFO - Skipping file 02482099999.csv as it does not contain all required columns.
[2024-03-08T16:52:53.540+0530] {Data_analysis.py:123} INFO - Skipping file 26116099999.csv as it does not contain all required columns.
[2024-03-08T16:52:53.541+0530] {Data_analysis.py:123} INFO - Skipping file 43128099999.csv as it does not contain all required columns.
[2024-03-08T16:52:53.544+0530] {Data_analysis.py:123} INFO - Skipping file 80342099999.csv as it does not contain all required columns.
[2024-03-08T16:52:53.545+0530] {Data_analysis.py:123} INFO - Skipping file 64706099999.csv as it does not contain all required columns.
[2024-03-08T16:52:53.546+0530] {Data_analysis.py:123} INFO - Skipping file 72340693991.csv as it does not contain all required columns.
[2024-03-08T16:52:53.548+0530] {Data_analysis.py:123} INFO - Skipping file 16459099999.csv as it does not contain all required columns.
[2024-03-08T16:52:53.548+0530] {Data_analysis.py:123} INFO - Skipping file 81918099999.csv as it does not contain all required columns.
[2024-03-08T16:52:53.549+0530] {Data_analysis.py:123} INFO - Skipping file 48327099999.csv as it does not contain all required columns.
[2024-03-08T16:52:53.549+0530] {Data_analysis.py:123} INFO - Skipping file 86962099999.csv as it does not contain all required columns.
[2024-03-08T16:52:53.550+0530] {Data_analysis.py:123} INFO - Skipping file 87155099999.csv as it does not contain all required columns.
[2024-03-08T16:52:53.550+0530] {Data_analysis.py:123} INFO - Skipping file 72524504853.csv as it does not contain all required columns.
[2024-03-08T16:52:53.554+0530] {Data_analysis.py:123} INFO - Skipping file 68347099999.csv as it does not contain all required columns.
[2024-03-08T16:52:53.554+0530] {Data_analysis.py:123} INFO - Skipping file 81830099999.csv as it does not contain all required columns.
[2024-03-08T16:52:53.555+0530] {Data_analysis.py:123} INFO - Skipping file 13481199999.csv as it does not contain all required columns.
[2024-03-08T16:52:53.555+0530] {Data_analysis.py:123} INFO - Skipping file 37609099999.csv as it does not contain all required columns.
[2024-03-08T16:52:53.557+0530] {Data_analysis.py:123} INFO - Skipping file 72033900121.csv as it does not contain all required columns.
[2024-03-08T16:52:53.558+0530] {Data_analysis.py:123} INFO - Skipping file 43021099999.csv as it does not contain all required columns.
[2024-03-08T16:52:53.558+0530] {Data_analysis.py:123} INFO - Skipping file 86976099999.csv as it does not contain all required columns.
[2024-03-08T16:52:53.564+0530] {Data_analysis.py:123} INFO - Skipping file 64235099999.csv as it does not contain all required columns.
[2024-03-08T16:52:53.565+0530] {Data_analysis.py:123} INFO - Skipping file 48403099999.csv as it does not contain all required columns.
[2024-03-08T16:52:53.567+0530] {Data_analysis.py:123} INFO - Skipping file 02514099999.csv as it does not contain all required columns.
[2024-03-08T16:52:53.570+0530] {Data_analysis.py:123} INFO - Skipping file 17535099999.csv as it does not contain all required columns.
[2024-03-08T16:52:53.571+0530] {Data_analysis.py:123} INFO - Skipping file 38699099999.csv as it does not contain all required columns.
[2024-03-08T16:52:53.571+0530] {Data_analysis.py:123} INFO - Skipping file 40898099999.csv as it does not contain all required columns.
[2024-03-08T16:52:53.572+0530] {Data_analysis.py:123} INFO - Skipping file 82984099999.csv as it does not contain all required columns.
[2024-03-08T16:52:53.573+0530] {Data_analysis.py:123} INFO - Skipping file 01323099999.csv as it does not contain all required columns.
[2024-03-08T16:52:53.574+0530] {Data_analysis.py:123} INFO - Skipping file 96465099999.csv as it does not contain all required columns.
[2024-03-08T16:52:53.575+0530] {Data_analysis.py:123} INFO - Skipping file 97748099999.csv as it does not contain all required columns.
[2024-03-08T16:52:53.576+0530] {Data_analysis.py:123} INFO - Skipping file 47107099999.csv as it does not contain all required columns.
[2024-03-08T16:52:53.577+0530] {Data_analysis.py:123} INFO - Skipping file 72227454939.csv as it does not contain all required columns.
[2024-03-08T16:52:53.579+0530] {Data_analysis.py:123} INFO - Skipping file 72064600228.csv as it does not contain all required columns.
[2024-03-08T16:52:53.579+0530] {Data_analysis.py:123} INFO - Skipping file 68442099999.csv as it does not contain all required columns.
[2024-03-08T16:52:53.580+0530] {Data_analysis.py:123} INFO - Skipping file 07524099999.csv as it does not contain all required columns.
[2024-03-08T16:52:53.581+0530] {Data_analysis.py:123} INFO - Skipping file 86853099999.csv as it does not contain all required columns.
[2024-03-08T16:52:53.582+0530] {Data_analysis.py:123} INFO - Skipping file 72288703180.csv as it does not contain all required columns.
[2024-03-08T16:52:53.583+0530] {Data_analysis.py:123} INFO - Skipping file 72551304901.csv as it does not contain all required columns.
[2024-03-08T16:52:53.584+0530] {Data_analysis.py:123} INFO - Skipping file 59287199999.csv as it does not contain all required columns.
[2024-03-08T16:52:53.586+0530] {Data_analysis.py:123} INFO - Skipping file 72216453949.csv as it does not contain all required columns.
[2024-03-08T16:52:53.587+0530] {Data_analysis.py:123} INFO - Skipping file 14445099999.csv as it does not contain all required columns.
[2024-03-08T16:52:53.588+0530] {Data_analysis.py:123} INFO - Skipping file 83842099999.csv as it does not contain all required columns.
[2024-03-08T16:52:53.590+0530] {Data_analysis.py:123} INFO - Skipping file 47055099999.csv as it does not contain all required columns.
[2024-03-08T16:52:53.591+0530] {Data_analysis.py:123} INFO - Skipping file 59658099999.csv as it does not contain all required columns.
[2024-03-08T16:52:53.595+0530] {python.py:202} INFO - Done. Returned value was: None
[2024-03-08T16:52:53.596+0530] {taskinstance.py:1149} INFO - Marking task as SUCCESS. dag_id=weather_data_pipeline, task_id=Comb_data_loc, execution_date=20240308T075350, start_date=20240308T112252, end_date=20240308T112253
[2024-03-08T16:52:53.624+0530] {local_task_job_runner.py:234} INFO - Task exited with return code 0
[2024-03-08T16:52:53.629+0530] {taskinstance.py:3309} INFO - 1 downstream tasks scheduled from follow-on schedule check
