[2024-03-03T09:58:47.094+0530] {taskinstance.py:1979} INFO - Dependencies all met for dep_context=non-requeueable deps ti=<TaskInstance: weather_data_pipeline.compute_averages scheduled__2024-03-02T00:33:00+00:00 [queued]>
[2024-03-03T09:58:47.096+0530] {taskinstance.py:1979} INFO - Dependencies all met for dep_context=requeueable deps ti=<TaskInstance: weather_data_pipeline.compute_averages scheduled__2024-03-02T00:33:00+00:00 [queued]>
[2024-03-03T09:58:47.096+0530] {taskinstance.py:2193} INFO - Starting attempt 3 of 4
[2024-03-03T09:58:47.100+0530] {taskinstance.py:2214} INFO - Executing <Task(PythonOperator): compute_averages> on 2024-03-02 00:33:00+00:00
[2024-03-03T09:58:47.103+0530] {standard_task_runner.py:60} INFO - Started process 1936 to run task
[2024-03-03T09:58:47.105+0530] {standard_task_runner.py:87} INFO - Running: ['airflow', 'tasks', 'run', 'weather_data_pipeline', 'compute_averages', 'scheduled__2024-03-02T00:33:00+00:00', '--job-id', '451', '--raw', '--subdir', 'DAGS_FOLDER/Data_analysis.py', '--cfg-path', '/var/folders/th/tnjyp6yd1cj78nysn5t4jl6h0000gn/T/tmpcqucaq4n']
[2024-03-03T09:58:47.106+0530] {standard_task_runner.py:88} INFO - Job 451: Subtask compute_averages
[2024-03-03T09:58:47.120+0530] {task_command.py:423} INFO - Running <TaskInstance: weather_data_pipeline.compute_averages scheduled__2024-03-02T00:33:00+00:00 [running]> on host aniks-macbook-air.local
[2024-03-03T09:58:47.135+0530] {taskinstance.py:2510} INFO - Exporting env vars: AIRFLOW_CTX_DAG_OWNER='airflow' AIRFLOW_CTX_DAG_ID='weather_data_pipeline' AIRFLOW_CTX_TASK_ID='compute_averages' AIRFLOW_CTX_EXECUTION_DATE='2024-03-02T00:33:00+00:00' AIRFLOW_CTX_TRY_NUMBER='3' AIRFLOW_CTX_DAG_RUN_ID='scheduled__2024-03-02T00:33:00+00:00'
[2024-03-03T09:58:47.136+0530] {pipeline.py:196} INFO - Missing pipeline option (runner). Executing pipeline using the default runner: DirectRunner.
[2024-03-03T09:58:47.195+0530] {translations.py:712} INFO - ==================== <function annotate_downstream_side_inputs at 0x14ec76660> ====================
[2024-03-03T09:58:47.195+0530] {translations.py:712} INFO - ==================== <function fix_side_input_pcoll_coders at 0x14ec767a0> ====================
[2024-03-03T09:58:47.195+0530] {translations.py:712} INFO - ==================== <function pack_combiners at 0x14ec76d40> ====================
[2024-03-03T09:58:47.195+0530] {translations.py:712} INFO - ==================== <function lift_combiners at 0x14ec76de0> ====================
[2024-03-03T09:58:47.195+0530] {translations.py:712} INFO - ==================== <function expand_sdf at 0x14ec76fc0> ====================
[2024-03-03T09:58:47.196+0530] {translations.py:712} INFO - ==================== <function expand_gbk at 0x14ec77060> ====================
[2024-03-03T09:58:47.196+0530] {translations.py:712} INFO - ==================== <function sink_flattens at 0x14ec771a0> ====================
[2024-03-03T09:58:47.196+0530] {translations.py:712} INFO - ==================== <function greedily_fuse at 0x14ec77240> ====================
[2024-03-03T09:58:47.196+0530] {translations.py:712} INFO - ==================== <function read_to_impulse at 0x14ec772e0> ====================
[2024-03-03T09:58:47.196+0530] {translations.py:712} INFO - ==================== <function impulse_to_input at 0x14ec77380> ====================
[2024-03-03T09:58:47.196+0530] {translations.py:712} INFO - ==================== <function sort_stages at 0x14ec77600> ====================
[2024-03-03T09:58:47.196+0530] {translations.py:712} INFO - ==================== <function add_impulse_to_dangling_transforms at 0x14ec77740> ====================
[2024-03-03T09:58:47.197+0530] {translations.py:712} INFO - ==================== <function setup_timer_mapping at 0x14ec77560> ====================
[2024-03-03T09:58:47.197+0530] {translations.py:712} INFO - ==================== <function populate_data_channel_coders at 0x14ec776a0> ====================
[2024-03-03T09:58:47.197+0530] {statecache.py:234} INFO - Creating state cache with size 104857600
[2024-03-03T09:58:47.197+0530] {worker_handlers.py:922} INFO - Created Worker handler <apache_beam.runners.portability.fn_api_runner.worker_handlers.EmbeddedWorkerHandler object at 0x14ed501d0> for environment ref_Environment_default_environment_1 (beam:env:embedded_python:v1, b'')
[2024-03-03T09:58:47.237+0530] {logging_mixin.py:188} WARNING - /Users/anikbhowmick/Python/Big_Data_Assignment/A02/airflow_env/airflow/dags/Data_analysis.py:72 DtypeWarning: Columns (5) have mixed types. Specify dtype option on import or set low_memory=False.
[2024-03-03T09:58:47.350+0530] {python.py:202} INFO - Done. Returned value was: None
[2024-03-03T09:58:47.352+0530] {taskinstance.py:1149} INFO - Marking task as SUCCESS. dag_id=weather_data_pipeline, task_id=compute_averages, execution_date=20240302T003300, start_date=20240303T042847, end_date=20240303T042847
[2024-03-03T09:58:47.391+0530] {local_task_job_runner.py:234} INFO - Task exited with return code 0
[2024-03-03T09:58:47.396+0530] {taskinstance.py:3309} INFO - 0 downstream tasks scheduled from follow-on schedule check
