[2024-03-03T11:32:42.349+0530] {taskinstance.py:1979} INFO - Dependencies all met for dep_context=non-requeueable deps ti=<TaskInstance: weather_data_pipeline.unzip_archive scheduled__2024-03-02T00:33:00+00:00 [queued]>
[2024-03-03T11:32:42.351+0530] {taskinstance.py:1979} INFO - Dependencies all met for dep_context=requeueable deps ti=<TaskInstance: weather_data_pipeline.unzip_archive scheduled__2024-03-02T00:33:00+00:00 [queued]>
[2024-03-03T11:32:42.351+0530] {taskinstance.py:2193} INFO - Starting attempt 6 of 7
[2024-03-03T11:32:42.356+0530] {taskinstance.py:2214} INFO - Executing <Task(BashOperator): unzip_archive> on 2024-03-02 00:33:00+00:00
[2024-03-03T11:32:42.360+0530] {standard_task_runner.py:60} INFO - Started process 5899 to run task
[2024-03-03T11:32:42.362+0530] {standard_task_runner.py:87} INFO - Running: ['airflow', 'tasks', 'run', 'weather_data_pipeline', 'unzip_archive', 'scheduled__2024-03-02T00:33:00+00:00', '--job-id', '465', '--raw', '--subdir', 'DAGS_FOLDER/Data_analysis.py', '--cfg-path', '/var/folders/th/tnjyp6yd1cj78nysn5t4jl6h0000gn/T/tmp2cwmlzi6']
[2024-03-03T11:32:42.363+0530] {standard_task_runner.py:88} INFO - Job 465: Subtask unzip_archive
[2024-03-03T11:32:42.377+0530] {task_command.py:423} INFO - Running <TaskInstance: weather_data_pipeline.unzip_archive scheduled__2024-03-02T00:33:00+00:00 [running]> on host aniks-macbook-air.local
[2024-03-03T11:32:42.392+0530] {taskinstance.py:2510} INFO - Exporting env vars: AIRFLOW_CTX_DAG_OWNER='airflow' AIRFLOW_CTX_DAG_ID='weather_data_pipeline' AIRFLOW_CTX_TASK_ID='unzip_archive' AIRFLOW_CTX_EXECUTION_DATE='2024-03-02T00:33:00+00:00' AIRFLOW_CTX_TRY_NUMBER='6' AIRFLOW_CTX_DAG_RUN_ID='scheduled__2024-03-02T00:33:00+00:00'
[2024-03-03T11:32:42.393+0530] {subprocess.py:63} INFO - Tmp dir root location: /var/folders/th/tnjyp6yd1cj78nysn5t4jl6h0000gn/T
[2024-03-03T11:32:42.393+0530] {subprocess.py:75} INFO - Running command: ['/bin/bash', '-c', 'mkdir -p /Users/anikbhowmick/Python/Big_Data_Assignment/A02/airflow_env/Data_storage/2023_data && unzip -o /Users/anikbhowmick/Python/Big_Data_Assignment/A02/airflow_env/Data_storage/2023_data.zip -d /Users/anikbhowmick/Python/Big_Data_Assignment/A02/airflow_env/Data_storage/2023_data/']
[2024-03-03T11:32:42.396+0530] {subprocess.py:86} INFO - Output:
[2024-03-03T11:32:42.404+0530] {subprocess.py:93} INFO - Archive:  /Users/anikbhowmick/Python/Big_Data_Assignment/A02/airflow_env/Data_storage/2023_data.zip
[2024-03-03T11:32:42.429+0530] {subprocess.py:93} INFO -  extracting: /Users/anikbhowmick/Python/Big_Data_Assignment/A02/airflow_env/Data_storage/2023_data/40670099999.csv
[2024-03-03T11:32:42.506+0530] {subprocess.py:93} INFO -  extracting: /Users/anikbhowmick/Python/Big_Data_Assignment/A02/airflow_env/Data_storage/2023_data/94612099999.csv
[2024-03-03T11:32:42.508+0530] {subprocess.py:93} INFO -  extracting: /Users/anikbhowmick/Python/Big_Data_Assignment/A02/airflow_env/Data_storage/2023_data/42715099999.csv
[2024-03-03T11:32:42.530+0530] {subprocess.py:93} INFO -  extracting: /Users/anikbhowmick/Python/Big_Data_Assignment/A02/airflow_env/Data_storage/2023_data/99821699999.csv
[2024-03-03T11:32:42.553+0530] {subprocess.py:93} INFO -  extracting: /Users/anikbhowmick/Python/Big_Data_Assignment/A02/airflow_env/Data_storage/2023_data/99728799999.csv
[2024-03-03T11:32:42.563+0530] {subprocess.py:93} INFO -  extracting: /Users/anikbhowmick/Python/Big_Data_Assignment/A02/airflow_env/Data_storage/2023_data/48430099999.csv
[2024-03-03T11:32:42.785+0530] {subprocess.py:93} INFO -  extracting: /Users/anikbhowmick/Python/Big_Data_Assignment/A02/airflow_env/Data_storage/2023_data/99999996407.csv
[2024-03-03T11:32:42.825+0530] {subprocess.py:93} INFO -  extracting: /Users/anikbhowmick/Python/Big_Data_Assignment/A02/airflow_env/Data_storage/2023_data/71964099999.csv
[2024-03-03T11:32:42.847+0530] {subprocess.py:93} INFO -  extracting: /Users/anikbhowmick/Python/Big_Data_Assignment/A02/airflow_env/Data_storage/2023_data/95867099999.csv
[2024-03-03T11:32:42.857+0530] {subprocess.py:93} INFO -  extracting: /Users/anikbhowmick/Python/Big_Data_Assignment/A02/airflow_env/Data_storage/2023_data/47022099999.csv
[2024-03-03T11:32:42.858+0530] {subprocess.py:93} INFO -  extracting: /Users/anikbhowmick/Python/Big_Data_Assignment/A02/airflow_env/Data_storage/2023_data/31995099999.csv
[2024-03-03T11:32:42.877+0530] {subprocess.py:93} INFO -  extracting: /Users/anikbhowmick/Python/Big_Data_Assignment/A02/airflow_env/Data_storage/2023_data/47409099999.csv
[2024-03-03T11:32:42.885+0530] {subprocess.py:93} INFO -  extracting: /Users/anikbhowmick/Python/Big_Data_Assignment/A02/airflow_env/Data_storage/2023_data/43314099999.csv
[2024-03-03T11:32:42.893+0530] {subprocess.py:93} INFO -  extracting: /Users/anikbhowmick/Python/Big_Data_Assignment/A02/airflow_env/Data_storage/2023_data/22951099999.csv
[2024-03-03T11:32:42.898+0530] {subprocess.py:93} INFO -  extracting: /Users/anikbhowmick/Python/Big_Data_Assignment/A02/airflow_env/Data_storage/2023_data/42483099999.csv
[2024-03-03T11:32:42.921+0530] {subprocess.py:93} INFO -  extracting: /Users/anikbhowmick/Python/Big_Data_Assignment/A02/airflow_env/Data_storage/2023_data/42309099999.csv
[2024-03-03T11:32:42.924+0530] {subprocess.py:93} INFO -  extracting: /Users/anikbhowmick/Python/Big_Data_Assignment/A02/airflow_env/Data_storage/2023_data/43341099999.csv
[2024-03-03T11:32:42.938+0530] {subprocess.py:93} INFO -  extracting: /Users/anikbhowmick/Python/Big_Data_Assignment/A02/airflow_env/Data_storage/2023_data/54405099999.csv
[2024-03-03T11:32:42.977+0530] {subprocess.py:93} INFO -  extracting: /Users/anikbhowmick/Python/Big_Data_Assignment/A02/airflow_env/Data_storage/2023_data/72537714804.csv
[2024-03-03T11:32:43.001+0530] {subprocess.py:93} INFO -  extracting: /Users/anikbhowmick/Python/Big_Data_Assignment/A02/airflow_env/Data_storage/2023_data/95305099999.csv
[2024-03-03T11:32:43.002+0530] {subprocess.py:97} INFO - Command exited with return code 0
[2024-03-03T11:32:43.014+0530] {taskinstance.py:1149} INFO - Marking task as SUCCESS. dag_id=weather_data_pipeline, task_id=unzip_archive, execution_date=20240302T003300, start_date=20240303T060242, end_date=20240303T060243
[2024-03-03T11:32:43.051+0530] {local_task_job_runner.py:234} INFO - Task exited with return code 0
[2024-03-03T11:32:43.063+0530] {taskinstance.py:3309} INFO - 1 downstream tasks scheduled from follow-on schedule check
