[2024-03-03T22:03:13.264+0530] {taskinstance.py:1979} INFO - Dependencies all met for dep_context=non-requeueable deps ti=<TaskInstance: weather_data_pipeline.unzip_archive scheduled__2024-03-02T00:33:00+00:00 [queued]>
[2024-03-03T22:03:13.267+0530] {taskinstance.py:1979} INFO - Dependencies all met for dep_context=requeueable deps ti=<TaskInstance: weather_data_pipeline.unzip_archive scheduled__2024-03-02T00:33:00+00:00 [queued]>
[2024-03-03T22:03:13.267+0530] {taskinstance.py:2193} INFO - Starting attempt 13 of 14
[2024-03-03T22:03:13.271+0530] {taskinstance.py:2214} INFO - Executing <Task(BashOperator): unzip_archive> on 2024-03-02 00:33:00+00:00
[2024-03-03T22:03:13.274+0530] {standard_task_runner.py:60} INFO - Started process 2637 to run task
[2024-03-03T22:03:13.277+0530] {standard_task_runner.py:87} INFO - Running: ['airflow', 'tasks', 'run', 'weather_data_pipeline', 'unzip_archive', 'scheduled__2024-03-02T00:33:00+00:00', '--job-id', '531', '--raw', '--subdir', 'DAGS_FOLDER/Data_analysis.py', '--cfg-path', '/var/folders/th/tnjyp6yd1cj78nysn5t4jl6h0000gn/T/tmpn_6d_7do']
[2024-03-03T22:03:13.277+0530] {standard_task_runner.py:88} INFO - Job 531: Subtask unzip_archive
[2024-03-03T22:03:13.292+0530] {task_command.py:423} INFO - Running <TaskInstance: weather_data_pipeline.unzip_archive scheduled__2024-03-02T00:33:00+00:00 [running]> on host aniks-macbook-air.local
[2024-03-03T22:03:13.307+0530] {taskinstance.py:2510} INFO - Exporting env vars: AIRFLOW_CTX_DAG_OWNER='airflow' AIRFLOW_CTX_DAG_ID='weather_data_pipeline' AIRFLOW_CTX_TASK_ID='unzip_archive' AIRFLOW_CTX_EXECUTION_DATE='2024-03-02T00:33:00+00:00' AIRFLOW_CTX_TRY_NUMBER='13' AIRFLOW_CTX_DAG_RUN_ID='scheduled__2024-03-02T00:33:00+00:00'
[2024-03-03T22:03:13.308+0530] {subprocess.py:63} INFO - Tmp dir root location: /var/folders/th/tnjyp6yd1cj78nysn5t4jl6h0000gn/T
[2024-03-03T22:03:13.308+0530] {subprocess.py:75} INFO - Running command: ['/bin/bash', '-c', 'mkdir -p /Users/anikbhowmick/Python/Big_Data_Assignment/A02/airflow_env/Data_storage/2024_data && unzip -o /Users/anikbhowmick/Python/Big_Data_Assignment/A02/airflow_env/Data_storage/2024_data.zip -d /Users/anikbhowmick/Python/Big_Data_Assignment/A02/airflow_env/Data_storage/2024_data/']
[2024-03-03T22:03:13.311+0530] {subprocess.py:86} INFO - Output:
[2024-03-03T22:03:13.319+0530] {subprocess.py:93} INFO - Archive:  /Users/anikbhowmick/Python/Big_Data_Assignment/A02/airflow_env/Data_storage/2024_data.zip
[2024-03-03T22:03:13.328+0530] {subprocess.py:93} INFO -  extracting: /Users/anikbhowmick/Python/Big_Data_Assignment/A02/airflow_env/Data_storage/2024_data/99799699999.csv
[2024-03-03T22:03:13.328+0530] {subprocess.py:93} INFO -  extracting: /Users/anikbhowmick/Python/Big_Data_Assignment/A02/airflow_env/Data_storage/2024_data/91754099999.csv
[2024-03-03T22:03:13.334+0530] {subprocess.py:93} INFO -  extracting: /Users/anikbhowmick/Python/Big_Data_Assignment/A02/airflow_env/Data_storage/2024_data/99817199999.csv
[2024-03-03T22:03:13.336+0530] {subprocess.py:93} INFO -  extracting: /Users/anikbhowmick/Python/Big_Data_Assignment/A02/airflow_env/Data_storage/2024_data/26447099999.csv
[2024-03-03T22:03:13.356+0530] {subprocess.py:93} INFO -  extracting: /Users/anikbhowmick/Python/Big_Data_Assignment/A02/airflow_env/Data_storage/2024_data/06270099999.csv
[2024-03-03T22:03:13.356+0530] {subprocess.py:93} INFO -  extracting: /Users/anikbhowmick/Python/Big_Data_Assignment/A02/airflow_env/Data_storage/2024_data/83997099999.csv
[2024-03-03T22:03:13.356+0530] {subprocess.py:93} INFO -  extracting: /Users/anikbhowmick/Python/Big_Data_Assignment/A02/airflow_env/Data_storage/2024_data/16436099999.csv
[2024-03-03T22:03:13.363+0530] {subprocess.py:93} INFO -  extracting: /Users/anikbhowmick/Python/Big_Data_Assignment/A02/airflow_env/Data_storage/2024_data/72287493134.csv
[2024-03-03T22:03:13.376+0530] {subprocess.py:93} INFO -  extracting: /Users/anikbhowmick/Python/Big_Data_Assignment/A02/airflow_env/Data_storage/2024_data/72417503802.csv
[2024-03-03T22:03:13.377+0530] {subprocess.py:93} INFO -  extracting: /Users/anikbhowmick/Python/Big_Data_Assignment/A02/airflow_env/Data_storage/2024_data/87688099999.csv
[2024-03-03T22:03:13.388+0530] {subprocess.py:93} INFO -  extracting: /Users/anikbhowmick/Python/Big_Data_Assignment/A02/airflow_env/Data_storage/2024_data/72207853938.csv
[2024-03-03T22:03:13.389+0530] {subprocess.py:93} INFO -  extracting: /Users/anikbhowmick/Python/Big_Data_Assignment/A02/airflow_env/Data_storage/2024_data/02219099999.csv
[2024-03-03T22:03:13.390+0530] {subprocess.py:93} INFO -  extracting: /Users/anikbhowmick/Python/Big_Data_Assignment/A02/airflow_env/Data_storage/2024_data/23339099999.csv
[2024-03-03T22:03:13.402+0530] {subprocess.py:93} INFO -  extracting: /Users/anikbhowmick/Python/Big_Data_Assignment/A02/airflow_env/Data_storage/2024_data/71736799999.csv
[2024-03-03T22:03:13.407+0530] {subprocess.py:93} INFO -  extracting: /Users/anikbhowmick/Python/Big_Data_Assignment/A02/airflow_env/Data_storage/2024_data/65660099999.csv
[2024-03-03T22:03:13.419+0530] {subprocess.py:93} INFO -  extracting: /Users/anikbhowmick/Python/Big_Data_Assignment/A02/airflow_env/Data_storage/2024_data/07093099999.csv
[2024-03-03T22:03:13.422+0530] {subprocess.py:93} INFO -  extracting: /Users/anikbhowmick/Python/Big_Data_Assignment/A02/airflow_env/Data_storage/2024_data/13463099999.csv
[2024-03-03T22:03:13.427+0530] {subprocess.py:93} INFO -  extracting: /Users/anikbhowmick/Python/Big_Data_Assignment/A02/airflow_env/Data_storage/2024_data/26544099999.csv
[2024-03-03T22:03:13.432+0530] {subprocess.py:93} INFO -  extracting: /Users/anikbhowmick/Python/Big_Data_Assignment/A02/airflow_env/Data_storage/2024_data/38933099999.csv
[2024-03-03T22:03:13.434+0530] {subprocess.py:93} INFO -  extracting: /Users/anikbhowmick/Python/Big_Data_Assignment/A02/airflow_env/Data_storage/2024_data/22602099999.csv
[2024-03-03T22:03:13.444+0530] {subprocess.py:93} INFO -  extracting: /Users/anikbhowmick/Python/Big_Data_Assignment/A02/airflow_env/Data_storage/2024_data/34560099999.csv
[2024-03-03T22:03:13.455+0530] {subprocess.py:93} INFO -  extracting: /Users/anikbhowmick/Python/Big_Data_Assignment/A02/airflow_env/Data_storage/2024_data/72098299999.csv
[2024-03-03T22:03:13.457+0530] {subprocess.py:93} INFO -  extracting: /Users/anikbhowmick/Python/Big_Data_Assignment/A02/airflow_env/Data_storage/2024_data/31909099999.csv
[2024-03-03T22:03:13.460+0530] {subprocess.py:93} INFO -  extracting: /Users/anikbhowmick/Python/Big_Data_Assignment/A02/airflow_env/Data_storage/2024_data/99801299999.csv
[2024-03-03T22:03:13.461+0530] {subprocess.py:93} INFO -  extracting: /Users/anikbhowmick/Python/Big_Data_Assignment/A02/airflow_env/Data_storage/2024_data/27532099999.csv
[2024-03-03T22:03:13.466+0530] {subprocess.py:93} INFO -  extracting: /Users/anikbhowmick/Python/Big_Data_Assignment/A02/airflow_env/Data_storage/2024_data/11683099999.csv
[2024-03-03T22:03:13.470+0530] {subprocess.py:93} INFO -  extracting: /Users/anikbhowmick/Python/Big_Data_Assignment/A02/airflow_env/Data_storage/2024_data/01065099999.csv
[2024-03-03T22:03:13.471+0530] {subprocess.py:93} INFO -  extracting: /Users/anikbhowmick/Python/Big_Data_Assignment/A02/airflow_env/Data_storage/2024_data/24679099999.csv
[2024-03-03T22:03:13.473+0530] {subprocess.py:93} INFO -  extracting: /Users/anikbhowmick/Python/Big_Data_Assignment/A02/airflow_env/Data_storage/2024_data/59838099999.csv
[2024-03-03T22:03:13.486+0530] {subprocess.py:93} INFO -  extracting: /Users/anikbhowmick/Python/Big_Data_Assignment/A02/airflow_env/Data_storage/2024_data/72071700442.csv
[2024-03-03T22:03:13.488+0530] {subprocess.py:93} INFO -  extracting: /Users/anikbhowmick/Python/Big_Data_Assignment/A02/airflow_env/Data_storage/2024_data/57712099999.csv
[2024-03-03T22:03:13.488+0530] {subprocess.py:93} INFO -  extracting: /Users/anikbhowmick/Python/Big_Data_Assignment/A02/airflow_env/Data_storage/2024_data/01418099999.csv
[2024-03-03T22:03:13.491+0530] {subprocess.py:93} INFO -  extracting: /Users/anikbhowmick/Python/Big_Data_Assignment/A02/airflow_env/Data_storage/2024_data/40789099999.csv
[2024-03-03T22:03:13.495+0530] {subprocess.py:93} INFO -  extracting: /Users/anikbhowmick/Python/Big_Data_Assignment/A02/airflow_env/Data_storage/2024_data/02931099999.csv
[2024-03-03T22:03:13.498+0530] {subprocess.py:93} INFO -  extracting: /Users/anikbhowmick/Python/Big_Data_Assignment/A02/airflow_env/Data_storage/2024_data/94207099999.csv
[2024-03-03T22:03:13.502+0530] {subprocess.py:93} INFO -  extracting: /Users/anikbhowmick/Python/Big_Data_Assignment/A02/airflow_env/Data_storage/2024_data/06722099999.csv
[2024-03-03T22:03:13.504+0530] {subprocess.py:93} INFO -  extracting: /Users/anikbhowmick/Python/Big_Data_Assignment/A02/airflow_env/Data_storage/2024_data/56951099999.csv
[2024-03-03T22:03:13.505+0530] {subprocess.py:93} INFO -  extracting: /Users/anikbhowmick/Python/Big_Data_Assignment/A02/airflow_env/Data_storage/2024_data/48944099999.csv
[2024-03-03T22:03:13.508+0530] {subprocess.py:93} INFO -  extracting: /Users/anikbhowmick/Python/Big_Data_Assignment/A02/airflow_env/Data_storage/2024_data/68267099999.csv
[2024-03-03T22:03:13.517+0530] {subprocess.py:93} INFO -  extracting: /Users/anikbhowmick/Python/Big_Data_Assignment/A02/airflow_env/Data_storage/2024_data/01347099999.csv
[2024-03-03T22:03:13.525+0530] {subprocess.py:93} INFO -  extracting: /Users/anikbhowmick/Python/Big_Data_Assignment/A02/airflow_env/Data_storage/2024_data/72061600207.csv
[2024-03-03T22:03:13.531+0530] {subprocess.py:93} INFO -  extracting: /Users/anikbhowmick/Python/Big_Data_Assignment/A02/airflow_env/Data_storage/2024_data/72403603710.csv
[2024-03-03T22:03:13.532+0530] {subprocess.py:93} INFO -  extracting: /Users/anikbhowmick/Python/Big_Data_Assignment/A02/airflow_env/Data_storage/2024_data/17072099999.csv
[2024-03-03T22:03:13.533+0530] {subprocess.py:93} INFO -  extracting: /Users/anikbhowmick/Python/Big_Data_Assignment/A02/airflow_env/Data_storage/2024_data/04351099999.csv
[2024-03-03T22:03:13.536+0530] {subprocess.py:93} INFO -  extracting: /Users/anikbhowmick/Python/Big_Data_Assignment/A02/airflow_env/Data_storage/2024_data/36061099999.csv
[2024-03-03T22:03:13.542+0530] {subprocess.py:93} INFO -  extracting: /Users/anikbhowmick/Python/Big_Data_Assignment/A02/airflow_env/Data_storage/2024_data/70063727406.csv
[2024-03-03T22:03:13.549+0530] {subprocess.py:93} INFO -  extracting: /Users/anikbhowmick/Python/Big_Data_Assignment/A02/airflow_env/Data_storage/2024_data/72495593227.csv
[2024-03-03T22:03:13.553+0530] {subprocess.py:93} INFO -  extracting: /Users/anikbhowmick/Python/Big_Data_Assignment/A02/airflow_env/Data_storage/2024_data/93721099999.csv
[2024-03-03T22:03:13.554+0530] {subprocess.py:93} INFO -  extracting: /Users/anikbhowmick/Python/Big_Data_Assignment/A02/airflow_env/Data_storage/2024_data/27296099999.csv
[2024-03-03T22:03:13.559+0530] {subprocess.py:93} INFO -  extracting: /Users/anikbhowmick/Python/Big_Data_Assignment/A02/airflow_env/Data_storage/2024_data/71781099999.csv
[2024-03-03T22:03:13.567+0530] {subprocess.py:93} INFO -  extracting: /Users/anikbhowmick/Python/Big_Data_Assignment/A02/airflow_env/Data_storage/2024_data/02526099999.csv
[2024-03-03T22:03:13.570+0530] {subprocess.py:93} INFO -  extracting: /Users/anikbhowmick/Python/Big_Data_Assignment/A02/airflow_env/Data_storage/2024_data/81994099999.csv
[2024-03-03T22:03:13.579+0530] {subprocess.py:93} INFO -  extracting: /Users/anikbhowmick/Python/Big_Data_Assignment/A02/airflow_env/Data_storage/2024_data/72293453121.csv
[2024-03-03T22:03:13.592+0530] {subprocess.py:93} INFO -  extracting: /Users/anikbhowmick/Python/Big_Data_Assignment/A02/airflow_env/Data_storage/2024_data/94956099999.csv
[2024-03-03T22:03:13.604+0530] {subprocess.py:93} INFO -  extracting: /Users/anikbhowmick/Python/Big_Data_Assignment/A02/airflow_env/Data_storage/2024_data/87934099999.csv
[2024-03-03T22:03:13.610+0530] {subprocess.py:93} INFO -  extracting: /Users/anikbhowmick/Python/Big_Data_Assignment/A02/airflow_env/Data_storage/2024_data/95614099999.csv
[2024-03-03T22:03:13.614+0530] {subprocess.py:93} INFO -  extracting: /Users/anikbhowmick/Python/Big_Data_Assignment/A02/airflow_env/Data_storage/2024_data/86895099999.csv
[2024-03-03T22:03:13.623+0530] {subprocess.py:93} INFO -  extracting: /Users/anikbhowmick/Python/Big_Data_Assignment/A02/airflow_env/Data_storage/2024_data/68242099999.csv
[2024-03-03T22:03:13.626+0530] {subprocess.py:93} INFO -  extracting: /Users/anikbhowmick/Python/Big_Data_Assignment/A02/airflow_env/Data_storage/2024_data/22892099999.csv
[2024-03-03T22:03:13.632+0530] {subprocess.py:93} INFO -  extracting: /Users/anikbhowmick/Python/Big_Data_Assignment/A02/airflow_env/Data_storage/2024_data/15317099999.csv
[2024-03-03T22:03:13.638+0530] {subprocess.py:93} INFO -  extracting: /Users/anikbhowmick/Python/Big_Data_Assignment/A02/airflow_env/Data_storage/2024_data/72248953911.csv
[2024-03-03T22:03:13.645+0530] {subprocess.py:93} INFO -  extracting: /Users/anikbhowmick/Python/Big_Data_Assignment/A02/airflow_env/Data_storage/2024_data/72224754785.csv
[2024-03-03T22:03:13.649+0530] {subprocess.py:93} INFO -  extracting: /Users/anikbhowmick/Python/Big_Data_Assignment/A02/airflow_env/Data_storage/2024_data/94188099999.csv
[2024-03-03T22:03:13.659+0530] {subprocess.py:93} INFO -  extracting: /Users/anikbhowmick/Python/Big_Data_Assignment/A02/airflow_env/Data_storage/2024_data/13183099999.csv
[2024-03-03T22:03:13.667+0530] {subprocess.py:93} INFO -  extracting: /Users/anikbhowmick/Python/Big_Data_Assignment/A02/airflow_env/Data_storage/2024_data/25745099999.csv
[2024-03-03T22:03:13.668+0530] {subprocess.py:93} INFO -  extracting: /Users/anikbhowmick/Python/Big_Data_Assignment/A02/airflow_env/Data_storage/2024_data/57993099999.csv
[2024-03-03T22:03:13.674+0530] {subprocess.py:93} INFO -  extracting: /Users/anikbhowmick/Python/Big_Data_Assignment/A02/airflow_env/Data_storage/2024_data/99497399999.csv
[2024-03-03T22:03:13.680+0530] {subprocess.py:93} INFO -  extracting: /Users/anikbhowmick/Python/Big_Data_Assignment/A02/airflow_env/Data_storage/2024_data/95458099999.csv
[2024-03-03T22:03:13.685+0530] {subprocess.py:93} INFO -  extracting: /Users/anikbhowmick/Python/Big_Data_Assignment/A02/airflow_env/Data_storage/2024_data/72096513910.csv
[2024-03-03T22:03:13.689+0530] {subprocess.py:93} INFO -  extracting: /Users/anikbhowmick/Python/Big_Data_Assignment/A02/airflow_env/Data_storage/2024_data/42562099999.csv
[2024-03-03T22:03:13.693+0530] {subprocess.py:93} INFO -  extracting: /Users/anikbhowmick/Python/Big_Data_Assignment/A02/airflow_env/Data_storage/2024_data/17155099999.csv
[2024-03-03T22:03:13.698+0530] {subprocess.py:93} INFO -  extracting: /Users/anikbhowmick/Python/Big_Data_Assignment/A02/airflow_env/Data_storage/2024_data/06286099999.csv
[2024-03-03T22:03:13.708+0530] {subprocess.py:93} INFO -  extracting: /Users/anikbhowmick/Python/Big_Data_Assignment/A02/airflow_env/Data_storage/2024_data/11423299999.csv
[2024-03-03T22:03:13.708+0530] {subprocess.py:93} INFO -  extracting: /Users/anikbhowmick/Python/Big_Data_Assignment/A02/airflow_env/Data_storage/2024_data/07791099999.csv
[2024-03-03T22:03:13.712+0530] {subprocess.py:93} INFO -  extracting: /Users/anikbhowmick/Python/Big_Data_Assignment/A02/airflow_env/Data_storage/2024_data/94754099999.csv
[2024-03-03T22:03:13.715+0530] {subprocess.py:93} INFO -  extracting: /Users/anikbhowmick/Python/Big_Data_Assignment/A02/airflow_env/Data_storage/2024_data/14308099999.csv
[2024-03-03T22:03:13.721+0530] {subprocess.py:93} INFO -  extracting: /Users/anikbhowmick/Python/Big_Data_Assignment/A02/airflow_env/Data_storage/2024_data/72646314897.csv
[2024-03-03T22:03:13.724+0530] {subprocess.py:93} INFO -  extracting: /Users/anikbhowmick/Python/Big_Data_Assignment/A02/airflow_env/Data_storage/2024_data/60155099999.csv
[2024-03-03T22:03:13.728+0530] {subprocess.py:93} INFO -  extracting: /Users/anikbhowmick/Python/Big_Data_Assignment/A02/airflow_env/Data_storage/2024_data/12160099999.csv
[2024-03-03T22:03:13.731+0530] {subprocess.py:93} INFO -  extracting: /Users/anikbhowmick/Python/Big_Data_Assignment/A02/airflow_env/Data_storage/2024_data/42187099999.csv
[2024-03-03T22:03:13.737+0530] {subprocess.py:93} INFO -  extracting: /Users/anikbhowmick/Python/Big_Data_Assignment/A02/airflow_env/Data_storage/2024_data/72531403960.csv
[2024-03-03T22:03:13.738+0530] {subprocess.py:93} INFO -  extracting: /Users/anikbhowmick/Python/Big_Data_Assignment/A02/airflow_env/Data_storage/2024_data/61285099999.csv
[2024-03-03T22:03:13.754+0530] {subprocess.py:93} INFO -  extracting: /Users/anikbhowmick/Python/Big_Data_Assignment/A02/airflow_env/Data_storage/2024_data/07684099999.csv
[2024-03-03T22:03:13.755+0530] {subprocess.py:93} INFO -  extracting: /Users/anikbhowmick/Python/Big_Data_Assignment/A02/airflow_env/Data_storage/2024_data/48927099999.csv
[2024-03-03T22:03:13.755+0530] {subprocess.py:93} INFO -  extracting: /Users/anikbhowmick/Python/Big_Data_Assignment/A02/airflow_env/Data_storage/2024_data/60394099999.csv
[2024-03-03T22:03:13.762+0530] {subprocess.py:93} INFO -  extracting: /Users/anikbhowmick/Python/Big_Data_Assignment/A02/airflow_env/Data_storage/2024_data/17232099999.csv
[2024-03-03T22:03:13.767+0530] {subprocess.py:93} INFO -  extracting: /Users/anikbhowmick/Python/Big_Data_Assignment/A02/airflow_env/Data_storage/2024_data/72272093026.csv
[2024-03-03T22:03:13.789+0530] {subprocess.py:93} INFO -  extracting: /Users/anikbhowmick/Python/Big_Data_Assignment/A02/airflow_env/Data_storage/2024_data/72782594239.csv
[2024-03-03T22:03:13.793+0530] {subprocess.py:93} INFO -  extracting: /Users/anikbhowmick/Python/Big_Data_Assignment/A02/airflow_env/Data_storage/2024_data/41160099999.csv
[2024-03-03T22:03:13.797+0530] {subprocess.py:93} INFO -  extracting: /Users/anikbhowmick/Python/Big_Data_Assignment/A02/airflow_env/Data_storage/2024_data/80308099999.csv
[2024-03-03T22:03:13.805+0530] {subprocess.py:93} INFO -  extracting: /Users/anikbhowmick/Python/Big_Data_Assignment/A02/airflow_env/Data_storage/2024_data/71152099999.csv
[2024-03-03T22:03:13.812+0530] {subprocess.py:93} INFO -  extracting: /Users/anikbhowmick/Python/Big_Data_Assignment/A02/airflow_env/Data_storage/2024_data/87553099999.csv
[2024-03-03T22:03:13.817+0530] {subprocess.py:93} INFO -  extracting: /Users/anikbhowmick/Python/Big_Data_Assignment/A02/airflow_env/Data_storage/2024_data/71376099999.csv
[2024-03-03T22:03:13.818+0530] {subprocess.py:93} INFO -  extracting: /Users/anikbhowmick/Python/Big_Data_Assignment/A02/airflow_env/Data_storage/2024_data/33429099999.csv
[2024-03-03T22:03:13.827+0530] {subprocess.py:93} INFO -  extracting: /Users/anikbhowmick/Python/Big_Data_Assignment/A02/airflow_env/Data_storage/2024_data/72480023157.csv
[2024-03-03T22:03:13.831+0530] {subprocess.py:93} INFO -  extracting: /Users/anikbhowmick/Python/Big_Data_Assignment/A02/airflow_env/Data_storage/2024_data/07638099999.csv
[2024-03-03T22:03:13.839+0530] {subprocess.py:93} INFO -  extracting: /Users/anikbhowmick/Python/Big_Data_Assignment/A02/airflow_env/Data_storage/2024_data/72564024018.csv
[2024-03-03T22:03:13.840+0530] {subprocess.py:93} INFO -  extracting: /Users/anikbhowmick/Python/Big_Data_Assignment/A02/airflow_env/Data_storage/2024_data/02565099999.csv
[2024-03-03T22:03:13.845+0530] {subprocess.py:93} INFO -  extracting: /Users/anikbhowmick/Python/Big_Data_Assignment/A02/airflow_env/Data_storage/2024_data/71295099999.csv
[2024-03-03T22:03:13.849+0530] {subprocess.py:93} INFO -  extracting: /Users/anikbhowmick/Python/Big_Data_Assignment/A02/airflow_env/Data_storage/2024_data/13493099999.csv
[2024-03-03T22:03:13.859+0530] {subprocess.py:93} INFO -  extracting: /Users/anikbhowmick/Python/Big_Data_Assignment/A02/airflow_env/Data_storage/2024_data/99999900381.csv
[2024-03-03T22:03:13.861+0530] {subprocess.py:93} INFO -  extracting: /Users/anikbhowmick/Python/Big_Data_Assignment/A02/airflow_env/Data_storage/2024_data/43363099999.csv
[2024-03-03T22:03:13.865+0530] {subprocess.py:93} INFO -  extracting: /Users/anikbhowmick/Python/Big_Data_Assignment/A02/airflow_env/Data_storage/2024_data/82030599999.csv
[2024-03-03T22:03:13.865+0530] {subprocess.py:93} INFO -  extracting: /Users/anikbhowmick/Python/Big_Data_Assignment/A02/airflow_env/Data_storage/2024_data/30074099999.csv
[2024-03-03T22:03:13.870+0530] {subprocess.py:93} INFO -  extracting: /Users/anikbhowmick/Python/Big_Data_Assignment/A02/airflow_env/Data_storage/2024_data/70305500109.csv
[2024-03-03T22:03:13.873+0530] {subprocess.py:93} INFO -  extracting: /Users/anikbhowmick/Python/Big_Data_Assignment/A02/airflow_env/Data_storage/2024_data/68647099999.csv
[2024-03-03T22:03:13.873+0530] {subprocess.py:93} INFO -  extracting: /Users/anikbhowmick/Python/Big_Data_Assignment/A02/airflow_env/Data_storage/2024_data/26668099999.csv
[2024-03-03T22:03:13.885+0530] {subprocess.py:93} INFO -  extracting: /Users/anikbhowmick/Python/Big_Data_Assignment/A02/airflow_env/Data_storage/2024_data/70360525604.csv
[2024-03-03T22:03:13.902+0530] {subprocess.py:93} INFO -  extracting: /Users/anikbhowmick/Python/Big_Data_Assignment/A02/airflow_env/Data_storage/2024_data/06490199999.csv
[2024-03-03T22:03:13.909+0530] {subprocess.py:93} INFO -  extracting: /Users/anikbhowmick/Python/Big_Data_Assignment/A02/airflow_env/Data_storage/2024_data/72650014972.csv
[2024-03-03T22:03:13.909+0530] {subprocess.py:93} INFO -  extracting: /Users/anikbhowmick/Python/Big_Data_Assignment/A02/airflow_env/Data_storage/2024_data/07688099999.csv
[2024-03-03T22:03:13.912+0530] {subprocess.py:93} INFO -  extracting: /Users/anikbhowmick/Python/Big_Data_Assignment/A02/airflow_env/Data_storage/2024_data/15170099999.csv
[2024-03-03T22:03:13.924+0530] {subprocess.py:93} INFO -  extracting: /Users/anikbhowmick/Python/Big_Data_Assignment/A02/airflow_env/Data_storage/2024_data/A0573500209.csv
[2024-03-03T22:03:13.928+0530] {subprocess.py:93} INFO -  extracting: /Users/anikbhowmick/Python/Big_Data_Assignment/A02/airflow_env/Data_storage/2024_data/94498099999.csv
[2024-03-03T22:03:13.933+0530] {subprocess.py:93} INFO -  extracting: /Users/anikbhowmick/Python/Big_Data_Assignment/A02/airflow_env/Data_storage/2024_data/06604099999.csv
[2024-03-03T22:03:13.937+0530] {subprocess.py:93} INFO -  extracting: /Users/anikbhowmick/Python/Big_Data_Assignment/A02/airflow_env/Data_storage/2024_data/93196099999.csv
[2024-03-03T22:03:13.942+0530] {subprocess.py:93} INFO -  extracting: /Users/anikbhowmick/Python/Big_Data_Assignment/A02/airflow_env/Data_storage/2024_data/15261099999.csv
[2024-03-03T22:03:13.943+0530] {subprocess.py:93} INFO -  extracting: /Users/anikbhowmick/Python/Big_Data_Assignment/A02/airflow_env/Data_storage/2024_data/80222799999.csv
[2024-03-03T22:03:13.948+0530] {subprocess.py:93} INFO -  extracting: /Users/anikbhowmick/Python/Big_Data_Assignment/A02/airflow_env/Data_storage/2024_data/34398099999.csv
[2024-03-03T22:03:13.954+0530] {subprocess.py:93} INFO -  extracting: /Users/anikbhowmick/Python/Big_Data_Assignment/A02/airflow_env/Data_storage/2024_data/71236099999.csv
[2024-03-03T22:03:13.959+0530] {subprocess.py:93} INFO -  extracting: /Users/anikbhowmick/Python/Big_Data_Assignment/A02/airflow_env/Data_storage/2024_data/71154099999.csv
[2024-03-03T22:03:13.968+0530] {subprocess.py:93} INFO -  extracting: /Users/anikbhowmick/Python/Big_Data_Assignment/A02/airflow_env/Data_storage/2024_data/60390099999.csv
[2024-03-03T22:03:13.970+0530] {subprocess.py:93} INFO -  extracting: /Users/anikbhowmick/Python/Big_Data_Assignment/A02/airflow_env/Data_storage/2024_data/31329099999.csv
[2024-03-03T22:03:13.971+0530] {subprocess.py:93} INFO -  extracting: /Users/anikbhowmick/Python/Big_Data_Assignment/A02/airflow_env/Data_storage/2024_data/31534099999.csv
[2024-03-03T22:03:13.973+0530] {subprocess.py:93} INFO -  extracting: /Users/anikbhowmick/Python/Big_Data_Assignment/A02/airflow_env/Data_storage/2024_data/87640099999.csv
[2024-03-03T22:03:13.978+0530] {subprocess.py:93} INFO -  extracting: /Users/anikbhowmick/Python/Big_Data_Assignment/A02/airflow_env/Data_storage/2024_data/71115099999.csv
[2024-03-03T22:03:13.995+0530] {subprocess.py:93} INFO -  extracting: /Users/anikbhowmick/Python/Big_Data_Assignment/A02/airflow_env/Data_storage/2024_data/72528300465.csv
[2024-03-03T22:03:13.998+0530] {subprocess.py:93} INFO -  extracting: /Users/anikbhowmick/Python/Big_Data_Assignment/A02/airflow_env/Data_storage/2024_data/67667099999.csv
[2024-03-03T22:03:14.002+0530] {subprocess.py:93} INFO -  extracting: /Users/anikbhowmick/Python/Big_Data_Assignment/A02/airflow_env/Data_storage/2024_data/78583099999.csv
[2024-03-03T22:03:14.013+0530] {subprocess.py:93} INFO -  extracting: /Users/anikbhowmick/Python/Big_Data_Assignment/A02/airflow_env/Data_storage/2024_data/06080099999.csv
[2024-03-03T22:03:14.014+0530] {subprocess.py:93} INFO -  extracting: /Users/anikbhowmick/Python/Big_Data_Assignment/A02/airflow_env/Data_storage/2024_data/04285099999.csv
[2024-03-03T22:03:14.023+0530] {subprocess.py:93} INFO -  extracting: /Users/anikbhowmick/Python/Big_Data_Assignment/A02/airflow_env/Data_storage/2024_data/70389199999.csv
[2024-03-03T22:03:14.034+0530] {subprocess.py:93} INFO -  extracting: /Users/anikbhowmick/Python/Big_Data_Assignment/A02/airflow_env/Data_storage/2024_data/72074799999.csv
[2024-03-03T22:03:14.046+0530] {subprocess.py:93} INFO -  extracting: /Users/anikbhowmick/Python/Big_Data_Assignment/A02/airflow_env/Data_storage/2024_data/72039500130.csv
[2024-03-03T22:03:14.083+0530] {subprocess.py:93} INFO -  extracting: /Users/anikbhowmick/Python/Big_Data_Assignment/A02/airflow_env/Data_storage/2024_data/99999904994.csv
[2024-03-03T22:03:14.086+0530] {subprocess.py:93} INFO -  extracting: /Users/anikbhowmick/Python/Big_Data_Assignment/A02/airflow_env/Data_storage/2024_data/06058099999.csv
[2024-03-03T22:03:14.089+0530] {subprocess.py:93} INFO -  extracting: /Users/anikbhowmick/Python/Big_Data_Assignment/A02/airflow_env/Data_storage/2024_data/76394099999.csv
[2024-03-03T22:03:14.090+0530] {subprocess.py:93} INFO -  extracting: /Users/anikbhowmick/Python/Big_Data_Assignment/A02/airflow_env/Data_storage/2024_data/72066500243.csv
[2024-03-03T22:03:14.092+0530] {subprocess.py:93} INFO -  extracting: /Users/anikbhowmick/Python/Big_Data_Assignment/A02/airflow_env/Data_storage/2024_data/81916099999.csv
[2024-03-03T22:03:14.093+0530] {subprocess.py:93} INFO -  extracting: /Users/anikbhowmick/Python/Big_Data_Assignment/A02/airflow_env/Data_storage/2024_data/54401099999.csv
[2024-03-03T22:03:14.100+0530] {subprocess.py:93} INFO -  extracting: /Users/anikbhowmick/Python/Big_Data_Assignment/A02/airflow_env/Data_storage/2024_data/72614054742.csv
[2024-03-03T22:03:14.111+0530] {subprocess.py:93} INFO -  extracting: /Users/anikbhowmick/Python/Big_Data_Assignment/A02/airflow_env/Data_storage/2024_data/80372099999.csv
[2024-03-03T22:03:14.123+0530] {subprocess.py:93} INFO -  extracting: /Users/anikbhowmick/Python/Big_Data_Assignment/A02/airflow_env/Data_storage/2024_data/72365493091.csv
[2024-03-03T22:03:14.125+0530] {subprocess.py:93} INFO -  extracting: /Users/anikbhowmick/Python/Big_Data_Assignment/A02/airflow_env/Data_storage/2024_data/71886499999.csv
[2024-03-03T22:03:14.126+0530] {subprocess.py:93} INFO -  extracting: /Users/anikbhowmick/Python/Big_Data_Assignment/A02/airflow_env/Data_storage/2024_data/43081099999.csv
[2024-03-03T22:03:14.131+0530] {subprocess.py:93} INFO -  extracting: /Users/anikbhowmick/Python/Big_Data_Assignment/A02/airflow_env/Data_storage/2024_data/82397099999.csv
[2024-03-03T22:03:14.132+0530] {subprocess.py:93} INFO -  extracting: /Users/anikbhowmick/Python/Big_Data_Assignment/A02/airflow_env/Data_storage/2024_data/38099099999.csv
[2024-03-03T22:03:14.134+0530] {subprocess.py:93} INFO -  extracting: /Users/anikbhowmick/Python/Big_Data_Assignment/A02/airflow_env/Data_storage/2024_data/56977099999.csv
[2024-03-03T22:03:14.136+0530] {subprocess.py:93} INFO -  extracting: /Users/anikbhowmick/Python/Big_Data_Assignment/A02/airflow_env/Data_storage/2024_data/98334099999.csv
[2024-03-03T22:03:14.142+0530] {subprocess.py:93} INFO -  extracting: /Users/anikbhowmick/Python/Big_Data_Assignment/A02/airflow_env/Data_storage/2024_data/85574099999.csv
[2024-03-03T22:03:14.144+0530] {subprocess.py:93} INFO -  extracting: /Users/anikbhowmick/Python/Big_Data_Assignment/A02/airflow_env/Data_storage/2024_data/72405713701.csv
[2024-03-03T22:03:14.152+0530] {subprocess.py:93} INFO -  extracting: /Users/anikbhowmick/Python/Big_Data_Assignment/A02/airflow_env/Data_storage/2024_data/06016099999.csv
[2024-03-03T22:03:14.172+0530] {subprocess.py:93} INFO -  extracting: /Users/anikbhowmick/Python/Big_Data_Assignment/A02/airflow_env/Data_storage/2024_data/71731099999.csv
[2024-03-03T22:03:14.177+0530] {subprocess.py:93} INFO -  extracting: /Users/anikbhowmick/Python/Big_Data_Assignment/A02/airflow_env/Data_storage/2024_data/12300099999.csv
[2024-03-03T22:03:14.181+0530] {subprocess.py:93} INFO -  extracting: /Users/anikbhowmick/Python/Big_Data_Assignment/A02/airflow_env/Data_storage/2024_data/14246099999.csv
[2024-03-03T22:03:14.183+0530] {subprocess.py:93} INFO -  extracting: /Users/anikbhowmick/Python/Big_Data_Assignment/A02/airflow_env/Data_storage/2024_data/25820099999.csv
[2024-03-03T22:03:14.196+0530] {subprocess.py:93} INFO -  extracting: /Users/anikbhowmick/Python/Big_Data_Assignment/A02/airflow_env/Data_storage/2024_data/72097400344.csv
[2024-03-03T22:03:14.197+0530] {subprocess.py:93} INFO -  extracting: /Users/anikbhowmick/Python/Big_Data_Assignment/A02/airflow_env/Data_storage/2024_data/02171099999.csv
[2024-03-03T22:03:14.209+0530] {subprocess.py:93} INFO -  extracting: /Users/anikbhowmick/Python/Big_Data_Assignment/A02/airflow_env/Data_storage/2024_data/71103099999.csv
[2024-03-03T22:03:14.212+0530] {subprocess.py:93} INFO -  extracting: /Users/anikbhowmick/Python/Big_Data_Assignment/A02/airflow_env/Data_storage/2024_data/99770199999.csv
[2024-03-03T22:03:14.214+0530] {subprocess.py:93} INFO -  extracting: /Users/anikbhowmick/Python/Big_Data_Assignment/A02/airflow_env/Data_storage/2024_data/98548099999.csv
[2024-03-03T22:03:14.217+0530] {subprocess.py:93} INFO -  extracting: /Users/anikbhowmick/Python/Big_Data_Assignment/A02/airflow_env/Data_storage/2024_data/83985099999.csv
[2024-03-03T22:03:14.218+0530] {subprocess.py:93} INFO -  extracting: /Users/anikbhowmick/Python/Big_Data_Assignment/A02/airflow_env/Data_storage/2024_data/47060099999.csv
[2024-03-03T22:03:14.220+0530] {subprocess.py:93} INFO -  extracting: /Users/anikbhowmick/Python/Big_Data_Assignment/A02/airflow_env/Data_storage/2024_data/23724099999.csv
[2024-03-03T22:03:14.228+0530] {subprocess.py:93} INFO -  extracting: /Users/anikbhowmick/Python/Big_Data_Assignment/A02/airflow_env/Data_storage/2024_data/72562024023.csv
[2024-03-03T22:03:14.230+0530] {subprocess.py:93} INFO -  extracting: /Users/anikbhowmick/Python/Big_Data_Assignment/A02/airflow_env/Data_storage/2024_data/56739099999.csv
[2024-03-03T22:03:14.235+0530] {subprocess.py:93} INFO -  extracting: /Users/anikbhowmick/Python/Big_Data_Assignment/A02/airflow_env/Data_storage/2024_data/71956099999.csv
[2024-03-03T22:03:14.238+0530] {subprocess.py:93} INFO -  extracting: /Users/anikbhowmick/Python/Big_Data_Assignment/A02/airflow_env/Data_storage/2024_data/99479099999.csv
[2024-03-03T22:03:14.247+0530] {subprocess.py:93} INFO -  extracting: /Users/anikbhowmick/Python/Big_Data_Assignment/A02/airflow_env/Data_storage/2024_data/72365023050.csv
[2024-03-03T22:03:14.256+0530] {subprocess.py:93} INFO -  extracting: /Users/anikbhowmick/Python/Big_Data_Assignment/A02/airflow_env/Data_storage/2024_data/72062600213.csv
[2024-03-03T22:03:14.260+0530] {subprocess.py:93} INFO -  extracting: /Users/anikbhowmick/Python/Big_Data_Assignment/A02/airflow_env/Data_storage/2024_data/95958099999.csv
[2024-03-03T22:03:14.260+0530] {subprocess.py:93} INFO -  extracting: /Users/anikbhowmick/Python/Big_Data_Assignment/A02/airflow_env/Data_storage/2024_data/85312099999.csv
[2024-03-03T22:03:14.264+0530] {subprocess.py:93} INFO -  extracting: /Users/anikbhowmick/Python/Big_Data_Assignment/A02/airflow_env/Data_storage/2024_data/02957099999.csv
[2024-03-03T22:03:14.270+0530] {subprocess.py:93} INFO -  extracting: /Users/anikbhowmick/Python/Big_Data_Assignment/A02/airflow_env/Data_storage/2024_data/71516099999.csv
[2024-03-03T22:03:14.274+0530] {subprocess.py:93} INFO -  extracting: /Users/anikbhowmick/Python/Big_Data_Assignment/A02/airflow_env/Data_storage/2024_data/01257099999.csv
[2024-03-03T22:03:14.276+0530] {subprocess.py:93} INFO -  extracting: /Users/anikbhowmick/Python/Big_Data_Assignment/A02/airflow_env/Data_storage/2024_data/98431099999.csv
[2024-03-03T22:03:14.294+0530] {subprocess.py:93} INFO -  extracting: /Users/anikbhowmick/Python/Big_Data_Assignment/A02/airflow_env/Data_storage/2024_data/72077699999.csv
[2024-03-03T22:03:14.303+0530] {subprocess.py:93} INFO -  extracting: /Users/anikbhowmick/Python/Big_Data_Assignment/A02/airflow_env/Data_storage/2024_data/63820099999.csv
[2024-03-03T22:03:14.307+0530] {subprocess.py:93} INFO -  extracting: /Users/anikbhowmick/Python/Big_Data_Assignment/A02/airflow_env/Data_storage/2024_data/95964099999.csv
[2024-03-03T22:03:14.320+0530] {subprocess.py:93} INFO -  extracting: /Users/anikbhowmick/Python/Big_Data_Assignment/A02/airflow_env/Data_storage/2024_data/72473700377.csv
[2024-03-03T22:03:14.321+0530] {subprocess.py:93} INFO -  extracting: /Users/anikbhowmick/Python/Big_Data_Assignment/A02/airflow_env/Data_storage/2024_data/34727099999.csv
[2024-03-03T22:03:14.330+0530] {subprocess.py:93} INFO -  extracting: /Users/anikbhowmick/Python/Big_Data_Assignment/A02/airflow_env/Data_storage/2024_data/23933099999.csv
[2024-03-03T22:03:14.331+0530] {subprocess.py:93} INFO -  extracting: /Users/anikbhowmick/Python/Big_Data_Assignment/A02/airflow_env/Data_storage/2024_data/94463099999.csv
[2024-03-03T22:03:14.342+0530] {subprocess.py:93} INFO -  extracting: /Users/anikbhowmick/Python/Big_Data_Assignment/A02/airflow_env/Data_storage/2024_data/A0735700182.csv
[2024-03-03T22:03:14.345+0530] {subprocess.py:93} INFO -  extracting: /Users/anikbhowmick/Python/Big_Data_Assignment/A02/airflow_env/Data_storage/2024_data/99734299999.csv
[2024-03-03T22:03:14.358+0530] {subprocess.py:93} INFO -  extracting: /Users/anikbhowmick/Python/Big_Data_Assignment/A02/airflow_env/Data_storage/2024_data/72086700293.csv
[2024-03-03T22:03:14.361+0530] {subprocess.py:93} INFO -  extracting: /Users/anikbhowmick/Python/Big_Data_Assignment/A02/airflow_env/Data_storage/2024_data/13599099999.csv
[2024-03-03T22:03:14.374+0530] {subprocess.py:93} INFO -  extracting: /Users/anikbhowmick/Python/Big_Data_Assignment/A02/airflow_env/Data_storage/2024_data/72227454939.csv
[2024-03-03T22:03:14.389+0530] {subprocess.py:93} INFO -  extracting: /Users/anikbhowmick/Python/Big_Data_Assignment/A02/airflow_env/Data_storage/2024_data/72083599999.csv
[2024-03-03T22:03:14.391+0530] {subprocess.py:93} INFO -  extracting: /Users/anikbhowmick/Python/Big_Data_Assignment/A02/airflow_env/Data_storage/2024_data/38427099999.csv
[2024-03-03T22:03:14.399+0530] {subprocess.py:93} INFO -  extracting: /Users/anikbhowmick/Python/Big_Data_Assignment/A02/airflow_env/Data_storage/2024_data/51463599999.csv
[2024-03-03T22:03:14.404+0530] {subprocess.py:93} INFO -  extracting: /Users/anikbhowmick/Python/Big_Data_Assignment/A02/airflow_env/Data_storage/2024_data/30925099999.csv
[2024-03-03T22:03:14.405+0530] {subprocess.py:93} INFO -  extracting: /Users/anikbhowmick/Python/Big_Data_Assignment/A02/airflow_env/Data_storage/2024_data/38338099999.csv
[2024-03-03T22:03:14.409+0530] {subprocess.py:93} INFO -  extracting: /Users/anikbhowmick/Python/Big_Data_Assignment/A02/airflow_env/Data_storage/2024_data/06124099999.csv
[2024-03-03T22:03:14.413+0530] {subprocess.py:93} INFO -  extracting: /Users/anikbhowmick/Python/Big_Data_Assignment/A02/airflow_env/Data_storage/2024_data/47152099999.csv
[2024-03-03T22:03:14.416+0530] {subprocess.py:93} INFO -  extracting: /Users/anikbhowmick/Python/Big_Data_Assignment/A02/airflow_env/Data_storage/2024_data/01383099999.csv
[2024-03-03T22:03:14.420+0530] {subprocess.py:93} INFO -  extracting: /Users/anikbhowmick/Python/Big_Data_Assignment/A02/airflow_env/Data_storage/2024_data/87436099999.csv
[2024-03-03T22:03:14.421+0530] {subprocess.py:93} INFO -  extracting: /Users/anikbhowmick/Python/Big_Data_Assignment/A02/airflow_env/Data_storage/2024_data/36397099999.csv
[2024-03-03T22:03:14.422+0530] {subprocess.py:93} INFO -  extracting: /Users/anikbhowmick/Python/Big_Data_Assignment/A02/airflow_env/Data_storage/2024_data/60205199999.csv
[2024-03-03T22:03:14.422+0530] {subprocess.py:93} INFO -  extracting: /Users/anikbhowmick/Python/Big_Data_Assignment/A02/airflow_env/Data_storage/2024_data/83097099999.csv
[2024-03-03T22:03:14.427+0530] {subprocess.py:93} INFO -  extracting: /Users/anikbhowmick/Python/Big_Data_Assignment/A02/airflow_env/Data_storage/2024_data/17127099999.csv
[2024-03-03T22:03:14.430+0530] {subprocess.py:93} INFO -  extracting: /Users/anikbhowmick/Python/Big_Data_Assignment/A02/airflow_env/Data_storage/2024_data/76612099999.csv
[2024-03-03T22:03:14.442+0530] {subprocess.py:93} INFO -  extracting: /Users/anikbhowmick/Python/Big_Data_Assignment/A02/airflow_env/Data_storage/2024_data/72017253996.csv
[2024-03-03T22:03:14.451+0530] {subprocess.py:93} INFO -  extracting: /Users/anikbhowmick/Python/Big_Data_Assignment/A02/airflow_env/Data_storage/2024_data/72101599999.csv
[2024-03-03T22:03:14.455+0530] {subprocess.py:93} INFO -  extracting: /Users/anikbhowmick/Python/Big_Data_Assignment/A02/airflow_env/Data_storage/2024_data/03560099999.csv
[2024-03-03T22:03:14.455+0530] {subprocess.py:93} INFO -  extracting: /Users/anikbhowmick/Python/Big_Data_Assignment/A02/airflow_env/Data_storage/2024_data/35007099999.csv
[2024-03-03T22:03:14.459+0530] {subprocess.py:93} INFO -  extracting: /Users/anikbhowmick/Python/Big_Data_Assignment/A02/airflow_env/Data_storage/2024_data/47433099999.csv
[2024-03-03T22:03:14.462+0530] {subprocess.py:93} INFO -  extracting: /Users/anikbhowmick/Python/Big_Data_Assignment/A02/airflow_env/Data_storage/2024_data/11138099999.csv
[2024-03-03T22:03:14.466+0530] {subprocess.py:93} INFO -  extracting: /Users/anikbhowmick/Python/Big_Data_Assignment/A02/airflow_env/Data_storage/2024_data/83576099999.csv
[2024-03-03T22:03:14.467+0530] {subprocess.py:93} INFO -  extracting: /Users/anikbhowmick/Python/Big_Data_Assignment/A02/airflow_env/Data_storage/2024_data/96933099999.csv
[2024-03-03T22:03:14.468+0530] {subprocess.py:93} INFO -  extracting: /Users/anikbhowmick/Python/Big_Data_Assignment/A02/airflow_env/Data_storage/2024_data/65075099999.csv
[2024-03-03T22:03:14.471+0530] {subprocess.py:93} INFO -  extracting: /Users/anikbhowmick/Python/Big_Data_Assignment/A02/airflow_env/Data_storage/2024_data/80342099999.csv
[2024-03-03T22:03:14.474+0530] {subprocess.py:93} INFO -  extracting: /Users/anikbhowmick/Python/Big_Data_Assignment/A02/airflow_env/Data_storage/2024_data/48303499999.csv
[2024-03-03T22:03:14.482+0530] {subprocess.py:93} INFO -  extracting: /Users/anikbhowmick/Python/Big_Data_Assignment/A02/airflow_env/Data_storage/2024_data/71876099999.csv
[2024-03-03T22:03:14.486+0530] {subprocess.py:93} INFO -  extracting: /Users/anikbhowmick/Python/Big_Data_Assignment/A02/airflow_env/Data_storage/2024_data/71747099999.csv
[2024-03-03T22:03:14.501+0530] {subprocess.py:93} INFO -  extracting: /Users/anikbhowmick/Python/Big_Data_Assignment/A02/airflow_env/Data_storage/2024_data/12970099999.csv
[2024-03-03T22:03:14.507+0530] {subprocess.py:93} INFO -  extracting: /Users/anikbhowmick/Python/Big_Data_Assignment/A02/airflow_env/Data_storage/2024_data/72534014819.csv
[2024-03-03T22:03:14.521+0530] {subprocess.py:93} INFO -  extracting: /Users/anikbhowmick/Python/Big_Data_Assignment/A02/airflow_env/Data_storage/2024_data/07072099999.csv
[2024-03-03T22:03:14.527+0530] {subprocess.py:93} INFO -  extracting: /Users/anikbhowmick/Python/Big_Data_Assignment/A02/airflow_env/Data_storage/2024_data/06638099999.csv
[2024-03-03T22:03:14.531+0530] {subprocess.py:93} INFO -  extracting: /Users/anikbhowmick/Python/Big_Data_Assignment/A02/airflow_env/Data_storage/2024_data/95784099999.csv
[2024-03-03T22:03:14.536+0530] {subprocess.py:93} INFO -  extracting: /Users/anikbhowmick/Python/Big_Data_Assignment/A02/airflow_env/Data_storage/2024_data/71317099999.csv
[2024-03-03T22:03:14.540+0530] {subprocess.py:93} INFO -  extracting: /Users/anikbhowmick/Python/Big_Data_Assignment/A02/airflow_env/Data_storage/2024_data/47800099999.csv
[2024-03-03T22:03:14.542+0530] {subprocess.py:93} INFO -  extracting: /Users/anikbhowmick/Python/Big_Data_Assignment/A02/airflow_env/Data_storage/2024_data/58345099999.csv
[2024-03-03T22:03:14.543+0530] {subprocess.py:93} INFO -  extracting: /Users/anikbhowmick/Python/Big_Data_Assignment/A02/airflow_env/Data_storage/2024_data/58472099999.csv
[2024-03-03T22:03:14.545+0530] {subprocess.py:93} INFO -  extracting: /Users/anikbhowmick/Python/Big_Data_Assignment/A02/airflow_env/Data_storage/2024_data/57687099999.csv
[2024-03-03T22:03:14.548+0530] {subprocess.py:93} INFO -  extracting: /Users/anikbhowmick/Python/Big_Data_Assignment/A02/airflow_env/Data_storage/2024_data/30859099999.csv
[2024-03-03T22:03:14.548+0530] {subprocess.py:93} INFO -  extracting: /Users/anikbhowmick/Python/Big_Data_Assignment/A02/airflow_env/Data_storage/2024_data/08335099999.csv
[2024-03-03T22:03:14.552+0530] {subprocess.py:93} INFO -  extracting: /Users/anikbhowmick/Python/Big_Data_Assignment/A02/airflow_env/Data_storage/2024_data/47584099999.csv
[2024-03-03T22:03:14.553+0530] {subprocess.py:93} INFO -  extracting: /Users/anikbhowmick/Python/Big_Data_Assignment/A02/airflow_env/Data_storage/2024_data/64222099999.csv
[2024-03-03T22:03:14.558+0530] {subprocess.py:93} INFO -  extracting: /Users/anikbhowmick/Python/Big_Data_Assignment/A02/airflow_env/Data_storage/2024_data/71244099999.csv
[2024-03-03T22:03:14.560+0530] {subprocess.py:93} INFO -  extracting: /Users/anikbhowmick/Python/Big_Data_Assignment/A02/airflow_env/Data_storage/2024_data/91779099999.csv
[2024-03-03T22:03:14.563+0530] {subprocess.py:93} INFO -  extracting: /Users/anikbhowmick/Python/Big_Data_Assignment/A02/airflow_env/Data_storage/2024_data/47587099999.csv
[2024-03-03T22:03:14.568+0530] {subprocess.py:93} INFO -  extracting: /Users/anikbhowmick/Python/Big_Data_Assignment/A02/airflow_env/Data_storage/2024_data/06621099999.csv
[2024-03-03T22:03:14.579+0530] {subprocess.py:93} INFO -  extracting: /Users/anikbhowmick/Python/Big_Data_Assignment/A02/airflow_env/Data_storage/2024_data/25913099999.csv
[2024-03-03T22:03:14.582+0530] {subprocess.py:93} INFO -  extracting: /Users/anikbhowmick/Python/Big_Data_Assignment/A02/airflow_env/Data_storage/2024_data/81847099999.csv
[2024-03-03T22:03:14.590+0530] {subprocess.py:93} INFO -  extracting: /Users/anikbhowmick/Python/Big_Data_Assignment/A02/airflow_env/Data_storage/2024_data/72451623020.csv
[2024-03-03T22:03:14.601+0530] {subprocess.py:93} INFO -  extracting: /Users/anikbhowmick/Python/Big_Data_Assignment/A02/airflow_env/Data_storage/2024_data/72063800224.csv
[2024-03-03T22:03:14.602+0530] {subprocess.py:93} INFO -  extracting: /Users/anikbhowmick/Python/Big_Data_Assignment/A02/airflow_env/Data_storage/2024_data/83692099999.csv
[2024-03-03T22:03:14.614+0530] {subprocess.py:93} INFO -  extracting: /Users/anikbhowmick/Python/Big_Data_Assignment/A02/airflow_env/Data_storage/2024_data/07222099999.csv
[2024-03-03T22:03:14.626+0530] {subprocess.py:93} INFO -  extracting: /Users/anikbhowmick/Python/Big_Data_Assignment/A02/airflow_env/Data_storage/2024_data/72026723224.csv
[2024-03-03T22:03:14.632+0530] {subprocess.py:93} INFO -  extracting: /Users/anikbhowmick/Python/Big_Data_Assignment/A02/airflow_env/Data_storage/2024_data/35497099999.csv
[2024-03-03T22:03:14.635+0530] {subprocess.py:93} INFO -  extracting: /Users/anikbhowmick/Python/Big_Data_Assignment/A02/airflow_env/Data_storage/2024_data/70171826551.csv
[2024-03-03T22:03:14.636+0530] {subprocess.py:93} INFO -  extracting: /Users/anikbhowmick/Python/Big_Data_Assignment/A02/airflow_env/Data_storage/2024_data/51542099999.csv
[2024-03-03T22:03:14.645+0530] {subprocess.py:93} INFO -  extracting: /Users/anikbhowmick/Python/Big_Data_Assignment/A02/airflow_env/Data_storage/2024_data/12843099999.csv
[2024-03-03T22:03:14.645+0530] {subprocess.py:93} INFO -  extracting: /Users/anikbhowmick/Python/Big_Data_Assignment/A02/airflow_env/Data_storage/2024_data/02120599999.csv
[2024-03-03T22:03:14.651+0530] {subprocess.py:93} INFO -  extracting: /Users/anikbhowmick/Python/Big_Data_Assignment/A02/airflow_env/Data_storage/2024_data/03577035046.csv
[2024-03-03T22:03:14.652+0530] {subprocess.py:93} INFO -  extracting: /Users/anikbhowmick/Python/Big_Data_Assignment/A02/airflow_env/Data_storage/2024_data/38475099999.csv
[2024-03-03T22:03:14.653+0530] {subprocess.py:93} INFO -  extracting: /Users/anikbhowmick/Python/Big_Data_Assignment/A02/airflow_env/Data_storage/2024_data/31532099999.csv
[2024-03-03T22:03:14.654+0530] {subprocess.py:93} INFO -  extracting: /Users/anikbhowmick/Python/Big_Data_Assignment/A02/airflow_env/Data_storage/2024_data/43436099999.csv
[2024-03-03T22:03:14.667+0530] {subprocess.py:93} INFO -  extracting: /Users/anikbhowmick/Python/Big_Data_Assignment/A02/airflow_env/Data_storage/2024_data/72538404888.csv
[2024-03-03T22:03:14.676+0530] {subprocess.py:93} INFO -  extracting: /Users/anikbhowmick/Python/Big_Data_Assignment/A02/airflow_env/Data_storage/2024_data/72099899999.csv
[2024-03-03T22:03:14.688+0530] {subprocess.py:93} INFO -  extracting: /Users/anikbhowmick/Python/Big_Data_Assignment/A02/airflow_env/Data_storage/2024_data/72053900165.csv
[2024-03-03T22:03:14.699+0530] {subprocess.py:93} INFO -  extracting: /Users/anikbhowmick/Python/Big_Data_Assignment/A02/airflow_env/Data_storage/2024_data/72324900463.csv
[2024-03-03T22:03:14.699+0530] {subprocess.py:93} INFO -  extracting: /Users/anikbhowmick/Python/Big_Data_Assignment/A02/airflow_env/Data_storage/2024_data/07499099999.csv
[2024-03-03T22:03:14.700+0530] {subprocess.py:93} INFO -  extracting: /Users/anikbhowmick/Python/Big_Data_Assignment/A02/airflow_env/Data_storage/2024_data/59358099999.csv
[2024-03-03T22:03:14.707+0530] {subprocess.py:93} INFO -  extracting: /Users/anikbhowmick/Python/Big_Data_Assignment/A02/airflow_env/Data_storage/2024_data/71523099999.csv
[2024-03-03T22:03:14.707+0530] {subprocess.py:93} INFO -  extracting: /Users/anikbhowmick/Python/Big_Data_Assignment/A02/airflow_env/Data_storage/2024_data/02544099999.csv
[2024-03-03T22:03:14.709+0530] {subprocess.py:93} INFO -  extracting: /Users/anikbhowmick/Python/Big_Data_Assignment/A02/airflow_env/Data_storage/2024_data/26479099999.csv
[2024-03-03T22:03:14.715+0530] {subprocess.py:93} INFO -  extracting: /Users/anikbhowmick/Python/Big_Data_Assignment/A02/airflow_env/Data_storage/2024_data/31981199999.csv
[2024-03-03T22:03:14.717+0530] {subprocess.py:93} INFO -  extracting: /Users/anikbhowmick/Python/Big_Data_Assignment/A02/airflow_env/Data_storage/2024_data/31439099999.csv
[2024-03-03T22:03:14.717+0530] {subprocess.py:93} INFO -  extracting: /Users/anikbhowmick/Python/Big_Data_Assignment/A02/airflow_env/Data_storage/2024_data/43125099999.csv
[2024-03-03T22:03:14.719+0530] {subprocess.py:93} INFO -  extracting: /Users/anikbhowmick/Python/Big_Data_Assignment/A02/airflow_env/Data_storage/2024_data/61085099999.csv
[2024-03-03T22:03:14.721+0530] {subprocess.py:93} INFO -  extracting: /Users/anikbhowmick/Python/Big_Data_Assignment/A02/airflow_env/Data_storage/2024_data/54115099999.csv
[2024-03-03T22:03:14.722+0530] {subprocess.py:93} INFO -  extracting: /Users/anikbhowmick/Python/Big_Data_Assignment/A02/airflow_env/Data_storage/2024_data/89642099999.csv
[2024-03-03T22:03:14.727+0530] {subprocess.py:93} INFO -  extracting: /Users/anikbhowmick/Python/Big_Data_Assignment/A02/airflow_env/Data_storage/2024_data/85442099999.csv
[2024-03-03T22:03:14.734+0530] {subprocess.py:93} INFO -  extracting: /Users/anikbhowmick/Python/Big_Data_Assignment/A02/airflow_env/Data_storage/2024_data/02706099999.csv
[2024-03-03T22:03:14.741+0530] {subprocess.py:93} INFO -  extracting: /Users/anikbhowmick/Python/Big_Data_Assignment/A02/airflow_env/Data_storage/2024_data/74781013857.csv
[2024-03-03T22:03:14.744+0530] {subprocess.py:93} INFO -  extracting: /Users/anikbhowmick/Python/Big_Data_Assignment/A02/airflow_env/Data_storage/2024_data/13588099999.csv
[2024-03-03T22:03:14.748+0530] {subprocess.py:93} INFO -  extracting: /Users/anikbhowmick/Python/Big_Data_Assignment/A02/airflow_env/Data_storage/2024_data/99798899999.csv
[2024-03-03T22:03:14.752+0530] {subprocess.py:93} INFO -  extracting: /Users/anikbhowmick/Python/Big_Data_Assignment/A02/airflow_env/Data_storage/2024_data/99999940710.csv
[2024-03-03T22:03:14.763+0530] {subprocess.py:93} INFO -  extracting: /Users/anikbhowmick/Python/Big_Data_Assignment/A02/airflow_env/Data_storage/2024_data/94302099999.csv
[2024-03-03T22:03:14.767+0530] {subprocess.py:93} INFO -  extracting: /Users/anikbhowmick/Python/Big_Data_Assignment/A02/airflow_env/Data_storage/2024_data/11285099999.csv
[2024-03-03T22:03:14.770+0530] {subprocess.py:93} INFO -  extracting: /Users/anikbhowmick/Python/Big_Data_Assignment/A02/airflow_env/Data_storage/2024_data/94274099999.csv
[2024-03-03T22:03:14.778+0530] {subprocess.py:93} INFO -  extracting: /Users/anikbhowmick/Python/Big_Data_Assignment/A02/airflow_env/Data_storage/2024_data/02514099999.csv
[2024-03-03T22:03:14.784+0530] {subprocess.py:93} INFO -  extracting: /Users/anikbhowmick/Python/Big_Data_Assignment/A02/airflow_env/Data_storage/2024_data/72233053865.csv
[2024-03-03T22:03:14.786+0530] {subprocess.py:93} INFO -  extracting: /Users/anikbhowmick/Python/Big_Data_Assignment/A02/airflow_env/Data_storage/2024_data/51156099999.csv
[2024-03-03T22:03:14.786+0530] {subprocess.py:93} INFO -  extracting: /Users/anikbhowmick/Python/Big_Data_Assignment/A02/airflow_env/Data_storage/2024_data/64040099999.csv
[2024-03-03T22:03:14.802+0530] {subprocess.py:93} INFO -  extracting: /Users/anikbhowmick/Python/Big_Data_Assignment/A02/airflow_env/Data_storage/2024_data/72405853818.csv
[2024-03-03T22:03:14.803+0530] {subprocess.py:93} INFO -  extracting: /Users/anikbhowmick/Python/Big_Data_Assignment/A02/airflow_env/Data_storage/2024_data/91551599999.csv
[2024-03-03T22:03:14.809+0530] {subprocess.py:93} INFO -  extracting: /Users/anikbhowmick/Python/Big_Data_Assignment/A02/airflow_env/Data_storage/2024_data/58321099999.csv
[2024-03-03T22:03:14.810+0530] {subprocess.py:93} INFO -  extracting: /Users/anikbhowmick/Python/Big_Data_Assignment/A02/airflow_env/Data_storage/2024_data/33924099999.csv
[2024-03-03T22:03:14.811+0530] {subprocess.py:93} INFO -  extracting: /Users/anikbhowmick/Python/Big_Data_Assignment/A02/airflow_env/Data_storage/2024_data/01115099999.csv
[2024-03-03T22:03:14.815+0530] {subprocess.py:93} INFO -  extracting: /Users/anikbhowmick/Python/Big_Data_Assignment/A02/airflow_env/Data_storage/2024_data/71857099999.csv
[2024-03-03T22:03:14.815+0530] {subprocess.py:93} INFO -  extracting: /Users/anikbhowmick/Python/Big_Data_Assignment/A02/airflow_env/Data_storage/2024_data/02243099999.csv
[2024-03-03T22:03:14.817+0530] {subprocess.py:93} INFO -  extracting: /Users/anikbhowmick/Python/Big_Data_Assignment/A02/airflow_env/Data_storage/2024_data/38851099999.csv
[2024-03-03T22:03:14.823+0530] {subprocess.py:93} INFO -  extracting: /Users/anikbhowmick/Python/Big_Data_Assignment/A02/airflow_env/Data_storage/2024_data/47803099999.csv
[2024-03-03T22:03:14.835+0530] {subprocess.py:93} INFO -  extracting: /Users/anikbhowmick/Python/Big_Data_Assignment/A02/airflow_env/Data_storage/2024_data/72032704995.csv
[2024-03-03T22:03:14.843+0530] {subprocess.py:93} INFO -  extracting: /Users/anikbhowmick/Python/Big_Data_Assignment/A02/airflow_env/Data_storage/2024_data/03693099999.csv
[2024-03-03T22:03:14.843+0530] {subprocess.py:93} INFO -  extracting: /Users/anikbhowmick/Python/Big_Data_Assignment/A02/airflow_env/Data_storage/2024_data/91592099999.csv
[2024-03-03T22:03:14.852+0530] {subprocess.py:93} INFO -  extracting: /Users/anikbhowmick/Python/Big_Data_Assignment/A02/airflow_env/Data_storage/2024_data/10416099999.csv
[2024-03-03T22:03:14.855+0530] {subprocess.py:93} INFO -  extracting: /Users/anikbhowmick/Python/Big_Data_Assignment/A02/airflow_env/Data_storage/2024_data/99727099999.csv
[2024-03-03T22:03:14.860+0530] {subprocess.py:93} INFO -  extracting: /Users/anikbhowmick/Python/Big_Data_Assignment/A02/airflow_env/Data_storage/2024_data/72261603032.csv
[2024-03-03T22:03:14.863+0530] {subprocess.py:93} INFO -  extracting: /Users/anikbhowmick/Python/Big_Data_Assignment/A02/airflow_env/Data_storage/2024_data/11340099999.csv
[2024-03-03T22:03:14.865+0530] {subprocess.py:93} INFO -  extracting: /Users/anikbhowmick/Python/Big_Data_Assignment/A02/airflow_env/Data_storage/2024_data/43241099999.csv
[2024-03-03T22:03:14.866+0530] {subprocess.py:93} INFO -  extracting: /Users/anikbhowmick/Python/Big_Data_Assignment/A02/airflow_env/Data_storage/2024_data/31062099999.csv
[2024-03-03T22:03:14.868+0530] {subprocess.py:93} INFO -  extracting: /Users/anikbhowmick/Python/Big_Data_Assignment/A02/airflow_env/Data_storage/2024_data/30802099999.csv
[2024-03-03T22:03:14.869+0530] {subprocess.py:93} INFO -  extracting: /Users/anikbhowmick/Python/Big_Data_Assignment/A02/airflow_env/Data_storage/2024_data/63793099999.csv
[2024-03-03T22:03:14.871+0530] {subprocess.py:93} INFO -  extracting: /Users/anikbhowmick/Python/Big_Data_Assignment/A02/airflow_env/Data_storage/2024_data/29789099999.csv
[2024-03-03T22:03:14.878+0530] {subprocess.py:93} INFO -  extracting: /Users/anikbhowmick/Python/Big_Data_Assignment/A02/airflow_env/Data_storage/2024_data/72451713940.csv
[2024-03-03T22:03:14.888+0530] {subprocess.py:93} INFO -  extracting: /Users/anikbhowmick/Python/Big_Data_Assignment/A02/airflow_env/Data_storage/2024_data/06208099999.csv
[2024-03-03T22:03:14.892+0530] {subprocess.py:93} INFO -  extracting: /Users/anikbhowmick/Python/Big_Data_Assignment/A02/airflow_env/Data_storage/2024_data/01254099999.csv
[2024-03-03T22:03:14.900+0530] {subprocess.py:93} INFO -  extracting: /Users/anikbhowmick/Python/Big_Data_Assignment/A02/airflow_env/Data_storage/2024_data/72226903850.csv
[2024-03-03T22:03:14.904+0530] {subprocess.py:93} INFO -  extracting: /Users/anikbhowmick/Python/Big_Data_Assignment/A02/airflow_env/Data_storage/2024_data/99799999999.csv
[2024-03-03T22:03:14.912+0530] {subprocess.py:93} INFO -  extracting: /Users/anikbhowmick/Python/Big_Data_Assignment/A02/airflow_env/Data_storage/2024_data/10727599999.csv
[2024-03-03T22:03:14.913+0530] {subprocess.py:93} INFO -  extracting: /Users/anikbhowmick/Python/Big_Data_Assignment/A02/airflow_env/Data_storage/2024_data/22429099999.csv
[2024-03-03T22:03:14.929+0530] {subprocess.py:93} INFO -  extracting: /Users/anikbhowmick/Python/Big_Data_Assignment/A02/airflow_env/Data_storage/2024_data/72562194063.csv
[2024-03-03T22:03:14.930+0530] {subprocess.py:93} INFO -  extracting: /Users/anikbhowmick/Python/Big_Data_Assignment/A02/airflow_env/Data_storage/2024_data/68287099999.csv
[2024-03-03T22:03:14.946+0530] {subprocess.py:93} INFO -  extracting: /Users/anikbhowmick/Python/Big_Data_Assignment/A02/airflow_env/Data_storage/2024_data/02869099999.csv
[2024-03-03T22:03:14.951+0530] {subprocess.py:93} INFO -  extracting: /Users/anikbhowmick/Python/Big_Data_Assignment/A02/airflow_env/Data_storage/2024_data/03488099999.csv
[2024-03-03T22:03:14.952+0530] {subprocess.py:93} INFO -  extracting: /Users/anikbhowmick/Python/Big_Data_Assignment/A02/airflow_env/Data_storage/2024_data/33275099999.csv
[2024-03-03T22:03:14.957+0530] {subprocess.py:93} INFO -  extracting: /Users/anikbhowmick/Python/Big_Data_Assignment/A02/airflow_env/Data_storage/2024_data/93805099999.csv
[2024-03-03T22:03:14.958+0530] {subprocess.py:93} INFO -  extracting: /Users/anikbhowmick/Python/Big_Data_Assignment/A02/airflow_env/Data_storage/2024_data/41276099999.csv
[2024-03-03T22:03:14.962+0530] {subprocess.py:93} INFO -  extracting: /Users/anikbhowmick/Python/Big_Data_Assignment/A02/airflow_env/Data_storage/2024_data/02777099999.csv
[2024-03-03T22:03:14.963+0530] {subprocess.py:93} INFO -  extracting: /Users/anikbhowmick/Python/Big_Data_Assignment/A02/airflow_env/Data_storage/2024_data/48031099999.csv
[2024-03-03T22:03:14.967+0530] {subprocess.py:93} INFO -  extracting: /Users/anikbhowmick/Python/Big_Data_Assignment/A02/airflow_env/Data_storage/2024_data/06330099999.csv
[2024-03-03T22:03:14.972+0530] {subprocess.py:93} INFO -  extracting: /Users/anikbhowmick/Python/Big_Data_Assignment/A02/airflow_env/Data_storage/2024_data/47742099999.csv
[2024-03-03T22:03:14.974+0530] {subprocess.py:93} INFO -  extracting: /Users/anikbhowmick/Python/Big_Data_Assignment/A02/airflow_env/Data_storage/2024_data/32121099999.csv
[2024-03-03T22:03:14.975+0530] {subprocess.py:93} INFO -  extracting: /Users/anikbhowmick/Python/Big_Data_Assignment/A02/airflow_env/Data_storage/2024_data/48030099999.csv
[2024-03-03T22:03:14.978+0530] {subprocess.py:93} INFO -  extracting: /Users/anikbhowmick/Python/Big_Data_Assignment/A02/airflow_env/Data_storage/2024_data/86767099999.csv
[2024-03-03T22:03:14.979+0530] {subprocess.py:93} INFO -  extracting: /Users/anikbhowmick/Python/Big_Data_Assignment/A02/airflow_env/Data_storage/2024_data/84176099999.csv
[2024-03-03T22:03:14.980+0530] {subprocess.py:93} INFO -  extracting: /Users/anikbhowmick/Python/Big_Data_Assignment/A02/airflow_env/Data_storage/2024_data/78466099999.csv
[2024-03-03T22:03:14.981+0530] {subprocess.py:93} INFO -  extracting: /Users/anikbhowmick/Python/Big_Data_Assignment/A02/airflow_env/Data_storage/2024_data/71545099999.csv
[2024-03-03T22:03:15.020+0530] {subprocess.py:93} INFO -  extracting: /Users/anikbhowmick/Python/Big_Data_Assignment/A02/airflow_env/Data_storage/2024_data/99999926655.csv
[2024-03-03T22:03:15.023+0530] {subprocess.py:93} INFO -  extracting: /Users/anikbhowmick/Python/Big_Data_Assignment/A02/airflow_env/Data_storage/2024_data/94943099999.csv
[2024-03-03T22:03:15.028+0530] {subprocess.py:93} INFO -  extracting: /Users/anikbhowmick/Python/Big_Data_Assignment/A02/airflow_env/Data_storage/2024_data/91348199999.csv
[2024-03-03T22:03:15.030+0530] {subprocess.py:93} INFO -  extracting: /Users/anikbhowmick/Python/Big_Data_Assignment/A02/airflow_env/Data_storage/2024_data/51644099999.csv
[2024-03-03T22:03:15.037+0530] {subprocess.py:93} INFO -  extracting: /Users/anikbhowmick/Python/Big_Data_Assignment/A02/airflow_env/Data_storage/2024_data/72693024221.csv
[2024-03-03T22:03:15.044+0530] {subprocess.py:93} INFO -  extracting: /Users/anikbhowmick/Python/Big_Data_Assignment/A02/airflow_env/Data_storage/2024_data/71353099999.csv
[2024-03-03T22:03:15.044+0530] {subprocess.py:93} INFO -  extracting: /Users/anikbhowmick/Python/Big_Data_Assignment/A02/airflow_env/Data_storage/2024_data/99843699999.csv
[2024-03-03T22:03:15.046+0530] {subprocess.py:93} INFO -  extracting: /Users/anikbhowmick/Python/Big_Data_Assignment/A02/airflow_env/Data_storage/2024_data/41966099999.csv
[2024-03-03T22:03:15.060+0530] {subprocess.py:93} INFO -  extracting: /Users/anikbhowmick/Python/Big_Data_Assignment/A02/airflow_env/Data_storage/2024_data/72212203050.csv
[2024-03-03T22:03:15.063+0530] {subprocess.py:93} INFO -  extracting: /Users/anikbhowmick/Python/Big_Data_Assignment/A02/airflow_env/Data_storage/2024_data/12910099999.csv
[2024-03-03T22:03:15.064+0530] {subprocess.py:93} INFO -  extracting: /Users/anikbhowmick/Python/Big_Data_Assignment/A02/airflow_env/Data_storage/2024_data/29149099999.csv
[2024-03-03T22:03:15.067+0530] {subprocess.py:93} INFO -  extracting: /Users/anikbhowmick/Python/Big_Data_Assignment/A02/airflow_env/Data_storage/2024_data/91520099999.csv
[2024-03-03T22:03:15.078+0530] {subprocess.py:93} INFO -  extracting: /Users/anikbhowmick/Python/Big_Data_Assignment/A02/airflow_env/Data_storage/2024_data/47404099999.csv
[2024-03-03T22:03:15.091+0530] {subprocess.py:93} INFO -  extracting: /Users/anikbhowmick/Python/Big_Data_Assignment/A02/airflow_env/Data_storage/2024_data/87860099999.csv
[2024-03-03T22:03:15.103+0530] {subprocess.py:93} INFO -  extracting: /Users/anikbhowmick/Python/Big_Data_Assignment/A02/airflow_env/Data_storage/2024_data/72063100217.csv
[2024-03-03T22:03:15.104+0530] {subprocess.py:93} INFO -  extracting: /Users/anikbhowmick/Python/Big_Data_Assignment/A02/airflow_env/Data_storage/2024_data/30949099999.csv
[2024-03-03T22:03:15.105+0530] {subprocess.py:93} INFO -  extracting: /Users/anikbhowmick/Python/Big_Data_Assignment/A02/airflow_env/Data_storage/2024_data/38878099999.csv
[2024-03-03T22:03:15.109+0530] {subprocess.py:93} INFO -  extracting: /Users/anikbhowmick/Python/Big_Data_Assignment/A02/airflow_env/Data_storage/2024_data/93781099999.csv
[2024-03-03T22:03:15.114+0530] {subprocess.py:93} INFO -  extracting: /Users/anikbhowmick/Python/Big_Data_Assignment/A02/airflow_env/Data_storage/2024_data/71449099999.csv
[2024-03-03T22:03:15.123+0530] {subprocess.py:93} INFO -  extracting: /Users/anikbhowmick/Python/Big_Data_Assignment/A02/airflow_env/Data_storage/2024_data/48917099999.csv
[2024-03-03T22:03:15.134+0530] {subprocess.py:93} INFO -  extracting: /Users/anikbhowmick/Python/Big_Data_Assignment/A02/airflow_env/Data_storage/2024_data/72091100301.csv
[2024-03-03T22:03:15.136+0530] {subprocess.py:93} INFO -  extracting: /Users/anikbhowmick/Python/Big_Data_Assignment/A02/airflow_env/Data_storage/2024_data/38318099999.csv
[2024-03-03T22:03:15.136+0530] {subprocess.py:93} INFO -  extracting: /Users/anikbhowmick/Python/Big_Data_Assignment/A02/airflow_env/Data_storage/2024_data/88881099999.csv
[2024-03-03T22:03:15.136+0530] {subprocess.py:93} INFO -  extracting: /Users/anikbhowmick/Python/Big_Data_Assignment/A02/airflow_env/Data_storage/2024_data/94415099999.csv
[2024-03-03T22:03:15.140+0530] {subprocess.py:93} INFO -  extracting: /Users/anikbhowmick/Python/Big_Data_Assignment/A02/airflow_env/Data_storage/2024_data/99734999999.csv
[2024-03-03T22:03:15.141+0530] {subprocess.py:93} INFO -  extracting: /Users/anikbhowmick/Python/Big_Data_Assignment/A02/airflow_env/Data_storage/2024_data/48465099999.csv
[2024-03-03T22:03:15.143+0530] {subprocess.py:93} INFO -  extracting: /Users/anikbhowmick/Python/Big_Data_Assignment/A02/airflow_env/Data_storage/2024_data/58725099999.csv
[2024-03-03T22:03:15.149+0530] {subprocess.py:93} INFO -  extracting: /Users/anikbhowmick/Python/Big_Data_Assignment/A02/airflow_env/Data_storage/2024_data/72515594761.csv
[2024-03-03T22:03:15.154+0530] {subprocess.py:93} INFO -  extracting: /Users/anikbhowmick/Python/Big_Data_Assignment/A02/airflow_env/Data_storage/2024_data/06782099999.csv
[2024-03-03T22:03:15.159+0530] {subprocess.py:93} INFO -  extracting: /Users/anikbhowmick/Python/Big_Data_Assignment/A02/airflow_env/Data_storage/2024_data/86777099999.csv
[2024-03-03T22:03:15.167+0530] {subprocess.py:93} INFO -  extracting: /Users/anikbhowmick/Python/Big_Data_Assignment/A02/airflow_env/Data_storage/2024_data/06010099999.csv
[2024-03-03T22:03:15.168+0530] {subprocess.py:93} INFO -  extracting: /Users/anikbhowmick/Python/Big_Data_Assignment/A02/airflow_env/Data_storage/2024_data/36643099999.csv
[2024-03-03T22:03:15.169+0530] {subprocess.py:93} INFO -  extracting: /Users/anikbhowmick/Python/Big_Data_Assignment/A02/airflow_env/Data_storage/2024_data/01489099999.csv
[2024-03-03T22:03:15.172+0530] {subprocess.py:93} INFO -  extracting: /Users/anikbhowmick/Python/Big_Data_Assignment/A02/airflow_env/Data_storage/2024_data/01495099999.csv
[2024-03-03T22:03:15.177+0530] {subprocess.py:93} INFO -  extracting: /Users/anikbhowmick/Python/Big_Data_Assignment/A02/airflow_env/Data_storage/2024_data/71713099999.csv
[2024-03-03T22:03:15.181+0530] {subprocess.py:93} INFO -  extracting: /Users/anikbhowmick/Python/Big_Data_Assignment/A02/airflow_env/Data_storage/2024_data/06709099999.csv
[2024-03-03T22:03:15.184+0530] {subprocess.py:93} INFO -  extracting: /Users/anikbhowmick/Python/Big_Data_Assignment/A02/airflow_env/Data_storage/2024_data/15194099999.csv
[2024-03-03T22:03:15.186+0530] {subprocess.py:93} INFO -  extracting: /Users/anikbhowmick/Python/Big_Data_Assignment/A02/airflow_env/Data_storage/2024_data/53698099999.csv
[2024-03-03T22:03:15.187+0530] {subprocess.py:93} INFO -  extracting: /Users/anikbhowmick/Python/Big_Data_Assignment/A02/airflow_env/Data_storage/2024_data/23741099999.csv
[2024-03-03T22:03:15.191+0530] {subprocess.py:93} INFO -  extracting: /Users/anikbhowmick/Python/Big_Data_Assignment/A02/airflow_env/Data_storage/2024_data/87328099999.csv
[2024-03-03T22:03:15.191+0530] {subprocess.py:93} INFO -  extracting: /Users/anikbhowmick/Python/Big_Data_Assignment/A02/airflow_env/Data_storage/2024_data/62010099999.csv
[2024-03-03T22:03:15.194+0530] {subprocess.py:93} INFO -  extracting: /Users/anikbhowmick/Python/Big_Data_Assignment/A02/airflow_env/Data_storage/2024_data/86693099999.csv
[2024-03-03T22:03:15.196+0530] {subprocess.py:93} INFO -  extracting: /Users/anikbhowmick/Python/Big_Data_Assignment/A02/airflow_env/Data_storage/2024_data/25648099999.csv
[2024-03-03T22:03:15.197+0530] {subprocess.py:93} INFO -  extracting: /Users/anikbhowmick/Python/Big_Data_Assignment/A02/airflow_env/Data_storage/2024_data/91831099999.csv
[2024-03-03T22:03:15.198+0530] {subprocess.py:93} INFO -  extracting: /Users/anikbhowmick/Python/Big_Data_Assignment/A02/airflow_env/Data_storage/2024_data/71057099999.csv
[2024-03-03T22:03:15.207+0530] {subprocess.py:93} INFO -  extracting: /Users/anikbhowmick/Python/Big_Data_Assignment/A02/airflow_env/Data_storage/2024_data/03140399999.csv
[2024-03-03T22:03:15.217+0530] {subprocess.py:93} INFO -  extracting: /Users/anikbhowmick/Python/Big_Data_Assignment/A02/airflow_env/Data_storage/2024_data/47425099999.csv
[2024-03-03T22:03:15.219+0530] {subprocess.py:93} INFO -  extracting: /Users/anikbhowmick/Python/Big_Data_Assignment/A02/airflow_env/Data_storage/2024_data/65002099999.csv
[2024-03-03T22:03:15.219+0530] {subprocess.py:93} INFO -  extracting: /Users/anikbhowmick/Python/Big_Data_Assignment/A02/airflow_env/Data_storage/2024_data/67584099999.csv
[2024-03-03T22:03:15.225+0530] {subprocess.py:93} INFO -  extracting: /Users/anikbhowmick/Python/Big_Data_Assignment/A02/airflow_env/Data_storage/2024_data/72516594737.csv
[2024-03-03T22:03:15.231+0530] {subprocess.py:93} INFO -  extracting: /Users/anikbhowmick/Python/Big_Data_Assignment/A02/airflow_env/Data_storage/2024_data/72278199999.csv
[2024-03-03T22:03:15.241+0530] {subprocess.py:93} INFO -  extracting: /Users/anikbhowmick/Python/Big_Data_Assignment/A02/airflow_env/Data_storage/2024_data/94595599999.csv
[2024-03-03T22:03:15.262+0530] {subprocess.py:93} INFO -  extracting: /Users/anikbhowmick/Python/Big_Data_Assignment/A02/airflow_env/Data_storage/2024_data/06370099999.csv
[2024-03-03T22:03:15.271+0530] {subprocess.py:93} INFO -  extracting: /Users/anikbhowmick/Python/Big_Data_Assignment/A02/airflow_env/Data_storage/2024_data/72419003889.csv
[2024-03-03T22:03:15.278+0530] {subprocess.py:93} INFO -  extracting: /Users/anikbhowmick/Python/Big_Data_Assignment/A02/airflow_env/Data_storage/2024_data/96749599999.csv
[2024-03-03T22:03:15.292+0530] {subprocess.py:93} INFO -  extracting: /Users/anikbhowmick/Python/Big_Data_Assignment/A02/airflow_env/Data_storage/2024_data/48601099999.csv
[2024-03-03T22:03:15.297+0530] {subprocess.py:93} INFO -  extracting: /Users/anikbhowmick/Python/Big_Data_Assignment/A02/airflow_env/Data_storage/2024_data/16706099999.csv
[2024-03-03T22:03:15.310+0530] {subprocess.py:93} INFO -  extracting: /Users/anikbhowmick/Python/Big_Data_Assignment/A02/airflow_env/Data_storage/2024_data/06458099999.csv
[2024-03-03T22:03:15.311+0530] {subprocess.py:93} INFO -  extracting: /Users/anikbhowmick/Python/Big_Data_Assignment/A02/airflow_env/Data_storage/2024_data/48964099999.csv
[2024-03-03T22:03:15.312+0530] {subprocess.py:93} INFO -  extracting: /Users/anikbhowmick/Python/Big_Data_Assignment/A02/airflow_env/Data_storage/2024_data/71542099999.csv
[2024-03-03T22:03:15.312+0530] {subprocess.py:93} INFO -  extracting: /Users/anikbhowmick/Python/Big_Data_Assignment/A02/airflow_env/Data_storage/2024_data/82331099999.csv
[2024-03-03T22:03:15.316+0530] {subprocess.py:93} INFO -  extracting: /Users/anikbhowmick/Python/Big_Data_Assignment/A02/airflow_env/Data_storage/2024_data/37193099999.csv
[2024-03-03T22:03:15.318+0530] {subprocess.py:93} INFO -  extracting: /Users/anikbhowmick/Python/Big_Data_Assignment/A02/airflow_env/Data_storage/2024_data/40716099999.csv
[2024-03-03T22:03:15.359+0530] {subprocess.py:93} INFO -  extracting: /Users/anikbhowmick/Python/Big_Data_Assignment/A02/airflow_env/Data_storage/2024_data/99999963858.csv
[2024-03-03T22:03:15.371+0530] {subprocess.py:93} INFO -  extracting: /Users/anikbhowmick/Python/Big_Data_Assignment/A02/airflow_env/Data_storage/2024_data/72200454922.csv
[2024-03-03T22:03:15.372+0530] {subprocess.py:93} INFO -  extracting: /Users/anikbhowmick/Python/Big_Data_Assignment/A02/airflow_env/Data_storage/2024_data/97300099999.csv
[2024-03-03T22:03:15.376+0530] {subprocess.py:93} INFO -  extracting: /Users/anikbhowmick/Python/Big_Data_Assignment/A02/airflow_env/Data_storage/2024_data/71505099999.csv
[2024-03-03T22:03:15.382+0530] {subprocess.py:93} INFO -  extracting: /Users/anikbhowmick/Python/Big_Data_Assignment/A02/airflow_env/Data_storage/2024_data/65503099999.csv
[2024-03-03T22:03:15.387+0530] {subprocess.py:93} INFO -  extracting: /Users/anikbhowmick/Python/Big_Data_Assignment/A02/airflow_env/Data_storage/2024_data/03351099999.csv
[2024-03-03T22:03:15.388+0530] {subprocess.py:93} INFO -  extracting: /Users/anikbhowmick/Python/Big_Data_Assignment/A02/airflow_env/Data_storage/2024_data/22456099999.csv
[2024-03-03T22:03:15.400+0530] {subprocess.py:93} INFO -  extracting: /Users/anikbhowmick/Python/Big_Data_Assignment/A02/airflow_env/Data_storage/2024_data/72518699999.csv
[2024-03-03T22:03:15.400+0530] {subprocess.py:93} INFO -  extracting: /Users/anikbhowmick/Python/Big_Data_Assignment/A02/airflow_env/Data_storage/2024_data/07019099999.csv
[2024-03-03T22:03:15.405+0530] {subprocess.py:93} INFO -  extracting: /Users/anikbhowmick/Python/Big_Data_Assignment/A02/airflow_env/Data_storage/2024_data/59134099999.csv
[2024-03-03T22:03:15.413+0530] {subprocess.py:93} INFO -  extracting: /Users/anikbhowmick/Python/Big_Data_Assignment/A02/airflow_env/Data_storage/2024_data/16259299999.csv
[2024-03-03T22:03:15.414+0530] {subprocess.py:93} INFO -  extracting: /Users/anikbhowmick/Python/Big_Data_Assignment/A02/airflow_env/Data_storage/2024_data/64512099999.csv
[2024-03-03T22:03:15.416+0530] {subprocess.py:93} INFO -  extracting: /Users/anikbhowmick/Python/Big_Data_Assignment/A02/airflow_env/Data_storage/2024_data/34344099999.csv
[2024-03-03T22:03:15.417+0530] {subprocess.py:93} INFO -  extracting: /Users/anikbhowmick/Python/Big_Data_Assignment/A02/airflow_env/Data_storage/2024_data/22996099999.csv
[2024-03-03T22:03:15.421+0530] {subprocess.py:93} INFO -  extracting: /Users/anikbhowmick/Python/Big_Data_Assignment/A02/airflow_env/Data_storage/2024_data/76656099999.csv
[2024-03-03T22:03:15.425+0530] {subprocess.py:93} INFO -  extracting: /Users/anikbhowmick/Python/Big_Data_Assignment/A02/airflow_env/Data_storage/2024_data/02710099999.csv
[2024-03-03T22:03:15.434+0530] {subprocess.py:93} INFO -  extracting: /Users/anikbhowmick/Python/Big_Data_Assignment/A02/airflow_env/Data_storage/2024_data/78958000409.csv
[2024-03-03T22:03:15.445+0530] {subprocess.py:93} INFO -  extracting: /Users/anikbhowmick/Python/Big_Data_Assignment/A02/airflow_env/Data_storage/2024_data/68816099999.csv
[2024-03-03T22:03:15.452+0530] {subprocess.py:93} INFO -  extracting: /Users/anikbhowmick/Python/Big_Data_Assignment/A02/airflow_env/Data_storage/2024_data/96481099999.csv
[2024-03-03T22:03:15.455+0530] {subprocess.py:93} INFO -  extracting: /Users/anikbhowmick/Python/Big_Data_Assignment/A02/airflow_env/Data_storage/2024_data/47636099999.csv
[2024-03-03T22:03:15.460+0530] {subprocess.py:93} INFO -  extracting: /Users/anikbhowmick/Python/Big_Data_Assignment/A02/airflow_env/Data_storage/2024_data/71749399999.csv
[2024-03-03T22:03:15.462+0530] {subprocess.py:93} INFO -  extracting: /Users/anikbhowmick/Python/Big_Data_Assignment/A02/airflow_env/Data_storage/2024_data/36038099999.csv
[2024-03-03T22:03:15.474+0530] {subprocess.py:93} INFO -  extracting: /Users/anikbhowmick/Python/Big_Data_Assignment/A02/airflow_env/Data_storage/2024_data/72529400383.csv
[2024-03-03T22:03:15.480+0530] {subprocess.py:93} INFO -  extracting: /Users/anikbhowmick/Python/Big_Data_Assignment/A02/airflow_env/Data_storage/2024_data/72410613728.csv
[2024-03-03T22:03:15.483+0530] {subprocess.py:93} INFO -  extracting: /Users/anikbhowmick/Python/Big_Data_Assignment/A02/airflow_env/Data_storage/2024_data/65467099999.csv
[2024-03-03T22:03:15.487+0530] {subprocess.py:93} INFO -  extracting: /Users/anikbhowmick/Python/Big_Data_Assignment/A02/airflow_env/Data_storage/2024_data/02876099999.csv
[2024-03-03T22:03:15.498+0530] {subprocess.py:93} INFO -  extracting: /Users/anikbhowmick/Python/Big_Data_Assignment/A02/airflow_env/Data_storage/2024_data/17038099999.csv
[2024-03-03T22:03:15.499+0530] {subprocess.py:93} INFO -  extracting: /Users/anikbhowmick/Python/Big_Data_Assignment/A02/airflow_env/Data_storage/2024_data/59278099999.csv
[2024-03-03T22:03:15.511+0530] {subprocess.py:93} INFO -  extracting: /Users/anikbhowmick/Python/Big_Data_Assignment/A02/airflow_env/Data_storage/2024_data/15420099999.csv
[2024-03-03T22:03:15.513+0530] {subprocess.py:93} INFO -  extracting: /Users/anikbhowmick/Python/Big_Data_Assignment/A02/airflow_env/Data_storage/2024_data/37492099999.csv
[2024-03-03T22:03:15.521+0530] {subprocess.py:93} INFO -  extracting: /Users/anikbhowmick/Python/Big_Data_Assignment/A02/airflow_env/Data_storage/2024_data/60769099999.csv
[2024-03-03T22:03:15.529+0530] {subprocess.py:93} INFO -  extracting: /Users/anikbhowmick/Python/Big_Data_Assignment/A02/airflow_env/Data_storage/2024_data/10852099999.csv
[2024-03-03T22:03:15.536+0530] {subprocess.py:93} INFO -  extracting: /Users/anikbhowmick/Python/Big_Data_Assignment/A02/airflow_env/Data_storage/2024_data/72616354770.csv
[2024-03-03T22:03:15.541+0530] {subprocess.py:93} INFO -  extracting: /Users/anikbhowmick/Python/Big_Data_Assignment/A02/airflow_env/Data_storage/2024_data/72319453872.csv
[2024-03-03T22:03:15.547+0530] {subprocess.py:93} INFO -  extracting: /Users/anikbhowmick/Python/Big_Data_Assignment/A02/airflow_env/Data_storage/2024_data/70388425376.csv
[2024-03-03T22:03:15.552+0530] {subprocess.py:93} INFO -  extracting: /Users/anikbhowmick/Python/Big_Data_Assignment/A02/airflow_env/Data_storage/2024_data/03044099999.csv
[2024-03-03T22:03:15.556+0530] {subprocess.py:93} INFO -  extracting: /Users/anikbhowmick/Python/Big_Data_Assignment/A02/airflow_env/Data_storage/2024_data/08226099999.csv
[2024-03-03T22:03:15.557+0530] {subprocess.py:93} INFO -  extracting: /Users/anikbhowmick/Python/Big_Data_Assignment/A02/airflow_env/Data_storage/2024_data/60379099999.csv
[2024-03-03T22:03:15.558+0530] {subprocess.py:93} INFO -  extracting: /Users/anikbhowmick/Python/Big_Data_Assignment/A02/airflow_env/Data_storage/2024_data/31683099999.csv
[2024-03-03T22:03:15.558+0530] {subprocess.py:93} INFO -  extracting: /Users/anikbhowmick/Python/Big_Data_Assignment/A02/airflow_env/Data_storage/2024_data/64851499999.csv
[2024-03-03T22:03:15.561+0530] {subprocess.py:93} INFO -  extracting: /Users/anikbhowmick/Python/Big_Data_Assignment/A02/airflow_env/Data_storage/2024_data/68497099999.csv
[2024-03-03T22:03:15.568+0530] {subprocess.py:93} INFO -  extracting: /Users/anikbhowmick/Python/Big_Data_Assignment/A02/airflow_env/Data_storage/2024_data/72512854739.csv
[2024-03-03T22:03:15.580+0530] {subprocess.py:93} INFO -  extracting: /Users/anikbhowmick/Python/Big_Data_Assignment/A02/airflow_env/Data_storage/2024_data/72547804920.csv
[2024-03-03T22:03:15.619+0530] {subprocess.py:93} INFO -  extracting: /Users/anikbhowmick/Python/Big_Data_Assignment/A02/airflow_env/Data_storage/2024_data/99999904125.csv
[2024-03-03T22:03:15.631+0530] {subprocess.py:93} INFO -  extracting: /Users/anikbhowmick/Python/Big_Data_Assignment/A02/airflow_env/Data_storage/2024_data/72314863859.csv
[2024-03-03T22:03:15.636+0530] {subprocess.py:93} INFO -  extracting: /Users/anikbhowmick/Python/Big_Data_Assignment/A02/airflow_env/Data_storage/2024_data/67073099999.csv
[2024-03-03T22:03:15.637+0530] {subprocess.py:93} INFO -  extracting: /Users/anikbhowmick/Python/Big_Data_Assignment/A02/airflow_env/Data_storage/2024_data/67971099999.csv
[2024-03-03T22:03:15.638+0530] {subprocess.py:93} INFO -  extracting: /Users/anikbhowmick/Python/Big_Data_Assignment/A02/airflow_env/Data_storage/2024_data/64463099999.csv
[2024-03-03T22:03:15.650+0530] {subprocess.py:93} INFO -  extracting: /Users/anikbhowmick/Python/Big_Data_Assignment/A02/airflow_env/Data_storage/2024_data/70262699999.csv
[2024-03-03T22:03:15.650+0530] {subprocess.py:93} INFO -  extracting: /Users/anikbhowmick/Python/Big_Data_Assignment/A02/airflow_env/Data_storage/2024_data/94663099999.csv
[2024-03-03T22:03:15.653+0530] {subprocess.py:93} INFO -  extracting: /Users/anikbhowmick/Python/Big_Data_Assignment/A02/airflow_env/Data_storage/2024_data/42506099999.csv
[2024-03-03T22:03:15.653+0530] {subprocess.py:93} INFO -  extracting: /Users/anikbhowmick/Python/Big_Data_Assignment/A02/airflow_env/Data_storage/2024_data/67287199999.csv
[2024-03-03T22:03:15.691+0530] {subprocess.py:93} INFO -  extracting: /Users/anikbhowmick/Python/Big_Data_Assignment/A02/airflow_env/Data_storage/2024_data/99999953151.csv
[2024-03-03T22:03:15.693+0530] {subprocess.py:93} INFO -  extracting: /Users/anikbhowmick/Python/Big_Data_Assignment/A02/airflow_env/Data_storage/2024_data/27066099999.csv
[2024-03-03T22:03:15.696+0530] {subprocess.py:93} INFO -  extracting: /Users/anikbhowmick/Python/Big_Data_Assignment/A02/airflow_env/Data_storage/2024_data/94336099999.csv
[2024-03-03T22:03:15.700+0530] {subprocess.py:93} INFO -  extracting: /Users/anikbhowmick/Python/Big_Data_Assignment/A02/airflow_env/Data_storage/2024_data/71851599999.csv
[2024-03-03T22:03:15.702+0530] {subprocess.py:93} INFO -  extracting: /Users/anikbhowmick/Python/Big_Data_Assignment/A02/airflow_env/Data_storage/2024_data/23256099999.csv
[2024-03-03T22:03:15.702+0530] {subprocess.py:93} INFO -  extracting: /Users/anikbhowmick/Python/Big_Data_Assignment/A02/airflow_env/Data_storage/2024_data/48916099999.csv
[2024-03-03T22:03:15.708+0530] {subprocess.py:93} INFO -  extracting: /Users/anikbhowmick/Python/Big_Data_Assignment/A02/airflow_env/Data_storage/2024_data/72451523064.csv
[2024-03-03T22:03:15.709+0530] {subprocess.py:93} INFO -  extracting: /Users/anikbhowmick/Python/Big_Data_Assignment/A02/airflow_env/Data_storage/2024_data/67580099999.csv
[2024-03-03T22:03:15.709+0530] {subprocess.py:93} INFO -  extracting: /Users/anikbhowmick/Python/Big_Data_Assignment/A02/airflow_env/Data_storage/2024_data/83368099999.csv
[2024-03-03T22:03:15.721+0530] {subprocess.py:93} INFO -  extracting: /Users/anikbhowmick/Python/Big_Data_Assignment/A02/airflow_env/Data_storage/2024_data/70030027503.csv
[2024-03-03T22:03:15.732+0530] {subprocess.py:93} INFO -  extracting: /Users/anikbhowmick/Python/Big_Data_Assignment/A02/airflow_env/Data_storage/2024_data/07150099999.csv
[2024-03-03T22:03:15.734+0530] {subprocess.py:93} INFO -  extracting: /Users/anikbhowmick/Python/Big_Data_Assignment/A02/airflow_env/Data_storage/2024_data/38462099999.csv
[2024-03-03T22:03:15.754+0530] {subprocess.py:93} INFO -  extracting: /Users/anikbhowmick/Python/Big_Data_Assignment/A02/airflow_env/Data_storage/2024_data/72026153976.csv
[2024-03-03T22:03:15.759+0530] {subprocess.py:93} INFO -  extracting: /Users/anikbhowmick/Python/Big_Data_Assignment/A02/airflow_env/Data_storage/2024_data/72464523070.csv
[2024-03-03T22:03:15.763+0530] {subprocess.py:93} INFO -  extracting: /Users/anikbhowmick/Python/Big_Data_Assignment/A02/airflow_env/Data_storage/2024_data/47122399999.csv
[2024-03-03T22:03:15.764+0530] {subprocess.py:93} INFO -  extracting: /Users/anikbhowmick/Python/Big_Data_Assignment/A02/airflow_env/Data_storage/2024_data/34262099999.csv
[2024-03-03T22:03:15.769+0530] {subprocess.py:93} INFO -  extracting: /Users/anikbhowmick/Python/Big_Data_Assignment/A02/airflow_env/Data_storage/2024_data/94127099999.csv
[2024-03-03T22:03:15.770+0530] {subprocess.py:93} INFO -  extracting: /Users/anikbhowmick/Python/Big_Data_Assignment/A02/airflow_env/Data_storage/2024_data/43233099999.csv
[2024-03-03T22:03:15.771+0530] {subprocess.py:93} INFO -  extracting: /Users/anikbhowmick/Python/Big_Data_Assignment/A02/airflow_env/Data_storage/2024_data/42661099999.csv
[2024-03-03T22:03:15.771+0530] {subprocess.py:93} INFO -  extracting: /Users/anikbhowmick/Python/Big_Data_Assignment/A02/airflow_env/Data_storage/2024_data/31561099999.csv
[2024-03-03T22:03:15.780+0530] {subprocess.py:93} INFO -  extracting: /Users/anikbhowmick/Python/Big_Data_Assignment/A02/airflow_env/Data_storage/2024_data/72570594030.csv
[2024-03-03T22:03:15.785+0530] {subprocess.py:93} INFO -  extracting: /Users/anikbhowmick/Python/Big_Data_Assignment/A02/airflow_env/Data_storage/2024_data/41136099999.csv
[2024-03-03T22:03:15.786+0530] {subprocess.py:93} INFO -  extracting: /Users/anikbhowmick/Python/Big_Data_Assignment/A02/airflow_env/Data_storage/2024_data/15525799999.csv
[2024-03-03T22:03:15.788+0530] {subprocess.py:93} INFO -  extracting: /Users/anikbhowmick/Python/Big_Data_Assignment/A02/airflow_env/Data_storage/2024_data/50353099999.csv
[2024-03-03T22:03:15.793+0530] {subprocess.py:93} INFO -  extracting: /Users/anikbhowmick/Python/Big_Data_Assignment/A02/airflow_env/Data_storage/2024_data/71356099999.csv
[2024-03-03T22:03:15.802+0530] {subprocess.py:93} INFO -  extracting: /Users/anikbhowmick/Python/Big_Data_Assignment/A02/airflow_env/Data_storage/2024_data/72525014852.csv
[2024-03-03T22:03:15.803+0530] {subprocess.py:93} INFO -  extracting: /Users/anikbhowmick/Python/Big_Data_Assignment/A02/airflow_env/Data_storage/2024_data/41965099999.csv
[2024-03-03T22:03:15.807+0530] {subprocess.py:93} INFO -  extracting: /Users/anikbhowmick/Python/Big_Data_Assignment/A02/airflow_env/Data_storage/2024_data/94588099999.csv
[2024-03-03T22:03:15.810+0530] {subprocess.py:93} INFO -  extracting: /Users/anikbhowmick/Python/Big_Data_Assignment/A02/airflow_env/Data_storage/2024_data/40835199999.csv
[2024-03-03T22:03:15.811+0530] {subprocess.py:93} INFO -  extracting: /Users/anikbhowmick/Python/Big_Data_Assignment/A02/airflow_env/Data_storage/2024_data/30975099999.csv
[2024-03-03T22:03:15.812+0530] {subprocess.py:93} INFO -  extracting: /Users/anikbhowmick/Python/Big_Data_Assignment/A02/airflow_env/Data_storage/2024_data/86268099999.csv
[2024-03-03T22:03:15.817+0530] {subprocess.py:93} INFO -  extracting: /Users/anikbhowmick/Python/Big_Data_Assignment/A02/airflow_env/Data_storage/2024_data/10837099999.csv
[2024-03-03T22:03:15.826+0530] {subprocess.py:93} INFO -  extracting: /Users/anikbhowmick/Python/Big_Data_Assignment/A02/airflow_env/Data_storage/2024_data/72539014836.csv
[2024-03-03T22:03:15.839+0530] {subprocess.py:93} INFO -  extracting: /Users/anikbhowmick/Python/Big_Data_Assignment/A02/airflow_env/Data_storage/2024_data/72210103039.csv
[2024-03-03T22:03:15.847+0530] {subprocess.py:93} INFO -  extracting: /Users/anikbhowmick/Python/Big_Data_Assignment/A02/airflow_env/Data_storage/2024_data/27515599999.csv
[2024-03-03T22:03:15.848+0530] {subprocess.py:93} INFO -  extracting: /Users/anikbhowmick/Python/Big_Data_Assignment/A02/airflow_env/Data_storage/2024_data/34199099999.csv
[2024-03-03T22:03:15.849+0530] {subprocess.py:93} INFO -  extracting: /Users/anikbhowmick/Python/Big_Data_Assignment/A02/airflow_env/Data_storage/2024_data/64605099999.csv
[2024-03-03T22:03:15.850+0530] {subprocess.py:93} INFO -  extracting: /Users/anikbhowmick/Python/Big_Data_Assignment/A02/airflow_env/Data_storage/2024_data/33261099999.csv
[2024-03-03T22:03:15.859+0530] {subprocess.py:93} INFO -  extracting: /Users/anikbhowmick/Python/Big_Data_Assignment/A02/airflow_env/Data_storage/2024_data/15625099999.csv
[2024-03-03T22:03:15.865+0530] {subprocess.py:93} INFO -  extracting: /Users/anikbhowmick/Python/Big_Data_Assignment/A02/airflow_env/Data_storage/2024_data/78439099999.csv
[2024-03-03T22:03:15.866+0530] {subprocess.py:93} INFO -  extracting: /Users/anikbhowmick/Python/Big_Data_Assignment/A02/airflow_env/Data_storage/2024_data/41764099999.csv
[2024-03-03T22:03:15.879+0530] {subprocess.py:93} INFO -  extracting: /Users/anikbhowmick/Python/Big_Data_Assignment/A02/airflow_env/Data_storage/2024_data/72220804224.csv
[2024-03-03T22:03:15.885+0530] {subprocess.py:93} INFO -  extracting: /Users/anikbhowmick/Python/Big_Data_Assignment/A02/airflow_env/Data_storage/2024_data/72211612873.csv
[2024-03-03T22:03:15.887+0530] {subprocess.py:93} INFO -  extracting: /Users/anikbhowmick/Python/Big_Data_Assignment/A02/airflow_env/Data_storage/2024_data/29348099999.csv
[2024-03-03T22:03:15.898+0530] {subprocess.py:93} INFO -  extracting: /Users/anikbhowmick/Python/Big_Data_Assignment/A02/airflow_env/Data_storage/2024_data/11120099999.csv
[2024-03-03T22:03:15.906+0530] {subprocess.py:93} INFO -  extracting: /Users/anikbhowmick/Python/Big_Data_Assignment/A02/airflow_env/Data_storage/2024_data/08014299999.csv
[2024-03-03T22:03:15.913+0530] {subprocess.py:93} INFO -  extracting: /Users/anikbhowmick/Python/Big_Data_Assignment/A02/airflow_env/Data_storage/2024_data/16179099999.csv
[2024-03-03T22:03:15.922+0530] {subprocess.py:93} INFO -  extracting: /Users/anikbhowmick/Python/Big_Data_Assignment/A02/airflow_env/Data_storage/2024_data/94895599999.csv
[2024-03-03T22:03:15.926+0530] {subprocess.py:93} INFO -  extracting: /Users/anikbhowmick/Python/Big_Data_Assignment/A02/airflow_env/Data_storage/2024_data/11001099999.csv
[2024-03-03T22:03:15.927+0530] {subprocess.py:93} INFO -  extracting: /Users/anikbhowmick/Python/Big_Data_Assignment/A02/airflow_env/Data_storage/2024_data/58730099999.csv
[2024-03-03T22:03:15.940+0530] {subprocess.py:93} INFO -  extracting: /Users/anikbhowmick/Python/Big_Data_Assignment/A02/airflow_env/Data_storage/2024_data/72214504884.csv
[2024-03-03T22:03:15.940+0530] {subprocess.py:93} INFO -  extracting: /Users/anikbhowmick/Python/Big_Data_Assignment/A02/airflow_env/Data_storage/2024_data/71160099999.csv
[2024-03-03T22:03:15.948+0530] {subprocess.py:93} INFO -  extracting: /Users/anikbhowmick/Python/Big_Data_Assignment/A02/airflow_env/Data_storage/2024_data/02464099999.csv
[2024-03-03T22:03:15.961+0530] {subprocess.py:93} INFO -  extracting: /Users/anikbhowmick/Python/Big_Data_Assignment/A02/airflow_env/Data_storage/2024_data/72057600174.csv
[2024-03-03T22:03:15.963+0530] {subprocess.py:93} INFO -  extracting: /Users/anikbhowmick/Python/Big_Data_Assignment/A02/airflow_env/Data_storage/2024_data/26313099999.csv
[2024-03-03T22:03:15.963+0530] {subprocess.py:93} INFO -  extracting: /Users/anikbhowmick/Python/Big_Data_Assignment/A02/airflow_env/Data_storage/2024_data/02635099999.csv
[2024-03-03T22:03:15.968+0530] {subprocess.py:93} INFO -  extracting: /Users/anikbhowmick/Python/Big_Data_Assignment/A02/airflow_env/Data_storage/2024_data/67751099999.csv
[2024-03-03T22:03:15.969+0530] {subprocess.py:93} INFO -  extracting: /Users/anikbhowmick/Python/Big_Data_Assignment/A02/airflow_env/Data_storage/2024_data/61986099999.csv
[2024-03-03T22:03:15.970+0530] {subprocess.py:93} INFO -  extracting: /Users/anikbhowmick/Python/Big_Data_Assignment/A02/airflow_env/Data_storage/2024_data/57426099999.csv
[2024-03-03T22:03:15.971+0530] {subprocess.py:93} INFO -  extracting: /Users/anikbhowmick/Python/Big_Data_Assignment/A02/airflow_env/Data_storage/2024_data/84105099999.csv
[2024-03-03T22:03:15.976+0530] {subprocess.py:93} INFO -  extracting: /Users/anikbhowmick/Python/Big_Data_Assignment/A02/airflow_env/Data_storage/2024_data/71644099999.csv
[2024-03-03T22:03:15.978+0530] {subprocess.py:93} INFO -  extracting: /Users/anikbhowmick/Python/Big_Data_Assignment/A02/airflow_env/Data_storage/2024_data/26477099999.csv
[2024-03-03T22:03:15.984+0530] {subprocess.py:93} INFO -  extracting: /Users/anikbhowmick/Python/Big_Data_Assignment/A02/airflow_env/Data_storage/2024_data/16726399999.csv
[2024-03-03T22:03:15.985+0530] {subprocess.py:97} INFO - Command exited with return code 0
[2024-03-03T22:03:16.000+0530] {taskinstance.py:1149} INFO - Marking task as SUCCESS. dag_id=weather_data_pipeline, task_id=unzip_archive, execution_date=20240302T003300, start_date=20240303T163313, end_date=20240303T163316
[2024-03-03T22:03:16.010+0530] {local_task_job_runner.py:234} INFO - Task exited with return code 0
[2024-03-03T22:03:16.022+0530] {taskinstance.py:3309} INFO - 1 downstream tasks scheduled from follow-on schedule check
