[2024-03-02T22:19:13.188+0530] {taskinstance.py:1979} INFO - Dependencies all met for dep_context=non-requeueable deps ti=<TaskInstance: weather_data_pipeline.unzip_archive manual__2024-03-02T16:49:08.513052+00:00 [queued]>
[2024-03-02T22:19:13.190+0530] {taskinstance.py:1979} INFO - Dependencies all met for dep_context=requeueable deps ti=<TaskInstance: weather_data_pipeline.unzip_archive manual__2024-03-02T16:49:08.513052+00:00 [queued]>
[2024-03-02T22:19:13.190+0530] {taskinstance.py:2193} INFO - Starting attempt 1 of 2
[2024-03-02T22:19:13.193+0530] {taskinstance.py:2214} INFO - Executing <Task(BashOperator): unzip_archive> on 2024-03-02 16:49:08.513052+00:00
[2024-03-02T22:19:13.197+0530] {standard_task_runner.py:60} INFO - Started process 19972 to run task
[2024-03-02T22:19:13.199+0530] {standard_task_runner.py:87} INFO - Running: ['airflow', 'tasks', 'run', 'weather_data_pipeline', 'unzip_archive', 'manual__2024-03-02T16:49:08.513052+00:00', '--job-id', '219', '--raw', '--subdir', 'DAGS_FOLDER/Data_analysis.py', '--cfg-path', '/var/folders/th/tnjyp6yd1cj78nysn5t4jl6h0000gn/T/tmpb2rsdvdn']
[2024-03-02T22:19:13.200+0530] {standard_task_runner.py:88} INFO - Job 219: Subtask unzip_archive
[2024-03-02T22:19:13.215+0530] {task_command.py:423} INFO - Running <TaskInstance: weather_data_pipeline.unzip_archive manual__2024-03-02T16:49:08.513052+00:00 [running]> on host aniks-macbook-air.local
[2024-03-02T22:19:13.233+0530] {taskinstance.py:2510} INFO - Exporting env vars: AIRFLOW_CTX_DAG_OWNER='airflow' AIRFLOW_CTX_DAG_ID='weather_data_pipeline' AIRFLOW_CTX_TASK_ID='unzip_archive' AIRFLOW_CTX_EXECUTION_DATE='2024-03-02T16:49:08.513052+00:00' AIRFLOW_CTX_TRY_NUMBER='1' AIRFLOW_CTX_DAG_RUN_ID='manual__2024-03-02T16:49:08.513052+00:00'
[2024-03-02T22:19:13.234+0530] {subprocess.py:63} INFO - Tmp dir root location: /var/folders/th/tnjyp6yd1cj78nysn5t4jl6h0000gn/T
[2024-03-02T22:19:13.235+0530] {subprocess.py:75} INFO - Running command: ['/bin/bash', '-c', 'mkdir -p /Users/anikbhowmick/Python/Big_Data_Assignment/A02/airflow_env/Data_storage/2024_data && unzip -o /Users/anikbhowmick/Python/Big_Data_Assignment/A02/airflow_env/Data_storage/2024_data.zip -d /Users/anikbhowmick/Python/Big_Data_Assignment/A02/airflow_env/Data_storage/2024_data/']
[2024-03-02T22:19:13.238+0530] {subprocess.py:86} INFO - Output:
[2024-03-02T22:19:13.246+0530] {subprocess.py:93} INFO - Archive:  /Users/anikbhowmick/Python/Big_Data_Assignment/A02/airflow_env/Data_storage/2024_data.zip
[2024-03-02T22:19:13.260+0530] {subprocess.py:93} INFO -  extracting: /Users/anikbhowmick/Python/Big_Data_Assignment/A02/airflow_env/Data_storage/2024_data/94609099999.csv
[2024-03-02T22:19:13.266+0530] {subprocess.py:93} INFO -  extracting: /Users/anikbhowmick/Python/Big_Data_Assignment/A02/airflow_env/Data_storage/2024_data/71061099999.csv
[2024-03-02T22:19:13.300+0530] {subprocess.py:93} INFO -  extracting: /Users/anikbhowmick/Python/Big_Data_Assignment/A02/airflow_env/Data_storage/2024_data/99999994074.csv
[2024-03-02T22:19:13.306+0530] {subprocess.py:93} INFO -  extracting: /Users/anikbhowmick/Python/Big_Data_Assignment/A02/airflow_env/Data_storage/2024_data/72286699999.csv
[2024-03-02T22:19:13.315+0530] {subprocess.py:93} INFO -  extracting: /Users/anikbhowmick/Python/Big_Data_Assignment/A02/airflow_env/Data_storage/2024_data/91218041414.csv
[2024-03-02T22:19:13.319+0530] {subprocess.py:93} INFO -  extracting: /Users/anikbhowmick/Python/Big_Data_Assignment/A02/airflow_env/Data_storage/2024_data/15206099999.csv
[2024-03-02T22:19:13.322+0530] {subprocess.py:93} INFO -  extracting: /Users/anikbhowmick/Python/Big_Data_Assignment/A02/airflow_env/Data_storage/2024_data/65010099999.csv
[2024-03-02T22:19:13.323+0530] {subprocess.py:93} INFO -  extracting: /Users/anikbhowmick/Python/Big_Data_Assignment/A02/airflow_env/Data_storage/2024_data/51334099999.csv
[2024-03-02T22:19:13.331+0530] {subprocess.py:93} INFO -  extracting: /Users/anikbhowmick/Python/Big_Data_Assignment/A02/airflow_env/Data_storage/2024_data/01010099999.csv
[2024-03-02T22:19:13.335+0530] {subprocess.py:93} INFO -  extracting: /Users/anikbhowmick/Python/Big_Data_Assignment/A02/airflow_env/Data_storage/2024_data/80144099999.csv
[2024-03-02T22:19:13.346+0530] {subprocess.py:93} INFO -  extracting: /Users/anikbhowmick/Python/Big_Data_Assignment/A02/airflow_env/Data_storage/2024_data/72656804961.csv
[2024-03-02T22:19:13.357+0530] {subprocess.py:93} INFO -  extracting: /Users/anikbhowmick/Python/Big_Data_Assignment/A02/airflow_env/Data_storage/2024_data/94972099999.csv
[2024-03-02T22:19:13.361+0530] {subprocess.py:93} INFO -  extracting: /Users/anikbhowmick/Python/Big_Data_Assignment/A02/airflow_env/Data_storage/2024_data/99772999999.csv
[2024-03-02T22:19:13.365+0530] {subprocess.py:93} INFO -  extracting: /Users/anikbhowmick/Python/Big_Data_Assignment/A02/airflow_env/Data_storage/2024_data/12100099999.csv
[2024-03-02T22:19:13.376+0530] {subprocess.py:93} INFO -  extracting: /Users/anikbhowmick/Python/Big_Data_Assignment/A02/airflow_env/Data_storage/2024_data/72038400124.csv
[2024-03-02T22:19:13.382+0530] {subprocess.py:93} INFO -  extracting: /Users/anikbhowmick/Python/Big_Data_Assignment/A02/airflow_env/Data_storage/2024_data/71401099999.csv
[2024-03-02T22:19:13.420+0530] {subprocess.py:93} INFO -  extracting: /Users/anikbhowmick/Python/Big_Data_Assignment/A02/airflow_env/Data_storage/2024_data/99999992826.csv
[2024-03-02T22:19:13.433+0530] {subprocess.py:93} INFO -  extracting: /Users/anikbhowmick/Python/Big_Data_Assignment/A02/airflow_env/Data_storage/2024_data/03140099999.csv
[2024-03-02T22:19:13.434+0530] {subprocess.py:93} INFO -  extracting: /Users/anikbhowmick/Python/Big_Data_Assignment/A02/airflow_env/Data_storage/2024_data/31873099999.csv
[2024-03-02T22:19:13.438+0530] {subprocess.py:93} INFO -  extracting: /Users/anikbhowmick/Python/Big_Data_Assignment/A02/airflow_env/Data_storage/2024_data/17030099999.csv
[2024-03-02T22:19:13.438+0530] {subprocess.py:97} INFO - Command exited with return code 0
[2024-03-02T22:19:13.445+0530] {taskinstance.py:1149} INFO - Marking task as SUCCESS. dag_id=weather_data_pipeline, task_id=unzip_archive, execution_date=20240302T164908, start_date=20240302T164913, end_date=20240302T164913
[2024-03-02T22:19:13.486+0530] {local_task_job_runner.py:234} INFO - Task exited with return code 0
[2024-03-02T22:19:13.496+0530] {taskinstance.py:3309} INFO - 1 downstream tasks scheduled from follow-on schedule check
