[2024-03-08T00:23:14.094+0530] {taskinstance.py:1979} INFO - Dependencies all met for dep_context=non-requeueable deps ti=<TaskInstance: weather_data_pipeline.compute_averages scheduled__2024-03-03T00:33:00+00:00 [queued]>
[2024-03-08T00:23:14.096+0530] {taskinstance.py:1979} INFO - Dependencies all met for dep_context=requeueable deps ti=<TaskInstance: weather_data_pipeline.compute_averages scheduled__2024-03-03T00:33:00+00:00 [queued]>
[2024-03-08T00:23:14.096+0530] {taskinstance.py:2193} INFO - Starting attempt 3 of 4
[2024-03-08T00:23:14.102+0530] {taskinstance.py:2214} INFO - Executing <Task(PythonOperator): compute_averages> on 2024-03-03 00:33:00+00:00
[2024-03-08T00:23:14.108+0530] {standard_task_runner.py:60} INFO - Started process 2771 to run task
[2024-03-08T00:23:14.110+0530] {standard_task_runner.py:87} INFO - Running: ['airflow', 'tasks', 'run', 'weather_data_pipeline', 'compute_averages', 'scheduled__2024-03-03T00:33:00+00:00', '--job-id', '563', '--raw', '--subdir', 'DAGS_FOLDER/Data_analysis.py', '--cfg-path', '/var/folders/th/tnjyp6yd1cj78nysn5t4jl6h0000gn/T/tmprgnmj792']
[2024-03-08T00:23:14.111+0530] {standard_task_runner.py:88} INFO - Job 563: Subtask compute_averages
[2024-03-08T00:23:14.128+0530] {task_command.py:423} INFO - Running <TaskInstance: weather_data_pipeline.compute_averages scheduled__2024-03-03T00:33:00+00:00 [running]> on host aniks-macbook-air.local
[2024-03-08T00:23:14.145+0530] {taskinstance.py:2510} INFO - Exporting env vars: AIRFLOW_CTX_DAG_OWNER='airflow' AIRFLOW_CTX_DAG_ID='weather_data_pipeline' AIRFLOW_CTX_TASK_ID='compute_averages' AIRFLOW_CTX_EXECUTION_DATE='2024-03-03T00:33:00+00:00' AIRFLOW_CTX_TRY_NUMBER='3' AIRFLOW_CTX_DAG_RUN_ID='scheduled__2024-03-03T00:33:00+00:00'
[2024-03-08T00:23:14.147+0530] {pipeline.py:196} INFO - Missing pipeline option (runner). Executing pipeline using the default runner: DirectRunner.
[2024-03-08T00:23:14.204+0530] {translations.py:712} INFO - ==================== <function annotate_downstream_side_inputs at 0x13fef0cc0> ====================
[2024-03-08T00:23:14.205+0530] {translations.py:712} INFO - ==================== <function fix_side_input_pcoll_coders at 0x13fef0e00> ====================
[2024-03-08T00:23:14.205+0530] {translations.py:712} INFO - ==================== <function pack_combiners at 0x13fef13a0> ====================
[2024-03-08T00:23:14.205+0530] {translations.py:712} INFO - ==================== <function lift_combiners at 0x13fef1440> ====================
[2024-03-08T00:23:14.205+0530] {translations.py:712} INFO - ==================== <function expand_sdf at 0x13fef1620> ====================
[2024-03-08T00:23:14.205+0530] {translations.py:712} INFO - ==================== <function expand_gbk at 0x13fef16c0> ====================
[2024-03-08T00:23:14.206+0530] {translations.py:712} INFO - ==================== <function sink_flattens at 0x13fef1800> ====================
[2024-03-08T00:23:14.206+0530] {translations.py:712} INFO - ==================== <function greedily_fuse at 0x13fef18a0> ====================
[2024-03-08T00:23:14.206+0530] {translations.py:712} INFO - ==================== <function read_to_impulse at 0x13fef1940> ====================
[2024-03-08T00:23:14.206+0530] {translations.py:712} INFO - ==================== <function impulse_to_input at 0x13fef19e0> ====================
[2024-03-08T00:23:14.206+0530] {translations.py:712} INFO - ==================== <function sort_stages at 0x13fef1c60> ====================
[2024-03-08T00:23:14.206+0530] {translations.py:712} INFO - ==================== <function add_impulse_to_dangling_transforms at 0x13fef1da0> ====================
[2024-03-08T00:23:14.206+0530] {translations.py:712} INFO - ==================== <function setup_timer_mapping at 0x13fef1bc0> ====================
[2024-03-08T00:23:14.207+0530] {translations.py:712} INFO - ==================== <function populate_data_channel_coders at 0x13fef1d00> ====================
[2024-03-08T00:23:14.207+0530] {statecache.py:234} INFO - Creating state cache with size 104857600
[2024-03-08T00:23:14.207+0530] {worker_handlers.py:922} INFO - Created Worker handler <apache_beam.runners.portability.fn_api_runner.worker_handlers.EmbeddedWorkerHandler object at 0x13fb1f550> for environment ref_Environment_default_environment_1 (beam:env:embedded_python:v1, b'')
[2024-03-08T00:23:15.245+0530] {python.py:202} INFO - Done. Returned value was: None
[2024-03-08T00:23:15.247+0530] {taskinstance.py:1149} INFO - Marking task as SUCCESS. dag_id=weather_data_pipeline, task_id=compute_averages, execution_date=20240303T003300, start_date=20240307T185314, end_date=20240307T185315
[2024-03-08T00:23:15.296+0530] {local_task_job_runner.py:234} INFO - Task exited with return code 0
[2024-03-08T00:23:15.307+0530] {taskinstance.py:3309} INFO - 1 downstream tasks scheduled from follow-on schedule check
