[2024-03-02T15:19:25.175+0530] {taskinstance.py:1979} INFO - Dependencies all met for dep_context=non-requeueable deps ti=<TaskInstance: weather_data_pipeline.unzip_archive manual__2024-03-02T09:49:20.096699+00:00 [queued]>
[2024-03-02T15:19:25.177+0530] {taskinstance.py:1979} INFO - Dependencies all met for dep_context=requeueable deps ti=<TaskInstance: weather_data_pipeline.unzip_archive manual__2024-03-02T09:49:20.096699+00:00 [queued]>
[2024-03-02T15:19:25.177+0530] {taskinstance.py:2193} INFO - Starting attempt 1 of 2
[2024-03-02T15:19:25.181+0530] {taskinstance.py:2214} INFO - Executing <Task(BashOperator): unzip_archive> on 2024-03-02 09:49:20.096699+00:00
[2024-03-02T15:19:25.183+0530] {standard_task_runner.py:60} INFO - Started process 3489 to run task
[2024-03-02T15:19:25.186+0530] {standard_task_runner.py:87} INFO - Running: ['airflow', 'tasks', 'run', 'weather_data_pipeline', 'unzip_archive', 'manual__2024-03-02T09:49:20.096699+00:00', '--job-id', '200', '--raw', '--subdir', 'DAGS_FOLDER/Data_analysis.py', '--cfg-path', '/var/folders/th/tnjyp6yd1cj78nysn5t4jl6h0000gn/T/tmpkv8qbvdt']
[2024-03-02T15:19:25.187+0530] {standard_task_runner.py:88} INFO - Job 200: Subtask unzip_archive
[2024-03-02T15:19:25.199+0530] {task_command.py:423} INFO - Running <TaskInstance: weather_data_pipeline.unzip_archive manual__2024-03-02T09:49:20.096699+00:00 [running]> on host aniks-macbook-air.local
[2024-03-02T15:19:25.217+0530] {taskinstance.py:2510} INFO - Exporting env vars: AIRFLOW_CTX_DAG_OWNER='airflow' AIRFLOW_CTX_DAG_ID='weather_data_pipeline' AIRFLOW_CTX_TASK_ID='unzip_archive' AIRFLOW_CTX_EXECUTION_DATE='2024-03-02T09:49:20.096699+00:00' AIRFLOW_CTX_TRY_NUMBER='1' AIRFLOW_CTX_DAG_RUN_ID='manual__2024-03-02T09:49:20.096699+00:00'
[2024-03-02T15:19:25.218+0530] {subprocess.py:63} INFO - Tmp dir root location: /var/folders/th/tnjyp6yd1cj78nysn5t4jl6h0000gn/T
[2024-03-02T15:19:25.219+0530] {subprocess.py:75} INFO - Running command: ['/bin/bash', '-c', 'unzip -o /Users/anikbhowmick/Python/Big_Data_Assignment/A02/airflow_env/Data_storage/2024_data.zip -d /Users/anikbhowmick/Python/Big_Data_Assignment/A02/airflow_env/Data_storage/']
[2024-03-02T15:19:25.221+0530] {subprocess.py:86} INFO - Output:
[2024-03-02T15:19:25.227+0530] {subprocess.py:93} INFO - Archive:  /Users/anikbhowmick/Python/Big_Data_Assignment/A02/airflow_env/Data_storage/2024_data.zip
[2024-03-02T15:19:25.240+0530] {subprocess.py:93} INFO -  extracting: /Users/anikbhowmick/Python/Big_Data_Assignment/A02/airflow_env/Data_storage/94609099999.csv
[2024-03-02T15:19:25.245+0530] {subprocess.py:93} INFO -  extracting: /Users/anikbhowmick/Python/Big_Data_Assignment/A02/airflow_env/Data_storage/71061099999.csv
[2024-03-02T15:19:25.280+0530] {subprocess.py:93} INFO -  extracting: /Users/anikbhowmick/Python/Big_Data_Assignment/A02/airflow_env/Data_storage/99999994074.csv
[2024-03-02T15:19:25.290+0530] {subprocess.py:93} INFO -  extracting: /Users/anikbhowmick/Python/Big_Data_Assignment/A02/airflow_env/Data_storage/72286699999.csv
[2024-03-02T15:19:25.299+0530] {subprocess.py:93} INFO -  extracting: /Users/anikbhowmick/Python/Big_Data_Assignment/A02/airflow_env/Data_storage/91218041414.csv
[2024-03-02T15:19:25.303+0530] {subprocess.py:93} INFO -  extracting: /Users/anikbhowmick/Python/Big_Data_Assignment/A02/airflow_env/Data_storage/15206099999.csv
[2024-03-02T15:19:25.306+0530] {subprocess.py:93} INFO -  extracting: /Users/anikbhowmick/Python/Big_Data_Assignment/A02/airflow_env/Data_storage/65010099999.csv
[2024-03-02T15:19:25.307+0530] {subprocess.py:93} INFO -  extracting: /Users/anikbhowmick/Python/Big_Data_Assignment/A02/airflow_env/Data_storage/51334099999.csv
[2024-03-02T15:19:25.316+0530] {subprocess.py:93} INFO -  extracting: /Users/anikbhowmick/Python/Big_Data_Assignment/A02/airflow_env/Data_storage/01010099999.csv
[2024-03-02T15:19:25.319+0530] {subprocess.py:93} INFO -  extracting: /Users/anikbhowmick/Python/Big_Data_Assignment/A02/airflow_env/Data_storage/80144099999.csv
[2024-03-02T15:19:25.330+0530] {subprocess.py:93} INFO -  extracting: /Users/anikbhowmick/Python/Big_Data_Assignment/A02/airflow_env/Data_storage/72656804961.csv
[2024-03-02T15:19:25.336+0530] {subprocess.py:93} INFO -  extracting: /Users/anikbhowmick/Python/Big_Data_Assignment/A02/airflow_env/Data_storage/94972099999.csv
[2024-03-02T15:19:25.340+0530] {subprocess.py:93} INFO -  extracting: /Users/anikbhowmick/Python/Big_Data_Assignment/A02/airflow_env/Data_storage/99772999999.csv
[2024-03-02T15:19:25.345+0530] {subprocess.py:93} INFO -  extracting: /Users/anikbhowmick/Python/Big_Data_Assignment/A02/airflow_env/Data_storage/12100099999.csv
[2024-03-02T15:19:25.367+0530] {subprocess.py:93} INFO -  extracting: /Users/anikbhowmick/Python/Big_Data_Assignment/A02/airflow_env/Data_storage/72038400124.csv
[2024-03-02T15:19:25.380+0530] {subprocess.py:93} INFO -  extracting: /Users/anikbhowmick/Python/Big_Data_Assignment/A02/airflow_env/Data_storage/71401099999.csv
[2024-03-02T15:19:25.420+0530] {subprocess.py:93} INFO -  extracting: /Users/anikbhowmick/Python/Big_Data_Assignment/A02/airflow_env/Data_storage/99999992826.csv
[2024-03-02T15:19:25.428+0530] {subprocess.py:93} INFO -  extracting: /Users/anikbhowmick/Python/Big_Data_Assignment/A02/airflow_env/Data_storage/03140099999.csv
[2024-03-02T15:19:25.430+0530] {subprocess.py:93} INFO -  extracting: /Users/anikbhowmick/Python/Big_Data_Assignment/A02/airflow_env/Data_storage/31873099999.csv
[2024-03-02T15:19:25.434+0530] {subprocess.py:93} INFO -  extracting: /Users/anikbhowmick/Python/Big_Data_Assignment/A02/airflow_env/Data_storage/17030099999.csv
[2024-03-02T15:19:25.435+0530] {subprocess.py:97} INFO - Command exited with return code 0
[2024-03-02T15:19:25.442+0530] {taskinstance.py:1149} INFO - Marking task as SUCCESS. dag_id=weather_data_pipeline, task_id=unzip_archive, execution_date=20240302T094920, start_date=20240302T094925, end_date=20240302T094925
[2024-03-02T15:19:25.470+0530] {local_task_job_runner.py:234} INFO - Task exited with return code 0
[2024-03-02T15:19:25.476+0530] {taskinstance.py:3309} INFO - 0 downstream tasks scheduled from follow-on schedule check
