[2024-02-27T10:45:39.671+0530] {processor.py:161} INFO - Started process (PID=1530) to work on /Users/anikbhowmick/Python/Big_Data_Assignment/A02/airflow_env/lib/python3.11/site-packages/airflow/example_dags/subdags/subdag.py
[2024-02-27T10:45:39.671+0530] {processor.py:830} INFO - Processing file /Users/anikbhowmick/Python/Big_Data_Assignment/A02/airflow_env/lib/python3.11/site-packages/airflow/example_dags/subdags/subdag.py for tasks to queue
[2024-02-27T10:45:39.672+0530] {logging_mixin.py:188} INFO - [2024-02-27T10:45:39.671+0530] {dagbag.py:540} INFO - Filling up the DagBag from /Users/anikbhowmick/Python/Big_Data_Assignment/A02/airflow_env/lib/python3.11/site-packages/airflow/example_dags/subdags/subdag.py
[2024-02-27T10:45:39.672+0530] {processor.py:842} WARNING - No viable dags retrieved from /Users/anikbhowmick/Python/Big_Data_Assignment/A02/airflow_env/lib/python3.11/site-packages/airflow/example_dags/subdags/subdag.py
[2024-02-27T10:45:39.720+0530] {processor.py:183} INFO - Processing /Users/anikbhowmick/Python/Big_Data_Assignment/A02/airflow_env/lib/python3.11/site-packages/airflow/example_dags/subdags/subdag.py took 0.050 seconds
[2024-02-27T10:47:10.761+0530] {processor.py:161} INFO - Started process (PID=1641) to work on /Users/anikbhowmick/Python/Big_Data_Assignment/A02/airflow_env/lib/python3.11/site-packages/airflow/example_dags/subdags/subdag.py
[2024-02-27T10:47:10.762+0530] {processor.py:830} INFO - Processing file /Users/anikbhowmick/Python/Big_Data_Assignment/A02/airflow_env/lib/python3.11/site-packages/airflow/example_dags/subdags/subdag.py for tasks to queue
[2024-02-27T10:47:10.762+0530] {logging_mixin.py:188} INFO - [2024-02-27T10:47:10.762+0530] {dagbag.py:540} INFO - Filling up the DagBag from /Users/anikbhowmick/Python/Big_Data_Assignment/A02/airflow_env/lib/python3.11/site-packages/airflow/example_dags/subdags/subdag.py
[2024-02-27T10:47:10.762+0530] {processor.py:842} WARNING - No viable dags retrieved from /Users/anikbhowmick/Python/Big_Data_Assignment/A02/airflow_env/lib/python3.11/site-packages/airflow/example_dags/subdags/subdag.py
[2024-02-27T10:47:10.808+0530] {processor.py:183} INFO - Processing /Users/anikbhowmick/Python/Big_Data_Assignment/A02/airflow_env/lib/python3.11/site-packages/airflow/example_dags/subdags/subdag.py took 0.048 seconds
[2024-02-27T10:49:07.164+0530] {processor.py:161} INFO - Started process (PID=1736) to work on /Users/anikbhowmick/Python/Big_Data_Assignment/A02/airflow_env/lib/python3.11/site-packages/airflow/example_dags/subdags/subdag.py
[2024-02-27T10:49:07.165+0530] {processor.py:830} INFO - Processing file /Users/anikbhowmick/Python/Big_Data_Assignment/A02/airflow_env/lib/python3.11/site-packages/airflow/example_dags/subdags/subdag.py for tasks to queue
[2024-02-27T10:49:07.165+0530] {logging_mixin.py:188} INFO - [2024-02-27T10:49:07.165+0530] {dagbag.py:540} INFO - Filling up the DagBag from /Users/anikbhowmick/Python/Big_Data_Assignment/A02/airflow_env/lib/python3.11/site-packages/airflow/example_dags/subdags/subdag.py
[2024-02-27T10:49:07.166+0530] {processor.py:842} WARNING - No viable dags retrieved from /Users/anikbhowmick/Python/Big_Data_Assignment/A02/airflow_env/lib/python3.11/site-packages/airflow/example_dags/subdags/subdag.py
[2024-02-27T10:49:07.264+0530] {processor.py:183} INFO - Processing /Users/anikbhowmick/Python/Big_Data_Assignment/A02/airflow_env/lib/python3.11/site-packages/airflow/example_dags/subdags/subdag.py took 0.101 seconds
[2024-02-27T10:50:34.656+0530] {processor.py:161} INFO - Started process (PID=1823) to work on /Users/anikbhowmick/Python/Big_Data_Assignment/A02/airflow_env/lib/python3.11/site-packages/airflow/example_dags/subdags/subdag.py
[2024-02-27T10:50:34.657+0530] {processor.py:830} INFO - Processing file /Users/anikbhowmick/Python/Big_Data_Assignment/A02/airflow_env/lib/python3.11/site-packages/airflow/example_dags/subdags/subdag.py for tasks to queue
[2024-02-27T10:50:34.657+0530] {logging_mixin.py:188} INFO - [2024-02-27T10:50:34.657+0530] {dagbag.py:540} INFO - Filling up the DagBag from /Users/anikbhowmick/Python/Big_Data_Assignment/A02/airflow_env/lib/python3.11/site-packages/airflow/example_dags/subdags/subdag.py
[2024-02-27T10:50:34.658+0530] {processor.py:842} WARNING - No viable dags retrieved from /Users/anikbhowmick/Python/Big_Data_Assignment/A02/airflow_env/lib/python3.11/site-packages/airflow/example_dags/subdags/subdag.py
[2024-02-27T10:50:34.705+0530] {processor.py:183} INFO - Processing /Users/anikbhowmick/Python/Big_Data_Assignment/A02/airflow_env/lib/python3.11/site-packages/airflow/example_dags/subdags/subdag.py took 0.049 seconds
[2024-02-27T10:51:50.602+0530] {processor.py:161} INFO - Started process (PID=1924) to work on /Users/anikbhowmick/Python/Big_Data_Assignment/A02/airflow_env/lib/python3.11/site-packages/airflow/example_dags/subdags/subdag.py
[2024-02-27T10:51:50.603+0530] {processor.py:830} INFO - Processing file /Users/anikbhowmick/Python/Big_Data_Assignment/A02/airflow_env/lib/python3.11/site-packages/airflow/example_dags/subdags/subdag.py for tasks to queue
[2024-02-27T10:51:50.603+0530] {logging_mixin.py:188} INFO - [2024-02-27T10:51:50.603+0530] {dagbag.py:540} INFO - Filling up the DagBag from /Users/anikbhowmick/Python/Big_Data_Assignment/A02/airflow_env/lib/python3.11/site-packages/airflow/example_dags/subdags/subdag.py
[2024-02-27T10:51:50.604+0530] {processor.py:842} WARNING - No viable dags retrieved from /Users/anikbhowmick/Python/Big_Data_Assignment/A02/airflow_env/lib/python3.11/site-packages/airflow/example_dags/subdags/subdag.py
[2024-02-27T10:51:50.649+0530] {processor.py:183} INFO - Processing /Users/anikbhowmick/Python/Big_Data_Assignment/A02/airflow_env/lib/python3.11/site-packages/airflow/example_dags/subdags/subdag.py took 0.047 seconds
[2024-02-27T10:53:40.730+0530] {processor.py:161} INFO - Started process (PID=2038) to work on /Users/anikbhowmick/Python/Big_Data_Assignment/A02/airflow_env/lib/python3.11/site-packages/airflow/example_dags/subdags/subdag.py
[2024-02-27T10:53:40.731+0530] {processor.py:830} INFO - Processing file /Users/anikbhowmick/Python/Big_Data_Assignment/A02/airflow_env/lib/python3.11/site-packages/airflow/example_dags/subdags/subdag.py for tasks to queue
[2024-02-27T10:53:40.731+0530] {logging_mixin.py:188} INFO - [2024-02-27T10:53:40.731+0530] {dagbag.py:540} INFO - Filling up the DagBag from /Users/anikbhowmick/Python/Big_Data_Assignment/A02/airflow_env/lib/python3.11/site-packages/airflow/example_dags/subdags/subdag.py
[2024-02-27T10:53:40.732+0530] {processor.py:842} WARNING - No viable dags retrieved from /Users/anikbhowmick/Python/Big_Data_Assignment/A02/airflow_env/lib/python3.11/site-packages/airflow/example_dags/subdags/subdag.py
[2024-02-27T10:53:40.779+0530] {processor.py:183} INFO - Processing /Users/anikbhowmick/Python/Big_Data_Assignment/A02/airflow_env/lib/python3.11/site-packages/airflow/example_dags/subdags/subdag.py took 0.050 seconds
[2024-02-27T10:55:15.169+0530] {processor.py:161} INFO - Started process (PID=2180) to work on /Users/anikbhowmick/Python/Big_Data_Assignment/A02/airflow_env/lib/python3.11/site-packages/airflow/example_dags/subdags/subdag.py
[2024-02-27T10:55:15.169+0530] {processor.py:830} INFO - Processing file /Users/anikbhowmick/Python/Big_Data_Assignment/A02/airflow_env/lib/python3.11/site-packages/airflow/example_dags/subdags/subdag.py for tasks to queue
[2024-02-27T10:55:15.169+0530] {logging_mixin.py:188} INFO - [2024-02-27T10:55:15.169+0530] {dagbag.py:540} INFO - Filling up the DagBag from /Users/anikbhowmick/Python/Big_Data_Assignment/A02/airflow_env/lib/python3.11/site-packages/airflow/example_dags/subdags/subdag.py
[2024-02-27T10:55:15.170+0530] {processor.py:842} WARNING - No viable dags retrieved from /Users/anikbhowmick/Python/Big_Data_Assignment/A02/airflow_env/lib/python3.11/site-packages/airflow/example_dags/subdags/subdag.py
[2024-02-27T10:55:15.215+0530] {processor.py:183} INFO - Processing /Users/anikbhowmick/Python/Big_Data_Assignment/A02/airflow_env/lib/python3.11/site-packages/airflow/example_dags/subdags/subdag.py took 0.047 seconds
[2024-02-27T10:56:58.800+0530] {processor.py:161} INFO - Started process (PID=2309) to work on /Users/anikbhowmick/Python/Big_Data_Assignment/A02/airflow_env/lib/python3.11/site-packages/airflow/example_dags/subdags/subdag.py
[2024-02-27T10:56:58.801+0530] {processor.py:830} INFO - Processing file /Users/anikbhowmick/Python/Big_Data_Assignment/A02/airflow_env/lib/python3.11/site-packages/airflow/example_dags/subdags/subdag.py for tasks to queue
[2024-02-27T10:56:58.801+0530] {logging_mixin.py:188} INFO - [2024-02-27T10:56:58.801+0530] {dagbag.py:540} INFO - Filling up the DagBag from /Users/anikbhowmick/Python/Big_Data_Assignment/A02/airflow_env/lib/python3.11/site-packages/airflow/example_dags/subdags/subdag.py
[2024-02-27T10:56:58.802+0530] {processor.py:842} WARNING - No viable dags retrieved from /Users/anikbhowmick/Python/Big_Data_Assignment/A02/airflow_env/lib/python3.11/site-packages/airflow/example_dags/subdags/subdag.py
[2024-02-27T10:56:58.848+0530] {processor.py:183} INFO - Processing /Users/anikbhowmick/Python/Big_Data_Assignment/A02/airflow_env/lib/python3.11/site-packages/airflow/example_dags/subdags/subdag.py took 0.048 seconds
[2024-02-27T10:58:32.769+0530] {processor.py:161} INFO - Started process (PID=2420) to work on /Users/anikbhowmick/Python/Big_Data_Assignment/A02/airflow_env/lib/python3.11/site-packages/airflow/example_dags/subdags/subdag.py
[2024-02-27T10:58:32.770+0530] {processor.py:830} INFO - Processing file /Users/anikbhowmick/Python/Big_Data_Assignment/A02/airflow_env/lib/python3.11/site-packages/airflow/example_dags/subdags/subdag.py for tasks to queue
[2024-02-27T10:58:32.770+0530] {logging_mixin.py:188} INFO - [2024-02-27T10:58:32.770+0530] {dagbag.py:540} INFO - Filling up the DagBag from /Users/anikbhowmick/Python/Big_Data_Assignment/A02/airflow_env/lib/python3.11/site-packages/airflow/example_dags/subdags/subdag.py
[2024-02-27T10:58:32.771+0530] {processor.py:842} WARNING - No viable dags retrieved from /Users/anikbhowmick/Python/Big_Data_Assignment/A02/airflow_env/lib/python3.11/site-packages/airflow/example_dags/subdags/subdag.py
[2024-02-27T10:58:32.816+0530] {processor.py:183} INFO - Processing /Users/anikbhowmick/Python/Big_Data_Assignment/A02/airflow_env/lib/python3.11/site-packages/airflow/example_dags/subdags/subdag.py took 0.048 seconds
[2024-02-27T10:59:26.935+0530] {processor.py:161} INFO - Started process (PID=2477) to work on /Users/anikbhowmick/Python/Big_Data_Assignment/A02/airflow_env/lib/python3.11/site-packages/airflow/example_dags/subdags/subdag.py
[2024-02-27T10:59:26.936+0530] {processor.py:830} INFO - Processing file /Users/anikbhowmick/Python/Big_Data_Assignment/A02/airflow_env/lib/python3.11/site-packages/airflow/example_dags/subdags/subdag.py for tasks to queue
[2024-02-27T10:59:26.936+0530] {logging_mixin.py:188} INFO - [2024-02-27T10:59:26.936+0530] {dagbag.py:540} INFO - Filling up the DagBag from /Users/anikbhowmick/Python/Big_Data_Assignment/A02/airflow_env/lib/python3.11/site-packages/airflow/example_dags/subdags/subdag.py
[2024-02-27T10:59:26.937+0530] {processor.py:842} WARNING - No viable dags retrieved from /Users/anikbhowmick/Python/Big_Data_Assignment/A02/airflow_env/lib/python3.11/site-packages/airflow/example_dags/subdags/subdag.py
[2024-02-27T10:59:26.982+0530] {processor.py:183} INFO - Processing /Users/anikbhowmick/Python/Big_Data_Assignment/A02/airflow_env/lib/python3.11/site-packages/airflow/example_dags/subdags/subdag.py took 0.048 seconds
[2024-02-27T11:00:21.217+0530] {processor.py:161} INFO - Started process (PID=2532) to work on /Users/anikbhowmick/Python/Big_Data_Assignment/A02/airflow_env/lib/python3.11/site-packages/airflow/example_dags/subdags/subdag.py
[2024-02-27T11:00:21.218+0530] {processor.py:830} INFO - Processing file /Users/anikbhowmick/Python/Big_Data_Assignment/A02/airflow_env/lib/python3.11/site-packages/airflow/example_dags/subdags/subdag.py for tasks to queue
[2024-02-27T11:00:21.218+0530] {logging_mixin.py:188} INFO - [2024-02-27T11:00:21.218+0530] {dagbag.py:540} INFO - Filling up the DagBag from /Users/anikbhowmick/Python/Big_Data_Assignment/A02/airflow_env/lib/python3.11/site-packages/airflow/example_dags/subdags/subdag.py
[2024-02-27T11:00:21.219+0530] {processor.py:842} WARNING - No viable dags retrieved from /Users/anikbhowmick/Python/Big_Data_Assignment/A02/airflow_env/lib/python3.11/site-packages/airflow/example_dags/subdags/subdag.py
[2024-02-27T11:00:21.265+0530] {processor.py:183} INFO - Processing /Users/anikbhowmick/Python/Big_Data_Assignment/A02/airflow_env/lib/python3.11/site-packages/airflow/example_dags/subdags/subdag.py took 0.048 seconds
[2024-02-27T11:01:19.636+0530] {processor.py:161} INFO - Started process (PID=2622) to work on /Users/anikbhowmick/Python/Big_Data_Assignment/A02/airflow_env/lib/python3.11/site-packages/airflow/example_dags/subdags/subdag.py
[2024-02-27T11:01:19.637+0530] {processor.py:830} INFO - Processing file /Users/anikbhowmick/Python/Big_Data_Assignment/A02/airflow_env/lib/python3.11/site-packages/airflow/example_dags/subdags/subdag.py for tasks to queue
[2024-02-27T11:01:19.638+0530] {logging_mixin.py:188} INFO - [2024-02-27T11:01:19.637+0530] {dagbag.py:540} INFO - Filling up the DagBag from /Users/anikbhowmick/Python/Big_Data_Assignment/A02/airflow_env/lib/python3.11/site-packages/airflow/example_dags/subdags/subdag.py
[2024-02-27T11:01:19.638+0530] {processor.py:842} WARNING - No viable dags retrieved from /Users/anikbhowmick/Python/Big_Data_Assignment/A02/airflow_env/lib/python3.11/site-packages/airflow/example_dags/subdags/subdag.py
[2024-02-27T11:01:19.687+0530] {processor.py:183} INFO - Processing /Users/anikbhowmick/Python/Big_Data_Assignment/A02/airflow_env/lib/python3.11/site-packages/airflow/example_dags/subdags/subdag.py took 0.051 seconds
[2024-02-27T11:02:46.264+0530] {processor.py:161} INFO - Started process (PID=2735) to work on /Users/anikbhowmick/Python/Big_Data_Assignment/A02/airflow_env/lib/python3.11/site-packages/airflow/example_dags/subdags/subdag.py
[2024-02-27T11:02:46.265+0530] {processor.py:830} INFO - Processing file /Users/anikbhowmick/Python/Big_Data_Assignment/A02/airflow_env/lib/python3.11/site-packages/airflow/example_dags/subdags/subdag.py for tasks to queue
[2024-02-27T11:02:46.265+0530] {logging_mixin.py:188} INFO - [2024-02-27T11:02:46.265+0530] {dagbag.py:540} INFO - Filling up the DagBag from /Users/anikbhowmick/Python/Big_Data_Assignment/A02/airflow_env/lib/python3.11/site-packages/airflow/example_dags/subdags/subdag.py
[2024-02-27T11:02:46.266+0530] {processor.py:842} WARNING - No viable dags retrieved from /Users/anikbhowmick/Python/Big_Data_Assignment/A02/airflow_env/lib/python3.11/site-packages/airflow/example_dags/subdags/subdag.py
[2024-02-27T11:02:46.316+0530] {processor.py:183} INFO - Processing /Users/anikbhowmick/Python/Big_Data_Assignment/A02/airflow_env/lib/python3.11/site-packages/airflow/example_dags/subdags/subdag.py took 0.053 seconds
[2024-02-27T11:03:36.227+0530] {processor.py:161} INFO - Started process (PID=2790) to work on /Users/anikbhowmick/Python/Big_Data_Assignment/A02/airflow_env/lib/python3.11/site-packages/airflow/example_dags/subdags/subdag.py
[2024-02-27T11:03:36.228+0530] {processor.py:830} INFO - Processing file /Users/anikbhowmick/Python/Big_Data_Assignment/A02/airflow_env/lib/python3.11/site-packages/airflow/example_dags/subdags/subdag.py for tasks to queue
[2024-02-27T11:03:36.228+0530] {logging_mixin.py:188} INFO - [2024-02-27T11:03:36.228+0530] {dagbag.py:540} INFO - Filling up the DagBag from /Users/anikbhowmick/Python/Big_Data_Assignment/A02/airflow_env/lib/python3.11/site-packages/airflow/example_dags/subdags/subdag.py
[2024-02-27T11:03:36.229+0530] {processor.py:842} WARNING - No viable dags retrieved from /Users/anikbhowmick/Python/Big_Data_Assignment/A02/airflow_env/lib/python3.11/site-packages/airflow/example_dags/subdags/subdag.py
[2024-02-27T11:03:36.275+0530] {processor.py:183} INFO - Processing /Users/anikbhowmick/Python/Big_Data_Assignment/A02/airflow_env/lib/python3.11/site-packages/airflow/example_dags/subdags/subdag.py took 0.048 seconds
[2024-02-27T11:04:28.436+0530] {processor.py:161} INFO - Started process (PID=2843) to work on /Users/anikbhowmick/Python/Big_Data_Assignment/A02/airflow_env/lib/python3.11/site-packages/airflow/example_dags/subdags/subdag.py
[2024-02-27T11:04:28.436+0530] {processor.py:830} INFO - Processing file /Users/anikbhowmick/Python/Big_Data_Assignment/A02/airflow_env/lib/python3.11/site-packages/airflow/example_dags/subdags/subdag.py for tasks to queue
[2024-02-27T11:04:28.437+0530] {logging_mixin.py:188} INFO - [2024-02-27T11:04:28.437+0530] {dagbag.py:540} INFO - Filling up the DagBag from /Users/anikbhowmick/Python/Big_Data_Assignment/A02/airflow_env/lib/python3.11/site-packages/airflow/example_dags/subdags/subdag.py
[2024-02-27T11:04:28.437+0530] {processor.py:842} WARNING - No viable dags retrieved from /Users/anikbhowmick/Python/Big_Data_Assignment/A02/airflow_env/lib/python3.11/site-packages/airflow/example_dags/subdags/subdag.py
[2024-02-27T11:04:28.483+0530] {processor.py:183} INFO - Processing /Users/anikbhowmick/Python/Big_Data_Assignment/A02/airflow_env/lib/python3.11/site-packages/airflow/example_dags/subdags/subdag.py took 0.047 seconds
[2024-02-27T11:05:23.822+0530] {processor.py:161} INFO - Started process (PID=2899) to work on /Users/anikbhowmick/Python/Big_Data_Assignment/A02/airflow_env/lib/python3.11/site-packages/airflow/example_dags/subdags/subdag.py
[2024-02-27T11:05:23.822+0530] {processor.py:830} INFO - Processing file /Users/anikbhowmick/Python/Big_Data_Assignment/A02/airflow_env/lib/python3.11/site-packages/airflow/example_dags/subdags/subdag.py for tasks to queue
[2024-02-27T11:05:23.823+0530] {logging_mixin.py:188} INFO - [2024-02-27T11:05:23.822+0530] {dagbag.py:540} INFO - Filling up the DagBag from /Users/anikbhowmick/Python/Big_Data_Assignment/A02/airflow_env/lib/python3.11/site-packages/airflow/example_dags/subdags/subdag.py
[2024-02-27T11:05:23.823+0530] {processor.py:842} WARNING - No viable dags retrieved from /Users/anikbhowmick/Python/Big_Data_Assignment/A02/airflow_env/lib/python3.11/site-packages/airflow/example_dags/subdags/subdag.py
[2024-02-27T11:05:23.871+0530] {processor.py:183} INFO - Processing /Users/anikbhowmick/Python/Big_Data_Assignment/A02/airflow_env/lib/python3.11/site-packages/airflow/example_dags/subdags/subdag.py took 0.049 seconds
[2024-02-27T11:06:19.191+0530] {processor.py:161} INFO - Started process (PID=2939) to work on /Users/anikbhowmick/Python/Big_Data_Assignment/A02/airflow_env/lib/python3.11/site-packages/airflow/example_dags/subdags/subdag.py
[2024-02-27T11:06:19.191+0530] {processor.py:830} INFO - Processing file /Users/anikbhowmick/Python/Big_Data_Assignment/A02/airflow_env/lib/python3.11/site-packages/airflow/example_dags/subdags/subdag.py for tasks to queue
[2024-02-27T11:06:19.191+0530] {logging_mixin.py:188} INFO - [2024-02-27T11:06:19.191+0530] {dagbag.py:540} INFO - Filling up the DagBag from /Users/anikbhowmick/Python/Big_Data_Assignment/A02/airflow_env/lib/python3.11/site-packages/airflow/example_dags/subdags/subdag.py
[2024-02-27T11:06:19.192+0530] {processor.py:842} WARNING - No viable dags retrieved from /Users/anikbhowmick/Python/Big_Data_Assignment/A02/airflow_env/lib/python3.11/site-packages/airflow/example_dags/subdags/subdag.py
[2024-02-27T11:06:19.238+0530] {processor.py:183} INFO - Processing /Users/anikbhowmick/Python/Big_Data_Assignment/A02/airflow_env/lib/python3.11/site-packages/airflow/example_dags/subdags/subdag.py took 0.048 seconds
[2024-02-27T11:07:10.657+0530] {processor.py:161} INFO - Started process (PID=2973) to work on /Users/anikbhowmick/Python/Big_Data_Assignment/A02/airflow_env/lib/python3.11/site-packages/airflow/example_dags/subdags/subdag.py
[2024-02-27T11:07:10.657+0530] {processor.py:830} INFO - Processing file /Users/anikbhowmick/Python/Big_Data_Assignment/A02/airflow_env/lib/python3.11/site-packages/airflow/example_dags/subdags/subdag.py for tasks to queue
[2024-02-27T11:07:10.658+0530] {logging_mixin.py:188} INFO - [2024-02-27T11:07:10.657+0530] {dagbag.py:540} INFO - Filling up the DagBag from /Users/anikbhowmick/Python/Big_Data_Assignment/A02/airflow_env/lib/python3.11/site-packages/airflow/example_dags/subdags/subdag.py
[2024-02-27T11:07:10.658+0530] {processor.py:842} WARNING - No viable dags retrieved from /Users/anikbhowmick/Python/Big_Data_Assignment/A02/airflow_env/lib/python3.11/site-packages/airflow/example_dags/subdags/subdag.py
[2024-02-27T11:07:10.703+0530] {processor.py:183} INFO - Processing /Users/anikbhowmick/Python/Big_Data_Assignment/A02/airflow_env/lib/python3.11/site-packages/airflow/example_dags/subdags/subdag.py took 0.047 seconds
[2024-02-27T11:07:58.575+0530] {processor.py:161} INFO - Started process (PID=3015) to work on /Users/anikbhowmick/Python/Big_Data_Assignment/A02/airflow_env/lib/python3.11/site-packages/airflow/example_dags/subdags/subdag.py
[2024-02-27T11:07:58.576+0530] {processor.py:830} INFO - Processing file /Users/anikbhowmick/Python/Big_Data_Assignment/A02/airflow_env/lib/python3.11/site-packages/airflow/example_dags/subdags/subdag.py for tasks to queue
[2024-02-27T11:07:58.577+0530] {logging_mixin.py:188} INFO - [2024-02-27T11:07:58.577+0530] {dagbag.py:540} INFO - Filling up the DagBag from /Users/anikbhowmick/Python/Big_Data_Assignment/A02/airflow_env/lib/python3.11/site-packages/airflow/example_dags/subdags/subdag.py
[2024-02-27T11:07:58.578+0530] {processor.py:842} WARNING - No viable dags retrieved from /Users/anikbhowmick/Python/Big_Data_Assignment/A02/airflow_env/lib/python3.11/site-packages/airflow/example_dags/subdags/subdag.py
[2024-02-27T11:07:58.623+0530] {processor.py:183} INFO - Processing /Users/anikbhowmick/Python/Big_Data_Assignment/A02/airflow_env/lib/python3.11/site-packages/airflow/example_dags/subdags/subdag.py took 0.048 seconds
[2024-02-27T11:08:51.466+0530] {processor.py:161} INFO - Started process (PID=3099) to work on /Users/anikbhowmick/Python/Big_Data_Assignment/A02/airflow_env/lib/python3.11/site-packages/airflow/example_dags/subdags/subdag.py
[2024-02-27T11:08:51.466+0530] {processor.py:830} INFO - Processing file /Users/anikbhowmick/Python/Big_Data_Assignment/A02/airflow_env/lib/python3.11/site-packages/airflow/example_dags/subdags/subdag.py for tasks to queue
[2024-02-27T11:08:51.466+0530] {logging_mixin.py:188} INFO - [2024-02-27T11:08:51.466+0530] {dagbag.py:540} INFO - Filling up the DagBag from /Users/anikbhowmick/Python/Big_Data_Assignment/A02/airflow_env/lib/python3.11/site-packages/airflow/example_dags/subdags/subdag.py
[2024-02-27T11:08:51.467+0530] {processor.py:842} WARNING - No viable dags retrieved from /Users/anikbhowmick/Python/Big_Data_Assignment/A02/airflow_env/lib/python3.11/site-packages/airflow/example_dags/subdags/subdag.py
[2024-02-27T11:08:51.514+0530] {processor.py:183} INFO - Processing /Users/anikbhowmick/Python/Big_Data_Assignment/A02/airflow_env/lib/python3.11/site-packages/airflow/example_dags/subdags/subdag.py took 0.049 seconds
[2024-02-27T11:09:44.550+0530] {processor.py:161} INFO - Started process (PID=3136) to work on /Users/anikbhowmick/Python/Big_Data_Assignment/A02/airflow_env/lib/python3.11/site-packages/airflow/example_dags/subdags/subdag.py
[2024-02-27T11:09:44.551+0530] {processor.py:830} INFO - Processing file /Users/anikbhowmick/Python/Big_Data_Assignment/A02/airflow_env/lib/python3.11/site-packages/airflow/example_dags/subdags/subdag.py for tasks to queue
[2024-02-27T11:09:44.551+0530] {logging_mixin.py:188} INFO - [2024-02-27T11:09:44.551+0530] {dagbag.py:540} INFO - Filling up the DagBag from /Users/anikbhowmick/Python/Big_Data_Assignment/A02/airflow_env/lib/python3.11/site-packages/airflow/example_dags/subdags/subdag.py
[2024-02-27T11:09:44.552+0530] {processor.py:842} WARNING - No viable dags retrieved from /Users/anikbhowmick/Python/Big_Data_Assignment/A02/airflow_env/lib/python3.11/site-packages/airflow/example_dags/subdags/subdag.py
[2024-02-27T11:09:44.598+0530] {processor.py:183} INFO - Processing /Users/anikbhowmick/Python/Big_Data_Assignment/A02/airflow_env/lib/python3.11/site-packages/airflow/example_dags/subdags/subdag.py took 0.048 seconds
[2024-02-27T11:10:33.279+0530] {processor.py:161} INFO - Started process (PID=3173) to work on /Users/anikbhowmick/Python/Big_Data_Assignment/A02/airflow_env/lib/python3.11/site-packages/airflow/example_dags/subdags/subdag.py
[2024-02-27T11:10:33.279+0530] {processor.py:830} INFO - Processing file /Users/anikbhowmick/Python/Big_Data_Assignment/A02/airflow_env/lib/python3.11/site-packages/airflow/example_dags/subdags/subdag.py for tasks to queue
[2024-02-27T11:10:33.279+0530] {logging_mixin.py:188} INFO - [2024-02-27T11:10:33.279+0530] {dagbag.py:540} INFO - Filling up the DagBag from /Users/anikbhowmick/Python/Big_Data_Assignment/A02/airflow_env/lib/python3.11/site-packages/airflow/example_dags/subdags/subdag.py
[2024-02-27T11:10:33.280+0530] {processor.py:842} WARNING - No viable dags retrieved from /Users/anikbhowmick/Python/Big_Data_Assignment/A02/airflow_env/lib/python3.11/site-packages/airflow/example_dags/subdags/subdag.py
[2024-02-27T11:10:33.327+0530] {processor.py:183} INFO - Processing /Users/anikbhowmick/Python/Big_Data_Assignment/A02/airflow_env/lib/python3.11/site-packages/airflow/example_dags/subdags/subdag.py took 0.049 seconds
[2024-02-27T11:11:19.491+0530] {processor.py:161} INFO - Started process (PID=3222) to work on /Users/anikbhowmick/Python/Big_Data_Assignment/A02/airflow_env/lib/python3.11/site-packages/airflow/example_dags/subdags/subdag.py
[2024-02-27T11:11:19.491+0530] {processor.py:830} INFO - Processing file /Users/anikbhowmick/Python/Big_Data_Assignment/A02/airflow_env/lib/python3.11/site-packages/airflow/example_dags/subdags/subdag.py for tasks to queue
[2024-02-27T11:11:19.492+0530] {logging_mixin.py:188} INFO - [2024-02-27T11:11:19.492+0530] {dagbag.py:540} INFO - Filling up the DagBag from /Users/anikbhowmick/Python/Big_Data_Assignment/A02/airflow_env/lib/python3.11/site-packages/airflow/example_dags/subdags/subdag.py
[2024-02-27T11:11:19.492+0530] {processor.py:842} WARNING - No viable dags retrieved from /Users/anikbhowmick/Python/Big_Data_Assignment/A02/airflow_env/lib/python3.11/site-packages/airflow/example_dags/subdags/subdag.py
[2024-02-27T11:11:19.540+0530] {processor.py:183} INFO - Processing /Users/anikbhowmick/Python/Big_Data_Assignment/A02/airflow_env/lib/python3.11/site-packages/airflow/example_dags/subdags/subdag.py took 0.050 seconds
[2024-02-27T11:12:10.847+0530] {processor.py:161} INFO - Started process (PID=3277) to work on /Users/anikbhowmick/Python/Big_Data_Assignment/A02/airflow_env/lib/python3.11/site-packages/airflow/example_dags/subdags/subdag.py
[2024-02-27T11:12:10.847+0530] {processor.py:830} INFO - Processing file /Users/anikbhowmick/Python/Big_Data_Assignment/A02/airflow_env/lib/python3.11/site-packages/airflow/example_dags/subdags/subdag.py for tasks to queue
[2024-02-27T11:12:10.847+0530] {logging_mixin.py:188} INFO - [2024-02-27T11:12:10.847+0530] {dagbag.py:540} INFO - Filling up the DagBag from /Users/anikbhowmick/Python/Big_Data_Assignment/A02/airflow_env/lib/python3.11/site-packages/airflow/example_dags/subdags/subdag.py
[2024-02-27T11:12:10.848+0530] {processor.py:842} WARNING - No viable dags retrieved from /Users/anikbhowmick/Python/Big_Data_Assignment/A02/airflow_env/lib/python3.11/site-packages/airflow/example_dags/subdags/subdag.py
[2024-02-27T11:12:10.894+0530] {processor.py:183} INFO - Processing /Users/anikbhowmick/Python/Big_Data_Assignment/A02/airflow_env/lib/python3.11/site-packages/airflow/example_dags/subdags/subdag.py took 0.048 seconds
[2024-02-27T11:13:04.923+0530] {processor.py:161} INFO - Started process (PID=3314) to work on /Users/anikbhowmick/Python/Big_Data_Assignment/A02/airflow_env/lib/python3.11/site-packages/airflow/example_dags/subdags/subdag.py
[2024-02-27T11:13:04.924+0530] {processor.py:830} INFO - Processing file /Users/anikbhowmick/Python/Big_Data_Assignment/A02/airflow_env/lib/python3.11/site-packages/airflow/example_dags/subdags/subdag.py for tasks to queue
[2024-02-27T11:13:04.925+0530] {logging_mixin.py:188} INFO - [2024-02-27T11:13:04.925+0530] {dagbag.py:540} INFO - Filling up the DagBag from /Users/anikbhowmick/Python/Big_Data_Assignment/A02/airflow_env/lib/python3.11/site-packages/airflow/example_dags/subdags/subdag.py
[2024-02-27T11:13:04.926+0530] {processor.py:842} WARNING - No viable dags retrieved from /Users/anikbhowmick/Python/Big_Data_Assignment/A02/airflow_env/lib/python3.11/site-packages/airflow/example_dags/subdags/subdag.py
[2024-02-27T11:13:04.972+0530] {processor.py:183} INFO - Processing /Users/anikbhowmick/Python/Big_Data_Assignment/A02/airflow_env/lib/python3.11/site-packages/airflow/example_dags/subdags/subdag.py took 0.049 seconds
[2024-02-27T11:14:02.422+0530] {processor.py:161} INFO - Started process (PID=3377) to work on /Users/anikbhowmick/Python/Big_Data_Assignment/A02/airflow_env/lib/python3.11/site-packages/airflow/example_dags/subdags/subdag.py
[2024-02-27T11:14:02.423+0530] {processor.py:830} INFO - Processing file /Users/anikbhowmick/Python/Big_Data_Assignment/A02/airflow_env/lib/python3.11/site-packages/airflow/example_dags/subdags/subdag.py for tasks to queue
[2024-02-27T11:14:02.423+0530] {logging_mixin.py:188} INFO - [2024-02-27T11:14:02.423+0530] {dagbag.py:540} INFO - Filling up the DagBag from /Users/anikbhowmick/Python/Big_Data_Assignment/A02/airflow_env/lib/python3.11/site-packages/airflow/example_dags/subdags/subdag.py
[2024-02-27T11:14:02.424+0530] {processor.py:842} WARNING - No viable dags retrieved from /Users/anikbhowmick/Python/Big_Data_Assignment/A02/airflow_env/lib/python3.11/site-packages/airflow/example_dags/subdags/subdag.py
[2024-02-27T11:14:02.470+0530] {processor.py:183} INFO - Processing /Users/anikbhowmick/Python/Big_Data_Assignment/A02/airflow_env/lib/python3.11/site-packages/airflow/example_dags/subdags/subdag.py took 0.048 seconds
[2024-02-27T11:14:56.222+0530] {processor.py:161} INFO - Started process (PID=3416) to work on /Users/anikbhowmick/Python/Big_Data_Assignment/A02/airflow_env/lib/python3.11/site-packages/airflow/example_dags/subdags/subdag.py
[2024-02-27T11:14:56.222+0530] {processor.py:830} INFO - Processing file /Users/anikbhowmick/Python/Big_Data_Assignment/A02/airflow_env/lib/python3.11/site-packages/airflow/example_dags/subdags/subdag.py for tasks to queue
[2024-02-27T11:14:56.223+0530] {logging_mixin.py:188} INFO - [2024-02-27T11:14:56.222+0530] {dagbag.py:540} INFO - Filling up the DagBag from /Users/anikbhowmick/Python/Big_Data_Assignment/A02/airflow_env/lib/python3.11/site-packages/airflow/example_dags/subdags/subdag.py
[2024-02-27T11:14:56.223+0530] {processor.py:842} WARNING - No viable dags retrieved from /Users/anikbhowmick/Python/Big_Data_Assignment/A02/airflow_env/lib/python3.11/site-packages/airflow/example_dags/subdags/subdag.py
[2024-02-27T11:14:56.270+0530] {processor.py:183} INFO - Processing /Users/anikbhowmick/Python/Big_Data_Assignment/A02/airflow_env/lib/python3.11/site-packages/airflow/example_dags/subdags/subdag.py took 0.049 seconds
[2024-02-27T11:15:46.786+0530] {processor.py:161} INFO - Started process (PID=3450) to work on /Users/anikbhowmick/Python/Big_Data_Assignment/A02/airflow_env/lib/python3.11/site-packages/airflow/example_dags/subdags/subdag.py
[2024-02-27T11:15:46.786+0530] {processor.py:830} INFO - Processing file /Users/anikbhowmick/Python/Big_Data_Assignment/A02/airflow_env/lib/python3.11/site-packages/airflow/example_dags/subdags/subdag.py for tasks to queue
[2024-02-27T11:15:46.786+0530] {logging_mixin.py:188} INFO - [2024-02-27T11:15:46.786+0530] {dagbag.py:540} INFO - Filling up the DagBag from /Users/anikbhowmick/Python/Big_Data_Assignment/A02/airflow_env/lib/python3.11/site-packages/airflow/example_dags/subdags/subdag.py
[2024-02-27T11:15:46.787+0530] {processor.py:842} WARNING - No viable dags retrieved from /Users/anikbhowmick/Python/Big_Data_Assignment/A02/airflow_env/lib/python3.11/site-packages/airflow/example_dags/subdags/subdag.py
[2024-02-27T11:15:46.833+0530] {processor.py:183} INFO - Processing /Users/anikbhowmick/Python/Big_Data_Assignment/A02/airflow_env/lib/python3.11/site-packages/airflow/example_dags/subdags/subdag.py took 0.048 seconds
[2024-02-27T11:16:36.525+0530] {processor.py:161} INFO - Started process (PID=3486) to work on /Users/anikbhowmick/Python/Big_Data_Assignment/A02/airflow_env/lib/python3.11/site-packages/airflow/example_dags/subdags/subdag.py
[2024-02-27T11:16:36.526+0530] {processor.py:830} INFO - Processing file /Users/anikbhowmick/Python/Big_Data_Assignment/A02/airflow_env/lib/python3.11/site-packages/airflow/example_dags/subdags/subdag.py for tasks to queue
[2024-02-27T11:16:36.526+0530] {logging_mixin.py:188} INFO - [2024-02-27T11:16:36.526+0530] {dagbag.py:540} INFO - Filling up the DagBag from /Users/anikbhowmick/Python/Big_Data_Assignment/A02/airflow_env/lib/python3.11/site-packages/airflow/example_dags/subdags/subdag.py
[2024-02-27T11:16:36.527+0530] {processor.py:842} WARNING - No viable dags retrieved from /Users/anikbhowmick/Python/Big_Data_Assignment/A02/airflow_env/lib/python3.11/site-packages/airflow/example_dags/subdags/subdag.py
[2024-02-27T11:16:36.574+0530] {processor.py:183} INFO - Processing /Users/anikbhowmick/Python/Big_Data_Assignment/A02/airflow_env/lib/python3.11/site-packages/airflow/example_dags/subdags/subdag.py took 0.049 seconds
[2024-02-27T11:17:33.861+0530] {processor.py:161} INFO - Started process (PID=3525) to work on /Users/anikbhowmick/Python/Big_Data_Assignment/A02/airflow_env/lib/python3.11/site-packages/airflow/example_dags/subdags/subdag.py
[2024-02-27T11:17:33.861+0530] {processor.py:830} INFO - Processing file /Users/anikbhowmick/Python/Big_Data_Assignment/A02/airflow_env/lib/python3.11/site-packages/airflow/example_dags/subdags/subdag.py for tasks to queue
[2024-02-27T11:17:33.861+0530] {logging_mixin.py:188} INFO - [2024-02-27T11:17:33.861+0530] {dagbag.py:540} INFO - Filling up the DagBag from /Users/anikbhowmick/Python/Big_Data_Assignment/A02/airflow_env/lib/python3.11/site-packages/airflow/example_dags/subdags/subdag.py
[2024-02-27T11:17:33.862+0530] {processor.py:842} WARNING - No viable dags retrieved from /Users/anikbhowmick/Python/Big_Data_Assignment/A02/airflow_env/lib/python3.11/site-packages/airflow/example_dags/subdags/subdag.py
[2024-02-27T11:17:33.909+0530] {processor.py:183} INFO - Processing /Users/anikbhowmick/Python/Big_Data_Assignment/A02/airflow_env/lib/python3.11/site-packages/airflow/example_dags/subdags/subdag.py took 0.048 seconds
[2024-02-27T11:18:31.072+0530] {processor.py:161} INFO - Started process (PID=3559) to work on /Users/anikbhowmick/Python/Big_Data_Assignment/A02/airflow_env/lib/python3.11/site-packages/airflow/example_dags/subdags/subdag.py
[2024-02-27T11:18:31.073+0530] {processor.py:830} INFO - Processing file /Users/anikbhowmick/Python/Big_Data_Assignment/A02/airflow_env/lib/python3.11/site-packages/airflow/example_dags/subdags/subdag.py for tasks to queue
[2024-02-27T11:18:31.073+0530] {logging_mixin.py:188} INFO - [2024-02-27T11:18:31.073+0530] {dagbag.py:540} INFO - Filling up the DagBag from /Users/anikbhowmick/Python/Big_Data_Assignment/A02/airflow_env/lib/python3.11/site-packages/airflow/example_dags/subdags/subdag.py
[2024-02-27T11:18:31.074+0530] {processor.py:842} WARNING - No viable dags retrieved from /Users/anikbhowmick/Python/Big_Data_Assignment/A02/airflow_env/lib/python3.11/site-packages/airflow/example_dags/subdags/subdag.py
[2024-02-27T11:18:31.121+0530] {processor.py:183} INFO - Processing /Users/anikbhowmick/Python/Big_Data_Assignment/A02/airflow_env/lib/python3.11/site-packages/airflow/example_dags/subdags/subdag.py took 0.049 seconds
[2024-02-27T11:19:44.089+0530] {processor.py:161} INFO - Started process (PID=3640) to work on /Users/anikbhowmick/Python/Big_Data_Assignment/A02/airflow_env/lib/python3.11/site-packages/airflow/example_dags/subdags/subdag.py
[2024-02-27T11:19:44.091+0530] {processor.py:830} INFO - Processing file /Users/anikbhowmick/Python/Big_Data_Assignment/A02/airflow_env/lib/python3.11/site-packages/airflow/example_dags/subdags/subdag.py for tasks to queue
[2024-02-27T11:19:44.091+0530] {logging_mixin.py:188} INFO - [2024-02-27T11:19:44.091+0530] {dagbag.py:540} INFO - Filling up the DagBag from /Users/anikbhowmick/Python/Big_Data_Assignment/A02/airflow_env/lib/python3.11/site-packages/airflow/example_dags/subdags/subdag.py
[2024-02-27T11:19:44.092+0530] {processor.py:842} WARNING - No viable dags retrieved from /Users/anikbhowmick/Python/Big_Data_Assignment/A02/airflow_env/lib/python3.11/site-packages/airflow/example_dags/subdags/subdag.py
[2024-02-27T11:19:44.140+0530] {processor.py:183} INFO - Processing /Users/anikbhowmick/Python/Big_Data_Assignment/A02/airflow_env/lib/python3.11/site-packages/airflow/example_dags/subdags/subdag.py took 0.052 seconds
[2024-02-27T11:21:07.319+0530] {processor.py:161} INFO - Started process (PID=3702) to work on /Users/anikbhowmick/Python/Big_Data_Assignment/A02/airflow_env/lib/python3.11/site-packages/airflow/example_dags/subdags/subdag.py
[2024-02-27T11:21:07.320+0530] {processor.py:830} INFO - Processing file /Users/anikbhowmick/Python/Big_Data_Assignment/A02/airflow_env/lib/python3.11/site-packages/airflow/example_dags/subdags/subdag.py for tasks to queue
[2024-02-27T11:21:07.320+0530] {logging_mixin.py:188} INFO - [2024-02-27T11:21:07.320+0530] {dagbag.py:540} INFO - Filling up the DagBag from /Users/anikbhowmick/Python/Big_Data_Assignment/A02/airflow_env/lib/python3.11/site-packages/airflow/example_dags/subdags/subdag.py
[2024-02-27T11:21:07.321+0530] {processor.py:842} WARNING - No viable dags retrieved from /Users/anikbhowmick/Python/Big_Data_Assignment/A02/airflow_env/lib/python3.11/site-packages/airflow/example_dags/subdags/subdag.py
[2024-02-27T11:21:07.366+0530] {processor.py:183} INFO - Processing /Users/anikbhowmick/Python/Big_Data_Assignment/A02/airflow_env/lib/python3.11/site-packages/airflow/example_dags/subdags/subdag.py took 0.048 seconds
[2024-02-27T11:22:08.058+0530] {processor.py:161} INFO - Started process (PID=3764) to work on /Users/anikbhowmick/Python/Big_Data_Assignment/A02/airflow_env/lib/python3.11/site-packages/airflow/example_dags/subdags/subdag.py
[2024-02-27T11:22:08.059+0530] {processor.py:830} INFO - Processing file /Users/anikbhowmick/Python/Big_Data_Assignment/A02/airflow_env/lib/python3.11/site-packages/airflow/example_dags/subdags/subdag.py for tasks to queue
[2024-02-27T11:22:08.059+0530] {logging_mixin.py:188} INFO - [2024-02-27T11:22:08.059+0530] {dagbag.py:540} INFO - Filling up the DagBag from /Users/anikbhowmick/Python/Big_Data_Assignment/A02/airflow_env/lib/python3.11/site-packages/airflow/example_dags/subdags/subdag.py
[2024-02-27T11:22:08.060+0530] {processor.py:842} WARNING - No viable dags retrieved from /Users/anikbhowmick/Python/Big_Data_Assignment/A02/airflow_env/lib/python3.11/site-packages/airflow/example_dags/subdags/subdag.py
[2024-02-27T11:22:08.106+0530] {processor.py:183} INFO - Processing /Users/anikbhowmick/Python/Big_Data_Assignment/A02/airflow_env/lib/python3.11/site-packages/airflow/example_dags/subdags/subdag.py took 0.048 seconds
[2024-02-27T11:23:43.003+0530] {processor.py:161} INFO - Started process (PID=3861) to work on /Users/anikbhowmick/Python/Big_Data_Assignment/A02/airflow_env/lib/python3.11/site-packages/airflow/example_dags/subdags/subdag.py
[2024-02-27T11:23:43.004+0530] {processor.py:830} INFO - Processing file /Users/anikbhowmick/Python/Big_Data_Assignment/A02/airflow_env/lib/python3.11/site-packages/airflow/example_dags/subdags/subdag.py for tasks to queue
[2024-02-27T11:23:43.004+0530] {logging_mixin.py:188} INFO - [2024-02-27T11:23:43.004+0530] {dagbag.py:540} INFO - Filling up the DagBag from /Users/anikbhowmick/Python/Big_Data_Assignment/A02/airflow_env/lib/python3.11/site-packages/airflow/example_dags/subdags/subdag.py
[2024-02-27T11:23:43.005+0530] {processor.py:842} WARNING - No viable dags retrieved from /Users/anikbhowmick/Python/Big_Data_Assignment/A02/airflow_env/lib/python3.11/site-packages/airflow/example_dags/subdags/subdag.py
[2024-02-27T11:23:43.054+0530] {processor.py:183} INFO - Processing /Users/anikbhowmick/Python/Big_Data_Assignment/A02/airflow_env/lib/python3.11/site-packages/airflow/example_dags/subdags/subdag.py took 0.051 seconds
[2024-02-27T11:25:20.844+0530] {processor.py:161} INFO - Started process (PID=3945) to work on /Users/anikbhowmick/Python/Big_Data_Assignment/A02/airflow_env/lib/python3.11/site-packages/airflow/example_dags/subdags/subdag.py
[2024-02-27T11:25:20.845+0530] {processor.py:830} INFO - Processing file /Users/anikbhowmick/Python/Big_Data_Assignment/A02/airflow_env/lib/python3.11/site-packages/airflow/example_dags/subdags/subdag.py for tasks to queue
[2024-02-27T11:25:20.845+0530] {logging_mixin.py:188} INFO - [2024-02-27T11:25:20.845+0530] {dagbag.py:540} INFO - Filling up the DagBag from /Users/anikbhowmick/Python/Big_Data_Assignment/A02/airflow_env/lib/python3.11/site-packages/airflow/example_dags/subdags/subdag.py
[2024-02-27T11:25:20.846+0530] {processor.py:842} WARNING - No viable dags retrieved from /Users/anikbhowmick/Python/Big_Data_Assignment/A02/airflow_env/lib/python3.11/site-packages/airflow/example_dags/subdags/subdag.py
[2024-02-27T11:25:20.891+0530] {processor.py:183} INFO - Processing /Users/anikbhowmick/Python/Big_Data_Assignment/A02/airflow_env/lib/python3.11/site-packages/airflow/example_dags/subdags/subdag.py took 0.048 seconds
[2024-02-27T11:26:15.097+0530] {processor.py:161} INFO - Started process (PID=3985) to work on /Users/anikbhowmick/Python/Big_Data_Assignment/A02/airflow_env/lib/python3.11/site-packages/airflow/example_dags/subdags/subdag.py
[2024-02-27T11:26:15.098+0530] {processor.py:830} INFO - Processing file /Users/anikbhowmick/Python/Big_Data_Assignment/A02/airflow_env/lib/python3.11/site-packages/airflow/example_dags/subdags/subdag.py for tasks to queue
[2024-02-27T11:26:15.098+0530] {logging_mixin.py:188} INFO - [2024-02-27T11:26:15.098+0530] {dagbag.py:540} INFO - Filling up the DagBag from /Users/anikbhowmick/Python/Big_Data_Assignment/A02/airflow_env/lib/python3.11/site-packages/airflow/example_dags/subdags/subdag.py
[2024-02-27T11:26:15.099+0530] {processor.py:842} WARNING - No viable dags retrieved from /Users/anikbhowmick/Python/Big_Data_Assignment/A02/airflow_env/lib/python3.11/site-packages/airflow/example_dags/subdags/subdag.py
[2024-02-27T11:26:15.144+0530] {processor.py:183} INFO - Processing /Users/anikbhowmick/Python/Big_Data_Assignment/A02/airflow_env/lib/python3.11/site-packages/airflow/example_dags/subdags/subdag.py took 0.047 seconds
[2024-02-27T11:27:04.580+0530] {processor.py:161} INFO - Started process (PID=4017) to work on /Users/anikbhowmick/Python/Big_Data_Assignment/A02/airflow_env/lib/python3.11/site-packages/airflow/example_dags/subdags/subdag.py
[2024-02-27T11:27:04.581+0530] {processor.py:830} INFO - Processing file /Users/anikbhowmick/Python/Big_Data_Assignment/A02/airflow_env/lib/python3.11/site-packages/airflow/example_dags/subdags/subdag.py for tasks to queue
[2024-02-27T11:27:04.581+0530] {logging_mixin.py:188} INFO - [2024-02-27T11:27:04.581+0530] {dagbag.py:540} INFO - Filling up the DagBag from /Users/anikbhowmick/Python/Big_Data_Assignment/A02/airflow_env/lib/python3.11/site-packages/airflow/example_dags/subdags/subdag.py
[2024-02-27T11:27:04.582+0530] {processor.py:842} WARNING - No viable dags retrieved from /Users/anikbhowmick/Python/Big_Data_Assignment/A02/airflow_env/lib/python3.11/site-packages/airflow/example_dags/subdags/subdag.py
[2024-02-27T11:27:04.629+0530] {processor.py:183} INFO - Processing /Users/anikbhowmick/Python/Big_Data_Assignment/A02/airflow_env/lib/python3.11/site-packages/airflow/example_dags/subdags/subdag.py took 0.049 seconds
[2024-02-27T11:27:40.270+0530] {processor.py:161} INFO - Started process (PID=4059) to work on /Users/anikbhowmick/Python/Big_Data_Assignment/A02/airflow_env/lib/python3.11/site-packages/airflow/example_dags/subdags/subdag.py
[2024-02-27T11:27:40.271+0530] {processor.py:830} INFO - Processing file /Users/anikbhowmick/Python/Big_Data_Assignment/A02/airflow_env/lib/python3.11/site-packages/airflow/example_dags/subdags/subdag.py for tasks to queue
[2024-02-27T11:27:40.271+0530] {logging_mixin.py:188} INFO - [2024-02-27T11:27:40.271+0530] {dagbag.py:540} INFO - Filling up the DagBag from /Users/anikbhowmick/Python/Big_Data_Assignment/A02/airflow_env/lib/python3.11/site-packages/airflow/example_dags/subdags/subdag.py
[2024-02-27T11:27:40.272+0530] {processor.py:842} WARNING - No viable dags retrieved from /Users/anikbhowmick/Python/Big_Data_Assignment/A02/airflow_env/lib/python3.11/site-packages/airflow/example_dags/subdags/subdag.py
[2024-02-27T11:27:40.321+0530] {processor.py:183} INFO - Processing /Users/anikbhowmick/Python/Big_Data_Assignment/A02/airflow_env/lib/python3.11/site-packages/airflow/example_dags/subdags/subdag.py took 0.051 seconds
[2024-02-27T11:29:14.099+0530] {processor.py:161} INFO - Started process (PID=4173) to work on /Users/anikbhowmick/Python/Big_Data_Assignment/A02/airflow_env/lib/python3.11/site-packages/airflow/example_dags/subdags/subdag.py
[2024-02-27T11:29:14.100+0530] {processor.py:830} INFO - Processing file /Users/anikbhowmick/Python/Big_Data_Assignment/A02/airflow_env/lib/python3.11/site-packages/airflow/example_dags/subdags/subdag.py for tasks to queue
[2024-02-27T11:29:14.101+0530] {logging_mixin.py:188} INFO - [2024-02-27T11:29:14.100+0530] {dagbag.py:540} INFO - Filling up the DagBag from /Users/anikbhowmick/Python/Big_Data_Assignment/A02/airflow_env/lib/python3.11/site-packages/airflow/example_dags/subdags/subdag.py
[2024-02-27T11:29:14.102+0530] {processor.py:842} WARNING - No viable dags retrieved from /Users/anikbhowmick/Python/Big_Data_Assignment/A02/airflow_env/lib/python3.11/site-packages/airflow/example_dags/subdags/subdag.py
[2024-02-27T11:29:14.148+0530] {processor.py:183} INFO - Processing /Users/anikbhowmick/Python/Big_Data_Assignment/A02/airflow_env/lib/python3.11/site-packages/airflow/example_dags/subdags/subdag.py took 0.049 seconds
[2024-02-27T11:30:08.837+0530] {processor.py:161} INFO - Started process (PID=4214) to work on /Users/anikbhowmick/Python/Big_Data_Assignment/A02/airflow_env/lib/python3.11/site-packages/airflow/example_dags/subdags/subdag.py
[2024-02-27T11:30:08.838+0530] {processor.py:830} INFO - Processing file /Users/anikbhowmick/Python/Big_Data_Assignment/A02/airflow_env/lib/python3.11/site-packages/airflow/example_dags/subdags/subdag.py for tasks to queue
[2024-02-27T11:30:08.839+0530] {logging_mixin.py:188} INFO - [2024-02-27T11:30:08.839+0530] {dagbag.py:540} INFO - Filling up the DagBag from /Users/anikbhowmick/Python/Big_Data_Assignment/A02/airflow_env/lib/python3.11/site-packages/airflow/example_dags/subdags/subdag.py
[2024-02-27T11:30:08.839+0530] {processor.py:842} WARNING - No viable dags retrieved from /Users/anikbhowmick/Python/Big_Data_Assignment/A02/airflow_env/lib/python3.11/site-packages/airflow/example_dags/subdags/subdag.py
[2024-02-27T11:30:08.884+0530] {processor.py:183} INFO - Processing /Users/anikbhowmick/Python/Big_Data_Assignment/A02/airflow_env/lib/python3.11/site-packages/airflow/example_dags/subdags/subdag.py took 0.047 seconds
[2024-02-27T11:30:59.586+0530] {processor.py:161} INFO - Started process (PID=4245) to work on /Users/anikbhowmick/Python/Big_Data_Assignment/A02/airflow_env/lib/python3.11/site-packages/airflow/example_dags/subdags/subdag.py
[2024-02-27T11:30:59.587+0530] {processor.py:830} INFO - Processing file /Users/anikbhowmick/Python/Big_Data_Assignment/A02/airflow_env/lib/python3.11/site-packages/airflow/example_dags/subdags/subdag.py for tasks to queue
[2024-02-27T11:30:59.587+0530] {logging_mixin.py:188} INFO - [2024-02-27T11:30:59.587+0530] {dagbag.py:540} INFO - Filling up the DagBag from /Users/anikbhowmick/Python/Big_Data_Assignment/A02/airflow_env/lib/python3.11/site-packages/airflow/example_dags/subdags/subdag.py
[2024-02-27T11:30:59.588+0530] {processor.py:842} WARNING - No viable dags retrieved from /Users/anikbhowmick/Python/Big_Data_Assignment/A02/airflow_env/lib/python3.11/site-packages/airflow/example_dags/subdags/subdag.py
[2024-02-27T11:30:59.633+0530] {processor.py:183} INFO - Processing /Users/anikbhowmick/Python/Big_Data_Assignment/A02/airflow_env/lib/python3.11/site-packages/airflow/example_dags/subdags/subdag.py took 0.048 seconds
[2024-02-27T11:31:52.800+0530] {processor.py:161} INFO - Started process (PID=4283) to work on /Users/anikbhowmick/Python/Big_Data_Assignment/A02/airflow_env/lib/python3.11/site-packages/airflow/example_dags/subdags/subdag.py
[2024-02-27T11:31:52.800+0530] {processor.py:830} INFO - Processing file /Users/anikbhowmick/Python/Big_Data_Assignment/A02/airflow_env/lib/python3.11/site-packages/airflow/example_dags/subdags/subdag.py for tasks to queue
[2024-02-27T11:31:52.801+0530] {logging_mixin.py:188} INFO - [2024-02-27T11:31:52.801+0530] {dagbag.py:540} INFO - Filling up the DagBag from /Users/anikbhowmick/Python/Big_Data_Assignment/A02/airflow_env/lib/python3.11/site-packages/airflow/example_dags/subdags/subdag.py
[2024-02-27T11:31:52.801+0530] {processor.py:842} WARNING - No viable dags retrieved from /Users/anikbhowmick/Python/Big_Data_Assignment/A02/airflow_env/lib/python3.11/site-packages/airflow/example_dags/subdags/subdag.py
[2024-02-27T11:31:52.847+0530] {processor.py:183} INFO - Processing /Users/anikbhowmick/Python/Big_Data_Assignment/A02/airflow_env/lib/python3.11/site-packages/airflow/example_dags/subdags/subdag.py took 0.048 seconds
[2024-02-27T11:32:40.972+0530] {processor.py:161} INFO - Started process (PID=4321) to work on /Users/anikbhowmick/Python/Big_Data_Assignment/A02/airflow_env/lib/python3.11/site-packages/airflow/example_dags/subdags/subdag.py
[2024-02-27T11:32:40.973+0530] {processor.py:830} INFO - Processing file /Users/anikbhowmick/Python/Big_Data_Assignment/A02/airflow_env/lib/python3.11/site-packages/airflow/example_dags/subdags/subdag.py for tasks to queue
[2024-02-27T11:32:40.973+0530] {logging_mixin.py:188} INFO - [2024-02-27T11:32:40.973+0530] {dagbag.py:540} INFO - Filling up the DagBag from /Users/anikbhowmick/Python/Big_Data_Assignment/A02/airflow_env/lib/python3.11/site-packages/airflow/example_dags/subdags/subdag.py
[2024-02-27T11:32:40.974+0530] {processor.py:842} WARNING - No viable dags retrieved from /Users/anikbhowmick/Python/Big_Data_Assignment/A02/airflow_env/lib/python3.11/site-packages/airflow/example_dags/subdags/subdag.py
[2024-02-27T11:32:41.020+0530] {processor.py:183} INFO - Processing /Users/anikbhowmick/Python/Big_Data_Assignment/A02/airflow_env/lib/python3.11/site-packages/airflow/example_dags/subdags/subdag.py took 0.048 seconds
[2024-02-27T11:33:19.152+0530] {processor.py:161} INFO - Started process (PID=4356) to work on /Users/anikbhowmick/Python/Big_Data_Assignment/A02/airflow_env/lib/python3.11/site-packages/airflow/example_dags/subdags/subdag.py
[2024-02-27T11:33:19.152+0530] {processor.py:830} INFO - Processing file /Users/anikbhowmick/Python/Big_Data_Assignment/A02/airflow_env/lib/python3.11/site-packages/airflow/example_dags/subdags/subdag.py for tasks to queue
[2024-02-27T11:33:19.153+0530] {logging_mixin.py:188} INFO - [2024-02-27T11:33:19.153+0530] {dagbag.py:540} INFO - Filling up the DagBag from /Users/anikbhowmick/Python/Big_Data_Assignment/A02/airflow_env/lib/python3.11/site-packages/airflow/example_dags/subdags/subdag.py
[2024-02-27T11:33:19.153+0530] {processor.py:842} WARNING - No viable dags retrieved from /Users/anikbhowmick/Python/Big_Data_Assignment/A02/airflow_env/lib/python3.11/site-packages/airflow/example_dags/subdags/subdag.py
[2024-02-27T11:33:19.199+0530] {processor.py:183} INFO - Processing /Users/anikbhowmick/Python/Big_Data_Assignment/A02/airflow_env/lib/python3.11/site-packages/airflow/example_dags/subdags/subdag.py took 0.047 seconds
[2024-02-27T11:34:53.816+0530] {processor.py:161} INFO - Started process (PID=4464) to work on /Users/anikbhowmick/Python/Big_Data_Assignment/A02/airflow_env/lib/python3.11/site-packages/airflow/example_dags/subdags/subdag.py
[2024-02-27T11:34:53.817+0530] {processor.py:830} INFO - Processing file /Users/anikbhowmick/Python/Big_Data_Assignment/A02/airflow_env/lib/python3.11/site-packages/airflow/example_dags/subdags/subdag.py for tasks to queue
[2024-02-27T11:34:53.817+0530] {logging_mixin.py:188} INFO - [2024-02-27T11:34:53.817+0530] {dagbag.py:540} INFO - Filling up the DagBag from /Users/anikbhowmick/Python/Big_Data_Assignment/A02/airflow_env/lib/python3.11/site-packages/airflow/example_dags/subdags/subdag.py
[2024-02-27T11:34:53.818+0530] {processor.py:842} WARNING - No viable dags retrieved from /Users/anikbhowmick/Python/Big_Data_Assignment/A02/airflow_env/lib/python3.11/site-packages/airflow/example_dags/subdags/subdag.py
[2024-02-27T11:34:53.862+0530] {processor.py:183} INFO - Processing /Users/anikbhowmick/Python/Big_Data_Assignment/A02/airflow_env/lib/python3.11/site-packages/airflow/example_dags/subdags/subdag.py took 0.047 seconds
[2024-02-27T11:35:45.034+0530] {processor.py:161} INFO - Started process (PID=4500) to work on /Users/anikbhowmick/Python/Big_Data_Assignment/A02/airflow_env/lib/python3.11/site-packages/airflow/example_dags/subdags/subdag.py
[2024-02-27T11:35:45.035+0530] {processor.py:830} INFO - Processing file /Users/anikbhowmick/Python/Big_Data_Assignment/A02/airflow_env/lib/python3.11/site-packages/airflow/example_dags/subdags/subdag.py for tasks to queue
[2024-02-27T11:35:45.035+0530] {logging_mixin.py:188} INFO - [2024-02-27T11:35:45.035+0530] {dagbag.py:540} INFO - Filling up the DagBag from /Users/anikbhowmick/Python/Big_Data_Assignment/A02/airflow_env/lib/python3.11/site-packages/airflow/example_dags/subdags/subdag.py
[2024-02-27T11:35:45.036+0530] {processor.py:842} WARNING - No viable dags retrieved from /Users/anikbhowmick/Python/Big_Data_Assignment/A02/airflow_env/lib/python3.11/site-packages/airflow/example_dags/subdags/subdag.py
[2024-02-27T11:35:45.086+0530] {processor.py:183} INFO - Processing /Users/anikbhowmick/Python/Big_Data_Assignment/A02/airflow_env/lib/python3.11/site-packages/airflow/example_dags/subdags/subdag.py took 0.052 seconds
[2024-02-27T11:36:33.675+0530] {processor.py:161} INFO - Started process (PID=4533) to work on /Users/anikbhowmick/Python/Big_Data_Assignment/A02/airflow_env/lib/python3.11/site-packages/airflow/example_dags/subdags/subdag.py
[2024-02-27T11:36:33.676+0530] {processor.py:830} INFO - Processing file /Users/anikbhowmick/Python/Big_Data_Assignment/A02/airflow_env/lib/python3.11/site-packages/airflow/example_dags/subdags/subdag.py for tasks to queue
[2024-02-27T11:36:33.676+0530] {logging_mixin.py:188} INFO - [2024-02-27T11:36:33.676+0530] {dagbag.py:540} INFO - Filling up the DagBag from /Users/anikbhowmick/Python/Big_Data_Assignment/A02/airflow_env/lib/python3.11/site-packages/airflow/example_dags/subdags/subdag.py
[2024-02-27T11:36:33.677+0530] {processor.py:842} WARNING - No viable dags retrieved from /Users/anikbhowmick/Python/Big_Data_Assignment/A02/airflow_env/lib/python3.11/site-packages/airflow/example_dags/subdags/subdag.py
[2024-02-27T11:36:33.723+0530] {processor.py:183} INFO - Processing /Users/anikbhowmick/Python/Big_Data_Assignment/A02/airflow_env/lib/python3.11/site-packages/airflow/example_dags/subdags/subdag.py took 0.048 seconds
[2024-02-27T11:38:52.900+0530] {processor.py:161} INFO - Started process (PID=4603) to work on /Users/anikbhowmick/Python/Big_Data_Assignment/A02/airflow_env/lib/python3.11/site-packages/airflow/example_dags/subdags/subdag.py
[2024-02-27T11:38:52.901+0530] {processor.py:830} INFO - Processing file /Users/anikbhowmick/Python/Big_Data_Assignment/A02/airflow_env/lib/python3.11/site-packages/airflow/example_dags/subdags/subdag.py for tasks to queue
[2024-02-27T11:38:52.901+0530] {logging_mixin.py:188} INFO - [2024-02-27T11:38:52.901+0530] {dagbag.py:540} INFO - Filling up the DagBag from /Users/anikbhowmick/Python/Big_Data_Assignment/A02/airflow_env/lib/python3.11/site-packages/airflow/example_dags/subdags/subdag.py
[2024-02-27T11:38:52.902+0530] {processor.py:842} WARNING - No viable dags retrieved from /Users/anikbhowmick/Python/Big_Data_Assignment/A02/airflow_env/lib/python3.11/site-packages/airflow/example_dags/subdags/subdag.py
[2024-02-27T11:38:52.954+0530] {processor.py:183} INFO - Processing /Users/anikbhowmick/Python/Big_Data_Assignment/A02/airflow_env/lib/python3.11/site-packages/airflow/example_dags/subdags/subdag.py took 0.054 seconds
[2024-02-27T11:40:29.854+0530] {processor.py:161} INFO - Started process (PID=4689) to work on /Users/anikbhowmick/Python/Big_Data_Assignment/A02/airflow_env/lib/python3.11/site-packages/airflow/example_dags/subdags/subdag.py
[2024-02-27T11:40:29.855+0530] {processor.py:830} INFO - Processing file /Users/anikbhowmick/Python/Big_Data_Assignment/A02/airflow_env/lib/python3.11/site-packages/airflow/example_dags/subdags/subdag.py for tasks to queue
[2024-02-27T11:40:29.855+0530] {logging_mixin.py:188} INFO - [2024-02-27T11:40:29.855+0530] {dagbag.py:540} INFO - Filling up the DagBag from /Users/anikbhowmick/Python/Big_Data_Assignment/A02/airflow_env/lib/python3.11/site-packages/airflow/example_dags/subdags/subdag.py
[2024-02-27T11:40:29.856+0530] {processor.py:842} WARNING - No viable dags retrieved from /Users/anikbhowmick/Python/Big_Data_Assignment/A02/airflow_env/lib/python3.11/site-packages/airflow/example_dags/subdags/subdag.py
[2024-02-27T11:40:29.901+0530] {processor.py:183} INFO - Processing /Users/anikbhowmick/Python/Big_Data_Assignment/A02/airflow_env/lib/python3.11/site-packages/airflow/example_dags/subdags/subdag.py took 0.047 seconds
[2024-02-27T11:41:33.871+0530] {processor.py:161} INFO - Started process (PID=4730) to work on /Users/anikbhowmick/Python/Big_Data_Assignment/A02/airflow_env/lib/python3.11/site-packages/airflow/example_dags/subdags/subdag.py
[2024-02-27T11:41:33.872+0530] {processor.py:830} INFO - Processing file /Users/anikbhowmick/Python/Big_Data_Assignment/A02/airflow_env/lib/python3.11/site-packages/airflow/example_dags/subdags/subdag.py for tasks to queue
[2024-02-27T11:41:33.872+0530] {logging_mixin.py:188} INFO - [2024-02-27T11:41:33.872+0530] {dagbag.py:540} INFO - Filling up the DagBag from /Users/anikbhowmick/Python/Big_Data_Assignment/A02/airflow_env/lib/python3.11/site-packages/airflow/example_dags/subdags/subdag.py
[2024-02-27T11:41:33.873+0530] {processor.py:842} WARNING - No viable dags retrieved from /Users/anikbhowmick/Python/Big_Data_Assignment/A02/airflow_env/lib/python3.11/site-packages/airflow/example_dags/subdags/subdag.py
[2024-02-27T11:41:33.917+0530] {processor.py:183} INFO - Processing /Users/anikbhowmick/Python/Big_Data_Assignment/A02/airflow_env/lib/python3.11/site-packages/airflow/example_dags/subdags/subdag.py took 0.046 seconds
[2024-02-27T11:42:31.387+0530] {processor.py:161} INFO - Started process (PID=4765) to work on /Users/anikbhowmick/Python/Big_Data_Assignment/A02/airflow_env/lib/python3.11/site-packages/airflow/example_dags/subdags/subdag.py
[2024-02-27T11:42:31.388+0530] {processor.py:830} INFO - Processing file /Users/anikbhowmick/Python/Big_Data_Assignment/A02/airflow_env/lib/python3.11/site-packages/airflow/example_dags/subdags/subdag.py for tasks to queue
[2024-02-27T11:42:31.388+0530] {logging_mixin.py:188} INFO - [2024-02-27T11:42:31.388+0530] {dagbag.py:540} INFO - Filling up the DagBag from /Users/anikbhowmick/Python/Big_Data_Assignment/A02/airflow_env/lib/python3.11/site-packages/airflow/example_dags/subdags/subdag.py
[2024-02-27T11:42:31.389+0530] {processor.py:842} WARNING - No viable dags retrieved from /Users/anikbhowmick/Python/Big_Data_Assignment/A02/airflow_env/lib/python3.11/site-packages/airflow/example_dags/subdags/subdag.py
[2024-02-27T11:42:31.434+0530] {processor.py:183} INFO - Processing /Users/anikbhowmick/Python/Big_Data_Assignment/A02/airflow_env/lib/python3.11/site-packages/airflow/example_dags/subdags/subdag.py took 0.046 seconds
