[2024-03-08T15:09:30.243+0530] {taskinstance.py:1979} INFO - Dependencies all met for dep_context=non-requeueable deps ti=<TaskInstance: weather_data_pipeline.compute_averages scheduled__2024-03-07T00:33:00+00:00 [queued]>
[2024-03-08T15:09:30.244+0530] {taskinstance.py:1979} INFO - Dependencies all met for dep_context=requeueable deps ti=<TaskInstance: weather_data_pipeline.compute_averages scheduled__2024-03-07T00:33:00+00:00 [queued]>
[2024-03-08T15:09:30.244+0530] {taskinstance.py:2193} INFO - Starting attempt 12 of 13
[2024-03-08T15:09:30.248+0530] {taskinstance.py:2214} INFO - Executing <Task(PythonOperator): compute_averages> on 2024-03-07 00:33:00+00:00
[2024-03-08T15:09:30.252+0530] {standard_task_runner.py:60} INFO - Started process 18817 to run task
[2024-03-08T15:09:30.255+0530] {standard_task_runner.py:87} INFO - Running: ['airflow', 'tasks', 'run', 'weather_data_pipeline', 'compute_averages', 'scheduled__2024-03-07T00:33:00+00:00', '--job-id', '684', '--raw', '--subdir', 'DAGS_FOLDER/Data_analysis.py', '--cfg-path', '/var/folders/th/tnjyp6yd1cj78nysn5t4jl6h0000gn/T/tmpienu2gc9']
[2024-03-08T15:09:30.255+0530] {standard_task_runner.py:88} INFO - Job 684: Subtask compute_averages
[2024-03-08T15:09:30.269+0530] {task_command.py:423} INFO - Running <TaskInstance: weather_data_pipeline.compute_averages scheduled__2024-03-07T00:33:00+00:00 [running]> on host aniks-macbook-air.local
[2024-03-08T15:09:30.291+0530] {taskinstance.py:2510} INFO - Exporting env vars: AIRFLOW_CTX_DAG_OWNER='airflow' AIRFLOW_CTX_DAG_ID='weather_data_pipeline' AIRFLOW_CTX_TASK_ID='compute_averages' AIRFLOW_CTX_EXECUTION_DATE='2024-03-07T00:33:00+00:00' AIRFLOW_CTX_TRY_NUMBER='12' AIRFLOW_CTX_DAG_RUN_ID='scheduled__2024-03-07T00:33:00+00:00'
[2024-03-08T15:09:30.292+0530] {pipeline.py:196} INFO - Missing pipeline option (runner). Executing pipeline using the default runner: DirectRunner.
[2024-03-08T15:09:30.352+0530] {translations.py:712} INFO - ==================== <function annotate_downstream_side_inputs at 0x13480ef20> ====================
[2024-03-08T15:09:30.353+0530] {translations.py:712} INFO - ==================== <function fix_side_input_pcoll_coders at 0x13480f060> ====================
[2024-03-08T15:09:30.353+0530] {translations.py:712} INFO - ==================== <function pack_combiners at 0x13480f600> ====================
[2024-03-08T15:09:30.353+0530] {translations.py:712} INFO - ==================== <function lift_combiners at 0x13480f6a0> ====================
[2024-03-08T15:09:30.353+0530] {translations.py:712} INFO - ==================== <function expand_sdf at 0x13480f880> ====================
[2024-03-08T15:09:30.353+0530] {translations.py:712} INFO - ==================== <function expand_gbk at 0x13480f920> ====================
[2024-03-08T15:09:30.353+0530] {translations.py:712} INFO - ==================== <function sink_flattens at 0x13480fa60> ====================
[2024-03-08T15:09:30.353+0530] {translations.py:712} INFO - ==================== <function greedily_fuse at 0x13480fb00> ====================
[2024-03-08T15:09:30.354+0530] {translations.py:712} INFO - ==================== <function read_to_impulse at 0x13480fba0> ====================
[2024-03-08T15:09:30.354+0530] {translations.py:712} INFO - ==================== <function impulse_to_input at 0x13480fc40> ====================
[2024-03-08T15:09:30.354+0530] {translations.py:712} INFO - ==================== <function sort_stages at 0x13480fec0> ====================
[2024-03-08T15:09:30.354+0530] {translations.py:712} INFO - ==================== <function add_impulse_to_dangling_transforms at 0x134810040> ====================
[2024-03-08T15:09:30.354+0530] {translations.py:712} INFO - ==================== <function setup_timer_mapping at 0x13480fe20> ====================
[2024-03-08T15:09:30.354+0530] {translations.py:712} INFO - ==================== <function populate_data_channel_coders at 0x13480ff60> ====================
[2024-03-08T15:09:30.355+0530] {statecache.py:234} INFO - Creating state cache with size 104857600
[2024-03-08T15:09:30.355+0530] {worker_handlers.py:922} INFO - Created Worker handler <apache_beam.runners.portability.fn_api_runner.worker_handlers.EmbeddedWorkerHandler object at 0x130eb3cd0> for environment ref_Environment_default_environment_1 (beam:env:embedded_python:v1, b'')
[2024-03-08T15:09:30.586+0530] {logging_mixin.py:188} WARNING - /Users/anikbhowmick/Python/Big_Data_Assignment/A02/airflow_env/airflow/dags/Data_analysis.py:83 DtypeWarning: Columns (5) have mixed types. Specify dtype option on import or set low_memory=False.
[2024-03-08T15:09:30.877+0530] {logging_mixin.py:188} WARNING - /Users/anikbhowmick/Python/Big_Data_Assignment/A02/airflow_env/airflow/dags/Data_analysis.py:83 DtypeWarning: Columns (3,4,5,8) have mixed types. Specify dtype option on import or set low_memory=False.
[2024-03-08T15:09:32.205+0530] {logging_mixin.py:188} WARNING - /Users/anikbhowmick/Python/Big_Data_Assignment/A02/airflow_env/airflow/dags/Data_analysis.py:83 DtypeWarning: Columns (5) have mixed types. Specify dtype option on import or set low_memory=False.
[2024-03-08T15:09:32.417+0530] {logging_mixin.py:188} WARNING - /Users/anikbhowmick/Python/Big_Data_Assignment/A02/airflow_env/airflow/dags/Data_analysis.py:83 DtypeWarning: Columns (5) have mixed types. Specify dtype option on import or set low_memory=False.
[2024-03-08T15:09:34.243+0530] {logging_mixin.py:188} WARNING - /Users/anikbhowmick/Python/Big_Data_Assignment/A02/airflow_env/airflow/dags/Data_analysis.py:83 DtypeWarning: Columns (5) have mixed types. Specify dtype option on import or set low_memory=False.
[2024-03-08T15:09:34.768+0530] {logging_mixin.py:188} WARNING - /Users/anikbhowmick/Python/Big_Data_Assignment/A02/airflow_env/airflow/dags/Data_analysis.py:83 DtypeWarning: Columns (5) have mixed types. Specify dtype option on import or set low_memory=False.
[2024-03-08T15:09:34.904+0530] {logging_mixin.py:188} WARNING - /Users/anikbhowmick/Python/Big_Data_Assignment/A02/airflow_env/airflow/dags/Data_analysis.py:83 DtypeWarning: Columns (5) have mixed types. Specify dtype option on import or set low_memory=False.
[2024-03-08T15:09:35.368+0530] {logging_mixin.py:188} WARNING - /Users/anikbhowmick/Python/Big_Data_Assignment/A02/airflow_env/airflow/dags/Data_analysis.py:83 DtypeWarning: Columns (5) have mixed types. Specify dtype option on import or set low_memory=False.
[2024-03-08T15:09:35.698+0530] {logging_mixin.py:188} WARNING - /Users/anikbhowmick/Python/Big_Data_Assignment/A02/airflow_env/airflow/dags/Data_analysis.py:83 DtypeWarning: Columns (3,4,5,8,12,13,18) have mixed types. Specify dtype option on import or set low_memory=False.
[2024-03-08T15:09:36.178+0530] {logging_mixin.py:188} WARNING - /Users/anikbhowmick/Python/Big_Data_Assignment/A02/airflow_env/airflow/dags/Data_analysis.py:83 DtypeWarning: Columns (5) have mixed types. Specify dtype option on import or set low_memory=False.
[2024-03-08T15:09:37.203+0530] {logging_mixin.py:188} WARNING - /Users/anikbhowmick/Python/Big_Data_Assignment/A02/airflow_env/airflow/dags/Data_analysis.py:83 DtypeWarning: Columns (5) have mixed types. Specify dtype option on import or set low_memory=False.
[2024-03-08T15:09:37.528+0530] {python.py:202} INFO - Done. Returned value was: None
[2024-03-08T15:09:37.530+0530] {taskinstance.py:1149} INFO - Marking task as SUCCESS. dag_id=weather_data_pipeline, task_id=compute_averages, execution_date=20240307T003300, start_date=20240308T093930, end_date=20240308T093937
[2024-03-08T15:09:37.554+0530] {local_task_job_runner.py:234} INFO - Task exited with return code 0
[2024-03-08T15:09:37.563+0530] {taskinstance.py:3309} INFO - 1 downstream tasks scheduled from follow-on schedule check
