[2024-03-08T13:13:53.703+0530] {taskinstance.py:1979} INFO - Dependencies all met for dep_context=non-requeueable deps ti=<TaskInstance: weather_data_pipeline.compute_averages scheduled__2024-03-07T00:33:00+00:00 [queued]>
[2024-03-08T13:13:53.706+0530] {taskinstance.py:1979} INFO - Dependencies all met for dep_context=requeueable deps ti=<TaskInstance: weather_data_pipeline.compute_averages scheduled__2024-03-07T00:33:00+00:00 [queued]>
[2024-03-08T13:13:53.706+0530] {taskinstance.py:2193} INFO - Starting attempt 4 of 5
[2024-03-08T13:13:53.711+0530] {taskinstance.py:2214} INFO - Executing <Task(PythonOperator): compute_averages> on 2024-03-07 00:33:00+00:00
[2024-03-08T13:13:53.716+0530] {standard_task_runner.py:60} INFO - Started process 14122 to run task
[2024-03-08T13:13:53.719+0530] {standard_task_runner.py:87} INFO - Running: ['airflow', 'tasks', 'run', 'weather_data_pipeline', 'compute_averages', 'scheduled__2024-03-07T00:33:00+00:00', '--job-id', '611', '--raw', '--subdir', 'DAGS_FOLDER/Data_analysis.py', '--cfg-path', '/var/folders/th/tnjyp6yd1cj78nysn5t4jl6h0000gn/T/tmpt6mm864l']
[2024-03-08T13:13:53.720+0530] {standard_task_runner.py:88} INFO - Job 611: Subtask compute_averages
[2024-03-08T13:13:53.739+0530] {task_command.py:423} INFO - Running <TaskInstance: weather_data_pipeline.compute_averages scheduled__2024-03-07T00:33:00+00:00 [running]> on host aniks-macbook-air.local
[2024-03-08T13:13:53.764+0530] {taskinstance.py:2510} INFO - Exporting env vars: AIRFLOW_CTX_DAG_OWNER='airflow' AIRFLOW_CTX_DAG_ID='weather_data_pipeline' AIRFLOW_CTX_TASK_ID='compute_averages' AIRFLOW_CTX_EXECUTION_DATE='2024-03-07T00:33:00+00:00' AIRFLOW_CTX_TRY_NUMBER='4' AIRFLOW_CTX_DAG_RUN_ID='scheduled__2024-03-07T00:33:00+00:00'
[2024-03-08T13:13:53.766+0530] {pipeline.py:196} INFO - Missing pipeline option (runner). Executing pipeline using the default runner: DirectRunner.
[2024-03-08T13:13:53.846+0530] {translations.py:712} INFO - ==================== <function annotate_downstream_side_inputs at 0x16d52ede0> ====================
[2024-03-08T13:13:53.846+0530] {translations.py:712} INFO - ==================== <function fix_side_input_pcoll_coders at 0x16d52ef20> ====================
[2024-03-08T13:13:53.846+0530] {translations.py:712} INFO - ==================== <function pack_combiners at 0x16d52f4c0> ====================
[2024-03-08T13:13:53.847+0530] {translations.py:712} INFO - ==================== <function lift_combiners at 0x16d52f560> ====================
[2024-03-08T13:13:53.847+0530] {translations.py:712} INFO - ==================== <function expand_sdf at 0x16d52f740> ====================
[2024-03-08T13:13:53.847+0530] {translations.py:712} INFO - ==================== <function expand_gbk at 0x16d52f7e0> ====================
[2024-03-08T13:13:53.847+0530] {translations.py:712} INFO - ==================== <function sink_flattens at 0x16d52f920> ====================
[2024-03-08T13:13:53.847+0530] {translations.py:712} INFO - ==================== <function greedily_fuse at 0x16d52f9c0> ====================
[2024-03-08T13:13:53.848+0530] {translations.py:712} INFO - ==================== <function read_to_impulse at 0x16d52fa60> ====================
[2024-03-08T13:13:53.848+0530] {translations.py:712} INFO - ==================== <function impulse_to_input at 0x16d52fb00> ====================
[2024-03-08T13:13:53.848+0530] {translations.py:712} INFO - ==================== <function sort_stages at 0x16d52fd80> ====================
[2024-03-08T13:13:53.848+0530] {translations.py:712} INFO - ==================== <function add_impulse_to_dangling_transforms at 0x16d52fec0> ====================
[2024-03-08T13:13:53.848+0530] {translations.py:712} INFO - ==================== <function setup_timer_mapping at 0x16d52fce0> ====================
[2024-03-08T13:13:53.849+0530] {translations.py:712} INFO - ==================== <function populate_data_channel_coders at 0x16d52fe20> ====================
[2024-03-08T13:13:53.849+0530] {statecache.py:234} INFO - Creating state cache with size 104857600
[2024-03-08T13:13:53.850+0530] {worker_handlers.py:922} INFO - Created Worker handler <apache_beam.runners.portability.fn_api_runner.worker_handlers.EmbeddedWorkerHandler object at 0x16d4e9490> for environment ref_Environment_default_environment_1 (beam:env:embedded_python:v1, b'')
[2024-03-08T13:13:54.192+0530] {logging_mixin.py:188} WARNING - /Users/anikbhowmick/Python/Big_Data_Assignment/A02/airflow_env/airflow/dags/Data_analysis.py:83 DtypeWarning: Columns (5) have mixed types. Specify dtype option on import or set low_memory=False.
[2024-03-08T13:13:54.631+0530] {logging_mixin.py:188} WARNING - /Users/anikbhowmick/Python/Big_Data_Assignment/A02/airflow_env/airflow/dags/Data_analysis.py:83 DtypeWarning: Columns (3,4,5,8) have mixed types. Specify dtype option on import or set low_memory=False.
[2024-03-08T13:13:56.496+0530] {logging_mixin.py:188} WARNING - /Users/anikbhowmick/Python/Big_Data_Assignment/A02/airflow_env/airflow/dags/Data_analysis.py:83 DtypeWarning: Columns (5) have mixed types. Specify dtype option on import or set low_memory=False.
[2024-03-08T13:13:56.805+0530] {logging_mixin.py:188} WARNING - /Users/anikbhowmick/Python/Big_Data_Assignment/A02/airflow_env/airflow/dags/Data_analysis.py:83 DtypeWarning: Columns (5) have mixed types. Specify dtype option on import or set low_memory=False.
[2024-03-08T13:13:59.684+0530] {logging_mixin.py:188} WARNING - /Users/anikbhowmick/Python/Big_Data_Assignment/A02/airflow_env/airflow/dags/Data_analysis.py:83 DtypeWarning: Columns (5) have mixed types. Specify dtype option on import or set low_memory=False.
[2024-03-08T13:14:00.494+0530] {logging_mixin.py:188} WARNING - /Users/anikbhowmick/Python/Big_Data_Assignment/A02/airflow_env/airflow/dags/Data_analysis.py:83 DtypeWarning: Columns (5) have mixed types. Specify dtype option on import or set low_memory=False.
[2024-03-08T13:14:00.708+0530] {logging_mixin.py:188} WARNING - /Users/anikbhowmick/Python/Big_Data_Assignment/A02/airflow_env/airflow/dags/Data_analysis.py:83 DtypeWarning: Columns (5) have mixed types. Specify dtype option on import or set low_memory=False.
[2024-03-08T13:14:01.403+0530] {logging_mixin.py:188} WARNING - /Users/anikbhowmick/Python/Big_Data_Assignment/A02/airflow_env/airflow/dags/Data_analysis.py:83 DtypeWarning: Columns (5) have mixed types. Specify dtype option on import or set low_memory=False.
[2024-03-08T13:14:01.890+0530] {logging_mixin.py:188} WARNING - /Users/anikbhowmick/Python/Big_Data_Assignment/A02/airflow_env/airflow/dags/Data_analysis.py:83 DtypeWarning: Columns (3,4,5,8,12,13,18) have mixed types. Specify dtype option on import or set low_memory=False.
[2024-03-08T13:14:02.670+0530] {logging_mixin.py:188} WARNING - /Users/anikbhowmick/Python/Big_Data_Assignment/A02/airflow_env/airflow/dags/Data_analysis.py:83 DtypeWarning: Columns (5) have mixed types. Specify dtype option on import or set low_memory=False.
[2024-03-08T13:14:05.164+0530] {logging_mixin.py:188} WARNING - /Users/anikbhowmick/Python/Big_Data_Assignment/A02/airflow_env/airflow/dags/Data_analysis.py:83 DtypeWarning: Columns (5) have mixed types. Specify dtype option on import or set low_memory=False.
[2024-03-08T13:14:06.390+0530] {python.py:202} INFO - Done. Returned value was: None
[2024-03-08T13:14:06.403+0530] {taskinstance.py:1149} INFO - Marking task as SUCCESS. dag_id=weather_data_pipeline, task_id=compute_averages, execution_date=20240307T003300, start_date=20240308T074353, end_date=20240308T074406
[2024-03-08T13:14:06.483+0530] {local_task_job_runner.py:234} INFO - Task exited with return code 0
[2024-03-08T13:14:06.512+0530] {taskinstance.py:3309} INFO - 1 downstream tasks scheduled from follow-on schedule check
