[2024-03-08T13:01:27.826+0530] {taskinstance.py:1979} INFO - Dependencies all met for dep_context=non-requeueable deps ti=<TaskInstance: weather_data_pipeline.compute_averages scheduled__2024-03-07T00:33:00+00:00 [queued]>
[2024-03-08T13:01:27.828+0530] {taskinstance.py:1979} INFO - Dependencies all met for dep_context=requeueable deps ti=<TaskInstance: weather_data_pipeline.compute_averages scheduled__2024-03-07T00:33:00+00:00 [queued]>
[2024-03-08T13:01:27.829+0530] {taskinstance.py:2193} INFO - Starting attempt 2 of 3
[2024-03-08T13:01:27.833+0530] {taskinstance.py:2214} INFO - Executing <Task(PythonOperator): compute_averages> on 2024-03-07 00:33:00+00:00
[2024-03-08T13:01:27.840+0530] {standard_task_runner.py:60} INFO - Started process 13276 to run task
[2024-03-08T13:01:27.849+0530] {standard_task_runner.py:87} INFO - Running: ['airflow', 'tasks', 'run', 'weather_data_pipeline', 'compute_averages', 'scheduled__2024-03-07T00:33:00+00:00', '--job-id', '592', '--raw', '--subdir', 'DAGS_FOLDER/Data_analysis.py', '--cfg-path', '/var/folders/th/tnjyp6yd1cj78nysn5t4jl6h0000gn/T/tmp7f3ynoqn']
[2024-03-08T13:01:27.853+0530] {standard_task_runner.py:88} INFO - Job 592: Subtask compute_averages
[2024-03-08T13:01:27.884+0530] {task_command.py:423} INFO - Running <TaskInstance: weather_data_pipeline.compute_averages scheduled__2024-03-07T00:33:00+00:00 [running]> on host aniks-macbook-air.local
[2024-03-08T13:01:27.925+0530] {taskinstance.py:2510} INFO - Exporting env vars: AIRFLOW_CTX_DAG_OWNER='airflow' AIRFLOW_CTX_DAG_ID='weather_data_pipeline' AIRFLOW_CTX_TASK_ID='compute_averages' AIRFLOW_CTX_EXECUTION_DATE='2024-03-07T00:33:00+00:00' AIRFLOW_CTX_TRY_NUMBER='2' AIRFLOW_CTX_DAG_RUN_ID='scheduled__2024-03-07T00:33:00+00:00'
[2024-03-08T13:01:27.927+0530] {pipeline.py:196} INFO - Missing pipeline option (runner). Executing pipeline using the default runner: DirectRunner.
[2024-03-08T13:01:28.015+0530] {translations.py:712} INFO - ==================== <function annotate_downstream_side_inputs at 0x146433240> ====================
[2024-03-08T13:01:28.016+0530] {translations.py:712} INFO - ==================== <function fix_side_input_pcoll_coders at 0x146433380> ====================
[2024-03-08T13:01:28.016+0530] {translations.py:712} INFO - ==================== <function pack_combiners at 0x146433920> ====================
[2024-03-08T13:01:28.017+0530] {translations.py:712} INFO - ==================== <function lift_combiners at 0x1464339c0> ====================
[2024-03-08T13:01:28.017+0530] {translations.py:712} INFO - ==================== <function expand_sdf at 0x146433ba0> ====================
[2024-03-08T13:01:28.018+0530] {translations.py:712} INFO - ==================== <function expand_gbk at 0x146433c40> ====================
[2024-03-08T13:01:28.018+0530] {translations.py:712} INFO - ==================== <function sink_flattens at 0x146433d80> ====================
[2024-03-08T13:01:28.019+0530] {translations.py:712} INFO - ==================== <function greedily_fuse at 0x146433e20> ====================
[2024-03-08T13:01:28.020+0530] {translations.py:712} INFO - ==================== <function read_to_impulse at 0x146433ec0> ====================
[2024-03-08T13:01:28.020+0530] {translations.py:712} INFO - ==================== <function impulse_to_input at 0x146433f60> ====================
[2024-03-08T13:01:28.021+0530] {translations.py:712} INFO - ==================== <function sort_stages at 0x146434220> ====================
[2024-03-08T13:01:28.021+0530] {translations.py:712} INFO - ==================== <function add_impulse_to_dangling_transforms at 0x146434360> ====================
[2024-03-08T13:01:28.021+0530] {translations.py:712} INFO - ==================== <function setup_timer_mapping at 0x146434180> ====================
[2024-03-08T13:01:28.021+0530] {translations.py:712} INFO - ==================== <function populate_data_channel_coders at 0x1464342c0> ====================
[2024-03-08T13:01:28.023+0530] {statecache.py:234} INFO - Creating state cache with size 104857600
[2024-03-08T13:01:28.023+0530] {worker_handlers.py:922} INFO - Created Worker handler <apache_beam.runners.portability.fn_api_runner.worker_handlers.EmbeddedWorkerHandler object at 0x14640b150> for environment ref_Environment_default_environment_1 (beam:env:embedded_python:v1, b'')
[2024-03-08T13:01:28.338+0530] {logging_mixin.py:188} WARNING - /Users/anikbhowmick/Python/Big_Data_Assignment/A02/airflow_env/airflow/dags/Data_analysis.py:83 DtypeWarning: Columns (5) have mixed types. Specify dtype option on import or set low_memory=False.
[2024-03-08T13:01:28.802+0530] {logging_mixin.py:188} WARNING - /Users/anikbhowmick/Python/Big_Data_Assignment/A02/airflow_env/airflow/dags/Data_analysis.py:83 DtypeWarning: Columns (3,4,5,8) have mixed types. Specify dtype option on import or set low_memory=False.
[2024-03-08T13:01:30.283+0530] {logging_mixin.py:188} WARNING - /Users/anikbhowmick/Python/Big_Data_Assignment/A02/airflow_env/airflow/dags/Data_analysis.py:83 DtypeWarning: Columns (5) have mixed types. Specify dtype option on import or set low_memory=False.
[2024-03-08T13:01:30.517+0530] {logging_mixin.py:188} WARNING - /Users/anikbhowmick/Python/Big_Data_Assignment/A02/airflow_env/airflow/dags/Data_analysis.py:83 DtypeWarning: Columns (5) have mixed types. Specify dtype option on import or set low_memory=False.
[2024-03-08T13:01:32.468+0530] {logging_mixin.py:188} WARNING - /Users/anikbhowmick/Python/Big_Data_Assignment/A02/airflow_env/airflow/dags/Data_analysis.py:83 DtypeWarning: Columns (5) have mixed types. Specify dtype option on import or set low_memory=False.
[2024-03-08T13:01:33.102+0530] {logging_mixin.py:188} WARNING - /Users/anikbhowmick/Python/Big_Data_Assignment/A02/airflow_env/airflow/dags/Data_analysis.py:83 DtypeWarning: Columns (5) have mixed types. Specify dtype option on import or set low_memory=False.
[2024-03-08T13:01:33.261+0530] {logging_mixin.py:188} WARNING - /Users/anikbhowmick/Python/Big_Data_Assignment/A02/airflow_env/airflow/dags/Data_analysis.py:83 DtypeWarning: Columns (5) have mixed types. Specify dtype option on import or set low_memory=False.
[2024-03-08T13:01:34.010+0530] {logging_mixin.py:188} WARNING - /Users/anikbhowmick/Python/Big_Data_Assignment/A02/airflow_env/airflow/dags/Data_analysis.py:83 DtypeWarning: Columns (5) have mixed types. Specify dtype option on import or set low_memory=False.
[2024-03-08T13:01:34.423+0530] {logging_mixin.py:188} WARNING - /Users/anikbhowmick/Python/Big_Data_Assignment/A02/airflow_env/airflow/dags/Data_analysis.py:83 DtypeWarning: Columns (3,4,5,8,12,13,18) have mixed types. Specify dtype option on import or set low_memory=False.
[2024-03-08T13:01:34.977+0530] {logging_mixin.py:188} WARNING - /Users/anikbhowmick/Python/Big_Data_Assignment/A02/airflow_env/airflow/dags/Data_analysis.py:83 DtypeWarning: Columns (5) have mixed types. Specify dtype option on import or set low_memory=False.
[2024-03-08T13:01:36.176+0530] {logging_mixin.py:188} WARNING - /Users/anikbhowmick/Python/Big_Data_Assignment/A02/airflow_env/airflow/dags/Data_analysis.py:83 DtypeWarning: Columns (5) have mixed types. Specify dtype option on import or set low_memory=False.
[2024-03-08T13:01:36.620+0530] {python.py:202} INFO - Done. Returned value was: None
[2024-03-08T13:01:36.626+0530] {taskinstance.py:1149} INFO - Marking task as SUCCESS. dag_id=weather_data_pipeline, task_id=compute_averages, execution_date=20240307T003300, start_date=20240308T073127, end_date=20240308T073136
[2024-03-08T13:01:36.658+0530] {local_task_job_runner.py:234} INFO - Task exited with return code 0
[2024-03-08T13:01:36.673+0530] {taskinstance.py:3309} INFO - 1 downstream tasks scheduled from follow-on schedule check
