[2024-03-08T16:48:57.939+0530] {taskinstance.py:1979} INFO - Dependencies all met for dep_context=non-requeueable deps ti=<TaskInstance: weather_data_pipeline.compute_averages manual__2024-03-08T07:53:50.167118+00:00 [queued]>
[2024-03-08T16:48:57.941+0530] {taskinstance.py:1979} INFO - Dependencies all met for dep_context=requeueable deps ti=<TaskInstance: weather_data_pipeline.compute_averages manual__2024-03-08T07:53:50.167118+00:00 [queued]>
[2024-03-08T16:48:57.941+0530] {taskinstance.py:2193} INFO - Starting attempt 3 of 4
[2024-03-08T16:48:57.944+0530] {taskinstance.py:2214} INFO - Executing <Task(PythonOperator): compute_averages> on 2024-03-08 07:53:50.167118+00:00
[2024-03-08T16:48:57.948+0530] {standard_task_runner.py:60} INFO - Started process 1170 to run task
[2024-03-08T16:48:57.951+0530] {standard_task_runner.py:87} INFO - Running: ['airflow', 'tasks', 'run', 'weather_data_pipeline', 'compute_averages', 'manual__2024-03-08T07:53:50.167118+00:00', '--job-id', '702', '--raw', '--subdir', 'DAGS_FOLDER/Data_analysis.py', '--cfg-path', '/var/folders/th/tnjyp6yd1cj78nysn5t4jl6h0000gn/T/tmpusqvy5fo']
[2024-03-08T16:48:57.951+0530] {standard_task_runner.py:88} INFO - Job 702: Subtask compute_averages
[2024-03-08T16:48:57.964+0530] {task_command.py:423} INFO - Running <TaskInstance: weather_data_pipeline.compute_averages manual__2024-03-08T07:53:50.167118+00:00 [running]> on host aniks-macbook-air.local
[2024-03-08T16:48:57.985+0530] {taskinstance.py:2510} INFO - Exporting env vars: AIRFLOW_CTX_DAG_OWNER='airflow' AIRFLOW_CTX_DAG_ID='weather_data_pipeline' AIRFLOW_CTX_TASK_ID='compute_averages' AIRFLOW_CTX_EXECUTION_DATE='2024-03-08T07:53:50.167118+00:00' AIRFLOW_CTX_TRY_NUMBER='3' AIRFLOW_CTX_DAG_RUN_ID='manual__2024-03-08T07:53:50.167118+00:00'
[2024-03-08T16:48:57.986+0530] {pipeline.py:196} INFO - Missing pipeline option (runner). Executing pipeline using the default runner: DirectRunner.
[2024-03-08T16:48:58.041+0530] {translations.py:712} INFO - ==================== <function annotate_downstream_side_inputs at 0x1631bf2e0> ====================
[2024-03-08T16:48:58.041+0530] {translations.py:712} INFO - ==================== <function fix_side_input_pcoll_coders at 0x1631bf420> ====================
[2024-03-08T16:48:58.042+0530] {translations.py:712} INFO - ==================== <function pack_combiners at 0x1631bf9c0> ====================
[2024-03-08T16:48:58.042+0530] {translations.py:712} INFO - ==================== <function lift_combiners at 0x1631bfa60> ====================
[2024-03-08T16:48:58.042+0530] {translations.py:712} INFO - ==================== <function expand_sdf at 0x1631bfc40> ====================
[2024-03-08T16:48:58.042+0530] {translations.py:712} INFO - ==================== <function expand_gbk at 0x1631bfce0> ====================
[2024-03-08T16:48:58.042+0530] {translations.py:712} INFO - ==================== <function sink_flattens at 0x1631bfe20> ====================
[2024-03-08T16:48:58.042+0530] {translations.py:712} INFO - ==================== <function greedily_fuse at 0x1631bfec0> ====================
[2024-03-08T16:48:58.043+0530] {translations.py:712} INFO - ==================== <function read_to_impulse at 0x1631bff60> ====================
[2024-03-08T16:48:58.043+0530] {translations.py:712} INFO - ==================== <function impulse_to_input at 0x1631cc040> ====================
[2024-03-08T16:48:58.043+0530] {translations.py:712} INFO - ==================== <function sort_stages at 0x1631cc2c0> ====================
[2024-03-08T16:48:58.043+0530] {translations.py:712} INFO - ==================== <function add_impulse_to_dangling_transforms at 0x1631cc400> ====================
[2024-03-08T16:48:58.043+0530] {translations.py:712} INFO - ==================== <function setup_timer_mapping at 0x1631cc220> ====================
[2024-03-08T16:48:58.043+0530] {translations.py:712} INFO - ==================== <function populate_data_channel_coders at 0x1631cc360> ====================
[2024-03-08T16:48:58.044+0530] {statecache.py:234} INFO - Creating state cache with size 104857600
[2024-03-08T16:48:58.044+0530] {worker_handlers.py:922} INFO - Created Worker handler <apache_beam.runners.portability.fn_api_runner.worker_handlers.EmbeddedWorkerHandler object at 0x15dac1fd0> for environment ref_Environment_default_environment_1 (beam:env:embedded_python:v1, b'')
[2024-03-08T16:48:59.074+0530] {python.py:202} INFO - Done. Returned value was: None
[2024-03-08T16:48:59.077+0530] {taskinstance.py:1149} INFO - Marking task as SUCCESS. dag_id=weather_data_pipeline, task_id=compute_averages, execution_date=20240308T075350, start_date=20240308T111857, end_date=20240308T111859
[2024-03-08T16:48:59.086+0530] {local_task_job_runner.py:234} INFO - Task exited with return code 0
[2024-03-08T16:48:59.095+0530] {taskinstance.py:3309} INFO - 1 downstream tasks scheduled from follow-on schedule check
