[2024-03-08T00:12:47.731+0530] {taskinstance.py:1979} INFO - Dependencies all met for dep_context=non-requeueable deps ti=<TaskInstance: weather_data_pipeline.Geo_map scheduled__2024-03-03T00:33:00+00:00 [queued]>
[2024-03-08T00:12:47.733+0530] {taskinstance.py:1979} INFO - Dependencies all met for dep_context=requeueable deps ti=<TaskInstance: weather_data_pipeline.Geo_map scheduled__2024-03-03T00:33:00+00:00 [queued]>
[2024-03-08T00:12:47.733+0530] {taskinstance.py:2193} INFO - Starting attempt 1 of 2
[2024-03-08T00:12:47.737+0530] {taskinstance.py:2214} INFO - Executing <Task(PythonOperator): Geo_map> on 2024-03-03 00:33:00+00:00
[2024-03-08T00:12:47.742+0530] {standard_task_runner.py:60} INFO - Started process 2019 to run task
[2024-03-08T00:12:47.745+0530] {standard_task_runner.py:87} INFO - Running: ['airflow', 'tasks', 'run', 'weather_data_pipeline', 'Geo_map', 'scheduled__2024-03-03T00:33:00+00:00', '--job-id', '547', '--raw', '--subdir', 'DAGS_FOLDER/Data_analysis.py', '--cfg-path', '/var/folders/th/tnjyp6yd1cj78nysn5t4jl6h0000gn/T/tmpg6muocav']
[2024-03-08T00:12:47.745+0530] {standard_task_runner.py:88} INFO - Job 547: Subtask Geo_map
[2024-03-08T00:12:47.760+0530] {task_command.py:423} INFO - Running <TaskInstance: weather_data_pipeline.Geo_map scheduled__2024-03-03T00:33:00+00:00 [running]> on host aniks-macbook-air.local
[2024-03-08T00:12:47.777+0530] {taskinstance.py:2510} INFO - Exporting env vars: AIRFLOW_CTX_DAG_OWNER='airflow' AIRFLOW_CTX_DAG_ID='weather_data_pipeline' AIRFLOW_CTX_TASK_ID='Geo_map' AIRFLOW_CTX_EXECUTION_DATE='2024-03-03T00:33:00+00:00' AIRFLOW_CTX_TRY_NUMBER='1' AIRFLOW_CTX_DAG_RUN_ID='scheduled__2024-03-03T00:33:00+00:00'
[2024-03-08T00:12:47.779+0530] {pipeline.py:196} INFO - Missing pipeline option (runner). Executing pipeline using the default runner: DirectRunner.
[2024-03-08T00:12:47.846+0530] {translations.py:712} INFO - ==================== <function annotate_downstream_side_inputs at 0x1342e8a40> ====================
[2024-03-08T00:12:47.846+0530] {translations.py:712} INFO - ==================== <function fix_side_input_pcoll_coders at 0x1342e8b80> ====================
[2024-03-08T00:12:47.846+0530] {translations.py:712} INFO - ==================== <function pack_combiners at 0x1342e9120> ====================
[2024-03-08T00:12:47.847+0530] {translations.py:712} INFO - ==================== <function lift_combiners at 0x1342e91c0> ====================
[2024-03-08T00:12:47.847+0530] {translations.py:712} INFO - ==================== <function expand_sdf at 0x1342e93a0> ====================
[2024-03-08T00:12:47.847+0530] {translations.py:712} INFO - ==================== <function expand_gbk at 0x1342e9440> ====================
[2024-03-08T00:12:47.847+0530] {translations.py:712} INFO - ==================== <function sink_flattens at 0x1342e9580> ====================
[2024-03-08T00:12:47.847+0530] {translations.py:712} INFO - ==================== <function greedily_fuse at 0x1342e9620> ====================
[2024-03-08T00:12:47.847+0530] {translations.py:712} INFO - ==================== <function read_to_impulse at 0x1342e96c0> ====================
[2024-03-08T00:12:47.847+0530] {translations.py:712} INFO - ==================== <function impulse_to_input at 0x1342e9760> ====================
[2024-03-08T00:12:47.847+0530] {translations.py:712} INFO - ==================== <function sort_stages at 0x1342e99e0> ====================
[2024-03-08T00:12:47.848+0530] {translations.py:712} INFO - ==================== <function add_impulse_to_dangling_transforms at 0x1342e9b20> ====================
[2024-03-08T00:12:47.848+0530] {translations.py:712} INFO - ==================== <function setup_timer_mapping at 0x1342e9940> ====================
[2024-03-08T00:12:47.848+0530] {translations.py:712} INFO - ==================== <function populate_data_channel_coders at 0x1342e9a80> ====================
[2024-03-08T00:12:47.848+0530] {statecache.py:234} INFO - Creating state cache with size 104857600
[2024-03-08T00:12:47.848+0530] {worker_handlers.py:922} INFO - Created Worker handler <apache_beam.runners.portability.fn_api_runner.worker_handlers.EmbeddedWorkerHandler object at 0x1343d3390> for environment ref_Environment_default_environment_1 (beam:env:embedded_python:v1, b'')
[2024-03-08T00:12:48.398+0530] {logging_mixin.py:188} WARNING - /Users/anikbhowmick/Python/Big_Data_Assignment/A02/airflow_env/airflow/dags/Data_analysis.py:142 UserWarning: Starting a Matplotlib GUI outside of the main thread will likely fail.
[2024-03-08T00:12:48.563+0530] {local_task_job_runner.py:234} INFO - Task exited with return code -6
[2024-03-08T00:12:48.569+0530] {taskinstance.py:3309} INFO - 0 downstream tasks scheduled from follow-on schedule check
