[2024-03-03T03:13:22.099+0530] {taskinstance.py:1979} INFO - Dependencies all met for dep_context=non-requeueable deps ti=<TaskInstance: weather_data_pipeline.extract_and_filter_data manual__2024-03-02T21:25:58.120094+00:00 [queued]>
[2024-03-03T03:13:22.101+0530] {taskinstance.py:1979} INFO - Dependencies all met for dep_context=requeueable deps ti=<TaskInstance: weather_data_pipeline.extract_and_filter_data manual__2024-03-02T21:25:58.120094+00:00 [queued]>
[2024-03-03T03:13:22.101+0530] {taskinstance.py:2193} INFO - Starting attempt 2 of 3
[2024-03-03T03:13:22.105+0530] {taskinstance.py:2214} INFO - Executing <Task(PythonOperator): extract_and_filter_data> on 2024-03-02 21:25:58.120094+00:00
[2024-03-03T03:13:22.109+0530] {standard_task_runner.py:60} INFO - Started process 38254 to run task
[2024-03-03T03:13:22.111+0530] {standard_task_runner.py:87} INFO - Running: ['airflow', 'tasks', 'run', 'weather_data_pipeline', 'extract_and_filter_data', 'manual__2024-03-02T21:25:58.120094+00:00', '--job-id', '430', '--raw', '--subdir', 'DAGS_FOLDER/Data_analysis.py', '--cfg-path', '/var/folders/th/tnjyp6yd1cj78nysn5t4jl6h0000gn/T/tmpdbw86dn1']
[2024-03-03T03:13:22.112+0530] {standard_task_runner.py:88} INFO - Job 430: Subtask extract_and_filter_data
[2024-03-03T03:13:22.140+0530] {task_command.py:423} INFO - Running <TaskInstance: weather_data_pipeline.extract_and_filter_data manual__2024-03-02T21:25:58.120094+00:00 [running]> on host aniks-macbook-air.local
[2024-03-03T03:13:22.155+0530] {taskinstance.py:2510} INFO - Exporting env vars: AIRFLOW_CTX_DAG_OWNER='airflow' AIRFLOW_CTX_DAG_ID='weather_data_pipeline' AIRFLOW_CTX_TASK_ID='extract_and_filter_data' AIRFLOW_CTX_EXECUTION_DATE='2024-03-02T21:25:58.120094+00:00' AIRFLOW_CTX_TRY_NUMBER='2' AIRFLOW_CTX_DAG_RUN_ID='manual__2024-03-02T21:25:58.120094+00:00'
[2024-03-03T03:13:22.157+0530] {pipeline.py:196} INFO - Missing pipeline option (runner). Executing pipeline using the default runner: DirectRunner.
[2024-03-03T03:13:22.242+0530] {translations.py:712} INFO - ==================== <function annotate_downstream_side_inputs at 0x13489a700> ====================
[2024-03-03T03:13:22.242+0530] {translations.py:712} INFO - ==================== <function fix_side_input_pcoll_coders at 0x13489a840> ====================
[2024-03-03T03:13:22.243+0530] {translations.py:712} INFO - ==================== <function pack_combiners at 0x13489ade0> ====================
[2024-03-03T03:13:22.243+0530] {translations.py:712} INFO - ==================== <function lift_combiners at 0x13489ae80> ====================
[2024-03-03T03:13:22.243+0530] {translations.py:712} INFO - ==================== <function expand_sdf at 0x13489b060> ====================
[2024-03-03T03:13:22.243+0530] {translations.py:712} INFO - ==================== <function expand_gbk at 0x13489b100> ====================
[2024-03-03T03:13:22.243+0530] {translations.py:712} INFO - ==================== <function sink_flattens at 0x13489b240> ====================
[2024-03-03T03:13:22.243+0530] {translations.py:712} INFO - ==================== <function greedily_fuse at 0x13489b2e0> ====================
[2024-03-03T03:13:22.243+0530] {translations.py:712} INFO - ==================== <function read_to_impulse at 0x13489b380> ====================
[2024-03-03T03:13:22.244+0530] {translations.py:712} INFO - ==================== <function impulse_to_input at 0x13489b420> ====================
[2024-03-03T03:13:22.244+0530] {translations.py:712} INFO - ==================== <function sort_stages at 0x13489b6a0> ====================
[2024-03-03T03:13:22.244+0530] {translations.py:712} INFO - ==================== <function add_impulse_to_dangling_transforms at 0x13489b7e0> ====================
[2024-03-03T03:13:22.244+0530] {translations.py:712} INFO - ==================== <function setup_timer_mapping at 0x13489b600> ====================
[2024-03-03T03:13:22.244+0530] {translations.py:712} INFO - ==================== <function populate_data_channel_coders at 0x13489b740> ====================
[2024-03-03T03:13:22.245+0530] {statecache.py:234} INFO - Creating state cache with size 104857600
[2024-03-03T03:13:22.245+0530] {worker_handlers.py:922} INFO - Created Worker handler <apache_beam.runners.portability.fn_api_runner.worker_handlers.EmbeddedWorkerHandler object at 0x13497e5d0> for environment ref_Environment_default_environment_1 (beam:env:embedded_python:v1, b'')
[2024-03-03T03:13:22.769+0530] {python.py:202} INFO - Done. Returned value was: None
[2024-03-03T03:13:22.771+0530] {taskinstance.py:1149} INFO - Marking task as SUCCESS. dag_id=weather_data_pipeline, task_id=extract_and_filter_data, execution_date=20240302T212558, start_date=20240302T214322, end_date=20240302T214322
[2024-03-03T03:13:22.799+0530] {local_task_job_runner.py:234} INFO - Task exited with return code 0
[2024-03-03T03:13:22.806+0530] {taskinstance.py:3309} INFO - 1 downstream tasks scheduled from follow-on schedule check
