[2024-03-03T10:11:53.071+0530] {taskinstance.py:1979} INFO - Dependencies all met for dep_context=non-requeueable deps ti=<TaskInstance: weather_data_pipeline.extract_and_filter_data scheduled__2024-03-02T00:33:00+00:00 [queued]>
[2024-03-03T10:11:53.073+0530] {taskinstance.py:1979} INFO - Dependencies all met for dep_context=requeueable deps ti=<TaskInstance: weather_data_pipeline.extract_and_filter_data scheduled__2024-03-02T00:33:00+00:00 [queued]>
[2024-03-03T10:11:53.073+0530] {taskinstance.py:2193} INFO - Starting attempt 5 of 6
[2024-03-03T10:11:53.077+0530] {taskinstance.py:2214} INFO - Executing <Task(PythonOperator): extract_and_filter_data> on 2024-03-02 00:33:00+00:00
[2024-03-03T10:11:53.080+0530] {standard_task_runner.py:60} INFO - Started process 2706 to run task
[2024-03-03T10:11:53.083+0530] {standard_task_runner.py:87} INFO - Running: ['airflow', 'tasks', 'run', 'weather_data_pipeline', 'extract_and_filter_data', 'scheduled__2024-03-02T00:33:00+00:00', '--job-id', '460', '--raw', '--subdir', 'DAGS_FOLDER/Data_analysis.py', '--cfg-path', '/var/folders/th/tnjyp6yd1cj78nysn5t4jl6h0000gn/T/tmp0x5mpyhn']
[2024-03-03T10:11:53.083+0530] {standard_task_runner.py:88} INFO - Job 460: Subtask extract_and_filter_data
[2024-03-03T10:11:53.101+0530] {task_command.py:423} INFO - Running <TaskInstance: weather_data_pipeline.extract_and_filter_data scheduled__2024-03-02T00:33:00+00:00 [running]> on host aniks-macbook-air.local
[2024-03-03T10:11:53.115+0530] {taskinstance.py:2510} INFO - Exporting env vars: AIRFLOW_CTX_DAG_OWNER='airflow' AIRFLOW_CTX_DAG_ID='weather_data_pipeline' AIRFLOW_CTX_TASK_ID='extract_and_filter_data' AIRFLOW_CTX_EXECUTION_DATE='2024-03-02T00:33:00+00:00' AIRFLOW_CTX_TRY_NUMBER='5' AIRFLOW_CTX_DAG_RUN_ID='scheduled__2024-03-02T00:33:00+00:00'
[2024-03-03T10:11:53.117+0530] {pipeline.py:196} INFO - Missing pipeline option (runner). Executing pipeline using the default runner: DirectRunner.
[2024-03-03T10:11:53.202+0530] {translations.py:712} INFO - ==================== <function annotate_downstream_side_inputs at 0x12bd9a660> ====================
[2024-03-03T10:11:53.202+0530] {translations.py:712} INFO - ==================== <function fix_side_input_pcoll_coders at 0x12bd9a7a0> ====================
[2024-03-03T10:11:53.202+0530] {translations.py:712} INFO - ==================== <function pack_combiners at 0x12bd9ad40> ====================
[2024-03-03T10:11:53.202+0530] {translations.py:712} INFO - ==================== <function lift_combiners at 0x12bd9ade0> ====================
[2024-03-03T10:11:53.203+0530] {translations.py:712} INFO - ==================== <function expand_sdf at 0x12bd9afc0> ====================
[2024-03-03T10:11:53.203+0530] {translations.py:712} INFO - ==================== <function expand_gbk at 0x12bd9b060> ====================
[2024-03-03T10:11:53.203+0530] {translations.py:712} INFO - ==================== <function sink_flattens at 0x12bd9b1a0> ====================
[2024-03-03T10:11:53.203+0530] {translations.py:712} INFO - ==================== <function greedily_fuse at 0x12bd9b240> ====================
[2024-03-03T10:11:53.203+0530] {translations.py:712} INFO - ==================== <function read_to_impulse at 0x12bd9b2e0> ====================
[2024-03-03T10:11:53.203+0530] {translations.py:712} INFO - ==================== <function impulse_to_input at 0x12bd9b380> ====================
[2024-03-03T10:11:53.203+0530] {translations.py:712} INFO - ==================== <function sort_stages at 0x12bd9b600> ====================
[2024-03-03T10:11:53.203+0530] {translations.py:712} INFO - ==================== <function add_impulse_to_dangling_transforms at 0x12bd9b740> ====================
[2024-03-03T10:11:53.204+0530] {translations.py:712} INFO - ==================== <function setup_timer_mapping at 0x12bd9b560> ====================
[2024-03-03T10:11:53.204+0530] {translations.py:712} INFO - ==================== <function populate_data_channel_coders at 0x12bd9b6a0> ====================
[2024-03-03T10:11:53.205+0530] {statecache.py:234} INFO - Creating state cache with size 104857600
[2024-03-03T10:11:53.205+0530] {worker_handlers.py:922} INFO - Created Worker handler <apache_beam.runners.portability.fn_api_runner.worker_handlers.EmbeddedWorkerHandler object at 0x12bd6ec90> for environment ref_Environment_default_environment_1 (beam:env:embedded_python:v1, b'')
[2024-03-03T10:11:53.434+0530] {logging_mixin.py:188} WARNING - /Users/anikbhowmick/Python/Big_Data_Assignment/A02/airflow_env/airflow/dags/Data_analysis.py:51 DtypeWarning: Columns (10) have mixed types. Specify dtype option on import or set low_memory=False.
[2024-03-03T10:11:53.832+0530] {logging_mixin.py:188} WARNING - /Users/anikbhowmick/Python/Big_Data_Assignment/A02/airflow_env/airflow/dags/Data_analysis.py:51 DtypeWarning: Columns (10,17,23) have mixed types. Specify dtype option on import or set low_memory=False.
[2024-03-03T10:11:53.896+0530] {logging_mixin.py:188} WARNING - /Users/anikbhowmick/Python/Big_Data_Assignment/A02/airflow_env/airflow/dags/Data_analysis.py:51 DtypeWarning: Columns (10,12) have mixed types. Specify dtype option on import or set low_memory=False.
[2024-03-03T10:11:54.012+0530] {logging_mixin.py:188} WARNING - /Users/anikbhowmick/Python/Big_Data_Assignment/A02/airflow_env/airflow/dags/Data_analysis.py:51 DtypeWarning: Columns (10,17,21,23) have mixed types. Specify dtype option on import or set low_memory=False.
[2024-03-03T10:11:54.074+0530] {logging_mixin.py:188} WARNING - /Users/anikbhowmick/Python/Big_Data_Assignment/A02/airflow_env/airflow/dags/Data_analysis.py:51 DtypeWarning: Columns (10) have mixed types. Specify dtype option on import or set low_memory=False.
[2024-03-03T10:11:54.155+0530] {logging_mixin.py:188} WARNING - /Users/anikbhowmick/Python/Big_Data_Assignment/A02/airflow_env/airflow/dags/Data_analysis.py:51 DtypeWarning: Columns (8) have mixed types. Specify dtype option on import or set low_memory=False.
[2024-03-03T10:11:54.318+0530] {logging_mixin.py:188} WARNING - /Users/anikbhowmick/Python/Big_Data_Assignment/A02/airflow_env/airflow/dags/Data_analysis.py:51 DtypeWarning: Columns (8,9,10,17,18,22,23) have mixed types. Specify dtype option on import or set low_memory=False.
[2024-03-03T10:11:54.395+0530] {logging_mixin.py:188} WARNING - /Users/anikbhowmick/Python/Big_Data_Assignment/A02/airflow_env/airflow/dags/Data_analysis.py:51 DtypeWarning: Columns (9,10) have mixed types. Specify dtype option on import or set low_memory=False.
[2024-03-03T10:11:54.722+0530] {logging_mixin.py:188} WARNING - /Users/anikbhowmick/Python/Big_Data_Assignment/A02/airflow_env/airflow/dags/Data_analysis.py:51 DtypeWarning: Columns (10,17) have mixed types. Specify dtype option on import or set low_memory=False.
[2024-03-03T10:11:54.847+0530] {python.py:202} INFO - Done. Returned value was: None
[2024-03-03T10:11:54.851+0530] {taskinstance.py:1149} INFO - Marking task as SUCCESS. dag_id=weather_data_pipeline, task_id=extract_and_filter_data, execution_date=20240302T003300, start_date=20240303T044153, end_date=20240303T044154
[2024-03-03T10:11:54.875+0530] {local_task_job_runner.py:234} INFO - Task exited with return code 0
[2024-03-03T10:11:54.883+0530] {taskinstance.py:3309} INFO - 1 downstream tasks scheduled from follow-on schedule check
