[2024-03-08T08:03:11.468+0530] {taskinstance.py:1979} INFO - Dependencies all met for dep_context=non-requeueable deps ti=<TaskInstance: weather_data_pipeline.extract_and_filter_data scheduled__2024-03-07T00:33:00+00:00 [queued]>
[2024-03-08T08:03:11.470+0530] {taskinstance.py:1979} INFO - Dependencies all met for dep_context=requeueable deps ti=<TaskInstance: weather_data_pipeline.extract_and_filter_data scheduled__2024-03-07T00:33:00+00:00 [queued]>
[2024-03-08T08:03:11.470+0530] {taskinstance.py:2193} INFO - Starting attempt 1 of 2
[2024-03-08T08:03:11.474+0530] {taskinstance.py:2214} INFO - Executing <Task(PythonOperator): extract_and_filter_data> on 2024-03-07 00:33:00+00:00
[2024-03-08T08:03:11.479+0530] {standard_task_runner.py:60} INFO - Started process 1384 to run task
[2024-03-08T08:03:11.481+0530] {standard_task_runner.py:87} INFO - Running: ['airflow', 'tasks', 'run', 'weather_data_pipeline', 'extract_and_filter_data', 'scheduled__2024-03-07T00:33:00+00:00', '--job-id', '579', '--raw', '--subdir', 'DAGS_FOLDER/Data_analysis.py', '--cfg-path', '/var/folders/th/tnjyp6yd1cj78nysn5t4jl6h0000gn/T/tmpww09u2q4']
[2024-03-08T08:03:11.482+0530] {standard_task_runner.py:88} INFO - Job 579: Subtask extract_and_filter_data
[2024-03-08T08:03:11.500+0530] {task_command.py:423} INFO - Running <TaskInstance: weather_data_pipeline.extract_and_filter_data scheduled__2024-03-07T00:33:00+00:00 [running]> on host aniks-macbook-air.local
[2024-03-08T08:03:11.520+0530] {taskinstance.py:2510} INFO - Exporting env vars: AIRFLOW_CTX_DAG_OWNER='airflow' AIRFLOW_CTX_DAG_ID='weather_data_pipeline' AIRFLOW_CTX_TASK_ID='extract_and_filter_data' AIRFLOW_CTX_EXECUTION_DATE='2024-03-07T00:33:00+00:00' AIRFLOW_CTX_TRY_NUMBER='1' AIRFLOW_CTX_DAG_RUN_ID='scheduled__2024-03-07T00:33:00+00:00'
[2024-03-08T08:03:11.521+0530] {pipeline.py:196} INFO - Missing pipeline option (runner). Executing pipeline using the default runner: DirectRunner.
[2024-03-08T08:03:11.699+0530] {translations.py:712} INFO - ==================== <function annotate_downstream_side_inputs at 0x13e76b100> ====================
[2024-03-08T08:03:11.699+0530] {translations.py:712} INFO - ==================== <function fix_side_input_pcoll_coders at 0x13e76b240> ====================
[2024-03-08T08:03:11.699+0530] {translations.py:712} INFO - ==================== <function pack_combiners at 0x13e76b7e0> ====================
[2024-03-08T08:03:11.700+0530] {translations.py:712} INFO - ==================== <function lift_combiners at 0x13e76b880> ====================
[2024-03-08T08:03:11.700+0530] {translations.py:712} INFO - ==================== <function expand_sdf at 0x13e76ba60> ====================
[2024-03-08T08:03:11.700+0530] {translations.py:712} INFO - ==================== <function expand_gbk at 0x13e76bb00> ====================
[2024-03-08T08:03:11.700+0530] {translations.py:712} INFO - ==================== <function sink_flattens at 0x13e76bc40> ====================
[2024-03-08T08:03:11.700+0530] {translations.py:712} INFO - ==================== <function greedily_fuse at 0x13e76bce0> ====================
[2024-03-08T08:03:11.700+0530] {translations.py:712} INFO - ==================== <function read_to_impulse at 0x13e76bd80> ====================
[2024-03-08T08:03:11.701+0530] {translations.py:712} INFO - ==================== <function impulse_to_input at 0x13e76be20> ====================
[2024-03-08T08:03:11.701+0530] {translations.py:712} INFO - ==================== <function sort_stages at 0x13e7700e0> ====================
[2024-03-08T08:03:11.701+0530] {translations.py:712} INFO - ==================== <function add_impulse_to_dangling_transforms at 0x13e770220> ====================
[2024-03-08T08:03:11.701+0530] {translations.py:712} INFO - ==================== <function setup_timer_mapping at 0x13e770040> ====================
[2024-03-08T08:03:11.701+0530] {translations.py:712} INFO - ==================== <function populate_data_channel_coders at 0x13e770180> ====================
[2024-03-08T08:03:11.702+0530] {statecache.py:234} INFO - Creating state cache with size 104857600
[2024-03-08T08:03:11.702+0530] {worker_handlers.py:922} INFO - Created Worker handler <apache_beam.runners.portability.fn_api_runner.worker_handlers.EmbeddedWorkerHandler object at 0x13e864910> for environment ref_Environment_default_environment_1 (beam:env:embedded_python:v1, b'')
[2024-03-08T08:03:15.406+0530] {logging_mixin.py:188} WARNING - /Users/anikbhowmick/Python/Big_Data_Assignment/A02/airflow_env/airflow/dags/Data_analysis.py:62 DtypeWarning: Columns (10) have mixed types. Specify dtype option on import or set low_memory=False.
[2024-03-08T08:03:17.698+0530] {logging_mixin.py:188} WARNING - /Users/anikbhowmick/Python/Big_Data_Assignment/A02/airflow_env/airflow/dags/Data_analysis.py:62 DtypeWarning: Columns (10) have mixed types. Specify dtype option on import or set low_memory=False.
[2024-03-08T08:03:17.837+0530] {logging_mixin.py:188} WARNING - /Users/anikbhowmick/Python/Big_Data_Assignment/A02/airflow_env/airflow/dags/Data_analysis.py:62 DtypeWarning: Columns (10) have mixed types. Specify dtype option on import or set low_memory=False.
[2024-03-08T08:03:18.244+0530] {python.py:202} INFO - Done. Returned value was: None
[2024-03-08T08:03:18.249+0530] {taskinstance.py:1149} INFO - Marking task as SUCCESS. dag_id=weather_data_pipeline, task_id=extract_and_filter_data, execution_date=20240307T003300, start_date=20240308T023311, end_date=20240308T023318
[2024-03-08T08:03:18.299+0530] {local_task_job_runner.py:234} INFO - Task exited with return code 0
[2024-03-08T08:03:18.317+0530] {taskinstance.py:3309} INFO - 1 downstream tasks scheduled from follow-on schedule check
