[2024-03-03T01:53:29.199+0530] {taskinstance.py:1979} INFO - Dependencies all met for dep_context=non-requeueable deps ti=<TaskInstance: weather_data_pipeline.unzip_archive manual__2024-03-02T19:24:10.303999+00:00 [queued]>
[2024-03-03T01:53:29.201+0530] {taskinstance.py:1979} INFO - Dependencies all met for dep_context=requeueable deps ti=<TaskInstance: weather_data_pipeline.unzip_archive manual__2024-03-02T19:24:10.303999+00:00 [queued]>
[2024-03-03T01:53:29.201+0530] {taskinstance.py:2193} INFO - Starting attempt 12 of 13
[2024-03-03T01:53:29.205+0530] {taskinstance.py:2214} INFO - Executing <Task(BashOperator): unzip_archive> on 2024-03-02 19:24:10.303999+00:00
[2024-03-03T01:53:29.209+0530] {standard_task_runner.py:60} INFO - Started process 33199 to run task
[2024-03-03T01:53:29.211+0530] {standard_task_runner.py:87} INFO - Running: ['airflow', 'tasks', 'run', 'weather_data_pipeline', 'unzip_archive', 'manual__2024-03-02T19:24:10.303999+00:00', '--job-id', '359', '--raw', '--subdir', 'DAGS_FOLDER/Data_analysis.py', '--cfg-path', '/var/folders/th/tnjyp6yd1cj78nysn5t4jl6h0000gn/T/tmp_6_gonn9']
[2024-03-03T01:53:29.212+0530] {standard_task_runner.py:88} INFO - Job 359: Subtask unzip_archive
[2024-03-03T01:53:29.228+0530] {task_command.py:423} INFO - Running <TaskInstance: weather_data_pipeline.unzip_archive manual__2024-03-02T19:24:10.303999+00:00 [running]> on host aniks-macbook-air.local
[2024-03-03T01:53:29.245+0530] {taskinstance.py:2510} INFO - Exporting env vars: AIRFLOW_CTX_DAG_OWNER='airflow' AIRFLOW_CTX_DAG_ID='weather_data_pipeline' AIRFLOW_CTX_TASK_ID='unzip_archive' AIRFLOW_CTX_EXECUTION_DATE='2024-03-02T19:24:10.303999+00:00' AIRFLOW_CTX_TRY_NUMBER='12' AIRFLOW_CTX_DAG_RUN_ID='manual__2024-03-02T19:24:10.303999+00:00'
[2024-03-03T01:53:29.246+0530] {subprocess.py:63} INFO - Tmp dir root location: /var/folders/th/tnjyp6yd1cj78nysn5t4jl6h0000gn/T
[2024-03-03T01:53:29.246+0530] {subprocess.py:75} INFO - Running command: ['/bin/bash', '-c', 'mkdir -p /Users/anikbhowmick/Python/Big_Data_Assignment/A02/airflow_env/Data_storage/2024_data && unzip -o /Users/anikbhowmick/Python/Big_Data_Assignment/A02/airflow_env/Data_storage/2024_data.zip -d /Users/anikbhowmick/Python/Big_Data_Assignment/A02/airflow_env/Data_storage/2024_data/']
[2024-03-03T01:53:29.249+0530] {subprocess.py:86} INFO - Output:
[2024-03-03T01:53:29.256+0530] {subprocess.py:93} INFO - Archive:  /Users/anikbhowmick/Python/Big_Data_Assignment/A02/airflow_env/Data_storage/2024_data.zip
[2024-03-03T01:53:29.270+0530] {subprocess.py:93} INFO -  extracting: /Users/anikbhowmick/Python/Big_Data_Assignment/A02/airflow_env/Data_storage/2024_data/94609099999.csv
[2024-03-03T01:53:29.274+0530] {subprocess.py:93} INFO -  extracting: /Users/anikbhowmick/Python/Big_Data_Assignment/A02/airflow_env/Data_storage/2024_data/71061099999.csv
[2024-03-03T01:53:29.309+0530] {subprocess.py:93} INFO -  extracting: /Users/anikbhowmick/Python/Big_Data_Assignment/A02/airflow_env/Data_storage/2024_data/99999994074.csv
[2024-03-03T01:53:29.327+0530] {subprocess.py:93} INFO -  extracting: /Users/anikbhowmick/Python/Big_Data_Assignment/A02/airflow_env/Data_storage/2024_data/72286699999.csv
[2024-03-03T01:53:29.342+0530] {subprocess.py:93} INFO -  extracting: /Users/anikbhowmick/Python/Big_Data_Assignment/A02/airflow_env/Data_storage/2024_data/91218041414.csv
[2024-03-03T01:53:29.346+0530] {subprocess.py:93} INFO -  extracting: /Users/anikbhowmick/Python/Big_Data_Assignment/A02/airflow_env/Data_storage/2024_data/15206099999.csv
[2024-03-03T01:53:29.351+0530] {subprocess.py:93} INFO -  extracting: /Users/anikbhowmick/Python/Big_Data_Assignment/A02/airflow_env/Data_storage/2024_data/65010099999.csv
[2024-03-03T01:53:29.353+0530] {subprocess.py:93} INFO -  extracting: /Users/anikbhowmick/Python/Big_Data_Assignment/A02/airflow_env/Data_storage/2024_data/51334099999.csv
[2024-03-03T01:53:29.363+0530] {subprocess.py:93} INFO -  extracting: /Users/anikbhowmick/Python/Big_Data_Assignment/A02/airflow_env/Data_storage/2024_data/01010099999.csv
[2024-03-03T01:53:29.366+0530] {subprocess.py:93} INFO -  extracting: /Users/anikbhowmick/Python/Big_Data_Assignment/A02/airflow_env/Data_storage/2024_data/80144099999.csv
[2024-03-03T01:53:29.377+0530] {subprocess.py:93} INFO -  extracting: /Users/anikbhowmick/Python/Big_Data_Assignment/A02/airflow_env/Data_storage/2024_data/72656804961.csv
[2024-03-03T01:53:29.384+0530] {subprocess.py:93} INFO -  extracting: /Users/anikbhowmick/Python/Big_Data_Assignment/A02/airflow_env/Data_storage/2024_data/94972099999.csv
[2024-03-03T01:53:29.388+0530] {subprocess.py:93} INFO -  extracting: /Users/anikbhowmick/Python/Big_Data_Assignment/A02/airflow_env/Data_storage/2024_data/99772999999.csv
[2024-03-03T01:53:29.392+0530] {subprocess.py:93} INFO -  extracting: /Users/anikbhowmick/Python/Big_Data_Assignment/A02/airflow_env/Data_storage/2024_data/12100099999.csv
[2024-03-03T01:53:29.403+0530] {subprocess.py:93} INFO -  extracting: /Users/anikbhowmick/Python/Big_Data_Assignment/A02/airflow_env/Data_storage/2024_data/72038400124.csv
[2024-03-03T01:53:29.414+0530] {subprocess.py:93} INFO -  extracting: /Users/anikbhowmick/Python/Big_Data_Assignment/A02/airflow_env/Data_storage/2024_data/71401099999.csv
[2024-03-03T01:53:29.449+0530] {subprocess.py:93} INFO -  extracting: /Users/anikbhowmick/Python/Big_Data_Assignment/A02/airflow_env/Data_storage/2024_data/99999992826.csv
[2024-03-03T01:53:29.460+0530] {subprocess.py:93} INFO -  extracting: /Users/anikbhowmick/Python/Big_Data_Assignment/A02/airflow_env/Data_storage/2024_data/03140099999.csv
[2024-03-03T01:53:29.471+0530] {subprocess.py:93} INFO -  extracting: /Users/anikbhowmick/Python/Big_Data_Assignment/A02/airflow_env/Data_storage/2024_data/31873099999.csv
[2024-03-03T01:53:29.479+0530] {subprocess.py:93} INFO -  extracting: /Users/anikbhowmick/Python/Big_Data_Assignment/A02/airflow_env/Data_storage/2024_data/17030099999.csv
[2024-03-03T01:53:29.480+0530] {subprocess.py:97} INFO - Command exited with return code 0
[2024-03-03T01:53:29.485+0530] {taskinstance.py:1149} INFO - Marking task as SUCCESS. dag_id=weather_data_pipeline, task_id=unzip_archive, execution_date=20240302T192410, start_date=20240302T202329, end_date=20240302T202329
[2024-03-03T01:53:29.497+0530] {local_task_job_runner.py:234} INFO - Task exited with return code 0
[2024-03-03T01:53:29.504+0530] {taskinstance.py:3309} INFO - 1 downstream tasks scheduled from follow-on schedule check
