[2024-02-28T16:52:00.709+0530] {taskinstance.py:1979} INFO - Dependencies all met for dep_context=non-requeueable deps ti=<TaskInstance: fetch_weather_data_1.move_zip_file manual__2024-02-28T10:18:45.407670+00:00 [queued]>
[2024-02-28T16:52:00.712+0530] {taskinstance.py:1979} INFO - Dependencies all met for dep_context=requeueable deps ti=<TaskInstance: fetch_weather_data_1.move_zip_file manual__2024-02-28T10:18:45.407670+00:00 [queued]>
[2024-02-28T16:52:00.712+0530] {taskinstance.py:2193} INFO - Starting attempt 1 of 2
[2024-02-28T16:52:00.716+0530] {taskinstance.py:2214} INFO - Executing <Task(BashOperator): move_zip_file> on 2024-02-28 10:18:45.407670+00:00
[2024-02-28T16:52:00.718+0530] {standard_task_runner.py:60} INFO - Started process 9545 to run task
[2024-02-28T16:52:00.721+0530] {standard_task_runner.py:87} INFO - Running: ['airflow', 'tasks', 'run', 'fetch_weather_data_1', 'move_zip_file', 'manual__2024-02-28T10:18:45.407670+00:00', '--job-id', '136', '--raw', '--subdir', 'DAGS_FOLDER/Data_fetcher.py', '--cfg-path', '/var/folders/th/tnjyp6yd1cj78nysn5t4jl6h0000gn/T/tmppv9nm5y9']
[2024-02-28T16:52:00.722+0530] {standard_task_runner.py:88} INFO - Job 136: Subtask move_zip_file
[2024-02-28T16:52:00.734+0530] {task_command.py:423} INFO - Running <TaskInstance: fetch_weather_data_1.move_zip_file manual__2024-02-28T10:18:45.407670+00:00 [running]> on host aniks-macbook-air.local
[2024-02-28T16:52:00.752+0530] {taskinstance.py:2510} INFO - Exporting env vars: AIRFLOW_CTX_DAG_OWNER='airflow' AIRFLOW_CTX_DAG_ID='fetch_weather_data_1' AIRFLOW_CTX_TASK_ID='move_zip_file' AIRFLOW_CTX_EXECUTION_DATE='2024-02-28T10:18:45.407670+00:00' AIRFLOW_CTX_TRY_NUMBER='1' AIRFLOW_CTX_DAG_RUN_ID='manual__2024-02-28T10:18:45.407670+00:00'
[2024-02-28T16:52:00.753+0530] {subprocess.py:63} INFO - Tmp dir root location: /var/folders/th/tnjyp6yd1cj78nysn5t4jl6h0000gn/T
[2024-02-28T16:52:00.753+0530] {subprocess.py:75} INFO - Running command: ['/bin/bash', '-c', 'mv /Users/anikbhowmick/Python/Big_Data_Assignment/A02/airflow_env/airflow/Data/2024_data.zip /Users/anikbhowmick/Python/Big_Data_Assignment/A02/airflow_env/Data_storage/']
[2024-02-28T16:52:00.757+0530] {subprocess.py:86} INFO - Output:
[2024-02-28T16:52:00.760+0530] {subprocess.py:93} INFO - mv: rename /Users/anikbhowmick/Python/Big_Data_Assignment/A02/airflow_env/airflow/Data/2024_data.zip to /Users/anikbhowmick/Python/Big_Data_Assignment/A02/airflow_env/Data_storage/: No such file or directory
[2024-02-28T16:52:00.760+0530] {subprocess.py:97} INFO - Command exited with return code 1
[2024-02-28T16:52:00.765+0530] {taskinstance.py:2728} ERROR - Task failed with exception
Traceback (most recent call last):
  File "/Users/anikbhowmick/Python/Big_Data_Assignment/A02/airflow_env/lib/python3.11/site-packages/airflow/models/taskinstance.py", line 444, in _execute_task
    result = _execute_callable(context=context, **execute_callable_kwargs)
             ^^^^^^^^^^^^^^^^^^^^^^^^^^^^^^^^^^^^^^^^^^^^^^^^^^^^^^^^^^^^^
  File "/Users/anikbhowmick/Python/Big_Data_Assignment/A02/airflow_env/lib/python3.11/site-packages/airflow/models/taskinstance.py", line 414, in _execute_callable
    return execute_callable(context=context, **execute_callable_kwargs)
           ^^^^^^^^^^^^^^^^^^^^^^^^^^^^^^^^^^^^^^^^^^^^^^^^^^^^^^^^^^^^
  File "/Users/anikbhowmick/Python/Big_Data_Assignment/A02/airflow_env/lib/python3.11/site-packages/airflow/operators/bash.py", line 212, in execute
    raise AirflowException(
airflow.exceptions.AirflowException: Bash command failed. The command returned a non-zero exit code 1.
[2024-02-28T16:52:00.766+0530] {taskinstance.py:1149} INFO - Marking task as UP_FOR_RETRY. dag_id=fetch_weather_data_1, task_id=move_zip_file, execution_date=20240228T101845, start_date=20240228T112200, end_date=20240228T112200
[2024-02-28T16:52:00.770+0530] {standard_task_runner.py:107} ERROR - Failed to execute job 136 for task move_zip_file (Bash command failed. The command returned a non-zero exit code 1.; 9545)
[2024-02-28T16:52:00.780+0530] {local_task_job_runner.py:234} INFO - Task exited with return code 1
[2024-02-28T16:52:00.785+0530] {taskinstance.py:3309} INFO - 0 downstream tasks scheduled from follow-on schedule check
