[2024-03-08T00:19:41.912+0530] {taskinstance.py:1979} INFO - Dependencies all met for dep_context=non-requeueable deps ti=<TaskInstance: weather_data_pipeline.extract_and_filter_data manual__2024-03-07T18:49:21.402711+00:00 [queued]>
[2024-03-08T00:19:41.914+0530] {taskinstance.py:1979} INFO - Dependencies all met for dep_context=requeueable deps ti=<TaskInstance: weather_data_pipeline.extract_and_filter_data manual__2024-03-07T18:49:21.402711+00:00 [queued]>
[2024-03-08T00:19:41.914+0530] {taskinstance.py:2193} INFO - Starting attempt 1 of 2
[2024-03-08T00:19:41.917+0530] {taskinstance.py:2214} INFO - Executing <Task(PythonOperator): extract_and_filter_data> on 2024-03-07 18:49:21.402711+00:00
[2024-03-08T00:19:41.922+0530] {standard_task_runner.py:60} INFO - Started process 2575 to run task
[2024-03-08T00:19:41.924+0530] {standard_task_runner.py:87} INFO - Running: ['airflow', 'tasks', 'run', 'weather_data_pipeline', 'extract_and_filter_data', 'manual__2024-03-07T18:49:21.402711+00:00', '--job-id', '555', '--raw', '--subdir', 'DAGS_FOLDER/Data_analysis.py', '--cfg-path', '/var/folders/th/tnjyp6yd1cj78nysn5t4jl6h0000gn/T/tmpe2um0cy0']
[2024-03-08T00:19:41.925+0530] {standard_task_runner.py:88} INFO - Job 555: Subtask extract_and_filter_data
[2024-03-08T00:19:41.949+0530] {task_command.py:423} INFO - Running <TaskInstance: weather_data_pipeline.extract_and_filter_data manual__2024-03-07T18:49:21.402711+00:00 [running]> on host aniks-macbook-air.local
[2024-03-08T00:19:41.965+0530] {taskinstance.py:2510} INFO - Exporting env vars: AIRFLOW_CTX_DAG_OWNER='airflow' AIRFLOW_CTX_DAG_ID='weather_data_pipeline' AIRFLOW_CTX_TASK_ID='extract_and_filter_data' AIRFLOW_CTX_EXECUTION_DATE='2024-03-07T18:49:21.402711+00:00' AIRFLOW_CTX_TRY_NUMBER='1' AIRFLOW_CTX_DAG_RUN_ID='manual__2024-03-07T18:49:21.402711+00:00'
[2024-03-08T00:19:41.966+0530] {pipeline.py:196} INFO - Missing pipeline option (runner). Executing pipeline using the default runner: DirectRunner.
[2024-03-08T00:19:42.028+0530] {translations.py:712} INFO - ==================== <function annotate_downstream_side_inputs at 0x16c2c8f40> ====================
[2024-03-08T00:19:42.028+0530] {translations.py:712} INFO - ==================== <function fix_side_input_pcoll_coders at 0x16c2c9080> ====================
[2024-03-08T00:19:42.028+0530] {translations.py:712} INFO - ==================== <function pack_combiners at 0x16c2c9620> ====================
[2024-03-08T00:19:42.028+0530] {translations.py:712} INFO - ==================== <function lift_combiners at 0x16c2c96c0> ====================
[2024-03-08T00:19:42.029+0530] {translations.py:712} INFO - ==================== <function expand_sdf at 0x16c2c98a0> ====================
[2024-03-08T00:19:42.029+0530] {translations.py:712} INFO - ==================== <function expand_gbk at 0x16c2c9940> ====================
[2024-03-08T00:19:42.029+0530] {translations.py:712} INFO - ==================== <function sink_flattens at 0x16c2c9a80> ====================
[2024-03-08T00:19:42.029+0530] {translations.py:712} INFO - ==================== <function greedily_fuse at 0x16c2c9b20> ====================
[2024-03-08T00:19:42.029+0530] {translations.py:712} INFO - ==================== <function read_to_impulse at 0x16c2c9bc0> ====================
[2024-03-08T00:19:42.029+0530] {translations.py:712} INFO - ==================== <function impulse_to_input at 0x16c2c9c60> ====================
[2024-03-08T00:19:42.029+0530] {translations.py:712} INFO - ==================== <function sort_stages at 0x16c2c9ee0> ====================
[2024-03-08T00:19:42.030+0530] {translations.py:712} INFO - ==================== <function add_impulse_to_dangling_transforms at 0x16c2ca020> ====================
[2024-03-08T00:19:42.030+0530] {translations.py:712} INFO - ==================== <function setup_timer_mapping at 0x16c2c9e40> ====================
[2024-03-08T00:19:42.030+0530] {translations.py:712} INFO - ==================== <function populate_data_channel_coders at 0x16c2c9f80> ====================
[2024-03-08T00:19:42.030+0530] {statecache.py:234} INFO - Creating state cache with size 104857600
[2024-03-08T00:19:42.030+0530] {worker_handlers.py:922} INFO - Created Worker handler <apache_beam.runners.portability.fn_api_runner.worker_handlers.EmbeddedWorkerHandler object at 0x156154290> for environment ref_Environment_default_environment_1 (beam:env:embedded_python:v1, b'')
[2024-03-08T00:19:45.815+0530] {logging_mixin.py:188} WARNING - /Users/anikbhowmick/Python/Big_Data_Assignment/A02/airflow_env/airflow/dags/Data_analysis.py:61 DtypeWarning: Columns (10) have mixed types. Specify dtype option on import or set low_memory=False.
[2024-03-08T00:19:48.192+0530] {logging_mixin.py:188} WARNING - /Users/anikbhowmick/Python/Big_Data_Assignment/A02/airflow_env/airflow/dags/Data_analysis.py:61 DtypeWarning: Columns (10) have mixed types. Specify dtype option on import or set low_memory=False.
[2024-03-08T00:19:48.332+0530] {logging_mixin.py:188} WARNING - /Users/anikbhowmick/Python/Big_Data_Assignment/A02/airflow_env/airflow/dags/Data_analysis.py:61 DtypeWarning: Columns (10) have mixed types. Specify dtype option on import or set low_memory=False.
[2024-03-08T00:19:48.794+0530] {python.py:202} INFO - Done. Returned value was: None
[2024-03-08T00:19:48.804+0530] {taskinstance.py:1149} INFO - Marking task as SUCCESS. dag_id=weather_data_pipeline, task_id=extract_and_filter_data, execution_date=20240307T184921, start_date=20240307T184941, end_date=20240307T184948
[2024-03-08T00:19:48.856+0530] {local_task_job_runner.py:234} INFO - Task exited with return code 0
[2024-03-08T00:19:48.872+0530] {taskinstance.py:3309} INFO - 1 downstream tasks scheduled from follow-on schedule check
