[2024-03-08T15:25:30.186+0530] {taskinstance.py:1979} INFO - Dependencies all met for dep_context=non-requeueable deps ti=<TaskInstance: weather_data_pipeline.Geo_map scheduled__2024-03-07T00:33:00+00:00 [queued]>
[2024-03-08T15:25:30.188+0530] {taskinstance.py:1979} INFO - Dependencies all met for dep_context=requeueable deps ti=<TaskInstance: weather_data_pipeline.Geo_map scheduled__2024-03-07T00:33:00+00:00 [queued]>
[2024-03-08T15:25:30.188+0530] {taskinstance.py:2193} INFO - Starting attempt 11 of 12
[2024-03-08T15:25:30.193+0530] {taskinstance.py:2214} INFO - Executing <Task(PythonOperator): Geo_map> on 2024-03-07 00:33:00+00:00
[2024-03-08T15:25:30.198+0530] {standard_task_runner.py:60} INFO - Started process 19413 to run task
[2024-03-08T15:25:30.200+0530] {standard_task_runner.py:87} INFO - Running: ['airflow', 'tasks', 'run', 'weather_data_pipeline', 'Geo_map', 'scheduled__2024-03-07T00:33:00+00:00', '--job-id', '697', '--raw', '--subdir', 'DAGS_FOLDER/Data_analysis.py', '--cfg-path', '/var/folders/th/tnjyp6yd1cj78nysn5t4jl6h0000gn/T/tmpx20uaszd']
[2024-03-08T15:25:30.201+0530] {standard_task_runner.py:88} INFO - Job 697: Subtask Geo_map
[2024-03-08T15:25:30.217+0530] {task_command.py:423} INFO - Running <TaskInstance: weather_data_pipeline.Geo_map scheduled__2024-03-07T00:33:00+00:00 [running]> on host aniks-macbook-air.local
[2024-03-08T15:25:30.236+0530] {taskinstance.py:2510} INFO - Exporting env vars: AIRFLOW_CTX_DAG_OWNER='airflow' AIRFLOW_CTX_DAG_ID='weather_data_pipeline' AIRFLOW_CTX_TASK_ID='Geo_map' AIRFLOW_CTX_EXECUTION_DATE='2024-03-07T00:33:00+00:00' AIRFLOW_CTX_TRY_NUMBER='11' AIRFLOW_CTX_DAG_RUN_ID='scheduled__2024-03-07T00:33:00+00:00'
[2024-03-08T15:25:30.237+0530] {pipeline.py:196} INFO - Missing pipeline option (runner). Executing pipeline using the default runner: DirectRunner.
[2024-03-08T15:25:30.305+0530] {translations.py:712} INFO - ==================== <function annotate_downstream_side_inputs at 0x14443e700> ====================
[2024-03-08T15:25:30.305+0530] {translations.py:712} INFO - ==================== <function fix_side_input_pcoll_coders at 0x14443e840> ====================
[2024-03-08T15:25:30.305+0530] {translations.py:712} INFO - ==================== <function pack_combiners at 0x14443ede0> ====================
[2024-03-08T15:25:30.306+0530] {translations.py:712} INFO - ==================== <function lift_combiners at 0x14443ee80> ====================
[2024-03-08T15:25:30.306+0530] {translations.py:712} INFO - ==================== <function expand_sdf at 0x14443f060> ====================
[2024-03-08T15:25:30.306+0530] {translations.py:712} INFO - ==================== <function expand_gbk at 0x14443f100> ====================
[2024-03-08T15:25:30.306+0530] {translations.py:712} INFO - ==================== <function sink_flattens at 0x14443f240> ====================
[2024-03-08T15:25:30.306+0530] {translations.py:712} INFO - ==================== <function greedily_fuse at 0x14443f2e0> ====================
[2024-03-08T15:25:30.306+0530] {translations.py:712} INFO - ==================== <function read_to_impulse at 0x14443f380> ====================
[2024-03-08T15:25:30.307+0530] {translations.py:712} INFO - ==================== <function impulse_to_input at 0x14443f420> ====================
[2024-03-08T15:25:30.307+0530] {translations.py:712} INFO - ==================== <function sort_stages at 0x14443f6a0> ====================
[2024-03-08T15:25:30.307+0530] {translations.py:712} INFO - ==================== <function add_impulse_to_dangling_transforms at 0x14443f7e0> ====================
[2024-03-08T15:25:30.307+0530] {translations.py:712} INFO - ==================== <function setup_timer_mapping at 0x14443f600> ====================
[2024-03-08T15:25:30.307+0530] {translations.py:712} INFO - ==================== <function populate_data_channel_coders at 0x14443f740> ====================
[2024-03-08T15:25:30.308+0530] {statecache.py:234} INFO - Creating state cache with size 104857600
[2024-03-08T15:25:30.308+0530] {worker_handlers.py:922} INFO - Created Worker handler <apache_beam.runners.portability.fn_api_runner.worker_handlers.EmbeddedWorkerHandler object at 0x1447b11d0> for environment ref_Environment_default_environment_1 (beam:env:embedded_python:v1, b'')
[2024-03-08T15:25:30.391+0530] {logging_mixin.py:188} WARNING - /Users/anikbhowmick/Python/Big_Data_Assignment/A02/airflow_env/lib/python3.11/site-packages/matplotlib/collections.py:996 RuntimeWarning: invalid value encountered in sqrt
[2024-03-08T15:25:33.184+0530] {python.py:202} INFO - Done. Returned value was: None
[2024-03-08T15:25:33.189+0530] {taskinstance.py:1149} INFO - Marking task as SUCCESS. dag_id=weather_data_pipeline, task_id=Geo_map, execution_date=20240307T003300, start_date=20240308T095530, end_date=20240308T095533
[2024-03-08T15:25:33.212+0530] {local_task_job_runner.py:234} INFO - Task exited with return code 0
[2024-03-08T15:25:33.221+0530] {taskinstance.py:3309} INFO - 0 downstream tasks scheduled from follow-on schedule check
