[2024-03-08T00:13:05.745+0530] {processor.py:161} INFO - Started process (PID=2046) to work on /Users/anikbhowmick/Python/Big_Data_Assignment/A02/airflow_env/lib/python3.11/site-packages/airflow/example_dags/example_task_group_decorator.py
[2024-03-08T00:13:05.746+0530] {processor.py:830} INFO - Processing file /Users/anikbhowmick/Python/Big_Data_Assignment/A02/airflow_env/lib/python3.11/site-packages/airflow/example_dags/example_task_group_decorator.py for tasks to queue
[2024-03-08T00:13:05.746+0530] {logging_mixin.py:188} INFO - [2024-03-08T00:13:05.746+0530] {dagbag.py:540} INFO - Filling up the DagBag from /Users/anikbhowmick/Python/Big_Data_Assignment/A02/airflow_env/lib/python3.11/site-packages/airflow/example_dags/example_task_group_decorator.py
[2024-03-08T00:13:05.784+0530] {processor.py:840} INFO - DAG(s) 'example_task_group_decorator' retrieved from /Users/anikbhowmick/Python/Big_Data_Assignment/A02/airflow_env/lib/python3.11/site-packages/airflow/example_dags/example_task_group_decorator.py
[2024-03-08T00:13:05.814+0530] {logging_mixin.py:188} INFO - [2024-03-08T00:13:05.813+0530] {dag.py:3047} INFO - Sync 1 DAGs
[2024-03-08T00:13:05.819+0530] {logging_mixin.py:188} INFO - [2024-03-08T00:13:05.818+0530] {dag.py:3834} INFO - Setting next_dagrun for example_task_group_decorator to 2024-03-06 00:00:00+00:00, run_after=2024-03-07 00:00:00+00:00
[2024-03-08T00:13:05.825+0530] {processor.py:183} INFO - Processing /Users/anikbhowmick/Python/Big_Data_Assignment/A02/airflow_env/lib/python3.11/site-packages/airflow/example_dags/example_task_group_decorator.py took 0.080 seconds
[2024-03-08T00:13:56.477+0530] {processor.py:161} INFO - Started process (PID=2112) to work on /Users/anikbhowmick/Python/Big_Data_Assignment/A02/airflow_env/lib/python3.11/site-packages/airflow/example_dags/example_task_group_decorator.py
[2024-03-08T00:13:56.478+0530] {processor.py:830} INFO - Processing file /Users/anikbhowmick/Python/Big_Data_Assignment/A02/airflow_env/lib/python3.11/site-packages/airflow/example_dags/example_task_group_decorator.py for tasks to queue
[2024-03-08T00:13:56.478+0530] {logging_mixin.py:188} INFO - [2024-03-08T00:13:56.478+0530] {dagbag.py:540} INFO - Filling up the DagBag from /Users/anikbhowmick/Python/Big_Data_Assignment/A02/airflow_env/lib/python3.11/site-packages/airflow/example_dags/example_task_group_decorator.py
[2024-03-08T00:13:56.513+0530] {processor.py:840} INFO - DAG(s) 'example_task_group_decorator' retrieved from /Users/anikbhowmick/Python/Big_Data_Assignment/A02/airflow_env/lib/python3.11/site-packages/airflow/example_dags/example_task_group_decorator.py
[2024-03-08T00:13:56.543+0530] {logging_mixin.py:188} INFO - [2024-03-08T00:13:56.543+0530] {dag.py:3047} INFO - Sync 1 DAGs
[2024-03-08T00:13:56.548+0530] {logging_mixin.py:188} INFO - [2024-03-08T00:13:56.548+0530] {dag.py:3834} INFO - Setting next_dagrun for example_task_group_decorator to 2024-03-06 00:00:00+00:00, run_after=2024-03-07 00:00:00+00:00
[2024-03-08T00:13:56.554+0530] {processor.py:183} INFO - Processing /Users/anikbhowmick/Python/Big_Data_Assignment/A02/airflow_env/lib/python3.11/site-packages/airflow/example_dags/example_task_group_decorator.py took 0.078 seconds
[2024-03-08T00:14:45.935+0530] {processor.py:161} INFO - Started process (PID=2163) to work on /Users/anikbhowmick/Python/Big_Data_Assignment/A02/airflow_env/lib/python3.11/site-packages/airflow/example_dags/example_task_group_decorator.py
[2024-03-08T00:14:45.936+0530] {processor.py:830} INFO - Processing file /Users/anikbhowmick/Python/Big_Data_Assignment/A02/airflow_env/lib/python3.11/site-packages/airflow/example_dags/example_task_group_decorator.py for tasks to queue
[2024-03-08T00:14:45.936+0530] {logging_mixin.py:188} INFO - [2024-03-08T00:14:45.936+0530] {dagbag.py:540} INFO - Filling up the DagBag from /Users/anikbhowmick/Python/Big_Data_Assignment/A02/airflow_env/lib/python3.11/site-packages/airflow/example_dags/example_task_group_decorator.py
[2024-03-08T00:14:45.974+0530] {processor.py:840} INFO - DAG(s) 'example_task_group_decorator' retrieved from /Users/anikbhowmick/Python/Big_Data_Assignment/A02/airflow_env/lib/python3.11/site-packages/airflow/example_dags/example_task_group_decorator.py
[2024-03-08T00:14:46.006+0530] {logging_mixin.py:188} INFO - [2024-03-08T00:14:46.006+0530] {dag.py:3047} INFO - Sync 1 DAGs
[2024-03-08T00:14:46.011+0530] {logging_mixin.py:188} INFO - [2024-03-08T00:14:46.011+0530] {dag.py:3834} INFO - Setting next_dagrun for example_task_group_decorator to 2024-03-06 00:00:00+00:00, run_after=2024-03-07 00:00:00+00:00
[2024-03-08T00:14:46.018+0530] {processor.py:183} INFO - Processing /Users/anikbhowmick/Python/Big_Data_Assignment/A02/airflow_env/lib/python3.11/site-packages/airflow/example_dags/example_task_group_decorator.py took 0.084 seconds
[2024-03-08T00:15:25.633+0530] {processor.py:161} INFO - Started process (PID=2206) to work on /Users/anikbhowmick/Python/Big_Data_Assignment/A02/airflow_env/lib/python3.11/site-packages/airflow/example_dags/example_task_group_decorator.py
[2024-03-08T00:15:25.634+0530] {processor.py:830} INFO - Processing file /Users/anikbhowmick/Python/Big_Data_Assignment/A02/airflow_env/lib/python3.11/site-packages/airflow/example_dags/example_task_group_decorator.py for tasks to queue
[2024-03-08T00:15:25.634+0530] {logging_mixin.py:188} INFO - [2024-03-08T00:15:25.634+0530] {dagbag.py:540} INFO - Filling up the DagBag from /Users/anikbhowmick/Python/Big_Data_Assignment/A02/airflow_env/lib/python3.11/site-packages/airflow/example_dags/example_task_group_decorator.py
[2024-03-08T00:15:25.674+0530] {processor.py:840} INFO - DAG(s) 'example_task_group_decorator' retrieved from /Users/anikbhowmick/Python/Big_Data_Assignment/A02/airflow_env/lib/python3.11/site-packages/airflow/example_dags/example_task_group_decorator.py
[2024-03-08T00:15:25.707+0530] {logging_mixin.py:188} INFO - [2024-03-08T00:15:25.706+0530] {dag.py:3047} INFO - Sync 1 DAGs
[2024-03-08T00:15:25.712+0530] {logging_mixin.py:188} INFO - [2024-03-08T00:15:25.712+0530] {dag.py:3834} INFO - Setting next_dagrun for example_task_group_decorator to 2024-03-06 00:00:00+00:00, run_after=2024-03-07 00:00:00+00:00
[2024-03-08T00:15:25.719+0530] {processor.py:183} INFO - Processing /Users/anikbhowmick/Python/Big_Data_Assignment/A02/airflow_env/lib/python3.11/site-packages/airflow/example_dags/example_task_group_decorator.py took 0.086 seconds
[2024-03-08T00:16:04.822+0530] {processor.py:161} INFO - Started process (PID=2248) to work on /Users/anikbhowmick/Python/Big_Data_Assignment/A02/airflow_env/lib/python3.11/site-packages/airflow/example_dags/example_task_group_decorator.py
[2024-03-08T00:16:04.823+0530] {processor.py:830} INFO - Processing file /Users/anikbhowmick/Python/Big_Data_Assignment/A02/airflow_env/lib/python3.11/site-packages/airflow/example_dags/example_task_group_decorator.py for tasks to queue
[2024-03-08T00:16:04.823+0530] {logging_mixin.py:188} INFO - [2024-03-08T00:16:04.823+0530] {dagbag.py:540} INFO - Filling up the DagBag from /Users/anikbhowmick/Python/Big_Data_Assignment/A02/airflow_env/lib/python3.11/site-packages/airflow/example_dags/example_task_group_decorator.py
[2024-03-08T00:16:04.859+0530] {processor.py:840} INFO - DAG(s) 'example_task_group_decorator' retrieved from /Users/anikbhowmick/Python/Big_Data_Assignment/A02/airflow_env/lib/python3.11/site-packages/airflow/example_dags/example_task_group_decorator.py
[2024-03-08T00:16:04.888+0530] {logging_mixin.py:188} INFO - [2024-03-08T00:16:04.888+0530] {dag.py:3047} INFO - Sync 1 DAGs
[2024-03-08T00:16:04.893+0530] {logging_mixin.py:188} INFO - [2024-03-08T00:16:04.893+0530] {dag.py:3834} INFO - Setting next_dagrun for example_task_group_decorator to 2024-03-06 00:00:00+00:00, run_after=2024-03-07 00:00:00+00:00
[2024-03-08T00:16:04.900+0530] {processor.py:183} INFO - Processing /Users/anikbhowmick/Python/Big_Data_Assignment/A02/airflow_env/lib/python3.11/site-packages/airflow/example_dags/example_task_group_decorator.py took 0.078 seconds
[2024-03-08T00:17:03.658+0530] {processor.py:161} INFO - Started process (PID=2320) to work on /Users/anikbhowmick/Python/Big_Data_Assignment/A02/airflow_env/lib/python3.11/site-packages/airflow/example_dags/example_task_group_decorator.py
[2024-03-08T00:17:03.658+0530] {processor.py:830} INFO - Processing file /Users/anikbhowmick/Python/Big_Data_Assignment/A02/airflow_env/lib/python3.11/site-packages/airflow/example_dags/example_task_group_decorator.py for tasks to queue
[2024-03-08T00:17:03.659+0530] {logging_mixin.py:188} INFO - [2024-03-08T00:17:03.659+0530] {dagbag.py:540} INFO - Filling up the DagBag from /Users/anikbhowmick/Python/Big_Data_Assignment/A02/airflow_env/lib/python3.11/site-packages/airflow/example_dags/example_task_group_decorator.py
[2024-03-08T00:17:03.710+0530] {processor.py:840} INFO - DAG(s) 'example_task_group_decorator' retrieved from /Users/anikbhowmick/Python/Big_Data_Assignment/A02/airflow_env/lib/python3.11/site-packages/airflow/example_dags/example_task_group_decorator.py
[2024-03-08T00:17:03.741+0530] {logging_mixin.py:188} INFO - [2024-03-08T00:17:03.740+0530] {dag.py:3047} INFO - Sync 1 DAGs
[2024-03-08T00:17:03.746+0530] {logging_mixin.py:188} INFO - [2024-03-08T00:17:03.746+0530] {dag.py:3834} INFO - Setting next_dagrun for example_task_group_decorator to 2024-03-06 00:00:00+00:00, run_after=2024-03-07 00:00:00+00:00
[2024-03-08T00:17:03.752+0530] {processor.py:183} INFO - Processing /Users/anikbhowmick/Python/Big_Data_Assignment/A02/airflow_env/lib/python3.11/site-packages/airflow/example_dags/example_task_group_decorator.py took 0.095 seconds
[2024-03-08T00:17:43.968+0530] {processor.py:161} INFO - Started process (PID=2399) to work on /Users/anikbhowmick/Python/Big_Data_Assignment/A02/airflow_env/lib/python3.11/site-packages/airflow/example_dags/example_task_group_decorator.py
[2024-03-08T00:17:43.969+0530] {processor.py:830} INFO - Processing file /Users/anikbhowmick/Python/Big_Data_Assignment/A02/airflow_env/lib/python3.11/site-packages/airflow/example_dags/example_task_group_decorator.py for tasks to queue
[2024-03-08T00:17:43.970+0530] {logging_mixin.py:188} INFO - [2024-03-08T00:17:43.970+0530] {dagbag.py:540} INFO - Filling up the DagBag from /Users/anikbhowmick/Python/Big_Data_Assignment/A02/airflow_env/lib/python3.11/site-packages/airflow/example_dags/example_task_group_decorator.py
[2024-03-08T00:17:44.008+0530] {processor.py:840} INFO - DAG(s) 'example_task_group_decorator' retrieved from /Users/anikbhowmick/Python/Big_Data_Assignment/A02/airflow_env/lib/python3.11/site-packages/airflow/example_dags/example_task_group_decorator.py
[2024-03-08T00:17:44.038+0530] {logging_mixin.py:188} INFO - [2024-03-08T00:17:44.038+0530] {dag.py:3047} INFO - Sync 1 DAGs
[2024-03-08T00:17:44.043+0530] {logging_mixin.py:188} INFO - [2024-03-08T00:17:44.043+0530] {dag.py:3834} INFO - Setting next_dagrun for example_task_group_decorator to 2024-03-06 00:00:00+00:00, run_after=2024-03-07 00:00:00+00:00
[2024-03-08T00:17:44.049+0530] {processor.py:183} INFO - Processing /Users/anikbhowmick/Python/Big_Data_Assignment/A02/airflow_env/lib/python3.11/site-packages/airflow/example_dags/example_task_group_decorator.py took 0.082 seconds
[2024-03-08T00:18:55.519+0530] {processor.py:161} INFO - Started process (PID=2500) to work on /Users/anikbhowmick/Python/Big_Data_Assignment/A02/airflow_env/lib/python3.11/site-packages/airflow/example_dags/example_task_group_decorator.py
[2024-03-08T00:18:55.520+0530] {processor.py:830} INFO - Processing file /Users/anikbhowmick/Python/Big_Data_Assignment/A02/airflow_env/lib/python3.11/site-packages/airflow/example_dags/example_task_group_decorator.py for tasks to queue
[2024-03-08T00:18:55.520+0530] {logging_mixin.py:188} INFO - [2024-03-08T00:18:55.520+0530] {dagbag.py:540} INFO - Filling up the DagBag from /Users/anikbhowmick/Python/Big_Data_Assignment/A02/airflow_env/lib/python3.11/site-packages/airflow/example_dags/example_task_group_decorator.py
[2024-03-08T00:18:55.557+0530] {processor.py:840} INFO - DAG(s) 'example_task_group_decorator' retrieved from /Users/anikbhowmick/Python/Big_Data_Assignment/A02/airflow_env/lib/python3.11/site-packages/airflow/example_dags/example_task_group_decorator.py
[2024-03-08T00:18:55.587+0530] {logging_mixin.py:188} INFO - [2024-03-08T00:18:55.587+0530] {dag.py:3047} INFO - Sync 1 DAGs
[2024-03-08T00:18:55.592+0530] {logging_mixin.py:188} INFO - [2024-03-08T00:18:55.592+0530] {dag.py:3834} INFO - Setting next_dagrun for example_task_group_decorator to 2024-03-06 00:00:00+00:00, run_after=2024-03-07 00:00:00+00:00
[2024-03-08T00:18:55.598+0530] {processor.py:183} INFO - Processing /Users/anikbhowmick/Python/Big_Data_Assignment/A02/airflow_env/lib/python3.11/site-packages/airflow/example_dags/example_task_group_decorator.py took 0.080 seconds
[2024-03-08T00:23:29.645+0530] {processor.py:161} INFO - Started process (PID=2803) to work on /Users/anikbhowmick/Python/Big_Data_Assignment/A02/airflow_env/lib/python3.11/site-packages/airflow/example_dags/example_task_group_decorator.py
[2024-03-08T00:23:29.645+0530] {processor.py:830} INFO - Processing file /Users/anikbhowmick/Python/Big_Data_Assignment/A02/airflow_env/lib/python3.11/site-packages/airflow/example_dags/example_task_group_decorator.py for tasks to queue
[2024-03-08T00:23:29.645+0530] {logging_mixin.py:188} INFO - [2024-03-08T00:23:29.645+0530] {dagbag.py:540} INFO - Filling up the DagBag from /Users/anikbhowmick/Python/Big_Data_Assignment/A02/airflow_env/lib/python3.11/site-packages/airflow/example_dags/example_task_group_decorator.py
[2024-03-08T00:23:29.682+0530] {processor.py:840} INFO - DAG(s) 'example_task_group_decorator' retrieved from /Users/anikbhowmick/Python/Big_Data_Assignment/A02/airflow_env/lib/python3.11/site-packages/airflow/example_dags/example_task_group_decorator.py
[2024-03-08T00:23:29.712+0530] {logging_mixin.py:188} INFO - [2024-03-08T00:23:29.712+0530] {dag.py:3047} INFO - Sync 1 DAGs
[2024-03-08T00:23:29.718+0530] {logging_mixin.py:188} INFO - [2024-03-08T00:23:29.718+0530] {dag.py:3834} INFO - Setting next_dagrun for example_task_group_decorator to 2024-03-06 00:00:00+00:00, run_after=2024-03-07 00:00:00+00:00
[2024-03-08T00:23:29.724+0530] {processor.py:183} INFO - Processing /Users/anikbhowmick/Python/Big_Data_Assignment/A02/airflow_env/lib/python3.11/site-packages/airflow/example_dags/example_task_group_decorator.py took 0.080 seconds
[2024-03-08T00:24:20.071+0530] {processor.py:161} INFO - Started process (PID=2883) to work on /Users/anikbhowmick/Python/Big_Data_Assignment/A02/airflow_env/lib/python3.11/site-packages/airflow/example_dags/example_task_group_decorator.py
[2024-03-08T00:24:20.073+0530] {processor.py:830} INFO - Processing file /Users/anikbhowmick/Python/Big_Data_Assignment/A02/airflow_env/lib/python3.11/site-packages/airflow/example_dags/example_task_group_decorator.py for tasks to queue
[2024-03-08T00:24:20.073+0530] {logging_mixin.py:188} INFO - [2024-03-08T00:24:20.073+0530] {dagbag.py:540} INFO - Filling up the DagBag from /Users/anikbhowmick/Python/Big_Data_Assignment/A02/airflow_env/lib/python3.11/site-packages/airflow/example_dags/example_task_group_decorator.py
[2024-03-08T00:24:20.108+0530] {processor.py:840} INFO - DAG(s) 'example_task_group_decorator' retrieved from /Users/anikbhowmick/Python/Big_Data_Assignment/A02/airflow_env/lib/python3.11/site-packages/airflow/example_dags/example_task_group_decorator.py
[2024-03-08T00:24:20.137+0530] {logging_mixin.py:188} INFO - [2024-03-08T00:24:20.136+0530] {dag.py:3047} INFO - Sync 1 DAGs
[2024-03-08T00:24:20.142+0530] {logging_mixin.py:188} INFO - [2024-03-08T00:24:20.142+0530] {dag.py:3834} INFO - Setting next_dagrun for example_task_group_decorator to 2024-03-06 00:00:00+00:00, run_after=2024-03-07 00:00:00+00:00
[2024-03-08T00:24:20.148+0530] {processor.py:183} INFO - Processing /Users/anikbhowmick/Python/Big_Data_Assignment/A02/airflow_env/lib/python3.11/site-packages/airflow/example_dags/example_task_group_decorator.py took 0.077 seconds
[2024-03-08T00:25:54.987+0530] {processor.py:161} INFO - Started process (PID=3045) to work on /Users/anikbhowmick/Python/Big_Data_Assignment/A02/airflow_env/lib/python3.11/site-packages/airflow/example_dags/example_task_group_decorator.py
[2024-03-08T00:25:54.988+0530] {processor.py:830} INFO - Processing file /Users/anikbhowmick/Python/Big_Data_Assignment/A02/airflow_env/lib/python3.11/site-packages/airflow/example_dags/example_task_group_decorator.py for tasks to queue
[2024-03-08T00:25:54.988+0530] {logging_mixin.py:188} INFO - [2024-03-08T00:25:54.988+0530] {dagbag.py:540} INFO - Filling up the DagBag from /Users/anikbhowmick/Python/Big_Data_Assignment/A02/airflow_env/lib/python3.11/site-packages/airflow/example_dags/example_task_group_decorator.py
[2024-03-08T00:25:55.024+0530] {processor.py:840} INFO - DAG(s) 'example_task_group_decorator' retrieved from /Users/anikbhowmick/Python/Big_Data_Assignment/A02/airflow_env/lib/python3.11/site-packages/airflow/example_dags/example_task_group_decorator.py
[2024-03-08T00:25:55.054+0530] {logging_mixin.py:188} INFO - [2024-03-08T00:25:55.054+0530] {dag.py:3047} INFO - Sync 1 DAGs
[2024-03-08T00:25:55.059+0530] {logging_mixin.py:188} INFO - [2024-03-08T00:25:55.059+0530] {dag.py:3834} INFO - Setting next_dagrun for example_task_group_decorator to 2024-03-06 00:00:00+00:00, run_after=2024-03-07 00:00:00+00:00
[2024-03-08T00:25:55.066+0530] {processor.py:183} INFO - Processing /Users/anikbhowmick/Python/Big_Data_Assignment/A02/airflow_env/lib/python3.11/site-packages/airflow/example_dags/example_task_group_decorator.py took 0.079 seconds
[2024-03-08T00:27:41.805+0530] {processor.py:161} INFO - Started process (PID=3261) to work on /Users/anikbhowmick/Python/Big_Data_Assignment/A02/airflow_env/lib/python3.11/site-packages/airflow/example_dags/example_task_group_decorator.py
[2024-03-08T00:27:41.806+0530] {processor.py:830} INFO - Processing file /Users/anikbhowmick/Python/Big_Data_Assignment/A02/airflow_env/lib/python3.11/site-packages/airflow/example_dags/example_task_group_decorator.py for tasks to queue
[2024-03-08T00:27:41.806+0530] {logging_mixin.py:188} INFO - [2024-03-08T00:27:41.806+0530] {dagbag.py:540} INFO - Filling up the DagBag from /Users/anikbhowmick/Python/Big_Data_Assignment/A02/airflow_env/lib/python3.11/site-packages/airflow/example_dags/example_task_group_decorator.py
[2024-03-08T00:27:41.847+0530] {processor.py:840} INFO - DAG(s) 'example_task_group_decorator' retrieved from /Users/anikbhowmick/Python/Big_Data_Assignment/A02/airflow_env/lib/python3.11/site-packages/airflow/example_dags/example_task_group_decorator.py
[2024-03-08T00:27:41.878+0530] {logging_mixin.py:188} INFO - [2024-03-08T00:27:41.878+0530] {dag.py:3047} INFO - Sync 1 DAGs
[2024-03-08T00:27:41.883+0530] {logging_mixin.py:188} INFO - [2024-03-08T00:27:41.883+0530] {dag.py:3834} INFO - Setting next_dagrun for example_task_group_decorator to 2024-03-06 00:00:00+00:00, run_after=2024-03-07 00:00:00+00:00
[2024-03-08T00:27:41.890+0530] {processor.py:183} INFO - Processing /Users/anikbhowmick/Python/Big_Data_Assignment/A02/airflow_env/lib/python3.11/site-packages/airflow/example_dags/example_task_group_decorator.py took 0.085 seconds
[2024-03-08T00:28:40.855+0530] {processor.py:161} INFO - Started process (PID=3320) to work on /Users/anikbhowmick/Python/Big_Data_Assignment/A02/airflow_env/lib/python3.11/site-packages/airflow/example_dags/example_task_group_decorator.py
[2024-03-08T00:28:40.857+0530] {processor.py:830} INFO - Processing file /Users/anikbhowmick/Python/Big_Data_Assignment/A02/airflow_env/lib/python3.11/site-packages/airflow/example_dags/example_task_group_decorator.py for tasks to queue
[2024-03-08T00:28:40.858+0530] {logging_mixin.py:188} INFO - [2024-03-08T00:28:40.858+0530] {dagbag.py:540} INFO - Filling up the DagBag from /Users/anikbhowmick/Python/Big_Data_Assignment/A02/airflow_env/lib/python3.11/site-packages/airflow/example_dags/example_task_group_decorator.py
[2024-03-08T00:28:40.941+0530] {processor.py:840} INFO - DAG(s) 'example_task_group_decorator' retrieved from /Users/anikbhowmick/Python/Big_Data_Assignment/A02/airflow_env/lib/python3.11/site-packages/airflow/example_dags/example_task_group_decorator.py
[2024-03-08T00:28:40.995+0530] {logging_mixin.py:188} INFO - [2024-03-08T00:28:40.995+0530] {dag.py:3047} INFO - Sync 1 DAGs
[2024-03-08T00:28:41.001+0530] {logging_mixin.py:188} INFO - [2024-03-08T00:28:41.001+0530] {dag.py:3834} INFO - Setting next_dagrun for example_task_group_decorator to 2024-03-06 00:00:00+00:00, run_after=2024-03-07 00:00:00+00:00
[2024-03-08T00:28:41.010+0530] {processor.py:183} INFO - Processing /Users/anikbhowmick/Python/Big_Data_Assignment/A02/airflow_env/lib/python3.11/site-packages/airflow/example_dags/example_task_group_decorator.py took 0.157 seconds
[2024-03-08T00:30:36.869+0530] {processor.py:161} INFO - Started process (PID=3406) to work on /Users/anikbhowmick/Python/Big_Data_Assignment/A02/airflow_env/lib/python3.11/site-packages/airflow/example_dags/example_task_group_decorator.py
[2024-03-08T00:30:36.870+0530] {processor.py:830} INFO - Processing file /Users/anikbhowmick/Python/Big_Data_Assignment/A02/airflow_env/lib/python3.11/site-packages/airflow/example_dags/example_task_group_decorator.py for tasks to queue
[2024-03-08T00:30:36.870+0530] {logging_mixin.py:188} INFO - [2024-03-08T00:30:36.870+0530] {dagbag.py:540} INFO - Filling up the DagBag from /Users/anikbhowmick/Python/Big_Data_Assignment/A02/airflow_env/lib/python3.11/site-packages/airflow/example_dags/example_task_group_decorator.py
[2024-03-08T00:30:36.908+0530] {processor.py:840} INFO - DAG(s) 'example_task_group_decorator' retrieved from /Users/anikbhowmick/Python/Big_Data_Assignment/A02/airflow_env/lib/python3.11/site-packages/airflow/example_dags/example_task_group_decorator.py
[2024-03-08T00:30:36.939+0530] {logging_mixin.py:188} INFO - [2024-03-08T00:30:36.939+0530] {dag.py:3047} INFO - Sync 1 DAGs
[2024-03-08T00:30:36.944+0530] {logging_mixin.py:188} INFO - [2024-03-08T00:30:36.944+0530] {dag.py:3834} INFO - Setting next_dagrun for example_task_group_decorator to 2024-03-06 00:00:00+00:00, run_after=2024-03-07 00:00:00+00:00
[2024-03-08T00:30:36.951+0530] {processor.py:183} INFO - Processing /Users/anikbhowmick/Python/Big_Data_Assignment/A02/airflow_env/lib/python3.11/site-packages/airflow/example_dags/example_task_group_decorator.py took 0.082 seconds
[2024-03-08T00:32:39.823+0530] {processor.py:161} INFO - Started process (PID=3553) to work on /Users/anikbhowmick/Python/Big_Data_Assignment/A02/airflow_env/lib/python3.11/site-packages/airflow/example_dags/example_task_group_decorator.py
[2024-03-08T00:32:39.825+0530] {processor.py:830} INFO - Processing file /Users/anikbhowmick/Python/Big_Data_Assignment/A02/airflow_env/lib/python3.11/site-packages/airflow/example_dags/example_task_group_decorator.py for tasks to queue
[2024-03-08T00:32:39.825+0530] {logging_mixin.py:188} INFO - [2024-03-08T00:32:39.825+0530] {dagbag.py:540} INFO - Filling up the DagBag from /Users/anikbhowmick/Python/Big_Data_Assignment/A02/airflow_env/lib/python3.11/site-packages/airflow/example_dags/example_task_group_decorator.py
[2024-03-08T00:32:39.861+0530] {processor.py:840} INFO - DAG(s) 'example_task_group_decorator' retrieved from /Users/anikbhowmick/Python/Big_Data_Assignment/A02/airflow_env/lib/python3.11/site-packages/airflow/example_dags/example_task_group_decorator.py
[2024-03-08T00:32:39.891+0530] {logging_mixin.py:188} INFO - [2024-03-08T00:32:39.891+0530] {dag.py:3047} INFO - Sync 1 DAGs
[2024-03-08T00:32:39.896+0530] {logging_mixin.py:188} INFO - [2024-03-08T00:32:39.896+0530] {dag.py:3834} INFO - Setting next_dagrun for example_task_group_decorator to 2024-03-06 00:00:00+00:00, run_after=2024-03-07 00:00:00+00:00
[2024-03-08T00:32:39.903+0530] {processor.py:183} INFO - Processing /Users/anikbhowmick/Python/Big_Data_Assignment/A02/airflow_env/lib/python3.11/site-packages/airflow/example_dags/example_task_group_decorator.py took 0.080 seconds
[2024-03-08T00:34:36.301+0530] {processor.py:161} INFO - Started process (PID=3675) to work on /Users/anikbhowmick/Python/Big_Data_Assignment/A02/airflow_env/lib/python3.11/site-packages/airflow/example_dags/example_task_group_decorator.py
[2024-03-08T00:34:36.301+0530] {processor.py:830} INFO - Processing file /Users/anikbhowmick/Python/Big_Data_Assignment/A02/airflow_env/lib/python3.11/site-packages/airflow/example_dags/example_task_group_decorator.py for tasks to queue
[2024-03-08T00:34:36.302+0530] {logging_mixin.py:188} INFO - [2024-03-08T00:34:36.301+0530] {dagbag.py:540} INFO - Filling up the DagBag from /Users/anikbhowmick/Python/Big_Data_Assignment/A02/airflow_env/lib/python3.11/site-packages/airflow/example_dags/example_task_group_decorator.py
[2024-03-08T00:34:36.337+0530] {processor.py:840} INFO - DAG(s) 'example_task_group_decorator' retrieved from /Users/anikbhowmick/Python/Big_Data_Assignment/A02/airflow_env/lib/python3.11/site-packages/airflow/example_dags/example_task_group_decorator.py
[2024-03-08T00:34:36.368+0530] {logging_mixin.py:188} INFO - [2024-03-08T00:34:36.367+0530] {dag.py:3047} INFO - Sync 1 DAGs
[2024-03-08T00:34:36.373+0530] {logging_mixin.py:188} INFO - [2024-03-08T00:34:36.373+0530] {dag.py:3834} INFO - Setting next_dagrun for example_task_group_decorator to 2024-03-06 00:00:00+00:00, run_after=2024-03-07 00:00:00+00:00
[2024-03-08T00:34:36.379+0530] {processor.py:183} INFO - Processing /Users/anikbhowmick/Python/Big_Data_Assignment/A02/airflow_env/lib/python3.11/site-packages/airflow/example_dags/example_task_group_decorator.py took 0.079 seconds
[2024-03-08T00:36:29.694+0530] {processor.py:161} INFO - Started process (PID=3762) to work on /Users/anikbhowmick/Python/Big_Data_Assignment/A02/airflow_env/lib/python3.11/site-packages/airflow/example_dags/example_task_group_decorator.py
[2024-03-08T00:36:29.695+0530] {processor.py:830} INFO - Processing file /Users/anikbhowmick/Python/Big_Data_Assignment/A02/airflow_env/lib/python3.11/site-packages/airflow/example_dags/example_task_group_decorator.py for tasks to queue
[2024-03-08T00:36:29.695+0530] {logging_mixin.py:188} INFO - [2024-03-08T00:36:29.695+0530] {dagbag.py:540} INFO - Filling up the DagBag from /Users/anikbhowmick/Python/Big_Data_Assignment/A02/airflow_env/lib/python3.11/site-packages/airflow/example_dags/example_task_group_decorator.py
[2024-03-08T00:36:29.731+0530] {processor.py:840} INFO - DAG(s) 'example_task_group_decorator' retrieved from /Users/anikbhowmick/Python/Big_Data_Assignment/A02/airflow_env/lib/python3.11/site-packages/airflow/example_dags/example_task_group_decorator.py
[2024-03-08T00:36:29.760+0530] {logging_mixin.py:188} INFO - [2024-03-08T00:36:29.760+0530] {dag.py:3047} INFO - Sync 1 DAGs
[2024-03-08T00:36:29.766+0530] {logging_mixin.py:188} INFO - [2024-03-08T00:36:29.765+0530] {dag.py:3834} INFO - Setting next_dagrun for example_task_group_decorator to 2024-03-06 00:00:00+00:00, run_after=2024-03-07 00:00:00+00:00
[2024-03-08T00:36:29.772+0530] {processor.py:183} INFO - Processing /Users/anikbhowmick/Python/Big_Data_Assignment/A02/airflow_env/lib/python3.11/site-packages/airflow/example_dags/example_task_group_decorator.py took 0.078 seconds
[2024-03-08T00:38:24.608+0530] {processor.py:161} INFO - Started process (PID=3842) to work on /Users/anikbhowmick/Python/Big_Data_Assignment/A02/airflow_env/lib/python3.11/site-packages/airflow/example_dags/example_task_group_decorator.py
[2024-03-08T00:38:24.609+0530] {processor.py:830} INFO - Processing file /Users/anikbhowmick/Python/Big_Data_Assignment/A02/airflow_env/lib/python3.11/site-packages/airflow/example_dags/example_task_group_decorator.py for tasks to queue
[2024-03-08T00:38:24.609+0530] {logging_mixin.py:188} INFO - [2024-03-08T00:38:24.609+0530] {dagbag.py:540} INFO - Filling up the DagBag from /Users/anikbhowmick/Python/Big_Data_Assignment/A02/airflow_env/lib/python3.11/site-packages/airflow/example_dags/example_task_group_decorator.py
[2024-03-08T00:38:24.644+0530] {processor.py:840} INFO - DAG(s) 'example_task_group_decorator' retrieved from /Users/anikbhowmick/Python/Big_Data_Assignment/A02/airflow_env/lib/python3.11/site-packages/airflow/example_dags/example_task_group_decorator.py
[2024-03-08T00:38:24.673+0530] {logging_mixin.py:188} INFO - [2024-03-08T00:38:24.673+0530] {dag.py:3047} INFO - Sync 1 DAGs
[2024-03-08T00:38:24.678+0530] {logging_mixin.py:188} INFO - [2024-03-08T00:38:24.678+0530] {dag.py:3834} INFO - Setting next_dagrun for example_task_group_decorator to 2024-03-06 00:00:00+00:00, run_after=2024-03-07 00:00:00+00:00
[2024-03-08T00:38:24.684+0530] {processor.py:183} INFO - Processing /Users/anikbhowmick/Python/Big_Data_Assignment/A02/airflow_env/lib/python3.11/site-packages/airflow/example_dags/example_task_group_decorator.py took 0.077 seconds
[2024-03-08T00:40:23.637+0530] {processor.py:161} INFO - Started process (PID=3926) to work on /Users/anikbhowmick/Python/Big_Data_Assignment/A02/airflow_env/lib/python3.11/site-packages/airflow/example_dags/example_task_group_decorator.py
[2024-03-08T00:40:23.638+0530] {processor.py:830} INFO - Processing file /Users/anikbhowmick/Python/Big_Data_Assignment/A02/airflow_env/lib/python3.11/site-packages/airflow/example_dags/example_task_group_decorator.py for tasks to queue
[2024-03-08T00:40:23.638+0530] {logging_mixin.py:188} INFO - [2024-03-08T00:40:23.638+0530] {dagbag.py:540} INFO - Filling up the DagBag from /Users/anikbhowmick/Python/Big_Data_Assignment/A02/airflow_env/lib/python3.11/site-packages/airflow/example_dags/example_task_group_decorator.py
[2024-03-08T00:40:23.675+0530] {processor.py:840} INFO - DAG(s) 'example_task_group_decorator' retrieved from /Users/anikbhowmick/Python/Big_Data_Assignment/A02/airflow_env/lib/python3.11/site-packages/airflow/example_dags/example_task_group_decorator.py
[2024-03-08T00:40:23.704+0530] {logging_mixin.py:188} INFO - [2024-03-08T00:40:23.704+0530] {dag.py:3047} INFO - Sync 1 DAGs
[2024-03-08T00:40:23.709+0530] {logging_mixin.py:188} INFO - [2024-03-08T00:40:23.709+0530] {dag.py:3834} INFO - Setting next_dagrun for example_task_group_decorator to 2024-03-06 00:00:00+00:00, run_after=2024-03-07 00:00:00+00:00
[2024-03-08T00:40:23.716+0530] {processor.py:183} INFO - Processing /Users/anikbhowmick/Python/Big_Data_Assignment/A02/airflow_env/lib/python3.11/site-packages/airflow/example_dags/example_task_group_decorator.py took 0.080 seconds
