[2024-03-08T00:13:06.814+0530] {processor.py:161} INFO - Started process (PID=2047) to work on /Users/anikbhowmick/Python/Big_Data_Assignment/A02/airflow_env/lib/python3.11/site-packages/airflow/example_dags/example_task_group.py
[2024-03-08T00:13:06.814+0530] {processor.py:830} INFO - Processing file /Users/anikbhowmick/Python/Big_Data_Assignment/A02/airflow_env/lib/python3.11/site-packages/airflow/example_dags/example_task_group.py for tasks to queue
[2024-03-08T00:13:06.815+0530] {logging_mixin.py:188} INFO - [2024-03-08T00:13:06.815+0530] {dagbag.py:540} INFO - Filling up the DagBag from /Users/anikbhowmick/Python/Big_Data_Assignment/A02/airflow_env/lib/python3.11/site-packages/airflow/example_dags/example_task_group.py
[2024-03-08T00:13:06.839+0530] {processor.py:840} INFO - DAG(s) 'example_task_group' retrieved from /Users/anikbhowmick/Python/Big_Data_Assignment/A02/airflow_env/lib/python3.11/site-packages/airflow/example_dags/example_task_group.py
[2024-03-08T00:13:06.869+0530] {logging_mixin.py:188} INFO - [2024-03-08T00:13:06.868+0530] {dag.py:3047} INFO - Sync 1 DAGs
[2024-03-08T00:13:06.874+0530] {logging_mixin.py:188} INFO - [2024-03-08T00:13:06.874+0530] {dag.py:3834} INFO - Setting next_dagrun for example_task_group to 2024-03-06 00:00:00+00:00, run_after=2024-03-07 00:00:00+00:00
[2024-03-08T00:13:06.880+0530] {processor.py:183} INFO - Processing /Users/anikbhowmick/Python/Big_Data_Assignment/A02/airflow_env/lib/python3.11/site-packages/airflow/example_dags/example_task_group.py took 0.066 seconds
[2024-03-08T00:13:57.517+0530] {processor.py:161} INFO - Started process (PID=2113) to work on /Users/anikbhowmick/Python/Big_Data_Assignment/A02/airflow_env/lib/python3.11/site-packages/airflow/example_dags/example_task_group.py
[2024-03-08T00:13:57.518+0530] {processor.py:830} INFO - Processing file /Users/anikbhowmick/Python/Big_Data_Assignment/A02/airflow_env/lib/python3.11/site-packages/airflow/example_dags/example_task_group.py for tasks to queue
[2024-03-08T00:13:57.518+0530] {logging_mixin.py:188} INFO - [2024-03-08T00:13:57.518+0530] {dagbag.py:540} INFO - Filling up the DagBag from /Users/anikbhowmick/Python/Big_Data_Assignment/A02/airflow_env/lib/python3.11/site-packages/airflow/example_dags/example_task_group.py
[2024-03-08T00:13:57.542+0530] {processor.py:840} INFO - DAG(s) 'example_task_group' retrieved from /Users/anikbhowmick/Python/Big_Data_Assignment/A02/airflow_env/lib/python3.11/site-packages/airflow/example_dags/example_task_group.py
[2024-03-08T00:13:57.571+0530] {logging_mixin.py:188} INFO - [2024-03-08T00:13:57.571+0530] {dag.py:3047} INFO - Sync 1 DAGs
[2024-03-08T00:13:57.577+0530] {logging_mixin.py:188} INFO - [2024-03-08T00:13:57.576+0530] {dag.py:3834} INFO - Setting next_dagrun for example_task_group to 2024-03-06 00:00:00+00:00, run_after=2024-03-07 00:00:00+00:00
[2024-03-08T00:13:57.583+0530] {processor.py:183} INFO - Processing /Users/anikbhowmick/Python/Big_Data_Assignment/A02/airflow_env/lib/python3.11/site-packages/airflow/example_dags/example_task_group.py took 0.066 seconds
[2024-03-08T00:14:46.700+0530] {processor.py:161} INFO - Started process (PID=2164) to work on /Users/anikbhowmick/Python/Big_Data_Assignment/A02/airflow_env/lib/python3.11/site-packages/airflow/example_dags/example_task_group.py
[2024-03-08T00:14:46.702+0530] {processor.py:830} INFO - Processing file /Users/anikbhowmick/Python/Big_Data_Assignment/A02/airflow_env/lib/python3.11/site-packages/airflow/example_dags/example_task_group.py for tasks to queue
[2024-03-08T00:14:46.702+0530] {logging_mixin.py:188} INFO - [2024-03-08T00:14:46.702+0530] {dagbag.py:540} INFO - Filling up the DagBag from /Users/anikbhowmick/Python/Big_Data_Assignment/A02/airflow_env/lib/python3.11/site-packages/airflow/example_dags/example_task_group.py
[2024-03-08T00:14:46.731+0530] {processor.py:840} INFO - DAG(s) 'example_task_group' retrieved from /Users/anikbhowmick/Python/Big_Data_Assignment/A02/airflow_env/lib/python3.11/site-packages/airflow/example_dags/example_task_group.py
[2024-03-08T00:14:46.763+0530] {logging_mixin.py:188} INFO - [2024-03-08T00:14:46.762+0530] {dag.py:3047} INFO - Sync 1 DAGs
[2024-03-08T00:14:46.768+0530] {logging_mixin.py:188} INFO - [2024-03-08T00:14:46.768+0530] {dag.py:3834} INFO - Setting next_dagrun for example_task_group to 2024-03-06 00:00:00+00:00, run_after=2024-03-07 00:00:00+00:00
[2024-03-08T00:14:46.775+0530] {processor.py:183} INFO - Processing /Users/anikbhowmick/Python/Big_Data_Assignment/A02/airflow_env/lib/python3.11/site-packages/airflow/example_dags/example_task_group.py took 0.075 seconds
[2024-03-08T00:15:45.856+0530] {processor.py:161} INFO - Started process (PID=2228) to work on /Users/anikbhowmick/Python/Big_Data_Assignment/A02/airflow_env/lib/python3.11/site-packages/airflow/example_dags/example_task_group.py
[2024-03-08T00:15:45.857+0530] {processor.py:830} INFO - Processing file /Users/anikbhowmick/Python/Big_Data_Assignment/A02/airflow_env/lib/python3.11/site-packages/airflow/example_dags/example_task_group.py for tasks to queue
[2024-03-08T00:15:45.857+0530] {logging_mixin.py:188} INFO - [2024-03-08T00:15:45.857+0530] {dagbag.py:540} INFO - Filling up the DagBag from /Users/anikbhowmick/Python/Big_Data_Assignment/A02/airflow_env/lib/python3.11/site-packages/airflow/example_dags/example_task_group.py
[2024-03-08T00:15:45.916+0530] {processor.py:840} INFO - DAG(s) 'example_task_group' retrieved from /Users/anikbhowmick/Python/Big_Data_Assignment/A02/airflow_env/lib/python3.11/site-packages/airflow/example_dags/example_task_group.py
[2024-03-08T00:15:45.963+0530] {logging_mixin.py:188} INFO - [2024-03-08T00:15:45.963+0530] {dag.py:3047} INFO - Sync 1 DAGs
[2024-03-08T00:15:45.970+0530] {logging_mixin.py:188} INFO - [2024-03-08T00:15:45.970+0530] {dag.py:3834} INFO - Setting next_dagrun for example_task_group to 2024-03-06 00:00:00+00:00, run_after=2024-03-07 00:00:00+00:00
[2024-03-08T00:15:45.976+0530] {processor.py:183} INFO - Processing /Users/anikbhowmick/Python/Big_Data_Assignment/A02/airflow_env/lib/python3.11/site-packages/airflow/example_dags/example_task_group.py took 0.121 seconds
[2024-03-08T00:16:45.941+0530] {processor.py:161} INFO - Started process (PID=2289) to work on /Users/anikbhowmick/Python/Big_Data_Assignment/A02/airflow_env/lib/python3.11/site-packages/airflow/example_dags/example_task_group.py
[2024-03-08T00:16:45.942+0530] {processor.py:830} INFO - Processing file /Users/anikbhowmick/Python/Big_Data_Assignment/A02/airflow_env/lib/python3.11/site-packages/airflow/example_dags/example_task_group.py for tasks to queue
[2024-03-08T00:16:45.942+0530] {logging_mixin.py:188} INFO - [2024-03-08T00:16:45.942+0530] {dagbag.py:540} INFO - Filling up the DagBag from /Users/anikbhowmick/Python/Big_Data_Assignment/A02/airflow_env/lib/python3.11/site-packages/airflow/example_dags/example_task_group.py
[2024-03-08T00:16:45.968+0530] {processor.py:840} INFO - DAG(s) 'example_task_group' retrieved from /Users/anikbhowmick/Python/Big_Data_Assignment/A02/airflow_env/lib/python3.11/site-packages/airflow/example_dags/example_task_group.py
[2024-03-08T00:16:45.997+0530] {logging_mixin.py:188} INFO - [2024-03-08T00:16:45.997+0530] {dag.py:3047} INFO - Sync 1 DAGs
[2024-03-08T00:16:46.003+0530] {logging_mixin.py:188} INFO - [2024-03-08T00:16:46.003+0530] {dag.py:3834} INFO - Setting next_dagrun for example_task_group to 2024-03-06 00:00:00+00:00, run_after=2024-03-07 00:00:00+00:00
[2024-03-08T00:16:46.009+0530] {processor.py:183} INFO - Processing /Users/anikbhowmick/Python/Big_Data_Assignment/A02/airflow_env/lib/python3.11/site-packages/airflow/example_dags/example_task_group.py took 0.068 seconds
[2024-03-08T00:17:45.054+0530] {processor.py:161} INFO - Started process (PID=2400) to work on /Users/anikbhowmick/Python/Big_Data_Assignment/A02/airflow_env/lib/python3.11/site-packages/airflow/example_dags/example_task_group.py
[2024-03-08T00:17:45.054+0530] {processor.py:830} INFO - Processing file /Users/anikbhowmick/Python/Big_Data_Assignment/A02/airflow_env/lib/python3.11/site-packages/airflow/example_dags/example_task_group.py for tasks to queue
[2024-03-08T00:17:45.055+0530] {logging_mixin.py:188} INFO - [2024-03-08T00:17:45.055+0530] {dagbag.py:540} INFO - Filling up the DagBag from /Users/anikbhowmick/Python/Big_Data_Assignment/A02/airflow_env/lib/python3.11/site-packages/airflow/example_dags/example_task_group.py
[2024-03-08T00:17:45.081+0530] {processor.py:840} INFO - DAG(s) 'example_task_group' retrieved from /Users/anikbhowmick/Python/Big_Data_Assignment/A02/airflow_env/lib/python3.11/site-packages/airflow/example_dags/example_task_group.py
[2024-03-08T00:17:45.112+0530] {logging_mixin.py:188} INFO - [2024-03-08T00:17:45.112+0530] {dag.py:3047} INFO - Sync 1 DAGs
[2024-03-08T00:17:45.118+0530] {logging_mixin.py:188} INFO - [2024-03-08T00:17:45.118+0530] {dag.py:3834} INFO - Setting next_dagrun for example_task_group to 2024-03-06 00:00:00+00:00, run_after=2024-03-07 00:00:00+00:00
[2024-03-08T00:17:45.124+0530] {processor.py:183} INFO - Processing /Users/anikbhowmick/Python/Big_Data_Assignment/A02/airflow_env/lib/python3.11/site-packages/airflow/example_dags/example_task_group.py took 0.070 seconds
[2024-03-08T00:18:57.302+0530] {processor.py:161} INFO - Started process (PID=2501) to work on /Users/anikbhowmick/Python/Big_Data_Assignment/A02/airflow_env/lib/python3.11/site-packages/airflow/example_dags/example_task_group.py
[2024-03-08T00:18:57.304+0530] {processor.py:830} INFO - Processing file /Users/anikbhowmick/Python/Big_Data_Assignment/A02/airflow_env/lib/python3.11/site-packages/airflow/example_dags/example_task_group.py for tasks to queue
[2024-03-08T00:18:57.304+0530] {logging_mixin.py:188} INFO - [2024-03-08T00:18:57.304+0530] {dagbag.py:540} INFO - Filling up the DagBag from /Users/anikbhowmick/Python/Big_Data_Assignment/A02/airflow_env/lib/python3.11/site-packages/airflow/example_dags/example_task_group.py
[2024-03-08T00:18:57.329+0530] {processor.py:840} INFO - DAG(s) 'example_task_group' retrieved from /Users/anikbhowmick/Python/Big_Data_Assignment/A02/airflow_env/lib/python3.11/site-packages/airflow/example_dags/example_task_group.py
[2024-03-08T00:18:57.359+0530] {logging_mixin.py:188} INFO - [2024-03-08T00:18:57.359+0530] {dag.py:3047} INFO - Sync 1 DAGs
[2024-03-08T00:18:57.364+0530] {logging_mixin.py:188} INFO - [2024-03-08T00:18:57.364+0530] {dag.py:3834} INFO - Setting next_dagrun for example_task_group to 2024-03-06 00:00:00+00:00, run_after=2024-03-07 00:00:00+00:00
[2024-03-08T00:18:57.370+0530] {processor.py:183} INFO - Processing /Users/anikbhowmick/Python/Big_Data_Assignment/A02/airflow_env/lib/python3.11/site-packages/airflow/example_dags/example_task_group.py took 0.068 seconds
[2024-03-08T00:23:30.710+0530] {processor.py:161} INFO - Started process (PID=2806) to work on /Users/anikbhowmick/Python/Big_Data_Assignment/A02/airflow_env/lib/python3.11/site-packages/airflow/example_dags/example_task_group.py
[2024-03-08T00:23:30.711+0530] {processor.py:830} INFO - Processing file /Users/anikbhowmick/Python/Big_Data_Assignment/A02/airflow_env/lib/python3.11/site-packages/airflow/example_dags/example_task_group.py for tasks to queue
[2024-03-08T00:23:30.711+0530] {logging_mixin.py:188} INFO - [2024-03-08T00:23:30.711+0530] {dagbag.py:540} INFO - Filling up the DagBag from /Users/anikbhowmick/Python/Big_Data_Assignment/A02/airflow_env/lib/python3.11/site-packages/airflow/example_dags/example_task_group.py
[2024-03-08T00:23:30.736+0530] {processor.py:840} INFO - DAG(s) 'example_task_group' retrieved from /Users/anikbhowmick/Python/Big_Data_Assignment/A02/airflow_env/lib/python3.11/site-packages/airflow/example_dags/example_task_group.py
[2024-03-08T00:23:30.766+0530] {logging_mixin.py:188} INFO - [2024-03-08T00:23:30.766+0530] {dag.py:3047} INFO - Sync 1 DAGs
[2024-03-08T00:23:30.772+0530] {logging_mixin.py:188} INFO - [2024-03-08T00:23:30.772+0530] {dag.py:3834} INFO - Setting next_dagrun for example_task_group to 2024-03-06 00:00:00+00:00, run_after=2024-03-07 00:00:00+00:00
[2024-03-08T00:23:30.778+0530] {processor.py:183} INFO - Processing /Users/anikbhowmick/Python/Big_Data_Assignment/A02/airflow_env/lib/python3.11/site-packages/airflow/example_dags/example_task_group.py took 0.069 seconds
[2024-03-08T00:24:21.154+0530] {processor.py:161} INFO - Started process (PID=2884) to work on /Users/anikbhowmick/Python/Big_Data_Assignment/A02/airflow_env/lib/python3.11/site-packages/airflow/example_dags/example_task_group.py
[2024-03-08T00:24:21.154+0530] {processor.py:830} INFO - Processing file /Users/anikbhowmick/Python/Big_Data_Assignment/A02/airflow_env/lib/python3.11/site-packages/airflow/example_dags/example_task_group.py for tasks to queue
[2024-03-08T00:24:21.155+0530] {logging_mixin.py:188} INFO - [2024-03-08T00:24:21.154+0530] {dagbag.py:540} INFO - Filling up the DagBag from /Users/anikbhowmick/Python/Big_Data_Assignment/A02/airflow_env/lib/python3.11/site-packages/airflow/example_dags/example_task_group.py
[2024-03-08T00:24:21.180+0530] {processor.py:840} INFO - DAG(s) 'example_task_group' retrieved from /Users/anikbhowmick/Python/Big_Data_Assignment/A02/airflow_env/lib/python3.11/site-packages/airflow/example_dags/example_task_group.py
[2024-03-08T00:24:21.209+0530] {logging_mixin.py:188} INFO - [2024-03-08T00:24:21.209+0530] {dag.py:3047} INFO - Sync 1 DAGs
[2024-03-08T00:24:21.215+0530] {logging_mixin.py:188} INFO - [2024-03-08T00:24:21.215+0530] {dag.py:3834} INFO - Setting next_dagrun for example_task_group to 2024-03-06 00:00:00+00:00, run_after=2024-03-07 00:00:00+00:00
[2024-03-08T00:24:21.221+0530] {processor.py:183} INFO - Processing /Users/anikbhowmick/Python/Big_Data_Assignment/A02/airflow_env/lib/python3.11/site-packages/airflow/example_dags/example_task_group.py took 0.067 seconds
[2024-03-08T00:25:56.771+0530] {processor.py:161} INFO - Started process (PID=3046) to work on /Users/anikbhowmick/Python/Big_Data_Assignment/A02/airflow_env/lib/python3.11/site-packages/airflow/example_dags/example_task_group.py
[2024-03-08T00:25:56.772+0530] {processor.py:830} INFO - Processing file /Users/anikbhowmick/Python/Big_Data_Assignment/A02/airflow_env/lib/python3.11/site-packages/airflow/example_dags/example_task_group.py for tasks to queue
[2024-03-08T00:25:56.772+0530] {logging_mixin.py:188} INFO - [2024-03-08T00:25:56.772+0530] {dagbag.py:540} INFO - Filling up the DagBag from /Users/anikbhowmick/Python/Big_Data_Assignment/A02/airflow_env/lib/python3.11/site-packages/airflow/example_dags/example_task_group.py
[2024-03-08T00:25:56.797+0530] {processor.py:840} INFO - DAG(s) 'example_task_group' retrieved from /Users/anikbhowmick/Python/Big_Data_Assignment/A02/airflow_env/lib/python3.11/site-packages/airflow/example_dags/example_task_group.py
[2024-03-08T00:25:56.826+0530] {logging_mixin.py:188} INFO - [2024-03-08T00:25:56.826+0530] {dag.py:3047} INFO - Sync 1 DAGs
[2024-03-08T00:25:56.832+0530] {logging_mixin.py:188} INFO - [2024-03-08T00:25:56.832+0530] {dag.py:3834} INFO - Setting next_dagrun for example_task_group to 2024-03-06 00:00:00+00:00, run_after=2024-03-07 00:00:00+00:00
[2024-03-08T00:25:56.838+0530] {processor.py:183} INFO - Processing /Users/anikbhowmick/Python/Big_Data_Assignment/A02/airflow_env/lib/python3.11/site-packages/airflow/example_dags/example_task_group.py took 0.068 seconds
[2024-03-08T00:27:43.594+0530] {processor.py:161} INFO - Started process (PID=3262) to work on /Users/anikbhowmick/Python/Big_Data_Assignment/A02/airflow_env/lib/python3.11/site-packages/airflow/example_dags/example_task_group.py
[2024-03-08T00:27:43.596+0530] {processor.py:830} INFO - Processing file /Users/anikbhowmick/Python/Big_Data_Assignment/A02/airflow_env/lib/python3.11/site-packages/airflow/example_dags/example_task_group.py for tasks to queue
[2024-03-08T00:27:43.597+0530] {logging_mixin.py:188} INFO - [2024-03-08T00:27:43.596+0530] {dagbag.py:540} INFO - Filling up the DagBag from /Users/anikbhowmick/Python/Big_Data_Assignment/A02/airflow_env/lib/python3.11/site-packages/airflow/example_dags/example_task_group.py
[2024-03-08T00:27:43.622+0530] {processor.py:840} INFO - DAG(s) 'example_task_group' retrieved from /Users/anikbhowmick/Python/Big_Data_Assignment/A02/airflow_env/lib/python3.11/site-packages/airflow/example_dags/example_task_group.py
[2024-03-08T00:27:43.652+0530] {logging_mixin.py:188} INFO - [2024-03-08T00:27:43.652+0530] {dag.py:3047} INFO - Sync 1 DAGs
[2024-03-08T00:27:43.658+0530] {logging_mixin.py:188} INFO - [2024-03-08T00:27:43.658+0530] {dag.py:3834} INFO - Setting next_dagrun for example_task_group to 2024-03-06 00:00:00+00:00, run_after=2024-03-07 00:00:00+00:00
[2024-03-08T00:27:43.664+0530] {processor.py:183} INFO - Processing /Users/anikbhowmick/Python/Big_Data_Assignment/A02/airflow_env/lib/python3.11/site-packages/airflow/example_dags/example_task_group.py took 0.070 seconds
[2024-03-08T00:29:35.999+0530] {processor.py:161} INFO - Started process (PID=3359) to work on /Users/anikbhowmick/Python/Big_Data_Assignment/A02/airflow_env/lib/python3.11/site-packages/airflow/example_dags/example_task_group.py
[2024-03-08T00:29:36.000+0530] {processor.py:830} INFO - Processing file /Users/anikbhowmick/Python/Big_Data_Assignment/A02/airflow_env/lib/python3.11/site-packages/airflow/example_dags/example_task_group.py for tasks to queue
[2024-03-08T00:29:36.000+0530] {logging_mixin.py:188} INFO - [2024-03-08T00:29:36.000+0530] {dagbag.py:540} INFO - Filling up the DagBag from /Users/anikbhowmick/Python/Big_Data_Assignment/A02/airflow_env/lib/python3.11/site-packages/airflow/example_dags/example_task_group.py
[2024-03-08T00:29:36.024+0530] {processor.py:840} INFO - DAG(s) 'example_task_group' retrieved from /Users/anikbhowmick/Python/Big_Data_Assignment/A02/airflow_env/lib/python3.11/site-packages/airflow/example_dags/example_task_group.py
[2024-03-08T00:29:36.053+0530] {logging_mixin.py:188} INFO - [2024-03-08T00:29:36.053+0530] {dag.py:3047} INFO - Sync 1 DAGs
[2024-03-08T00:29:36.059+0530] {logging_mixin.py:188} INFO - [2024-03-08T00:29:36.059+0530] {dag.py:3834} INFO - Setting next_dagrun for example_task_group to 2024-03-06 00:00:00+00:00, run_after=2024-03-07 00:00:00+00:00
[2024-03-08T00:29:36.065+0530] {processor.py:183} INFO - Processing /Users/anikbhowmick/Python/Big_Data_Assignment/A02/airflow_env/lib/python3.11/site-packages/airflow/example_dags/example_task_group.py took 0.066 seconds
[2024-03-08T00:31:38.538+0530] {processor.py:161} INFO - Started process (PID=3492) to work on /Users/anikbhowmick/Python/Big_Data_Assignment/A02/airflow_env/lib/python3.11/site-packages/airflow/example_dags/example_task_group.py
[2024-03-08T00:31:38.538+0530] {processor.py:830} INFO - Processing file /Users/anikbhowmick/Python/Big_Data_Assignment/A02/airflow_env/lib/python3.11/site-packages/airflow/example_dags/example_task_group.py for tasks to queue
[2024-03-08T00:31:38.539+0530] {logging_mixin.py:188} INFO - [2024-03-08T00:31:38.538+0530] {dagbag.py:540} INFO - Filling up the DagBag from /Users/anikbhowmick/Python/Big_Data_Assignment/A02/airflow_env/lib/python3.11/site-packages/airflow/example_dags/example_task_group.py
[2024-03-08T00:31:38.567+0530] {processor.py:840} INFO - DAG(s) 'example_task_group' retrieved from /Users/anikbhowmick/Python/Big_Data_Assignment/A02/airflow_env/lib/python3.11/site-packages/airflow/example_dags/example_task_group.py
[2024-03-08T00:31:38.596+0530] {logging_mixin.py:188} INFO - [2024-03-08T00:31:38.596+0530] {dag.py:3047} INFO - Sync 1 DAGs
[2024-03-08T00:31:38.602+0530] {logging_mixin.py:188} INFO - [2024-03-08T00:31:38.602+0530] {dag.py:3834} INFO - Setting next_dagrun for example_task_group to 2024-03-06 00:00:00+00:00, run_after=2024-03-07 00:00:00+00:00
[2024-03-08T00:31:38.608+0530] {processor.py:183} INFO - Processing /Users/anikbhowmick/Python/Big_Data_Assignment/A02/airflow_env/lib/python3.11/site-packages/airflow/example_dags/example_task_group.py took 0.071 seconds
[2024-03-08T00:33:36.594+0530] {processor.py:161} INFO - Started process (PID=3636) to work on /Users/anikbhowmick/Python/Big_Data_Assignment/A02/airflow_env/lib/python3.11/site-packages/airflow/example_dags/example_task_group.py
[2024-03-08T00:33:36.595+0530] {processor.py:830} INFO - Processing file /Users/anikbhowmick/Python/Big_Data_Assignment/A02/airflow_env/lib/python3.11/site-packages/airflow/example_dags/example_task_group.py for tasks to queue
[2024-03-08T00:33:36.595+0530] {logging_mixin.py:188} INFO - [2024-03-08T00:33:36.595+0530] {dagbag.py:540} INFO - Filling up the DagBag from /Users/anikbhowmick/Python/Big_Data_Assignment/A02/airflow_env/lib/python3.11/site-packages/airflow/example_dags/example_task_group.py
[2024-03-08T00:33:36.620+0530] {processor.py:840} INFO - DAG(s) 'example_task_group' retrieved from /Users/anikbhowmick/Python/Big_Data_Assignment/A02/airflow_env/lib/python3.11/site-packages/airflow/example_dags/example_task_group.py
[2024-03-08T00:33:36.650+0530] {logging_mixin.py:188} INFO - [2024-03-08T00:33:36.650+0530] {dag.py:3047} INFO - Sync 1 DAGs
[2024-03-08T00:33:36.655+0530] {logging_mixin.py:188} INFO - [2024-03-08T00:33:36.655+0530] {dag.py:3834} INFO - Setting next_dagrun for example_task_group to 2024-03-06 00:00:00+00:00, run_after=2024-03-07 00:00:00+00:00
[2024-03-08T00:33:36.661+0530] {processor.py:183} INFO - Processing /Users/anikbhowmick/Python/Big_Data_Assignment/A02/airflow_env/lib/python3.11/site-packages/airflow/example_dags/example_task_group.py took 0.068 seconds
[2024-03-08T00:35:32.636+0530] {processor.py:161} INFO - Started process (PID=3712) to work on /Users/anikbhowmick/Python/Big_Data_Assignment/A02/airflow_env/lib/python3.11/site-packages/airflow/example_dags/example_task_group.py
[2024-03-08T00:35:32.637+0530] {processor.py:830} INFO - Processing file /Users/anikbhowmick/Python/Big_Data_Assignment/A02/airflow_env/lib/python3.11/site-packages/airflow/example_dags/example_task_group.py for tasks to queue
[2024-03-08T00:35:32.637+0530] {logging_mixin.py:188} INFO - [2024-03-08T00:35:32.637+0530] {dagbag.py:540} INFO - Filling up the DagBag from /Users/anikbhowmick/Python/Big_Data_Assignment/A02/airflow_env/lib/python3.11/site-packages/airflow/example_dags/example_task_group.py
[2024-03-08T00:35:32.683+0530] {processor.py:840} INFO - DAG(s) 'example_task_group' retrieved from /Users/anikbhowmick/Python/Big_Data_Assignment/A02/airflow_env/lib/python3.11/site-packages/airflow/example_dags/example_task_group.py
[2024-03-08T00:35:32.713+0530] {logging_mixin.py:188} INFO - [2024-03-08T00:35:32.713+0530] {dag.py:3047} INFO - Sync 1 DAGs
[2024-03-08T00:35:32.719+0530] {logging_mixin.py:188} INFO - [2024-03-08T00:35:32.718+0530] {dag.py:3834} INFO - Setting next_dagrun for example_task_group to 2024-03-06 00:00:00+00:00, run_after=2024-03-07 00:00:00+00:00
[2024-03-08T00:35:32.725+0530] {processor.py:183} INFO - Processing /Users/anikbhowmick/Python/Big_Data_Assignment/A02/airflow_env/lib/python3.11/site-packages/airflow/example_dags/example_task_group.py took 0.089 seconds
[2024-03-08T00:37:25.839+0530] {processor.py:161} INFO - Started process (PID=3807) to work on /Users/anikbhowmick/Python/Big_Data_Assignment/A02/airflow_env/lib/python3.11/site-packages/airflow/example_dags/example_task_group.py
[2024-03-08T00:37:25.840+0530] {processor.py:830} INFO - Processing file /Users/anikbhowmick/Python/Big_Data_Assignment/A02/airflow_env/lib/python3.11/site-packages/airflow/example_dags/example_task_group.py for tasks to queue
[2024-03-08T00:37:25.840+0530] {logging_mixin.py:188} INFO - [2024-03-08T00:37:25.840+0530] {dagbag.py:540} INFO - Filling up the DagBag from /Users/anikbhowmick/Python/Big_Data_Assignment/A02/airflow_env/lib/python3.11/site-packages/airflow/example_dags/example_task_group.py
[2024-03-08T00:37:25.869+0530] {processor.py:840} INFO - DAG(s) 'example_task_group' retrieved from /Users/anikbhowmick/Python/Big_Data_Assignment/A02/airflow_env/lib/python3.11/site-packages/airflow/example_dags/example_task_group.py
[2024-03-08T00:37:25.902+0530] {logging_mixin.py:188} INFO - [2024-03-08T00:37:25.902+0530] {dag.py:3047} INFO - Sync 1 DAGs
[2024-03-08T00:37:25.909+0530] {logging_mixin.py:188} INFO - [2024-03-08T00:37:25.909+0530] {dag.py:3834} INFO - Setting next_dagrun for example_task_group to 2024-03-06 00:00:00+00:00, run_after=2024-03-07 00:00:00+00:00
[2024-03-08T00:37:25.915+0530] {processor.py:183} INFO - Processing /Users/anikbhowmick/Python/Big_Data_Assignment/A02/airflow_env/lib/python3.11/site-packages/airflow/example_dags/example_task_group.py took 0.077 seconds
[2024-03-08T00:39:22.455+0530] {processor.py:161} INFO - Started process (PID=3880) to work on /Users/anikbhowmick/Python/Big_Data_Assignment/A02/airflow_env/lib/python3.11/site-packages/airflow/example_dags/example_task_group.py
[2024-03-08T00:39:22.457+0530] {processor.py:830} INFO - Processing file /Users/anikbhowmick/Python/Big_Data_Assignment/A02/airflow_env/lib/python3.11/site-packages/airflow/example_dags/example_task_group.py for tasks to queue
[2024-03-08T00:39:22.457+0530] {logging_mixin.py:188} INFO - [2024-03-08T00:39:22.457+0530] {dagbag.py:540} INFO - Filling up the DagBag from /Users/anikbhowmick/Python/Big_Data_Assignment/A02/airflow_env/lib/python3.11/site-packages/airflow/example_dags/example_task_group.py
[2024-03-08T00:39:22.481+0530] {processor.py:840} INFO - DAG(s) 'example_task_group' retrieved from /Users/anikbhowmick/Python/Big_Data_Assignment/A02/airflow_env/lib/python3.11/site-packages/airflow/example_dags/example_task_group.py
[2024-03-08T00:39:22.509+0530] {logging_mixin.py:188} INFO - [2024-03-08T00:39:22.509+0530] {dag.py:3047} INFO - Sync 1 DAGs
[2024-03-08T00:39:22.515+0530] {logging_mixin.py:188} INFO - [2024-03-08T00:39:22.515+0530] {dag.py:3834} INFO - Setting next_dagrun for example_task_group to 2024-03-06 00:00:00+00:00, run_after=2024-03-07 00:00:00+00:00
[2024-03-08T00:39:22.521+0530] {processor.py:183} INFO - Processing /Users/anikbhowmick/Python/Big_Data_Assignment/A02/airflow_env/lib/python3.11/site-packages/airflow/example_dags/example_task_group.py took 0.066 seconds
