[2024-03-08T00:13:05.046+0530] {processor.py:161} INFO - Started process (PID=2045) to work on /Users/anikbhowmick/Python/Big_Data_Assignment/A02/airflow_env/lib/python3.11/site-packages/airflow/example_dags/example_time_delta_sensor_async.py
[2024-03-08T00:13:05.046+0530] {processor.py:830} INFO - Processing file /Users/anikbhowmick/Python/Big_Data_Assignment/A02/airflow_env/lib/python3.11/site-packages/airflow/example_dags/example_time_delta_sensor_async.py for tasks to queue
[2024-03-08T00:13:05.047+0530] {logging_mixin.py:188} INFO - [2024-03-08T00:13:05.046+0530] {dagbag.py:540} INFO - Filling up the DagBag from /Users/anikbhowmick/Python/Big_Data_Assignment/A02/airflow_env/lib/python3.11/site-packages/airflow/example_dags/example_time_delta_sensor_async.py
[2024-03-08T00:13:05.072+0530] {processor.py:840} INFO - DAG(s) 'example_time_delta_sensor_async' retrieved from /Users/anikbhowmick/Python/Big_Data_Assignment/A02/airflow_env/lib/python3.11/site-packages/airflow/example_dags/example_time_delta_sensor_async.py
[2024-03-08T00:13:05.104+0530] {logging_mixin.py:188} INFO - [2024-03-08T00:13:05.104+0530] {dag.py:3047} INFO - Sync 1 DAGs
[2024-03-08T00:13:05.107+0530] {logging_mixin.py:188} INFO - [2024-03-08T00:13:05.107+0530] {dag.py:3834} INFO - Setting next_dagrun for example_time_delta_sensor_async to None, run_after=None
[2024-03-08T00:13:05.114+0530] {processor.py:183} INFO - Processing /Users/anikbhowmick/Python/Big_Data_Assignment/A02/airflow_env/lib/python3.11/site-packages/airflow/example_dags/example_time_delta_sensor_async.py took 0.068 seconds
[2024-03-08T00:13:55.458+0530] {processor.py:161} INFO - Started process (PID=2111) to work on /Users/anikbhowmick/Python/Big_Data_Assignment/A02/airflow_env/lib/python3.11/site-packages/airflow/example_dags/example_time_delta_sensor_async.py
[2024-03-08T00:13:55.459+0530] {processor.py:830} INFO - Processing file /Users/anikbhowmick/Python/Big_Data_Assignment/A02/airflow_env/lib/python3.11/site-packages/airflow/example_dags/example_time_delta_sensor_async.py for tasks to queue
[2024-03-08T00:13:55.459+0530] {logging_mixin.py:188} INFO - [2024-03-08T00:13:55.459+0530] {dagbag.py:540} INFO - Filling up the DagBag from /Users/anikbhowmick/Python/Big_Data_Assignment/A02/airflow_env/lib/python3.11/site-packages/airflow/example_dags/example_time_delta_sensor_async.py
[2024-03-08T00:13:55.485+0530] {processor.py:840} INFO - DAG(s) 'example_time_delta_sensor_async' retrieved from /Users/anikbhowmick/Python/Big_Data_Assignment/A02/airflow_env/lib/python3.11/site-packages/airflow/example_dags/example_time_delta_sensor_async.py
[2024-03-08T00:13:55.516+0530] {logging_mixin.py:188} INFO - [2024-03-08T00:13:55.516+0530] {dag.py:3047} INFO - Sync 1 DAGs
[2024-03-08T00:13:55.520+0530] {logging_mixin.py:188} INFO - [2024-03-08T00:13:55.520+0530] {dag.py:3834} INFO - Setting next_dagrun for example_time_delta_sensor_async to None, run_after=None
[2024-03-08T00:13:55.526+0530] {processor.py:183} INFO - Processing /Users/anikbhowmick/Python/Big_Data_Assignment/A02/airflow_env/lib/python3.11/site-packages/airflow/example_dags/example_time_delta_sensor_async.py took 0.068 seconds
[2024-03-08T00:14:45.161+0530] {processor.py:161} INFO - Started process (PID=2162) to work on /Users/anikbhowmick/Python/Big_Data_Assignment/A02/airflow_env/lib/python3.11/site-packages/airflow/example_dags/example_time_delta_sensor_async.py
[2024-03-08T00:14:45.162+0530] {processor.py:830} INFO - Processing file /Users/anikbhowmick/Python/Big_Data_Assignment/A02/airflow_env/lib/python3.11/site-packages/airflow/example_dags/example_time_delta_sensor_async.py for tasks to queue
[2024-03-08T00:14:45.162+0530] {logging_mixin.py:188} INFO - [2024-03-08T00:14:45.162+0530] {dagbag.py:540} INFO - Filling up the DagBag from /Users/anikbhowmick/Python/Big_Data_Assignment/A02/airflow_env/lib/python3.11/site-packages/airflow/example_dags/example_time_delta_sensor_async.py
[2024-03-08T00:14:45.188+0530] {processor.py:840} INFO - DAG(s) 'example_time_delta_sensor_async' retrieved from /Users/anikbhowmick/Python/Big_Data_Assignment/A02/airflow_env/lib/python3.11/site-packages/airflow/example_dags/example_time_delta_sensor_async.py
[2024-03-08T00:14:45.223+0530] {logging_mixin.py:188} INFO - [2024-03-08T00:14:45.223+0530] {dag.py:3047} INFO - Sync 1 DAGs
[2024-03-08T00:14:45.227+0530] {logging_mixin.py:188} INFO - [2024-03-08T00:14:45.227+0530] {dag.py:3834} INFO - Setting next_dagrun for example_time_delta_sensor_async to None, run_after=None
[2024-03-08T00:14:45.233+0530] {processor.py:183} INFO - Processing /Users/anikbhowmick/Python/Big_Data_Assignment/A02/airflow_env/lib/python3.11/site-packages/airflow/example_dags/example_time_delta_sensor_async.py took 0.073 seconds
[2024-03-08T00:15:24.567+0530] {processor.py:161} INFO - Started process (PID=2205) to work on /Users/anikbhowmick/Python/Big_Data_Assignment/A02/airflow_env/lib/python3.11/site-packages/airflow/example_dags/example_time_delta_sensor_async.py
[2024-03-08T00:15:24.568+0530] {processor.py:830} INFO - Processing file /Users/anikbhowmick/Python/Big_Data_Assignment/A02/airflow_env/lib/python3.11/site-packages/airflow/example_dags/example_time_delta_sensor_async.py for tasks to queue
[2024-03-08T00:15:24.568+0530] {logging_mixin.py:188} INFO - [2024-03-08T00:15:24.568+0530] {dagbag.py:540} INFO - Filling up the DagBag from /Users/anikbhowmick/Python/Big_Data_Assignment/A02/airflow_env/lib/python3.11/site-packages/airflow/example_dags/example_time_delta_sensor_async.py
[2024-03-08T00:15:24.595+0530] {processor.py:840} INFO - DAG(s) 'example_time_delta_sensor_async' retrieved from /Users/anikbhowmick/Python/Big_Data_Assignment/A02/airflow_env/lib/python3.11/site-packages/airflow/example_dags/example_time_delta_sensor_async.py
[2024-03-08T00:15:24.630+0530] {logging_mixin.py:188} INFO - [2024-03-08T00:15:24.630+0530] {dag.py:3047} INFO - Sync 1 DAGs
[2024-03-08T00:15:24.633+0530] {logging_mixin.py:188} INFO - [2024-03-08T00:15:24.633+0530] {dag.py:3834} INFO - Setting next_dagrun for example_time_delta_sensor_async to None, run_after=None
[2024-03-08T00:15:24.640+0530] {processor.py:183} INFO - Processing /Users/anikbhowmick/Python/Big_Data_Assignment/A02/airflow_env/lib/python3.11/site-packages/airflow/example_dags/example_time_delta_sensor_async.py took 0.073 seconds
[2024-03-08T00:16:03.797+0530] {processor.py:161} INFO - Started process (PID=2247) to work on /Users/anikbhowmick/Python/Big_Data_Assignment/A02/airflow_env/lib/python3.11/site-packages/airflow/example_dags/example_time_delta_sensor_async.py
[2024-03-08T00:16:03.798+0530] {processor.py:830} INFO - Processing file /Users/anikbhowmick/Python/Big_Data_Assignment/A02/airflow_env/lib/python3.11/site-packages/airflow/example_dags/example_time_delta_sensor_async.py for tasks to queue
[2024-03-08T00:16:03.798+0530] {logging_mixin.py:188} INFO - [2024-03-08T00:16:03.798+0530] {dagbag.py:540} INFO - Filling up the DagBag from /Users/anikbhowmick/Python/Big_Data_Assignment/A02/airflow_env/lib/python3.11/site-packages/airflow/example_dags/example_time_delta_sensor_async.py
[2024-03-08T00:16:03.823+0530] {processor.py:840} INFO - DAG(s) 'example_time_delta_sensor_async' retrieved from /Users/anikbhowmick/Python/Big_Data_Assignment/A02/airflow_env/lib/python3.11/site-packages/airflow/example_dags/example_time_delta_sensor_async.py
[2024-03-08T00:16:03.854+0530] {logging_mixin.py:188} INFO - [2024-03-08T00:16:03.854+0530] {dag.py:3047} INFO - Sync 1 DAGs
[2024-03-08T00:16:03.857+0530] {logging_mixin.py:188} INFO - [2024-03-08T00:16:03.857+0530] {dag.py:3834} INFO - Setting next_dagrun for example_time_delta_sensor_async to None, run_after=None
[2024-03-08T00:16:03.863+0530] {processor.py:183} INFO - Processing /Users/anikbhowmick/Python/Big_Data_Assignment/A02/airflow_env/lib/python3.11/site-packages/airflow/example_dags/example_time_delta_sensor_async.py took 0.067 seconds
[2024-03-08T00:16:45.043+0530] {processor.py:161} INFO - Started process (PID=2288) to work on /Users/anikbhowmick/Python/Big_Data_Assignment/A02/airflow_env/lib/python3.11/site-packages/airflow/example_dags/example_time_delta_sensor_async.py
[2024-03-08T00:16:45.044+0530] {processor.py:830} INFO - Processing file /Users/anikbhowmick/Python/Big_Data_Assignment/A02/airflow_env/lib/python3.11/site-packages/airflow/example_dags/example_time_delta_sensor_async.py for tasks to queue
[2024-03-08T00:16:45.044+0530] {logging_mixin.py:188} INFO - [2024-03-08T00:16:45.044+0530] {dagbag.py:540} INFO - Filling up the DagBag from /Users/anikbhowmick/Python/Big_Data_Assignment/A02/airflow_env/lib/python3.11/site-packages/airflow/example_dags/example_time_delta_sensor_async.py
[2024-03-08T00:16:45.069+0530] {processor.py:840} INFO - DAG(s) 'example_time_delta_sensor_async' retrieved from /Users/anikbhowmick/Python/Big_Data_Assignment/A02/airflow_env/lib/python3.11/site-packages/airflow/example_dags/example_time_delta_sensor_async.py
[2024-03-08T00:16:45.100+0530] {logging_mixin.py:188} INFO - [2024-03-08T00:16:45.100+0530] {dag.py:3047} INFO - Sync 1 DAGs
[2024-03-08T00:16:45.103+0530] {logging_mixin.py:188} INFO - [2024-03-08T00:16:45.103+0530] {dag.py:3834} INFO - Setting next_dagrun for example_time_delta_sensor_async to None, run_after=None
[2024-03-08T00:16:45.110+0530] {processor.py:183} INFO - Processing /Users/anikbhowmick/Python/Big_Data_Assignment/A02/airflow_env/lib/python3.11/site-packages/airflow/example_dags/example_time_delta_sensor_async.py took 0.067 seconds
[2024-03-08T00:17:26.425+0530] {processor.py:161} INFO - Started process (PID=2358) to work on /Users/anikbhowmick/Python/Big_Data_Assignment/A02/airflow_env/lib/python3.11/site-packages/airflow/example_dags/example_time_delta_sensor_async.py
[2024-03-08T00:17:26.426+0530] {processor.py:830} INFO - Processing file /Users/anikbhowmick/Python/Big_Data_Assignment/A02/airflow_env/lib/python3.11/site-packages/airflow/example_dags/example_time_delta_sensor_async.py for tasks to queue
[2024-03-08T00:17:26.427+0530] {logging_mixin.py:188} INFO - [2024-03-08T00:17:26.426+0530] {dagbag.py:540} INFO - Filling up the DagBag from /Users/anikbhowmick/Python/Big_Data_Assignment/A02/airflow_env/lib/python3.11/site-packages/airflow/example_dags/example_time_delta_sensor_async.py
[2024-03-08T00:17:26.456+0530] {processor.py:840} INFO - DAG(s) 'example_time_delta_sensor_async' retrieved from /Users/anikbhowmick/Python/Big_Data_Assignment/A02/airflow_env/lib/python3.11/site-packages/airflow/example_dags/example_time_delta_sensor_async.py
[2024-03-08T00:17:26.493+0530] {logging_mixin.py:188} INFO - [2024-03-08T00:17:26.493+0530] {dag.py:3047} INFO - Sync 1 DAGs
[2024-03-08T00:17:26.497+0530] {logging_mixin.py:188} INFO - [2024-03-08T00:17:26.497+0530] {dag.py:3834} INFO - Setting next_dagrun for example_time_delta_sensor_async to None, run_after=None
[2024-03-08T00:17:26.506+0530] {processor.py:183} INFO - Processing /Users/anikbhowmick/Python/Big_Data_Assignment/A02/airflow_env/lib/python3.11/site-packages/airflow/example_dags/example_time_delta_sensor_async.py took 0.082 seconds
[2024-03-08T00:18:53.760+0530] {processor.py:161} INFO - Started process (PID=2499) to work on /Users/anikbhowmick/Python/Big_Data_Assignment/A02/airflow_env/lib/python3.11/site-packages/airflow/example_dags/example_time_delta_sensor_async.py
[2024-03-08T00:18:53.761+0530] {processor.py:830} INFO - Processing file /Users/anikbhowmick/Python/Big_Data_Assignment/A02/airflow_env/lib/python3.11/site-packages/airflow/example_dags/example_time_delta_sensor_async.py for tasks to queue
[2024-03-08T00:18:53.761+0530] {logging_mixin.py:188} INFO - [2024-03-08T00:18:53.761+0530] {dagbag.py:540} INFO - Filling up the DagBag from /Users/anikbhowmick/Python/Big_Data_Assignment/A02/airflow_env/lib/python3.11/site-packages/airflow/example_dags/example_time_delta_sensor_async.py
[2024-03-08T00:18:53.786+0530] {processor.py:840} INFO - DAG(s) 'example_time_delta_sensor_async' retrieved from /Users/anikbhowmick/Python/Big_Data_Assignment/A02/airflow_env/lib/python3.11/site-packages/airflow/example_dags/example_time_delta_sensor_async.py
[2024-03-08T00:18:53.817+0530] {logging_mixin.py:188} INFO - [2024-03-08T00:18:53.817+0530] {dag.py:3047} INFO - Sync 1 DAGs
[2024-03-08T00:18:53.821+0530] {logging_mixin.py:188} INFO - [2024-03-08T00:18:53.821+0530] {dag.py:3834} INFO - Setting next_dagrun for example_time_delta_sensor_async to None, run_after=None
[2024-03-08T00:18:53.827+0530] {processor.py:183} INFO - Processing /Users/anikbhowmick/Python/Big_Data_Assignment/A02/airflow_env/lib/python3.11/site-packages/airflow/example_dags/example_time_delta_sensor_async.py took 0.068 seconds
[2024-03-08T00:23:28.852+0530] {processor.py:161} INFO - Started process (PID=2802) to work on /Users/anikbhowmick/Python/Big_Data_Assignment/A02/airflow_env/lib/python3.11/site-packages/airflow/example_dags/example_time_delta_sensor_async.py
[2024-03-08T00:23:28.852+0530] {processor.py:830} INFO - Processing file /Users/anikbhowmick/Python/Big_Data_Assignment/A02/airflow_env/lib/python3.11/site-packages/airflow/example_dags/example_time_delta_sensor_async.py for tasks to queue
[2024-03-08T00:23:28.852+0530] {logging_mixin.py:188} INFO - [2024-03-08T00:23:28.852+0530] {dagbag.py:540} INFO - Filling up the DagBag from /Users/anikbhowmick/Python/Big_Data_Assignment/A02/airflow_env/lib/python3.11/site-packages/airflow/example_dags/example_time_delta_sensor_async.py
[2024-03-08T00:23:28.880+0530] {processor.py:840} INFO - DAG(s) 'example_time_delta_sensor_async' retrieved from /Users/anikbhowmick/Python/Big_Data_Assignment/A02/airflow_env/lib/python3.11/site-packages/airflow/example_dags/example_time_delta_sensor_async.py
[2024-03-08T00:23:28.915+0530] {logging_mixin.py:188} INFO - [2024-03-08T00:23:28.915+0530] {dag.py:3047} INFO - Sync 1 DAGs
[2024-03-08T00:23:28.919+0530] {logging_mixin.py:188} INFO - [2024-03-08T00:23:28.919+0530] {dag.py:3834} INFO - Setting next_dagrun for example_time_delta_sensor_async to None, run_after=None
[2024-03-08T00:23:28.925+0530] {processor.py:183} INFO - Processing /Users/anikbhowmick/Python/Big_Data_Assignment/A02/airflow_env/lib/python3.11/site-packages/airflow/example_dags/example_time_delta_sensor_async.py took 0.074 seconds
[2024-03-08T00:24:19.318+0530] {processor.py:161} INFO - Started process (PID=2882) to work on /Users/anikbhowmick/Python/Big_Data_Assignment/A02/airflow_env/lib/python3.11/site-packages/airflow/example_dags/example_time_delta_sensor_async.py
[2024-03-08T00:24:19.318+0530] {processor.py:830} INFO - Processing file /Users/anikbhowmick/Python/Big_Data_Assignment/A02/airflow_env/lib/python3.11/site-packages/airflow/example_dags/example_time_delta_sensor_async.py for tasks to queue
[2024-03-08T00:24:19.319+0530] {logging_mixin.py:188} INFO - [2024-03-08T00:24:19.319+0530] {dagbag.py:540} INFO - Filling up the DagBag from /Users/anikbhowmick/Python/Big_Data_Assignment/A02/airflow_env/lib/python3.11/site-packages/airflow/example_dags/example_time_delta_sensor_async.py
[2024-03-08T00:24:19.344+0530] {processor.py:840} INFO - DAG(s) 'example_time_delta_sensor_async' retrieved from /Users/anikbhowmick/Python/Big_Data_Assignment/A02/airflow_env/lib/python3.11/site-packages/airflow/example_dags/example_time_delta_sensor_async.py
[2024-03-08T00:24:19.375+0530] {logging_mixin.py:188} INFO - [2024-03-08T00:24:19.375+0530] {dag.py:3047} INFO - Sync 1 DAGs
[2024-03-08T00:24:19.378+0530] {logging_mixin.py:188} INFO - [2024-03-08T00:24:19.378+0530] {dag.py:3834} INFO - Setting next_dagrun for example_time_delta_sensor_async to None, run_after=None
[2024-03-08T00:24:19.385+0530] {processor.py:183} INFO - Processing /Users/anikbhowmick/Python/Big_Data_Assignment/A02/airflow_env/lib/python3.11/site-packages/airflow/example_dags/example_time_delta_sensor_async.py took 0.068 seconds
[2024-03-08T00:25:54.041+0530] {processor.py:161} INFO - Started process (PID=3044) to work on /Users/anikbhowmick/Python/Big_Data_Assignment/A02/airflow_env/lib/python3.11/site-packages/airflow/example_dags/example_time_delta_sensor_async.py
[2024-03-08T00:25:54.042+0530] {processor.py:830} INFO - Processing file /Users/anikbhowmick/Python/Big_Data_Assignment/A02/airflow_env/lib/python3.11/site-packages/airflow/example_dags/example_time_delta_sensor_async.py for tasks to queue
[2024-03-08T00:25:54.042+0530] {logging_mixin.py:188} INFO - [2024-03-08T00:25:54.042+0530] {dagbag.py:540} INFO - Filling up the DagBag from /Users/anikbhowmick/Python/Big_Data_Assignment/A02/airflow_env/lib/python3.11/site-packages/airflow/example_dags/example_time_delta_sensor_async.py
[2024-03-08T00:25:54.071+0530] {processor.py:840} INFO - DAG(s) 'example_time_delta_sensor_async' retrieved from /Users/anikbhowmick/Python/Big_Data_Assignment/A02/airflow_env/lib/python3.11/site-packages/airflow/example_dags/example_time_delta_sensor_async.py
[2024-03-08T00:25:54.105+0530] {logging_mixin.py:188} INFO - [2024-03-08T00:25:54.105+0530] {dag.py:3047} INFO - Sync 1 DAGs
[2024-03-08T00:25:54.109+0530] {logging_mixin.py:188} INFO - [2024-03-08T00:25:54.108+0530] {dag.py:3834} INFO - Setting next_dagrun for example_time_delta_sensor_async to None, run_after=None
[2024-03-08T00:25:54.116+0530] {processor.py:183} INFO - Processing /Users/anikbhowmick/Python/Big_Data_Assignment/A02/airflow_env/lib/python3.11/site-packages/airflow/example_dags/example_time_delta_sensor_async.py took 0.075 seconds
[2024-03-08T00:27:40.021+0530] {processor.py:161} INFO - Started process (PID=3255) to work on /Users/anikbhowmick/Python/Big_Data_Assignment/A02/airflow_env/lib/python3.11/site-packages/airflow/example_dags/example_time_delta_sensor_async.py
[2024-03-08T00:27:40.022+0530] {processor.py:830} INFO - Processing file /Users/anikbhowmick/Python/Big_Data_Assignment/A02/airflow_env/lib/python3.11/site-packages/airflow/example_dags/example_time_delta_sensor_async.py for tasks to queue
[2024-03-08T00:27:40.022+0530] {logging_mixin.py:188} INFO - [2024-03-08T00:27:40.022+0530] {dagbag.py:540} INFO - Filling up the DagBag from /Users/anikbhowmick/Python/Big_Data_Assignment/A02/airflow_env/lib/python3.11/site-packages/airflow/example_dags/example_time_delta_sensor_async.py
[2024-03-08T00:27:40.047+0530] {processor.py:840} INFO - DAG(s) 'example_time_delta_sensor_async' retrieved from /Users/anikbhowmick/Python/Big_Data_Assignment/A02/airflow_env/lib/python3.11/site-packages/airflow/example_dags/example_time_delta_sensor_async.py
[2024-03-08T00:27:40.079+0530] {logging_mixin.py:188} INFO - [2024-03-08T00:27:40.079+0530] {dag.py:3047} INFO - Sync 1 DAGs
[2024-03-08T00:27:40.083+0530] {logging_mixin.py:188} INFO - [2024-03-08T00:27:40.083+0530] {dag.py:3834} INFO - Setting next_dagrun for example_time_delta_sensor_async to None, run_after=None
[2024-03-08T00:27:40.089+0530] {processor.py:183} INFO - Processing /Users/anikbhowmick/Python/Big_Data_Assignment/A02/airflow_env/lib/python3.11/site-packages/airflow/example_dags/example_time_delta_sensor_async.py took 0.068 seconds
[2024-03-08T00:28:38.985+0530] {processor.py:161} INFO - Started process (PID=3317) to work on /Users/anikbhowmick/Python/Big_Data_Assignment/A02/airflow_env/lib/python3.11/site-packages/airflow/example_dags/example_time_delta_sensor_async.py
[2024-03-08T00:28:38.986+0530] {processor.py:830} INFO - Processing file /Users/anikbhowmick/Python/Big_Data_Assignment/A02/airflow_env/lib/python3.11/site-packages/airflow/example_dags/example_time_delta_sensor_async.py for tasks to queue
[2024-03-08T00:28:38.986+0530] {logging_mixin.py:188} INFO - [2024-03-08T00:28:38.986+0530] {dagbag.py:540} INFO - Filling up the DagBag from /Users/anikbhowmick/Python/Big_Data_Assignment/A02/airflow_env/lib/python3.11/site-packages/airflow/example_dags/example_time_delta_sensor_async.py
[2024-03-08T00:28:39.013+0530] {processor.py:840} INFO - DAG(s) 'example_time_delta_sensor_async' retrieved from /Users/anikbhowmick/Python/Big_Data_Assignment/A02/airflow_env/lib/python3.11/site-packages/airflow/example_dags/example_time_delta_sensor_async.py
[2024-03-08T00:28:39.051+0530] {logging_mixin.py:188} INFO - [2024-03-08T00:28:39.051+0530] {dag.py:3047} INFO - Sync 1 DAGs
[2024-03-08T00:28:39.057+0530] {logging_mixin.py:188} INFO - [2024-03-08T00:28:39.057+0530] {dag.py:3834} INFO - Setting next_dagrun for example_time_delta_sensor_async to None, run_after=None
[2024-03-08T00:28:39.063+0530] {processor.py:183} INFO - Processing /Users/anikbhowmick/Python/Big_Data_Assignment/A02/airflow_env/lib/python3.11/site-packages/airflow/example_dags/example_time_delta_sensor_async.py took 0.078 seconds
[2024-03-08T00:30:35.036+0530] {processor.py:161} INFO - Started process (PID=3405) to work on /Users/anikbhowmick/Python/Big_Data_Assignment/A02/airflow_env/lib/python3.11/site-packages/airflow/example_dags/example_time_delta_sensor_async.py
[2024-03-08T00:30:35.036+0530] {processor.py:830} INFO - Processing file /Users/anikbhowmick/Python/Big_Data_Assignment/A02/airflow_env/lib/python3.11/site-packages/airflow/example_dags/example_time_delta_sensor_async.py for tasks to queue
[2024-03-08T00:30:35.037+0530] {logging_mixin.py:188} INFO - [2024-03-08T00:30:35.037+0530] {dagbag.py:540} INFO - Filling up the DagBag from /Users/anikbhowmick/Python/Big_Data_Assignment/A02/airflow_env/lib/python3.11/site-packages/airflow/example_dags/example_time_delta_sensor_async.py
[2024-03-08T00:30:35.063+0530] {processor.py:840} INFO - DAG(s) 'example_time_delta_sensor_async' retrieved from /Users/anikbhowmick/Python/Big_Data_Assignment/A02/airflow_env/lib/python3.11/site-packages/airflow/example_dags/example_time_delta_sensor_async.py
[2024-03-08T00:30:35.095+0530] {logging_mixin.py:188} INFO - [2024-03-08T00:30:35.095+0530] {dag.py:3047} INFO - Sync 1 DAGs
[2024-03-08T00:30:35.098+0530] {logging_mixin.py:188} INFO - [2024-03-08T00:30:35.098+0530] {dag.py:3834} INFO - Setting next_dagrun for example_time_delta_sensor_async to None, run_after=None
[2024-03-08T00:30:35.104+0530] {processor.py:183} INFO - Processing /Users/anikbhowmick/Python/Big_Data_Assignment/A02/airflow_env/lib/python3.11/site-packages/airflow/example_dags/example_time_delta_sensor_async.py took 0.069 seconds
[2024-03-08T00:31:36.705+0530] {processor.py:161} INFO - Started process (PID=3491) to work on /Users/anikbhowmick/Python/Big_Data_Assignment/A02/airflow_env/lib/python3.11/site-packages/airflow/example_dags/example_time_delta_sensor_async.py
[2024-03-08T00:31:36.706+0530] {processor.py:830} INFO - Processing file /Users/anikbhowmick/Python/Big_Data_Assignment/A02/airflow_env/lib/python3.11/site-packages/airflow/example_dags/example_time_delta_sensor_async.py for tasks to queue
[2024-03-08T00:31:36.706+0530] {logging_mixin.py:188} INFO - [2024-03-08T00:31:36.706+0530] {dagbag.py:540} INFO - Filling up the DagBag from /Users/anikbhowmick/Python/Big_Data_Assignment/A02/airflow_env/lib/python3.11/site-packages/airflow/example_dags/example_time_delta_sensor_async.py
[2024-03-08T00:31:36.732+0530] {processor.py:840} INFO - DAG(s) 'example_time_delta_sensor_async' retrieved from /Users/anikbhowmick/Python/Big_Data_Assignment/A02/airflow_env/lib/python3.11/site-packages/airflow/example_dags/example_time_delta_sensor_async.py
[2024-03-08T00:31:36.764+0530] {logging_mixin.py:188} INFO - [2024-03-08T00:31:36.764+0530] {dag.py:3047} INFO - Sync 1 DAGs
[2024-03-08T00:31:36.767+0530] {logging_mixin.py:188} INFO - [2024-03-08T00:31:36.767+0530] {dag.py:3834} INFO - Setting next_dagrun for example_time_delta_sensor_async to None, run_after=None
[2024-03-08T00:31:36.774+0530] {processor.py:183} INFO - Processing /Users/anikbhowmick/Python/Big_Data_Assignment/A02/airflow_env/lib/python3.11/site-packages/airflow/example_dags/example_time_delta_sensor_async.py took 0.069 seconds
[2024-03-08T00:32:38.003+0530] {processor.py:161} INFO - Started process (PID=3552) to work on /Users/anikbhowmick/Python/Big_Data_Assignment/A02/airflow_env/lib/python3.11/site-packages/airflow/example_dags/example_time_delta_sensor_async.py
[2024-03-08T00:32:38.003+0530] {processor.py:830} INFO - Processing file /Users/anikbhowmick/Python/Big_Data_Assignment/A02/airflow_env/lib/python3.11/site-packages/airflow/example_dags/example_time_delta_sensor_async.py for tasks to queue
[2024-03-08T00:32:38.003+0530] {logging_mixin.py:188} INFO - [2024-03-08T00:32:38.003+0530] {dagbag.py:540} INFO - Filling up the DagBag from /Users/anikbhowmick/Python/Big_Data_Assignment/A02/airflow_env/lib/python3.11/site-packages/airflow/example_dags/example_time_delta_sensor_async.py
[2024-03-08T00:32:38.030+0530] {processor.py:840} INFO - DAG(s) 'example_time_delta_sensor_async' retrieved from /Users/anikbhowmick/Python/Big_Data_Assignment/A02/airflow_env/lib/python3.11/site-packages/airflow/example_dags/example_time_delta_sensor_async.py
[2024-03-08T00:32:38.062+0530] {logging_mixin.py:188} INFO - [2024-03-08T00:32:38.062+0530] {dag.py:3047} INFO - Sync 1 DAGs
[2024-03-08T00:32:38.066+0530] {logging_mixin.py:188} INFO - [2024-03-08T00:32:38.065+0530] {dag.py:3834} INFO - Setting next_dagrun for example_time_delta_sensor_async to None, run_after=None
[2024-03-08T00:32:38.072+0530] {processor.py:183} INFO - Processing /Users/anikbhowmick/Python/Big_Data_Assignment/A02/airflow_env/lib/python3.11/site-packages/airflow/example_dags/example_time_delta_sensor_async.py took 0.070 seconds
[2024-03-08T00:34:34.463+0530] {processor.py:161} INFO - Started process (PID=3674) to work on /Users/anikbhowmick/Python/Big_Data_Assignment/A02/airflow_env/lib/python3.11/site-packages/airflow/example_dags/example_time_delta_sensor_async.py
[2024-03-08T00:34:34.463+0530] {processor.py:830} INFO - Processing file /Users/anikbhowmick/Python/Big_Data_Assignment/A02/airflow_env/lib/python3.11/site-packages/airflow/example_dags/example_time_delta_sensor_async.py for tasks to queue
[2024-03-08T00:34:34.464+0530] {logging_mixin.py:188} INFO - [2024-03-08T00:34:34.464+0530] {dagbag.py:540} INFO - Filling up the DagBag from /Users/anikbhowmick/Python/Big_Data_Assignment/A02/airflow_env/lib/python3.11/site-packages/airflow/example_dags/example_time_delta_sensor_async.py
[2024-03-08T00:34:34.494+0530] {processor.py:840} INFO - DAG(s) 'example_time_delta_sensor_async' retrieved from /Users/anikbhowmick/Python/Big_Data_Assignment/A02/airflow_env/lib/python3.11/site-packages/airflow/example_dags/example_time_delta_sensor_async.py
[2024-03-08T00:34:34.528+0530] {logging_mixin.py:188} INFO - [2024-03-08T00:34:34.528+0530] {dag.py:3047} INFO - Sync 1 DAGs
[2024-03-08T00:34:34.532+0530] {logging_mixin.py:188} INFO - [2024-03-08T00:34:34.532+0530] {dag.py:3834} INFO - Setting next_dagrun for example_time_delta_sensor_async to None, run_after=None
[2024-03-08T00:34:34.540+0530] {processor.py:183} INFO - Processing /Users/anikbhowmick/Python/Big_Data_Assignment/A02/airflow_env/lib/python3.11/site-packages/airflow/example_dags/example_time_delta_sensor_async.py took 0.078 seconds
[2024-03-08T00:36:27.928+0530] {processor.py:161} INFO - Started process (PID=3761) to work on /Users/anikbhowmick/Python/Big_Data_Assignment/A02/airflow_env/lib/python3.11/site-packages/airflow/example_dags/example_time_delta_sensor_async.py
[2024-03-08T00:36:27.929+0530] {processor.py:830} INFO - Processing file /Users/anikbhowmick/Python/Big_Data_Assignment/A02/airflow_env/lib/python3.11/site-packages/airflow/example_dags/example_time_delta_sensor_async.py for tasks to queue
[2024-03-08T00:36:27.929+0530] {logging_mixin.py:188} INFO - [2024-03-08T00:36:27.929+0530] {dagbag.py:540} INFO - Filling up the DagBag from /Users/anikbhowmick/Python/Big_Data_Assignment/A02/airflow_env/lib/python3.11/site-packages/airflow/example_dags/example_time_delta_sensor_async.py
[2024-03-08T00:36:27.955+0530] {processor.py:840} INFO - DAG(s) 'example_time_delta_sensor_async' retrieved from /Users/anikbhowmick/Python/Big_Data_Assignment/A02/airflow_env/lib/python3.11/site-packages/airflow/example_dags/example_time_delta_sensor_async.py
[2024-03-08T00:36:27.986+0530] {logging_mixin.py:188} INFO - [2024-03-08T00:36:27.986+0530] {dag.py:3047} INFO - Sync 1 DAGs
[2024-03-08T00:36:27.989+0530] {logging_mixin.py:188} INFO - [2024-03-08T00:36:27.989+0530] {dag.py:3834} INFO - Setting next_dagrun for example_time_delta_sensor_async to None, run_after=None
[2024-03-08T00:36:27.996+0530] {processor.py:183} INFO - Processing /Users/anikbhowmick/Python/Big_Data_Assignment/A02/airflow_env/lib/python3.11/site-packages/airflow/example_dags/example_time_delta_sensor_async.py took 0.068 seconds
[2024-03-08T00:38:22.847+0530] {processor.py:161} INFO - Started process (PID=3841) to work on /Users/anikbhowmick/Python/Big_Data_Assignment/A02/airflow_env/lib/python3.11/site-packages/airflow/example_dags/example_time_delta_sensor_async.py
[2024-03-08T00:38:22.848+0530] {processor.py:830} INFO - Processing file /Users/anikbhowmick/Python/Big_Data_Assignment/A02/airflow_env/lib/python3.11/site-packages/airflow/example_dags/example_time_delta_sensor_async.py for tasks to queue
[2024-03-08T00:38:22.848+0530] {logging_mixin.py:188} INFO - [2024-03-08T00:38:22.848+0530] {dagbag.py:540} INFO - Filling up the DagBag from /Users/anikbhowmick/Python/Big_Data_Assignment/A02/airflow_env/lib/python3.11/site-packages/airflow/example_dags/example_time_delta_sensor_async.py
[2024-03-08T00:38:22.873+0530] {processor.py:840} INFO - DAG(s) 'example_time_delta_sensor_async' retrieved from /Users/anikbhowmick/Python/Big_Data_Assignment/A02/airflow_env/lib/python3.11/site-packages/airflow/example_dags/example_time_delta_sensor_async.py
[2024-03-08T00:38:22.905+0530] {logging_mixin.py:188} INFO - [2024-03-08T00:38:22.904+0530] {dag.py:3047} INFO - Sync 1 DAGs
[2024-03-08T00:38:22.908+0530] {logging_mixin.py:188} INFO - [2024-03-08T00:38:22.908+0530] {dag.py:3834} INFO - Setting next_dagrun for example_time_delta_sensor_async to None, run_after=None
[2024-03-08T00:38:22.914+0530] {processor.py:183} INFO - Processing /Users/anikbhowmick/Python/Big_Data_Assignment/A02/airflow_env/lib/python3.11/site-packages/airflow/example_dags/example_time_delta_sensor_async.py took 0.068 seconds
[2024-03-08T00:40:22.000+0530] {processor.py:161} INFO - Started process (PID=3925) to work on /Users/anikbhowmick/Python/Big_Data_Assignment/A02/airflow_env/lib/python3.11/site-packages/airflow/example_dags/example_time_delta_sensor_async.py
[2024-03-08T00:40:22.002+0530] {processor.py:830} INFO - Processing file /Users/anikbhowmick/Python/Big_Data_Assignment/A02/airflow_env/lib/python3.11/site-packages/airflow/example_dags/example_time_delta_sensor_async.py for tasks to queue
[2024-03-08T00:40:22.003+0530] {logging_mixin.py:188} INFO - [2024-03-08T00:40:22.002+0530] {dagbag.py:540} INFO - Filling up the DagBag from /Users/anikbhowmick/Python/Big_Data_Assignment/A02/airflow_env/lib/python3.11/site-packages/airflow/example_dags/example_time_delta_sensor_async.py
[2024-03-08T00:40:22.028+0530] {processor.py:840} INFO - DAG(s) 'example_time_delta_sensor_async' retrieved from /Users/anikbhowmick/Python/Big_Data_Assignment/A02/airflow_env/lib/python3.11/site-packages/airflow/example_dags/example_time_delta_sensor_async.py
[2024-03-08T00:40:22.059+0530] {logging_mixin.py:188} INFO - [2024-03-08T00:40:22.059+0530] {dag.py:3047} INFO - Sync 1 DAGs
[2024-03-08T00:40:22.062+0530] {logging_mixin.py:188} INFO - [2024-03-08T00:40:22.062+0530] {dag.py:3834} INFO - Setting next_dagrun for example_time_delta_sensor_async to None, run_after=None
[2024-03-08T00:40:22.069+0530] {processor.py:183} INFO - Processing /Users/anikbhowmick/Python/Big_Data_Assignment/A02/airflow_env/lib/python3.11/site-packages/airflow/example_dags/example_time_delta_sensor_async.py took 0.069 seconds
