[2024-03-08T00:13:33.598+0530] {processor.py:161} INFO - Started process (PID=2088) to work on /Users/anikbhowmick/Python/Big_Data_Assignment/A02/airflow_env/lib/python3.11/site-packages/airflow/example_dags/example_branch_operator.py
[2024-03-08T00:13:33.598+0530] {processor.py:830} INFO - Processing file /Users/anikbhowmick/Python/Big_Data_Assignment/A02/airflow_env/lib/python3.11/site-packages/airflow/example_dags/example_branch_operator.py for tasks to queue
[2024-03-08T00:13:33.598+0530] {logging_mixin.py:188} INFO - [2024-03-08T00:13:33.598+0530] {dagbag.py:540} INFO - Filling up the DagBag from /Users/anikbhowmick/Python/Big_Data_Assignment/A02/airflow_env/lib/python3.11/site-packages/airflow/example_dags/example_branch_operator.py
[2024-03-08T00:13:33.631+0530] {processor.py:840} INFO - DAG(s) 'example_branch_operator' retrieved from /Users/anikbhowmick/Python/Big_Data_Assignment/A02/airflow_env/lib/python3.11/site-packages/airflow/example_dags/example_branch_operator.py
[2024-03-08T00:13:33.688+0530] {logging_mixin.py:188} INFO - [2024-03-08T00:13:33.688+0530] {dag.py:3047} INFO - Sync 1 DAGs
[2024-03-08T00:13:33.693+0530] {logging_mixin.py:188} INFO - [2024-03-08T00:13:33.693+0530] {dag.py:3834} INFO - Setting next_dagrun for example_branch_operator to 2024-03-06 00:00:00+00:00, run_after=2024-03-07 00:00:00+00:00
[2024-03-08T00:13:33.699+0530] {processor.py:183} INFO - Processing /Users/anikbhowmick/Python/Big_Data_Assignment/A02/airflow_env/lib/python3.11/site-packages/airflow/example_dags/example_branch_operator.py took 0.102 seconds
[2024-03-08T00:14:34.116+0530] {processor.py:161} INFO - Started process (PID=2150) to work on /Users/anikbhowmick/Python/Big_Data_Assignment/A02/airflow_env/lib/python3.11/site-packages/airflow/example_dags/example_branch_operator.py
[2024-03-08T00:14:34.117+0530] {processor.py:830} INFO - Processing file /Users/anikbhowmick/Python/Big_Data_Assignment/A02/airflow_env/lib/python3.11/site-packages/airflow/example_dags/example_branch_operator.py for tasks to queue
[2024-03-08T00:14:34.117+0530] {logging_mixin.py:188} INFO - [2024-03-08T00:14:34.117+0530] {dagbag.py:540} INFO - Filling up the DagBag from /Users/anikbhowmick/Python/Big_Data_Assignment/A02/airflow_env/lib/python3.11/site-packages/airflow/example_dags/example_branch_operator.py
[2024-03-08T00:14:34.150+0530] {processor.py:840} INFO - DAG(s) 'example_branch_operator' retrieved from /Users/anikbhowmick/Python/Big_Data_Assignment/A02/airflow_env/lib/python3.11/site-packages/airflow/example_dags/example_branch_operator.py
[2024-03-08T00:14:34.205+0530] {logging_mixin.py:188} INFO - [2024-03-08T00:14:34.205+0530] {dag.py:3047} INFO - Sync 1 DAGs
[2024-03-08T00:14:34.210+0530] {logging_mixin.py:188} INFO - [2024-03-08T00:14:34.210+0530] {dag.py:3834} INFO - Setting next_dagrun for example_branch_operator to 2024-03-06 00:00:00+00:00, run_after=2024-03-07 00:00:00+00:00
[2024-03-08T00:14:34.216+0530] {processor.py:183} INFO - Processing /Users/anikbhowmick/Python/Big_Data_Assignment/A02/airflow_env/lib/python3.11/site-packages/airflow/example_dags/example_branch_operator.py took 0.100 seconds
[2024-03-08T00:15:32.130+0530] {processor.py:161} INFO - Started process (PID=2213) to work on /Users/anikbhowmick/Python/Big_Data_Assignment/A02/airflow_env/lib/python3.11/site-packages/airflow/example_dags/example_branch_operator.py
[2024-03-08T00:15:32.131+0530] {processor.py:830} INFO - Processing file /Users/anikbhowmick/Python/Big_Data_Assignment/A02/airflow_env/lib/python3.11/site-packages/airflow/example_dags/example_branch_operator.py for tasks to queue
[2024-03-08T00:15:32.131+0530] {logging_mixin.py:188} INFO - [2024-03-08T00:15:32.131+0530] {dagbag.py:540} INFO - Filling up the DagBag from /Users/anikbhowmick/Python/Big_Data_Assignment/A02/airflow_env/lib/python3.11/site-packages/airflow/example_dags/example_branch_operator.py
[2024-03-08T00:15:32.167+0530] {processor.py:840} INFO - DAG(s) 'example_branch_operator' retrieved from /Users/anikbhowmick/Python/Big_Data_Assignment/A02/airflow_env/lib/python3.11/site-packages/airflow/example_dags/example_branch_operator.py
[2024-03-08T00:15:32.230+0530] {logging_mixin.py:188} INFO - [2024-03-08T00:15:32.230+0530] {dag.py:3047} INFO - Sync 1 DAGs
[2024-03-08T00:15:32.235+0530] {logging_mixin.py:188} INFO - [2024-03-08T00:15:32.235+0530] {dag.py:3834} INFO - Setting next_dagrun for example_branch_operator to 2024-03-06 00:00:00+00:00, run_after=2024-03-07 00:00:00+00:00
[2024-03-08T00:15:32.242+0530] {processor.py:183} INFO - Processing /Users/anikbhowmick/Python/Big_Data_Assignment/A02/airflow_env/lib/python3.11/site-packages/airflow/example_dags/example_branch_operator.py took 0.113 seconds
[2024-03-08T00:16:30.853+0530] {processor.py:161} INFO - Started process (PID=2274) to work on /Users/anikbhowmick/Python/Big_Data_Assignment/A02/airflow_env/lib/python3.11/site-packages/airflow/example_dags/example_branch_operator.py
[2024-03-08T00:16:30.855+0530] {processor.py:830} INFO - Processing file /Users/anikbhowmick/Python/Big_Data_Assignment/A02/airflow_env/lib/python3.11/site-packages/airflow/example_dags/example_branch_operator.py for tasks to queue
[2024-03-08T00:16:30.855+0530] {logging_mixin.py:188} INFO - [2024-03-08T00:16:30.855+0530] {dagbag.py:540} INFO - Filling up the DagBag from /Users/anikbhowmick/Python/Big_Data_Assignment/A02/airflow_env/lib/python3.11/site-packages/airflow/example_dags/example_branch_operator.py
[2024-03-08T00:16:30.888+0530] {processor.py:840} INFO - DAG(s) 'example_branch_operator' retrieved from /Users/anikbhowmick/Python/Big_Data_Assignment/A02/airflow_env/lib/python3.11/site-packages/airflow/example_dags/example_branch_operator.py
[2024-03-08T00:16:30.949+0530] {logging_mixin.py:188} INFO - [2024-03-08T00:16:30.949+0530] {dag.py:3047} INFO - Sync 1 DAGs
[2024-03-08T00:16:30.955+0530] {logging_mixin.py:188} INFO - [2024-03-08T00:16:30.955+0530] {dag.py:3834} INFO - Setting next_dagrun for example_branch_operator to 2024-03-06 00:00:00+00:00, run_after=2024-03-07 00:00:00+00:00
[2024-03-08T00:16:30.967+0530] {processor.py:183} INFO - Processing /Users/anikbhowmick/Python/Big_Data_Assignment/A02/airflow_env/lib/python3.11/site-packages/airflow/example_dags/example_branch_operator.py took 0.114 seconds
[2024-03-08T00:17:32.373+0530] {processor.py:161} INFO - Started process (PID=2375) to work on /Users/anikbhowmick/Python/Big_Data_Assignment/A02/airflow_env/lib/python3.11/site-packages/airflow/example_dags/example_branch_operator.py
[2024-03-08T00:17:32.373+0530] {processor.py:830} INFO - Processing file /Users/anikbhowmick/Python/Big_Data_Assignment/A02/airflow_env/lib/python3.11/site-packages/airflow/example_dags/example_branch_operator.py for tasks to queue
[2024-03-08T00:17:32.373+0530] {logging_mixin.py:188} INFO - [2024-03-08T00:17:32.373+0530] {dagbag.py:540} INFO - Filling up the DagBag from /Users/anikbhowmick/Python/Big_Data_Assignment/A02/airflow_env/lib/python3.11/site-packages/airflow/example_dags/example_branch_operator.py
[2024-03-08T00:17:32.410+0530] {processor.py:840} INFO - DAG(s) 'example_branch_operator' retrieved from /Users/anikbhowmick/Python/Big_Data_Assignment/A02/airflow_env/lib/python3.11/site-packages/airflow/example_dags/example_branch_operator.py
[2024-03-08T00:17:32.470+0530] {logging_mixin.py:188} INFO - [2024-03-08T00:17:32.470+0530] {dag.py:3047} INFO - Sync 1 DAGs
[2024-03-08T00:17:32.475+0530] {logging_mixin.py:188} INFO - [2024-03-08T00:17:32.475+0530] {dag.py:3834} INFO - Setting next_dagrun for example_branch_operator to 2024-03-06 00:00:00+00:00, run_after=2024-03-07 00:00:00+00:00
[2024-03-08T00:17:32.482+0530] {processor.py:183} INFO - Processing /Users/anikbhowmick/Python/Big_Data_Assignment/A02/airflow_env/lib/python3.11/site-packages/airflow/example_dags/example_branch_operator.py took 0.110 seconds
[2024-03-08T00:20:08.739+0530] {processor.py:161} INFO - Started process (PID=2625) to work on /Users/anikbhowmick/Python/Big_Data_Assignment/A02/airflow_env/lib/python3.11/site-packages/airflow/example_dags/example_branch_operator.py
[2024-03-08T00:20:08.740+0530] {processor.py:830} INFO - Processing file /Users/anikbhowmick/Python/Big_Data_Assignment/A02/airflow_env/lib/python3.11/site-packages/airflow/example_dags/example_branch_operator.py for tasks to queue
[2024-03-08T00:20:08.741+0530] {logging_mixin.py:188} INFO - [2024-03-08T00:20:08.741+0530] {dagbag.py:540} INFO - Filling up the DagBag from /Users/anikbhowmick/Python/Big_Data_Assignment/A02/airflow_env/lib/python3.11/site-packages/airflow/example_dags/example_branch_operator.py
[2024-03-08T00:20:08.774+0530] {processor.py:840} INFO - DAG(s) 'example_branch_operator' retrieved from /Users/anikbhowmick/Python/Big_Data_Assignment/A02/airflow_env/lib/python3.11/site-packages/airflow/example_dags/example_branch_operator.py
[2024-03-08T00:20:08.829+0530] {logging_mixin.py:188} INFO - [2024-03-08T00:20:08.829+0530] {dag.py:3047} INFO - Sync 1 DAGs
[2024-03-08T00:20:08.834+0530] {logging_mixin.py:188} INFO - [2024-03-08T00:20:08.834+0530] {dag.py:3834} INFO - Setting next_dagrun for example_branch_operator to 2024-03-06 00:00:00+00:00, run_after=2024-03-07 00:00:00+00:00
[2024-03-08T00:20:08.840+0530] {processor.py:183} INFO - Processing /Users/anikbhowmick/Python/Big_Data_Assignment/A02/airflow_env/lib/python3.11/site-packages/airflow/example_dags/example_branch_operator.py took 0.101 seconds
[2024-03-08T00:23:56.989+0530] {processor.py:161} INFO - Started process (PID=2845) to work on /Users/anikbhowmick/Python/Big_Data_Assignment/A02/airflow_env/lib/python3.11/site-packages/airflow/example_dags/example_branch_operator.py
[2024-03-08T00:23:56.990+0530] {processor.py:830} INFO - Processing file /Users/anikbhowmick/Python/Big_Data_Assignment/A02/airflow_env/lib/python3.11/site-packages/airflow/example_dags/example_branch_operator.py for tasks to queue
[2024-03-08T00:23:56.990+0530] {logging_mixin.py:188} INFO - [2024-03-08T00:23:56.990+0530] {dagbag.py:540} INFO - Filling up the DagBag from /Users/anikbhowmick/Python/Big_Data_Assignment/A02/airflow_env/lib/python3.11/site-packages/airflow/example_dags/example_branch_operator.py
[2024-03-08T00:23:57.024+0530] {processor.py:840} INFO - DAG(s) 'example_branch_operator' retrieved from /Users/anikbhowmick/Python/Big_Data_Assignment/A02/airflow_env/lib/python3.11/site-packages/airflow/example_dags/example_branch_operator.py
[2024-03-08T00:23:57.081+0530] {logging_mixin.py:188} INFO - [2024-03-08T00:23:57.081+0530] {dag.py:3047} INFO - Sync 1 DAGs
[2024-03-08T00:23:57.086+0530] {logging_mixin.py:188} INFO - [2024-03-08T00:23:57.086+0530] {dag.py:3834} INFO - Setting next_dagrun for example_branch_operator to 2024-03-06 00:00:00+00:00, run_after=2024-03-07 00:00:00+00:00
[2024-03-08T00:23:57.092+0530] {processor.py:183} INFO - Processing /Users/anikbhowmick/Python/Big_Data_Assignment/A02/airflow_env/lib/python3.11/site-packages/airflow/example_dags/example_branch_operator.py took 0.104 seconds
[2024-03-08T00:26:44.837+0530] {processor.py:161} INFO - Started process (PID=3096) to work on /Users/anikbhowmick/Python/Big_Data_Assignment/A02/airflow_env/lib/python3.11/site-packages/airflow/example_dags/example_branch_operator.py
[2024-03-08T00:26:44.839+0530] {processor.py:830} INFO - Processing file /Users/anikbhowmick/Python/Big_Data_Assignment/A02/airflow_env/lib/python3.11/site-packages/airflow/example_dags/example_branch_operator.py for tasks to queue
[2024-03-08T00:26:44.839+0530] {logging_mixin.py:188} INFO - [2024-03-08T00:26:44.839+0530] {dagbag.py:540} INFO - Filling up the DagBag from /Users/anikbhowmick/Python/Big_Data_Assignment/A02/airflow_env/lib/python3.11/site-packages/airflow/example_dags/example_branch_operator.py
[2024-03-08T00:26:44.875+0530] {processor.py:840} INFO - DAG(s) 'example_branch_operator' retrieved from /Users/anikbhowmick/Python/Big_Data_Assignment/A02/airflow_env/lib/python3.11/site-packages/airflow/example_dags/example_branch_operator.py
[2024-03-08T00:26:44.931+0530] {logging_mixin.py:188} INFO - [2024-03-08T00:26:44.931+0530] {dag.py:3047} INFO - Sync 1 DAGs
[2024-03-08T00:26:44.936+0530] {logging_mixin.py:188} INFO - [2024-03-08T00:26:44.936+0530] {dag.py:3834} INFO - Setting next_dagrun for example_branch_operator to 2024-03-06 00:00:00+00:00, run_after=2024-03-07 00:00:00+00:00
[2024-03-08T00:26:44.942+0530] {processor.py:183} INFO - Processing /Users/anikbhowmick/Python/Big_Data_Assignment/A02/airflow_env/lib/python3.11/site-packages/airflow/example_dags/example_branch_operator.py took 0.105 seconds
[2024-03-08T00:29:01.778+0530] {processor.py:161} INFO - Started process (PID=3335) to work on /Users/anikbhowmick/Python/Big_Data_Assignment/A02/airflow_env/lib/python3.11/site-packages/airflow/example_dags/example_branch_operator.py
[2024-03-08T00:29:01.778+0530] {processor.py:830} INFO - Processing file /Users/anikbhowmick/Python/Big_Data_Assignment/A02/airflow_env/lib/python3.11/site-packages/airflow/example_dags/example_branch_operator.py for tasks to queue
[2024-03-08T00:29:01.778+0530] {logging_mixin.py:188} INFO - [2024-03-08T00:29:01.778+0530] {dagbag.py:540} INFO - Filling up the DagBag from /Users/anikbhowmick/Python/Big_Data_Assignment/A02/airflow_env/lib/python3.11/site-packages/airflow/example_dags/example_branch_operator.py
[2024-03-08T00:29:01.812+0530] {processor.py:840} INFO - DAG(s) 'example_branch_operator' retrieved from /Users/anikbhowmick/Python/Big_Data_Assignment/A02/airflow_env/lib/python3.11/site-packages/airflow/example_dags/example_branch_operator.py
[2024-03-08T00:29:01.868+0530] {logging_mixin.py:188} INFO - [2024-03-08T00:29:01.868+0530] {dag.py:3047} INFO - Sync 1 DAGs
[2024-03-08T00:29:01.873+0530] {logging_mixin.py:188} INFO - [2024-03-08T00:29:01.873+0530] {dag.py:3834} INFO - Setting next_dagrun for example_branch_operator to 2024-03-06 00:00:00+00:00, run_after=2024-03-07 00:00:00+00:00
[2024-03-08T00:29:01.879+0530] {processor.py:183} INFO - Processing /Users/anikbhowmick/Python/Big_Data_Assignment/A02/airflow_env/lib/python3.11/site-packages/airflow/example_dags/example_branch_operator.py took 0.101 seconds
[2024-03-08T00:30:58.676+0530] {processor.py:161} INFO - Started process (PID=3456) to work on /Users/anikbhowmick/Python/Big_Data_Assignment/A02/airflow_env/lib/python3.11/site-packages/airflow/example_dags/example_branch_operator.py
[2024-03-08T00:30:58.677+0530] {processor.py:830} INFO - Processing file /Users/anikbhowmick/Python/Big_Data_Assignment/A02/airflow_env/lib/python3.11/site-packages/airflow/example_dags/example_branch_operator.py for tasks to queue
[2024-03-08T00:30:58.677+0530] {logging_mixin.py:188} INFO - [2024-03-08T00:30:58.677+0530] {dagbag.py:540} INFO - Filling up the DagBag from /Users/anikbhowmick/Python/Big_Data_Assignment/A02/airflow_env/lib/python3.11/site-packages/airflow/example_dags/example_branch_operator.py
[2024-03-08T00:30:58.711+0530] {processor.py:840} INFO - DAG(s) 'example_branch_operator' retrieved from /Users/anikbhowmick/Python/Big_Data_Assignment/A02/airflow_env/lib/python3.11/site-packages/airflow/example_dags/example_branch_operator.py
[2024-03-08T00:30:58.766+0530] {logging_mixin.py:188} INFO - [2024-03-08T00:30:58.766+0530] {dag.py:3047} INFO - Sync 1 DAGs
[2024-03-08T00:30:58.771+0530] {logging_mixin.py:188} INFO - [2024-03-08T00:30:58.771+0530] {dag.py:3834} INFO - Setting next_dagrun for example_branch_operator to 2024-03-06 00:00:00+00:00, run_after=2024-03-07 00:00:00+00:00
[2024-03-08T00:30:58.778+0530] {processor.py:183} INFO - Processing /Users/anikbhowmick/Python/Big_Data_Assignment/A02/airflow_env/lib/python3.11/site-packages/airflow/example_dags/example_branch_operator.py took 0.102 seconds
[2024-03-08T00:33:00.107+0530] {processor.py:161} INFO - Started process (PID=3565) to work on /Users/anikbhowmick/Python/Big_Data_Assignment/A02/airflow_env/lib/python3.11/site-packages/airflow/example_dags/example_branch_operator.py
[2024-03-08T00:33:00.108+0530] {processor.py:830} INFO - Processing file /Users/anikbhowmick/Python/Big_Data_Assignment/A02/airflow_env/lib/python3.11/site-packages/airflow/example_dags/example_branch_operator.py for tasks to queue
[2024-03-08T00:33:00.108+0530] {logging_mixin.py:188} INFO - [2024-03-08T00:33:00.108+0530] {dagbag.py:540} INFO - Filling up the DagBag from /Users/anikbhowmick/Python/Big_Data_Assignment/A02/airflow_env/lib/python3.11/site-packages/airflow/example_dags/example_branch_operator.py
[2024-03-08T00:33:00.140+0530] {processor.py:840} INFO - DAG(s) 'example_branch_operator' retrieved from /Users/anikbhowmick/Python/Big_Data_Assignment/A02/airflow_env/lib/python3.11/site-packages/airflow/example_dags/example_branch_operator.py
[2024-03-08T00:33:00.195+0530] {logging_mixin.py:188} INFO - [2024-03-08T00:33:00.195+0530] {dag.py:3047} INFO - Sync 1 DAGs
[2024-03-08T00:33:00.200+0530] {logging_mixin.py:188} INFO - [2024-03-08T00:33:00.200+0530] {dag.py:3834} INFO - Setting next_dagrun for example_branch_operator to 2024-03-06 00:00:00+00:00, run_after=2024-03-07 00:00:00+00:00
[2024-03-08T00:33:00.206+0530] {processor.py:183} INFO - Processing /Users/anikbhowmick/Python/Big_Data_Assignment/A02/airflow_env/lib/python3.11/site-packages/airflow/example_dags/example_branch_operator.py took 0.100 seconds
[2024-03-08T00:34:56.648+0530] {processor.py:161} INFO - Started process (PID=3688) to work on /Users/anikbhowmick/Python/Big_Data_Assignment/A02/airflow_env/lib/python3.11/site-packages/airflow/example_dags/example_branch_operator.py
[2024-03-08T00:34:56.649+0530] {processor.py:830} INFO - Processing file /Users/anikbhowmick/Python/Big_Data_Assignment/A02/airflow_env/lib/python3.11/site-packages/airflow/example_dags/example_branch_operator.py for tasks to queue
[2024-03-08T00:34:56.649+0530] {logging_mixin.py:188} INFO - [2024-03-08T00:34:56.649+0530] {dagbag.py:540} INFO - Filling up the DagBag from /Users/anikbhowmick/Python/Big_Data_Assignment/A02/airflow_env/lib/python3.11/site-packages/airflow/example_dags/example_branch_operator.py
[2024-03-08T00:34:56.682+0530] {processor.py:840} INFO - DAG(s) 'example_branch_operator' retrieved from /Users/anikbhowmick/Python/Big_Data_Assignment/A02/airflow_env/lib/python3.11/site-packages/airflow/example_dags/example_branch_operator.py
[2024-03-08T00:34:56.737+0530] {logging_mixin.py:188} INFO - [2024-03-08T00:34:56.737+0530] {dag.py:3047} INFO - Sync 1 DAGs
[2024-03-08T00:34:56.742+0530] {logging_mixin.py:188} INFO - [2024-03-08T00:34:56.742+0530] {dag.py:3834} INFO - Setting next_dagrun for example_branch_operator to 2024-03-06 00:00:00+00:00, run_after=2024-03-07 00:00:00+00:00
[2024-03-08T00:34:56.749+0530] {processor.py:183} INFO - Processing /Users/anikbhowmick/Python/Big_Data_Assignment/A02/airflow_env/lib/python3.11/site-packages/airflow/example_dags/example_branch_operator.py took 0.101 seconds
[2024-03-08T00:36:51.278+0530] {processor.py:161} INFO - Started process (PID=3786) to work on /Users/anikbhowmick/Python/Big_Data_Assignment/A02/airflow_env/lib/python3.11/site-packages/airflow/example_dags/example_branch_operator.py
[2024-03-08T00:36:51.279+0530] {processor.py:830} INFO - Processing file /Users/anikbhowmick/Python/Big_Data_Assignment/A02/airflow_env/lib/python3.11/site-packages/airflow/example_dags/example_branch_operator.py for tasks to queue
[2024-03-08T00:36:51.279+0530] {logging_mixin.py:188} INFO - [2024-03-08T00:36:51.279+0530] {dagbag.py:540} INFO - Filling up the DagBag from /Users/anikbhowmick/Python/Big_Data_Assignment/A02/airflow_env/lib/python3.11/site-packages/airflow/example_dags/example_branch_operator.py
[2024-03-08T00:36:51.315+0530] {processor.py:840} INFO - DAG(s) 'example_branch_operator' retrieved from /Users/anikbhowmick/Python/Big_Data_Assignment/A02/airflow_env/lib/python3.11/site-packages/airflow/example_dags/example_branch_operator.py
[2024-03-08T00:36:51.372+0530] {logging_mixin.py:188} INFO - [2024-03-08T00:36:51.372+0530] {dag.py:3047} INFO - Sync 1 DAGs
[2024-03-08T00:36:51.378+0530] {logging_mixin.py:188} INFO - [2024-03-08T00:36:51.378+0530] {dag.py:3834} INFO - Setting next_dagrun for example_branch_operator to 2024-03-06 00:00:00+00:00, run_after=2024-03-07 00:00:00+00:00
[2024-03-08T00:36:51.384+0530] {processor.py:183} INFO - Processing /Users/anikbhowmick/Python/Big_Data_Assignment/A02/airflow_env/lib/python3.11/site-packages/airflow/example_dags/example_branch_operator.py took 0.106 seconds
[2024-03-08T00:38:44.590+0530] {processor.py:161} INFO - Started process (PID=3858) to work on /Users/anikbhowmick/Python/Big_Data_Assignment/A02/airflow_env/lib/python3.11/site-packages/airflow/example_dags/example_branch_operator.py
[2024-03-08T00:38:44.591+0530] {processor.py:830} INFO - Processing file /Users/anikbhowmick/Python/Big_Data_Assignment/A02/airflow_env/lib/python3.11/site-packages/airflow/example_dags/example_branch_operator.py for tasks to queue
[2024-03-08T00:38:44.591+0530] {logging_mixin.py:188} INFO - [2024-03-08T00:38:44.591+0530] {dagbag.py:540} INFO - Filling up the DagBag from /Users/anikbhowmick/Python/Big_Data_Assignment/A02/airflow_env/lib/python3.11/site-packages/airflow/example_dags/example_branch_operator.py
[2024-03-08T00:38:44.624+0530] {processor.py:840} INFO - DAG(s) 'example_branch_operator' retrieved from /Users/anikbhowmick/Python/Big_Data_Assignment/A02/airflow_env/lib/python3.11/site-packages/airflow/example_dags/example_branch_operator.py
[2024-03-08T00:38:44.679+0530] {logging_mixin.py:188} INFO - [2024-03-08T00:38:44.679+0530] {dag.py:3047} INFO - Sync 1 DAGs
[2024-03-08T00:38:44.684+0530] {logging_mixin.py:188} INFO - [2024-03-08T00:38:44.684+0530] {dag.py:3834} INFO - Setting next_dagrun for example_branch_operator to 2024-03-06 00:00:00+00:00, run_after=2024-03-07 00:00:00+00:00
[2024-03-08T00:38:44.691+0530] {processor.py:183} INFO - Processing /Users/anikbhowmick/Python/Big_Data_Assignment/A02/airflow_env/lib/python3.11/site-packages/airflow/example_dags/example_branch_operator.py took 0.101 seconds
[2024-03-08T00:40:42.303+0530] {processor.py:161} INFO - Started process (PID=3941) to work on /Users/anikbhowmick/Python/Big_Data_Assignment/A02/airflow_env/lib/python3.11/site-packages/airflow/example_dags/example_branch_operator.py
[2024-03-08T00:40:42.305+0530] {processor.py:830} INFO - Processing file /Users/anikbhowmick/Python/Big_Data_Assignment/A02/airflow_env/lib/python3.11/site-packages/airflow/example_dags/example_branch_operator.py for tasks to queue
[2024-03-08T00:40:42.305+0530] {logging_mixin.py:188} INFO - [2024-03-08T00:40:42.305+0530] {dagbag.py:540} INFO - Filling up the DagBag from /Users/anikbhowmick/Python/Big_Data_Assignment/A02/airflow_env/lib/python3.11/site-packages/airflow/example_dags/example_branch_operator.py
[2024-03-08T00:40:42.338+0530] {processor.py:840} INFO - DAG(s) 'example_branch_operator' retrieved from /Users/anikbhowmick/Python/Big_Data_Assignment/A02/airflow_env/lib/python3.11/site-packages/airflow/example_dags/example_branch_operator.py
[2024-03-08T00:40:42.393+0530] {logging_mixin.py:188} INFO - [2024-03-08T00:40:42.393+0530] {dag.py:3047} INFO - Sync 1 DAGs
[2024-03-08T00:40:42.399+0530] {logging_mixin.py:188} INFO - [2024-03-08T00:40:42.399+0530] {dag.py:3834} INFO - Setting next_dagrun for example_branch_operator to 2024-03-06 00:00:00+00:00, run_after=2024-03-07 00:00:00+00:00
[2024-03-08T00:40:42.405+0530] {processor.py:183} INFO - Processing /Users/anikbhowmick/Python/Big_Data_Assignment/A02/airflow_env/lib/python3.11/site-packages/airflow/example_dags/example_branch_operator.py took 0.102 seconds
