[2024-03-08T00:13:24.322+0530] {processor.py:161} INFO - Started process (PID=2073) to work on /Users/anikbhowmick/Python/Big_Data_Assignment/A02/airflow_env/lib/python3.11/site-packages/airflow/example_dags/example_latest_only.py
[2024-03-08T00:13:24.323+0530] {processor.py:830} INFO - Processing file /Users/anikbhowmick/Python/Big_Data_Assignment/A02/airflow_env/lib/python3.11/site-packages/airflow/example_dags/example_latest_only.py for tasks to queue
[2024-03-08T00:13:24.323+0530] {logging_mixin.py:188} INFO - [2024-03-08T00:13:24.323+0530] {dagbag.py:540} INFO - Filling up the DagBag from /Users/anikbhowmick/Python/Big_Data_Assignment/A02/airflow_env/lib/python3.11/site-packages/airflow/example_dags/example_latest_only.py
[2024-03-08T00:13:24.348+0530] {processor.py:840} INFO - DAG(s) 'latest_only' retrieved from /Users/anikbhowmick/Python/Big_Data_Assignment/A02/airflow_env/lib/python3.11/site-packages/airflow/example_dags/example_latest_only.py
[2024-03-08T00:13:24.377+0530] {logging_mixin.py:188} INFO - [2024-03-08T00:13:24.377+0530] {dag.py:3047} INFO - Sync 1 DAGs
[2024-03-08T00:13:24.382+0530] {logging_mixin.py:188} INFO - [2024-03-08T00:13:24.382+0530] {dag.py:3834} INFO - Setting next_dagrun for latest_only to 2024-03-07 12:00:00+00:00, run_after=2024-03-07 16:00:00+00:00
[2024-03-08T00:13:24.388+0530] {processor.py:183} INFO - Processing /Users/anikbhowmick/Python/Big_Data_Assignment/A02/airflow_env/lib/python3.11/site-packages/airflow/example_dags/example_latest_only.py took 0.067 seconds
[2024-03-08T00:14:14.689+0530] {processor.py:161} INFO - Started process (PID=2131) to work on /Users/anikbhowmick/Python/Big_Data_Assignment/A02/airflow_env/lib/python3.11/site-packages/airflow/example_dags/example_latest_only.py
[2024-03-08T00:14:14.690+0530] {processor.py:830} INFO - Processing file /Users/anikbhowmick/Python/Big_Data_Assignment/A02/airflow_env/lib/python3.11/site-packages/airflow/example_dags/example_latest_only.py for tasks to queue
[2024-03-08T00:14:14.691+0530] {logging_mixin.py:188} INFO - [2024-03-08T00:14:14.690+0530] {dagbag.py:540} INFO - Filling up the DagBag from /Users/anikbhowmick/Python/Big_Data_Assignment/A02/airflow_env/lib/python3.11/site-packages/airflow/example_dags/example_latest_only.py
[2024-03-08T00:14:14.715+0530] {processor.py:840} INFO - DAG(s) 'latest_only' retrieved from /Users/anikbhowmick/Python/Big_Data_Assignment/A02/airflow_env/lib/python3.11/site-packages/airflow/example_dags/example_latest_only.py
[2024-03-08T00:14:14.744+0530] {logging_mixin.py:188} INFO - [2024-03-08T00:14:14.744+0530] {dag.py:3047} INFO - Sync 1 DAGs
[2024-03-08T00:14:14.750+0530] {logging_mixin.py:188} INFO - [2024-03-08T00:14:14.750+0530] {dag.py:3834} INFO - Setting next_dagrun for latest_only to 2024-03-07 12:00:00+00:00, run_after=2024-03-07 16:00:00+00:00
[2024-03-08T00:14:14.755+0530] {processor.py:183} INFO - Processing /Users/anikbhowmick/Python/Big_Data_Assignment/A02/airflow_env/lib/python3.11/site-packages/airflow/example_dags/example_latest_only.py took 0.067 seconds
[2024-03-08T00:15:13.020+0530] {processor.py:161} INFO - Started process (PID=2193) to work on /Users/anikbhowmick/Python/Big_Data_Assignment/A02/airflow_env/lib/python3.11/site-packages/airflow/example_dags/example_latest_only.py
[2024-03-08T00:15:13.021+0530] {processor.py:830} INFO - Processing file /Users/anikbhowmick/Python/Big_Data_Assignment/A02/airflow_env/lib/python3.11/site-packages/airflow/example_dags/example_latest_only.py for tasks to queue
[2024-03-08T00:15:13.022+0530] {logging_mixin.py:188} INFO - [2024-03-08T00:15:13.022+0530] {dagbag.py:540} INFO - Filling up the DagBag from /Users/anikbhowmick/Python/Big_Data_Assignment/A02/airflow_env/lib/python3.11/site-packages/airflow/example_dags/example_latest_only.py
[2024-03-08T00:15:13.047+0530] {processor.py:840} INFO - DAG(s) 'latest_only' retrieved from /Users/anikbhowmick/Python/Big_Data_Assignment/A02/airflow_env/lib/python3.11/site-packages/airflow/example_dags/example_latest_only.py
[2024-03-08T00:15:13.077+0530] {logging_mixin.py:188} INFO - [2024-03-08T00:15:13.077+0530] {dag.py:3047} INFO - Sync 1 DAGs
[2024-03-08T00:15:13.083+0530] {logging_mixin.py:188} INFO - [2024-03-08T00:15:13.083+0530] {dag.py:3834} INFO - Setting next_dagrun for latest_only to 2024-03-07 12:00:00+00:00, run_after=2024-03-07 16:00:00+00:00
[2024-03-08T00:15:13.089+0530] {processor.py:183} INFO - Processing /Users/anikbhowmick/Python/Big_Data_Assignment/A02/airflow_env/lib/python3.11/site-packages/airflow/example_dags/example_latest_only.py took 0.069 seconds
[2024-03-08T00:16:12.258+0530] {processor.py:161} INFO - Started process (PID=2256) to work on /Users/anikbhowmick/Python/Big_Data_Assignment/A02/airflow_env/lib/python3.11/site-packages/airflow/example_dags/example_latest_only.py
[2024-03-08T00:16:12.259+0530] {processor.py:830} INFO - Processing file /Users/anikbhowmick/Python/Big_Data_Assignment/A02/airflow_env/lib/python3.11/site-packages/airflow/example_dags/example_latest_only.py for tasks to queue
[2024-03-08T00:16:12.259+0530] {logging_mixin.py:188} INFO - [2024-03-08T00:16:12.259+0530] {dagbag.py:540} INFO - Filling up the DagBag from /Users/anikbhowmick/Python/Big_Data_Assignment/A02/airflow_env/lib/python3.11/site-packages/airflow/example_dags/example_latest_only.py
[2024-03-08T00:16:12.283+0530] {processor.py:840} INFO - DAG(s) 'latest_only' retrieved from /Users/anikbhowmick/Python/Big_Data_Assignment/A02/airflow_env/lib/python3.11/site-packages/airflow/example_dags/example_latest_only.py
[2024-03-08T00:16:12.311+0530] {logging_mixin.py:188} INFO - [2024-03-08T00:16:12.311+0530] {dag.py:3047} INFO - Sync 1 DAGs
[2024-03-08T00:16:12.317+0530] {logging_mixin.py:188} INFO - [2024-03-08T00:16:12.317+0530] {dag.py:3834} INFO - Setting next_dagrun for latest_only to 2024-03-07 12:00:00+00:00, run_after=2024-03-07 16:00:00+00:00
[2024-03-08T00:16:12.323+0530] {processor.py:183} INFO - Processing /Users/anikbhowmick/Python/Big_Data_Assignment/A02/airflow_env/lib/python3.11/site-packages/airflow/example_dags/example_latest_only.py took 0.065 seconds
[2024-03-08T00:17:11.541+0530] {processor.py:161} INFO - Started process (PID=2332) to work on /Users/anikbhowmick/Python/Big_Data_Assignment/A02/airflow_env/lib/python3.11/site-packages/airflow/example_dags/example_latest_only.py
[2024-03-08T00:17:11.542+0530] {processor.py:830} INFO - Processing file /Users/anikbhowmick/Python/Big_Data_Assignment/A02/airflow_env/lib/python3.11/site-packages/airflow/example_dags/example_latest_only.py for tasks to queue
[2024-03-08T00:17:11.543+0530] {logging_mixin.py:188} INFO - [2024-03-08T00:17:11.542+0530] {dagbag.py:540} INFO - Filling up the DagBag from /Users/anikbhowmick/Python/Big_Data_Assignment/A02/airflow_env/lib/python3.11/site-packages/airflow/example_dags/example_latest_only.py
[2024-03-08T00:17:11.567+0530] {processor.py:840} INFO - DAG(s) 'latest_only' retrieved from /Users/anikbhowmick/Python/Big_Data_Assignment/A02/airflow_env/lib/python3.11/site-packages/airflow/example_dags/example_latest_only.py
[2024-03-08T00:17:11.595+0530] {logging_mixin.py:188} INFO - [2024-03-08T00:17:11.595+0530] {dag.py:3047} INFO - Sync 1 DAGs
[2024-03-08T00:17:11.601+0530] {logging_mixin.py:188} INFO - [2024-03-08T00:17:11.601+0530] {dag.py:3834} INFO - Setting next_dagrun for latest_only to 2024-03-07 12:00:00+00:00, run_after=2024-03-07 16:00:00+00:00
[2024-03-08T00:17:11.607+0530] {processor.py:183} INFO - Processing /Users/anikbhowmick/Python/Big_Data_Assignment/A02/airflow_env/lib/python3.11/site-packages/airflow/example_dags/example_latest_only.py took 0.066 seconds
[2024-03-08T00:19:56.367+0530] {processor.py:161} INFO - Started process (PID=2604) to work on /Users/anikbhowmick/Python/Big_Data_Assignment/A02/airflow_env/lib/python3.11/site-packages/airflow/example_dags/example_latest_only.py
[2024-03-08T00:19:56.367+0530] {processor.py:830} INFO - Processing file /Users/anikbhowmick/Python/Big_Data_Assignment/A02/airflow_env/lib/python3.11/site-packages/airflow/example_dags/example_latest_only.py for tasks to queue
[2024-03-08T00:19:56.368+0530] {logging_mixin.py:188} INFO - [2024-03-08T00:19:56.368+0530] {dagbag.py:540} INFO - Filling up the DagBag from /Users/anikbhowmick/Python/Big_Data_Assignment/A02/airflow_env/lib/python3.11/site-packages/airflow/example_dags/example_latest_only.py
[2024-03-08T00:19:56.394+0530] {processor.py:840} INFO - DAG(s) 'latest_only' retrieved from /Users/anikbhowmick/Python/Big_Data_Assignment/A02/airflow_env/lib/python3.11/site-packages/airflow/example_dags/example_latest_only.py
[2024-03-08T00:19:56.424+0530] {logging_mixin.py:188} INFO - [2024-03-08T00:19:56.424+0530] {dag.py:3047} INFO - Sync 1 DAGs
[2024-03-08T00:19:56.429+0530] {logging_mixin.py:188} INFO - [2024-03-08T00:19:56.429+0530] {dag.py:3834} INFO - Setting next_dagrun for latest_only to 2024-03-07 12:00:00+00:00, run_after=2024-03-07 16:00:00+00:00
[2024-03-08T00:19:56.435+0530] {processor.py:183} INFO - Processing /Users/anikbhowmick/Python/Big_Data_Assignment/A02/airflow_env/lib/python3.11/site-packages/airflow/example_dags/example_latest_only.py took 0.069 seconds
[2024-03-08T00:23:47.682+0530] {processor.py:161} INFO - Started process (PID=2830) to work on /Users/anikbhowmick/Python/Big_Data_Assignment/A02/airflow_env/lib/python3.11/site-packages/airflow/example_dags/example_latest_only.py
[2024-03-08T00:23:47.683+0530] {processor.py:830} INFO - Processing file /Users/anikbhowmick/Python/Big_Data_Assignment/A02/airflow_env/lib/python3.11/site-packages/airflow/example_dags/example_latest_only.py for tasks to queue
[2024-03-08T00:23:47.683+0530] {logging_mixin.py:188} INFO - [2024-03-08T00:23:47.683+0530] {dagbag.py:540} INFO - Filling up the DagBag from /Users/anikbhowmick/Python/Big_Data_Assignment/A02/airflow_env/lib/python3.11/site-packages/airflow/example_dags/example_latest_only.py
[2024-03-08T00:23:47.708+0530] {processor.py:840} INFO - DAG(s) 'latest_only' retrieved from /Users/anikbhowmick/Python/Big_Data_Assignment/A02/airflow_env/lib/python3.11/site-packages/airflow/example_dags/example_latest_only.py
[2024-03-08T00:23:47.737+0530] {logging_mixin.py:188} INFO - [2024-03-08T00:23:47.737+0530] {dag.py:3047} INFO - Sync 1 DAGs
[2024-03-08T00:23:47.742+0530] {logging_mixin.py:188} INFO - [2024-03-08T00:23:47.742+0530] {dag.py:3834} INFO - Setting next_dagrun for latest_only to 2024-03-07 12:00:00+00:00, run_after=2024-03-07 16:00:00+00:00
[2024-03-08T00:23:47.748+0530] {processor.py:183} INFO - Processing /Users/anikbhowmick/Python/Big_Data_Assignment/A02/airflow_env/lib/python3.11/site-packages/airflow/example_dags/example_latest_only.py took 0.067 seconds
[2024-03-08T00:24:39.169+0530] {processor.py:161} INFO - Started process (PID=2912) to work on /Users/anikbhowmick/Python/Big_Data_Assignment/A02/airflow_env/lib/python3.11/site-packages/airflow/example_dags/example_latest_only.py
[2024-03-08T00:24:39.172+0530] {processor.py:830} INFO - Processing file /Users/anikbhowmick/Python/Big_Data_Assignment/A02/airflow_env/lib/python3.11/site-packages/airflow/example_dags/example_latest_only.py for tasks to queue
[2024-03-08T00:24:39.172+0530] {logging_mixin.py:188} INFO - [2024-03-08T00:24:39.172+0530] {dagbag.py:540} INFO - Filling up the DagBag from /Users/anikbhowmick/Python/Big_Data_Assignment/A02/airflow_env/lib/python3.11/site-packages/airflow/example_dags/example_latest_only.py
[2024-03-08T00:24:39.199+0530] {processor.py:840} INFO - DAG(s) 'latest_only' retrieved from /Users/anikbhowmick/Python/Big_Data_Assignment/A02/airflow_env/lib/python3.11/site-packages/airflow/example_dags/example_latest_only.py
[2024-03-08T00:24:39.228+0530] {logging_mixin.py:188} INFO - [2024-03-08T00:24:39.227+0530] {dag.py:3047} INFO - Sync 1 DAGs
[2024-03-08T00:24:39.233+0530] {logging_mixin.py:188} INFO - [2024-03-08T00:24:39.233+0530] {dag.py:3834} INFO - Setting next_dagrun for latest_only to 2024-03-07 12:00:00+00:00, run_after=2024-03-07 16:00:00+00:00
[2024-03-08T00:24:39.240+0530] {processor.py:183} INFO - Processing /Users/anikbhowmick/Python/Big_Data_Assignment/A02/airflow_env/lib/python3.11/site-packages/airflow/example_dags/example_latest_only.py took 0.071 seconds
[2024-03-08T00:26:27.228+0530] {processor.py:161} INFO - Started process (PID=3078) to work on /Users/anikbhowmick/Python/Big_Data_Assignment/A02/airflow_env/lib/python3.11/site-packages/airflow/example_dags/example_latest_only.py
[2024-03-08T00:26:27.228+0530] {processor.py:830} INFO - Processing file /Users/anikbhowmick/Python/Big_Data_Assignment/A02/airflow_env/lib/python3.11/site-packages/airflow/example_dags/example_latest_only.py for tasks to queue
[2024-03-08T00:26:27.229+0530] {logging_mixin.py:188} INFO - [2024-03-08T00:26:27.229+0530] {dagbag.py:540} INFO - Filling up the DagBag from /Users/anikbhowmick/Python/Big_Data_Assignment/A02/airflow_env/lib/python3.11/site-packages/airflow/example_dags/example_latest_only.py
[2024-03-08T00:26:27.254+0530] {processor.py:840} INFO - DAG(s) 'latest_only' retrieved from /Users/anikbhowmick/Python/Big_Data_Assignment/A02/airflow_env/lib/python3.11/site-packages/airflow/example_dags/example_latest_only.py
[2024-03-08T00:26:27.285+0530] {logging_mixin.py:188} INFO - [2024-03-08T00:26:27.285+0530] {dag.py:3047} INFO - Sync 1 DAGs
[2024-03-08T00:26:27.291+0530] {logging_mixin.py:188} INFO - [2024-03-08T00:26:27.291+0530] {dag.py:3834} INFO - Setting next_dagrun for latest_only to 2024-03-07 12:00:00+00:00, run_after=2024-03-07 16:00:00+00:00
[2024-03-08T00:26:27.297+0530] {processor.py:183} INFO - Processing /Users/anikbhowmick/Python/Big_Data_Assignment/A02/airflow_env/lib/python3.11/site-packages/airflow/example_dags/example_latest_only.py took 0.070 seconds
[2024-03-08T00:28:43.881+0530] {processor.py:161} INFO - Started process (PID=3322) to work on /Users/anikbhowmick/Python/Big_Data_Assignment/A02/airflow_env/lib/python3.11/site-packages/airflow/example_dags/example_latest_only.py
[2024-03-08T00:28:43.883+0530] {processor.py:830} INFO - Processing file /Users/anikbhowmick/Python/Big_Data_Assignment/A02/airflow_env/lib/python3.11/site-packages/airflow/example_dags/example_latest_only.py for tasks to queue
[2024-03-08T00:28:43.883+0530] {logging_mixin.py:188} INFO - [2024-03-08T00:28:43.883+0530] {dagbag.py:540} INFO - Filling up the DagBag from /Users/anikbhowmick/Python/Big_Data_Assignment/A02/airflow_env/lib/python3.11/site-packages/airflow/example_dags/example_latest_only.py
[2024-03-08T00:28:43.908+0530] {processor.py:840} INFO - DAG(s) 'latest_only' retrieved from /Users/anikbhowmick/Python/Big_Data_Assignment/A02/airflow_env/lib/python3.11/site-packages/airflow/example_dags/example_latest_only.py
[2024-03-08T00:28:43.937+0530] {logging_mixin.py:188} INFO - [2024-03-08T00:28:43.937+0530] {dag.py:3047} INFO - Sync 1 DAGs
[2024-03-08T00:28:43.943+0530] {logging_mixin.py:188} INFO - [2024-03-08T00:28:43.943+0530] {dag.py:3834} INFO - Setting next_dagrun for latest_only to 2024-03-07 12:00:00+00:00, run_after=2024-03-07 16:00:00+00:00
[2024-03-08T00:28:43.949+0530] {processor.py:183} INFO - Processing /Users/anikbhowmick/Python/Big_Data_Assignment/A02/airflow_env/lib/python3.11/site-packages/airflow/example_dags/example_latest_only.py took 0.068 seconds
[2024-03-08T00:30:40.451+0530] {processor.py:161} INFO - Started process (PID=3409) to work on /Users/anikbhowmick/Python/Big_Data_Assignment/A02/airflow_env/lib/python3.11/site-packages/airflow/example_dags/example_latest_only.py
[2024-03-08T00:30:40.454+0530] {processor.py:830} INFO - Processing file /Users/anikbhowmick/Python/Big_Data_Assignment/A02/airflow_env/lib/python3.11/site-packages/airflow/example_dags/example_latest_only.py for tasks to queue
[2024-03-08T00:30:40.454+0530] {logging_mixin.py:188} INFO - [2024-03-08T00:30:40.454+0530] {dagbag.py:540} INFO - Filling up the DagBag from /Users/anikbhowmick/Python/Big_Data_Assignment/A02/airflow_env/lib/python3.11/site-packages/airflow/example_dags/example_latest_only.py
[2024-03-08T00:30:40.479+0530] {processor.py:840} INFO - DAG(s) 'latest_only' retrieved from /Users/anikbhowmick/Python/Big_Data_Assignment/A02/airflow_env/lib/python3.11/site-packages/airflow/example_dags/example_latest_only.py
[2024-03-08T00:30:40.507+0530] {logging_mixin.py:188} INFO - [2024-03-08T00:30:40.507+0530] {dag.py:3047} INFO - Sync 1 DAGs
[2024-03-08T00:30:40.513+0530] {logging_mixin.py:188} INFO - [2024-03-08T00:30:40.513+0530] {dag.py:3834} INFO - Setting next_dagrun for latest_only to 2024-03-07 12:00:00+00:00, run_after=2024-03-07 16:00:00+00:00
[2024-03-08T00:30:40.519+0530] {processor.py:183} INFO - Processing /Users/anikbhowmick/Python/Big_Data_Assignment/A02/airflow_env/lib/python3.11/site-packages/airflow/example_dags/example_latest_only.py took 0.068 seconds
[2024-03-08T00:32:43.425+0530] {processor.py:161} INFO - Started process (PID=3555) to work on /Users/anikbhowmick/Python/Big_Data_Assignment/A02/airflow_env/lib/python3.11/site-packages/airflow/example_dags/example_latest_only.py
[2024-03-08T00:32:43.425+0530] {processor.py:830} INFO - Processing file /Users/anikbhowmick/Python/Big_Data_Assignment/A02/airflow_env/lib/python3.11/site-packages/airflow/example_dags/example_latest_only.py for tasks to queue
[2024-03-08T00:32:43.426+0530] {logging_mixin.py:188} INFO - [2024-03-08T00:32:43.425+0530] {dagbag.py:540} INFO - Filling up the DagBag from /Users/anikbhowmick/Python/Big_Data_Assignment/A02/airflow_env/lib/python3.11/site-packages/airflow/example_dags/example_latest_only.py
[2024-03-08T00:32:43.457+0530] {processor.py:840} INFO - DAG(s) 'latest_only' retrieved from /Users/anikbhowmick/Python/Big_Data_Assignment/A02/airflow_env/lib/python3.11/site-packages/airflow/example_dags/example_latest_only.py
[2024-03-08T00:32:43.489+0530] {logging_mixin.py:188} INFO - [2024-03-08T00:32:43.489+0530] {dag.py:3047} INFO - Sync 1 DAGs
[2024-03-08T00:32:43.495+0530] {logging_mixin.py:188} INFO - [2024-03-08T00:32:43.495+0530] {dag.py:3834} INFO - Setting next_dagrun for latest_only to 2024-03-07 12:00:00+00:00, run_after=2024-03-07 16:00:00+00:00
[2024-03-08T00:32:43.501+0530] {processor.py:183} INFO - Processing /Users/anikbhowmick/Python/Big_Data_Assignment/A02/airflow_env/lib/python3.11/site-packages/airflow/example_dags/example_latest_only.py took 0.076 seconds
[2024-03-08T00:34:39.964+0530] {processor.py:161} INFO - Started process (PID=3677) to work on /Users/anikbhowmick/Python/Big_Data_Assignment/A02/airflow_env/lib/python3.11/site-packages/airflow/example_dags/example_latest_only.py
[2024-03-08T00:34:39.965+0530] {processor.py:830} INFO - Processing file /Users/anikbhowmick/Python/Big_Data_Assignment/A02/airflow_env/lib/python3.11/site-packages/airflow/example_dags/example_latest_only.py for tasks to queue
[2024-03-08T00:34:39.965+0530] {logging_mixin.py:188} INFO - [2024-03-08T00:34:39.965+0530] {dagbag.py:540} INFO - Filling up the DagBag from /Users/anikbhowmick/Python/Big_Data_Assignment/A02/airflow_env/lib/python3.11/site-packages/airflow/example_dags/example_latest_only.py
[2024-03-08T00:34:39.991+0530] {processor.py:840} INFO - DAG(s) 'latest_only' retrieved from /Users/anikbhowmick/Python/Big_Data_Assignment/A02/airflow_env/lib/python3.11/site-packages/airflow/example_dags/example_latest_only.py
[2024-03-08T00:34:40.020+0530] {logging_mixin.py:188} INFO - [2024-03-08T00:34:40.020+0530] {dag.py:3047} INFO - Sync 1 DAGs
[2024-03-08T00:34:40.025+0530] {logging_mixin.py:188} INFO - [2024-03-08T00:34:40.025+0530] {dag.py:3834} INFO - Setting next_dagrun for latest_only to 2024-03-07 12:00:00+00:00, run_after=2024-03-07 16:00:00+00:00
[2024-03-08T00:34:40.031+0530] {processor.py:183} INFO - Processing /Users/anikbhowmick/Python/Big_Data_Assignment/A02/airflow_env/lib/python3.11/site-packages/airflow/example_dags/example_latest_only.py took 0.068 seconds
[2024-03-08T00:36:33.214+0530] {processor.py:161} INFO - Started process (PID=3764) to work on /Users/anikbhowmick/Python/Big_Data_Assignment/A02/airflow_env/lib/python3.11/site-packages/airflow/example_dags/example_latest_only.py
[2024-03-08T00:36:33.215+0530] {processor.py:830} INFO - Processing file /Users/anikbhowmick/Python/Big_Data_Assignment/A02/airflow_env/lib/python3.11/site-packages/airflow/example_dags/example_latest_only.py for tasks to queue
[2024-03-08T00:36:33.216+0530] {logging_mixin.py:188} INFO - [2024-03-08T00:36:33.215+0530] {dagbag.py:540} INFO - Filling up the DagBag from /Users/anikbhowmick/Python/Big_Data_Assignment/A02/airflow_env/lib/python3.11/site-packages/airflow/example_dags/example_latest_only.py
[2024-03-08T00:36:33.239+0530] {processor.py:840} INFO - DAG(s) 'latest_only' retrieved from /Users/anikbhowmick/Python/Big_Data_Assignment/A02/airflow_env/lib/python3.11/site-packages/airflow/example_dags/example_latest_only.py
[2024-03-08T00:36:33.267+0530] {logging_mixin.py:188} INFO - [2024-03-08T00:36:33.267+0530] {dag.py:3047} INFO - Sync 1 DAGs
[2024-03-08T00:36:33.273+0530] {logging_mixin.py:188} INFO - [2024-03-08T00:36:33.273+0530] {dag.py:3834} INFO - Setting next_dagrun for latest_only to 2024-03-07 12:00:00+00:00, run_after=2024-03-07 16:00:00+00:00
[2024-03-08T00:36:33.279+0530] {processor.py:183} INFO - Processing /Users/anikbhowmick/Python/Big_Data_Assignment/A02/airflow_env/lib/python3.11/site-packages/airflow/example_dags/example_latest_only.py took 0.065 seconds
[2024-03-08T00:38:28.121+0530] {processor.py:161} INFO - Started process (PID=3844) to work on /Users/anikbhowmick/Python/Big_Data_Assignment/A02/airflow_env/lib/python3.11/site-packages/airflow/example_dags/example_latest_only.py
[2024-03-08T00:38:28.122+0530] {processor.py:830} INFO - Processing file /Users/anikbhowmick/Python/Big_Data_Assignment/A02/airflow_env/lib/python3.11/site-packages/airflow/example_dags/example_latest_only.py for tasks to queue
[2024-03-08T00:38:28.123+0530] {logging_mixin.py:188} INFO - [2024-03-08T00:38:28.123+0530] {dagbag.py:540} INFO - Filling up the DagBag from /Users/anikbhowmick/Python/Big_Data_Assignment/A02/airflow_env/lib/python3.11/site-packages/airflow/example_dags/example_latest_only.py
[2024-03-08T00:38:28.146+0530] {processor.py:840} INFO - DAG(s) 'latest_only' retrieved from /Users/anikbhowmick/Python/Big_Data_Assignment/A02/airflow_env/lib/python3.11/site-packages/airflow/example_dags/example_latest_only.py
[2024-03-08T00:38:28.175+0530] {logging_mixin.py:188} INFO - [2024-03-08T00:38:28.174+0530] {dag.py:3047} INFO - Sync 1 DAGs
[2024-03-08T00:38:28.180+0530] {logging_mixin.py:188} INFO - [2024-03-08T00:38:28.180+0530] {dag.py:3834} INFO - Setting next_dagrun for latest_only to 2024-03-07 12:00:00+00:00, run_after=2024-03-07 16:00:00+00:00
[2024-03-08T00:38:28.186+0530] {processor.py:183} INFO - Processing /Users/anikbhowmick/Python/Big_Data_Assignment/A02/airflow_env/lib/python3.11/site-packages/airflow/example_dags/example_latest_only.py took 0.065 seconds
[2024-03-08T00:40:27.200+0530] {processor.py:161} INFO - Started process (PID=3930) to work on /Users/anikbhowmick/Python/Big_Data_Assignment/A02/airflow_env/lib/python3.11/site-packages/airflow/example_dags/example_latest_only.py
[2024-03-08T00:40:27.201+0530] {processor.py:830} INFO - Processing file /Users/anikbhowmick/Python/Big_Data_Assignment/A02/airflow_env/lib/python3.11/site-packages/airflow/example_dags/example_latest_only.py for tasks to queue
[2024-03-08T00:40:27.201+0530] {logging_mixin.py:188} INFO - [2024-03-08T00:40:27.201+0530] {dagbag.py:540} INFO - Filling up the DagBag from /Users/anikbhowmick/Python/Big_Data_Assignment/A02/airflow_env/lib/python3.11/site-packages/airflow/example_dags/example_latest_only.py
[2024-03-08T00:40:27.225+0530] {processor.py:840} INFO - DAG(s) 'latest_only' retrieved from /Users/anikbhowmick/Python/Big_Data_Assignment/A02/airflow_env/lib/python3.11/site-packages/airflow/example_dags/example_latest_only.py
[2024-03-08T00:40:27.254+0530] {logging_mixin.py:188} INFO - [2024-03-08T00:40:27.254+0530] {dag.py:3047} INFO - Sync 1 DAGs
[2024-03-08T00:40:27.260+0530] {logging_mixin.py:188} INFO - [2024-03-08T00:40:27.259+0530] {dag.py:3834} INFO - Setting next_dagrun for latest_only to 2024-03-07 12:00:00+00:00, run_after=2024-03-07 16:00:00+00:00
[2024-03-08T00:40:27.266+0530] {processor.py:183} INFO - Processing /Users/anikbhowmick/Python/Big_Data_Assignment/A02/airflow_env/lib/python3.11/site-packages/airflow/example_dags/example_latest_only.py took 0.066 seconds
