[2024-03-08T00:13:10.783+0530] {processor.py:161} INFO - Started process (PID=2053) to work on /Users/anikbhowmick/Python/Big_Data_Assignment/A02/airflow_env/lib/python3.11/site-packages/airflow/example_dags/example_short_circuit_operator.py
[2024-03-08T00:13:10.783+0530] {processor.py:830} INFO - Processing file /Users/anikbhowmick/Python/Big_Data_Assignment/A02/airflow_env/lib/python3.11/site-packages/airflow/example_dags/example_short_circuit_operator.py for tasks to queue
[2024-03-08T00:13:10.783+0530] {logging_mixin.py:188} INFO - [2024-03-08T00:13:10.783+0530] {dagbag.py:540} INFO - Filling up the DagBag from /Users/anikbhowmick/Python/Big_Data_Assignment/A02/airflow_env/lib/python3.11/site-packages/airflow/example_dags/example_short_circuit_operator.py
[2024-03-08T00:13:10.815+0530] {processor.py:840} INFO - DAG(s) 'example_short_circuit_operator' retrieved from /Users/anikbhowmick/Python/Big_Data_Assignment/A02/airflow_env/lib/python3.11/site-packages/airflow/example_dags/example_short_circuit_operator.py
[2024-03-08T00:13:10.844+0530] {logging_mixin.py:188} INFO - [2024-03-08T00:13:10.844+0530] {dag.py:3047} INFO - Sync 1 DAGs
[2024-03-08T00:13:10.849+0530] {logging_mixin.py:188} INFO - [2024-03-08T00:13:10.849+0530] {dag.py:3834} INFO - Setting next_dagrun for example_short_circuit_operator to 2024-03-06 00:00:00+00:00, run_after=2024-03-07 00:00:00+00:00
[2024-03-08T00:13:10.856+0530] {processor.py:183} INFO - Processing /Users/anikbhowmick/Python/Big_Data_Assignment/A02/airflow_env/lib/python3.11/site-packages/airflow/example_dags/example_short_circuit_operator.py took 0.074 seconds
[2024-03-08T00:14:01.524+0530] {processor.py:161} INFO - Started process (PID=2117) to work on /Users/anikbhowmick/Python/Big_Data_Assignment/A02/airflow_env/lib/python3.11/site-packages/airflow/example_dags/example_short_circuit_operator.py
[2024-03-08T00:14:01.525+0530] {processor.py:830} INFO - Processing file /Users/anikbhowmick/Python/Big_Data_Assignment/A02/airflow_env/lib/python3.11/site-packages/airflow/example_dags/example_short_circuit_operator.py for tasks to queue
[2024-03-08T00:14:01.525+0530] {logging_mixin.py:188} INFO - [2024-03-08T00:14:01.525+0530] {dagbag.py:540} INFO - Filling up the DagBag from /Users/anikbhowmick/Python/Big_Data_Assignment/A02/airflow_env/lib/python3.11/site-packages/airflow/example_dags/example_short_circuit_operator.py
[2024-03-08T00:14:01.555+0530] {processor.py:840} INFO - DAG(s) 'example_short_circuit_operator' retrieved from /Users/anikbhowmick/Python/Big_Data_Assignment/A02/airflow_env/lib/python3.11/site-packages/airflow/example_dags/example_short_circuit_operator.py
[2024-03-08T00:14:01.584+0530] {logging_mixin.py:188} INFO - [2024-03-08T00:14:01.584+0530] {dag.py:3047} INFO - Sync 1 DAGs
[2024-03-08T00:14:01.589+0530] {logging_mixin.py:188} INFO - [2024-03-08T00:14:01.589+0530] {dag.py:3834} INFO - Setting next_dagrun for example_short_circuit_operator to 2024-03-06 00:00:00+00:00, run_after=2024-03-07 00:00:00+00:00
[2024-03-08T00:14:01.595+0530] {processor.py:183} INFO - Processing /Users/anikbhowmick/Python/Big_Data_Assignment/A02/airflow_env/lib/python3.11/site-packages/airflow/example_dags/example_short_circuit_operator.py took 0.071 seconds
[2024-03-08T00:14:50.829+0530] {processor.py:161} INFO - Started process (PID=2168) to work on /Users/anikbhowmick/Python/Big_Data_Assignment/A02/airflow_env/lib/python3.11/site-packages/airflow/example_dags/example_short_circuit_operator.py
[2024-03-08T00:14:50.830+0530] {processor.py:830} INFO - Processing file /Users/anikbhowmick/Python/Big_Data_Assignment/A02/airflow_env/lib/python3.11/site-packages/airflow/example_dags/example_short_circuit_operator.py for tasks to queue
[2024-03-08T00:14:50.830+0530] {logging_mixin.py:188} INFO - [2024-03-08T00:14:50.830+0530] {dagbag.py:540} INFO - Filling up the DagBag from /Users/anikbhowmick/Python/Big_Data_Assignment/A02/airflow_env/lib/python3.11/site-packages/airflow/example_dags/example_short_circuit_operator.py
[2024-03-08T00:14:50.865+0530] {processor.py:840} INFO - DAG(s) 'example_short_circuit_operator' retrieved from /Users/anikbhowmick/Python/Big_Data_Assignment/A02/airflow_env/lib/python3.11/site-packages/airflow/example_dags/example_short_circuit_operator.py
[2024-03-08T00:14:50.896+0530] {logging_mixin.py:188} INFO - [2024-03-08T00:14:50.896+0530] {dag.py:3047} INFO - Sync 1 DAGs
[2024-03-08T00:14:50.902+0530] {logging_mixin.py:188} INFO - [2024-03-08T00:14:50.902+0530] {dag.py:3834} INFO - Setting next_dagrun for example_short_circuit_operator to 2024-03-06 00:00:00+00:00, run_after=2024-03-07 00:00:00+00:00
[2024-03-08T00:14:50.908+0530] {processor.py:183} INFO - Processing /Users/anikbhowmick/Python/Big_Data_Assignment/A02/airflow_env/lib/python3.11/site-packages/airflow/example_dags/example_short_circuit_operator.py took 0.079 seconds
[2024-03-08T00:15:49.619+0530] {processor.py:161} INFO - Started process (PID=2232) to work on /Users/anikbhowmick/Python/Big_Data_Assignment/A02/airflow_env/lib/python3.11/site-packages/airflow/example_dags/example_short_circuit_operator.py
[2024-03-08T00:15:49.619+0530] {processor.py:830} INFO - Processing file /Users/anikbhowmick/Python/Big_Data_Assignment/A02/airflow_env/lib/python3.11/site-packages/airflow/example_dags/example_short_circuit_operator.py for tasks to queue
[2024-03-08T00:15:49.619+0530] {logging_mixin.py:188} INFO - [2024-03-08T00:15:49.619+0530] {dagbag.py:540} INFO - Filling up the DagBag from /Users/anikbhowmick/Python/Big_Data_Assignment/A02/airflow_env/lib/python3.11/site-packages/airflow/example_dags/example_short_circuit_operator.py
[2024-03-08T00:15:49.649+0530] {processor.py:840} INFO - DAG(s) 'example_short_circuit_operator' retrieved from /Users/anikbhowmick/Python/Big_Data_Assignment/A02/airflow_env/lib/python3.11/site-packages/airflow/example_dags/example_short_circuit_operator.py
[2024-03-08T00:15:49.678+0530] {logging_mixin.py:188} INFO - [2024-03-08T00:15:49.678+0530] {dag.py:3047} INFO - Sync 1 DAGs
[2024-03-08T00:15:49.683+0530] {logging_mixin.py:188} INFO - [2024-03-08T00:15:49.683+0530] {dag.py:3834} INFO - Setting next_dagrun for example_short_circuit_operator to 2024-03-06 00:00:00+00:00, run_after=2024-03-07 00:00:00+00:00
[2024-03-08T00:15:49.689+0530] {processor.py:183} INFO - Processing /Users/anikbhowmick/Python/Big_Data_Assignment/A02/airflow_env/lib/python3.11/site-packages/airflow/example_dags/example_short_circuit_operator.py took 0.070 seconds
[2024-03-08T00:16:49.798+0530] {processor.py:161} INFO - Started process (PID=2293) to work on /Users/anikbhowmick/Python/Big_Data_Assignment/A02/airflow_env/lib/python3.11/site-packages/airflow/example_dags/example_short_circuit_operator.py
[2024-03-08T00:16:49.799+0530] {processor.py:830} INFO - Processing file /Users/anikbhowmick/Python/Big_Data_Assignment/A02/airflow_env/lib/python3.11/site-packages/airflow/example_dags/example_short_circuit_operator.py for tasks to queue
[2024-03-08T00:16:49.799+0530] {logging_mixin.py:188} INFO - [2024-03-08T00:16:49.799+0530] {dagbag.py:540} INFO - Filling up the DagBag from /Users/anikbhowmick/Python/Big_Data_Assignment/A02/airflow_env/lib/python3.11/site-packages/airflow/example_dags/example_short_circuit_operator.py
[2024-03-08T00:16:49.830+0530] {processor.py:840} INFO - DAG(s) 'example_short_circuit_operator' retrieved from /Users/anikbhowmick/Python/Big_Data_Assignment/A02/airflow_env/lib/python3.11/site-packages/airflow/example_dags/example_short_circuit_operator.py
[2024-03-08T00:16:49.859+0530] {logging_mixin.py:188} INFO - [2024-03-08T00:16:49.859+0530] {dag.py:3047} INFO - Sync 1 DAGs
[2024-03-08T00:16:49.864+0530] {logging_mixin.py:188} INFO - [2024-03-08T00:16:49.864+0530] {dag.py:3834} INFO - Setting next_dagrun for example_short_circuit_operator to 2024-03-06 00:00:00+00:00, run_after=2024-03-07 00:00:00+00:00
[2024-03-08T00:16:49.870+0530] {processor.py:183} INFO - Processing /Users/anikbhowmick/Python/Big_Data_Assignment/A02/airflow_env/lib/python3.11/site-packages/airflow/example_dags/example_short_circuit_operator.py took 0.072 seconds
[2024-03-08T00:17:49.006+0530] {processor.py:161} INFO - Started process (PID=2405) to work on /Users/anikbhowmick/Python/Big_Data_Assignment/A02/airflow_env/lib/python3.11/site-packages/airflow/example_dags/example_short_circuit_operator.py
[2024-03-08T00:17:49.007+0530] {processor.py:830} INFO - Processing file /Users/anikbhowmick/Python/Big_Data_Assignment/A02/airflow_env/lib/python3.11/site-packages/airflow/example_dags/example_short_circuit_operator.py for tasks to queue
[2024-03-08T00:17:49.007+0530] {logging_mixin.py:188} INFO - [2024-03-08T00:17:49.007+0530] {dagbag.py:540} INFO - Filling up the DagBag from /Users/anikbhowmick/Python/Big_Data_Assignment/A02/airflow_env/lib/python3.11/site-packages/airflow/example_dags/example_short_circuit_operator.py
[2024-03-08T00:17:49.037+0530] {processor.py:840} INFO - DAG(s) 'example_short_circuit_operator' retrieved from /Users/anikbhowmick/Python/Big_Data_Assignment/A02/airflow_env/lib/python3.11/site-packages/airflow/example_dags/example_short_circuit_operator.py
[2024-03-08T00:17:49.066+0530] {logging_mixin.py:188} INFO - [2024-03-08T00:17:49.066+0530] {dag.py:3047} INFO - Sync 1 DAGs
[2024-03-08T00:17:49.071+0530] {logging_mixin.py:188} INFO - [2024-03-08T00:17:49.071+0530] {dag.py:3834} INFO - Setting next_dagrun for example_short_circuit_operator to 2024-03-06 00:00:00+00:00, run_after=2024-03-07 00:00:00+00:00
[2024-03-08T00:17:49.077+0530] {processor.py:183} INFO - Processing /Users/anikbhowmick/Python/Big_Data_Assignment/A02/airflow_env/lib/python3.11/site-packages/airflow/example_dags/example_short_circuit_operator.py took 0.071 seconds
[2024-03-08T00:19:03.048+0530] {processor.py:161} INFO - Started process (PID=2505) to work on /Users/anikbhowmick/Python/Big_Data_Assignment/A02/airflow_env/lib/python3.11/site-packages/airflow/example_dags/example_short_circuit_operator.py
[2024-03-08T00:19:03.049+0530] {processor.py:830} INFO - Processing file /Users/anikbhowmick/Python/Big_Data_Assignment/A02/airflow_env/lib/python3.11/site-packages/airflow/example_dags/example_short_circuit_operator.py for tasks to queue
[2024-03-08T00:19:03.049+0530] {logging_mixin.py:188} INFO - [2024-03-08T00:19:03.049+0530] {dagbag.py:540} INFO - Filling up the DagBag from /Users/anikbhowmick/Python/Big_Data_Assignment/A02/airflow_env/lib/python3.11/site-packages/airflow/example_dags/example_short_circuit_operator.py
[2024-03-08T00:19:03.080+0530] {processor.py:840} INFO - DAG(s) 'example_short_circuit_operator' retrieved from /Users/anikbhowmick/Python/Big_Data_Assignment/A02/airflow_env/lib/python3.11/site-packages/airflow/example_dags/example_short_circuit_operator.py
[2024-03-08T00:19:03.109+0530] {logging_mixin.py:188} INFO - [2024-03-08T00:19:03.109+0530] {dag.py:3047} INFO - Sync 1 DAGs
[2024-03-08T00:19:03.114+0530] {logging_mixin.py:188} INFO - [2024-03-08T00:19:03.114+0530] {dag.py:3834} INFO - Setting next_dagrun for example_short_circuit_operator to 2024-03-06 00:00:00+00:00, run_after=2024-03-07 00:00:00+00:00
[2024-03-08T00:19:03.120+0530] {processor.py:183} INFO - Processing /Users/anikbhowmick/Python/Big_Data_Assignment/A02/airflow_env/lib/python3.11/site-packages/airflow/example_dags/example_short_circuit_operator.py took 0.072 seconds
[2024-03-08T00:23:34.193+0530] {processor.py:161} INFO - Started process (PID=2810) to work on /Users/anikbhowmick/Python/Big_Data_Assignment/A02/airflow_env/lib/python3.11/site-packages/airflow/example_dags/example_short_circuit_operator.py
[2024-03-08T00:23:34.193+0530] {processor.py:830} INFO - Processing file /Users/anikbhowmick/Python/Big_Data_Assignment/A02/airflow_env/lib/python3.11/site-packages/airflow/example_dags/example_short_circuit_operator.py for tasks to queue
[2024-03-08T00:23:34.193+0530] {logging_mixin.py:188} INFO - [2024-03-08T00:23:34.193+0530] {dagbag.py:540} INFO - Filling up the DagBag from /Users/anikbhowmick/Python/Big_Data_Assignment/A02/airflow_env/lib/python3.11/site-packages/airflow/example_dags/example_short_circuit_operator.py
[2024-03-08T00:23:34.230+0530] {processor.py:840} INFO - DAG(s) 'example_short_circuit_operator' retrieved from /Users/anikbhowmick/Python/Big_Data_Assignment/A02/airflow_env/lib/python3.11/site-packages/airflow/example_dags/example_short_circuit_operator.py
[2024-03-08T00:23:34.260+0530] {logging_mixin.py:188} INFO - [2024-03-08T00:23:34.260+0530] {dag.py:3047} INFO - Sync 1 DAGs
[2024-03-08T00:23:34.266+0530] {logging_mixin.py:188} INFO - [2024-03-08T00:23:34.266+0530] {dag.py:3834} INFO - Setting next_dagrun for example_short_circuit_operator to 2024-03-06 00:00:00+00:00, run_after=2024-03-07 00:00:00+00:00
[2024-03-08T00:23:34.272+0530] {processor.py:183} INFO - Processing /Users/anikbhowmick/Python/Big_Data_Assignment/A02/airflow_env/lib/python3.11/site-packages/airflow/example_dags/example_short_circuit_operator.py took 0.080 seconds
[2024-03-08T00:24:25.148+0530] {processor.py:161} INFO - Started process (PID=2888) to work on /Users/anikbhowmick/Python/Big_Data_Assignment/A02/airflow_env/lib/python3.11/site-packages/airflow/example_dags/example_short_circuit_operator.py
[2024-03-08T00:24:25.148+0530] {processor.py:830} INFO - Processing file /Users/anikbhowmick/Python/Big_Data_Assignment/A02/airflow_env/lib/python3.11/site-packages/airflow/example_dags/example_short_circuit_operator.py for tasks to queue
[2024-03-08T00:24:25.149+0530] {logging_mixin.py:188} INFO - [2024-03-08T00:24:25.149+0530] {dagbag.py:540} INFO - Filling up the DagBag from /Users/anikbhowmick/Python/Big_Data_Assignment/A02/airflow_env/lib/python3.11/site-packages/airflow/example_dags/example_short_circuit_operator.py
[2024-03-08T00:24:25.179+0530] {processor.py:840} INFO - DAG(s) 'example_short_circuit_operator' retrieved from /Users/anikbhowmick/Python/Big_Data_Assignment/A02/airflow_env/lib/python3.11/site-packages/airflow/example_dags/example_short_circuit_operator.py
[2024-03-08T00:24:25.208+0530] {logging_mixin.py:188} INFO - [2024-03-08T00:24:25.208+0530] {dag.py:3047} INFO - Sync 1 DAGs
[2024-03-08T00:24:25.213+0530] {logging_mixin.py:188} INFO - [2024-03-08T00:24:25.213+0530] {dag.py:3834} INFO - Setting next_dagrun for example_short_circuit_operator to 2024-03-06 00:00:00+00:00, run_after=2024-03-07 00:00:00+00:00
[2024-03-08T00:24:25.219+0530] {processor.py:183} INFO - Processing /Users/anikbhowmick/Python/Big_Data_Assignment/A02/airflow_env/lib/python3.11/site-packages/airflow/example_dags/example_short_circuit_operator.py took 0.072 seconds
[2024-03-08T00:26:03.963+0530] {processor.py:161} INFO - Started process (PID=3054) to work on /Users/anikbhowmick/Python/Big_Data_Assignment/A02/airflow_env/lib/python3.11/site-packages/airflow/example_dags/example_short_circuit_operator.py
[2024-03-08T00:26:03.963+0530] {processor.py:830} INFO - Processing file /Users/anikbhowmick/Python/Big_Data_Assignment/A02/airflow_env/lib/python3.11/site-packages/airflow/example_dags/example_short_circuit_operator.py for tasks to queue
[2024-03-08T00:26:03.963+0530] {logging_mixin.py:188} INFO - [2024-03-08T00:26:03.963+0530] {dagbag.py:540} INFO - Filling up the DagBag from /Users/anikbhowmick/Python/Big_Data_Assignment/A02/airflow_env/lib/python3.11/site-packages/airflow/example_dags/example_short_circuit_operator.py
[2024-03-08T00:26:03.996+0530] {processor.py:840} INFO - DAG(s) 'example_short_circuit_operator' retrieved from /Users/anikbhowmick/Python/Big_Data_Assignment/A02/airflow_env/lib/python3.11/site-packages/airflow/example_dags/example_short_circuit_operator.py
[2024-03-08T00:26:04.027+0530] {logging_mixin.py:188} INFO - [2024-03-08T00:26:04.027+0530] {dag.py:3047} INFO - Sync 1 DAGs
[2024-03-08T00:26:04.032+0530] {logging_mixin.py:188} INFO - [2024-03-08T00:26:04.032+0530] {dag.py:3834} INFO - Setting next_dagrun for example_short_circuit_operator to 2024-03-06 00:00:00+00:00, run_after=2024-03-07 00:00:00+00:00
[2024-03-08T00:26:04.038+0530] {processor.py:183} INFO - Processing /Users/anikbhowmick/Python/Big_Data_Assignment/A02/airflow_env/lib/python3.11/site-packages/airflow/example_dags/example_short_circuit_operator.py took 0.076 seconds
[2024-03-08T00:27:50.742+0530] {processor.py:161} INFO - Started process (PID=3268) to work on /Users/anikbhowmick/Python/Big_Data_Assignment/A02/airflow_env/lib/python3.11/site-packages/airflow/example_dags/example_short_circuit_operator.py
[2024-03-08T00:27:50.742+0530] {processor.py:830} INFO - Processing file /Users/anikbhowmick/Python/Big_Data_Assignment/A02/airflow_env/lib/python3.11/site-packages/airflow/example_dags/example_short_circuit_operator.py for tasks to queue
[2024-03-08T00:27:50.742+0530] {logging_mixin.py:188} INFO - [2024-03-08T00:27:50.742+0530] {dagbag.py:540} INFO - Filling up the DagBag from /Users/anikbhowmick/Python/Big_Data_Assignment/A02/airflow_env/lib/python3.11/site-packages/airflow/example_dags/example_short_circuit_operator.py
[2024-03-08T00:27:50.777+0530] {processor.py:840} INFO - DAG(s) 'example_short_circuit_operator' retrieved from /Users/anikbhowmick/Python/Big_Data_Assignment/A02/airflow_env/lib/python3.11/site-packages/airflow/example_dags/example_short_circuit_operator.py
[2024-03-08T00:27:50.808+0530] {logging_mixin.py:188} INFO - [2024-03-08T00:27:50.808+0530] {dag.py:3047} INFO - Sync 1 DAGs
[2024-03-08T00:27:50.814+0530] {logging_mixin.py:188} INFO - [2024-03-08T00:27:50.814+0530] {dag.py:3834} INFO - Setting next_dagrun for example_short_circuit_operator to 2024-03-06 00:00:00+00:00, run_after=2024-03-07 00:00:00+00:00
[2024-03-08T00:27:50.820+0530] {processor.py:183} INFO - Processing /Users/anikbhowmick/Python/Big_Data_Assignment/A02/airflow_env/lib/python3.11/site-packages/airflow/example_dags/example_short_circuit_operator.py took 0.079 seconds
[2024-03-08T00:29:43.052+0530] {processor.py:161} INFO - Started process (PID=3363) to work on /Users/anikbhowmick/Python/Big_Data_Assignment/A02/airflow_env/lib/python3.11/site-packages/airflow/example_dags/example_short_circuit_operator.py
[2024-03-08T00:29:43.053+0530] {processor.py:830} INFO - Processing file /Users/anikbhowmick/Python/Big_Data_Assignment/A02/airflow_env/lib/python3.11/site-packages/airflow/example_dags/example_short_circuit_operator.py for tasks to queue
[2024-03-08T00:29:43.053+0530] {logging_mixin.py:188} INFO - [2024-03-08T00:29:43.053+0530] {dagbag.py:540} INFO - Filling up the DagBag from /Users/anikbhowmick/Python/Big_Data_Assignment/A02/airflow_env/lib/python3.11/site-packages/airflow/example_dags/example_short_circuit_operator.py
[2024-03-08T00:29:43.083+0530] {processor.py:840} INFO - DAG(s) 'example_short_circuit_operator' retrieved from /Users/anikbhowmick/Python/Big_Data_Assignment/A02/airflow_env/lib/python3.11/site-packages/airflow/example_dags/example_short_circuit_operator.py
[2024-03-08T00:29:43.112+0530] {logging_mixin.py:188} INFO - [2024-03-08T00:29:43.112+0530] {dag.py:3047} INFO - Sync 1 DAGs
[2024-03-08T00:29:43.117+0530] {logging_mixin.py:188} INFO - [2024-03-08T00:29:43.117+0530] {dag.py:3834} INFO - Setting next_dagrun for example_short_circuit_operator to 2024-03-06 00:00:00+00:00, run_after=2024-03-07 00:00:00+00:00
[2024-03-08T00:29:43.123+0530] {processor.py:183} INFO - Processing /Users/anikbhowmick/Python/Big_Data_Assignment/A02/airflow_env/lib/python3.11/site-packages/airflow/example_dags/example_short_circuit_operator.py took 0.072 seconds
[2024-03-08T00:31:45.351+0530] {processor.py:161} INFO - Started process (PID=3496) to work on /Users/anikbhowmick/Python/Big_Data_Assignment/A02/airflow_env/lib/python3.11/site-packages/airflow/example_dags/example_short_circuit_operator.py
[2024-03-08T00:31:45.352+0530] {processor.py:830} INFO - Processing file /Users/anikbhowmick/Python/Big_Data_Assignment/A02/airflow_env/lib/python3.11/site-packages/airflow/example_dags/example_short_circuit_operator.py for tasks to queue
[2024-03-08T00:31:45.352+0530] {logging_mixin.py:188} INFO - [2024-03-08T00:31:45.352+0530] {dagbag.py:540} INFO - Filling up the DagBag from /Users/anikbhowmick/Python/Big_Data_Assignment/A02/airflow_env/lib/python3.11/site-packages/airflow/example_dags/example_short_circuit_operator.py
[2024-03-08T00:31:45.382+0530] {processor.py:840} INFO - DAG(s) 'example_short_circuit_operator' retrieved from /Users/anikbhowmick/Python/Big_Data_Assignment/A02/airflow_env/lib/python3.11/site-packages/airflow/example_dags/example_short_circuit_operator.py
[2024-03-08T00:31:45.417+0530] {logging_mixin.py:188} INFO - [2024-03-08T00:31:45.417+0530] {dag.py:3047} INFO - Sync 1 DAGs
[2024-03-08T00:31:45.422+0530] {logging_mixin.py:188} INFO - [2024-03-08T00:31:45.422+0530] {dag.py:3834} INFO - Setting next_dagrun for example_short_circuit_operator to 2024-03-06 00:00:00+00:00, run_after=2024-03-07 00:00:00+00:00
[2024-03-08T00:31:45.428+0530] {processor.py:183} INFO - Processing /Users/anikbhowmick/Python/Big_Data_Assignment/A02/airflow_env/lib/python3.11/site-packages/airflow/example_dags/example_short_circuit_operator.py took 0.078 seconds
[2024-03-08T00:33:43.696+0530] {processor.py:161} INFO - Started process (PID=3640) to work on /Users/anikbhowmick/Python/Big_Data_Assignment/A02/airflow_env/lib/python3.11/site-packages/airflow/example_dags/example_short_circuit_operator.py
[2024-03-08T00:33:43.697+0530] {processor.py:830} INFO - Processing file /Users/anikbhowmick/Python/Big_Data_Assignment/A02/airflow_env/lib/python3.11/site-packages/airflow/example_dags/example_short_circuit_operator.py for tasks to queue
[2024-03-08T00:33:43.697+0530] {logging_mixin.py:188} INFO - [2024-03-08T00:33:43.697+0530] {dagbag.py:540} INFO - Filling up the DagBag from /Users/anikbhowmick/Python/Big_Data_Assignment/A02/airflow_env/lib/python3.11/site-packages/airflow/example_dags/example_short_circuit_operator.py
[2024-03-08T00:33:43.728+0530] {processor.py:840} INFO - DAG(s) 'example_short_circuit_operator' retrieved from /Users/anikbhowmick/Python/Big_Data_Assignment/A02/airflow_env/lib/python3.11/site-packages/airflow/example_dags/example_short_circuit_operator.py
[2024-03-08T00:33:43.757+0530] {logging_mixin.py:188} INFO - [2024-03-08T00:33:43.757+0530] {dag.py:3047} INFO - Sync 1 DAGs
[2024-03-08T00:33:43.762+0530] {logging_mixin.py:188} INFO - [2024-03-08T00:33:43.762+0530] {dag.py:3834} INFO - Setting next_dagrun for example_short_circuit_operator to 2024-03-06 00:00:00+00:00, run_after=2024-03-07 00:00:00+00:00
[2024-03-08T00:33:43.768+0530] {processor.py:183} INFO - Processing /Users/anikbhowmick/Python/Big_Data_Assignment/A02/airflow_env/lib/python3.11/site-packages/airflow/example_dags/example_short_circuit_operator.py took 0.072 seconds
[2024-03-08T00:35:39.243+0530] {processor.py:161} INFO - Started process (PID=3717) to work on /Users/anikbhowmick/Python/Big_Data_Assignment/A02/airflow_env/lib/python3.11/site-packages/airflow/example_dags/example_short_circuit_operator.py
[2024-03-08T00:35:39.243+0530] {processor.py:830} INFO - Processing file /Users/anikbhowmick/Python/Big_Data_Assignment/A02/airflow_env/lib/python3.11/site-packages/airflow/example_dags/example_short_circuit_operator.py for tasks to queue
[2024-03-08T00:35:39.244+0530] {logging_mixin.py:188} INFO - [2024-03-08T00:35:39.243+0530] {dagbag.py:540} INFO - Filling up the DagBag from /Users/anikbhowmick/Python/Big_Data_Assignment/A02/airflow_env/lib/python3.11/site-packages/airflow/example_dags/example_short_circuit_operator.py
[2024-03-08T00:35:39.273+0530] {processor.py:840} INFO - DAG(s) 'example_short_circuit_operator' retrieved from /Users/anikbhowmick/Python/Big_Data_Assignment/A02/airflow_env/lib/python3.11/site-packages/airflow/example_dags/example_short_circuit_operator.py
[2024-03-08T00:35:39.302+0530] {logging_mixin.py:188} INFO - [2024-03-08T00:35:39.302+0530] {dag.py:3047} INFO - Sync 1 DAGs
[2024-03-08T00:35:39.307+0530] {logging_mixin.py:188} INFO - [2024-03-08T00:35:39.307+0530] {dag.py:3834} INFO - Setting next_dagrun for example_short_circuit_operator to 2024-03-06 00:00:00+00:00, run_after=2024-03-07 00:00:00+00:00
[2024-03-08T00:35:39.313+0530] {processor.py:183} INFO - Processing /Users/anikbhowmick/Python/Big_Data_Assignment/A02/airflow_env/lib/python3.11/site-packages/airflow/example_dags/example_short_circuit_operator.py took 0.071 seconds
[2024-03-08T00:37:31.770+0530] {processor.py:161} INFO - Started process (PID=3811) to work on /Users/anikbhowmick/Python/Big_Data_Assignment/A02/airflow_env/lib/python3.11/site-packages/airflow/example_dags/example_short_circuit_operator.py
[2024-03-08T00:37:31.771+0530] {processor.py:830} INFO - Processing file /Users/anikbhowmick/Python/Big_Data_Assignment/A02/airflow_env/lib/python3.11/site-packages/airflow/example_dags/example_short_circuit_operator.py for tasks to queue
[2024-03-08T00:37:31.771+0530] {logging_mixin.py:188} INFO - [2024-03-08T00:37:31.771+0530] {dagbag.py:540} INFO - Filling up the DagBag from /Users/anikbhowmick/Python/Big_Data_Assignment/A02/airflow_env/lib/python3.11/site-packages/airflow/example_dags/example_short_circuit_operator.py
[2024-03-08T00:37:31.804+0530] {processor.py:840} INFO - DAG(s) 'example_short_circuit_operator' retrieved from /Users/anikbhowmick/Python/Big_Data_Assignment/A02/airflow_env/lib/python3.11/site-packages/airflow/example_dags/example_short_circuit_operator.py
[2024-03-08T00:37:31.839+0530] {logging_mixin.py:188} INFO - [2024-03-08T00:37:31.838+0530] {dag.py:3047} INFO - Sync 1 DAGs
[2024-03-08T00:37:31.844+0530] {logging_mixin.py:188} INFO - [2024-03-08T00:37:31.844+0530] {dag.py:3834} INFO - Setting next_dagrun for example_short_circuit_operator to 2024-03-06 00:00:00+00:00, run_after=2024-03-07 00:00:00+00:00
[2024-03-08T00:37:31.851+0530] {processor.py:183} INFO - Processing /Users/anikbhowmick/Python/Big_Data_Assignment/A02/airflow_env/lib/python3.11/site-packages/airflow/example_dags/example_short_circuit_operator.py took 0.081 seconds
[2024-03-08T00:39:29.558+0530] {processor.py:161} INFO - Started process (PID=3884) to work on /Users/anikbhowmick/Python/Big_Data_Assignment/A02/airflow_env/lib/python3.11/site-packages/airflow/example_dags/example_short_circuit_operator.py
[2024-03-08T00:39:29.559+0530] {processor.py:830} INFO - Processing file /Users/anikbhowmick/Python/Big_Data_Assignment/A02/airflow_env/lib/python3.11/site-packages/airflow/example_dags/example_short_circuit_operator.py for tasks to queue
[2024-03-08T00:39:29.559+0530] {logging_mixin.py:188} INFO - [2024-03-08T00:39:29.559+0530] {dagbag.py:540} INFO - Filling up the DagBag from /Users/anikbhowmick/Python/Big_Data_Assignment/A02/airflow_env/lib/python3.11/site-packages/airflow/example_dags/example_short_circuit_operator.py
[2024-03-08T00:39:29.590+0530] {processor.py:840} INFO - DAG(s) 'example_short_circuit_operator' retrieved from /Users/anikbhowmick/Python/Big_Data_Assignment/A02/airflow_env/lib/python3.11/site-packages/airflow/example_dags/example_short_circuit_operator.py
[2024-03-08T00:39:29.618+0530] {logging_mixin.py:188} INFO - [2024-03-08T00:39:29.618+0530] {dag.py:3047} INFO - Sync 1 DAGs
[2024-03-08T00:39:29.624+0530] {logging_mixin.py:188} INFO - [2024-03-08T00:39:29.623+0530] {dag.py:3834} INFO - Setting next_dagrun for example_short_circuit_operator to 2024-03-06 00:00:00+00:00, run_after=2024-03-07 00:00:00+00:00
[2024-03-08T00:39:29.629+0530] {processor.py:183} INFO - Processing /Users/anikbhowmick/Python/Big_Data_Assignment/A02/airflow_env/lib/python3.11/site-packages/airflow/example_dags/example_short_circuit_operator.py took 0.072 seconds
