[2024-03-08T00:13:25.408+0530] {processor.py:161} INFO - Started process (PID=2074) to work on /Users/anikbhowmick/Python/Big_Data_Assignment/A02/airflow_env/lib/python3.11/site-packages/airflow/example_dags/example_kubernetes_executor.py
[2024-03-08T00:13:25.408+0530] {processor.py:830} INFO - Processing file /Users/anikbhowmick/Python/Big_Data_Assignment/A02/airflow_env/lib/python3.11/site-packages/airflow/example_dags/example_kubernetes_executor.py for tasks to queue
[2024-03-08T00:13:25.408+0530] {logging_mixin.py:188} INFO - [2024-03-08T00:13:25.408+0530] {dagbag.py:540} INFO - Filling up the DagBag from /Users/anikbhowmick/Python/Big_Data_Assignment/A02/airflow_env/lib/python3.11/site-packages/airflow/example_dags/example_kubernetes_executor.py
[2024-03-08T00:13:25.441+0530] {logging_mixin.py:188} INFO - [2024-03-08T00:13:25.441+0530] {example_kubernetes_executor.py:38} WARNING - The example_kubernetes_executor example DAG requires the kubernetes provider. Please install it with: pip install apache-airflow[cncf.kubernetes]
[2024-03-08T00:13:25.441+0530] {processor.py:842} WARNING - No viable dags retrieved from /Users/anikbhowmick/Python/Big_Data_Assignment/A02/airflow_env/lib/python3.11/site-packages/airflow/example_dags/example_kubernetes_executor.py
[2024-03-08T00:13:25.465+0530] {processor.py:183} INFO - Processing /Users/anikbhowmick/Python/Big_Data_Assignment/A02/airflow_env/lib/python3.11/site-packages/airflow/example_dags/example_kubernetes_executor.py took 0.058 seconds
[2024-03-08T00:14:15.384+0530] {processor.py:161} INFO - Started process (PID=2132) to work on /Users/anikbhowmick/Python/Big_Data_Assignment/A02/airflow_env/lib/python3.11/site-packages/airflow/example_dags/example_kubernetes_executor.py
[2024-03-08T00:14:15.385+0530] {processor.py:830} INFO - Processing file /Users/anikbhowmick/Python/Big_Data_Assignment/A02/airflow_env/lib/python3.11/site-packages/airflow/example_dags/example_kubernetes_executor.py for tasks to queue
[2024-03-08T00:14:15.385+0530] {logging_mixin.py:188} INFO - [2024-03-08T00:14:15.385+0530] {dagbag.py:540} INFO - Filling up the DagBag from /Users/anikbhowmick/Python/Big_Data_Assignment/A02/airflow_env/lib/python3.11/site-packages/airflow/example_dags/example_kubernetes_executor.py
[2024-03-08T00:14:15.417+0530] {logging_mixin.py:188} INFO - [2024-03-08T00:14:15.417+0530] {example_kubernetes_executor.py:38} WARNING - The example_kubernetes_executor example DAG requires the kubernetes provider. Please install it with: pip install apache-airflow[cncf.kubernetes]
[2024-03-08T00:14:15.417+0530] {processor.py:842} WARNING - No viable dags retrieved from /Users/anikbhowmick/Python/Big_Data_Assignment/A02/airflow_env/lib/python3.11/site-packages/airflow/example_dags/example_kubernetes_executor.py
[2024-03-08T00:14:15.440+0530] {processor.py:183} INFO - Processing /Users/anikbhowmick/Python/Big_Data_Assignment/A02/airflow_env/lib/python3.11/site-packages/airflow/example_dags/example_kubernetes_executor.py took 0.057 seconds
[2024-03-08T00:15:14.186+0530] {processor.py:161} INFO - Started process (PID=2194) to work on /Users/anikbhowmick/Python/Big_Data_Assignment/A02/airflow_env/lib/python3.11/site-packages/airflow/example_dags/example_kubernetes_executor.py
[2024-03-08T00:15:14.186+0530] {processor.py:830} INFO - Processing file /Users/anikbhowmick/Python/Big_Data_Assignment/A02/airflow_env/lib/python3.11/site-packages/airflow/example_dags/example_kubernetes_executor.py for tasks to queue
[2024-03-08T00:15:14.186+0530] {logging_mixin.py:188} INFO - [2024-03-08T00:15:14.186+0530] {dagbag.py:540} INFO - Filling up the DagBag from /Users/anikbhowmick/Python/Big_Data_Assignment/A02/airflow_env/lib/python3.11/site-packages/airflow/example_dags/example_kubernetes_executor.py
[2024-03-08T00:15:14.222+0530] {logging_mixin.py:188} INFO - [2024-03-08T00:15:14.222+0530] {example_kubernetes_executor.py:38} WARNING - The example_kubernetes_executor example DAG requires the kubernetes provider. Please install it with: pip install apache-airflow[cncf.kubernetes]
[2024-03-08T00:15:14.222+0530] {processor.py:842} WARNING - No viable dags retrieved from /Users/anikbhowmick/Python/Big_Data_Assignment/A02/airflow_env/lib/python3.11/site-packages/airflow/example_dags/example_kubernetes_executor.py
[2024-03-08T00:15:14.247+0530] {processor.py:183} INFO - Processing /Users/anikbhowmick/Python/Big_Data_Assignment/A02/airflow_env/lib/python3.11/site-packages/airflow/example_dags/example_kubernetes_executor.py took 0.062 seconds
[2024-03-08T00:16:13.306+0530] {processor.py:161} INFO - Started process (PID=2257) to work on /Users/anikbhowmick/Python/Big_Data_Assignment/A02/airflow_env/lib/python3.11/site-packages/airflow/example_dags/example_kubernetes_executor.py
[2024-03-08T00:16:13.307+0530] {processor.py:830} INFO - Processing file /Users/anikbhowmick/Python/Big_Data_Assignment/A02/airflow_env/lib/python3.11/site-packages/airflow/example_dags/example_kubernetes_executor.py for tasks to queue
[2024-03-08T00:16:13.307+0530] {logging_mixin.py:188} INFO - [2024-03-08T00:16:13.307+0530] {dagbag.py:540} INFO - Filling up the DagBag from /Users/anikbhowmick/Python/Big_Data_Assignment/A02/airflow_env/lib/python3.11/site-packages/airflow/example_dags/example_kubernetes_executor.py
[2024-03-08T00:16:13.339+0530] {logging_mixin.py:188} INFO - [2024-03-08T00:16:13.339+0530] {example_kubernetes_executor.py:38} WARNING - The example_kubernetes_executor example DAG requires the kubernetes provider. Please install it with: pip install apache-airflow[cncf.kubernetes]
[2024-03-08T00:16:13.339+0530] {processor.py:842} WARNING - No viable dags retrieved from /Users/anikbhowmick/Python/Big_Data_Assignment/A02/airflow_env/lib/python3.11/site-packages/airflow/example_dags/example_kubernetes_executor.py
[2024-03-08T00:16:13.362+0530] {processor.py:183} INFO - Processing /Users/anikbhowmick/Python/Big_Data_Assignment/A02/airflow_env/lib/python3.11/site-packages/airflow/example_dags/example_kubernetes_executor.py took 0.057 seconds
[2024-03-08T00:17:12.393+0530] {processor.py:161} INFO - Started process (PID=2333) to work on /Users/anikbhowmick/Python/Big_Data_Assignment/A02/airflow_env/lib/python3.11/site-packages/airflow/example_dags/example_kubernetes_executor.py
[2024-03-08T00:17:12.394+0530] {processor.py:830} INFO - Processing file /Users/anikbhowmick/Python/Big_Data_Assignment/A02/airflow_env/lib/python3.11/site-packages/airflow/example_dags/example_kubernetes_executor.py for tasks to queue
[2024-03-08T00:17:12.395+0530] {logging_mixin.py:188} INFO - [2024-03-08T00:17:12.394+0530] {dagbag.py:540} INFO - Filling up the DagBag from /Users/anikbhowmick/Python/Big_Data_Assignment/A02/airflow_env/lib/python3.11/site-packages/airflow/example_dags/example_kubernetes_executor.py
[2024-03-08T00:17:12.429+0530] {logging_mixin.py:188} INFO - [2024-03-08T00:17:12.429+0530] {example_kubernetes_executor.py:38} WARNING - The example_kubernetes_executor example DAG requires the kubernetes provider. Please install it with: pip install apache-airflow[cncf.kubernetes]
[2024-03-08T00:17:12.429+0530] {processor.py:842} WARNING - No viable dags retrieved from /Users/anikbhowmick/Python/Big_Data_Assignment/A02/airflow_env/lib/python3.11/site-packages/airflow/example_dags/example_kubernetes_executor.py
[2024-03-08T00:17:12.453+0530] {processor.py:183} INFO - Processing /Users/anikbhowmick/Python/Big_Data_Assignment/A02/airflow_env/lib/python3.11/site-packages/airflow/example_dags/example_kubernetes_executor.py took 0.060 seconds
[2024-03-08T00:19:59.154+0530] {processor.py:161} INFO - Started process (PID=2609) to work on /Users/anikbhowmick/Python/Big_Data_Assignment/A02/airflow_env/lib/python3.11/site-packages/airflow/example_dags/example_kubernetes_executor.py
[2024-03-08T00:19:59.154+0530] {processor.py:830} INFO - Processing file /Users/anikbhowmick/Python/Big_Data_Assignment/A02/airflow_env/lib/python3.11/site-packages/airflow/example_dags/example_kubernetes_executor.py for tasks to queue
[2024-03-08T00:19:59.155+0530] {logging_mixin.py:188} INFO - [2024-03-08T00:19:59.154+0530] {dagbag.py:540} INFO - Filling up the DagBag from /Users/anikbhowmick/Python/Big_Data_Assignment/A02/airflow_env/lib/python3.11/site-packages/airflow/example_dags/example_kubernetes_executor.py
[2024-03-08T00:19:59.189+0530] {logging_mixin.py:188} INFO - [2024-03-08T00:19:59.189+0530] {example_kubernetes_executor.py:38} WARNING - The example_kubernetes_executor example DAG requires the kubernetes provider. Please install it with: pip install apache-airflow[cncf.kubernetes]
[2024-03-08T00:19:59.189+0530] {processor.py:842} WARNING - No viable dags retrieved from /Users/anikbhowmick/Python/Big_Data_Assignment/A02/airflow_env/lib/python3.11/site-packages/airflow/example_dags/example_kubernetes_executor.py
[2024-03-08T00:19:59.212+0530] {processor.py:183} INFO - Processing /Users/anikbhowmick/Python/Big_Data_Assignment/A02/airflow_env/lib/python3.11/site-packages/airflow/example_dags/example_kubernetes_executor.py took 0.059 seconds
[2024-03-08T00:23:48.738+0530] {processor.py:161} INFO - Started process (PID=2831) to work on /Users/anikbhowmick/Python/Big_Data_Assignment/A02/airflow_env/lib/python3.11/site-packages/airflow/example_dags/example_kubernetes_executor.py
[2024-03-08T00:23:48.739+0530] {processor.py:830} INFO - Processing file /Users/anikbhowmick/Python/Big_Data_Assignment/A02/airflow_env/lib/python3.11/site-packages/airflow/example_dags/example_kubernetes_executor.py for tasks to queue
[2024-03-08T00:23:48.739+0530] {logging_mixin.py:188} INFO - [2024-03-08T00:23:48.739+0530] {dagbag.py:540} INFO - Filling up the DagBag from /Users/anikbhowmick/Python/Big_Data_Assignment/A02/airflow_env/lib/python3.11/site-packages/airflow/example_dags/example_kubernetes_executor.py
[2024-03-08T00:23:48.772+0530] {logging_mixin.py:188} INFO - [2024-03-08T00:23:48.772+0530] {example_kubernetes_executor.py:38} WARNING - The example_kubernetes_executor example DAG requires the kubernetes provider. Please install it with: pip install apache-airflow[cncf.kubernetes]
[2024-03-08T00:23:48.772+0530] {processor.py:842} WARNING - No viable dags retrieved from /Users/anikbhowmick/Python/Big_Data_Assignment/A02/airflow_env/lib/python3.11/site-packages/airflow/example_dags/example_kubernetes_executor.py
[2024-03-08T00:23:48.795+0530] {processor.py:183} INFO - Processing /Users/anikbhowmick/Python/Big_Data_Assignment/A02/airflow_env/lib/python3.11/site-packages/airflow/example_dags/example_kubernetes_executor.py took 0.058 seconds
[2024-03-08T00:24:40.168+0530] {processor.py:161} INFO - Started process (PID=2913) to work on /Users/anikbhowmick/Python/Big_Data_Assignment/A02/airflow_env/lib/python3.11/site-packages/airflow/example_dags/example_kubernetes_executor.py
[2024-03-08T00:24:40.169+0530] {processor.py:830} INFO - Processing file /Users/anikbhowmick/Python/Big_Data_Assignment/A02/airflow_env/lib/python3.11/site-packages/airflow/example_dags/example_kubernetes_executor.py for tasks to queue
[2024-03-08T00:24:40.169+0530] {logging_mixin.py:188} INFO - [2024-03-08T00:24:40.169+0530] {dagbag.py:540} INFO - Filling up the DagBag from /Users/anikbhowmick/Python/Big_Data_Assignment/A02/airflow_env/lib/python3.11/site-packages/airflow/example_dags/example_kubernetes_executor.py
[2024-03-08T00:24:40.207+0530] {logging_mixin.py:188} INFO - [2024-03-08T00:24:40.207+0530] {example_kubernetes_executor.py:38} WARNING - The example_kubernetes_executor example DAG requires the kubernetes provider. Please install it with: pip install apache-airflow[cncf.kubernetes]
[2024-03-08T00:24:40.207+0530] {processor.py:842} WARNING - No viable dags retrieved from /Users/anikbhowmick/Python/Big_Data_Assignment/A02/airflow_env/lib/python3.11/site-packages/airflow/example_dags/example_kubernetes_executor.py
[2024-03-08T00:24:40.232+0530] {processor.py:183} INFO - Processing /Users/anikbhowmick/Python/Big_Data_Assignment/A02/airflow_env/lib/python3.11/site-packages/airflow/example_dags/example_kubernetes_executor.py took 0.065 seconds
[2024-03-08T00:26:29.047+0530] {processor.py:161} INFO - Started process (PID=3080) to work on /Users/anikbhowmick/Python/Big_Data_Assignment/A02/airflow_env/lib/python3.11/site-packages/airflow/example_dags/example_kubernetes_executor.py
[2024-03-08T00:26:29.047+0530] {processor.py:830} INFO - Processing file /Users/anikbhowmick/Python/Big_Data_Assignment/A02/airflow_env/lib/python3.11/site-packages/airflow/example_dags/example_kubernetes_executor.py for tasks to queue
[2024-03-08T00:26:29.048+0530] {logging_mixin.py:188} INFO - [2024-03-08T00:26:29.048+0530] {dagbag.py:540} INFO - Filling up the DagBag from /Users/anikbhowmick/Python/Big_Data_Assignment/A02/airflow_env/lib/python3.11/site-packages/airflow/example_dags/example_kubernetes_executor.py
[2024-03-08T00:26:29.088+0530] {logging_mixin.py:188} INFO - [2024-03-08T00:26:29.088+0530] {example_kubernetes_executor.py:38} WARNING - The example_kubernetes_executor example DAG requires the kubernetes provider. Please install it with: pip install apache-airflow[cncf.kubernetes]
[2024-03-08T00:26:29.088+0530] {processor.py:842} WARNING - No viable dags retrieved from /Users/anikbhowmick/Python/Big_Data_Assignment/A02/airflow_env/lib/python3.11/site-packages/airflow/example_dags/example_kubernetes_executor.py
[2024-03-08T00:26:29.113+0530] {processor.py:183} INFO - Processing /Users/anikbhowmick/Python/Big_Data_Assignment/A02/airflow_env/lib/python3.11/site-packages/airflow/example_dags/example_kubernetes_executor.py took 0.067 seconds
[2024-03-08T00:28:45.654+0530] {processor.py:161} INFO - Started process (PID=3325) to work on /Users/anikbhowmick/Python/Big_Data_Assignment/A02/airflow_env/lib/python3.11/site-packages/airflow/example_dags/example_kubernetes_executor.py
[2024-03-08T00:28:45.655+0530] {processor.py:830} INFO - Processing file /Users/anikbhowmick/Python/Big_Data_Assignment/A02/airflow_env/lib/python3.11/site-packages/airflow/example_dags/example_kubernetes_executor.py for tasks to queue
[2024-03-08T00:28:45.655+0530] {logging_mixin.py:188} INFO - [2024-03-08T00:28:45.655+0530] {dagbag.py:540} INFO - Filling up the DagBag from /Users/anikbhowmick/Python/Big_Data_Assignment/A02/airflow_env/lib/python3.11/site-packages/airflow/example_dags/example_kubernetes_executor.py
[2024-03-08T00:28:45.688+0530] {logging_mixin.py:188} INFO - [2024-03-08T00:28:45.688+0530] {example_kubernetes_executor.py:38} WARNING - The example_kubernetes_executor example DAG requires the kubernetes provider. Please install it with: pip install apache-airflow[cncf.kubernetes]
[2024-03-08T00:28:45.689+0530] {processor.py:842} WARNING - No viable dags retrieved from /Users/anikbhowmick/Python/Big_Data_Assignment/A02/airflow_env/lib/python3.11/site-packages/airflow/example_dags/example_kubernetes_executor.py
[2024-03-08T00:28:45.714+0530] {processor.py:183} INFO - Processing /Users/anikbhowmick/Python/Big_Data_Assignment/A02/airflow_env/lib/python3.11/site-packages/airflow/example_dags/example_kubernetes_executor.py took 0.060 seconds
[2024-03-08T00:30:42.310+0530] {processor.py:161} INFO - Started process (PID=3418) to work on /Users/anikbhowmick/Python/Big_Data_Assignment/A02/airflow_env/lib/python3.11/site-packages/airflow/example_dags/example_kubernetes_executor.py
[2024-03-08T00:30:42.311+0530] {processor.py:830} INFO - Processing file /Users/anikbhowmick/Python/Big_Data_Assignment/A02/airflow_env/lib/python3.11/site-packages/airflow/example_dags/example_kubernetes_executor.py for tasks to queue
[2024-03-08T00:30:42.311+0530] {logging_mixin.py:188} INFO - [2024-03-08T00:30:42.311+0530] {dagbag.py:540} INFO - Filling up the DagBag from /Users/anikbhowmick/Python/Big_Data_Assignment/A02/airflow_env/lib/python3.11/site-packages/airflow/example_dags/example_kubernetes_executor.py
[2024-03-08T00:30:42.347+0530] {logging_mixin.py:188} INFO - [2024-03-08T00:30:42.347+0530] {example_kubernetes_executor.py:38} WARNING - The example_kubernetes_executor example DAG requires the kubernetes provider. Please install it with: pip install apache-airflow[cncf.kubernetes]
[2024-03-08T00:30:42.348+0530] {processor.py:842} WARNING - No viable dags retrieved from /Users/anikbhowmick/Python/Big_Data_Assignment/A02/airflow_env/lib/python3.11/site-packages/airflow/example_dags/example_kubernetes_executor.py
[2024-03-08T00:30:42.374+0530] {processor.py:183} INFO - Processing /Users/anikbhowmick/Python/Big_Data_Assignment/A02/airflow_env/lib/python3.11/site-packages/airflow/example_dags/example_kubernetes_executor.py took 0.064 seconds
[2024-03-08T00:32:45.253+0530] {processor.py:161} INFO - Started process (PID=3556) to work on /Users/anikbhowmick/Python/Big_Data_Assignment/A02/airflow_env/lib/python3.11/site-packages/airflow/example_dags/example_kubernetes_executor.py
[2024-03-08T00:32:45.254+0530] {processor.py:830} INFO - Processing file /Users/anikbhowmick/Python/Big_Data_Assignment/A02/airflow_env/lib/python3.11/site-packages/airflow/example_dags/example_kubernetes_executor.py for tasks to queue
[2024-03-08T00:32:45.254+0530] {logging_mixin.py:188} INFO - [2024-03-08T00:32:45.254+0530] {dagbag.py:540} INFO - Filling up the DagBag from /Users/anikbhowmick/Python/Big_Data_Assignment/A02/airflow_env/lib/python3.11/site-packages/airflow/example_dags/example_kubernetes_executor.py
[2024-03-08T00:32:45.288+0530] {logging_mixin.py:188} INFO - [2024-03-08T00:32:45.288+0530] {example_kubernetes_executor.py:38} WARNING - The example_kubernetes_executor example DAG requires the kubernetes provider. Please install it with: pip install apache-airflow[cncf.kubernetes]
[2024-03-08T00:32:45.288+0530] {processor.py:842} WARNING - No viable dags retrieved from /Users/anikbhowmick/Python/Big_Data_Assignment/A02/airflow_env/lib/python3.11/site-packages/airflow/example_dags/example_kubernetes_executor.py
[2024-03-08T00:32:45.311+0530] {processor.py:183} INFO - Processing /Users/anikbhowmick/Python/Big_Data_Assignment/A02/airflow_env/lib/python3.11/site-packages/airflow/example_dags/example_kubernetes_executor.py took 0.058 seconds
[2024-03-08T00:34:41.768+0530] {processor.py:161} INFO - Started process (PID=3679) to work on /Users/anikbhowmick/Python/Big_Data_Assignment/A02/airflow_env/lib/python3.11/site-packages/airflow/example_dags/example_kubernetes_executor.py
[2024-03-08T00:34:41.768+0530] {processor.py:830} INFO - Processing file /Users/anikbhowmick/Python/Big_Data_Assignment/A02/airflow_env/lib/python3.11/site-packages/airflow/example_dags/example_kubernetes_executor.py for tasks to queue
[2024-03-08T00:34:41.769+0530] {logging_mixin.py:188} INFO - [2024-03-08T00:34:41.769+0530] {dagbag.py:540} INFO - Filling up the DagBag from /Users/anikbhowmick/Python/Big_Data_Assignment/A02/airflow_env/lib/python3.11/site-packages/airflow/example_dags/example_kubernetes_executor.py
[2024-03-08T00:34:41.803+0530] {logging_mixin.py:188} INFO - [2024-03-08T00:34:41.803+0530] {example_kubernetes_executor.py:38} WARNING - The example_kubernetes_executor example DAG requires the kubernetes provider. Please install it with: pip install apache-airflow[cncf.kubernetes]
[2024-03-08T00:34:41.803+0530] {processor.py:842} WARNING - No viable dags retrieved from /Users/anikbhowmick/Python/Big_Data_Assignment/A02/airflow_env/lib/python3.11/site-packages/airflow/example_dags/example_kubernetes_executor.py
[2024-03-08T00:34:41.826+0530] {processor.py:183} INFO - Processing /Users/anikbhowmick/Python/Big_Data_Assignment/A02/airflow_env/lib/python3.11/site-packages/airflow/example_dags/example_kubernetes_executor.py took 0.059 seconds
[2024-03-08T00:36:34.966+0530] {processor.py:161} INFO - Started process (PID=3765) to work on /Users/anikbhowmick/Python/Big_Data_Assignment/A02/airflow_env/lib/python3.11/site-packages/airflow/example_dags/example_kubernetes_executor.py
[2024-03-08T00:36:34.967+0530] {processor.py:830} INFO - Processing file /Users/anikbhowmick/Python/Big_Data_Assignment/A02/airflow_env/lib/python3.11/site-packages/airflow/example_dags/example_kubernetes_executor.py for tasks to queue
[2024-03-08T00:36:34.967+0530] {logging_mixin.py:188} INFO - [2024-03-08T00:36:34.967+0530] {dagbag.py:540} INFO - Filling up the DagBag from /Users/anikbhowmick/Python/Big_Data_Assignment/A02/airflow_env/lib/python3.11/site-packages/airflow/example_dags/example_kubernetes_executor.py
[2024-03-08T00:36:34.999+0530] {logging_mixin.py:188} INFO - [2024-03-08T00:36:34.999+0530] {example_kubernetes_executor.py:38} WARNING - The example_kubernetes_executor example DAG requires the kubernetes provider. Please install it with: pip install apache-airflow[cncf.kubernetes]
[2024-03-08T00:36:35.000+0530] {processor.py:842} WARNING - No viable dags retrieved from /Users/anikbhowmick/Python/Big_Data_Assignment/A02/airflow_env/lib/python3.11/site-packages/airflow/example_dags/example_kubernetes_executor.py
[2024-03-08T00:36:35.023+0530] {processor.py:183} INFO - Processing /Users/anikbhowmick/Python/Big_Data_Assignment/A02/airflow_env/lib/python3.11/site-packages/airflow/example_dags/example_kubernetes_executor.py took 0.057 seconds
[2024-03-08T00:38:29.929+0530] {processor.py:161} INFO - Started process (PID=3845) to work on /Users/anikbhowmick/Python/Big_Data_Assignment/A02/airflow_env/lib/python3.11/site-packages/airflow/example_dags/example_kubernetes_executor.py
[2024-03-08T00:38:29.931+0530] {processor.py:830} INFO - Processing file /Users/anikbhowmick/Python/Big_Data_Assignment/A02/airflow_env/lib/python3.11/site-packages/airflow/example_dags/example_kubernetes_executor.py for tasks to queue
[2024-03-08T00:38:29.931+0530] {logging_mixin.py:188} INFO - [2024-03-08T00:38:29.931+0530] {dagbag.py:540} INFO - Filling up the DagBag from /Users/anikbhowmick/Python/Big_Data_Assignment/A02/airflow_env/lib/python3.11/site-packages/airflow/example_dags/example_kubernetes_executor.py
[2024-03-08T00:38:29.964+0530] {logging_mixin.py:188} INFO - [2024-03-08T00:38:29.963+0530] {example_kubernetes_executor.py:38} WARNING - The example_kubernetes_executor example DAG requires the kubernetes provider. Please install it with: pip install apache-airflow[cncf.kubernetes]
[2024-03-08T00:38:29.964+0530] {processor.py:842} WARNING - No viable dags retrieved from /Users/anikbhowmick/Python/Big_Data_Assignment/A02/airflow_env/lib/python3.11/site-packages/airflow/example_dags/example_kubernetes_executor.py
[2024-03-08T00:38:29.988+0530] {processor.py:183} INFO - Processing /Users/anikbhowmick/Python/Big_Data_Assignment/A02/airflow_env/lib/python3.11/site-packages/airflow/example_dags/example_kubernetes_executor.py took 0.059 seconds
[2024-03-08T00:40:28.978+0530] {processor.py:161} INFO - Started process (PID=3931) to work on /Users/anikbhowmick/Python/Big_Data_Assignment/A02/airflow_env/lib/python3.11/site-packages/airflow/example_dags/example_kubernetes_executor.py
[2024-03-08T00:40:28.978+0530] {processor.py:830} INFO - Processing file /Users/anikbhowmick/Python/Big_Data_Assignment/A02/airflow_env/lib/python3.11/site-packages/airflow/example_dags/example_kubernetes_executor.py for tasks to queue
[2024-03-08T00:40:28.979+0530] {logging_mixin.py:188} INFO - [2024-03-08T00:40:28.979+0530] {dagbag.py:540} INFO - Filling up the DagBag from /Users/anikbhowmick/Python/Big_Data_Assignment/A02/airflow_env/lib/python3.11/site-packages/airflow/example_dags/example_kubernetes_executor.py
[2024-03-08T00:40:29.011+0530] {logging_mixin.py:188} INFO - [2024-03-08T00:40:29.011+0530] {example_kubernetes_executor.py:38} WARNING - The example_kubernetes_executor example DAG requires the kubernetes provider. Please install it with: pip install apache-airflow[cncf.kubernetes]
[2024-03-08T00:40:29.011+0530] {processor.py:842} WARNING - No viable dags retrieved from /Users/anikbhowmick/Python/Big_Data_Assignment/A02/airflow_env/lib/python3.11/site-packages/airflow/example_dags/example_kubernetes_executor.py
[2024-03-08T00:40:29.035+0530] {processor.py:183} INFO - Processing /Users/anikbhowmick/Python/Big_Data_Assignment/A02/airflow_env/lib/python3.11/site-packages/airflow/example_dags/example_kubernetes_executor.py took 0.057 seconds
