[2024-03-08T00:13:36.724+0530] {processor.py:161} INFO - Started process (PID=2091) to work on /Users/anikbhowmick/Python/Big_Data_Assignment/A02/airflow_env/lib/python3.11/site-packages/airflow/example_dags/example_branch_datetime_operator.py
[2024-03-08T00:13:36.724+0530] {processor.py:830} INFO - Processing file /Users/anikbhowmick/Python/Big_Data_Assignment/A02/airflow_env/lib/python3.11/site-packages/airflow/example_dags/example_branch_datetime_operator.py for tasks to queue
[2024-03-08T00:13:36.724+0530] {logging_mixin.py:188} INFO - [2024-03-08T00:13:36.724+0530] {dagbag.py:540} INFO - Filling up the DagBag from /Users/anikbhowmick/Python/Big_Data_Assignment/A02/airflow_env/lib/python3.11/site-packages/airflow/example_dags/example_branch_datetime_operator.py
[2024-03-08T00:13:36.751+0530] {processor.py:840} INFO - DAG(s) 'example_branch_datetime_operator_3', 'example_branch_datetime_operator', 'example_branch_datetime_operator_2' retrieved from /Users/anikbhowmick/Python/Big_Data_Assignment/A02/airflow_env/lib/python3.11/site-packages/airflow/example_dags/example_branch_datetime_operator.py
[2024-03-08T00:13:36.781+0530] {logging_mixin.py:188} INFO - [2024-03-08T00:13:36.781+0530] {dag.py:3047} INFO - Sync 3 DAGs
[2024-03-08T00:13:36.787+0530] {logging_mixin.py:188} INFO - [2024-03-08T00:13:36.787+0530] {dag.py:3834} INFO - Setting next_dagrun for example_branch_datetime_operator to 2024-03-06 00:00:00+00:00, run_after=2024-03-07 00:00:00+00:00
[2024-03-08T00:13:36.789+0530] {logging_mixin.py:188} INFO - [2024-03-08T00:13:36.789+0530] {dag.py:3834} INFO - Setting next_dagrun for example_branch_datetime_operator_2 to 2024-03-06 00:00:00+00:00, run_after=2024-03-07 00:00:00+00:00
[2024-03-08T00:13:36.789+0530] {logging_mixin.py:188} INFO - [2024-03-08T00:13:36.789+0530] {dag.py:3834} INFO - Setting next_dagrun for example_branch_datetime_operator_3 to 2024-03-06 00:00:00+00:00, run_after=2024-03-07 00:00:00+00:00
[2024-03-08T00:13:36.796+0530] {processor.py:183} INFO - Processing /Users/anikbhowmick/Python/Big_Data_Assignment/A02/airflow_env/lib/python3.11/site-packages/airflow/example_dags/example_branch_datetime_operator.py took 0.073 seconds
[2024-03-08T00:14:36.531+0530] {processor.py:161} INFO - Started process (PID=2153) to work on /Users/anikbhowmick/Python/Big_Data_Assignment/A02/airflow_env/lib/python3.11/site-packages/airflow/example_dags/example_branch_datetime_operator.py
[2024-03-08T00:14:36.532+0530] {processor.py:830} INFO - Processing file /Users/anikbhowmick/Python/Big_Data_Assignment/A02/airflow_env/lib/python3.11/site-packages/airflow/example_dags/example_branch_datetime_operator.py for tasks to queue
[2024-03-08T00:14:36.532+0530] {logging_mixin.py:188} INFO - [2024-03-08T00:14:36.532+0530] {dagbag.py:540} INFO - Filling up the DagBag from /Users/anikbhowmick/Python/Big_Data_Assignment/A02/airflow_env/lib/python3.11/site-packages/airflow/example_dags/example_branch_datetime_operator.py
[2024-03-08T00:14:36.558+0530] {processor.py:840} INFO - DAG(s) 'example_branch_datetime_operator_3', 'example_branch_datetime_operator_2', 'example_branch_datetime_operator' retrieved from /Users/anikbhowmick/Python/Big_Data_Assignment/A02/airflow_env/lib/python3.11/site-packages/airflow/example_dags/example_branch_datetime_operator.py
[2024-03-08T00:14:36.588+0530] {logging_mixin.py:188} INFO - [2024-03-08T00:14:36.588+0530] {dag.py:3047} INFO - Sync 3 DAGs
[2024-03-08T00:14:36.594+0530] {logging_mixin.py:188} INFO - [2024-03-08T00:14:36.594+0530] {dag.py:3834} INFO - Setting next_dagrun for example_branch_datetime_operator to 2024-03-06 00:00:00+00:00, run_after=2024-03-07 00:00:00+00:00
[2024-03-08T00:14:36.595+0530] {logging_mixin.py:188} INFO - [2024-03-08T00:14:36.595+0530] {dag.py:3834} INFO - Setting next_dagrun for example_branch_datetime_operator_2 to 2024-03-06 00:00:00+00:00, run_after=2024-03-07 00:00:00+00:00
[2024-03-08T00:14:36.596+0530] {logging_mixin.py:188} INFO - [2024-03-08T00:14:36.596+0530] {dag.py:3834} INFO - Setting next_dagrun for example_branch_datetime_operator_3 to 2024-03-06 00:00:00+00:00, run_after=2024-03-07 00:00:00+00:00
[2024-03-08T00:14:36.602+0530] {processor.py:183} INFO - Processing /Users/anikbhowmick/Python/Big_Data_Assignment/A02/airflow_env/lib/python3.11/site-packages/airflow/example_dags/example_branch_datetime_operator.py took 0.071 seconds
[2024-03-08T00:15:34.912+0530] {processor.py:161} INFO - Started process (PID=2216) to work on /Users/anikbhowmick/Python/Big_Data_Assignment/A02/airflow_env/lib/python3.11/site-packages/airflow/example_dags/example_branch_datetime_operator.py
[2024-03-08T00:15:34.913+0530] {processor.py:830} INFO - Processing file /Users/anikbhowmick/Python/Big_Data_Assignment/A02/airflow_env/lib/python3.11/site-packages/airflow/example_dags/example_branch_datetime_operator.py for tasks to queue
[2024-03-08T00:15:34.913+0530] {logging_mixin.py:188} INFO - [2024-03-08T00:15:34.913+0530] {dagbag.py:540} INFO - Filling up the DagBag from /Users/anikbhowmick/Python/Big_Data_Assignment/A02/airflow_env/lib/python3.11/site-packages/airflow/example_dags/example_branch_datetime_operator.py
[2024-03-08T00:15:34.944+0530] {processor.py:840} INFO - DAG(s) 'example_branch_datetime_operator', 'example_branch_datetime_operator_3', 'example_branch_datetime_operator_2' retrieved from /Users/anikbhowmick/Python/Big_Data_Assignment/A02/airflow_env/lib/python3.11/site-packages/airflow/example_dags/example_branch_datetime_operator.py
[2024-03-08T00:15:34.979+0530] {logging_mixin.py:188} INFO - [2024-03-08T00:15:34.979+0530] {dag.py:3047} INFO - Sync 3 DAGs
[2024-03-08T00:15:34.986+0530] {logging_mixin.py:188} INFO - [2024-03-08T00:15:34.986+0530] {dag.py:3834} INFO - Setting next_dagrun for example_branch_datetime_operator to 2024-03-06 00:00:00+00:00, run_after=2024-03-07 00:00:00+00:00
[2024-03-08T00:15:34.988+0530] {logging_mixin.py:188} INFO - [2024-03-08T00:15:34.988+0530] {dag.py:3834} INFO - Setting next_dagrun for example_branch_datetime_operator_2 to 2024-03-06 00:00:00+00:00, run_after=2024-03-07 00:00:00+00:00
[2024-03-08T00:15:34.989+0530] {logging_mixin.py:188} INFO - [2024-03-08T00:15:34.988+0530] {dag.py:3834} INFO - Setting next_dagrun for example_branch_datetime_operator_3 to 2024-03-06 00:00:00+00:00, run_after=2024-03-07 00:00:00+00:00
[2024-03-08T00:15:34.995+0530] {processor.py:183} INFO - Processing /Users/anikbhowmick/Python/Big_Data_Assignment/A02/airflow_env/lib/python3.11/site-packages/airflow/example_dags/example_branch_datetime_operator.py took 0.083 seconds
[2024-03-08T00:16:33.705+0530] {processor.py:161} INFO - Started process (PID=2277) to work on /Users/anikbhowmick/Python/Big_Data_Assignment/A02/airflow_env/lib/python3.11/site-packages/airflow/example_dags/example_branch_datetime_operator.py
[2024-03-08T00:16:33.705+0530] {processor.py:830} INFO - Processing file /Users/anikbhowmick/Python/Big_Data_Assignment/A02/airflow_env/lib/python3.11/site-packages/airflow/example_dags/example_branch_datetime_operator.py for tasks to queue
[2024-03-08T00:16:33.705+0530] {logging_mixin.py:188} INFO - [2024-03-08T00:16:33.705+0530] {dagbag.py:540} INFO - Filling up the DagBag from /Users/anikbhowmick/Python/Big_Data_Assignment/A02/airflow_env/lib/python3.11/site-packages/airflow/example_dags/example_branch_datetime_operator.py
[2024-03-08T00:16:33.731+0530] {processor.py:840} INFO - DAG(s) 'example_branch_datetime_operator_3', 'example_branch_datetime_operator_2', 'example_branch_datetime_operator' retrieved from /Users/anikbhowmick/Python/Big_Data_Assignment/A02/airflow_env/lib/python3.11/site-packages/airflow/example_dags/example_branch_datetime_operator.py
[2024-03-08T00:16:33.761+0530] {logging_mixin.py:188} INFO - [2024-03-08T00:16:33.761+0530] {dag.py:3047} INFO - Sync 3 DAGs
[2024-03-08T00:16:33.767+0530] {logging_mixin.py:188} INFO - [2024-03-08T00:16:33.766+0530] {dag.py:3834} INFO - Setting next_dagrun for example_branch_datetime_operator to 2024-03-06 00:00:00+00:00, run_after=2024-03-07 00:00:00+00:00
[2024-03-08T00:16:33.768+0530] {logging_mixin.py:188} INFO - [2024-03-08T00:16:33.768+0530] {dag.py:3834} INFO - Setting next_dagrun for example_branch_datetime_operator_2 to 2024-03-06 00:00:00+00:00, run_after=2024-03-07 00:00:00+00:00
[2024-03-08T00:16:33.768+0530] {logging_mixin.py:188} INFO - [2024-03-08T00:16:33.768+0530] {dag.py:3834} INFO - Setting next_dagrun for example_branch_datetime_operator_3 to 2024-03-06 00:00:00+00:00, run_after=2024-03-07 00:00:00+00:00
[2024-03-08T00:16:33.775+0530] {processor.py:183} INFO - Processing /Users/anikbhowmick/Python/Big_Data_Assignment/A02/airflow_env/lib/python3.11/site-packages/airflow/example_dags/example_branch_datetime_operator.py took 0.070 seconds
[2024-03-08T00:17:34.901+0530] {processor.py:161} INFO - Started process (PID=2381) to work on /Users/anikbhowmick/Python/Big_Data_Assignment/A02/airflow_env/lib/python3.11/site-packages/airflow/example_dags/example_branch_datetime_operator.py
[2024-03-08T00:17:34.902+0530] {processor.py:830} INFO - Processing file /Users/anikbhowmick/Python/Big_Data_Assignment/A02/airflow_env/lib/python3.11/site-packages/airflow/example_dags/example_branch_datetime_operator.py for tasks to queue
[2024-03-08T00:17:34.902+0530] {logging_mixin.py:188} INFO - [2024-03-08T00:17:34.902+0530] {dagbag.py:540} INFO - Filling up the DagBag from /Users/anikbhowmick/Python/Big_Data_Assignment/A02/airflow_env/lib/python3.11/site-packages/airflow/example_dags/example_branch_datetime_operator.py
[2024-03-08T00:17:34.929+0530] {processor.py:840} INFO - DAG(s) 'example_branch_datetime_operator_2', 'example_branch_datetime_operator', 'example_branch_datetime_operator_3' retrieved from /Users/anikbhowmick/Python/Big_Data_Assignment/A02/airflow_env/lib/python3.11/site-packages/airflow/example_dags/example_branch_datetime_operator.py
[2024-03-08T00:17:34.959+0530] {logging_mixin.py:188} INFO - [2024-03-08T00:17:34.959+0530] {dag.py:3047} INFO - Sync 3 DAGs
[2024-03-08T00:17:34.965+0530] {logging_mixin.py:188} INFO - [2024-03-08T00:17:34.965+0530] {dag.py:3834} INFO - Setting next_dagrun for example_branch_datetime_operator to 2024-03-06 00:00:00+00:00, run_after=2024-03-07 00:00:00+00:00
[2024-03-08T00:17:34.966+0530] {logging_mixin.py:188} INFO - [2024-03-08T00:17:34.966+0530] {dag.py:3834} INFO - Setting next_dagrun for example_branch_datetime_operator_2 to 2024-03-06 00:00:00+00:00, run_after=2024-03-07 00:00:00+00:00
[2024-03-08T00:17:34.967+0530] {logging_mixin.py:188} INFO - [2024-03-08T00:17:34.967+0530] {dag.py:3834} INFO - Setting next_dagrun for example_branch_datetime_operator_3 to 2024-03-06 00:00:00+00:00, run_after=2024-03-07 00:00:00+00:00
[2024-03-08T00:17:34.972+0530] {processor.py:183} INFO - Processing /Users/anikbhowmick/Python/Big_Data_Assignment/A02/airflow_env/lib/python3.11/site-packages/airflow/example_dags/example_branch_datetime_operator.py took 0.072 seconds
[2024-03-08T00:20:11.557+0530] {processor.py:161} INFO - Started process (PID=2628) to work on /Users/anikbhowmick/Python/Big_Data_Assignment/A02/airflow_env/lib/python3.11/site-packages/airflow/example_dags/example_branch_datetime_operator.py
[2024-03-08T00:20:11.558+0530] {processor.py:830} INFO - Processing file /Users/anikbhowmick/Python/Big_Data_Assignment/A02/airflow_env/lib/python3.11/site-packages/airflow/example_dags/example_branch_datetime_operator.py for tasks to queue
[2024-03-08T00:20:11.558+0530] {logging_mixin.py:188} INFO - [2024-03-08T00:20:11.558+0530] {dagbag.py:540} INFO - Filling up the DagBag from /Users/anikbhowmick/Python/Big_Data_Assignment/A02/airflow_env/lib/python3.11/site-packages/airflow/example_dags/example_branch_datetime_operator.py
[2024-03-08T00:20:11.584+0530] {processor.py:840} INFO - DAG(s) 'example_branch_datetime_operator', 'example_branch_datetime_operator_3', 'example_branch_datetime_operator_2' retrieved from /Users/anikbhowmick/Python/Big_Data_Assignment/A02/airflow_env/lib/python3.11/site-packages/airflow/example_dags/example_branch_datetime_operator.py
[2024-03-08T00:20:11.614+0530] {logging_mixin.py:188} INFO - [2024-03-08T00:20:11.614+0530] {dag.py:3047} INFO - Sync 3 DAGs
[2024-03-08T00:20:11.620+0530] {logging_mixin.py:188} INFO - [2024-03-08T00:20:11.620+0530] {dag.py:3834} INFO - Setting next_dagrun for example_branch_datetime_operator to 2024-03-06 00:00:00+00:00, run_after=2024-03-07 00:00:00+00:00
[2024-03-08T00:20:11.621+0530] {logging_mixin.py:188} INFO - [2024-03-08T00:20:11.621+0530] {dag.py:3834} INFO - Setting next_dagrun for example_branch_datetime_operator_2 to 2024-03-06 00:00:00+00:00, run_after=2024-03-07 00:00:00+00:00
[2024-03-08T00:20:11.622+0530] {logging_mixin.py:188} INFO - [2024-03-08T00:20:11.622+0530] {dag.py:3834} INFO - Setting next_dagrun for example_branch_datetime_operator_3 to 2024-03-06 00:00:00+00:00, run_after=2024-03-07 00:00:00+00:00
[2024-03-08T00:20:11.627+0530] {processor.py:183} INFO - Processing /Users/anikbhowmick/Python/Big_Data_Assignment/A02/airflow_env/lib/python3.11/site-packages/airflow/example_dags/example_branch_datetime_operator.py took 0.071 seconds
[2024-03-08T00:24:00.173+0530] {processor.py:161} INFO - Started process (PID=2850) to work on /Users/anikbhowmick/Python/Big_Data_Assignment/A02/airflow_env/lib/python3.11/site-packages/airflow/example_dags/example_branch_datetime_operator.py
[2024-03-08T00:24:00.174+0530] {processor.py:830} INFO - Processing file /Users/anikbhowmick/Python/Big_Data_Assignment/A02/airflow_env/lib/python3.11/site-packages/airflow/example_dags/example_branch_datetime_operator.py for tasks to queue
[2024-03-08T00:24:00.175+0530] {logging_mixin.py:188} INFO - [2024-03-08T00:24:00.175+0530] {dagbag.py:540} INFO - Filling up the DagBag from /Users/anikbhowmick/Python/Big_Data_Assignment/A02/airflow_env/lib/python3.11/site-packages/airflow/example_dags/example_branch_datetime_operator.py
[2024-03-08T00:24:00.202+0530] {processor.py:840} INFO - DAG(s) 'example_branch_datetime_operator', 'example_branch_datetime_operator_3', 'example_branch_datetime_operator_2' retrieved from /Users/anikbhowmick/Python/Big_Data_Assignment/A02/airflow_env/lib/python3.11/site-packages/airflow/example_dags/example_branch_datetime_operator.py
[2024-03-08T00:24:00.233+0530] {logging_mixin.py:188} INFO - [2024-03-08T00:24:00.232+0530] {dag.py:3047} INFO - Sync 3 DAGs
[2024-03-08T00:24:00.239+0530] {logging_mixin.py:188} INFO - [2024-03-08T00:24:00.238+0530] {dag.py:3834} INFO - Setting next_dagrun for example_branch_datetime_operator to 2024-03-06 00:00:00+00:00, run_after=2024-03-07 00:00:00+00:00
[2024-03-08T00:24:00.240+0530] {logging_mixin.py:188} INFO - [2024-03-08T00:24:00.240+0530] {dag.py:3834} INFO - Setting next_dagrun for example_branch_datetime_operator_2 to 2024-03-06 00:00:00+00:00, run_after=2024-03-07 00:00:00+00:00
[2024-03-08T00:24:00.240+0530] {logging_mixin.py:188} INFO - [2024-03-08T00:24:00.240+0530] {dag.py:3834} INFO - Setting next_dagrun for example_branch_datetime_operator_3 to 2024-03-06 00:00:00+00:00, run_after=2024-03-07 00:00:00+00:00
[2024-03-08T00:24:00.246+0530] {processor.py:183} INFO - Processing /Users/anikbhowmick/Python/Big_Data_Assignment/A02/airflow_env/lib/python3.11/site-packages/airflow/example_dags/example_branch_datetime_operator.py took 0.073 seconds
[2024-03-08T00:26:52.194+0530] {processor.py:161} INFO - Started process (PID=3111) to work on /Users/anikbhowmick/Python/Big_Data_Assignment/A02/airflow_env/lib/python3.11/site-packages/airflow/example_dags/example_branch_datetime_operator.py
[2024-03-08T00:26:52.195+0530] {processor.py:830} INFO - Processing file /Users/anikbhowmick/Python/Big_Data_Assignment/A02/airflow_env/lib/python3.11/site-packages/airflow/example_dags/example_branch_datetime_operator.py for tasks to queue
[2024-03-08T00:26:52.195+0530] {logging_mixin.py:188} INFO - [2024-03-08T00:26:52.195+0530] {dagbag.py:540} INFO - Filling up the DagBag from /Users/anikbhowmick/Python/Big_Data_Assignment/A02/airflow_env/lib/python3.11/site-packages/airflow/example_dags/example_branch_datetime_operator.py
[2024-03-08T00:26:52.222+0530] {processor.py:840} INFO - DAG(s) 'example_branch_datetime_operator', 'example_branch_datetime_operator_3', 'example_branch_datetime_operator_2' retrieved from /Users/anikbhowmick/Python/Big_Data_Assignment/A02/airflow_env/lib/python3.11/site-packages/airflow/example_dags/example_branch_datetime_operator.py
[2024-03-08T00:26:52.253+0530] {logging_mixin.py:188} INFO - [2024-03-08T00:26:52.253+0530] {dag.py:3047} INFO - Sync 3 DAGs
[2024-03-08T00:26:52.260+0530] {logging_mixin.py:188} INFO - [2024-03-08T00:26:52.259+0530] {dag.py:3834} INFO - Setting next_dagrun for example_branch_datetime_operator to 2024-03-06 00:00:00+00:00, run_after=2024-03-07 00:00:00+00:00
[2024-03-08T00:26:52.261+0530] {logging_mixin.py:188} INFO - [2024-03-08T00:26:52.261+0530] {dag.py:3834} INFO - Setting next_dagrun for example_branch_datetime_operator_2 to 2024-03-06 00:00:00+00:00, run_after=2024-03-07 00:00:00+00:00
[2024-03-08T00:26:52.261+0530] {logging_mixin.py:188} INFO - [2024-03-08T00:26:52.261+0530] {dag.py:3834} INFO - Setting next_dagrun for example_branch_datetime_operator_3 to 2024-03-06 00:00:00+00:00, run_after=2024-03-07 00:00:00+00:00
[2024-03-08T00:26:52.267+0530] {processor.py:183} INFO - Processing /Users/anikbhowmick/Python/Big_Data_Assignment/A02/airflow_env/lib/python3.11/site-packages/airflow/example_dags/example_branch_datetime_operator.py took 0.073 seconds
[2024-03-08T00:29:05.723+0530] {processor.py:161} INFO - Started process (PID=3338) to work on /Users/anikbhowmick/Python/Big_Data_Assignment/A02/airflow_env/lib/python3.11/site-packages/airflow/example_dags/example_branch_datetime_operator.py
[2024-03-08T00:29:05.724+0530] {processor.py:830} INFO - Processing file /Users/anikbhowmick/Python/Big_Data_Assignment/A02/airflow_env/lib/python3.11/site-packages/airflow/example_dags/example_branch_datetime_operator.py for tasks to queue
[2024-03-08T00:29:05.724+0530] {logging_mixin.py:188} INFO - [2024-03-08T00:29:05.724+0530] {dagbag.py:540} INFO - Filling up the DagBag from /Users/anikbhowmick/Python/Big_Data_Assignment/A02/airflow_env/lib/python3.11/site-packages/airflow/example_dags/example_branch_datetime_operator.py
[2024-03-08T00:29:05.752+0530] {processor.py:840} INFO - DAG(s) 'example_branch_datetime_operator', 'example_branch_datetime_operator_2', 'example_branch_datetime_operator_3' retrieved from /Users/anikbhowmick/Python/Big_Data_Assignment/A02/airflow_env/lib/python3.11/site-packages/airflow/example_dags/example_branch_datetime_operator.py
[2024-03-08T00:29:05.785+0530] {logging_mixin.py:188} INFO - [2024-03-08T00:29:05.784+0530] {dag.py:3047} INFO - Sync 3 DAGs
[2024-03-08T00:29:05.790+0530] {logging_mixin.py:188} INFO - [2024-03-08T00:29:05.790+0530] {dag.py:3834} INFO - Setting next_dagrun for example_branch_datetime_operator to 2024-03-06 00:00:00+00:00, run_after=2024-03-07 00:00:00+00:00
[2024-03-08T00:29:05.792+0530] {logging_mixin.py:188} INFO - [2024-03-08T00:29:05.792+0530] {dag.py:3834} INFO - Setting next_dagrun for example_branch_datetime_operator_2 to 2024-03-06 00:00:00+00:00, run_after=2024-03-07 00:00:00+00:00
[2024-03-08T00:29:05.792+0530] {logging_mixin.py:188} INFO - [2024-03-08T00:29:05.792+0530] {dag.py:3834} INFO - Setting next_dagrun for example_branch_datetime_operator_3 to 2024-03-06 00:00:00+00:00, run_after=2024-03-07 00:00:00+00:00
[2024-03-08T00:29:05.798+0530] {processor.py:183} INFO - Processing /Users/anikbhowmick/Python/Big_Data_Assignment/A02/airflow_env/lib/python3.11/site-packages/airflow/example_dags/example_branch_datetime_operator.py took 0.075 seconds
[2024-03-08T00:31:04.203+0530] {processor.py:161} INFO - Started process (PID=3460) to work on /Users/anikbhowmick/Python/Big_Data_Assignment/A02/airflow_env/lib/python3.11/site-packages/airflow/example_dags/example_branch_datetime_operator.py
[2024-03-08T00:31:04.204+0530] {processor.py:830} INFO - Processing file /Users/anikbhowmick/Python/Big_Data_Assignment/A02/airflow_env/lib/python3.11/site-packages/airflow/example_dags/example_branch_datetime_operator.py for tasks to queue
[2024-03-08T00:31:04.205+0530] {logging_mixin.py:188} INFO - [2024-03-08T00:31:04.204+0530] {dagbag.py:540} INFO - Filling up the DagBag from /Users/anikbhowmick/Python/Big_Data_Assignment/A02/airflow_env/lib/python3.11/site-packages/airflow/example_dags/example_branch_datetime_operator.py
[2024-03-08T00:31:04.232+0530] {processor.py:840} INFO - DAG(s) 'example_branch_datetime_operator_3', 'example_branch_datetime_operator', 'example_branch_datetime_operator_2' retrieved from /Users/anikbhowmick/Python/Big_Data_Assignment/A02/airflow_env/lib/python3.11/site-packages/airflow/example_dags/example_branch_datetime_operator.py
[2024-03-08T00:31:04.262+0530] {logging_mixin.py:188} INFO - [2024-03-08T00:31:04.262+0530] {dag.py:3047} INFO - Sync 3 DAGs
[2024-03-08T00:31:04.268+0530] {logging_mixin.py:188} INFO - [2024-03-08T00:31:04.268+0530] {dag.py:3834} INFO - Setting next_dagrun for example_branch_datetime_operator to 2024-03-06 00:00:00+00:00, run_after=2024-03-07 00:00:00+00:00
[2024-03-08T00:31:04.269+0530] {logging_mixin.py:188} INFO - [2024-03-08T00:31:04.269+0530] {dag.py:3834} INFO - Setting next_dagrun for example_branch_datetime_operator_2 to 2024-03-06 00:00:00+00:00, run_after=2024-03-07 00:00:00+00:00
[2024-03-08T00:31:04.270+0530] {logging_mixin.py:188} INFO - [2024-03-08T00:31:04.270+0530] {dag.py:3834} INFO - Setting next_dagrun for example_branch_datetime_operator_3 to 2024-03-06 00:00:00+00:00, run_after=2024-03-07 00:00:00+00:00
[2024-03-08T00:31:04.275+0530] {processor.py:183} INFO - Processing /Users/anikbhowmick/Python/Big_Data_Assignment/A02/airflow_env/lib/python3.11/site-packages/airflow/example_dags/example_branch_datetime_operator.py took 0.073 seconds
[2024-03-08T00:33:04.936+0530] {processor.py:161} INFO - Started process (PID=3568) to work on /Users/anikbhowmick/Python/Big_Data_Assignment/A02/airflow_env/lib/python3.11/site-packages/airflow/example_dags/example_branch_datetime_operator.py
[2024-03-08T00:33:04.937+0530] {processor.py:830} INFO - Processing file /Users/anikbhowmick/Python/Big_Data_Assignment/A02/airflow_env/lib/python3.11/site-packages/airflow/example_dags/example_branch_datetime_operator.py for tasks to queue
[2024-03-08T00:33:04.937+0530] {logging_mixin.py:188} INFO - [2024-03-08T00:33:04.937+0530] {dagbag.py:540} INFO - Filling up the DagBag from /Users/anikbhowmick/Python/Big_Data_Assignment/A02/airflow_env/lib/python3.11/site-packages/airflow/example_dags/example_branch_datetime_operator.py
[2024-03-08T00:33:04.969+0530] {processor.py:840} INFO - DAG(s) 'example_branch_datetime_operator_3', 'example_branch_datetime_operator', 'example_branch_datetime_operator_2' retrieved from /Users/anikbhowmick/Python/Big_Data_Assignment/A02/airflow_env/lib/python3.11/site-packages/airflow/example_dags/example_branch_datetime_operator.py
[2024-03-08T00:33:05.000+0530] {logging_mixin.py:188} INFO - [2024-03-08T00:33:05.000+0530] {dag.py:3047} INFO - Sync 3 DAGs
[2024-03-08T00:33:05.006+0530] {logging_mixin.py:188} INFO - [2024-03-08T00:33:05.006+0530] {dag.py:3834} INFO - Setting next_dagrun for example_branch_datetime_operator to 2024-03-06 00:00:00+00:00, run_after=2024-03-07 00:00:00+00:00
[2024-03-08T00:33:05.007+0530] {logging_mixin.py:188} INFO - [2024-03-08T00:33:05.007+0530] {dag.py:3834} INFO - Setting next_dagrun for example_branch_datetime_operator_2 to 2024-03-06 00:00:00+00:00, run_after=2024-03-07 00:00:00+00:00
[2024-03-08T00:33:05.008+0530] {logging_mixin.py:188} INFO - [2024-03-08T00:33:05.008+0530] {dag.py:3834} INFO - Setting next_dagrun for example_branch_datetime_operator_3 to 2024-03-06 00:00:00+00:00, run_after=2024-03-07 00:00:00+00:00
[2024-03-08T00:33:05.013+0530] {processor.py:183} INFO - Processing /Users/anikbhowmick/Python/Big_Data_Assignment/A02/airflow_env/lib/python3.11/site-packages/airflow/example_dags/example_branch_datetime_operator.py took 0.077 seconds
[2024-03-08T00:35:01.174+0530] {processor.py:161} INFO - Started process (PID=3691) to work on /Users/anikbhowmick/Python/Big_Data_Assignment/A02/airflow_env/lib/python3.11/site-packages/airflow/example_dags/example_branch_datetime_operator.py
[2024-03-08T00:35:01.175+0530] {processor.py:830} INFO - Processing file /Users/anikbhowmick/Python/Big_Data_Assignment/A02/airflow_env/lib/python3.11/site-packages/airflow/example_dags/example_branch_datetime_operator.py for tasks to queue
[2024-03-08T00:35:01.176+0530] {logging_mixin.py:188} INFO - [2024-03-08T00:35:01.176+0530] {dagbag.py:540} INFO - Filling up the DagBag from /Users/anikbhowmick/Python/Big_Data_Assignment/A02/airflow_env/lib/python3.11/site-packages/airflow/example_dags/example_branch_datetime_operator.py
[2024-03-08T00:35:01.201+0530] {processor.py:840} INFO - DAG(s) 'example_branch_datetime_operator_2', 'example_branch_datetime_operator_3', 'example_branch_datetime_operator' retrieved from /Users/anikbhowmick/Python/Big_Data_Assignment/A02/airflow_env/lib/python3.11/site-packages/airflow/example_dags/example_branch_datetime_operator.py
[2024-03-08T00:35:01.231+0530] {logging_mixin.py:188} INFO - [2024-03-08T00:35:01.231+0530] {dag.py:3047} INFO - Sync 3 DAGs
[2024-03-08T00:35:01.237+0530] {logging_mixin.py:188} INFO - [2024-03-08T00:35:01.237+0530] {dag.py:3834} INFO - Setting next_dagrun for example_branch_datetime_operator to 2024-03-06 00:00:00+00:00, run_after=2024-03-07 00:00:00+00:00
[2024-03-08T00:35:01.238+0530] {logging_mixin.py:188} INFO - [2024-03-08T00:35:01.238+0530] {dag.py:3834} INFO - Setting next_dagrun for example_branch_datetime_operator_2 to 2024-03-06 00:00:00+00:00, run_after=2024-03-07 00:00:00+00:00
[2024-03-08T00:35:01.239+0530] {logging_mixin.py:188} INFO - [2024-03-08T00:35:01.239+0530] {dag.py:3834} INFO - Setting next_dagrun for example_branch_datetime_operator_3 to 2024-03-06 00:00:00+00:00, run_after=2024-03-07 00:00:00+00:00
[2024-03-08T00:35:01.244+0530] {processor.py:183} INFO - Processing /Users/anikbhowmick/Python/Big_Data_Assignment/A02/airflow_env/lib/python3.11/site-packages/airflow/example_dags/example_branch_datetime_operator.py took 0.071 seconds
[2024-03-08T00:36:55.930+0530] {processor.py:161} INFO - Started process (PID=3789) to work on /Users/anikbhowmick/Python/Big_Data_Assignment/A02/airflow_env/lib/python3.11/site-packages/airflow/example_dags/example_branch_datetime_operator.py
[2024-03-08T00:36:55.931+0530] {processor.py:830} INFO - Processing file /Users/anikbhowmick/Python/Big_Data_Assignment/A02/airflow_env/lib/python3.11/site-packages/airflow/example_dags/example_branch_datetime_operator.py for tasks to queue
[2024-03-08T00:36:55.931+0530] {logging_mixin.py:188} INFO - [2024-03-08T00:36:55.931+0530] {dagbag.py:540} INFO - Filling up the DagBag from /Users/anikbhowmick/Python/Big_Data_Assignment/A02/airflow_env/lib/python3.11/site-packages/airflow/example_dags/example_branch_datetime_operator.py
[2024-03-08T00:36:55.961+0530] {processor.py:840} INFO - DAG(s) 'example_branch_datetime_operator_2', 'example_branch_datetime_operator', 'example_branch_datetime_operator_3' retrieved from /Users/anikbhowmick/Python/Big_Data_Assignment/A02/airflow_env/lib/python3.11/site-packages/airflow/example_dags/example_branch_datetime_operator.py
[2024-03-08T00:36:55.994+0530] {logging_mixin.py:188} INFO - [2024-03-08T00:36:55.994+0530] {dag.py:3047} INFO - Sync 3 DAGs
[2024-03-08T00:36:56.001+0530] {logging_mixin.py:188} INFO - [2024-03-08T00:36:56.001+0530] {dag.py:3834} INFO - Setting next_dagrun for example_branch_datetime_operator to 2024-03-06 00:00:00+00:00, run_after=2024-03-07 00:00:00+00:00
[2024-03-08T00:36:56.002+0530] {logging_mixin.py:188} INFO - [2024-03-08T00:36:56.002+0530] {dag.py:3834} INFO - Setting next_dagrun for example_branch_datetime_operator_2 to 2024-03-06 00:00:00+00:00, run_after=2024-03-07 00:00:00+00:00
[2024-03-08T00:36:56.003+0530] {logging_mixin.py:188} INFO - [2024-03-08T00:36:56.003+0530] {dag.py:3834} INFO - Setting next_dagrun for example_branch_datetime_operator_3 to 2024-03-06 00:00:00+00:00, run_after=2024-03-07 00:00:00+00:00
[2024-03-08T00:36:56.009+0530] {processor.py:183} INFO - Processing /Users/anikbhowmick/Python/Big_Data_Assignment/A02/airflow_env/lib/python3.11/site-packages/airflow/example_dags/example_branch_datetime_operator.py took 0.080 seconds
[2024-03-08T00:38:48.588+0530] {processor.py:161} INFO - Started process (PID=3861) to work on /Users/anikbhowmick/Python/Big_Data_Assignment/A02/airflow_env/lib/python3.11/site-packages/airflow/example_dags/example_branch_datetime_operator.py
[2024-03-08T00:38:48.589+0530] {processor.py:830} INFO - Processing file /Users/anikbhowmick/Python/Big_Data_Assignment/A02/airflow_env/lib/python3.11/site-packages/airflow/example_dags/example_branch_datetime_operator.py for tasks to queue
[2024-03-08T00:38:48.589+0530] {logging_mixin.py:188} INFO - [2024-03-08T00:38:48.589+0530] {dagbag.py:540} INFO - Filling up the DagBag from /Users/anikbhowmick/Python/Big_Data_Assignment/A02/airflow_env/lib/python3.11/site-packages/airflow/example_dags/example_branch_datetime_operator.py
[2024-03-08T00:38:48.616+0530] {processor.py:840} INFO - DAG(s) 'example_branch_datetime_operator_3', 'example_branch_datetime_operator', 'example_branch_datetime_operator_2' retrieved from /Users/anikbhowmick/Python/Big_Data_Assignment/A02/airflow_env/lib/python3.11/site-packages/airflow/example_dags/example_branch_datetime_operator.py
[2024-03-08T00:38:48.647+0530] {logging_mixin.py:188} INFO - [2024-03-08T00:38:48.647+0530] {dag.py:3047} INFO - Sync 3 DAGs
[2024-03-08T00:38:48.653+0530] {logging_mixin.py:188} INFO - [2024-03-08T00:38:48.653+0530] {dag.py:3834} INFO - Setting next_dagrun for example_branch_datetime_operator to 2024-03-06 00:00:00+00:00, run_after=2024-03-07 00:00:00+00:00
[2024-03-08T00:38:48.655+0530] {logging_mixin.py:188} INFO - [2024-03-08T00:38:48.655+0530] {dag.py:3834} INFO - Setting next_dagrun for example_branch_datetime_operator_2 to 2024-03-06 00:00:00+00:00, run_after=2024-03-07 00:00:00+00:00
[2024-03-08T00:38:48.655+0530] {logging_mixin.py:188} INFO - [2024-03-08T00:38:48.655+0530] {dag.py:3834} INFO - Setting next_dagrun for example_branch_datetime_operator_3 to 2024-03-06 00:00:00+00:00, run_after=2024-03-07 00:00:00+00:00
[2024-03-08T00:38:48.661+0530] {processor.py:183} INFO - Processing /Users/anikbhowmick/Python/Big_Data_Assignment/A02/airflow_env/lib/python3.11/site-packages/airflow/example_dags/example_branch_datetime_operator.py took 0.074 seconds
[2024-03-08T00:40:47.564+0530] {processor.py:161} INFO - Started process (PID=3944) to work on /Users/anikbhowmick/Python/Big_Data_Assignment/A02/airflow_env/lib/python3.11/site-packages/airflow/example_dags/example_branch_datetime_operator.py
[2024-03-08T00:40:47.565+0530] {processor.py:830} INFO - Processing file /Users/anikbhowmick/Python/Big_Data_Assignment/A02/airflow_env/lib/python3.11/site-packages/airflow/example_dags/example_branch_datetime_operator.py for tasks to queue
[2024-03-08T00:40:47.565+0530] {logging_mixin.py:188} INFO - [2024-03-08T00:40:47.565+0530] {dagbag.py:540} INFO - Filling up the DagBag from /Users/anikbhowmick/Python/Big_Data_Assignment/A02/airflow_env/lib/python3.11/site-packages/airflow/example_dags/example_branch_datetime_operator.py
[2024-03-08T00:40:47.594+0530] {processor.py:840} INFO - DAG(s) 'example_branch_datetime_operator_2', 'example_branch_datetime_operator', 'example_branch_datetime_operator_3' retrieved from /Users/anikbhowmick/Python/Big_Data_Assignment/A02/airflow_env/lib/python3.11/site-packages/airflow/example_dags/example_branch_datetime_operator.py
[2024-03-08T00:40:47.626+0530] {logging_mixin.py:188} INFO - [2024-03-08T00:40:47.626+0530] {dag.py:3047} INFO - Sync 3 DAGs
[2024-03-08T00:40:47.632+0530] {logging_mixin.py:188} INFO - [2024-03-08T00:40:47.632+0530] {dag.py:3834} INFO - Setting next_dagrun for example_branch_datetime_operator to 2024-03-06 00:00:00+00:00, run_after=2024-03-07 00:00:00+00:00
[2024-03-08T00:40:47.633+0530] {logging_mixin.py:188} INFO - [2024-03-08T00:40:47.633+0530] {dag.py:3834} INFO - Setting next_dagrun for example_branch_datetime_operator_2 to 2024-03-06 00:00:00+00:00, run_after=2024-03-07 00:00:00+00:00
[2024-03-08T00:40:47.634+0530] {logging_mixin.py:188} INFO - [2024-03-08T00:40:47.634+0530] {dag.py:3834} INFO - Setting next_dagrun for example_branch_datetime_operator_3 to 2024-03-06 00:00:00+00:00, run_after=2024-03-07 00:00:00+00:00
[2024-03-08T00:40:47.640+0530] {processor.py:183} INFO - Processing /Users/anikbhowmick/Python/Big_Data_Assignment/A02/airflow_env/lib/python3.11/site-packages/airflow/example_dags/example_branch_datetime_operator.py took 0.076 seconds
