[2024-03-08T00:13:11.845+0530] {processor.py:161} INFO - Started process (PID=2054) to work on /Users/anikbhowmick/Python/Big_Data_Assignment/A02/airflow_env/lib/python3.11/site-packages/airflow/example_dags/example_short_circuit_decorator.py
[2024-03-08T00:13:11.845+0530] {processor.py:830} INFO - Processing file /Users/anikbhowmick/Python/Big_Data_Assignment/A02/airflow_env/lib/python3.11/site-packages/airflow/example_dags/example_short_circuit_decorator.py for tasks to queue
[2024-03-08T00:13:11.845+0530] {logging_mixin.py:188} INFO - [2024-03-08T00:13:11.845+0530] {dagbag.py:540} INFO - Filling up the DagBag from /Users/anikbhowmick/Python/Big_Data_Assignment/A02/airflow_env/lib/python3.11/site-packages/airflow/example_dags/example_short_circuit_decorator.py
[2024-03-08T00:13:11.881+0530] {processor.py:840} INFO - DAG(s) 'example_short_circuit_decorator' retrieved from /Users/anikbhowmick/Python/Big_Data_Assignment/A02/airflow_env/lib/python3.11/site-packages/airflow/example_dags/example_short_circuit_decorator.py
[2024-03-08T00:13:11.911+0530] {logging_mixin.py:188} INFO - [2024-03-08T00:13:11.910+0530] {dag.py:3047} INFO - Sync 1 DAGs
[2024-03-08T00:13:11.916+0530] {logging_mixin.py:188} INFO - [2024-03-08T00:13:11.916+0530] {dag.py:3834} INFO - Setting next_dagrun for example_short_circuit_decorator to 2024-03-06 00:00:00+00:00, run_after=2024-03-07 00:00:00+00:00
[2024-03-08T00:13:11.922+0530] {processor.py:183} INFO - Processing /Users/anikbhowmick/Python/Big_Data_Assignment/A02/airflow_env/lib/python3.11/site-packages/airflow/example_dags/example_short_circuit_decorator.py took 0.078 seconds
[2024-03-08T00:14:02.563+0530] {processor.py:161} INFO - Started process (PID=2118) to work on /Users/anikbhowmick/Python/Big_Data_Assignment/A02/airflow_env/lib/python3.11/site-packages/airflow/example_dags/example_short_circuit_decorator.py
[2024-03-08T00:14:02.564+0530] {processor.py:830} INFO - Processing file /Users/anikbhowmick/Python/Big_Data_Assignment/A02/airflow_env/lib/python3.11/site-packages/airflow/example_dags/example_short_circuit_decorator.py for tasks to queue
[2024-03-08T00:14:02.564+0530] {logging_mixin.py:188} INFO - [2024-03-08T00:14:02.564+0530] {dagbag.py:540} INFO - Filling up the DagBag from /Users/anikbhowmick/Python/Big_Data_Assignment/A02/airflow_env/lib/python3.11/site-packages/airflow/example_dags/example_short_circuit_decorator.py
[2024-03-08T00:14:02.597+0530] {processor.py:840} INFO - DAG(s) 'example_short_circuit_decorator' retrieved from /Users/anikbhowmick/Python/Big_Data_Assignment/A02/airflow_env/lib/python3.11/site-packages/airflow/example_dags/example_short_circuit_decorator.py
[2024-03-08T00:14:02.626+0530] {logging_mixin.py:188} INFO - [2024-03-08T00:14:02.626+0530] {dag.py:3047} INFO - Sync 1 DAGs
[2024-03-08T00:14:02.631+0530] {logging_mixin.py:188} INFO - [2024-03-08T00:14:02.631+0530] {dag.py:3834} INFO - Setting next_dagrun for example_short_circuit_decorator to 2024-03-06 00:00:00+00:00, run_after=2024-03-07 00:00:00+00:00
[2024-03-08T00:14:02.638+0530] {processor.py:183} INFO - Processing /Users/anikbhowmick/Python/Big_Data_Assignment/A02/airflow_env/lib/python3.11/site-packages/airflow/example_dags/example_short_circuit_decorator.py took 0.075 seconds
[2024-03-08T00:14:51.762+0530] {processor.py:161} INFO - Started process (PID=2169) to work on /Users/anikbhowmick/Python/Big_Data_Assignment/A02/airflow_env/lib/python3.11/site-packages/airflow/example_dags/example_short_circuit_decorator.py
[2024-03-08T00:14:51.763+0530] {processor.py:830} INFO - Processing file /Users/anikbhowmick/Python/Big_Data_Assignment/A02/airflow_env/lib/python3.11/site-packages/airflow/example_dags/example_short_circuit_decorator.py for tasks to queue
[2024-03-08T00:14:51.763+0530] {logging_mixin.py:188} INFO - [2024-03-08T00:14:51.763+0530] {dagbag.py:540} INFO - Filling up the DagBag from /Users/anikbhowmick/Python/Big_Data_Assignment/A02/airflow_env/lib/python3.11/site-packages/airflow/example_dags/example_short_circuit_decorator.py
[2024-03-08T00:14:51.799+0530] {processor.py:840} INFO - DAG(s) 'example_short_circuit_decorator' retrieved from /Users/anikbhowmick/Python/Big_Data_Assignment/A02/airflow_env/lib/python3.11/site-packages/airflow/example_dags/example_short_circuit_decorator.py
[2024-03-08T00:14:51.830+0530] {logging_mixin.py:188} INFO - [2024-03-08T00:14:51.830+0530] {dag.py:3047} INFO - Sync 1 DAGs
[2024-03-08T00:14:51.835+0530] {logging_mixin.py:188} INFO - [2024-03-08T00:14:51.835+0530] {dag.py:3834} INFO - Setting next_dagrun for example_short_circuit_decorator to 2024-03-06 00:00:00+00:00, run_after=2024-03-07 00:00:00+00:00
[2024-03-08T00:14:51.841+0530] {processor.py:183} INFO - Processing /Users/anikbhowmick/Python/Big_Data_Assignment/A02/airflow_env/lib/python3.11/site-packages/airflow/example_dags/example_short_circuit_decorator.py took 0.080 seconds
[2024-03-08T00:15:50.665+0530] {processor.py:161} INFO - Started process (PID=2233) to work on /Users/anikbhowmick/Python/Big_Data_Assignment/A02/airflow_env/lib/python3.11/site-packages/airflow/example_dags/example_short_circuit_decorator.py
[2024-03-08T00:15:50.667+0530] {processor.py:830} INFO - Processing file /Users/anikbhowmick/Python/Big_Data_Assignment/A02/airflow_env/lib/python3.11/site-packages/airflow/example_dags/example_short_circuit_decorator.py for tasks to queue
[2024-03-08T00:15:50.667+0530] {logging_mixin.py:188} INFO - [2024-03-08T00:15:50.667+0530] {dagbag.py:540} INFO - Filling up the DagBag from /Users/anikbhowmick/Python/Big_Data_Assignment/A02/airflow_env/lib/python3.11/site-packages/airflow/example_dags/example_short_circuit_decorator.py
[2024-03-08T00:15:50.700+0530] {processor.py:840} INFO - DAG(s) 'example_short_circuit_decorator' retrieved from /Users/anikbhowmick/Python/Big_Data_Assignment/A02/airflow_env/lib/python3.11/site-packages/airflow/example_dags/example_short_circuit_decorator.py
[2024-03-08T00:15:50.729+0530] {logging_mixin.py:188} INFO - [2024-03-08T00:15:50.729+0530] {dag.py:3047} INFO - Sync 1 DAGs
[2024-03-08T00:15:50.734+0530] {logging_mixin.py:188} INFO - [2024-03-08T00:15:50.734+0530] {dag.py:3834} INFO - Setting next_dagrun for example_short_circuit_decorator to 2024-03-06 00:00:00+00:00, run_after=2024-03-07 00:00:00+00:00
[2024-03-08T00:15:50.740+0530] {processor.py:183} INFO - Processing /Users/anikbhowmick/Python/Big_Data_Assignment/A02/airflow_env/lib/python3.11/site-packages/airflow/example_dags/example_short_circuit_decorator.py took 0.075 seconds
[2024-03-08T00:16:50.485+0530] {processor.py:161} INFO - Started process (PID=2294) to work on /Users/anikbhowmick/Python/Big_Data_Assignment/A02/airflow_env/lib/python3.11/site-packages/airflow/example_dags/example_short_circuit_decorator.py
[2024-03-08T00:16:50.486+0530] {processor.py:830} INFO - Processing file /Users/anikbhowmick/Python/Big_Data_Assignment/A02/airflow_env/lib/python3.11/site-packages/airflow/example_dags/example_short_circuit_decorator.py for tasks to queue
[2024-03-08T00:16:50.486+0530] {logging_mixin.py:188} INFO - [2024-03-08T00:16:50.486+0530] {dagbag.py:540} INFO - Filling up the DagBag from /Users/anikbhowmick/Python/Big_Data_Assignment/A02/airflow_env/lib/python3.11/site-packages/airflow/example_dags/example_short_circuit_decorator.py
[2024-03-08T00:16:50.520+0530] {processor.py:840} INFO - DAG(s) 'example_short_circuit_decorator' retrieved from /Users/anikbhowmick/Python/Big_Data_Assignment/A02/airflow_env/lib/python3.11/site-packages/airflow/example_dags/example_short_circuit_decorator.py
[2024-03-08T00:16:50.549+0530] {logging_mixin.py:188} INFO - [2024-03-08T00:16:50.548+0530] {dag.py:3047} INFO - Sync 1 DAGs
[2024-03-08T00:16:50.554+0530] {logging_mixin.py:188} INFO - [2024-03-08T00:16:50.554+0530] {dag.py:3834} INFO - Setting next_dagrun for example_short_circuit_decorator to 2024-03-06 00:00:00+00:00, run_after=2024-03-07 00:00:00+00:00
[2024-03-08T00:16:50.560+0530] {processor.py:183} INFO - Processing /Users/anikbhowmick/Python/Big_Data_Assignment/A02/airflow_env/lib/python3.11/site-packages/airflow/example_dags/example_short_circuit_decorator.py took 0.076 seconds
[2024-03-08T00:17:50.070+0530] {processor.py:161} INFO - Started process (PID=2406) to work on /Users/anikbhowmick/Python/Big_Data_Assignment/A02/airflow_env/lib/python3.11/site-packages/airflow/example_dags/example_short_circuit_decorator.py
[2024-03-08T00:17:50.071+0530] {processor.py:830} INFO - Processing file /Users/anikbhowmick/Python/Big_Data_Assignment/A02/airflow_env/lib/python3.11/site-packages/airflow/example_dags/example_short_circuit_decorator.py for tasks to queue
[2024-03-08T00:17:50.072+0530] {logging_mixin.py:188} INFO - [2024-03-08T00:17:50.072+0530] {dagbag.py:540} INFO - Filling up the DagBag from /Users/anikbhowmick/Python/Big_Data_Assignment/A02/airflow_env/lib/python3.11/site-packages/airflow/example_dags/example_short_circuit_decorator.py
[2024-03-08T00:17:50.105+0530] {processor.py:840} INFO - DAG(s) 'example_short_circuit_decorator' retrieved from /Users/anikbhowmick/Python/Big_Data_Assignment/A02/airflow_env/lib/python3.11/site-packages/airflow/example_dags/example_short_circuit_decorator.py
[2024-03-08T00:17:50.134+0530] {logging_mixin.py:188} INFO - [2024-03-08T00:17:50.134+0530] {dag.py:3047} INFO - Sync 1 DAGs
[2024-03-08T00:17:50.140+0530] {logging_mixin.py:188} INFO - [2024-03-08T00:17:50.140+0530] {dag.py:3834} INFO - Setting next_dagrun for example_short_circuit_decorator to 2024-03-06 00:00:00+00:00, run_after=2024-03-07 00:00:00+00:00
[2024-03-08T00:17:50.146+0530] {processor.py:183} INFO - Processing /Users/anikbhowmick/Python/Big_Data_Assignment/A02/airflow_env/lib/python3.11/site-packages/airflow/example_dags/example_short_circuit_decorator.py took 0.076 seconds
[2024-03-08T00:19:04.824+0530] {processor.py:161} INFO - Started process (PID=2507) to work on /Users/anikbhowmick/Python/Big_Data_Assignment/A02/airflow_env/lib/python3.11/site-packages/airflow/example_dags/example_short_circuit_decorator.py
[2024-03-08T00:19:04.825+0530] {processor.py:830} INFO - Processing file /Users/anikbhowmick/Python/Big_Data_Assignment/A02/airflow_env/lib/python3.11/site-packages/airflow/example_dags/example_short_circuit_decorator.py for tasks to queue
[2024-03-08T00:19:04.825+0530] {logging_mixin.py:188} INFO - [2024-03-08T00:19:04.825+0530] {dagbag.py:540} INFO - Filling up the DagBag from /Users/anikbhowmick/Python/Big_Data_Assignment/A02/airflow_env/lib/python3.11/site-packages/airflow/example_dags/example_short_circuit_decorator.py
[2024-03-08T00:19:04.858+0530] {processor.py:840} INFO - DAG(s) 'example_short_circuit_decorator' retrieved from /Users/anikbhowmick/Python/Big_Data_Assignment/A02/airflow_env/lib/python3.11/site-packages/airflow/example_dags/example_short_circuit_decorator.py
[2024-03-08T00:19:04.887+0530] {logging_mixin.py:188} INFO - [2024-03-08T00:19:04.887+0530] {dag.py:3047} INFO - Sync 1 DAGs
[2024-03-08T00:19:04.892+0530] {logging_mixin.py:188} INFO - [2024-03-08T00:19:04.892+0530] {dag.py:3834} INFO - Setting next_dagrun for example_short_circuit_decorator to 2024-03-06 00:00:00+00:00, run_after=2024-03-07 00:00:00+00:00
[2024-03-08T00:19:04.899+0530] {processor.py:183} INFO - Processing /Users/anikbhowmick/Python/Big_Data_Assignment/A02/airflow_env/lib/python3.11/site-packages/airflow/example_dags/example_short_circuit_decorator.py took 0.075 seconds
[2024-03-08T00:23:34.943+0530] {processor.py:161} INFO - Started process (PID=2813) to work on /Users/anikbhowmick/Python/Big_Data_Assignment/A02/airflow_env/lib/python3.11/site-packages/airflow/example_dags/example_short_circuit_decorator.py
[2024-03-08T00:23:34.943+0530] {processor.py:830} INFO - Processing file /Users/anikbhowmick/Python/Big_Data_Assignment/A02/airflow_env/lib/python3.11/site-packages/airflow/example_dags/example_short_circuit_decorator.py for tasks to queue
[2024-03-08T00:23:34.943+0530] {logging_mixin.py:188} INFO - [2024-03-08T00:23:34.943+0530] {dagbag.py:540} INFO - Filling up the DagBag from /Users/anikbhowmick/Python/Big_Data_Assignment/A02/airflow_env/lib/python3.11/site-packages/airflow/example_dags/example_short_circuit_decorator.py
[2024-03-08T00:23:34.981+0530] {processor.py:840} INFO - DAG(s) 'example_short_circuit_decorator' retrieved from /Users/anikbhowmick/Python/Big_Data_Assignment/A02/airflow_env/lib/python3.11/site-packages/airflow/example_dags/example_short_circuit_decorator.py
[2024-03-08T00:23:35.010+0530] {logging_mixin.py:188} INFO - [2024-03-08T00:23:35.010+0530] {dag.py:3047} INFO - Sync 1 DAGs
[2024-03-08T00:23:35.015+0530] {logging_mixin.py:188} INFO - [2024-03-08T00:23:35.015+0530] {dag.py:3834} INFO - Setting next_dagrun for example_short_circuit_decorator to 2024-03-06 00:00:00+00:00, run_after=2024-03-07 00:00:00+00:00
[2024-03-08T00:23:35.022+0530] {processor.py:183} INFO - Processing /Users/anikbhowmick/Python/Big_Data_Assignment/A02/airflow_env/lib/python3.11/site-packages/airflow/example_dags/example_short_circuit_decorator.py took 0.080 seconds
[2024-03-08T00:24:26.200+0530] {processor.py:161} INFO - Started process (PID=2889) to work on /Users/anikbhowmick/Python/Big_Data_Assignment/A02/airflow_env/lib/python3.11/site-packages/airflow/example_dags/example_short_circuit_decorator.py
[2024-03-08T00:24:26.202+0530] {processor.py:830} INFO - Processing file /Users/anikbhowmick/Python/Big_Data_Assignment/A02/airflow_env/lib/python3.11/site-packages/airflow/example_dags/example_short_circuit_decorator.py for tasks to queue
[2024-03-08T00:24:26.202+0530] {logging_mixin.py:188} INFO - [2024-03-08T00:24:26.202+0530] {dagbag.py:540} INFO - Filling up the DagBag from /Users/anikbhowmick/Python/Big_Data_Assignment/A02/airflow_env/lib/python3.11/site-packages/airflow/example_dags/example_short_circuit_decorator.py
[2024-03-08T00:24:26.235+0530] {processor.py:840} INFO - DAG(s) 'example_short_circuit_decorator' retrieved from /Users/anikbhowmick/Python/Big_Data_Assignment/A02/airflow_env/lib/python3.11/site-packages/airflow/example_dags/example_short_circuit_decorator.py
[2024-03-08T00:24:26.264+0530] {logging_mixin.py:188} INFO - [2024-03-08T00:24:26.264+0530] {dag.py:3047} INFO - Sync 1 DAGs
[2024-03-08T00:24:26.269+0530] {logging_mixin.py:188} INFO - [2024-03-08T00:24:26.269+0530] {dag.py:3834} INFO - Setting next_dagrun for example_short_circuit_decorator to 2024-03-06 00:00:00+00:00, run_after=2024-03-07 00:00:00+00:00
[2024-03-08T00:24:26.275+0530] {processor.py:183} INFO - Processing /Users/anikbhowmick/Python/Big_Data_Assignment/A02/airflow_env/lib/python3.11/site-packages/airflow/example_dags/example_short_circuit_decorator.py took 0.075 seconds
[2024-03-08T00:26:04.887+0530] {processor.py:161} INFO - Started process (PID=3059) to work on /Users/anikbhowmick/Python/Big_Data_Assignment/A02/airflow_env/lib/python3.11/site-packages/airflow/example_dags/example_short_circuit_decorator.py
[2024-03-08T00:26:04.888+0530] {processor.py:830} INFO - Processing file /Users/anikbhowmick/Python/Big_Data_Assignment/A02/airflow_env/lib/python3.11/site-packages/airflow/example_dags/example_short_circuit_decorator.py for tasks to queue
[2024-03-08T00:26:04.888+0530] {logging_mixin.py:188} INFO - [2024-03-08T00:26:04.888+0530] {dagbag.py:540} INFO - Filling up the DagBag from /Users/anikbhowmick/Python/Big_Data_Assignment/A02/airflow_env/lib/python3.11/site-packages/airflow/example_dags/example_short_circuit_decorator.py
[2024-03-08T00:26:04.927+0530] {processor.py:840} INFO - DAG(s) 'example_short_circuit_decorator' retrieved from /Users/anikbhowmick/Python/Big_Data_Assignment/A02/airflow_env/lib/python3.11/site-packages/airflow/example_dags/example_short_circuit_decorator.py
[2024-03-08T00:26:04.963+0530] {logging_mixin.py:188} INFO - [2024-03-08T00:26:04.963+0530] {dag.py:3047} INFO - Sync 1 DAGs
[2024-03-08T00:26:04.970+0530] {logging_mixin.py:188} INFO - [2024-03-08T00:26:04.969+0530] {dag.py:3834} INFO - Setting next_dagrun for example_short_circuit_decorator to 2024-03-06 00:00:00+00:00, run_after=2024-03-07 00:00:00+00:00
[2024-03-08T00:26:04.977+0530] {processor.py:183} INFO - Processing /Users/anikbhowmick/Python/Big_Data_Assignment/A02/airflow_env/lib/python3.11/site-packages/airflow/example_dags/example_short_circuit_decorator.py took 0.090 seconds
[2024-03-08T00:27:52.541+0530] {processor.py:161} INFO - Started process (PID=3269) to work on /Users/anikbhowmick/Python/Big_Data_Assignment/A02/airflow_env/lib/python3.11/site-packages/airflow/example_dags/example_short_circuit_decorator.py
[2024-03-08T00:27:52.542+0530] {processor.py:830} INFO - Processing file /Users/anikbhowmick/Python/Big_Data_Assignment/A02/airflow_env/lib/python3.11/site-packages/airflow/example_dags/example_short_circuit_decorator.py for tasks to queue
[2024-03-08T00:27:52.542+0530] {logging_mixin.py:188} INFO - [2024-03-08T00:27:52.542+0530] {dagbag.py:540} INFO - Filling up the DagBag from /Users/anikbhowmick/Python/Big_Data_Assignment/A02/airflow_env/lib/python3.11/site-packages/airflow/example_dags/example_short_circuit_decorator.py
[2024-03-08T00:27:52.580+0530] {processor.py:840} INFO - DAG(s) 'example_short_circuit_decorator' retrieved from /Users/anikbhowmick/Python/Big_Data_Assignment/A02/airflow_env/lib/python3.11/site-packages/airflow/example_dags/example_short_circuit_decorator.py
[2024-03-08T00:27:52.611+0530] {logging_mixin.py:188} INFO - [2024-03-08T00:27:52.611+0530] {dag.py:3047} INFO - Sync 1 DAGs
[2024-03-08T00:27:52.617+0530] {logging_mixin.py:188} INFO - [2024-03-08T00:27:52.616+0530] {dag.py:3834} INFO - Setting next_dagrun for example_short_circuit_decorator to 2024-03-06 00:00:00+00:00, run_after=2024-03-07 00:00:00+00:00
[2024-03-08T00:27:52.623+0530] {processor.py:183} INFO - Processing /Users/anikbhowmick/Python/Big_Data_Assignment/A02/airflow_env/lib/python3.11/site-packages/airflow/example_dags/example_short_circuit_decorator.py took 0.083 seconds
[2024-03-08T00:29:44.817+0530] {processor.py:161} INFO - Started process (PID=3364) to work on /Users/anikbhowmick/Python/Big_Data_Assignment/A02/airflow_env/lib/python3.11/site-packages/airflow/example_dags/example_short_circuit_decorator.py
[2024-03-08T00:29:44.818+0530] {processor.py:830} INFO - Processing file /Users/anikbhowmick/Python/Big_Data_Assignment/A02/airflow_env/lib/python3.11/site-packages/airflow/example_dags/example_short_circuit_decorator.py for tasks to queue
[2024-03-08T00:29:44.819+0530] {logging_mixin.py:188} INFO - [2024-03-08T00:29:44.818+0530] {dagbag.py:540} INFO - Filling up the DagBag from /Users/anikbhowmick/Python/Big_Data_Assignment/A02/airflow_env/lib/python3.11/site-packages/airflow/example_dags/example_short_circuit_decorator.py
[2024-03-08T00:29:44.855+0530] {processor.py:840} INFO - DAG(s) 'example_short_circuit_decorator' retrieved from /Users/anikbhowmick/Python/Big_Data_Assignment/A02/airflow_env/lib/python3.11/site-packages/airflow/example_dags/example_short_circuit_decorator.py
[2024-03-08T00:29:44.885+0530] {logging_mixin.py:188} INFO - [2024-03-08T00:29:44.885+0530] {dag.py:3047} INFO - Sync 1 DAGs
[2024-03-08T00:29:44.891+0530] {logging_mixin.py:188} INFO - [2024-03-08T00:29:44.891+0530] {dag.py:3834} INFO - Setting next_dagrun for example_short_circuit_decorator to 2024-03-06 00:00:00+00:00, run_after=2024-03-07 00:00:00+00:00
[2024-03-08T00:29:44.898+0530] {processor.py:183} INFO - Processing /Users/anikbhowmick/Python/Big_Data_Assignment/A02/airflow_env/lib/python3.11/site-packages/airflow/example_dags/example_short_circuit_decorator.py took 0.082 seconds
[2024-03-08T00:31:47.188+0530] {processor.py:161} INFO - Started process (PID=3497) to work on /Users/anikbhowmick/Python/Big_Data_Assignment/A02/airflow_env/lib/python3.11/site-packages/airflow/example_dags/example_short_circuit_decorator.py
[2024-03-08T00:31:47.189+0530] {processor.py:830} INFO - Processing file /Users/anikbhowmick/Python/Big_Data_Assignment/A02/airflow_env/lib/python3.11/site-packages/airflow/example_dags/example_short_circuit_decorator.py for tasks to queue
[2024-03-08T00:31:47.189+0530] {logging_mixin.py:188} INFO - [2024-03-08T00:31:47.189+0530] {dagbag.py:540} INFO - Filling up the DagBag from /Users/anikbhowmick/Python/Big_Data_Assignment/A02/airflow_env/lib/python3.11/site-packages/airflow/example_dags/example_short_circuit_decorator.py
[2024-03-08T00:31:47.224+0530] {processor.py:840} INFO - DAG(s) 'example_short_circuit_decorator' retrieved from /Users/anikbhowmick/Python/Big_Data_Assignment/A02/airflow_env/lib/python3.11/site-packages/airflow/example_dags/example_short_circuit_decorator.py
[2024-03-08T00:31:47.255+0530] {logging_mixin.py:188} INFO - [2024-03-08T00:31:47.255+0530] {dag.py:3047} INFO - Sync 1 DAGs
[2024-03-08T00:31:47.260+0530] {logging_mixin.py:188} INFO - [2024-03-08T00:31:47.260+0530] {dag.py:3834} INFO - Setting next_dagrun for example_short_circuit_decorator to 2024-03-06 00:00:00+00:00, run_after=2024-03-07 00:00:00+00:00
[2024-03-08T00:31:47.267+0530] {processor.py:183} INFO - Processing /Users/anikbhowmick/Python/Big_Data_Assignment/A02/airflow_env/lib/python3.11/site-packages/airflow/example_dags/example_short_circuit_decorator.py took 0.079 seconds
[2024-03-08T00:33:45.457+0530] {processor.py:161} INFO - Started process (PID=3641) to work on /Users/anikbhowmick/Python/Big_Data_Assignment/A02/airflow_env/lib/python3.11/site-packages/airflow/example_dags/example_short_circuit_decorator.py
[2024-03-08T00:33:45.457+0530] {processor.py:830} INFO - Processing file /Users/anikbhowmick/Python/Big_Data_Assignment/A02/airflow_env/lib/python3.11/site-packages/airflow/example_dags/example_short_circuit_decorator.py for tasks to queue
[2024-03-08T00:33:45.458+0530] {logging_mixin.py:188} INFO - [2024-03-08T00:33:45.458+0530] {dagbag.py:540} INFO - Filling up the DagBag from /Users/anikbhowmick/Python/Big_Data_Assignment/A02/airflow_env/lib/python3.11/site-packages/airflow/example_dags/example_short_circuit_decorator.py
[2024-03-08T00:33:45.491+0530] {processor.py:840} INFO - DAG(s) 'example_short_circuit_decorator' retrieved from /Users/anikbhowmick/Python/Big_Data_Assignment/A02/airflow_env/lib/python3.11/site-packages/airflow/example_dags/example_short_circuit_decorator.py
[2024-03-08T00:33:45.520+0530] {logging_mixin.py:188} INFO - [2024-03-08T00:33:45.519+0530] {dag.py:3047} INFO - Sync 1 DAGs
[2024-03-08T00:33:45.525+0530] {logging_mixin.py:188} INFO - [2024-03-08T00:33:45.525+0530] {dag.py:3834} INFO - Setting next_dagrun for example_short_circuit_decorator to 2024-03-06 00:00:00+00:00, run_after=2024-03-07 00:00:00+00:00
[2024-03-08T00:33:45.531+0530] {processor.py:183} INFO - Processing /Users/anikbhowmick/Python/Big_Data_Assignment/A02/airflow_env/lib/python3.11/site-packages/airflow/example_dags/example_short_circuit_decorator.py took 0.074 seconds
[2024-03-08T00:35:41.018+0530] {processor.py:161} INFO - Started process (PID=3718) to work on /Users/anikbhowmick/Python/Big_Data_Assignment/A02/airflow_env/lib/python3.11/site-packages/airflow/example_dags/example_short_circuit_decorator.py
[2024-03-08T00:35:41.018+0530] {processor.py:830} INFO - Processing file /Users/anikbhowmick/Python/Big_Data_Assignment/A02/airflow_env/lib/python3.11/site-packages/airflow/example_dags/example_short_circuit_decorator.py for tasks to queue
[2024-03-08T00:35:41.019+0530] {logging_mixin.py:188} INFO - [2024-03-08T00:35:41.019+0530] {dagbag.py:540} INFO - Filling up the DagBag from /Users/anikbhowmick/Python/Big_Data_Assignment/A02/airflow_env/lib/python3.11/site-packages/airflow/example_dags/example_short_circuit_decorator.py
[2024-03-08T00:35:41.058+0530] {processor.py:840} INFO - DAG(s) 'example_short_circuit_decorator' retrieved from /Users/anikbhowmick/Python/Big_Data_Assignment/A02/airflow_env/lib/python3.11/site-packages/airflow/example_dags/example_short_circuit_decorator.py
[2024-03-08T00:35:41.090+0530] {logging_mixin.py:188} INFO - [2024-03-08T00:35:41.090+0530] {dag.py:3047} INFO - Sync 1 DAGs
[2024-03-08T00:35:41.096+0530] {logging_mixin.py:188} INFO - [2024-03-08T00:35:41.096+0530] {dag.py:3834} INFO - Setting next_dagrun for example_short_circuit_decorator to 2024-03-06 00:00:00+00:00, run_after=2024-03-07 00:00:00+00:00
[2024-03-08T00:35:41.103+0530] {processor.py:183} INFO - Processing /Users/anikbhowmick/Python/Big_Data_Assignment/A02/airflow_env/lib/python3.11/site-packages/airflow/example_dags/example_short_circuit_decorator.py took 0.086 seconds
[2024-03-08T00:37:33.615+0530] {processor.py:161} INFO - Started process (PID=3812) to work on /Users/anikbhowmick/Python/Big_Data_Assignment/A02/airflow_env/lib/python3.11/site-packages/airflow/example_dags/example_short_circuit_decorator.py
[2024-03-08T00:37:33.617+0530] {processor.py:830} INFO - Processing file /Users/anikbhowmick/Python/Big_Data_Assignment/A02/airflow_env/lib/python3.11/site-packages/airflow/example_dags/example_short_circuit_decorator.py for tasks to queue
[2024-03-08T00:37:33.617+0530] {logging_mixin.py:188} INFO - [2024-03-08T00:37:33.617+0530] {dagbag.py:540} INFO - Filling up the DagBag from /Users/anikbhowmick/Python/Big_Data_Assignment/A02/airflow_env/lib/python3.11/site-packages/airflow/example_dags/example_short_circuit_decorator.py
[2024-03-08T00:37:33.656+0530] {processor.py:840} INFO - DAG(s) 'example_short_circuit_decorator' retrieved from /Users/anikbhowmick/Python/Big_Data_Assignment/A02/airflow_env/lib/python3.11/site-packages/airflow/example_dags/example_short_circuit_decorator.py
[2024-03-08T00:37:33.688+0530] {logging_mixin.py:188} INFO - [2024-03-08T00:37:33.688+0530] {dag.py:3047} INFO - Sync 1 DAGs
[2024-03-08T00:37:33.693+0530] {logging_mixin.py:188} INFO - [2024-03-08T00:37:33.693+0530] {dag.py:3834} INFO - Setting next_dagrun for example_short_circuit_decorator to 2024-03-06 00:00:00+00:00, run_after=2024-03-07 00:00:00+00:00
[2024-03-08T00:37:33.700+0530] {processor.py:183} INFO - Processing /Users/anikbhowmick/Python/Big_Data_Assignment/A02/airflow_env/lib/python3.11/site-packages/airflow/example_dags/example_short_circuit_decorator.py took 0.086 seconds
[2024-03-08T00:39:31.327+0530] {processor.py:161} INFO - Started process (PID=3885) to work on /Users/anikbhowmick/Python/Big_Data_Assignment/A02/airflow_env/lib/python3.11/site-packages/airflow/example_dags/example_short_circuit_decorator.py
[2024-03-08T00:39:31.328+0530] {processor.py:830} INFO - Processing file /Users/anikbhowmick/Python/Big_Data_Assignment/A02/airflow_env/lib/python3.11/site-packages/airflow/example_dags/example_short_circuit_decorator.py for tasks to queue
[2024-03-08T00:39:31.328+0530] {logging_mixin.py:188} INFO - [2024-03-08T00:39:31.328+0530] {dagbag.py:540} INFO - Filling up the DagBag from /Users/anikbhowmick/Python/Big_Data_Assignment/A02/airflow_env/lib/python3.11/site-packages/airflow/example_dags/example_short_circuit_decorator.py
[2024-03-08T00:39:31.363+0530] {processor.py:840} INFO - DAG(s) 'example_short_circuit_decorator' retrieved from /Users/anikbhowmick/Python/Big_Data_Assignment/A02/airflow_env/lib/python3.11/site-packages/airflow/example_dags/example_short_circuit_decorator.py
[2024-03-08T00:39:31.392+0530] {logging_mixin.py:188} INFO - [2024-03-08T00:39:31.392+0530] {dag.py:3047} INFO - Sync 1 DAGs
[2024-03-08T00:39:31.397+0530] {logging_mixin.py:188} INFO - [2024-03-08T00:39:31.397+0530] {dag.py:3834} INFO - Setting next_dagrun for example_short_circuit_decorator to 2024-03-06 00:00:00+00:00, run_after=2024-03-07 00:00:00+00:00
[2024-03-08T00:39:31.403+0530] {processor.py:183} INFO - Processing /Users/anikbhowmick/Python/Big_Data_Assignment/A02/airflow_env/lib/python3.11/site-packages/airflow/example_dags/example_short_circuit_decorator.py took 0.077 seconds
