[2024-03-08T00:13:32.138+0530] {processor.py:161} INFO - Started process (PID=2084) to work on /Users/anikbhowmick/Python/Big_Data_Assignment/A02/airflow_env/lib/python3.11/site-packages/airflow/example_dags/example_branch_python_dop_operator_3.py
[2024-03-08T00:13:32.139+0530] {processor.py:830} INFO - Processing file /Users/anikbhowmick/Python/Big_Data_Assignment/A02/airflow_env/lib/python3.11/site-packages/airflow/example_dags/example_branch_python_dop_operator_3.py for tasks to queue
[2024-03-08T00:13:32.139+0530] {logging_mixin.py:188} INFO - [2024-03-08T00:13:32.139+0530] {dagbag.py:540} INFO - Filling up the DagBag from /Users/anikbhowmick/Python/Big_Data_Assignment/A02/airflow_env/lib/python3.11/site-packages/airflow/example_dags/example_branch_python_dop_operator_3.py
[2024-03-08T00:13:32.174+0530] {processor.py:840} INFO - DAG(s) 'example_branch_dop_operator_v3' retrieved from /Users/anikbhowmick/Python/Big_Data_Assignment/A02/airflow_env/lib/python3.11/site-packages/airflow/example_dags/example_branch_python_dop_operator_3.py
[2024-03-08T00:13:32.203+0530] {logging_mixin.py:188} INFO - [2024-03-08T00:13:32.203+0530] {dag.py:3047} INFO - Sync 1 DAGs
[2024-03-08T00:13:32.210+0530] {logging_mixin.py:188} INFO - [2024-03-08T00:13:32.210+0530] {dag.py:3834} INFO - Setting next_dagrun for example_branch_dop_operator_v3 to 2024-03-07 18:42:00+00:00, run_after=2024-03-07 18:43:00+00:00
[2024-03-08T00:13:32.216+0530] {processor.py:183} INFO - Processing /Users/anikbhowmick/Python/Big_Data_Assignment/A02/airflow_env/lib/python3.11/site-packages/airflow/example_dags/example_branch_python_dop_operator_3.py took 0.078 seconds
[2024-03-08T00:14:32.054+0530] {processor.py:161} INFO - Started process (PID=2148) to work on /Users/anikbhowmick/Python/Big_Data_Assignment/A02/airflow_env/lib/python3.11/site-packages/airflow/example_dags/example_branch_python_dop_operator_3.py
[2024-03-08T00:14:32.055+0530] {processor.py:830} INFO - Processing file /Users/anikbhowmick/Python/Big_Data_Assignment/A02/airflow_env/lib/python3.11/site-packages/airflow/example_dags/example_branch_python_dop_operator_3.py for tasks to queue
[2024-03-08T00:14:32.055+0530] {logging_mixin.py:188} INFO - [2024-03-08T00:14:32.055+0530] {dagbag.py:540} INFO - Filling up the DagBag from /Users/anikbhowmick/Python/Big_Data_Assignment/A02/airflow_env/lib/python3.11/site-packages/airflow/example_dags/example_branch_python_dop_operator_3.py
[2024-03-08T00:14:32.089+0530] {processor.py:840} INFO - DAG(s) 'example_branch_dop_operator_v3' retrieved from /Users/anikbhowmick/Python/Big_Data_Assignment/A02/airflow_env/lib/python3.11/site-packages/airflow/example_dags/example_branch_python_dop_operator_3.py
[2024-03-08T00:14:32.117+0530] {logging_mixin.py:188} INFO - [2024-03-08T00:14:32.117+0530] {dag.py:3047} INFO - Sync 1 DAGs
[2024-03-08T00:14:32.123+0530] {logging_mixin.py:188} INFO - [2024-03-08T00:14:32.123+0530] {dag.py:3834} INFO - Setting next_dagrun for example_branch_dop_operator_v3 to 2024-03-07 18:43:00+00:00, run_after=2024-03-07 18:44:00+00:00
[2024-03-08T00:14:32.130+0530] {processor.py:183} INFO - Processing /Users/anikbhowmick/Python/Big_Data_Assignment/A02/airflow_env/lib/python3.11/site-packages/airflow/example_dags/example_branch_python_dop_operator_3.py took 0.076 seconds
[2024-03-08T00:15:30.065+0530] {processor.py:161} INFO - Started process (PID=2211) to work on /Users/anikbhowmick/Python/Big_Data_Assignment/A02/airflow_env/lib/python3.11/site-packages/airflow/example_dags/example_branch_python_dop_operator_3.py
[2024-03-08T00:15:30.066+0530] {processor.py:830} INFO - Processing file /Users/anikbhowmick/Python/Big_Data_Assignment/A02/airflow_env/lib/python3.11/site-packages/airflow/example_dags/example_branch_python_dop_operator_3.py for tasks to queue
[2024-03-08T00:15:30.066+0530] {logging_mixin.py:188} INFO - [2024-03-08T00:15:30.066+0530] {dagbag.py:540} INFO - Filling up the DagBag from /Users/anikbhowmick/Python/Big_Data_Assignment/A02/airflow_env/lib/python3.11/site-packages/airflow/example_dags/example_branch_python_dop_operator_3.py
[2024-03-08T00:15:30.105+0530] {processor.py:840} INFO - DAG(s) 'example_branch_dop_operator_v3' retrieved from /Users/anikbhowmick/Python/Big_Data_Assignment/A02/airflow_env/lib/python3.11/site-packages/airflow/example_dags/example_branch_python_dop_operator_3.py
[2024-03-08T00:15:30.135+0530] {logging_mixin.py:188} INFO - [2024-03-08T00:15:30.134+0530] {dag.py:3047} INFO - Sync 1 DAGs
[2024-03-08T00:15:30.142+0530] {logging_mixin.py:188} INFO - [2024-03-08T00:15:30.142+0530] {dag.py:3834} INFO - Setting next_dagrun for example_branch_dop_operator_v3 to 2024-03-07 18:44:00+00:00, run_after=2024-03-07 18:45:00+00:00
[2024-03-08T00:15:30.149+0530] {processor.py:183} INFO - Processing /Users/anikbhowmick/Python/Big_Data_Assignment/A02/airflow_env/lib/python3.11/site-packages/airflow/example_dags/example_branch_python_dop_operator_3.py took 0.085 seconds
[2024-03-08T00:16:28.768+0530] {processor.py:161} INFO - Started process (PID=2272) to work on /Users/anikbhowmick/Python/Big_Data_Assignment/A02/airflow_env/lib/python3.11/site-packages/airflow/example_dags/example_branch_python_dop_operator_3.py
[2024-03-08T00:16:28.769+0530] {processor.py:830} INFO - Processing file /Users/anikbhowmick/Python/Big_Data_Assignment/A02/airflow_env/lib/python3.11/site-packages/airflow/example_dags/example_branch_python_dop_operator_3.py for tasks to queue
[2024-03-08T00:16:28.769+0530] {logging_mixin.py:188} INFO - [2024-03-08T00:16:28.769+0530] {dagbag.py:540} INFO - Filling up the DagBag from /Users/anikbhowmick/Python/Big_Data_Assignment/A02/airflow_env/lib/python3.11/site-packages/airflow/example_dags/example_branch_python_dop_operator_3.py
[2024-03-08T00:16:28.806+0530] {processor.py:840} INFO - DAG(s) 'example_branch_dop_operator_v3' retrieved from /Users/anikbhowmick/Python/Big_Data_Assignment/A02/airflow_env/lib/python3.11/site-packages/airflow/example_dags/example_branch_python_dop_operator_3.py
[2024-03-08T00:16:28.834+0530] {logging_mixin.py:188} INFO - [2024-03-08T00:16:28.834+0530] {dag.py:3047} INFO - Sync 1 DAGs
[2024-03-08T00:16:28.841+0530] {logging_mixin.py:188} INFO - [2024-03-08T00:16:28.841+0530] {dag.py:3834} INFO - Setting next_dagrun for example_branch_dop_operator_v3 to 2024-03-07 18:45:00+00:00, run_after=2024-03-07 18:46:00+00:00
[2024-03-08T00:16:28.852+0530] {processor.py:183} INFO - Processing /Users/anikbhowmick/Python/Big_Data_Assignment/A02/airflow_env/lib/python3.11/site-packages/airflow/example_dags/example_branch_python_dop_operator_3.py took 0.084 seconds
[2024-03-08T00:17:30.273+0530] {processor.py:161} INFO - Started process (PID=2372) to work on /Users/anikbhowmick/Python/Big_Data_Assignment/A02/airflow_env/lib/python3.11/site-packages/airflow/example_dags/example_branch_python_dop_operator_3.py
[2024-03-08T00:17:30.274+0530] {processor.py:830} INFO - Processing file /Users/anikbhowmick/Python/Big_Data_Assignment/A02/airflow_env/lib/python3.11/site-packages/airflow/example_dags/example_branch_python_dop_operator_3.py for tasks to queue
[2024-03-08T00:17:30.274+0530] {logging_mixin.py:188} INFO - [2024-03-08T00:17:30.274+0530] {dagbag.py:540} INFO - Filling up the DagBag from /Users/anikbhowmick/Python/Big_Data_Assignment/A02/airflow_env/lib/python3.11/site-packages/airflow/example_dags/example_branch_python_dop_operator_3.py
[2024-03-08T00:17:30.316+0530] {processor.py:840} INFO - DAG(s) 'example_branch_dop_operator_v3' retrieved from /Users/anikbhowmick/Python/Big_Data_Assignment/A02/airflow_env/lib/python3.11/site-packages/airflow/example_dags/example_branch_python_dop_operator_3.py
[2024-03-08T00:17:30.344+0530] {logging_mixin.py:188} INFO - [2024-03-08T00:17:30.344+0530] {dag.py:3047} INFO - Sync 1 DAGs
[2024-03-08T00:17:30.350+0530] {logging_mixin.py:188} INFO - [2024-03-08T00:17:30.350+0530] {dag.py:3834} INFO - Setting next_dagrun for example_branch_dop_operator_v3 to 2024-03-07 18:46:00+00:00, run_after=2024-03-07 18:47:00+00:00
[2024-03-08T00:17:30.357+0530] {processor.py:183} INFO - Processing /Users/anikbhowmick/Python/Big_Data_Assignment/A02/airflow_env/lib/python3.11/site-packages/airflow/example_dags/example_branch_python_dop_operator_3.py took 0.085 seconds
[2024-03-08T00:20:06.964+0530] {processor.py:161} INFO - Started process (PID=2621) to work on /Users/anikbhowmick/Python/Big_Data_Assignment/A02/airflow_env/lib/python3.11/site-packages/airflow/example_dags/example_branch_python_dop_operator_3.py
[2024-03-08T00:20:06.965+0530] {processor.py:830} INFO - Processing file /Users/anikbhowmick/Python/Big_Data_Assignment/A02/airflow_env/lib/python3.11/site-packages/airflow/example_dags/example_branch_python_dop_operator_3.py for tasks to queue
[2024-03-08T00:20:06.965+0530] {logging_mixin.py:188} INFO - [2024-03-08T00:20:06.965+0530] {dagbag.py:540} INFO - Filling up the DagBag from /Users/anikbhowmick/Python/Big_Data_Assignment/A02/airflow_env/lib/python3.11/site-packages/airflow/example_dags/example_branch_python_dop_operator_3.py
[2024-03-08T00:20:06.999+0530] {processor.py:840} INFO - DAG(s) 'example_branch_dop_operator_v3' retrieved from /Users/anikbhowmick/Python/Big_Data_Assignment/A02/airflow_env/lib/python3.11/site-packages/airflow/example_dags/example_branch_python_dop_operator_3.py
[2024-03-08T00:20:07.026+0530] {logging_mixin.py:188} INFO - [2024-03-08T00:20:07.026+0530] {dag.py:3047} INFO - Sync 1 DAGs
[2024-03-08T00:20:07.033+0530] {logging_mixin.py:188} INFO - [2024-03-08T00:20:07.033+0530] {dag.py:3834} INFO - Setting next_dagrun for example_branch_dop_operator_v3 to 2024-03-07 18:49:00+00:00, run_after=2024-03-07 18:50:00+00:00
[2024-03-08T00:20:07.040+0530] {processor.py:183} INFO - Processing /Users/anikbhowmick/Python/Big_Data_Assignment/A02/airflow_env/lib/python3.11/site-packages/airflow/example_dags/example_branch_python_dop_operator_3.py took 0.076 seconds
[2024-03-08T00:23:55.197+0530] {processor.py:161} INFO - Started process (PID=2843) to work on /Users/anikbhowmick/Python/Big_Data_Assignment/A02/airflow_env/lib/python3.11/site-packages/airflow/example_dags/example_branch_python_dop_operator_3.py
[2024-03-08T00:23:55.198+0530] {processor.py:830} INFO - Processing file /Users/anikbhowmick/Python/Big_Data_Assignment/A02/airflow_env/lib/python3.11/site-packages/airflow/example_dags/example_branch_python_dop_operator_3.py for tasks to queue
[2024-03-08T00:23:55.198+0530] {logging_mixin.py:188} INFO - [2024-03-08T00:23:55.198+0530] {dagbag.py:540} INFO - Filling up the DagBag from /Users/anikbhowmick/Python/Big_Data_Assignment/A02/airflow_env/lib/python3.11/site-packages/airflow/example_dags/example_branch_python_dop_operator_3.py
[2024-03-08T00:23:55.234+0530] {processor.py:840} INFO - DAG(s) 'example_branch_dop_operator_v3' retrieved from /Users/anikbhowmick/Python/Big_Data_Assignment/A02/airflow_env/lib/python3.11/site-packages/airflow/example_dags/example_branch_python_dop_operator_3.py
[2024-03-08T00:23:55.262+0530] {logging_mixin.py:188} INFO - [2024-03-08T00:23:55.262+0530] {dag.py:3047} INFO - Sync 1 DAGs
[2024-03-08T00:23:55.269+0530] {logging_mixin.py:188} INFO - [2024-03-08T00:23:55.269+0530] {dag.py:3834} INFO - Setting next_dagrun for example_branch_dop_operator_v3 to 2024-03-07 18:52:00+00:00, run_after=2024-03-07 18:53:00+00:00
[2024-03-08T00:23:55.275+0530] {processor.py:183} INFO - Processing /Users/anikbhowmick/Python/Big_Data_Assignment/A02/airflow_env/lib/python3.11/site-packages/airflow/example_dags/example_branch_python_dop_operator_3.py took 0.079 seconds
[2024-03-08T00:24:59.260+0530] {processor.py:161} INFO - Started process (PID=2935) to work on /Users/anikbhowmick/Python/Big_Data_Assignment/A02/airflow_env/lib/python3.11/site-packages/airflow/example_dags/example_branch_python_dop_operator_3.py
[2024-03-08T00:24:59.261+0530] {processor.py:830} INFO - Processing file /Users/anikbhowmick/Python/Big_Data_Assignment/A02/airflow_env/lib/python3.11/site-packages/airflow/example_dags/example_branch_python_dop_operator_3.py for tasks to queue
[2024-03-08T00:24:59.262+0530] {logging_mixin.py:188} INFO - [2024-03-08T00:24:59.261+0530] {dagbag.py:540} INFO - Filling up the DagBag from /Users/anikbhowmick/Python/Big_Data_Assignment/A02/airflow_env/lib/python3.11/site-packages/airflow/example_dags/example_branch_python_dop_operator_3.py
[2024-03-08T00:24:59.295+0530] {processor.py:840} INFO - DAG(s) 'example_branch_dop_operator_v3' retrieved from /Users/anikbhowmick/Python/Big_Data_Assignment/A02/airflow_env/lib/python3.11/site-packages/airflow/example_dags/example_branch_python_dop_operator_3.py
[2024-03-08T00:24:59.323+0530] {logging_mixin.py:188} INFO - [2024-03-08T00:24:59.323+0530] {dag.py:3047} INFO - Sync 1 DAGs
[2024-03-08T00:24:59.330+0530] {logging_mixin.py:188} INFO - [2024-03-08T00:24:59.330+0530] {dag.py:3834} INFO - Setting next_dagrun for example_branch_dop_operator_v3 to 2024-03-07 18:53:00+00:00, run_after=2024-03-07 18:54:00+00:00
[2024-03-08T00:24:59.336+0530] {processor.py:183} INFO - Processing /Users/anikbhowmick/Python/Big_Data_Assignment/A02/airflow_env/lib/python3.11/site-packages/airflow/example_dags/example_branch_python_dop_operator_3.py took 0.077 seconds
[2024-03-08T00:26:41.229+0530] {processor.py:161} INFO - Started process (PID=3089) to work on /Users/anikbhowmick/Python/Big_Data_Assignment/A02/airflow_env/lib/python3.11/site-packages/airflow/example_dags/example_branch_python_dop_operator_3.py
[2024-03-08T00:26:41.230+0530] {processor.py:830} INFO - Processing file /Users/anikbhowmick/Python/Big_Data_Assignment/A02/airflow_env/lib/python3.11/site-packages/airflow/example_dags/example_branch_python_dop_operator_3.py for tasks to queue
[2024-03-08T00:26:41.230+0530] {logging_mixin.py:188} INFO - [2024-03-08T00:26:41.230+0530] {dagbag.py:540} INFO - Filling up the DagBag from /Users/anikbhowmick/Python/Big_Data_Assignment/A02/airflow_env/lib/python3.11/site-packages/airflow/example_dags/example_branch_python_dop_operator_3.py
[2024-03-08T00:26:41.267+0530] {processor.py:840} INFO - DAG(s) 'example_branch_dop_operator_v3' retrieved from /Users/anikbhowmick/Python/Big_Data_Assignment/A02/airflow_env/lib/python3.11/site-packages/airflow/example_dags/example_branch_python_dop_operator_3.py
[2024-03-08T00:26:41.295+0530] {logging_mixin.py:188} INFO - [2024-03-08T00:26:41.295+0530] {dag.py:3047} INFO - Sync 1 DAGs
[2024-03-08T00:26:41.301+0530] {logging_mixin.py:188} INFO - [2024-03-08T00:26:41.301+0530] {dag.py:3834} INFO - Setting next_dagrun for example_branch_dop_operator_v3 to 2024-03-07 18:55:00+00:00, run_after=2024-03-07 18:56:00+00:00
[2024-03-08T00:26:41.308+0530] {processor.py:183} INFO - Processing /Users/anikbhowmick/Python/Big_Data_Assignment/A02/airflow_env/lib/python3.11/site-packages/airflow/example_dags/example_branch_python_dop_operator_3.py took 0.079 seconds
[2024-03-08T00:28:58.285+0530] {processor.py:161} INFO - Started process (PID=3333) to work on /Users/anikbhowmick/Python/Big_Data_Assignment/A02/airflow_env/lib/python3.11/site-packages/airflow/example_dags/example_branch_python_dop_operator_3.py
[2024-03-08T00:28:58.286+0530] {processor.py:830} INFO - Processing file /Users/anikbhowmick/Python/Big_Data_Assignment/A02/airflow_env/lib/python3.11/site-packages/airflow/example_dags/example_branch_python_dop_operator_3.py for tasks to queue
[2024-03-08T00:28:58.286+0530] {logging_mixin.py:188} INFO - [2024-03-08T00:28:58.286+0530] {dagbag.py:540} INFO - Filling up the DagBag from /Users/anikbhowmick/Python/Big_Data_Assignment/A02/airflow_env/lib/python3.11/site-packages/airflow/example_dags/example_branch_python_dop_operator_3.py
[2024-03-08T00:28:58.319+0530] {processor.py:840} INFO - DAG(s) 'example_branch_dop_operator_v3' retrieved from /Users/anikbhowmick/Python/Big_Data_Assignment/A02/airflow_env/lib/python3.11/site-packages/airflow/example_dags/example_branch_python_dop_operator_3.py
[2024-03-08T00:28:58.347+0530] {logging_mixin.py:188} INFO - [2024-03-08T00:28:58.347+0530] {dag.py:3047} INFO - Sync 1 DAGs
[2024-03-08T00:28:58.354+0530] {logging_mixin.py:188} INFO - [2024-03-08T00:28:58.354+0530] {dag.py:3834} INFO - Setting next_dagrun for example_branch_dop_operator_v3 to 2024-03-07 18:57:00+00:00, run_after=2024-03-07 18:58:00+00:00
[2024-03-08T00:28:58.360+0530] {processor.py:183} INFO - Processing /Users/anikbhowmick/Python/Big_Data_Assignment/A02/airflow_env/lib/python3.11/site-packages/airflow/example_dags/example_branch_python_dop_operator_3.py took 0.076 seconds
[2024-03-08T00:30:54.975+0530] {processor.py:161} INFO - Started process (PID=3453) to work on /Users/anikbhowmick/Python/Big_Data_Assignment/A02/airflow_env/lib/python3.11/site-packages/airflow/example_dags/example_branch_python_dop_operator_3.py
[2024-03-08T00:30:54.975+0530] {processor.py:830} INFO - Processing file /Users/anikbhowmick/Python/Big_Data_Assignment/A02/airflow_env/lib/python3.11/site-packages/airflow/example_dags/example_branch_python_dop_operator_3.py for tasks to queue
[2024-03-08T00:30:54.975+0530] {logging_mixin.py:188} INFO - [2024-03-08T00:30:54.975+0530] {dagbag.py:540} INFO - Filling up the DagBag from /Users/anikbhowmick/Python/Big_Data_Assignment/A02/airflow_env/lib/python3.11/site-packages/airflow/example_dags/example_branch_python_dop_operator_3.py
[2024-03-08T00:30:55.054+0530] {processor.py:840} INFO - DAG(s) 'example_branch_dop_operator_v3' retrieved from /Users/anikbhowmick/Python/Big_Data_Assignment/A02/airflow_env/lib/python3.11/site-packages/airflow/example_dags/example_branch_python_dop_operator_3.py
[2024-03-08T00:30:55.089+0530] {logging_mixin.py:188} INFO - [2024-03-08T00:30:55.089+0530] {dag.py:3047} INFO - Sync 1 DAGs
[2024-03-08T00:30:55.096+0530] {logging_mixin.py:188} INFO - [2024-03-08T00:30:55.096+0530] {dag.py:3834} INFO - Setting next_dagrun for example_branch_dop_operator_v3 to 2024-03-07 18:59:00+00:00, run_after=2024-03-07 19:00:00+00:00
[2024-03-08T00:30:55.103+0530] {processor.py:183} INFO - Processing /Users/anikbhowmick/Python/Big_Data_Assignment/A02/airflow_env/lib/python3.11/site-packages/airflow/example_dags/example_branch_python_dop_operator_3.py took 0.129 seconds
[2024-03-08T00:32:57.928+0530] {processor.py:161} INFO - Started process (PID=3563) to work on /Users/anikbhowmick/Python/Big_Data_Assignment/A02/airflow_env/lib/python3.11/site-packages/airflow/example_dags/example_branch_python_dop_operator_3.py
[2024-03-08T00:32:57.930+0530] {processor.py:830} INFO - Processing file /Users/anikbhowmick/Python/Big_Data_Assignment/A02/airflow_env/lib/python3.11/site-packages/airflow/example_dags/example_branch_python_dop_operator_3.py for tasks to queue
[2024-03-08T00:32:57.930+0530] {logging_mixin.py:188} INFO - [2024-03-08T00:32:57.930+0530] {dagbag.py:540} INFO - Filling up the DagBag from /Users/anikbhowmick/Python/Big_Data_Assignment/A02/airflow_env/lib/python3.11/site-packages/airflow/example_dags/example_branch_python_dop_operator_3.py
[2024-03-08T00:32:57.968+0530] {processor.py:840} INFO - DAG(s) 'example_branch_dop_operator_v3' retrieved from /Users/anikbhowmick/Python/Big_Data_Assignment/A02/airflow_env/lib/python3.11/site-packages/airflow/example_dags/example_branch_python_dop_operator_3.py
[2024-03-08T00:32:57.996+0530] {logging_mixin.py:188} INFO - [2024-03-08T00:32:57.996+0530] {dag.py:3047} INFO - Sync 1 DAGs
[2024-03-08T00:32:58.004+0530] {logging_mixin.py:188} INFO - [2024-03-08T00:32:58.003+0530] {dag.py:3834} INFO - Setting next_dagrun for example_branch_dop_operator_v3 to 2024-03-07 19:01:00+00:00, run_after=2024-03-07 19:02:00+00:00
[2024-03-08T00:32:58.010+0530] {processor.py:183} INFO - Processing /Users/anikbhowmick/Python/Big_Data_Assignment/A02/airflow_env/lib/python3.11/site-packages/airflow/example_dags/example_branch_python_dop_operator_3.py took 0.082 seconds
[2024-03-08T00:34:53.953+0530] {processor.py:161} INFO - Started process (PID=3686) to work on /Users/anikbhowmick/Python/Big_Data_Assignment/A02/airflow_env/lib/python3.11/site-packages/airflow/example_dags/example_branch_python_dop_operator_3.py
[2024-03-08T00:34:53.954+0530] {processor.py:830} INFO - Processing file /Users/anikbhowmick/Python/Big_Data_Assignment/A02/airflow_env/lib/python3.11/site-packages/airflow/example_dags/example_branch_python_dop_operator_3.py for tasks to queue
[2024-03-08T00:34:53.954+0530] {logging_mixin.py:188} INFO - [2024-03-08T00:34:53.954+0530] {dagbag.py:540} INFO - Filling up the DagBag from /Users/anikbhowmick/Python/Big_Data_Assignment/A02/airflow_env/lib/python3.11/site-packages/airflow/example_dags/example_branch_python_dop_operator_3.py
[2024-03-08T00:34:53.991+0530] {processor.py:840} INFO - DAG(s) 'example_branch_dop_operator_v3' retrieved from /Users/anikbhowmick/Python/Big_Data_Assignment/A02/airflow_env/lib/python3.11/site-packages/airflow/example_dags/example_branch_python_dop_operator_3.py
[2024-03-08T00:34:54.021+0530] {logging_mixin.py:188} INFO - [2024-03-08T00:34:54.021+0530] {dag.py:3047} INFO - Sync 1 DAGs
[2024-03-08T00:34:54.028+0530] {logging_mixin.py:188} INFO - [2024-03-08T00:34:54.028+0530] {dag.py:3834} INFO - Setting next_dagrun for example_branch_dop_operator_v3 to 2024-03-07 19:03:00+00:00, run_after=2024-03-07 19:04:00+00:00
[2024-03-08T00:34:54.035+0530] {processor.py:183} INFO - Processing /Users/anikbhowmick/Python/Big_Data_Assignment/A02/airflow_env/lib/python3.11/site-packages/airflow/example_dags/example_branch_python_dop_operator_3.py took 0.083 seconds
[2024-03-08T00:36:47.473+0530] {processor.py:161} INFO - Started process (PID=3784) to work on /Users/anikbhowmick/Python/Big_Data_Assignment/A02/airflow_env/lib/python3.11/site-packages/airflow/example_dags/example_branch_python_dop_operator_3.py
[2024-03-08T00:36:47.474+0530] {processor.py:830} INFO - Processing file /Users/anikbhowmick/Python/Big_Data_Assignment/A02/airflow_env/lib/python3.11/site-packages/airflow/example_dags/example_branch_python_dop_operator_3.py for tasks to queue
[2024-03-08T00:36:47.474+0530] {logging_mixin.py:188} INFO - [2024-03-08T00:36:47.474+0530] {dagbag.py:540} INFO - Filling up the DagBag from /Users/anikbhowmick/Python/Big_Data_Assignment/A02/airflow_env/lib/python3.11/site-packages/airflow/example_dags/example_branch_python_dop_operator_3.py
[2024-03-08T00:36:47.508+0530] {processor.py:840} INFO - DAG(s) 'example_branch_dop_operator_v3' retrieved from /Users/anikbhowmick/Python/Big_Data_Assignment/A02/airflow_env/lib/python3.11/site-packages/airflow/example_dags/example_branch_python_dop_operator_3.py
[2024-03-08T00:36:47.535+0530] {logging_mixin.py:188} INFO - [2024-03-08T00:36:47.535+0530] {dag.py:3047} INFO - Sync 1 DAGs
[2024-03-08T00:36:47.542+0530] {logging_mixin.py:188} INFO - [2024-03-08T00:36:47.542+0530] {dag.py:3834} INFO - Setting next_dagrun for example_branch_dop_operator_v3 to 2024-03-07 19:05:00+00:00, run_after=2024-03-07 19:06:00+00:00
[2024-03-08T00:36:47.549+0530] {processor.py:183} INFO - Processing /Users/anikbhowmick/Python/Big_Data_Assignment/A02/airflow_env/lib/python3.11/site-packages/airflow/example_dags/example_branch_python_dop_operator_3.py took 0.076 seconds
[2024-03-08T00:38:40.780+0530] {processor.py:161} INFO - Started process (PID=3855) to work on /Users/anikbhowmick/Python/Big_Data_Assignment/A02/airflow_env/lib/python3.11/site-packages/airflow/example_dags/example_branch_python_dop_operator_3.py
[2024-03-08T00:38:40.780+0530] {processor.py:830} INFO - Processing file /Users/anikbhowmick/Python/Big_Data_Assignment/A02/airflow_env/lib/python3.11/site-packages/airflow/example_dags/example_branch_python_dop_operator_3.py for tasks to queue
[2024-03-08T00:38:40.780+0530] {logging_mixin.py:188} INFO - [2024-03-08T00:38:40.780+0530] {dagbag.py:540} INFO - Filling up the DagBag from /Users/anikbhowmick/Python/Big_Data_Assignment/A02/airflow_env/lib/python3.11/site-packages/airflow/example_dags/example_branch_python_dop_operator_3.py
[2024-03-08T00:38:40.814+0530] {processor.py:840} INFO - DAG(s) 'example_branch_dop_operator_v3' retrieved from /Users/anikbhowmick/Python/Big_Data_Assignment/A02/airflow_env/lib/python3.11/site-packages/airflow/example_dags/example_branch_python_dop_operator_3.py
[2024-03-08T00:38:40.843+0530] {logging_mixin.py:188} INFO - [2024-03-08T00:38:40.843+0530] {dag.py:3047} INFO - Sync 1 DAGs
[2024-03-08T00:38:40.849+0530] {logging_mixin.py:188} INFO - [2024-03-08T00:38:40.849+0530] {dag.py:3834} INFO - Setting next_dagrun for example_branch_dop_operator_v3 to 2024-03-07 19:07:00+00:00, run_after=2024-03-07 19:08:00+00:00
[2024-03-08T00:38:40.856+0530] {processor.py:183} INFO - Processing /Users/anikbhowmick/Python/Big_Data_Assignment/A02/airflow_env/lib/python3.11/site-packages/airflow/example_dags/example_branch_python_dop_operator_3.py took 0.077 seconds
[2024-03-08T00:40:40.141+0530] {processor.py:161} INFO - Started process (PID=3939) to work on /Users/anikbhowmick/Python/Big_Data_Assignment/A02/airflow_env/lib/python3.11/site-packages/airflow/example_dags/example_branch_python_dop_operator_3.py
[2024-03-08T00:40:40.142+0530] {processor.py:830} INFO - Processing file /Users/anikbhowmick/Python/Big_Data_Assignment/A02/airflow_env/lib/python3.11/site-packages/airflow/example_dags/example_branch_python_dop_operator_3.py for tasks to queue
[2024-03-08T00:40:40.142+0530] {logging_mixin.py:188} INFO - [2024-03-08T00:40:40.142+0530] {dagbag.py:540} INFO - Filling up the DagBag from /Users/anikbhowmick/Python/Big_Data_Assignment/A02/airflow_env/lib/python3.11/site-packages/airflow/example_dags/example_branch_python_dop_operator_3.py
[2024-03-08T00:40:40.177+0530] {processor.py:840} INFO - DAG(s) 'example_branch_dop_operator_v3' retrieved from /Users/anikbhowmick/Python/Big_Data_Assignment/A02/airflow_env/lib/python3.11/site-packages/airflow/example_dags/example_branch_python_dop_operator_3.py
[2024-03-08T00:40:40.208+0530] {logging_mixin.py:188} INFO - [2024-03-08T00:40:40.208+0530] {dag.py:3047} INFO - Sync 1 DAGs
[2024-03-08T00:40:40.214+0530] {logging_mixin.py:188} INFO - [2024-03-08T00:40:40.214+0530] {dag.py:3834} INFO - Setting next_dagrun for example_branch_dop_operator_v3 to 2024-03-07 19:09:00+00:00, run_after=2024-03-07 19:10:00+00:00
[2024-03-08T00:40:40.221+0530] {processor.py:183} INFO - Processing /Users/anikbhowmick/Python/Big_Data_Assignment/A02/airflow_env/lib/python3.11/site-packages/airflow/example_dags/example_branch_python_dop_operator_3.py took 0.080 seconds
