[2024-03-08T00:13:35.690+0530] {processor.py:161} INFO - Started process (PID=2090) to work on /Users/anikbhowmick/Python/Big_Data_Assignment/A02/airflow_env/lib/python3.11/site-packages/airflow/example_dags/example_branch_day_of_week_operator.py
[2024-03-08T00:13:35.691+0530] {processor.py:830} INFO - Processing file /Users/anikbhowmick/Python/Big_Data_Assignment/A02/airflow_env/lib/python3.11/site-packages/airflow/example_dags/example_branch_day_of_week_operator.py for tasks to queue
[2024-03-08T00:13:35.691+0530] {logging_mixin.py:188} INFO - [2024-03-08T00:13:35.691+0530] {dagbag.py:540} INFO - Filling up the DagBag from /Users/anikbhowmick/Python/Big_Data_Assignment/A02/airflow_env/lib/python3.11/site-packages/airflow/example_dags/example_branch_day_of_week_operator.py
[2024-03-08T00:13:35.718+0530] {processor.py:840} INFO - DAG(s) 'example_weekday_branch_operator' retrieved from /Users/anikbhowmick/Python/Big_Data_Assignment/A02/airflow_env/lib/python3.11/site-packages/airflow/example_dags/example_branch_day_of_week_operator.py
[2024-03-08T00:13:35.748+0530] {logging_mixin.py:188} INFO - [2024-03-08T00:13:35.748+0530] {dag.py:3047} INFO - Sync 1 DAGs
[2024-03-08T00:13:35.754+0530] {logging_mixin.py:188} INFO - [2024-03-08T00:13:35.753+0530] {dag.py:3834} INFO - Setting next_dagrun for example_weekday_branch_operator to 2024-03-06 00:00:00+00:00, run_after=2024-03-07 00:00:00+00:00
[2024-03-08T00:13:35.760+0530] {processor.py:183} INFO - Processing /Users/anikbhowmick/Python/Big_Data_Assignment/A02/airflow_env/lib/python3.11/site-packages/airflow/example_dags/example_branch_day_of_week_operator.py took 0.070 seconds
[2024-03-08T00:14:35.842+0530] {processor.py:161} INFO - Started process (PID=2152) to work on /Users/anikbhowmick/Python/Big_Data_Assignment/A02/airflow_env/lib/python3.11/site-packages/airflow/example_dags/example_branch_day_of_week_operator.py
[2024-03-08T00:14:35.843+0530] {processor.py:830} INFO - Processing file /Users/anikbhowmick/Python/Big_Data_Assignment/A02/airflow_env/lib/python3.11/site-packages/airflow/example_dags/example_branch_day_of_week_operator.py for tasks to queue
[2024-03-08T00:14:35.843+0530] {logging_mixin.py:188} INFO - [2024-03-08T00:14:35.843+0530] {dagbag.py:540} INFO - Filling up the DagBag from /Users/anikbhowmick/Python/Big_Data_Assignment/A02/airflow_env/lib/python3.11/site-packages/airflow/example_dags/example_branch_day_of_week_operator.py
[2024-03-08T00:14:35.868+0530] {processor.py:840} INFO - DAG(s) 'example_weekday_branch_operator' retrieved from /Users/anikbhowmick/Python/Big_Data_Assignment/A02/airflow_env/lib/python3.11/site-packages/airflow/example_dags/example_branch_day_of_week_operator.py
[2024-03-08T00:14:35.897+0530] {logging_mixin.py:188} INFO - [2024-03-08T00:14:35.897+0530] {dag.py:3047} INFO - Sync 1 DAGs
[2024-03-08T00:14:35.903+0530] {logging_mixin.py:188} INFO - [2024-03-08T00:14:35.903+0530] {dag.py:3834} INFO - Setting next_dagrun for example_weekday_branch_operator to 2024-03-06 00:00:00+00:00, run_after=2024-03-07 00:00:00+00:00
[2024-03-08T00:14:35.909+0530] {processor.py:183} INFO - Processing /Users/anikbhowmick/Python/Big_Data_Assignment/A02/airflow_env/lib/python3.11/site-packages/airflow/example_dags/example_branch_day_of_week_operator.py took 0.068 seconds
[2024-03-08T00:15:34.187+0530] {processor.py:161} INFO - Started process (PID=2215) to work on /Users/anikbhowmick/Python/Big_Data_Assignment/A02/airflow_env/lib/python3.11/site-packages/airflow/example_dags/example_branch_day_of_week_operator.py
[2024-03-08T00:15:34.189+0530] {processor.py:830} INFO - Processing file /Users/anikbhowmick/Python/Big_Data_Assignment/A02/airflow_env/lib/python3.11/site-packages/airflow/example_dags/example_branch_day_of_week_operator.py for tasks to queue
[2024-03-08T00:15:34.189+0530] {logging_mixin.py:188} INFO - [2024-03-08T00:15:34.189+0530] {dagbag.py:540} INFO - Filling up the DagBag from /Users/anikbhowmick/Python/Big_Data_Assignment/A02/airflow_env/lib/python3.11/site-packages/airflow/example_dags/example_branch_day_of_week_operator.py
[2024-03-08T00:15:34.214+0530] {processor.py:840} INFO - DAG(s) 'example_weekday_branch_operator' retrieved from /Users/anikbhowmick/Python/Big_Data_Assignment/A02/airflow_env/lib/python3.11/site-packages/airflow/example_dags/example_branch_day_of_week_operator.py
[2024-03-08T00:15:34.244+0530] {logging_mixin.py:188} INFO - [2024-03-08T00:15:34.244+0530] {dag.py:3047} INFO - Sync 1 DAGs
[2024-03-08T00:15:34.250+0530] {logging_mixin.py:188} INFO - [2024-03-08T00:15:34.250+0530] {dag.py:3834} INFO - Setting next_dagrun for example_weekday_branch_operator to 2024-03-06 00:00:00+00:00, run_after=2024-03-07 00:00:00+00:00
[2024-03-08T00:15:34.255+0530] {processor.py:183} INFO - Processing /Users/anikbhowmick/Python/Big_Data_Assignment/A02/airflow_env/lib/python3.11/site-packages/airflow/example_dags/example_branch_day_of_week_operator.py took 0.068 seconds
[2024-03-08T00:16:32.682+0530] {processor.py:161} INFO - Started process (PID=2276) to work on /Users/anikbhowmick/Python/Big_Data_Assignment/A02/airflow_env/lib/python3.11/site-packages/airflow/example_dags/example_branch_day_of_week_operator.py
[2024-03-08T00:16:32.683+0530] {processor.py:830} INFO - Processing file /Users/anikbhowmick/Python/Big_Data_Assignment/A02/airflow_env/lib/python3.11/site-packages/airflow/example_dags/example_branch_day_of_week_operator.py for tasks to queue
[2024-03-08T00:16:32.683+0530] {logging_mixin.py:188} INFO - [2024-03-08T00:16:32.683+0530] {dagbag.py:540} INFO - Filling up the DagBag from /Users/anikbhowmick/Python/Big_Data_Assignment/A02/airflow_env/lib/python3.11/site-packages/airflow/example_dags/example_branch_day_of_week_operator.py
[2024-03-08T00:16:32.730+0530] {processor.py:840} INFO - DAG(s) 'example_weekday_branch_operator' retrieved from /Users/anikbhowmick/Python/Big_Data_Assignment/A02/airflow_env/lib/python3.11/site-packages/airflow/example_dags/example_branch_day_of_week_operator.py
[2024-03-08T00:16:32.767+0530] {logging_mixin.py:188} INFO - [2024-03-08T00:16:32.767+0530] {dag.py:3047} INFO - Sync 1 DAGs
[2024-03-08T00:16:32.774+0530] {logging_mixin.py:188} INFO - [2024-03-08T00:16:32.773+0530] {dag.py:3834} INFO - Setting next_dagrun for example_weekday_branch_operator to 2024-03-06 00:00:00+00:00, run_after=2024-03-07 00:00:00+00:00
[2024-03-08T00:16:32.780+0530] {processor.py:183} INFO - Processing /Users/anikbhowmick/Python/Big_Data_Assignment/A02/airflow_env/lib/python3.11/site-packages/airflow/example_dags/example_branch_day_of_week_operator.py took 0.099 seconds
[2024-03-08T00:17:33.831+0530] {processor.py:161} INFO - Started process (PID=2379) to work on /Users/anikbhowmick/Python/Big_Data_Assignment/A02/airflow_env/lib/python3.11/site-packages/airflow/example_dags/example_branch_day_of_week_operator.py
[2024-03-08T00:17:33.832+0530] {processor.py:830} INFO - Processing file /Users/anikbhowmick/Python/Big_Data_Assignment/A02/airflow_env/lib/python3.11/site-packages/airflow/example_dags/example_branch_day_of_week_operator.py for tasks to queue
[2024-03-08T00:17:33.832+0530] {logging_mixin.py:188} INFO - [2024-03-08T00:17:33.832+0530] {dagbag.py:540} INFO - Filling up the DagBag from /Users/anikbhowmick/Python/Big_Data_Assignment/A02/airflow_env/lib/python3.11/site-packages/airflow/example_dags/example_branch_day_of_week_operator.py
[2024-03-08T00:17:33.857+0530] {processor.py:840} INFO - DAG(s) 'example_weekday_branch_operator' retrieved from /Users/anikbhowmick/Python/Big_Data_Assignment/A02/airflow_env/lib/python3.11/site-packages/airflow/example_dags/example_branch_day_of_week_operator.py
[2024-03-08T00:17:33.886+0530] {logging_mixin.py:188} INFO - [2024-03-08T00:17:33.886+0530] {dag.py:3047} INFO - Sync 1 DAGs
[2024-03-08T00:17:33.892+0530] {logging_mixin.py:188} INFO - [2024-03-08T00:17:33.892+0530] {dag.py:3834} INFO - Setting next_dagrun for example_weekday_branch_operator to 2024-03-06 00:00:00+00:00, run_after=2024-03-07 00:00:00+00:00
[2024-03-08T00:17:33.898+0530] {processor.py:183} INFO - Processing /Users/anikbhowmick/Python/Big_Data_Assignment/A02/airflow_env/lib/python3.11/site-packages/airflow/example_dags/example_branch_day_of_week_operator.py took 0.068 seconds
[2024-03-08T00:20:10.511+0530] {processor.py:161} INFO - Started process (PID=2627) to work on /Users/anikbhowmick/Python/Big_Data_Assignment/A02/airflow_env/lib/python3.11/site-packages/airflow/example_dags/example_branch_day_of_week_operator.py
[2024-03-08T00:20:10.512+0530] {processor.py:830} INFO - Processing file /Users/anikbhowmick/Python/Big_Data_Assignment/A02/airflow_env/lib/python3.11/site-packages/airflow/example_dags/example_branch_day_of_week_operator.py for tasks to queue
[2024-03-08T00:20:10.512+0530] {logging_mixin.py:188} INFO - [2024-03-08T00:20:10.512+0530] {dagbag.py:540} INFO - Filling up the DagBag from /Users/anikbhowmick/Python/Big_Data_Assignment/A02/airflow_env/lib/python3.11/site-packages/airflow/example_dags/example_branch_day_of_week_operator.py
[2024-03-08T00:20:10.541+0530] {processor.py:840} INFO - DAG(s) 'example_weekday_branch_operator' retrieved from /Users/anikbhowmick/Python/Big_Data_Assignment/A02/airflow_env/lib/python3.11/site-packages/airflow/example_dags/example_branch_day_of_week_operator.py
[2024-03-08T00:20:10.574+0530] {logging_mixin.py:188} INFO - [2024-03-08T00:20:10.574+0530] {dag.py:3047} INFO - Sync 1 DAGs
[2024-03-08T00:20:10.580+0530] {logging_mixin.py:188} INFO - [2024-03-08T00:20:10.580+0530] {dag.py:3834} INFO - Setting next_dagrun for example_weekday_branch_operator to 2024-03-06 00:00:00+00:00, run_after=2024-03-07 00:00:00+00:00
[2024-03-08T00:20:10.586+0530] {processor.py:183} INFO - Processing /Users/anikbhowmick/Python/Big_Data_Assignment/A02/airflow_env/lib/python3.11/site-packages/airflow/example_dags/example_branch_day_of_week_operator.py took 0.075 seconds
[2024-03-08T00:23:59.122+0530] {processor.py:161} INFO - Started process (PID=2847) to work on /Users/anikbhowmick/Python/Big_Data_Assignment/A02/airflow_env/lib/python3.11/site-packages/airflow/example_dags/example_branch_day_of_week_operator.py
[2024-03-08T00:23:59.124+0530] {processor.py:830} INFO - Processing file /Users/anikbhowmick/Python/Big_Data_Assignment/A02/airflow_env/lib/python3.11/site-packages/airflow/example_dags/example_branch_day_of_week_operator.py for tasks to queue
[2024-03-08T00:23:59.124+0530] {logging_mixin.py:188} INFO - [2024-03-08T00:23:59.124+0530] {dagbag.py:540} INFO - Filling up the DagBag from /Users/anikbhowmick/Python/Big_Data_Assignment/A02/airflow_env/lib/python3.11/site-packages/airflow/example_dags/example_branch_day_of_week_operator.py
[2024-03-08T00:23:59.151+0530] {processor.py:840} INFO - DAG(s) 'example_weekday_branch_operator' retrieved from /Users/anikbhowmick/Python/Big_Data_Assignment/A02/airflow_env/lib/python3.11/site-packages/airflow/example_dags/example_branch_day_of_week_operator.py
[2024-03-08T00:23:59.181+0530] {logging_mixin.py:188} INFO - [2024-03-08T00:23:59.181+0530] {dag.py:3047} INFO - Sync 1 DAGs
[2024-03-08T00:23:59.187+0530] {logging_mixin.py:188} INFO - [2024-03-08T00:23:59.187+0530] {dag.py:3834} INFO - Setting next_dagrun for example_weekday_branch_operator to 2024-03-06 00:00:00+00:00, run_after=2024-03-07 00:00:00+00:00
[2024-03-08T00:23:59.193+0530] {processor.py:183} INFO - Processing /Users/anikbhowmick/Python/Big_Data_Assignment/A02/airflow_env/lib/python3.11/site-packages/airflow/example_dags/example_branch_day_of_week_operator.py took 0.071 seconds
[2024-03-08T00:26:50.405+0530] {processor.py:161} INFO - Started process (PID=3106) to work on /Users/anikbhowmick/Python/Big_Data_Assignment/A02/airflow_env/lib/python3.11/site-packages/airflow/example_dags/example_branch_day_of_week_operator.py
[2024-03-08T00:26:50.406+0530] {processor.py:830} INFO - Processing file /Users/anikbhowmick/Python/Big_Data_Assignment/A02/airflow_env/lib/python3.11/site-packages/airflow/example_dags/example_branch_day_of_week_operator.py for tasks to queue
[2024-03-08T00:26:50.406+0530] {logging_mixin.py:188} INFO - [2024-03-08T00:26:50.406+0530] {dagbag.py:540} INFO - Filling up the DagBag from /Users/anikbhowmick/Python/Big_Data_Assignment/A02/airflow_env/lib/python3.11/site-packages/airflow/example_dags/example_branch_day_of_week_operator.py
[2024-03-08T00:26:50.436+0530] {processor.py:840} INFO - DAG(s) 'example_weekday_branch_operator' retrieved from /Users/anikbhowmick/Python/Big_Data_Assignment/A02/airflow_env/lib/python3.11/site-packages/airflow/example_dags/example_branch_day_of_week_operator.py
[2024-03-08T00:26:50.467+0530] {logging_mixin.py:188} INFO - [2024-03-08T00:26:50.467+0530] {dag.py:3047} INFO - Sync 1 DAGs
[2024-03-08T00:26:50.473+0530] {logging_mixin.py:188} INFO - [2024-03-08T00:26:50.473+0530] {dag.py:3834} INFO - Setting next_dagrun for example_weekday_branch_operator to 2024-03-06 00:00:00+00:00, run_after=2024-03-07 00:00:00+00:00
[2024-03-08T00:26:50.480+0530] {processor.py:183} INFO - Processing /Users/anikbhowmick/Python/Big_Data_Assignment/A02/airflow_env/lib/python3.11/site-packages/airflow/example_dags/example_branch_day_of_week_operator.py took 0.075 seconds
[2024-03-08T00:29:04.930+0530] {processor.py:161} INFO - Started process (PID=3337) to work on /Users/anikbhowmick/Python/Big_Data_Assignment/A02/airflow_env/lib/python3.11/site-packages/airflow/example_dags/example_branch_day_of_week_operator.py
[2024-03-08T00:29:04.931+0530] {processor.py:830} INFO - Processing file /Users/anikbhowmick/Python/Big_Data_Assignment/A02/airflow_env/lib/python3.11/site-packages/airflow/example_dags/example_branch_day_of_week_operator.py for tasks to queue
[2024-03-08T00:29:04.932+0530] {logging_mixin.py:188} INFO - [2024-03-08T00:29:04.932+0530] {dagbag.py:540} INFO - Filling up the DagBag from /Users/anikbhowmick/Python/Big_Data_Assignment/A02/airflow_env/lib/python3.11/site-packages/airflow/example_dags/example_branch_day_of_week_operator.py
[2024-03-08T00:29:04.957+0530] {processor.py:840} INFO - DAG(s) 'example_weekday_branch_operator' retrieved from /Users/anikbhowmick/Python/Big_Data_Assignment/A02/airflow_env/lib/python3.11/site-packages/airflow/example_dags/example_branch_day_of_week_operator.py
[2024-03-08T00:29:04.986+0530] {logging_mixin.py:188} INFO - [2024-03-08T00:29:04.986+0530] {dag.py:3047} INFO - Sync 1 DAGs
[2024-03-08T00:29:04.992+0530] {logging_mixin.py:188} INFO - [2024-03-08T00:29:04.992+0530] {dag.py:3834} INFO - Setting next_dagrun for example_weekday_branch_operator to 2024-03-06 00:00:00+00:00, run_after=2024-03-07 00:00:00+00:00
[2024-03-08T00:29:04.997+0530] {processor.py:183} INFO - Processing /Users/anikbhowmick/Python/Big_Data_Assignment/A02/airflow_env/lib/python3.11/site-packages/airflow/example_dags/example_branch_day_of_week_operator.py took 0.068 seconds
[2024-03-08T00:31:02.420+0530] {processor.py:161} INFO - Started process (PID=3459) to work on /Users/anikbhowmick/Python/Big_Data_Assignment/A02/airflow_env/lib/python3.11/site-packages/airflow/example_dags/example_branch_day_of_week_operator.py
[2024-03-08T00:31:02.421+0530] {processor.py:830} INFO - Processing file /Users/anikbhowmick/Python/Big_Data_Assignment/A02/airflow_env/lib/python3.11/site-packages/airflow/example_dags/example_branch_day_of_week_operator.py for tasks to queue
[2024-03-08T00:31:02.421+0530] {logging_mixin.py:188} INFO - [2024-03-08T00:31:02.421+0530] {dagbag.py:540} INFO - Filling up the DagBag from /Users/anikbhowmick/Python/Big_Data_Assignment/A02/airflow_env/lib/python3.11/site-packages/airflow/example_dags/example_branch_day_of_week_operator.py
[2024-03-08T00:31:02.450+0530] {processor.py:840} INFO - DAG(s) 'example_weekday_branch_operator' retrieved from /Users/anikbhowmick/Python/Big_Data_Assignment/A02/airflow_env/lib/python3.11/site-packages/airflow/example_dags/example_branch_day_of_week_operator.py
[2024-03-08T00:31:02.480+0530] {logging_mixin.py:188} INFO - [2024-03-08T00:31:02.480+0530] {dag.py:3047} INFO - Sync 1 DAGs
[2024-03-08T00:31:02.486+0530] {logging_mixin.py:188} INFO - [2024-03-08T00:31:02.486+0530] {dag.py:3834} INFO - Setting next_dagrun for example_weekday_branch_operator to 2024-03-06 00:00:00+00:00, run_after=2024-03-07 00:00:00+00:00
[2024-03-08T00:31:02.492+0530] {processor.py:183} INFO - Processing /Users/anikbhowmick/Python/Big_Data_Assignment/A02/airflow_env/lib/python3.11/site-packages/airflow/example_dags/example_branch_day_of_week_operator.py took 0.072 seconds
[2024-03-08T00:33:03.192+0530] {processor.py:161} INFO - Started process (PID=3567) to work on /Users/anikbhowmick/Python/Big_Data_Assignment/A02/airflow_env/lib/python3.11/site-packages/airflow/example_dags/example_branch_day_of_week_operator.py
[2024-03-08T00:33:03.193+0530] {processor.py:830} INFO - Processing file /Users/anikbhowmick/Python/Big_Data_Assignment/A02/airflow_env/lib/python3.11/site-packages/airflow/example_dags/example_branch_day_of_week_operator.py for tasks to queue
[2024-03-08T00:33:03.193+0530] {logging_mixin.py:188} INFO - [2024-03-08T00:33:03.193+0530] {dagbag.py:540} INFO - Filling up the DagBag from /Users/anikbhowmick/Python/Big_Data_Assignment/A02/airflow_env/lib/python3.11/site-packages/airflow/example_dags/example_branch_day_of_week_operator.py
[2024-03-08T00:33:03.218+0530] {processor.py:840} INFO - DAG(s) 'example_weekday_branch_operator' retrieved from /Users/anikbhowmick/Python/Big_Data_Assignment/A02/airflow_env/lib/python3.11/site-packages/airflow/example_dags/example_branch_day_of_week_operator.py
[2024-03-08T00:33:03.247+0530] {logging_mixin.py:188} INFO - [2024-03-08T00:33:03.247+0530] {dag.py:3047} INFO - Sync 1 DAGs
[2024-03-08T00:33:03.253+0530] {logging_mixin.py:188} INFO - [2024-03-08T00:33:03.253+0530] {dag.py:3834} INFO - Setting next_dagrun for example_weekday_branch_operator to 2024-03-06 00:00:00+00:00, run_after=2024-03-07 00:00:00+00:00
[2024-03-08T00:33:03.258+0530] {processor.py:183} INFO - Processing /Users/anikbhowmick/Python/Big_Data_Assignment/A02/airflow_env/lib/python3.11/site-packages/airflow/example_dags/example_branch_day_of_week_operator.py took 0.067 seconds
[2024-03-08T00:35:00.190+0530] {processor.py:161} INFO - Started process (PID=3690) to work on /Users/anikbhowmick/Python/Big_Data_Assignment/A02/airflow_env/lib/python3.11/site-packages/airflow/example_dags/example_branch_day_of_week_operator.py
[2024-03-08T00:35:00.191+0530] {processor.py:830} INFO - Processing file /Users/anikbhowmick/Python/Big_Data_Assignment/A02/airflow_env/lib/python3.11/site-packages/airflow/example_dags/example_branch_day_of_week_operator.py for tasks to queue
[2024-03-08T00:35:00.191+0530] {logging_mixin.py:188} INFO - [2024-03-08T00:35:00.191+0530] {dagbag.py:540} INFO - Filling up the DagBag from /Users/anikbhowmick/Python/Big_Data_Assignment/A02/airflow_env/lib/python3.11/site-packages/airflow/example_dags/example_branch_day_of_week_operator.py
[2024-03-08T00:35:00.217+0530] {processor.py:840} INFO - DAG(s) 'example_weekday_branch_operator' retrieved from /Users/anikbhowmick/Python/Big_Data_Assignment/A02/airflow_env/lib/python3.11/site-packages/airflow/example_dags/example_branch_day_of_week_operator.py
[2024-03-08T00:35:00.246+0530] {logging_mixin.py:188} INFO - [2024-03-08T00:35:00.246+0530] {dag.py:3047} INFO - Sync 1 DAGs
[2024-03-08T00:35:00.252+0530] {logging_mixin.py:188} INFO - [2024-03-08T00:35:00.252+0530] {dag.py:3834} INFO - Setting next_dagrun for example_weekday_branch_operator to 2024-03-06 00:00:00+00:00, run_after=2024-03-07 00:00:00+00:00
[2024-03-08T00:35:00.258+0530] {processor.py:183} INFO - Processing /Users/anikbhowmick/Python/Big_Data_Assignment/A02/airflow_env/lib/python3.11/site-packages/airflow/example_dags/example_branch_day_of_week_operator.py took 0.068 seconds
[2024-03-08T00:36:54.856+0530] {processor.py:161} INFO - Started process (PID=3788) to work on /Users/anikbhowmick/Python/Big_Data_Assignment/A02/airflow_env/lib/python3.11/site-packages/airflow/example_dags/example_branch_day_of_week_operator.py
[2024-03-08T00:36:54.858+0530] {processor.py:830} INFO - Processing file /Users/anikbhowmick/Python/Big_Data_Assignment/A02/airflow_env/lib/python3.11/site-packages/airflow/example_dags/example_branch_day_of_week_operator.py for tasks to queue
[2024-03-08T00:36:54.858+0530] {logging_mixin.py:188} INFO - [2024-03-08T00:36:54.858+0530] {dagbag.py:540} INFO - Filling up the DagBag from /Users/anikbhowmick/Python/Big_Data_Assignment/A02/airflow_env/lib/python3.11/site-packages/airflow/example_dags/example_branch_day_of_week_operator.py
[2024-03-08T00:36:54.884+0530] {processor.py:840} INFO - DAG(s) 'example_weekday_branch_operator' retrieved from /Users/anikbhowmick/Python/Big_Data_Assignment/A02/airflow_env/lib/python3.11/site-packages/airflow/example_dags/example_branch_day_of_week_operator.py
[2024-03-08T00:36:54.914+0530] {logging_mixin.py:188} INFO - [2024-03-08T00:36:54.914+0530] {dag.py:3047} INFO - Sync 1 DAGs
[2024-03-08T00:36:54.920+0530] {logging_mixin.py:188} INFO - [2024-03-08T00:36:54.920+0530] {dag.py:3834} INFO - Setting next_dagrun for example_weekday_branch_operator to 2024-03-06 00:00:00+00:00, run_after=2024-03-07 00:00:00+00:00
[2024-03-08T00:36:54.926+0530] {processor.py:183} INFO - Processing /Users/anikbhowmick/Python/Big_Data_Assignment/A02/airflow_env/lib/python3.11/site-packages/airflow/example_dags/example_branch_day_of_week_operator.py took 0.070 seconds
[2024-03-08T00:38:47.494+0530] {processor.py:161} INFO - Started process (PID=3860) to work on /Users/anikbhowmick/Python/Big_Data_Assignment/A02/airflow_env/lib/python3.11/site-packages/airflow/example_dags/example_branch_day_of_week_operator.py
[2024-03-08T00:38:47.495+0530] {processor.py:830} INFO - Processing file /Users/anikbhowmick/Python/Big_Data_Assignment/A02/airflow_env/lib/python3.11/site-packages/airflow/example_dags/example_branch_day_of_week_operator.py for tasks to queue
[2024-03-08T00:38:47.495+0530] {logging_mixin.py:188} INFO - [2024-03-08T00:38:47.495+0530] {dagbag.py:540} INFO - Filling up the DagBag from /Users/anikbhowmick/Python/Big_Data_Assignment/A02/airflow_env/lib/python3.11/site-packages/airflow/example_dags/example_branch_day_of_week_operator.py
[2024-03-08T00:38:47.523+0530] {processor.py:840} INFO - DAG(s) 'example_weekday_branch_operator' retrieved from /Users/anikbhowmick/Python/Big_Data_Assignment/A02/airflow_env/lib/python3.11/site-packages/airflow/example_dags/example_branch_day_of_week_operator.py
[2024-03-08T00:38:47.554+0530] {logging_mixin.py:188} INFO - [2024-03-08T00:38:47.554+0530] {dag.py:3047} INFO - Sync 1 DAGs
[2024-03-08T00:38:47.560+0530] {logging_mixin.py:188} INFO - [2024-03-08T00:38:47.560+0530] {dag.py:3834} INFO - Setting next_dagrun for example_weekday_branch_operator to 2024-03-06 00:00:00+00:00, run_after=2024-03-07 00:00:00+00:00
[2024-03-08T00:38:47.566+0530] {processor.py:183} INFO - Processing /Users/anikbhowmick/Python/Big_Data_Assignment/A02/airflow_env/lib/python3.11/site-packages/airflow/example_dags/example_branch_day_of_week_operator.py took 0.073 seconds
[2024-03-08T00:40:45.831+0530] {processor.py:161} INFO - Started process (PID=3943) to work on /Users/anikbhowmick/Python/Big_Data_Assignment/A02/airflow_env/lib/python3.11/site-packages/airflow/example_dags/example_branch_day_of_week_operator.py
[2024-03-08T00:40:45.832+0530] {processor.py:830} INFO - Processing file /Users/anikbhowmick/Python/Big_Data_Assignment/A02/airflow_env/lib/python3.11/site-packages/airflow/example_dags/example_branch_day_of_week_operator.py for tasks to queue
[2024-03-08T00:40:45.833+0530] {logging_mixin.py:188} INFO - [2024-03-08T00:40:45.833+0530] {dagbag.py:540} INFO - Filling up the DagBag from /Users/anikbhowmick/Python/Big_Data_Assignment/A02/airflow_env/lib/python3.11/site-packages/airflow/example_dags/example_branch_day_of_week_operator.py
[2024-03-08T00:40:45.859+0530] {processor.py:840} INFO - DAG(s) 'example_weekday_branch_operator' retrieved from /Users/anikbhowmick/Python/Big_Data_Assignment/A02/airflow_env/lib/python3.11/site-packages/airflow/example_dags/example_branch_day_of_week_operator.py
[2024-03-08T00:40:45.888+0530] {logging_mixin.py:188} INFO - [2024-03-08T00:40:45.888+0530] {dag.py:3047} INFO - Sync 1 DAGs
[2024-03-08T00:40:45.893+0530] {logging_mixin.py:188} INFO - [2024-03-08T00:40:45.893+0530] {dag.py:3834} INFO - Setting next_dagrun for example_weekday_branch_operator to 2024-03-06 00:00:00+00:00, run_after=2024-03-07 00:00:00+00:00
[2024-03-08T00:40:45.899+0530] {processor.py:183} INFO - Processing /Users/anikbhowmick/Python/Big_Data_Assignment/A02/airflow_env/lib/python3.11/site-packages/airflow/example_dags/example_branch_day_of_week_operator.py took 0.068 seconds
