[2024-03-08T00:13:08.920+0530] {processor.py:161} INFO - Started process (PID=2051) to work on /Users/anikbhowmick/Python/Big_Data_Assignment/A02/airflow_env/lib/python3.11/site-packages/airflow/example_dags/example_sla_dag.py
[2024-03-08T00:13:08.921+0530] {processor.py:830} INFO - Processing file /Users/anikbhowmick/Python/Big_Data_Assignment/A02/airflow_env/lib/python3.11/site-packages/airflow/example_dags/example_sla_dag.py for tasks to queue
[2024-03-08T00:13:08.921+0530] {logging_mixin.py:188} INFO - [2024-03-08T00:13:08.921+0530] {dagbag.py:540} INFO - Filling up the DagBag from /Users/anikbhowmick/Python/Big_Data_Assignment/A02/airflow_env/lib/python3.11/site-packages/airflow/example_dags/example_sla_dag.py
[2024-03-08T00:13:08.956+0530] {processor.py:840} INFO - DAG(s) 'example_sla_dag' retrieved from /Users/anikbhowmick/Python/Big_Data_Assignment/A02/airflow_env/lib/python3.11/site-packages/airflow/example_dags/example_sla_dag.py
[2024-03-08T00:13:08.984+0530] {logging_mixin.py:188} INFO - [2024-03-08T00:13:08.983+0530] {dag.py:3047} INFO - Sync 1 DAGs
[2024-03-08T00:13:08.990+0530] {logging_mixin.py:188} INFO - [2024-03-08T00:13:08.990+0530] {dag.py:3834} INFO - Setting next_dagrun for example_sla_dag to 2024-03-07 18:40:00+00:00, run_after=2024-03-07 18:42:00+00:00
[2024-03-08T00:13:08.997+0530] {processor.py:183} INFO - Processing /Users/anikbhowmick/Python/Big_Data_Assignment/A02/airflow_env/lib/python3.11/site-packages/airflow/example_dags/example_sla_dag.py took 0.077 seconds
[2024-03-08T00:13:59.438+0530] {processor.py:161} INFO - Started process (PID=2115) to work on /Users/anikbhowmick/Python/Big_Data_Assignment/A02/airflow_env/lib/python3.11/site-packages/airflow/example_dags/example_sla_dag.py
[2024-03-08T00:13:59.439+0530] {processor.py:830} INFO - Processing file /Users/anikbhowmick/Python/Big_Data_Assignment/A02/airflow_env/lib/python3.11/site-packages/airflow/example_dags/example_sla_dag.py for tasks to queue
[2024-03-08T00:13:59.439+0530] {logging_mixin.py:188} INFO - [2024-03-08T00:13:59.439+0530] {dagbag.py:540} INFO - Filling up the DagBag from /Users/anikbhowmick/Python/Big_Data_Assignment/A02/airflow_env/lib/python3.11/site-packages/airflow/example_dags/example_sla_dag.py
[2024-03-08T00:13:59.472+0530] {processor.py:840} INFO - DAG(s) 'example_sla_dag' retrieved from /Users/anikbhowmick/Python/Big_Data_Assignment/A02/airflow_env/lib/python3.11/site-packages/airflow/example_dags/example_sla_dag.py
[2024-03-08T00:13:59.500+0530] {logging_mixin.py:188} INFO - [2024-03-08T00:13:59.500+0530] {dag.py:3047} INFO - Sync 1 DAGs
[2024-03-08T00:13:59.507+0530] {logging_mixin.py:188} INFO - [2024-03-08T00:13:59.507+0530] {dag.py:3834} INFO - Setting next_dagrun for example_sla_dag to 2024-03-07 18:40:00+00:00, run_after=2024-03-07 18:42:00+00:00
[2024-03-08T00:13:59.513+0530] {processor.py:183} INFO - Processing /Users/anikbhowmick/Python/Big_Data_Assignment/A02/airflow_env/lib/python3.11/site-packages/airflow/example_dags/example_sla_dag.py took 0.075 seconds
[2024-03-08T00:14:48.778+0530] {processor.py:161} INFO - Started process (PID=2166) to work on /Users/anikbhowmick/Python/Big_Data_Assignment/A02/airflow_env/lib/python3.11/site-packages/airflow/example_dags/example_sla_dag.py
[2024-03-08T00:14:48.779+0530] {processor.py:830} INFO - Processing file /Users/anikbhowmick/Python/Big_Data_Assignment/A02/airflow_env/lib/python3.11/site-packages/airflow/example_dags/example_sla_dag.py for tasks to queue
[2024-03-08T00:14:48.779+0530] {logging_mixin.py:188} INFO - [2024-03-08T00:14:48.779+0530] {dagbag.py:540} INFO - Filling up the DagBag from /Users/anikbhowmick/Python/Big_Data_Assignment/A02/airflow_env/lib/python3.11/site-packages/airflow/example_dags/example_sla_dag.py
[2024-03-08T00:14:48.814+0530] {processor.py:840} INFO - DAG(s) 'example_sla_dag' retrieved from /Users/anikbhowmick/Python/Big_Data_Assignment/A02/airflow_env/lib/python3.11/site-packages/airflow/example_dags/example_sla_dag.py
[2024-03-08T00:14:48.844+0530] {logging_mixin.py:188} INFO - [2024-03-08T00:14:48.843+0530] {dag.py:3047} INFO - Sync 1 DAGs
[2024-03-08T00:14:48.850+0530] {logging_mixin.py:188} INFO - [2024-03-08T00:14:48.850+0530] {dag.py:3834} INFO - Setting next_dagrun for example_sla_dag to 2024-03-07 18:42:00+00:00, run_after=2024-03-07 18:44:00+00:00
[2024-03-08T00:14:48.857+0530] {processor.py:183} INFO - Processing /Users/anikbhowmick/Python/Big_Data_Assignment/A02/airflow_env/lib/python3.11/site-packages/airflow/example_dags/example_sla_dag.py took 0.080 seconds
[2024-03-08T00:15:47.891+0530] {processor.py:161} INFO - Started process (PID=2230) to work on /Users/anikbhowmick/Python/Big_Data_Assignment/A02/airflow_env/lib/python3.11/site-packages/airflow/example_dags/example_sla_dag.py
[2024-03-08T00:15:47.892+0530] {processor.py:830} INFO - Processing file /Users/anikbhowmick/Python/Big_Data_Assignment/A02/airflow_env/lib/python3.11/site-packages/airflow/example_dags/example_sla_dag.py for tasks to queue
[2024-03-08T00:15:47.892+0530] {logging_mixin.py:188} INFO - [2024-03-08T00:15:47.892+0530] {dagbag.py:540} INFO - Filling up the DagBag from /Users/anikbhowmick/Python/Big_Data_Assignment/A02/airflow_env/lib/python3.11/site-packages/airflow/example_dags/example_sla_dag.py
[2024-03-08T00:15:47.926+0530] {processor.py:840} INFO - DAG(s) 'example_sla_dag' retrieved from /Users/anikbhowmick/Python/Big_Data_Assignment/A02/airflow_env/lib/python3.11/site-packages/airflow/example_dags/example_sla_dag.py
[2024-03-08T00:15:47.954+0530] {logging_mixin.py:188} INFO - [2024-03-08T00:15:47.954+0530] {dag.py:3047} INFO - Sync 1 DAGs
[2024-03-08T00:15:47.961+0530] {logging_mixin.py:188} INFO - [2024-03-08T00:15:47.960+0530] {dag.py:3834} INFO - Setting next_dagrun for example_sla_dag to 2024-03-07 18:42:00+00:00, run_after=2024-03-07 18:44:00+00:00
[2024-03-08T00:15:47.967+0530] {processor.py:183} INFO - Processing /Users/anikbhowmick/Python/Big_Data_Assignment/A02/airflow_env/lib/python3.11/site-packages/airflow/example_dags/example_sla_dag.py took 0.076 seconds
[2024-03-08T00:16:47.706+0530] {processor.py:161} INFO - Started process (PID=2291) to work on /Users/anikbhowmick/Python/Big_Data_Assignment/A02/airflow_env/lib/python3.11/site-packages/airflow/example_dags/example_sla_dag.py
[2024-03-08T00:16:47.707+0530] {processor.py:830} INFO - Processing file /Users/anikbhowmick/Python/Big_Data_Assignment/A02/airflow_env/lib/python3.11/site-packages/airflow/example_dags/example_sla_dag.py for tasks to queue
[2024-03-08T00:16:47.707+0530] {logging_mixin.py:188} INFO - [2024-03-08T00:16:47.707+0530] {dagbag.py:540} INFO - Filling up the DagBag from /Users/anikbhowmick/Python/Big_Data_Assignment/A02/airflow_env/lib/python3.11/site-packages/airflow/example_dags/example_sla_dag.py
[2024-03-08T00:16:47.740+0530] {processor.py:840} INFO - DAG(s) 'example_sla_dag' retrieved from /Users/anikbhowmick/Python/Big_Data_Assignment/A02/airflow_env/lib/python3.11/site-packages/airflow/example_dags/example_sla_dag.py
[2024-03-08T00:16:47.767+0530] {logging_mixin.py:188} INFO - [2024-03-08T00:16:47.767+0530] {dag.py:3047} INFO - Sync 1 DAGs
[2024-03-08T00:16:47.774+0530] {logging_mixin.py:188} INFO - [2024-03-08T00:16:47.774+0530] {dag.py:3834} INFO - Setting next_dagrun for example_sla_dag to 2024-03-07 18:44:00+00:00, run_after=2024-03-07 18:46:00+00:00
[2024-03-08T00:16:47.780+0530] {processor.py:183} INFO - Processing /Users/anikbhowmick/Python/Big_Data_Assignment/A02/airflow_env/lib/python3.11/site-packages/airflow/example_dags/example_sla_dag.py took 0.075 seconds
[2024-03-08T00:17:47.209+0530] {processor.py:161} INFO - Started process (PID=2402) to work on /Users/anikbhowmick/Python/Big_Data_Assignment/A02/airflow_env/lib/python3.11/site-packages/airflow/example_dags/example_sla_dag.py
[2024-03-08T00:17:47.211+0530] {processor.py:830} INFO - Processing file /Users/anikbhowmick/Python/Big_Data_Assignment/A02/airflow_env/lib/python3.11/site-packages/airflow/example_dags/example_sla_dag.py for tasks to queue
[2024-03-08T00:17:47.211+0530] {logging_mixin.py:188} INFO - [2024-03-08T00:17:47.211+0530] {dagbag.py:540} INFO - Filling up the DagBag from /Users/anikbhowmick/Python/Big_Data_Assignment/A02/airflow_env/lib/python3.11/site-packages/airflow/example_dags/example_sla_dag.py
[2024-03-08T00:17:47.253+0530] {processor.py:840} INFO - DAG(s) 'example_sla_dag' retrieved from /Users/anikbhowmick/Python/Big_Data_Assignment/A02/airflow_env/lib/python3.11/site-packages/airflow/example_dags/example_sla_dag.py
[2024-03-08T00:17:47.284+0530] {logging_mixin.py:188} INFO - [2024-03-08T00:17:47.284+0530] {dag.py:3047} INFO - Sync 1 DAGs
[2024-03-08T00:17:47.290+0530] {logging_mixin.py:188} INFO - [2024-03-08T00:17:47.290+0530] {dag.py:3834} INFO - Setting next_dagrun for example_sla_dag to 2024-03-07 18:44:00+00:00, run_after=2024-03-07 18:46:00+00:00
[2024-03-08T00:17:47.297+0530] {processor.py:183} INFO - Processing /Users/anikbhowmick/Python/Big_Data_Assignment/A02/airflow_env/lib/python3.11/site-packages/airflow/example_dags/example_sla_dag.py took 0.088 seconds
[2024-03-08T00:18:59.522+0530] {processor.py:161} INFO - Started process (PID=2503) to work on /Users/anikbhowmick/Python/Big_Data_Assignment/A02/airflow_env/lib/python3.11/site-packages/airflow/example_dags/example_sla_dag.py
[2024-03-08T00:18:59.523+0530] {processor.py:830} INFO - Processing file /Users/anikbhowmick/Python/Big_Data_Assignment/A02/airflow_env/lib/python3.11/site-packages/airflow/example_dags/example_sla_dag.py for tasks to queue
[2024-03-08T00:18:59.524+0530] {logging_mixin.py:188} INFO - [2024-03-08T00:18:59.524+0530] {dagbag.py:540} INFO - Filling up the DagBag from /Users/anikbhowmick/Python/Big_Data_Assignment/A02/airflow_env/lib/python3.11/site-packages/airflow/example_dags/example_sla_dag.py
[2024-03-08T00:18:59.556+0530] {processor.py:840} INFO - DAG(s) 'example_sla_dag' retrieved from /Users/anikbhowmick/Python/Big_Data_Assignment/A02/airflow_env/lib/python3.11/site-packages/airflow/example_dags/example_sla_dag.py
[2024-03-08T00:18:59.584+0530] {logging_mixin.py:188} INFO - [2024-03-08T00:18:59.584+0530] {dag.py:3047} INFO - Sync 1 DAGs
[2024-03-08T00:18:59.591+0530] {logging_mixin.py:188} INFO - [2024-03-08T00:18:59.591+0530] {dag.py:3834} INFO - Setting next_dagrun for example_sla_dag to 2024-03-07 18:46:00+00:00, run_after=2024-03-07 18:48:00+00:00
[2024-03-08T00:18:59.597+0530] {processor.py:183} INFO - Processing /Users/anikbhowmick/Python/Big_Data_Assignment/A02/airflow_env/lib/python3.11/site-packages/airflow/example_dags/example_sla_dag.py took 0.075 seconds
[2024-03-08T00:23:32.436+0530] {processor.py:161} INFO - Started process (PID=2808) to work on /Users/anikbhowmick/Python/Big_Data_Assignment/A02/airflow_env/lib/python3.11/site-packages/airflow/example_dags/example_sla_dag.py
[2024-03-08T00:23:32.437+0530] {processor.py:830} INFO - Processing file /Users/anikbhowmick/Python/Big_Data_Assignment/A02/airflow_env/lib/python3.11/site-packages/airflow/example_dags/example_sla_dag.py for tasks to queue
[2024-03-08T00:23:32.437+0530] {logging_mixin.py:188} INFO - [2024-03-08T00:23:32.437+0530] {dagbag.py:540} INFO - Filling up the DagBag from /Users/anikbhowmick/Python/Big_Data_Assignment/A02/airflow_env/lib/python3.11/site-packages/airflow/example_dags/example_sla_dag.py
[2024-03-08T00:23:32.471+0530] {processor.py:840} INFO - DAG(s) 'example_sla_dag' retrieved from /Users/anikbhowmick/Python/Big_Data_Assignment/A02/airflow_env/lib/python3.11/site-packages/airflow/example_dags/example_sla_dag.py
[2024-03-08T00:23:32.499+0530] {logging_mixin.py:188} INFO - [2024-03-08T00:23:32.499+0530] {dag.py:3047} INFO - Sync 1 DAGs
[2024-03-08T00:23:32.505+0530] {logging_mixin.py:188} INFO - [2024-03-08T00:23:32.505+0530] {dag.py:3834} INFO - Setting next_dagrun for example_sla_dag to 2024-03-07 18:50:00+00:00, run_after=2024-03-07 18:52:00+00:00
[2024-03-08T00:23:32.512+0530] {processor.py:183} INFO - Processing /Users/anikbhowmick/Python/Big_Data_Assignment/A02/airflow_env/lib/python3.11/site-packages/airflow/example_dags/example_sla_dag.py took 0.077 seconds
[2024-03-08T00:24:23.261+0530] {processor.py:161} INFO - Started process (PID=2886) to work on /Users/anikbhowmick/Python/Big_Data_Assignment/A02/airflow_env/lib/python3.11/site-packages/airflow/example_dags/example_sla_dag.py
[2024-03-08T00:24:23.262+0530] {processor.py:830} INFO - Processing file /Users/anikbhowmick/Python/Big_Data_Assignment/A02/airflow_env/lib/python3.11/site-packages/airflow/example_dags/example_sla_dag.py for tasks to queue
[2024-03-08T00:24:23.262+0530] {logging_mixin.py:188} INFO - [2024-03-08T00:24:23.262+0530] {dagbag.py:540} INFO - Filling up the DagBag from /Users/anikbhowmick/Python/Big_Data_Assignment/A02/airflow_env/lib/python3.11/site-packages/airflow/example_dags/example_sla_dag.py
[2024-03-08T00:24:23.295+0530] {processor.py:840} INFO - DAG(s) 'example_sla_dag' retrieved from /Users/anikbhowmick/Python/Big_Data_Assignment/A02/airflow_env/lib/python3.11/site-packages/airflow/example_dags/example_sla_dag.py
[2024-03-08T00:24:23.323+0530] {logging_mixin.py:188} INFO - [2024-03-08T00:24:23.323+0530] {dag.py:3047} INFO - Sync 1 DAGs
[2024-03-08T00:24:23.329+0530] {logging_mixin.py:188} INFO - [2024-03-08T00:24:23.329+0530] {dag.py:3834} INFO - Setting next_dagrun for example_sla_dag to 2024-03-07 18:52:00+00:00, run_after=2024-03-07 18:54:00+00:00
[2024-03-08T00:24:23.335+0530] {processor.py:183} INFO - Processing /Users/anikbhowmick/Python/Big_Data_Assignment/A02/airflow_env/lib/python3.11/site-packages/airflow/example_dags/example_sla_dag.py took 0.075 seconds
[2024-03-08T00:26:00.316+0530] {processor.py:161} INFO - Started process (PID=3048) to work on /Users/anikbhowmick/Python/Big_Data_Assignment/A02/airflow_env/lib/python3.11/site-packages/airflow/example_dags/example_sla_dag.py
[2024-03-08T00:26:00.318+0530] {processor.py:830} INFO - Processing file /Users/anikbhowmick/Python/Big_Data_Assignment/A02/airflow_env/lib/python3.11/site-packages/airflow/example_dags/example_sla_dag.py for tasks to queue
[2024-03-08T00:26:00.318+0530] {logging_mixin.py:188} INFO - [2024-03-08T00:26:00.318+0530] {dagbag.py:540} INFO - Filling up the DagBag from /Users/anikbhowmick/Python/Big_Data_Assignment/A02/airflow_env/lib/python3.11/site-packages/airflow/example_dags/example_sla_dag.py
[2024-03-08T00:26:00.352+0530] {processor.py:840} INFO - DAG(s) 'example_sla_dag' retrieved from /Users/anikbhowmick/Python/Big_Data_Assignment/A02/airflow_env/lib/python3.11/site-packages/airflow/example_dags/example_sla_dag.py
[2024-03-08T00:26:00.380+0530] {logging_mixin.py:188} INFO - [2024-03-08T00:26:00.380+0530] {dag.py:3047} INFO - Sync 1 DAGs
[2024-03-08T00:26:00.387+0530] {logging_mixin.py:188} INFO - [2024-03-08T00:26:00.386+0530] {dag.py:3834} INFO - Setting next_dagrun for example_sla_dag to 2024-03-07 18:54:00+00:00, run_after=2024-03-07 18:56:00+00:00
[2024-03-08T00:26:00.393+0530] {processor.py:183} INFO - Processing /Users/anikbhowmick/Python/Big_Data_Assignment/A02/airflow_env/lib/python3.11/site-packages/airflow/example_dags/example_sla_dag.py took 0.077 seconds
[2024-03-08T00:27:47.171+0530] {processor.py:161} INFO - Started process (PID=3266) to work on /Users/anikbhowmick/Python/Big_Data_Assignment/A02/airflow_env/lib/python3.11/site-packages/airflow/example_dags/example_sla_dag.py
[2024-03-08T00:27:47.172+0530] {processor.py:830} INFO - Processing file /Users/anikbhowmick/Python/Big_Data_Assignment/A02/airflow_env/lib/python3.11/site-packages/airflow/example_dags/example_sla_dag.py for tasks to queue
[2024-03-08T00:27:47.172+0530] {logging_mixin.py:188} INFO - [2024-03-08T00:27:47.172+0530] {dagbag.py:540} INFO - Filling up the DagBag from /Users/anikbhowmick/Python/Big_Data_Assignment/A02/airflow_env/lib/python3.11/site-packages/airflow/example_dags/example_sla_dag.py
[2024-03-08T00:27:47.212+0530] {processor.py:840} INFO - DAG(s) 'example_sla_dag' retrieved from /Users/anikbhowmick/Python/Big_Data_Assignment/A02/airflow_env/lib/python3.11/site-packages/airflow/example_dags/example_sla_dag.py
[2024-03-08T00:27:47.242+0530] {logging_mixin.py:188} INFO - [2024-03-08T00:27:47.242+0530] {dag.py:3047} INFO - Sync 1 DAGs
[2024-03-08T00:27:47.249+0530] {logging_mixin.py:188} INFO - [2024-03-08T00:27:47.249+0530] {dag.py:3834} INFO - Setting next_dagrun for example_sla_dag to 2024-03-07 18:54:00+00:00, run_after=2024-03-07 18:56:00+00:00
[2024-03-08T00:27:47.255+0530] {processor.py:183} INFO - Processing /Users/anikbhowmick/Python/Big_Data_Assignment/A02/airflow_env/lib/python3.11/site-packages/airflow/example_dags/example_sla_dag.py took 0.085 seconds
[2024-03-08T00:29:39.503+0530] {processor.py:161} INFO - Started process (PID=3361) to work on /Users/anikbhowmick/Python/Big_Data_Assignment/A02/airflow_env/lib/python3.11/site-packages/airflow/example_dags/example_sla_dag.py
[2024-03-08T00:29:39.504+0530] {processor.py:830} INFO - Processing file /Users/anikbhowmick/Python/Big_Data_Assignment/A02/airflow_env/lib/python3.11/site-packages/airflow/example_dags/example_sla_dag.py for tasks to queue
[2024-03-08T00:29:39.504+0530] {logging_mixin.py:188} INFO - [2024-03-08T00:29:39.504+0530] {dagbag.py:540} INFO - Filling up the DagBag from /Users/anikbhowmick/Python/Big_Data_Assignment/A02/airflow_env/lib/python3.11/site-packages/airflow/example_dags/example_sla_dag.py
[2024-03-08T00:29:39.540+0530] {processor.py:840} INFO - DAG(s) 'example_sla_dag' retrieved from /Users/anikbhowmick/Python/Big_Data_Assignment/A02/airflow_env/lib/python3.11/site-packages/airflow/example_dags/example_sla_dag.py
[2024-03-08T00:29:39.570+0530] {logging_mixin.py:188} INFO - [2024-03-08T00:29:39.570+0530] {dag.py:3047} INFO - Sync 1 DAGs
[2024-03-08T00:29:39.576+0530] {logging_mixin.py:188} INFO - [2024-03-08T00:29:39.576+0530] {dag.py:3834} INFO - Setting next_dagrun for example_sla_dag to 2024-03-07 18:56:00+00:00, run_after=2024-03-07 18:58:00+00:00
[2024-03-08T00:29:39.583+0530] {processor.py:183} INFO - Processing /Users/anikbhowmick/Python/Big_Data_Assignment/A02/airflow_env/lib/python3.11/site-packages/airflow/example_dags/example_sla_dag.py took 0.081 seconds
[2024-03-08T00:31:41.763+0530] {processor.py:161} INFO - Started process (PID=3494) to work on /Users/anikbhowmick/Python/Big_Data_Assignment/A02/airflow_env/lib/python3.11/site-packages/airflow/example_dags/example_sla_dag.py
[2024-03-08T00:31:41.764+0530] {processor.py:830} INFO - Processing file /Users/anikbhowmick/Python/Big_Data_Assignment/A02/airflow_env/lib/python3.11/site-packages/airflow/example_dags/example_sla_dag.py for tasks to queue
[2024-03-08T00:31:41.764+0530] {logging_mixin.py:188} INFO - [2024-03-08T00:31:41.764+0530] {dagbag.py:540} INFO - Filling up the DagBag from /Users/anikbhowmick/Python/Big_Data_Assignment/A02/airflow_env/lib/python3.11/site-packages/airflow/example_dags/example_sla_dag.py
[2024-03-08T00:31:41.798+0530] {processor.py:840} INFO - DAG(s) 'example_sla_dag' retrieved from /Users/anikbhowmick/Python/Big_Data_Assignment/A02/airflow_env/lib/python3.11/site-packages/airflow/example_dags/example_sla_dag.py
[2024-03-08T00:31:41.826+0530] {logging_mixin.py:188} INFO - [2024-03-08T00:31:41.825+0530] {dag.py:3047} INFO - Sync 1 DAGs
[2024-03-08T00:31:41.832+0530] {logging_mixin.py:188} INFO - [2024-03-08T00:31:41.832+0530] {dag.py:3834} INFO - Setting next_dagrun for example_sla_dag to 2024-03-07 18:58:00+00:00, run_after=2024-03-07 19:00:00+00:00
[2024-03-08T00:31:41.838+0530] {processor.py:183} INFO - Processing /Users/anikbhowmick/Python/Big_Data_Assignment/A02/airflow_env/lib/python3.11/site-packages/airflow/example_dags/example_sla_dag.py took 0.075 seconds
[2024-03-08T00:33:40.113+0530] {processor.py:161} INFO - Started process (PID=3638) to work on /Users/anikbhowmick/Python/Big_Data_Assignment/A02/airflow_env/lib/python3.11/site-packages/airflow/example_dags/example_sla_dag.py
[2024-03-08T00:33:40.114+0530] {processor.py:830} INFO - Processing file /Users/anikbhowmick/Python/Big_Data_Assignment/A02/airflow_env/lib/python3.11/site-packages/airflow/example_dags/example_sla_dag.py for tasks to queue
[2024-03-08T00:33:40.114+0530] {logging_mixin.py:188} INFO - [2024-03-08T00:33:40.114+0530] {dagbag.py:540} INFO - Filling up the DagBag from /Users/anikbhowmick/Python/Big_Data_Assignment/A02/airflow_env/lib/python3.11/site-packages/airflow/example_dags/example_sla_dag.py
[2024-03-08T00:33:40.148+0530] {processor.py:840} INFO - DAG(s) 'example_sla_dag' retrieved from /Users/anikbhowmick/Python/Big_Data_Assignment/A02/airflow_env/lib/python3.11/site-packages/airflow/example_dags/example_sla_dag.py
[2024-03-08T00:33:40.177+0530] {logging_mixin.py:188} INFO - [2024-03-08T00:33:40.177+0530] {dag.py:3047} INFO - Sync 1 DAGs
[2024-03-08T00:33:40.183+0530] {logging_mixin.py:188} INFO - [2024-03-08T00:33:40.183+0530] {dag.py:3834} INFO - Setting next_dagrun for example_sla_dag to 2024-03-07 19:00:00+00:00, run_after=2024-03-07 19:02:00+00:00
[2024-03-08T00:33:40.190+0530] {processor.py:183} INFO - Processing /Users/anikbhowmick/Python/Big_Data_Assignment/A02/airflow_env/lib/python3.11/site-packages/airflow/example_dags/example_sla_dag.py took 0.077 seconds
[2024-03-08T00:35:35.704+0530] {processor.py:161} INFO - Started process (PID=3715) to work on /Users/anikbhowmick/Python/Big_Data_Assignment/A02/airflow_env/lib/python3.11/site-packages/airflow/example_dags/example_sla_dag.py
[2024-03-08T00:35:35.705+0530] {processor.py:830} INFO - Processing file /Users/anikbhowmick/Python/Big_Data_Assignment/A02/airflow_env/lib/python3.11/site-packages/airflow/example_dags/example_sla_dag.py for tasks to queue
[2024-03-08T00:35:35.705+0530] {logging_mixin.py:188} INFO - [2024-03-08T00:35:35.705+0530] {dagbag.py:540} INFO - Filling up the DagBag from /Users/anikbhowmick/Python/Big_Data_Assignment/A02/airflow_env/lib/python3.11/site-packages/airflow/example_dags/example_sla_dag.py
[2024-03-08T00:35:35.739+0530] {processor.py:840} INFO - DAG(s) 'example_sla_dag' retrieved from /Users/anikbhowmick/Python/Big_Data_Assignment/A02/airflow_env/lib/python3.11/site-packages/airflow/example_dags/example_sla_dag.py
[2024-03-08T00:35:35.768+0530] {logging_mixin.py:188} INFO - [2024-03-08T00:35:35.768+0530] {dag.py:3047} INFO - Sync 1 DAGs
[2024-03-08T00:35:35.774+0530] {logging_mixin.py:188} INFO - [2024-03-08T00:35:35.774+0530] {dag.py:3834} INFO - Setting next_dagrun for example_sla_dag to 2024-03-07 19:02:00+00:00, run_after=2024-03-07 19:04:00+00:00
[2024-03-08T00:35:35.780+0530] {processor.py:183} INFO - Processing /Users/anikbhowmick/Python/Big_Data_Assignment/A02/airflow_env/lib/python3.11/site-packages/airflow/example_dags/example_sla_dag.py took 0.077 seconds
[2024-03-08T00:37:28.995+0530] {processor.py:161} INFO - Started process (PID=3809) to work on /Users/anikbhowmick/Python/Big_Data_Assignment/A02/airflow_env/lib/python3.11/site-packages/airflow/example_dags/example_sla_dag.py
[2024-03-08T00:37:28.996+0530] {processor.py:830} INFO - Processing file /Users/anikbhowmick/Python/Big_Data_Assignment/A02/airflow_env/lib/python3.11/site-packages/airflow/example_dags/example_sla_dag.py for tasks to queue
[2024-03-08T00:37:28.996+0530] {logging_mixin.py:188} INFO - [2024-03-08T00:37:28.996+0530] {dagbag.py:540} INFO - Filling up the DagBag from /Users/anikbhowmick/Python/Big_Data_Assignment/A02/airflow_env/lib/python3.11/site-packages/airflow/example_dags/example_sla_dag.py
[2024-03-08T00:37:29.035+0530] {processor.py:840} INFO - DAG(s) 'example_sla_dag' retrieved from /Users/anikbhowmick/Python/Big_Data_Assignment/A02/airflow_env/lib/python3.11/site-packages/airflow/example_dags/example_sla_dag.py
[2024-03-08T00:37:29.065+0530] {logging_mixin.py:188} INFO - [2024-03-08T00:37:29.065+0530] {dag.py:3047} INFO - Sync 1 DAGs
[2024-03-08T00:37:29.072+0530] {logging_mixin.py:188} INFO - [2024-03-08T00:37:29.072+0530] {dag.py:3834} INFO - Setting next_dagrun for example_sla_dag to 2024-03-07 19:04:00+00:00, run_after=2024-03-07 19:06:00+00:00
[2024-03-08T00:37:29.079+0530] {processor.py:183} INFO - Processing /Users/anikbhowmick/Python/Big_Data_Assignment/A02/airflow_env/lib/python3.11/site-packages/airflow/example_dags/example_sla_dag.py took 0.085 seconds
[2024-03-08T00:39:25.983+0530] {processor.py:161} INFO - Started process (PID=3882) to work on /Users/anikbhowmick/Python/Big_Data_Assignment/A02/airflow_env/lib/python3.11/site-packages/airflow/example_dags/example_sla_dag.py
[2024-03-08T00:39:25.984+0530] {processor.py:830} INFO - Processing file /Users/anikbhowmick/Python/Big_Data_Assignment/A02/airflow_env/lib/python3.11/site-packages/airflow/example_dags/example_sla_dag.py for tasks to queue
[2024-03-08T00:39:25.984+0530] {logging_mixin.py:188} INFO - [2024-03-08T00:39:25.984+0530] {dagbag.py:540} INFO - Filling up the DagBag from /Users/anikbhowmick/Python/Big_Data_Assignment/A02/airflow_env/lib/python3.11/site-packages/airflow/example_dags/example_sla_dag.py
[2024-03-08T00:39:26.019+0530] {processor.py:840} INFO - DAG(s) 'example_sla_dag' retrieved from /Users/anikbhowmick/Python/Big_Data_Assignment/A02/airflow_env/lib/python3.11/site-packages/airflow/example_dags/example_sla_dag.py
[2024-03-08T00:39:26.049+0530] {logging_mixin.py:188} INFO - [2024-03-08T00:39:26.049+0530] {dag.py:3047} INFO - Sync 1 DAGs
[2024-03-08T00:39:26.056+0530] {logging_mixin.py:188} INFO - [2024-03-08T00:39:26.056+0530] {dag.py:3834} INFO - Setting next_dagrun for example_sla_dag to 2024-03-07 19:06:00+00:00, run_after=2024-03-07 19:08:00+00:00
[2024-03-08T00:39:26.064+0530] {processor.py:183} INFO - Processing /Users/anikbhowmick/Python/Big_Data_Assignment/A02/airflow_env/lib/python3.11/site-packages/airflow/example_dags/example_sla_dag.py took 0.081 seconds
