[2024-03-08T00:13:31.059+0530] {processor.py:161} INFO - Started process (PID=2082) to work on /Users/anikbhowmick/Python/Big_Data_Assignment/A02/airflow_env/lib/python3.11/site-packages/airflow/example_dags/example_complex.py
[2024-03-08T00:13:31.059+0530] {processor.py:830} INFO - Processing file /Users/anikbhowmick/Python/Big_Data_Assignment/A02/airflow_env/lib/python3.11/site-packages/airflow/example_dags/example_complex.py for tasks to queue
[2024-03-08T00:13:31.059+0530] {logging_mixin.py:188} INFO - [2024-03-08T00:13:31.059+0530] {dagbag.py:540} INFO - Filling up the DagBag from /Users/anikbhowmick/Python/Big_Data_Assignment/A02/airflow_env/lib/python3.11/site-packages/airflow/example_dags/example_complex.py
[2024-03-08T00:13:31.086+0530] {processor.py:840} INFO - DAG(s) 'example_complex' retrieved from /Users/anikbhowmick/Python/Big_Data_Assignment/A02/airflow_env/lib/python3.11/site-packages/airflow/example_dags/example_complex.py
[2024-03-08T00:13:31.119+0530] {logging_mixin.py:188} INFO - [2024-03-08T00:13:31.119+0530] {dag.py:3047} INFO - Sync 1 DAGs
[2024-03-08T00:13:31.122+0530] {logging_mixin.py:188} INFO - [2024-03-08T00:13:31.122+0530] {dag.py:3834} INFO - Setting next_dagrun for example_complex to None, run_after=None
[2024-03-08T00:13:31.128+0530] {processor.py:183} INFO - Processing /Users/anikbhowmick/Python/Big_Data_Assignment/A02/airflow_env/lib/python3.11/site-packages/airflow/example_dags/example_complex.py took 0.070 seconds
[2024-03-08T00:14:30.985+0530] {processor.py:161} INFO - Started process (PID=2147) to work on /Users/anikbhowmick/Python/Big_Data_Assignment/A02/airflow_env/lib/python3.11/site-packages/airflow/example_dags/example_complex.py
[2024-03-08T00:14:30.985+0530] {processor.py:830} INFO - Processing file /Users/anikbhowmick/Python/Big_Data_Assignment/A02/airflow_env/lib/python3.11/site-packages/airflow/example_dags/example_complex.py for tasks to queue
[2024-03-08T00:14:30.986+0530] {logging_mixin.py:188} INFO - [2024-03-08T00:14:30.985+0530] {dagbag.py:540} INFO - Filling up the DagBag from /Users/anikbhowmick/Python/Big_Data_Assignment/A02/airflow_env/lib/python3.11/site-packages/airflow/example_dags/example_complex.py
[2024-03-08T00:14:31.013+0530] {processor.py:840} INFO - DAG(s) 'example_complex' retrieved from /Users/anikbhowmick/Python/Big_Data_Assignment/A02/airflow_env/lib/python3.11/site-packages/airflow/example_dags/example_complex.py
[2024-03-08T00:14:31.045+0530] {logging_mixin.py:188} INFO - [2024-03-08T00:14:31.045+0530] {dag.py:3047} INFO - Sync 1 DAGs
[2024-03-08T00:14:31.048+0530] {logging_mixin.py:188} INFO - [2024-03-08T00:14:31.048+0530] {dag.py:3834} INFO - Setting next_dagrun for example_complex to None, run_after=None
[2024-03-08T00:14:31.054+0530] {processor.py:183} INFO - Processing /Users/anikbhowmick/Python/Big_Data_Assignment/A02/airflow_env/lib/python3.11/site-packages/airflow/example_dags/example_complex.py took 0.070 seconds
[2024-03-08T00:15:29.289+0530] {processor.py:161} INFO - Started process (PID=2210) to work on /Users/anikbhowmick/Python/Big_Data_Assignment/A02/airflow_env/lib/python3.11/site-packages/airflow/example_dags/example_complex.py
[2024-03-08T00:15:29.290+0530] {processor.py:830} INFO - Processing file /Users/anikbhowmick/Python/Big_Data_Assignment/A02/airflow_env/lib/python3.11/site-packages/airflow/example_dags/example_complex.py for tasks to queue
[2024-03-08T00:15:29.291+0530] {logging_mixin.py:188} INFO - [2024-03-08T00:15:29.291+0530] {dagbag.py:540} INFO - Filling up the DagBag from /Users/anikbhowmick/Python/Big_Data_Assignment/A02/airflow_env/lib/python3.11/site-packages/airflow/example_dags/example_complex.py
[2024-03-08T00:15:29.319+0530] {processor.py:840} INFO - DAG(s) 'example_complex' retrieved from /Users/anikbhowmick/Python/Big_Data_Assignment/A02/airflow_env/lib/python3.11/site-packages/airflow/example_dags/example_complex.py
[2024-03-08T00:15:29.352+0530] {logging_mixin.py:188} INFO - [2024-03-08T00:15:29.352+0530] {dag.py:3047} INFO - Sync 1 DAGs
[2024-03-08T00:15:29.356+0530] {logging_mixin.py:188} INFO - [2024-03-08T00:15:29.356+0530] {dag.py:3834} INFO - Setting next_dagrun for example_complex to None, run_after=None
[2024-03-08T00:15:29.362+0530] {processor.py:183} INFO - Processing /Users/anikbhowmick/Python/Big_Data_Assignment/A02/airflow_env/lib/python3.11/site-packages/airflow/example_dags/example_complex.py took 0.073 seconds
[2024-03-08T00:16:27.832+0530] {processor.py:161} INFO - Started process (PID=2271) to work on /Users/anikbhowmick/Python/Big_Data_Assignment/A02/airflow_env/lib/python3.11/site-packages/airflow/example_dags/example_complex.py
[2024-03-08T00:16:27.832+0530] {processor.py:830} INFO - Processing file /Users/anikbhowmick/Python/Big_Data_Assignment/A02/airflow_env/lib/python3.11/site-packages/airflow/example_dags/example_complex.py for tasks to queue
[2024-03-08T00:16:27.833+0530] {logging_mixin.py:188} INFO - [2024-03-08T00:16:27.833+0530] {dagbag.py:540} INFO - Filling up the DagBag from /Users/anikbhowmick/Python/Big_Data_Assignment/A02/airflow_env/lib/python3.11/site-packages/airflow/example_dags/example_complex.py
[2024-03-08T00:16:27.861+0530] {processor.py:840} INFO - DAG(s) 'example_complex' retrieved from /Users/anikbhowmick/Python/Big_Data_Assignment/A02/airflow_env/lib/python3.11/site-packages/airflow/example_dags/example_complex.py
[2024-03-08T00:16:27.895+0530] {logging_mixin.py:188} INFO - [2024-03-08T00:16:27.895+0530] {dag.py:3047} INFO - Sync 1 DAGs
[2024-03-08T00:16:27.898+0530] {logging_mixin.py:188} INFO - [2024-03-08T00:16:27.898+0530] {dag.py:3834} INFO - Setting next_dagrun for example_complex to None, run_after=None
[2024-03-08T00:16:27.904+0530] {processor.py:183} INFO - Processing /Users/anikbhowmick/Python/Big_Data_Assignment/A02/airflow_env/lib/python3.11/site-packages/airflow/example_dags/example_complex.py took 0.073 seconds
[2024-03-08T00:17:29.212+0530] {processor.py:161} INFO - Started process (PID=2368) to work on /Users/anikbhowmick/Python/Big_Data_Assignment/A02/airflow_env/lib/python3.11/site-packages/airflow/example_dags/example_complex.py
[2024-03-08T00:17:29.213+0530] {processor.py:830} INFO - Processing file /Users/anikbhowmick/Python/Big_Data_Assignment/A02/airflow_env/lib/python3.11/site-packages/airflow/example_dags/example_complex.py for tasks to queue
[2024-03-08T00:17:29.213+0530] {logging_mixin.py:188} INFO - [2024-03-08T00:17:29.213+0530] {dagbag.py:540} INFO - Filling up the DagBag from /Users/anikbhowmick/Python/Big_Data_Assignment/A02/airflow_env/lib/python3.11/site-packages/airflow/example_dags/example_complex.py
[2024-03-08T00:17:29.249+0530] {processor.py:840} INFO - DAG(s) 'example_complex' retrieved from /Users/anikbhowmick/Python/Big_Data_Assignment/A02/airflow_env/lib/python3.11/site-packages/airflow/example_dags/example_complex.py
[2024-03-08T00:17:29.291+0530] {logging_mixin.py:188} INFO - [2024-03-08T00:17:29.291+0530] {dag.py:3047} INFO - Sync 1 DAGs
[2024-03-08T00:17:29.296+0530] {logging_mixin.py:188} INFO - [2024-03-08T00:17:29.296+0530] {dag.py:3834} INFO - Setting next_dagrun for example_complex to None, run_after=None
[2024-03-08T00:17:29.307+0530] {processor.py:183} INFO - Processing /Users/anikbhowmick/Python/Big_Data_Assignment/A02/airflow_env/lib/python3.11/site-packages/airflow/example_dags/example_complex.py took 0.095 seconds
[2024-03-08T00:20:05.904+0530] {processor.py:161} INFO - Started process (PID=2620) to work on /Users/anikbhowmick/Python/Big_Data_Assignment/A02/airflow_env/lib/python3.11/site-packages/airflow/example_dags/example_complex.py
[2024-03-08T00:20:05.905+0530] {processor.py:830} INFO - Processing file /Users/anikbhowmick/Python/Big_Data_Assignment/A02/airflow_env/lib/python3.11/site-packages/airflow/example_dags/example_complex.py for tasks to queue
[2024-03-08T00:20:05.905+0530] {logging_mixin.py:188} INFO - [2024-03-08T00:20:05.905+0530] {dagbag.py:540} INFO - Filling up the DagBag from /Users/anikbhowmick/Python/Big_Data_Assignment/A02/airflow_env/lib/python3.11/site-packages/airflow/example_dags/example_complex.py
[2024-03-08T00:20:05.932+0530] {processor.py:840} INFO - DAG(s) 'example_complex' retrieved from /Users/anikbhowmick/Python/Big_Data_Assignment/A02/airflow_env/lib/python3.11/site-packages/airflow/example_dags/example_complex.py
[2024-03-08T00:20:05.964+0530] {logging_mixin.py:188} INFO - [2024-03-08T00:20:05.964+0530] {dag.py:3047} INFO - Sync 1 DAGs
[2024-03-08T00:20:05.967+0530] {logging_mixin.py:188} INFO - [2024-03-08T00:20:05.967+0530] {dag.py:3834} INFO - Setting next_dagrun for example_complex to None, run_after=None
[2024-03-08T00:20:05.973+0530] {processor.py:183} INFO - Processing /Users/anikbhowmick/Python/Big_Data_Assignment/A02/airflow_env/lib/python3.11/site-packages/airflow/example_dags/example_complex.py took 0.070 seconds
[2024-03-08T00:23:54.158+0530] {processor.py:161} INFO - Started process (PID=2840) to work on /Users/anikbhowmick/Python/Big_Data_Assignment/A02/airflow_env/lib/python3.11/site-packages/airflow/example_dags/example_complex.py
[2024-03-08T00:23:54.158+0530] {processor.py:830} INFO - Processing file /Users/anikbhowmick/Python/Big_Data_Assignment/A02/airflow_env/lib/python3.11/site-packages/airflow/example_dags/example_complex.py for tasks to queue
[2024-03-08T00:23:54.159+0530] {logging_mixin.py:188} INFO - [2024-03-08T00:23:54.159+0530] {dagbag.py:540} INFO - Filling up the DagBag from /Users/anikbhowmick/Python/Big_Data_Assignment/A02/airflow_env/lib/python3.11/site-packages/airflow/example_dags/example_complex.py
[2024-03-08T00:23:54.187+0530] {processor.py:840} INFO - DAG(s) 'example_complex' retrieved from /Users/anikbhowmick/Python/Big_Data_Assignment/A02/airflow_env/lib/python3.11/site-packages/airflow/example_dags/example_complex.py
[2024-03-08T00:23:54.219+0530] {logging_mixin.py:188} INFO - [2024-03-08T00:23:54.219+0530] {dag.py:3047} INFO - Sync 1 DAGs
[2024-03-08T00:23:54.222+0530] {logging_mixin.py:188} INFO - [2024-03-08T00:23:54.222+0530] {dag.py:3834} INFO - Setting next_dagrun for example_complex to None, run_after=None
[2024-03-08T00:23:54.228+0530] {processor.py:183} INFO - Processing /Users/anikbhowmick/Python/Big_Data_Assignment/A02/airflow_env/lib/python3.11/site-packages/airflow/example_dags/example_complex.py took 0.071 seconds
[2024-03-08T00:24:58.219+0530] {processor.py:161} INFO - Started process (PID=2934) to work on /Users/anikbhowmick/Python/Big_Data_Assignment/A02/airflow_env/lib/python3.11/site-packages/airflow/example_dags/example_complex.py
[2024-03-08T00:24:58.220+0530] {processor.py:830} INFO - Processing file /Users/anikbhowmick/Python/Big_Data_Assignment/A02/airflow_env/lib/python3.11/site-packages/airflow/example_dags/example_complex.py for tasks to queue
[2024-03-08T00:24:58.221+0530] {logging_mixin.py:188} INFO - [2024-03-08T00:24:58.221+0530] {dagbag.py:540} INFO - Filling up the DagBag from /Users/anikbhowmick/Python/Big_Data_Assignment/A02/airflow_env/lib/python3.11/site-packages/airflow/example_dags/example_complex.py
[2024-03-08T00:24:58.248+0530] {processor.py:840} INFO - DAG(s) 'example_complex' retrieved from /Users/anikbhowmick/Python/Big_Data_Assignment/A02/airflow_env/lib/python3.11/site-packages/airflow/example_dags/example_complex.py
[2024-03-08T00:24:58.281+0530] {logging_mixin.py:188} INFO - [2024-03-08T00:24:58.281+0530] {dag.py:3047} INFO - Sync 1 DAGs
[2024-03-08T00:24:58.284+0530] {logging_mixin.py:188} INFO - [2024-03-08T00:24:58.284+0530] {dag.py:3834} INFO - Setting next_dagrun for example_complex to None, run_after=None
[2024-03-08T00:24:58.290+0530] {processor.py:183} INFO - Processing /Users/anikbhowmick/Python/Big_Data_Assignment/A02/airflow_env/lib/python3.11/site-packages/airflow/example_dags/example_complex.py took 0.071 seconds
[2024-03-08T00:26:39.462+0530] {processor.py:161} INFO - Started process (PID=3087) to work on /Users/anikbhowmick/Python/Big_Data_Assignment/A02/airflow_env/lib/python3.11/site-packages/airflow/example_dags/example_complex.py
[2024-03-08T00:26:39.463+0530] {processor.py:830} INFO - Processing file /Users/anikbhowmick/Python/Big_Data_Assignment/A02/airflow_env/lib/python3.11/site-packages/airflow/example_dags/example_complex.py for tasks to queue
[2024-03-08T00:26:39.463+0530] {logging_mixin.py:188} INFO - [2024-03-08T00:26:39.463+0530] {dagbag.py:540} INFO - Filling up the DagBag from /Users/anikbhowmick/Python/Big_Data_Assignment/A02/airflow_env/lib/python3.11/site-packages/airflow/example_dags/example_complex.py
[2024-03-08T00:26:39.489+0530] {processor.py:840} INFO - DAG(s) 'example_complex' retrieved from /Users/anikbhowmick/Python/Big_Data_Assignment/A02/airflow_env/lib/python3.11/site-packages/airflow/example_dags/example_complex.py
[2024-03-08T00:26:39.522+0530] {logging_mixin.py:188} INFO - [2024-03-08T00:26:39.522+0530] {dag.py:3047} INFO - Sync 1 DAGs
[2024-03-08T00:26:39.526+0530] {logging_mixin.py:188} INFO - [2024-03-08T00:26:39.526+0530] {dag.py:3834} INFO - Setting next_dagrun for example_complex to None, run_after=None
[2024-03-08T00:26:39.532+0530] {processor.py:183} INFO - Processing /Users/anikbhowmick/Python/Big_Data_Assignment/A02/airflow_env/lib/python3.11/site-packages/airflow/example_dags/example_complex.py took 0.070 seconds
[2024-03-08T00:28:56.520+0530] {processor.py:161} INFO - Started process (PID=3332) to work on /Users/anikbhowmick/Python/Big_Data_Assignment/A02/airflow_env/lib/python3.11/site-packages/airflow/example_dags/example_complex.py
[2024-03-08T00:28:56.521+0530] {processor.py:830} INFO - Processing file /Users/anikbhowmick/Python/Big_Data_Assignment/A02/airflow_env/lib/python3.11/site-packages/airflow/example_dags/example_complex.py for tasks to queue
[2024-03-08T00:28:56.521+0530] {logging_mixin.py:188} INFO - [2024-03-08T00:28:56.521+0530] {dagbag.py:540} INFO - Filling up the DagBag from /Users/anikbhowmick/Python/Big_Data_Assignment/A02/airflow_env/lib/python3.11/site-packages/airflow/example_dags/example_complex.py
[2024-03-08T00:28:56.548+0530] {processor.py:840} INFO - DAG(s) 'example_complex' retrieved from /Users/anikbhowmick/Python/Big_Data_Assignment/A02/airflow_env/lib/python3.11/site-packages/airflow/example_dags/example_complex.py
[2024-03-08T00:28:56.581+0530] {logging_mixin.py:188} INFO - [2024-03-08T00:28:56.580+0530] {dag.py:3047} INFO - Sync 1 DAGs
[2024-03-08T00:28:56.584+0530] {logging_mixin.py:188} INFO - [2024-03-08T00:28:56.584+0530] {dag.py:3834} INFO - Setting next_dagrun for example_complex to None, run_after=None
[2024-03-08T00:28:56.590+0530] {processor.py:183} INFO - Processing /Users/anikbhowmick/Python/Big_Data_Assignment/A02/airflow_env/lib/python3.11/site-packages/airflow/example_dags/example_complex.py took 0.071 seconds
[2024-03-08T00:30:53.685+0530] {processor.py:161} INFO - Started process (PID=3450) to work on /Users/anikbhowmick/Python/Big_Data_Assignment/A02/airflow_env/lib/python3.11/site-packages/airflow/example_dags/example_complex.py
[2024-03-08T00:30:53.687+0530] {processor.py:830} INFO - Processing file /Users/anikbhowmick/Python/Big_Data_Assignment/A02/airflow_env/lib/python3.11/site-packages/airflow/example_dags/example_complex.py for tasks to queue
[2024-03-08T00:30:53.687+0530] {logging_mixin.py:188} INFO - [2024-03-08T00:30:53.687+0530] {dagbag.py:540} INFO - Filling up the DagBag from /Users/anikbhowmick/Python/Big_Data_Assignment/A02/airflow_env/lib/python3.11/site-packages/airflow/example_dags/example_complex.py
[2024-03-08T00:30:53.722+0530] {processor.py:840} INFO - DAG(s) 'example_complex' retrieved from /Users/anikbhowmick/Python/Big_Data_Assignment/A02/airflow_env/lib/python3.11/site-packages/airflow/example_dags/example_complex.py
[2024-03-08T00:30:53.760+0530] {logging_mixin.py:188} INFO - [2024-03-08T00:30:53.760+0530] {dag.py:3047} INFO - Sync 1 DAGs
[2024-03-08T00:30:53.763+0530] {logging_mixin.py:188} INFO - [2024-03-08T00:30:53.763+0530] {dag.py:3834} INFO - Setting next_dagrun for example_complex to None, run_after=None
[2024-03-08T00:30:53.771+0530] {processor.py:183} INFO - Processing /Users/anikbhowmick/Python/Big_Data_Assignment/A02/airflow_env/lib/python3.11/site-packages/airflow/example_dags/example_complex.py took 0.086 seconds
[2024-03-08T00:32:56.152+0530] {processor.py:161} INFO - Started process (PID=3562) to work on /Users/anikbhowmick/Python/Big_Data_Assignment/A02/airflow_env/lib/python3.11/site-packages/airflow/example_dags/example_complex.py
[2024-03-08T00:32:56.153+0530] {processor.py:830} INFO - Processing file /Users/anikbhowmick/Python/Big_Data_Assignment/A02/airflow_env/lib/python3.11/site-packages/airflow/example_dags/example_complex.py for tasks to queue
[2024-03-08T00:32:56.153+0530] {logging_mixin.py:188} INFO - [2024-03-08T00:32:56.153+0530] {dagbag.py:540} INFO - Filling up the DagBag from /Users/anikbhowmick/Python/Big_Data_Assignment/A02/airflow_env/lib/python3.11/site-packages/airflow/example_dags/example_complex.py
[2024-03-08T00:32:56.182+0530] {processor.py:840} INFO - DAG(s) 'example_complex' retrieved from /Users/anikbhowmick/Python/Big_Data_Assignment/A02/airflow_env/lib/python3.11/site-packages/airflow/example_dags/example_complex.py
[2024-03-08T00:32:56.215+0530] {logging_mixin.py:188} INFO - [2024-03-08T00:32:56.215+0530] {dag.py:3047} INFO - Sync 1 DAGs
[2024-03-08T00:32:56.218+0530] {logging_mixin.py:188} INFO - [2024-03-08T00:32:56.218+0530] {dag.py:3834} INFO - Setting next_dagrun for example_complex to None, run_after=None
[2024-03-08T00:32:56.224+0530] {processor.py:183} INFO - Processing /Users/anikbhowmick/Python/Big_Data_Assignment/A02/airflow_env/lib/python3.11/site-packages/airflow/example_dags/example_complex.py took 0.072 seconds
[2024-03-08T00:34:52.171+0530] {processor.py:161} INFO - Started process (PID=3685) to work on /Users/anikbhowmick/Python/Big_Data_Assignment/A02/airflow_env/lib/python3.11/site-packages/airflow/example_dags/example_complex.py
[2024-03-08T00:34:52.171+0530] {processor.py:830} INFO - Processing file /Users/anikbhowmick/Python/Big_Data_Assignment/A02/airflow_env/lib/python3.11/site-packages/airflow/example_dags/example_complex.py for tasks to queue
[2024-03-08T00:34:52.172+0530] {logging_mixin.py:188} INFO - [2024-03-08T00:34:52.172+0530] {dagbag.py:540} INFO - Filling up the DagBag from /Users/anikbhowmick/Python/Big_Data_Assignment/A02/airflow_env/lib/python3.11/site-packages/airflow/example_dags/example_complex.py
[2024-03-08T00:34:52.199+0530] {processor.py:840} INFO - DAG(s) 'example_complex' retrieved from /Users/anikbhowmick/Python/Big_Data_Assignment/A02/airflow_env/lib/python3.11/site-packages/airflow/example_dags/example_complex.py
[2024-03-08T00:34:52.233+0530] {logging_mixin.py:188} INFO - [2024-03-08T00:34:52.232+0530] {dag.py:3047} INFO - Sync 1 DAGs
[2024-03-08T00:34:52.236+0530] {logging_mixin.py:188} INFO - [2024-03-08T00:34:52.236+0530] {dag.py:3834} INFO - Setting next_dagrun for example_complex to None, run_after=None
[2024-03-08T00:34:52.242+0530] {processor.py:183} INFO - Processing /Users/anikbhowmick/Python/Big_Data_Assignment/A02/airflow_env/lib/python3.11/site-packages/airflow/example_dags/example_complex.py took 0.072 seconds
[2024-03-08T00:36:45.881+0530] {processor.py:161} INFO - Started process (PID=3783) to work on /Users/anikbhowmick/Python/Big_Data_Assignment/A02/airflow_env/lib/python3.11/site-packages/airflow/example_dags/example_complex.py
[2024-03-08T00:36:45.882+0530] {processor.py:830} INFO - Processing file /Users/anikbhowmick/Python/Big_Data_Assignment/A02/airflow_env/lib/python3.11/site-packages/airflow/example_dags/example_complex.py for tasks to queue
[2024-03-08T00:36:45.882+0530] {logging_mixin.py:188} INFO - [2024-03-08T00:36:45.882+0530] {dagbag.py:540} INFO - Filling up the DagBag from /Users/anikbhowmick/Python/Big_Data_Assignment/A02/airflow_env/lib/python3.11/site-packages/airflow/example_dags/example_complex.py
[2024-03-08T00:36:45.911+0530] {processor.py:840} INFO - DAG(s) 'example_complex' retrieved from /Users/anikbhowmick/Python/Big_Data_Assignment/A02/airflow_env/lib/python3.11/site-packages/airflow/example_dags/example_complex.py
[2024-03-08T00:36:45.943+0530] {logging_mixin.py:188} INFO - [2024-03-08T00:36:45.943+0530] {dag.py:3047} INFO - Sync 1 DAGs
[2024-03-08T00:36:45.946+0530] {logging_mixin.py:188} INFO - [2024-03-08T00:36:45.946+0530] {dag.py:3834} INFO - Setting next_dagrun for example_complex to None, run_after=None
[2024-03-08T00:36:45.952+0530] {processor.py:183} INFO - Processing /Users/anikbhowmick/Python/Big_Data_Assignment/A02/airflow_env/lib/python3.11/site-packages/airflow/example_dags/example_complex.py took 0.072 seconds
[2024-03-08T00:38:39.026+0530] {processor.py:161} INFO - Started process (PID=3854) to work on /Users/anikbhowmick/Python/Big_Data_Assignment/A02/airflow_env/lib/python3.11/site-packages/airflow/example_dags/example_complex.py
[2024-03-08T00:38:39.027+0530] {processor.py:830} INFO - Processing file /Users/anikbhowmick/Python/Big_Data_Assignment/A02/airflow_env/lib/python3.11/site-packages/airflow/example_dags/example_complex.py for tasks to queue
[2024-03-08T00:38:39.027+0530] {logging_mixin.py:188} INFO - [2024-03-08T00:38:39.027+0530] {dagbag.py:540} INFO - Filling up the DagBag from /Users/anikbhowmick/Python/Big_Data_Assignment/A02/airflow_env/lib/python3.11/site-packages/airflow/example_dags/example_complex.py
[2024-03-08T00:38:39.052+0530] {processor.py:840} INFO - DAG(s) 'example_complex' retrieved from /Users/anikbhowmick/Python/Big_Data_Assignment/A02/airflow_env/lib/python3.11/site-packages/airflow/example_dags/example_complex.py
[2024-03-08T00:38:39.084+0530] {logging_mixin.py:188} INFO - [2024-03-08T00:38:39.084+0530] {dag.py:3047} INFO - Sync 1 DAGs
[2024-03-08T00:38:39.087+0530] {logging_mixin.py:188} INFO - [2024-03-08T00:38:39.087+0530] {dag.py:3834} INFO - Setting next_dagrun for example_complex to None, run_after=None
[2024-03-08T00:38:39.093+0530] {processor.py:183} INFO - Processing /Users/anikbhowmick/Python/Big_Data_Assignment/A02/airflow_env/lib/python3.11/site-packages/airflow/example_dags/example_complex.py took 0.068 seconds
[2024-03-08T00:40:38.388+0530] {processor.py:161} INFO - Started process (PID=3938) to work on /Users/anikbhowmick/Python/Big_Data_Assignment/A02/airflow_env/lib/python3.11/site-packages/airflow/example_dags/example_complex.py
[2024-03-08T00:40:38.388+0530] {processor.py:830} INFO - Processing file /Users/anikbhowmick/Python/Big_Data_Assignment/A02/airflow_env/lib/python3.11/site-packages/airflow/example_dags/example_complex.py for tasks to queue
[2024-03-08T00:40:38.388+0530] {logging_mixin.py:188} INFO - [2024-03-08T00:40:38.388+0530] {dagbag.py:540} INFO - Filling up the DagBag from /Users/anikbhowmick/Python/Big_Data_Assignment/A02/airflow_env/lib/python3.11/site-packages/airflow/example_dags/example_complex.py
[2024-03-08T00:40:38.415+0530] {processor.py:840} INFO - DAG(s) 'example_complex' retrieved from /Users/anikbhowmick/Python/Big_Data_Assignment/A02/airflow_env/lib/python3.11/site-packages/airflow/example_dags/example_complex.py
[2024-03-08T00:40:38.447+0530] {logging_mixin.py:188} INFO - [2024-03-08T00:40:38.447+0530] {dag.py:3047} INFO - Sync 1 DAGs
[2024-03-08T00:40:38.450+0530] {logging_mixin.py:188} INFO - [2024-03-08T00:40:38.450+0530] {dag.py:3834} INFO - Setting next_dagrun for example_complex to None, run_after=None
[2024-03-08T00:40:38.456+0530] {processor.py:183} INFO - Processing /Users/anikbhowmick/Python/Big_Data_Assignment/A02/airflow_env/lib/python3.11/site-packages/airflow/example_dags/example_complex.py took 0.069 seconds
