[2024-03-08T00:13:03.978+0530] {processor.py:161} INFO - Started process (PID=2044) to work on /Users/anikbhowmick/Python/Big_Data_Assignment/A02/airflow_env/lib/python3.11/site-packages/airflow/example_dags/example_trigger_controller_dag.py
[2024-03-08T00:13:03.979+0530] {processor.py:830} INFO - Processing file /Users/anikbhowmick/Python/Big_Data_Assignment/A02/airflow_env/lib/python3.11/site-packages/airflow/example_dags/example_trigger_controller_dag.py for tasks to queue
[2024-03-08T00:13:03.979+0530] {logging_mixin.py:188} INFO - [2024-03-08T00:13:03.979+0530] {dagbag.py:540} INFO - Filling up the DagBag from /Users/anikbhowmick/Python/Big_Data_Assignment/A02/airflow_env/lib/python3.11/site-packages/airflow/example_dags/example_trigger_controller_dag.py
[2024-03-08T00:13:04.004+0530] {processor.py:840} INFO - DAG(s) 'example_trigger_controller_dag' retrieved from /Users/anikbhowmick/Python/Big_Data_Assignment/A02/airflow_env/lib/python3.11/site-packages/airflow/example_dags/example_trigger_controller_dag.py
[2024-03-08T00:13:04.031+0530] {logging_mixin.py:188} INFO - [2024-03-08T00:13:04.031+0530] {dag.py:3047} INFO - Sync 1 DAGs
[2024-03-08T00:13:04.036+0530] {logging_mixin.py:188} INFO - [2024-03-08T00:13:04.036+0530] {dag.py:3834} INFO - Setting next_dagrun for example_trigger_controller_dag to 2021-01-01 00:00:00+00:00, run_after=2021-01-01 00:00:00+00:00
[2024-03-08T00:13:04.042+0530] {processor.py:183} INFO - Processing /Users/anikbhowmick/Python/Big_Data_Assignment/A02/airflow_env/lib/python3.11/site-packages/airflow/example_dags/example_trigger_controller_dag.py took 0.064 seconds
[2024-03-08T00:13:54.400+0530] {processor.py:161} INFO - Started process (PID=2109) to work on /Users/anikbhowmick/Python/Big_Data_Assignment/A02/airflow_env/lib/python3.11/site-packages/airflow/example_dags/example_trigger_controller_dag.py
[2024-03-08T00:13:54.401+0530] {processor.py:830} INFO - Processing file /Users/anikbhowmick/Python/Big_Data_Assignment/A02/airflow_env/lib/python3.11/site-packages/airflow/example_dags/example_trigger_controller_dag.py for tasks to queue
[2024-03-08T00:13:54.401+0530] {logging_mixin.py:188} INFO - [2024-03-08T00:13:54.401+0530] {dagbag.py:540} INFO - Filling up the DagBag from /Users/anikbhowmick/Python/Big_Data_Assignment/A02/airflow_env/lib/python3.11/site-packages/airflow/example_dags/example_trigger_controller_dag.py
[2024-03-08T00:13:54.426+0530] {processor.py:840} INFO - DAG(s) 'example_trigger_controller_dag' retrieved from /Users/anikbhowmick/Python/Big_Data_Assignment/A02/airflow_env/lib/python3.11/site-packages/airflow/example_dags/example_trigger_controller_dag.py
[2024-03-08T00:13:54.452+0530] {logging_mixin.py:188} INFO - [2024-03-08T00:13:54.452+0530] {dag.py:3047} INFO - Sync 1 DAGs
[2024-03-08T00:13:54.458+0530] {logging_mixin.py:188} INFO - [2024-03-08T00:13:54.458+0530] {dag.py:3834} INFO - Setting next_dagrun for example_trigger_controller_dag to 2021-01-01 00:00:00+00:00, run_after=2021-01-01 00:00:00+00:00
[2024-03-08T00:13:54.464+0530] {processor.py:183} INFO - Processing /Users/anikbhowmick/Python/Big_Data_Assignment/A02/airflow_env/lib/python3.11/site-packages/airflow/example_dags/example_trigger_controller_dag.py took 0.064 seconds
[2024-03-08T00:14:44.127+0530] {processor.py:161} INFO - Started process (PID=2161) to work on /Users/anikbhowmick/Python/Big_Data_Assignment/A02/airflow_env/lib/python3.11/site-packages/airflow/example_dags/example_trigger_controller_dag.py
[2024-03-08T00:14:44.128+0530] {processor.py:830} INFO - Processing file /Users/anikbhowmick/Python/Big_Data_Assignment/A02/airflow_env/lib/python3.11/site-packages/airflow/example_dags/example_trigger_controller_dag.py for tasks to queue
[2024-03-08T00:14:44.128+0530] {logging_mixin.py:188} INFO - [2024-03-08T00:14:44.128+0530] {dagbag.py:540} INFO - Filling up the DagBag from /Users/anikbhowmick/Python/Big_Data_Assignment/A02/airflow_env/lib/python3.11/site-packages/airflow/example_dags/example_trigger_controller_dag.py
[2024-03-08T00:14:44.157+0530] {processor.py:840} INFO - DAG(s) 'example_trigger_controller_dag' retrieved from /Users/anikbhowmick/Python/Big_Data_Assignment/A02/airflow_env/lib/python3.11/site-packages/airflow/example_dags/example_trigger_controller_dag.py
[2024-03-08T00:14:44.186+0530] {logging_mixin.py:188} INFO - [2024-03-08T00:14:44.185+0530] {dag.py:3047} INFO - Sync 1 DAGs
[2024-03-08T00:14:44.192+0530] {logging_mixin.py:188} INFO - [2024-03-08T00:14:44.192+0530] {dag.py:3834} INFO - Setting next_dagrun for example_trigger_controller_dag to 2021-01-01 00:00:00+00:00, run_after=2021-01-01 00:00:00+00:00
[2024-03-08T00:14:44.199+0530] {processor.py:183} INFO - Processing /Users/anikbhowmick/Python/Big_Data_Assignment/A02/airflow_env/lib/python3.11/site-packages/airflow/example_dags/example_trigger_controller_dag.py took 0.073 seconds
[2024-03-08T00:15:23.512+0530] {processor.py:161} INFO - Started process (PID=2204) to work on /Users/anikbhowmick/Python/Big_Data_Assignment/A02/airflow_env/lib/python3.11/site-packages/airflow/example_dags/example_trigger_controller_dag.py
[2024-03-08T00:15:23.513+0530] {processor.py:830} INFO - Processing file /Users/anikbhowmick/Python/Big_Data_Assignment/A02/airflow_env/lib/python3.11/site-packages/airflow/example_dags/example_trigger_controller_dag.py for tasks to queue
[2024-03-08T00:15:23.513+0530] {logging_mixin.py:188} INFO - [2024-03-08T00:15:23.513+0530] {dagbag.py:540} INFO - Filling up the DagBag from /Users/anikbhowmick/Python/Big_Data_Assignment/A02/airflow_env/lib/python3.11/site-packages/airflow/example_dags/example_trigger_controller_dag.py
[2024-03-08T00:15:23.542+0530] {processor.py:840} INFO - DAG(s) 'example_trigger_controller_dag' retrieved from /Users/anikbhowmick/Python/Big_Data_Assignment/A02/airflow_env/lib/python3.11/site-packages/airflow/example_dags/example_trigger_controller_dag.py
[2024-03-08T00:15:23.571+0530] {logging_mixin.py:188} INFO - [2024-03-08T00:15:23.571+0530] {dag.py:3047} INFO - Sync 1 DAGs
[2024-03-08T00:15:23.577+0530] {logging_mixin.py:188} INFO - [2024-03-08T00:15:23.577+0530] {dag.py:3834} INFO - Setting next_dagrun for example_trigger_controller_dag to 2021-01-01 00:00:00+00:00, run_after=2021-01-01 00:00:00+00:00
[2024-03-08T00:15:23.583+0530] {processor.py:183} INFO - Processing /Users/anikbhowmick/Python/Big_Data_Assignment/A02/airflow_env/lib/python3.11/site-packages/airflow/example_dags/example_trigger_controller_dag.py took 0.072 seconds
[2024-03-08T00:16:02.743+0530] {processor.py:161} INFO - Started process (PID=2246) to work on /Users/anikbhowmick/Python/Big_Data_Assignment/A02/airflow_env/lib/python3.11/site-packages/airflow/example_dags/example_trigger_controller_dag.py
[2024-03-08T00:16:02.744+0530] {processor.py:830} INFO - Processing file /Users/anikbhowmick/Python/Big_Data_Assignment/A02/airflow_env/lib/python3.11/site-packages/airflow/example_dags/example_trigger_controller_dag.py for tasks to queue
[2024-03-08T00:16:02.744+0530] {logging_mixin.py:188} INFO - [2024-03-08T00:16:02.744+0530] {dagbag.py:540} INFO - Filling up the DagBag from /Users/anikbhowmick/Python/Big_Data_Assignment/A02/airflow_env/lib/python3.11/site-packages/airflow/example_dags/example_trigger_controller_dag.py
[2024-03-08T00:16:02.769+0530] {processor.py:840} INFO - DAG(s) 'example_trigger_controller_dag' retrieved from /Users/anikbhowmick/Python/Big_Data_Assignment/A02/airflow_env/lib/python3.11/site-packages/airflow/example_dags/example_trigger_controller_dag.py
[2024-03-08T00:16:02.796+0530] {logging_mixin.py:188} INFO - [2024-03-08T00:16:02.796+0530] {dag.py:3047} INFO - Sync 1 DAGs
[2024-03-08T00:16:02.801+0530] {logging_mixin.py:188} INFO - [2024-03-08T00:16:02.801+0530] {dag.py:3834} INFO - Setting next_dagrun for example_trigger_controller_dag to 2021-01-01 00:00:00+00:00, run_after=2021-01-01 00:00:00+00:00
[2024-03-08T00:16:02.807+0530] {processor.py:183} INFO - Processing /Users/anikbhowmick/Python/Big_Data_Assignment/A02/airflow_env/lib/python3.11/site-packages/airflow/example_dags/example_trigger_controller_dag.py took 0.064 seconds
[2024-03-08T00:16:44.364+0530] {processor.py:161} INFO - Started process (PID=2287) to work on /Users/anikbhowmick/Python/Big_Data_Assignment/A02/airflow_env/lib/python3.11/site-packages/airflow/example_dags/example_trigger_controller_dag.py
[2024-03-08T00:16:44.366+0530] {processor.py:830} INFO - Processing file /Users/anikbhowmick/Python/Big_Data_Assignment/A02/airflow_env/lib/python3.11/site-packages/airflow/example_dags/example_trigger_controller_dag.py for tasks to queue
[2024-03-08T00:16:44.367+0530] {logging_mixin.py:188} INFO - [2024-03-08T00:16:44.366+0530] {dagbag.py:540} INFO - Filling up the DagBag from /Users/anikbhowmick/Python/Big_Data_Assignment/A02/airflow_env/lib/python3.11/site-packages/airflow/example_dags/example_trigger_controller_dag.py
[2024-03-08T00:16:44.391+0530] {processor.py:840} INFO - DAG(s) 'example_trigger_controller_dag' retrieved from /Users/anikbhowmick/Python/Big_Data_Assignment/A02/airflow_env/lib/python3.11/site-packages/airflow/example_dags/example_trigger_controller_dag.py
[2024-03-08T00:16:44.418+0530] {logging_mixin.py:188} INFO - [2024-03-08T00:16:44.418+0530] {dag.py:3047} INFO - Sync 1 DAGs
[2024-03-08T00:16:44.423+0530] {logging_mixin.py:188} INFO - [2024-03-08T00:16:44.423+0530] {dag.py:3834} INFO - Setting next_dagrun for example_trigger_controller_dag to 2021-01-01 00:00:00+00:00, run_after=2021-01-01 00:00:00+00:00
[2024-03-08T00:16:44.429+0530] {processor.py:183} INFO - Processing /Users/anikbhowmick/Python/Big_Data_Assignment/A02/airflow_env/lib/python3.11/site-packages/airflow/example_dags/example_trigger_controller_dag.py took 0.066 seconds
[2024-03-08T00:17:25.220+0530] {processor.py:161} INFO - Started process (PID=2355) to work on /Users/anikbhowmick/Python/Big_Data_Assignment/A02/airflow_env/lib/python3.11/site-packages/airflow/example_dags/example_trigger_controller_dag.py
[2024-03-08T00:17:25.220+0530] {processor.py:830} INFO - Processing file /Users/anikbhowmick/Python/Big_Data_Assignment/A02/airflow_env/lib/python3.11/site-packages/airflow/example_dags/example_trigger_controller_dag.py for tasks to queue
[2024-03-08T00:17:25.221+0530] {logging_mixin.py:188} INFO - [2024-03-08T00:17:25.221+0530] {dagbag.py:540} INFO - Filling up the DagBag from /Users/anikbhowmick/Python/Big_Data_Assignment/A02/airflow_env/lib/python3.11/site-packages/airflow/example_dags/example_trigger_controller_dag.py
[2024-03-08T00:17:25.249+0530] {processor.py:840} INFO - DAG(s) 'example_trigger_controller_dag' retrieved from /Users/anikbhowmick/Python/Big_Data_Assignment/A02/airflow_env/lib/python3.11/site-packages/airflow/example_dags/example_trigger_controller_dag.py
[2024-03-08T00:17:25.275+0530] {logging_mixin.py:188} INFO - [2024-03-08T00:17:25.275+0530] {dag.py:3047} INFO - Sync 1 DAGs
[2024-03-08T00:17:25.281+0530] {logging_mixin.py:188} INFO - [2024-03-08T00:17:25.280+0530] {dag.py:3834} INFO - Setting next_dagrun for example_trigger_controller_dag to 2021-01-01 00:00:00+00:00, run_after=2021-01-01 00:00:00+00:00
[2024-03-08T00:17:25.287+0530] {processor.py:183} INFO - Processing /Users/anikbhowmick/Python/Big_Data_Assignment/A02/airflow_env/lib/python3.11/site-packages/airflow/example_dags/example_trigger_controller_dag.py took 0.067 seconds
[2024-03-08T00:18:51.989+0530] {processor.py:161} INFO - Started process (PID=2498) to work on /Users/anikbhowmick/Python/Big_Data_Assignment/A02/airflow_env/lib/python3.11/site-packages/airflow/example_dags/example_trigger_controller_dag.py
[2024-03-08T00:18:51.990+0530] {processor.py:830} INFO - Processing file /Users/anikbhowmick/Python/Big_Data_Assignment/A02/airflow_env/lib/python3.11/site-packages/airflow/example_dags/example_trigger_controller_dag.py for tasks to queue
[2024-03-08T00:18:51.990+0530] {logging_mixin.py:188} INFO - [2024-03-08T00:18:51.990+0530] {dagbag.py:540} INFO - Filling up the DagBag from /Users/anikbhowmick/Python/Big_Data_Assignment/A02/airflow_env/lib/python3.11/site-packages/airflow/example_dags/example_trigger_controller_dag.py
[2024-03-08T00:18:52.016+0530] {processor.py:840} INFO - DAG(s) 'example_trigger_controller_dag' retrieved from /Users/anikbhowmick/Python/Big_Data_Assignment/A02/airflow_env/lib/python3.11/site-packages/airflow/example_dags/example_trigger_controller_dag.py
[2024-03-08T00:18:52.043+0530] {logging_mixin.py:188} INFO - [2024-03-08T00:18:52.043+0530] {dag.py:3047} INFO - Sync 1 DAGs
[2024-03-08T00:18:52.049+0530] {logging_mixin.py:188} INFO - [2024-03-08T00:18:52.048+0530] {dag.py:3834} INFO - Setting next_dagrun for example_trigger_controller_dag to 2021-01-01 00:00:00+00:00, run_after=2021-01-01 00:00:00+00:00
[2024-03-08T00:18:52.055+0530] {processor.py:183} INFO - Processing /Users/anikbhowmick/Python/Big_Data_Assignment/A02/airflow_env/lib/python3.11/site-packages/airflow/example_dags/example_trigger_controller_dag.py took 0.066 seconds
[2024-03-08T00:23:27.799+0530] {processor.py:161} INFO - Started process (PID=2799) to work on /Users/anikbhowmick/Python/Big_Data_Assignment/A02/airflow_env/lib/python3.11/site-packages/airflow/example_dags/example_trigger_controller_dag.py
[2024-03-08T00:23:27.799+0530] {processor.py:830} INFO - Processing file /Users/anikbhowmick/Python/Big_Data_Assignment/A02/airflow_env/lib/python3.11/site-packages/airflow/example_dags/example_trigger_controller_dag.py for tasks to queue
[2024-03-08T00:23:27.799+0530] {logging_mixin.py:188} INFO - [2024-03-08T00:23:27.799+0530] {dagbag.py:540} INFO - Filling up the DagBag from /Users/anikbhowmick/Python/Big_Data_Assignment/A02/airflow_env/lib/python3.11/site-packages/airflow/example_dags/example_trigger_controller_dag.py
[2024-03-08T00:23:27.825+0530] {processor.py:840} INFO - DAG(s) 'example_trigger_controller_dag' retrieved from /Users/anikbhowmick/Python/Big_Data_Assignment/A02/airflow_env/lib/python3.11/site-packages/airflow/example_dags/example_trigger_controller_dag.py
[2024-03-08T00:23:27.853+0530] {logging_mixin.py:188} INFO - [2024-03-08T00:23:27.852+0530] {dag.py:3047} INFO - Sync 1 DAGs
[2024-03-08T00:23:27.859+0530] {logging_mixin.py:188} INFO - [2024-03-08T00:23:27.858+0530] {dag.py:3834} INFO - Setting next_dagrun for example_trigger_controller_dag to 2021-01-01 00:00:00+00:00, run_after=2021-01-01 00:00:00+00:00
[2024-03-08T00:23:27.864+0530] {processor.py:183} INFO - Processing /Users/anikbhowmick/Python/Big_Data_Assignment/A02/airflow_env/lib/python3.11/site-packages/airflow/example_dags/example_trigger_controller_dag.py took 0.066 seconds
[2024-03-08T00:24:18.240+0530] {processor.py:161} INFO - Started process (PID=2878) to work on /Users/anikbhowmick/Python/Big_Data_Assignment/A02/airflow_env/lib/python3.11/site-packages/airflow/example_dags/example_trigger_controller_dag.py
[2024-03-08T00:24:18.240+0530] {processor.py:830} INFO - Processing file /Users/anikbhowmick/Python/Big_Data_Assignment/A02/airflow_env/lib/python3.11/site-packages/airflow/example_dags/example_trigger_controller_dag.py for tasks to queue
[2024-03-08T00:24:18.241+0530] {logging_mixin.py:188} INFO - [2024-03-08T00:24:18.241+0530] {dagbag.py:540} INFO - Filling up the DagBag from /Users/anikbhowmick/Python/Big_Data_Assignment/A02/airflow_env/lib/python3.11/site-packages/airflow/example_dags/example_trigger_controller_dag.py
[2024-03-08T00:24:18.266+0530] {processor.py:840} INFO - DAG(s) 'example_trigger_controller_dag' retrieved from /Users/anikbhowmick/Python/Big_Data_Assignment/A02/airflow_env/lib/python3.11/site-packages/airflow/example_dags/example_trigger_controller_dag.py
[2024-03-08T00:24:18.293+0530] {logging_mixin.py:188} INFO - [2024-03-08T00:24:18.293+0530] {dag.py:3047} INFO - Sync 1 DAGs
[2024-03-08T00:24:18.298+0530] {logging_mixin.py:188} INFO - [2024-03-08T00:24:18.298+0530] {dag.py:3834} INFO - Setting next_dagrun for example_trigger_controller_dag to 2021-01-01 00:00:00+00:00, run_after=2021-01-01 00:00:00+00:00
[2024-03-08T00:24:18.304+0530] {processor.py:183} INFO - Processing /Users/anikbhowmick/Python/Big_Data_Assignment/A02/airflow_env/lib/python3.11/site-packages/airflow/example_dags/example_trigger_controller_dag.py took 0.065 seconds
[2024-03-08T00:25:52.728+0530] {processor.py:161} INFO - Started process (PID=3043) to work on /Users/anikbhowmick/Python/Big_Data_Assignment/A02/airflow_env/lib/python3.11/site-packages/airflow/example_dags/example_trigger_controller_dag.py
[2024-03-08T00:25:52.729+0530] {processor.py:830} INFO - Processing file /Users/anikbhowmick/Python/Big_Data_Assignment/A02/airflow_env/lib/python3.11/site-packages/airflow/example_dags/example_trigger_controller_dag.py for tasks to queue
[2024-03-08T00:25:52.729+0530] {logging_mixin.py:188} INFO - [2024-03-08T00:25:52.729+0530] {dagbag.py:540} INFO - Filling up the DagBag from /Users/anikbhowmick/Python/Big_Data_Assignment/A02/airflow_env/lib/python3.11/site-packages/airflow/example_dags/example_trigger_controller_dag.py
[2024-03-08T00:25:52.754+0530] {processor.py:840} INFO - DAG(s) 'example_trigger_controller_dag' retrieved from /Users/anikbhowmick/Python/Big_Data_Assignment/A02/airflow_env/lib/python3.11/site-packages/airflow/example_dags/example_trigger_controller_dag.py
[2024-03-08T00:25:52.781+0530] {logging_mixin.py:188} INFO - [2024-03-08T00:25:52.780+0530] {dag.py:3047} INFO - Sync 1 DAGs
[2024-03-08T00:25:52.786+0530] {logging_mixin.py:188} INFO - [2024-03-08T00:25:52.786+0530] {dag.py:3834} INFO - Setting next_dagrun for example_trigger_controller_dag to 2021-01-01 00:00:00+00:00, run_after=2021-01-01 00:00:00+00:00
[2024-03-08T00:25:52.792+0530] {processor.py:183} INFO - Processing /Users/anikbhowmick/Python/Big_Data_Assignment/A02/airflow_env/lib/python3.11/site-packages/airflow/example_dags/example_trigger_controller_dag.py took 0.064 seconds
[2024-03-08T00:27:38.168+0530] {processor.py:161} INFO - Started process (PID=3252) to work on /Users/anikbhowmick/Python/Big_Data_Assignment/A02/airflow_env/lib/python3.11/site-packages/airflow/example_dags/example_trigger_controller_dag.py
[2024-03-08T00:27:38.168+0530] {processor.py:830} INFO - Processing file /Users/anikbhowmick/Python/Big_Data_Assignment/A02/airflow_env/lib/python3.11/site-packages/airflow/example_dags/example_trigger_controller_dag.py for tasks to queue
[2024-03-08T00:27:38.168+0530] {logging_mixin.py:188} INFO - [2024-03-08T00:27:38.168+0530] {dagbag.py:540} INFO - Filling up the DagBag from /Users/anikbhowmick/Python/Big_Data_Assignment/A02/airflow_env/lib/python3.11/site-packages/airflow/example_dags/example_trigger_controller_dag.py
[2024-03-08T00:27:38.221+0530] {processor.py:840} INFO - DAG(s) 'example_trigger_controller_dag' retrieved from /Users/anikbhowmick/Python/Big_Data_Assignment/A02/airflow_env/lib/python3.11/site-packages/airflow/example_dags/example_trigger_controller_dag.py
[2024-03-08T00:27:38.254+0530] {logging_mixin.py:188} INFO - [2024-03-08T00:27:38.254+0530] {dag.py:3047} INFO - Sync 1 DAGs
[2024-03-08T00:27:38.260+0530] {logging_mixin.py:188} INFO - [2024-03-08T00:27:38.260+0530] {dag.py:3834} INFO - Setting next_dagrun for example_trigger_controller_dag to 2021-01-01 00:00:00+00:00, run_after=2021-01-01 00:00:00+00:00
[2024-03-08T00:27:38.266+0530] {processor.py:183} INFO - Processing /Users/anikbhowmick/Python/Big_Data_Assignment/A02/airflow_env/lib/python3.11/site-packages/airflow/example_dags/example_trigger_controller_dag.py took 0.099 seconds
[2024-03-08T00:28:38.101+0530] {processor.py:161} INFO - Started process (PID=3312) to work on /Users/anikbhowmick/Python/Big_Data_Assignment/A02/airflow_env/lib/python3.11/site-packages/airflow/example_dags/example_trigger_controller_dag.py
[2024-03-08T00:28:38.101+0530] {processor.py:830} INFO - Processing file /Users/anikbhowmick/Python/Big_Data_Assignment/A02/airflow_env/lib/python3.11/site-packages/airflow/example_dags/example_trigger_controller_dag.py for tasks to queue
[2024-03-08T00:28:38.102+0530] {logging_mixin.py:188} INFO - [2024-03-08T00:28:38.102+0530] {dagbag.py:540} INFO - Filling up the DagBag from /Users/anikbhowmick/Python/Big_Data_Assignment/A02/airflow_env/lib/python3.11/site-packages/airflow/example_dags/example_trigger_controller_dag.py
[2024-03-08T00:28:38.128+0530] {processor.py:840} INFO - DAG(s) 'example_trigger_controller_dag' retrieved from /Users/anikbhowmick/Python/Big_Data_Assignment/A02/airflow_env/lib/python3.11/site-packages/airflow/example_dags/example_trigger_controller_dag.py
[2024-03-08T00:28:38.160+0530] {logging_mixin.py:188} INFO - [2024-03-08T00:28:38.160+0530] {dag.py:3047} INFO - Sync 1 DAGs
[2024-03-08T00:28:38.166+0530] {logging_mixin.py:188} INFO - [2024-03-08T00:28:38.166+0530] {dag.py:3834} INFO - Setting next_dagrun for example_trigger_controller_dag to 2021-01-01 00:00:00+00:00, run_after=2021-01-01 00:00:00+00:00
[2024-03-08T00:28:38.172+0530] {processor.py:183} INFO - Processing /Users/anikbhowmick/Python/Big_Data_Assignment/A02/airflow_env/lib/python3.11/site-packages/airflow/example_dags/example_trigger_controller_dag.py took 0.071 seconds
[2024-03-08T00:29:34.251+0530] {processor.py:161} INFO - Started process (PID=3358) to work on /Users/anikbhowmick/Python/Big_Data_Assignment/A02/airflow_env/lib/python3.11/site-packages/airflow/example_dags/example_trigger_controller_dag.py
[2024-03-08T00:29:34.252+0530] {processor.py:830} INFO - Processing file /Users/anikbhowmick/Python/Big_Data_Assignment/A02/airflow_env/lib/python3.11/site-packages/airflow/example_dags/example_trigger_controller_dag.py for tasks to queue
[2024-03-08T00:29:34.252+0530] {logging_mixin.py:188} INFO - [2024-03-08T00:29:34.252+0530] {dagbag.py:540} INFO - Filling up the DagBag from /Users/anikbhowmick/Python/Big_Data_Assignment/A02/airflow_env/lib/python3.11/site-packages/airflow/example_dags/example_trigger_controller_dag.py
[2024-03-08T00:29:34.277+0530] {processor.py:840} INFO - DAG(s) 'example_trigger_controller_dag' retrieved from /Users/anikbhowmick/Python/Big_Data_Assignment/A02/airflow_env/lib/python3.11/site-packages/airflow/example_dags/example_trigger_controller_dag.py
[2024-03-08T00:29:34.304+0530] {logging_mixin.py:188} INFO - [2024-03-08T00:29:34.304+0530] {dag.py:3047} INFO - Sync 1 DAGs
[2024-03-08T00:29:34.309+0530] {logging_mixin.py:188} INFO - [2024-03-08T00:29:34.309+0530] {dag.py:3834} INFO - Setting next_dagrun for example_trigger_controller_dag to 2021-01-01 00:00:00+00:00, run_after=2021-01-01 00:00:00+00:00
[2024-03-08T00:29:34.315+0530] {processor.py:183} INFO - Processing /Users/anikbhowmick/Python/Big_Data_Assignment/A02/airflow_env/lib/python3.11/site-packages/airflow/example_dags/example_trigger_controller_dag.py took 0.065 seconds
[2024-03-08T00:30:33.262+0530] {processor.py:161} INFO - Started process (PID=3404) to work on /Users/anikbhowmick/Python/Big_Data_Assignment/A02/airflow_env/lib/python3.11/site-packages/airflow/example_dags/example_trigger_controller_dag.py
[2024-03-08T00:30:33.263+0530] {processor.py:830} INFO - Processing file /Users/anikbhowmick/Python/Big_Data_Assignment/A02/airflow_env/lib/python3.11/site-packages/airflow/example_dags/example_trigger_controller_dag.py for tasks to queue
[2024-03-08T00:30:33.264+0530] {logging_mixin.py:188} INFO - [2024-03-08T00:30:33.263+0530] {dagbag.py:540} INFO - Filling up the DagBag from /Users/anikbhowmick/Python/Big_Data_Assignment/A02/airflow_env/lib/python3.11/site-packages/airflow/example_dags/example_trigger_controller_dag.py
[2024-03-08T00:30:33.288+0530] {processor.py:840} INFO - DAG(s) 'example_trigger_controller_dag' retrieved from /Users/anikbhowmick/Python/Big_Data_Assignment/A02/airflow_env/lib/python3.11/site-packages/airflow/example_dags/example_trigger_controller_dag.py
[2024-03-08T00:30:33.315+0530] {logging_mixin.py:188} INFO - [2024-03-08T00:30:33.315+0530] {dag.py:3047} INFO - Sync 1 DAGs
[2024-03-08T00:30:33.320+0530] {logging_mixin.py:188} INFO - [2024-03-08T00:30:33.320+0530] {dag.py:3834} INFO - Setting next_dagrun for example_trigger_controller_dag to 2021-01-01 00:00:00+00:00, run_after=2021-01-01 00:00:00+00:00
[2024-03-08T00:30:33.327+0530] {processor.py:183} INFO - Processing /Users/anikbhowmick/Python/Big_Data_Assignment/A02/airflow_env/lib/python3.11/site-packages/airflow/example_dags/example_trigger_controller_dag.py took 0.065 seconds
[2024-03-08T00:31:34.900+0530] {processor.py:161} INFO - Started process (PID=3487) to work on /Users/anikbhowmick/Python/Big_Data_Assignment/A02/airflow_env/lib/python3.11/site-packages/airflow/example_dags/example_trigger_controller_dag.py
[2024-03-08T00:31:34.900+0530] {processor.py:830} INFO - Processing file /Users/anikbhowmick/Python/Big_Data_Assignment/A02/airflow_env/lib/python3.11/site-packages/airflow/example_dags/example_trigger_controller_dag.py for tasks to queue
[2024-03-08T00:31:34.901+0530] {logging_mixin.py:188} INFO - [2024-03-08T00:31:34.900+0530] {dagbag.py:540} INFO - Filling up the DagBag from /Users/anikbhowmick/Python/Big_Data_Assignment/A02/airflow_env/lib/python3.11/site-packages/airflow/example_dags/example_trigger_controller_dag.py
[2024-03-08T00:31:34.926+0530] {processor.py:840} INFO - DAG(s) 'example_trigger_controller_dag' retrieved from /Users/anikbhowmick/Python/Big_Data_Assignment/A02/airflow_env/lib/python3.11/site-packages/airflow/example_dags/example_trigger_controller_dag.py
[2024-03-08T00:31:34.953+0530] {logging_mixin.py:188} INFO - [2024-03-08T00:31:34.953+0530] {dag.py:3047} INFO - Sync 1 DAGs
[2024-03-08T00:31:34.958+0530] {logging_mixin.py:188} INFO - [2024-03-08T00:31:34.958+0530] {dag.py:3834} INFO - Setting next_dagrun for example_trigger_controller_dag to 2021-01-01 00:00:00+00:00, run_after=2021-01-01 00:00:00+00:00
[2024-03-08T00:31:34.965+0530] {processor.py:183} INFO - Processing /Users/anikbhowmick/Python/Big_Data_Assignment/A02/airflow_env/lib/python3.11/site-packages/airflow/example_dags/example_trigger_controller_dag.py took 0.066 seconds
[2024-03-08T00:32:36.134+0530] {processor.py:161} INFO - Started process (PID=3551) to work on /Users/anikbhowmick/Python/Big_Data_Assignment/A02/airflow_env/lib/python3.11/site-packages/airflow/example_dags/example_trigger_controller_dag.py
[2024-03-08T00:32:36.135+0530] {processor.py:830} INFO - Processing file /Users/anikbhowmick/Python/Big_Data_Assignment/A02/airflow_env/lib/python3.11/site-packages/airflow/example_dags/example_trigger_controller_dag.py for tasks to queue
[2024-03-08T00:32:36.135+0530] {logging_mixin.py:188} INFO - [2024-03-08T00:32:36.135+0530] {dagbag.py:540} INFO - Filling up the DagBag from /Users/anikbhowmick/Python/Big_Data_Assignment/A02/airflow_env/lib/python3.11/site-packages/airflow/example_dags/example_trigger_controller_dag.py
[2024-03-08T00:32:36.163+0530] {processor.py:840} INFO - DAG(s) 'example_trigger_controller_dag' retrieved from /Users/anikbhowmick/Python/Big_Data_Assignment/A02/airflow_env/lib/python3.11/site-packages/airflow/example_dags/example_trigger_controller_dag.py
[2024-03-08T00:32:36.190+0530] {logging_mixin.py:188} INFO - [2024-03-08T00:32:36.190+0530] {dag.py:3047} INFO - Sync 1 DAGs
[2024-03-08T00:32:36.195+0530] {logging_mixin.py:188} INFO - [2024-03-08T00:32:36.195+0530] {dag.py:3834} INFO - Setting next_dagrun for example_trigger_controller_dag to 2021-01-01 00:00:00+00:00, run_after=2021-01-01 00:00:00+00:00
[2024-03-08T00:32:36.202+0530] {processor.py:183} INFO - Processing /Users/anikbhowmick/Python/Big_Data_Assignment/A02/airflow_env/lib/python3.11/site-packages/airflow/example_dags/example_trigger_controller_dag.py took 0.068 seconds
[2024-03-08T00:33:34.839+0530] {processor.py:161} INFO - Started process (PID=3635) to work on /Users/anikbhowmick/Python/Big_Data_Assignment/A02/airflow_env/lib/python3.11/site-packages/airflow/example_dags/example_trigger_controller_dag.py
[2024-03-08T00:33:34.840+0530] {processor.py:830} INFO - Processing file /Users/anikbhowmick/Python/Big_Data_Assignment/A02/airflow_env/lib/python3.11/site-packages/airflow/example_dags/example_trigger_controller_dag.py for tasks to queue
[2024-03-08T00:33:34.840+0530] {logging_mixin.py:188} INFO - [2024-03-08T00:33:34.840+0530] {dagbag.py:540} INFO - Filling up the DagBag from /Users/anikbhowmick/Python/Big_Data_Assignment/A02/airflow_env/lib/python3.11/site-packages/airflow/example_dags/example_trigger_controller_dag.py
[2024-03-08T00:33:34.865+0530] {processor.py:840} INFO - DAG(s) 'example_trigger_controller_dag' retrieved from /Users/anikbhowmick/Python/Big_Data_Assignment/A02/airflow_env/lib/python3.11/site-packages/airflow/example_dags/example_trigger_controller_dag.py
[2024-03-08T00:33:34.892+0530] {logging_mixin.py:188} INFO - [2024-03-08T00:33:34.892+0530] {dag.py:3047} INFO - Sync 1 DAGs
[2024-03-08T00:33:34.898+0530] {logging_mixin.py:188} INFO - [2024-03-08T00:33:34.897+0530] {dag.py:3834} INFO - Setting next_dagrun for example_trigger_controller_dag to 2021-01-01 00:00:00+00:00, run_after=2021-01-01 00:00:00+00:00
[2024-03-08T00:33:34.904+0530] {processor.py:183} INFO - Processing /Users/anikbhowmick/Python/Big_Data_Assignment/A02/airflow_env/lib/python3.11/site-packages/airflow/example_dags/example_trigger_controller_dag.py took 0.065 seconds
[2024-03-08T00:34:32.886+0530] {processor.py:161} INFO - Started process (PID=3673) to work on /Users/anikbhowmick/Python/Big_Data_Assignment/A02/airflow_env/lib/python3.11/site-packages/airflow/example_dags/example_trigger_controller_dag.py
[2024-03-08T00:34:32.887+0530] {processor.py:830} INFO - Processing file /Users/anikbhowmick/Python/Big_Data_Assignment/A02/airflow_env/lib/python3.11/site-packages/airflow/example_dags/example_trigger_controller_dag.py for tasks to queue
[2024-03-08T00:34:32.887+0530] {logging_mixin.py:188} INFO - [2024-03-08T00:34:32.887+0530] {dagbag.py:540} INFO - Filling up the DagBag from /Users/anikbhowmick/Python/Big_Data_Assignment/A02/airflow_env/lib/python3.11/site-packages/airflow/example_dags/example_trigger_controller_dag.py
[2024-03-08T00:34:32.922+0530] {processor.py:840} INFO - DAG(s) 'example_trigger_controller_dag' retrieved from /Users/anikbhowmick/Python/Big_Data_Assignment/A02/airflow_env/lib/python3.11/site-packages/airflow/example_dags/example_trigger_controller_dag.py
[2024-03-08T00:34:32.952+0530] {logging_mixin.py:188} INFO - [2024-03-08T00:34:32.952+0530] {dag.py:3047} INFO - Sync 1 DAGs
[2024-03-08T00:34:32.958+0530] {logging_mixin.py:188} INFO - [2024-03-08T00:34:32.958+0530] {dag.py:3834} INFO - Setting next_dagrun for example_trigger_controller_dag to 2021-01-01 00:00:00+00:00, run_after=2021-01-01 00:00:00+00:00
[2024-03-08T00:34:32.965+0530] {processor.py:183} INFO - Processing /Users/anikbhowmick/Python/Big_Data_Assignment/A02/airflow_env/lib/python3.11/site-packages/airflow/example_dags/example_trigger_controller_dag.py took 0.079 seconds
[2024-03-08T00:35:31.168+0530] {processor.py:161} INFO - Started process (PID=3711) to work on /Users/anikbhowmick/Python/Big_Data_Assignment/A02/airflow_env/lib/python3.11/site-packages/airflow/example_dags/example_trigger_controller_dag.py
[2024-03-08T00:35:31.169+0530] {processor.py:830} INFO - Processing file /Users/anikbhowmick/Python/Big_Data_Assignment/A02/airflow_env/lib/python3.11/site-packages/airflow/example_dags/example_trigger_controller_dag.py for tasks to queue
[2024-03-08T00:35:31.169+0530] {logging_mixin.py:188} INFO - [2024-03-08T00:35:31.169+0530] {dagbag.py:540} INFO - Filling up the DagBag from /Users/anikbhowmick/Python/Big_Data_Assignment/A02/airflow_env/lib/python3.11/site-packages/airflow/example_dags/example_trigger_controller_dag.py
[2024-03-08T00:35:31.194+0530] {processor.py:840} INFO - DAG(s) 'example_trigger_controller_dag' retrieved from /Users/anikbhowmick/Python/Big_Data_Assignment/A02/airflow_env/lib/python3.11/site-packages/airflow/example_dags/example_trigger_controller_dag.py
[2024-03-08T00:35:31.221+0530] {logging_mixin.py:188} INFO - [2024-03-08T00:35:31.221+0530] {dag.py:3047} INFO - Sync 1 DAGs
[2024-03-08T00:35:31.227+0530] {logging_mixin.py:188} INFO - [2024-03-08T00:35:31.226+0530] {dag.py:3834} INFO - Setting next_dagrun for example_trigger_controller_dag to 2021-01-01 00:00:00+00:00, run_after=2021-01-01 00:00:00+00:00
[2024-03-08T00:35:31.232+0530] {processor.py:183} INFO - Processing /Users/anikbhowmick/Python/Big_Data_Assignment/A02/airflow_env/lib/python3.11/site-packages/airflow/example_dags/example_trigger_controller_dag.py took 0.065 seconds
[2024-03-08T00:37:24.883+0530] {processor.py:161} INFO - Started process (PID=3806) to work on /Users/anikbhowmick/Python/Big_Data_Assignment/A02/airflow_env/lib/python3.11/site-packages/airflow/example_dags/example_trigger_controller_dag.py
[2024-03-08T00:37:24.884+0530] {processor.py:830} INFO - Processing file /Users/anikbhowmick/Python/Big_Data_Assignment/A02/airflow_env/lib/python3.11/site-packages/airflow/example_dags/example_trigger_controller_dag.py for tasks to queue
[2024-03-08T00:37:24.884+0530] {logging_mixin.py:188} INFO - [2024-03-08T00:37:24.884+0530] {dagbag.py:540} INFO - Filling up the DagBag from /Users/anikbhowmick/Python/Big_Data_Assignment/A02/airflow_env/lib/python3.11/site-packages/airflow/example_dags/example_trigger_controller_dag.py
[2024-03-08T00:37:24.916+0530] {processor.py:840} INFO - DAG(s) 'example_trigger_controller_dag' retrieved from /Users/anikbhowmick/Python/Big_Data_Assignment/A02/airflow_env/lib/python3.11/site-packages/airflow/example_dags/example_trigger_controller_dag.py
[2024-03-08T00:37:24.946+0530] {logging_mixin.py:188} INFO - [2024-03-08T00:37:24.946+0530] {dag.py:3047} INFO - Sync 1 DAGs
[2024-03-08T00:37:24.952+0530] {logging_mixin.py:188} INFO - [2024-03-08T00:37:24.952+0530] {dag.py:3834} INFO - Setting next_dagrun for example_trigger_controller_dag to 2021-01-01 00:00:00+00:00, run_after=2021-01-01 00:00:00+00:00
[2024-03-08T00:37:24.959+0530] {processor.py:183} INFO - Processing /Users/anikbhowmick/Python/Big_Data_Assignment/A02/airflow_env/lib/python3.11/site-packages/airflow/example_dags/example_trigger_controller_dag.py took 0.077 seconds
[2024-03-08T00:39:20.698+0530] {processor.py:161} INFO - Started process (PID=3879) to work on /Users/anikbhowmick/Python/Big_Data_Assignment/A02/airflow_env/lib/python3.11/site-packages/airflow/example_dags/example_trigger_controller_dag.py
[2024-03-08T00:39:20.698+0530] {processor.py:830} INFO - Processing file /Users/anikbhowmick/Python/Big_Data_Assignment/A02/airflow_env/lib/python3.11/site-packages/airflow/example_dags/example_trigger_controller_dag.py for tasks to queue
[2024-03-08T00:39:20.699+0530] {logging_mixin.py:188} INFO - [2024-03-08T00:39:20.699+0530] {dagbag.py:540} INFO - Filling up the DagBag from /Users/anikbhowmick/Python/Big_Data_Assignment/A02/airflow_env/lib/python3.11/site-packages/airflow/example_dags/example_trigger_controller_dag.py
[2024-03-08T00:39:20.723+0530] {processor.py:840} INFO - DAG(s) 'example_trigger_controller_dag' retrieved from /Users/anikbhowmick/Python/Big_Data_Assignment/A02/airflow_env/lib/python3.11/site-packages/airflow/example_dags/example_trigger_controller_dag.py
[2024-03-08T00:39:20.750+0530] {logging_mixin.py:188} INFO - [2024-03-08T00:39:20.750+0530] {dag.py:3047} INFO - Sync 1 DAGs
[2024-03-08T00:39:20.755+0530] {logging_mixin.py:188} INFO - [2024-03-08T00:39:20.755+0530] {dag.py:3834} INFO - Setting next_dagrun for example_trigger_controller_dag to 2021-01-01 00:00:00+00:00, run_after=2021-01-01 00:00:00+00:00
[2024-03-08T00:39:20.761+0530] {processor.py:183} INFO - Processing /Users/anikbhowmick/Python/Big_Data_Assignment/A02/airflow_env/lib/python3.11/site-packages/airflow/example_dags/example_trigger_controller_dag.py took 0.064 seconds
[2024-03-08T00:40:20.240+0530] {processor.py:161} INFO - Started process (PID=3924) to work on /Users/anikbhowmick/Python/Big_Data_Assignment/A02/airflow_env/lib/python3.11/site-packages/airflow/example_dags/example_trigger_controller_dag.py
[2024-03-08T00:40:20.241+0530] {processor.py:830} INFO - Processing file /Users/anikbhowmick/Python/Big_Data_Assignment/A02/airflow_env/lib/python3.11/site-packages/airflow/example_dags/example_trigger_controller_dag.py for tasks to queue
[2024-03-08T00:40:20.241+0530] {logging_mixin.py:188} INFO - [2024-03-08T00:40:20.241+0530] {dagbag.py:540} INFO - Filling up the DagBag from /Users/anikbhowmick/Python/Big_Data_Assignment/A02/airflow_env/lib/python3.11/site-packages/airflow/example_dags/example_trigger_controller_dag.py
[2024-03-08T00:40:20.266+0530] {processor.py:840} INFO - DAG(s) 'example_trigger_controller_dag' retrieved from /Users/anikbhowmick/Python/Big_Data_Assignment/A02/airflow_env/lib/python3.11/site-packages/airflow/example_dags/example_trigger_controller_dag.py
[2024-03-08T00:40:20.292+0530] {logging_mixin.py:188} INFO - [2024-03-08T00:40:20.292+0530] {dag.py:3047} INFO - Sync 1 DAGs
[2024-03-08T00:40:20.298+0530] {logging_mixin.py:188} INFO - [2024-03-08T00:40:20.297+0530] {dag.py:3834} INFO - Setting next_dagrun for example_trigger_controller_dag to 2021-01-01 00:00:00+00:00, run_after=2021-01-01 00:00:00+00:00
[2024-03-08T00:40:20.303+0530] {processor.py:183} INFO - Processing /Users/anikbhowmick/Python/Big_Data_Assignment/A02/airflow_env/lib/python3.11/site-packages/airflow/example_dags/example_trigger_controller_dag.py took 0.064 seconds
