[2024-03-08T00:13:32.853+0530] {processor.py:161} INFO - Started process (PID=2087) to work on /Users/anikbhowmick/Python/Big_Data_Assignment/A02/airflow_env/lib/python3.11/site-packages/airflow/example_dags/example_branch_operator_decorator.py
[2024-03-08T00:13:32.853+0530] {processor.py:830} INFO - Processing file /Users/anikbhowmick/Python/Big_Data_Assignment/A02/airflow_env/lib/python3.11/site-packages/airflow/example_dags/example_branch_operator_decorator.py for tasks to queue
[2024-03-08T00:13:32.853+0530] {logging_mixin.py:188} INFO - [2024-03-08T00:13:32.853+0530] {dagbag.py:540} INFO - Filling up the DagBag from /Users/anikbhowmick/Python/Big_Data_Assignment/A02/airflow_env/lib/python3.11/site-packages/airflow/example_dags/example_branch_operator_decorator.py
[2024-03-08T00:13:32.892+0530] {processor.py:840} INFO - DAG(s) 'example_branch_python_operator_decorator' retrieved from /Users/anikbhowmick/Python/Big_Data_Assignment/A02/airflow_env/lib/python3.11/site-packages/airflow/example_dags/example_branch_operator_decorator.py
[2024-03-08T00:13:32.948+0530] {logging_mixin.py:188} INFO - [2024-03-08T00:13:32.948+0530] {dag.py:3047} INFO - Sync 1 DAGs
[2024-03-08T00:13:32.953+0530] {logging_mixin.py:188} INFO - [2024-03-08T00:13:32.953+0530] {dag.py:3834} INFO - Setting next_dagrun for example_branch_python_operator_decorator to 2024-03-06 00:00:00+00:00, run_after=2024-03-07 00:00:00+00:00
[2024-03-08T00:13:32.959+0530] {processor.py:183} INFO - Processing /Users/anikbhowmick/Python/Big_Data_Assignment/A02/airflow_env/lib/python3.11/site-packages/airflow/example_dags/example_branch_operator_decorator.py took 0.107 seconds
[2024-03-08T00:14:33.079+0530] {processor.py:161} INFO - Started process (PID=2149) to work on /Users/anikbhowmick/Python/Big_Data_Assignment/A02/airflow_env/lib/python3.11/site-packages/airflow/example_dags/example_branch_operator_decorator.py
[2024-03-08T00:14:33.080+0530] {processor.py:830} INFO - Processing file /Users/anikbhowmick/Python/Big_Data_Assignment/A02/airflow_env/lib/python3.11/site-packages/airflow/example_dags/example_branch_operator_decorator.py for tasks to queue
[2024-03-08T00:14:33.080+0530] {logging_mixin.py:188} INFO - [2024-03-08T00:14:33.080+0530] {dagbag.py:540} INFO - Filling up the DagBag from /Users/anikbhowmick/Python/Big_Data_Assignment/A02/airflow_env/lib/python3.11/site-packages/airflow/example_dags/example_branch_operator_decorator.py
[2024-03-08T00:14:33.118+0530] {processor.py:840} INFO - DAG(s) 'example_branch_python_operator_decorator' retrieved from /Users/anikbhowmick/Python/Big_Data_Assignment/A02/airflow_env/lib/python3.11/site-packages/airflow/example_dags/example_branch_operator_decorator.py
[2024-03-08T00:14:33.173+0530] {logging_mixin.py:188} INFO - [2024-03-08T00:14:33.173+0530] {dag.py:3047} INFO - Sync 1 DAGs
[2024-03-08T00:14:33.178+0530] {logging_mixin.py:188} INFO - [2024-03-08T00:14:33.178+0530] {dag.py:3834} INFO - Setting next_dagrun for example_branch_python_operator_decorator to 2024-03-06 00:00:00+00:00, run_after=2024-03-07 00:00:00+00:00
[2024-03-08T00:14:33.185+0530] {processor.py:183} INFO - Processing /Users/anikbhowmick/Python/Big_Data_Assignment/A02/airflow_env/lib/python3.11/site-packages/airflow/example_dags/example_branch_operator_decorator.py took 0.107 seconds
[2024-03-08T00:15:31.096+0530] {processor.py:161} INFO - Started process (PID=2212) to work on /Users/anikbhowmick/Python/Big_Data_Assignment/A02/airflow_env/lib/python3.11/site-packages/airflow/example_dags/example_branch_operator_decorator.py
[2024-03-08T00:15:31.097+0530] {processor.py:830} INFO - Processing file /Users/anikbhowmick/Python/Big_Data_Assignment/A02/airflow_env/lib/python3.11/site-packages/airflow/example_dags/example_branch_operator_decorator.py for tasks to queue
[2024-03-08T00:15:31.097+0530] {logging_mixin.py:188} INFO - [2024-03-08T00:15:31.097+0530] {dagbag.py:540} INFO - Filling up the DagBag from /Users/anikbhowmick/Python/Big_Data_Assignment/A02/airflow_env/lib/python3.11/site-packages/airflow/example_dags/example_branch_operator_decorator.py
[2024-03-08T00:15:31.145+0530] {processor.py:840} INFO - DAG(s) 'example_branch_python_operator_decorator' retrieved from /Users/anikbhowmick/Python/Big_Data_Assignment/A02/airflow_env/lib/python3.11/site-packages/airflow/example_dags/example_branch_operator_decorator.py
[2024-03-08T00:15:31.211+0530] {logging_mixin.py:188} INFO - [2024-03-08T00:15:31.211+0530] {dag.py:3047} INFO - Sync 1 DAGs
[2024-03-08T00:15:31.217+0530] {logging_mixin.py:188} INFO - [2024-03-08T00:15:31.216+0530] {dag.py:3834} INFO - Setting next_dagrun for example_branch_python_operator_decorator to 2024-03-06 00:00:00+00:00, run_after=2024-03-07 00:00:00+00:00
[2024-03-08T00:15:31.224+0530] {processor.py:183} INFO - Processing /Users/anikbhowmick/Python/Big_Data_Assignment/A02/airflow_env/lib/python3.11/site-packages/airflow/example_dags/example_branch_operator_decorator.py took 0.128 seconds
[2024-03-08T00:16:29.845+0530] {processor.py:161} INFO - Started process (PID=2273) to work on /Users/anikbhowmick/Python/Big_Data_Assignment/A02/airflow_env/lib/python3.11/site-packages/airflow/example_dags/example_branch_operator_decorator.py
[2024-03-08T00:16:29.845+0530] {processor.py:830} INFO - Processing file /Users/anikbhowmick/Python/Big_Data_Assignment/A02/airflow_env/lib/python3.11/site-packages/airflow/example_dags/example_branch_operator_decorator.py for tasks to queue
[2024-03-08T00:16:29.845+0530] {logging_mixin.py:188} INFO - [2024-03-08T00:16:29.845+0530] {dagbag.py:540} INFO - Filling up the DagBag from /Users/anikbhowmick/Python/Big_Data_Assignment/A02/airflow_env/lib/python3.11/site-packages/airflow/example_dags/example_branch_operator_decorator.py
[2024-03-08T00:16:29.886+0530] {processor.py:840} INFO - DAG(s) 'example_branch_python_operator_decorator' retrieved from /Users/anikbhowmick/Python/Big_Data_Assignment/A02/airflow_env/lib/python3.11/site-packages/airflow/example_dags/example_branch_operator_decorator.py
[2024-03-08T00:16:29.943+0530] {logging_mixin.py:188} INFO - [2024-03-08T00:16:29.943+0530] {dag.py:3047} INFO - Sync 1 DAGs
[2024-03-08T00:16:29.948+0530] {logging_mixin.py:188} INFO - [2024-03-08T00:16:29.948+0530] {dag.py:3834} INFO - Setting next_dagrun for example_branch_python_operator_decorator to 2024-03-06 00:00:00+00:00, run_after=2024-03-07 00:00:00+00:00
[2024-03-08T00:16:29.954+0530] {processor.py:183} INFO - Processing /Users/anikbhowmick/Python/Big_Data_Assignment/A02/airflow_env/lib/python3.11/site-packages/airflow/example_dags/example_branch_operator_decorator.py took 0.110 seconds
[2024-03-08T00:17:31.268+0530] {processor.py:161} INFO - Started process (PID=2373) to work on /Users/anikbhowmick/Python/Big_Data_Assignment/A02/airflow_env/lib/python3.11/site-packages/airflow/example_dags/example_branch_operator_decorator.py
[2024-03-08T00:17:31.269+0530] {processor.py:830} INFO - Processing file /Users/anikbhowmick/Python/Big_Data_Assignment/A02/airflow_env/lib/python3.11/site-packages/airflow/example_dags/example_branch_operator_decorator.py for tasks to queue
[2024-03-08T00:17:31.269+0530] {logging_mixin.py:188} INFO - [2024-03-08T00:17:31.269+0530] {dagbag.py:540} INFO - Filling up the DagBag from /Users/anikbhowmick/Python/Big_Data_Assignment/A02/airflow_env/lib/python3.11/site-packages/airflow/example_dags/example_branch_operator_decorator.py
[2024-03-08T00:17:31.316+0530] {processor.py:840} INFO - DAG(s) 'example_branch_python_operator_decorator' retrieved from /Users/anikbhowmick/Python/Big_Data_Assignment/A02/airflow_env/lib/python3.11/site-packages/airflow/example_dags/example_branch_operator_decorator.py
[2024-03-08T00:17:31.378+0530] {logging_mixin.py:188} INFO - [2024-03-08T00:17:31.378+0530] {dag.py:3047} INFO - Sync 1 DAGs
[2024-03-08T00:17:31.384+0530] {logging_mixin.py:188} INFO - [2024-03-08T00:17:31.384+0530] {dag.py:3834} INFO - Setting next_dagrun for example_branch_python_operator_decorator to 2024-03-06 00:00:00+00:00, run_after=2024-03-07 00:00:00+00:00
[2024-03-08T00:17:31.390+0530] {processor.py:183} INFO - Processing /Users/anikbhowmick/Python/Big_Data_Assignment/A02/airflow_env/lib/python3.11/site-packages/airflow/example_dags/example_branch_operator_decorator.py took 0.123 seconds
[2024-03-08T00:20:07.676+0530] {processor.py:161} INFO - Started process (PID=2622) to work on /Users/anikbhowmick/Python/Big_Data_Assignment/A02/airflow_env/lib/python3.11/site-packages/airflow/example_dags/example_branch_operator_decorator.py
[2024-03-08T00:20:07.677+0530] {processor.py:830} INFO - Processing file /Users/anikbhowmick/Python/Big_Data_Assignment/A02/airflow_env/lib/python3.11/site-packages/airflow/example_dags/example_branch_operator_decorator.py for tasks to queue
[2024-03-08T00:20:07.678+0530] {logging_mixin.py:188} INFO - [2024-03-08T00:20:07.678+0530] {dagbag.py:540} INFO - Filling up the DagBag from /Users/anikbhowmick/Python/Big_Data_Assignment/A02/airflow_env/lib/python3.11/site-packages/airflow/example_dags/example_branch_operator_decorator.py
[2024-03-08T00:20:07.715+0530] {processor.py:840} INFO - DAG(s) 'example_branch_python_operator_decorator' retrieved from /Users/anikbhowmick/Python/Big_Data_Assignment/A02/airflow_env/lib/python3.11/site-packages/airflow/example_dags/example_branch_operator_decorator.py
[2024-03-08T00:20:07.771+0530] {logging_mixin.py:188} INFO - [2024-03-08T00:20:07.771+0530] {dag.py:3047} INFO - Sync 1 DAGs
[2024-03-08T00:20:07.777+0530] {logging_mixin.py:188} INFO - [2024-03-08T00:20:07.776+0530] {dag.py:3834} INFO - Setting next_dagrun for example_branch_python_operator_decorator to 2024-03-06 00:00:00+00:00, run_after=2024-03-07 00:00:00+00:00
[2024-03-08T00:20:07.783+0530] {processor.py:183} INFO - Processing /Users/anikbhowmick/Python/Big_Data_Assignment/A02/airflow_env/lib/python3.11/site-packages/airflow/example_dags/example_branch_operator_decorator.py took 0.107 seconds
[2024-03-08T00:23:56.245+0530] {processor.py:161} INFO - Started process (PID=2844) to work on /Users/anikbhowmick/Python/Big_Data_Assignment/A02/airflow_env/lib/python3.11/site-packages/airflow/example_dags/example_branch_operator_decorator.py
[2024-03-08T00:23:56.246+0530] {processor.py:830} INFO - Processing file /Users/anikbhowmick/Python/Big_Data_Assignment/A02/airflow_env/lib/python3.11/site-packages/airflow/example_dags/example_branch_operator_decorator.py for tasks to queue
[2024-03-08T00:23:56.247+0530] {logging_mixin.py:188} INFO - [2024-03-08T00:23:56.247+0530] {dagbag.py:540} INFO - Filling up the DagBag from /Users/anikbhowmick/Python/Big_Data_Assignment/A02/airflow_env/lib/python3.11/site-packages/airflow/example_dags/example_branch_operator_decorator.py
[2024-03-08T00:23:56.284+0530] {processor.py:840} INFO - DAG(s) 'example_branch_python_operator_decorator' retrieved from /Users/anikbhowmick/Python/Big_Data_Assignment/A02/airflow_env/lib/python3.11/site-packages/airflow/example_dags/example_branch_operator_decorator.py
[2024-03-08T00:23:56.340+0530] {logging_mixin.py:188} INFO - [2024-03-08T00:23:56.340+0530] {dag.py:3047} INFO - Sync 1 DAGs
[2024-03-08T00:23:56.345+0530] {logging_mixin.py:188} INFO - [2024-03-08T00:23:56.345+0530] {dag.py:3834} INFO - Setting next_dagrun for example_branch_python_operator_decorator to 2024-03-06 00:00:00+00:00, run_after=2024-03-07 00:00:00+00:00
[2024-03-08T00:23:56.351+0530] {processor.py:183} INFO - Processing /Users/anikbhowmick/Python/Big_Data_Assignment/A02/airflow_env/lib/python3.11/site-packages/airflow/example_dags/example_branch_operator_decorator.py took 0.107 seconds
[2024-03-08T00:25:00.376+0530] {processor.py:161} INFO - Started process (PID=2936) to work on /Users/anikbhowmick/Python/Big_Data_Assignment/A02/airflow_env/lib/python3.11/site-packages/airflow/example_dags/example_branch_operator_decorator.py
[2024-03-08T00:25:00.376+0530] {processor.py:830} INFO - Processing file /Users/anikbhowmick/Python/Big_Data_Assignment/A02/airflow_env/lib/python3.11/site-packages/airflow/example_dags/example_branch_operator_decorator.py for tasks to queue
[2024-03-08T00:25:00.376+0530] {logging_mixin.py:188} INFO - [2024-03-08T00:25:00.376+0530] {dagbag.py:540} INFO - Filling up the DagBag from /Users/anikbhowmick/Python/Big_Data_Assignment/A02/airflow_env/lib/python3.11/site-packages/airflow/example_dags/example_branch_operator_decorator.py
[2024-03-08T00:25:00.425+0530] {processor.py:840} INFO - DAG(s) 'example_branch_python_operator_decorator' retrieved from /Users/anikbhowmick/Python/Big_Data_Assignment/A02/airflow_env/lib/python3.11/site-packages/airflow/example_dags/example_branch_operator_decorator.py
[2024-03-08T00:25:00.487+0530] {logging_mixin.py:188} INFO - [2024-03-08T00:25:00.486+0530] {dag.py:3047} INFO - Sync 1 DAGs
[2024-03-08T00:25:00.492+0530] {logging_mixin.py:188} INFO - [2024-03-08T00:25:00.492+0530] {dag.py:3834} INFO - Setting next_dagrun for example_branch_python_operator_decorator to 2024-03-06 00:00:00+00:00, run_after=2024-03-07 00:00:00+00:00
[2024-03-08T00:25:00.498+0530] {processor.py:183} INFO - Processing /Users/anikbhowmick/Python/Big_Data_Assignment/A02/airflow_env/lib/python3.11/site-packages/airflow/example_dags/example_branch_operator_decorator.py took 0.123 seconds
[2024-03-08T00:26:43.049+0530] {processor.py:161} INFO - Started process (PID=3094) to work on /Users/anikbhowmick/Python/Big_Data_Assignment/A02/airflow_env/lib/python3.11/site-packages/airflow/example_dags/example_branch_operator_decorator.py
[2024-03-08T00:26:43.050+0530] {processor.py:830} INFO - Processing file /Users/anikbhowmick/Python/Big_Data_Assignment/A02/airflow_env/lib/python3.11/site-packages/airflow/example_dags/example_branch_operator_decorator.py for tasks to queue
[2024-03-08T00:26:43.050+0530] {logging_mixin.py:188} INFO - [2024-03-08T00:26:43.050+0530] {dagbag.py:540} INFO - Filling up the DagBag from /Users/anikbhowmick/Python/Big_Data_Assignment/A02/airflow_env/lib/python3.11/site-packages/airflow/example_dags/example_branch_operator_decorator.py
[2024-03-08T00:26:43.089+0530] {processor.py:840} INFO - DAG(s) 'example_branch_python_operator_decorator' retrieved from /Users/anikbhowmick/Python/Big_Data_Assignment/A02/airflow_env/lib/python3.11/site-packages/airflow/example_dags/example_branch_operator_decorator.py
[2024-03-08T00:26:43.145+0530] {logging_mixin.py:188} INFO - [2024-03-08T00:26:43.145+0530] {dag.py:3047} INFO - Sync 1 DAGs
[2024-03-08T00:26:43.150+0530] {logging_mixin.py:188} INFO - [2024-03-08T00:26:43.150+0530] {dag.py:3834} INFO - Setting next_dagrun for example_branch_python_operator_decorator to 2024-03-06 00:00:00+00:00, run_after=2024-03-07 00:00:00+00:00
[2024-03-08T00:26:43.156+0530] {processor.py:183} INFO - Processing /Users/anikbhowmick/Python/Big_Data_Assignment/A02/airflow_env/lib/python3.11/site-packages/airflow/example_dags/example_branch_operator_decorator.py took 0.108 seconds
[2024-03-08T00:28:59.943+0530] {processor.py:161} INFO - Started process (PID=3334) to work on /Users/anikbhowmick/Python/Big_Data_Assignment/A02/airflow_env/lib/python3.11/site-packages/airflow/example_dags/example_branch_operator_decorator.py
[2024-03-08T00:28:59.943+0530] {processor.py:830} INFO - Processing file /Users/anikbhowmick/Python/Big_Data_Assignment/A02/airflow_env/lib/python3.11/site-packages/airflow/example_dags/example_branch_operator_decorator.py for tasks to queue
[2024-03-08T00:28:59.943+0530] {logging_mixin.py:188} INFO - [2024-03-08T00:28:59.943+0530] {dagbag.py:540} INFO - Filling up the DagBag from /Users/anikbhowmick/Python/Big_Data_Assignment/A02/airflow_env/lib/python3.11/site-packages/airflow/example_dags/example_branch_operator_decorator.py
[2024-03-08T00:28:59.980+0530] {processor.py:840} INFO - DAG(s) 'example_branch_python_operator_decorator' retrieved from /Users/anikbhowmick/Python/Big_Data_Assignment/A02/airflow_env/lib/python3.11/site-packages/airflow/example_dags/example_branch_operator_decorator.py
[2024-03-08T00:29:00.038+0530] {logging_mixin.py:188} INFO - [2024-03-08T00:29:00.038+0530] {dag.py:3047} INFO - Sync 1 DAGs
[2024-03-08T00:29:00.043+0530] {logging_mixin.py:188} INFO - [2024-03-08T00:29:00.043+0530] {dag.py:3834} INFO - Setting next_dagrun for example_branch_python_operator_decorator to 2024-03-06 00:00:00+00:00, run_after=2024-03-07 00:00:00+00:00
[2024-03-08T00:29:00.050+0530] {processor.py:183} INFO - Processing /Users/anikbhowmick/Python/Big_Data_Assignment/A02/airflow_env/lib/python3.11/site-packages/airflow/example_dags/example_branch_operator_decorator.py took 0.108 seconds
[2024-03-08T00:30:56.829+0530] {processor.py:161} INFO - Started process (PID=3455) to work on /Users/anikbhowmick/Python/Big_Data_Assignment/A02/airflow_env/lib/python3.11/site-packages/airflow/example_dags/example_branch_operator_decorator.py
[2024-03-08T00:30:56.830+0530] {processor.py:830} INFO - Processing file /Users/anikbhowmick/Python/Big_Data_Assignment/A02/airflow_env/lib/python3.11/site-packages/airflow/example_dags/example_branch_operator_decorator.py for tasks to queue
[2024-03-08T00:30:56.830+0530] {logging_mixin.py:188} INFO - [2024-03-08T00:30:56.830+0530] {dagbag.py:540} INFO - Filling up the DagBag from /Users/anikbhowmick/Python/Big_Data_Assignment/A02/airflow_env/lib/python3.11/site-packages/airflow/example_dags/example_branch_operator_decorator.py
[2024-03-08T00:30:56.871+0530] {processor.py:840} INFO - DAG(s) 'example_branch_python_operator_decorator' retrieved from /Users/anikbhowmick/Python/Big_Data_Assignment/A02/airflow_env/lib/python3.11/site-packages/airflow/example_dags/example_branch_operator_decorator.py
[2024-03-08T00:30:56.931+0530] {logging_mixin.py:188} INFO - [2024-03-08T00:30:56.931+0530] {dag.py:3047} INFO - Sync 1 DAGs
[2024-03-08T00:30:56.936+0530] {logging_mixin.py:188} INFO - [2024-03-08T00:30:56.936+0530] {dag.py:3834} INFO - Setting next_dagrun for example_branch_python_operator_decorator to 2024-03-06 00:00:00+00:00, run_after=2024-03-07 00:00:00+00:00
[2024-03-08T00:30:56.943+0530] {processor.py:183} INFO - Processing /Users/anikbhowmick/Python/Big_Data_Assignment/A02/airflow_env/lib/python3.11/site-packages/airflow/example_dags/example_branch_operator_decorator.py took 0.115 seconds
[2024-03-08T00:32:59.239+0530] {processor.py:161} INFO - Started process (PID=3564) to work on /Users/anikbhowmick/Python/Big_Data_Assignment/A02/airflow_env/lib/python3.11/site-packages/airflow/example_dags/example_branch_operator_decorator.py
[2024-03-08T00:32:59.240+0530] {processor.py:830} INFO - Processing file /Users/anikbhowmick/Python/Big_Data_Assignment/A02/airflow_env/lib/python3.11/site-packages/airflow/example_dags/example_branch_operator_decorator.py for tasks to queue
[2024-03-08T00:32:59.240+0530] {logging_mixin.py:188} INFO - [2024-03-08T00:32:59.240+0530] {dagbag.py:540} INFO - Filling up the DagBag from /Users/anikbhowmick/Python/Big_Data_Assignment/A02/airflow_env/lib/python3.11/site-packages/airflow/example_dags/example_branch_operator_decorator.py
[2024-03-08T00:32:59.277+0530] {processor.py:840} INFO - DAG(s) 'example_branch_python_operator_decorator' retrieved from /Users/anikbhowmick/Python/Big_Data_Assignment/A02/airflow_env/lib/python3.11/site-packages/airflow/example_dags/example_branch_operator_decorator.py
[2024-03-08T00:32:59.333+0530] {logging_mixin.py:188} INFO - [2024-03-08T00:32:59.333+0530] {dag.py:3047} INFO - Sync 1 DAGs
[2024-03-08T00:32:59.339+0530] {logging_mixin.py:188} INFO - [2024-03-08T00:32:59.338+0530] {dag.py:3834} INFO - Setting next_dagrun for example_branch_python_operator_decorator to 2024-03-06 00:00:00+00:00, run_after=2024-03-07 00:00:00+00:00
[2024-03-08T00:32:59.346+0530] {processor.py:183} INFO - Processing /Users/anikbhowmick/Python/Big_Data_Assignment/A02/airflow_env/lib/python3.11/site-packages/airflow/example_dags/example_branch_operator_decorator.py took 0.107 seconds
[2024-03-08T00:34:54.754+0530] {processor.py:161} INFO - Started process (PID=3687) to work on /Users/anikbhowmick/Python/Big_Data_Assignment/A02/airflow_env/lib/python3.11/site-packages/airflow/example_dags/example_branch_operator_decorator.py
[2024-03-08T00:34:54.755+0530] {processor.py:830} INFO - Processing file /Users/anikbhowmick/Python/Big_Data_Assignment/A02/airflow_env/lib/python3.11/site-packages/airflow/example_dags/example_branch_operator_decorator.py for tasks to queue
[2024-03-08T00:34:54.756+0530] {logging_mixin.py:188} INFO - [2024-03-08T00:34:54.755+0530] {dagbag.py:540} INFO - Filling up the DagBag from /Users/anikbhowmick/Python/Big_Data_Assignment/A02/airflow_env/lib/python3.11/site-packages/airflow/example_dags/example_branch_operator_decorator.py
[2024-03-08T00:34:54.796+0530] {processor.py:840} INFO - DAG(s) 'example_branch_python_operator_decorator' retrieved from /Users/anikbhowmick/Python/Big_Data_Assignment/A02/airflow_env/lib/python3.11/site-packages/airflow/example_dags/example_branch_operator_decorator.py
[2024-03-08T00:34:54.881+0530] {logging_mixin.py:188} INFO - [2024-03-08T00:34:54.881+0530] {dag.py:3047} INFO - Sync 1 DAGs
[2024-03-08T00:34:54.887+0530] {logging_mixin.py:188} INFO - [2024-03-08T00:34:54.887+0530] {dag.py:3834} INFO - Setting next_dagrun for example_branch_python_operator_decorator to 2024-03-06 00:00:00+00:00, run_after=2024-03-07 00:00:00+00:00
[2024-03-08T00:34:54.894+0530] {processor.py:183} INFO - Processing /Users/anikbhowmick/Python/Big_Data_Assignment/A02/airflow_env/lib/python3.11/site-packages/airflow/example_dags/example_branch_operator_decorator.py took 0.141 seconds
[2024-03-08T00:36:49.367+0530] {processor.py:161} INFO - Started process (PID=3785) to work on /Users/anikbhowmick/Python/Big_Data_Assignment/A02/airflow_env/lib/python3.11/site-packages/airflow/example_dags/example_branch_operator_decorator.py
[2024-03-08T00:36:49.368+0530] {processor.py:830} INFO - Processing file /Users/anikbhowmick/Python/Big_Data_Assignment/A02/airflow_env/lib/python3.11/site-packages/airflow/example_dags/example_branch_operator_decorator.py for tasks to queue
[2024-03-08T00:36:49.368+0530] {logging_mixin.py:188} INFO - [2024-03-08T00:36:49.368+0530] {dagbag.py:540} INFO - Filling up the DagBag from /Users/anikbhowmick/Python/Big_Data_Assignment/A02/airflow_env/lib/python3.11/site-packages/airflow/example_dags/example_branch_operator_decorator.py
[2024-03-08T00:36:49.418+0530] {processor.py:840} INFO - DAG(s) 'example_branch_python_operator_decorator' retrieved from /Users/anikbhowmick/Python/Big_Data_Assignment/A02/airflow_env/lib/python3.11/site-packages/airflow/example_dags/example_branch_operator_decorator.py
[2024-03-08T00:36:49.511+0530] {logging_mixin.py:188} INFO - [2024-03-08T00:36:49.511+0530] {dag.py:3047} INFO - Sync 1 DAGs
[2024-03-08T00:36:49.517+0530] {logging_mixin.py:188} INFO - [2024-03-08T00:36:49.517+0530] {dag.py:3834} INFO - Setting next_dagrun for example_branch_python_operator_decorator to 2024-03-06 00:00:00+00:00, run_after=2024-03-07 00:00:00+00:00
[2024-03-08T00:36:49.525+0530] {processor.py:183} INFO - Processing /Users/anikbhowmick/Python/Big_Data_Assignment/A02/airflow_env/lib/python3.11/site-packages/airflow/example_dags/example_branch_operator_decorator.py took 0.158 seconds
[2024-03-08T00:38:42.670+0530] {processor.py:161} INFO - Started process (PID=3857) to work on /Users/anikbhowmick/Python/Big_Data_Assignment/A02/airflow_env/lib/python3.11/site-packages/airflow/example_dags/example_branch_operator_decorator.py
[2024-03-08T00:38:42.671+0530] {processor.py:830} INFO - Processing file /Users/anikbhowmick/Python/Big_Data_Assignment/A02/airflow_env/lib/python3.11/site-packages/airflow/example_dags/example_branch_operator_decorator.py for tasks to queue
[2024-03-08T00:38:42.671+0530] {logging_mixin.py:188} INFO - [2024-03-08T00:38:42.671+0530] {dagbag.py:540} INFO - Filling up the DagBag from /Users/anikbhowmick/Python/Big_Data_Assignment/A02/airflow_env/lib/python3.11/site-packages/airflow/example_dags/example_branch_operator_decorator.py
[2024-03-08T00:38:42.721+0530] {processor.py:840} INFO - DAG(s) 'example_branch_python_operator_decorator' retrieved from /Users/anikbhowmick/Python/Big_Data_Assignment/A02/airflow_env/lib/python3.11/site-packages/airflow/example_dags/example_branch_operator_decorator.py
[2024-03-08T00:38:42.809+0530] {logging_mixin.py:188} INFO - [2024-03-08T00:38:42.809+0530] {dag.py:3047} INFO - Sync 1 DAGs
[2024-03-08T00:38:42.815+0530] {logging_mixin.py:188} INFO - [2024-03-08T00:38:42.815+0530] {dag.py:3834} INFO - Setting next_dagrun for example_branch_python_operator_decorator to 2024-03-06 00:00:00+00:00, run_after=2024-03-07 00:00:00+00:00
[2024-03-08T00:38:42.824+0530] {processor.py:183} INFO - Processing /Users/anikbhowmick/Python/Big_Data_Assignment/A02/airflow_env/lib/python3.11/site-packages/airflow/example_dags/example_branch_operator_decorator.py took 0.154 seconds
[2024-03-08T00:40:41.500+0530] {processor.py:161} INFO - Started process (PID=3940) to work on /Users/anikbhowmick/Python/Big_Data_Assignment/A02/airflow_env/lib/python3.11/site-packages/airflow/example_dags/example_branch_operator_decorator.py
[2024-03-08T00:40:41.501+0530] {processor.py:830} INFO - Processing file /Users/anikbhowmick/Python/Big_Data_Assignment/A02/airflow_env/lib/python3.11/site-packages/airflow/example_dags/example_branch_operator_decorator.py for tasks to queue
[2024-03-08T00:40:41.501+0530] {logging_mixin.py:188} INFO - [2024-03-08T00:40:41.501+0530] {dagbag.py:540} INFO - Filling up the DagBag from /Users/anikbhowmick/Python/Big_Data_Assignment/A02/airflow_env/lib/python3.11/site-packages/airflow/example_dags/example_branch_operator_decorator.py
[2024-03-08T00:40:41.542+0530] {processor.py:840} INFO - DAG(s) 'example_branch_python_operator_decorator' retrieved from /Users/anikbhowmick/Python/Big_Data_Assignment/A02/airflow_env/lib/python3.11/site-packages/airflow/example_dags/example_branch_operator_decorator.py
[2024-03-08T00:40:41.600+0530] {logging_mixin.py:188} INFO - [2024-03-08T00:40:41.600+0530] {dag.py:3047} INFO - Sync 1 DAGs
[2024-03-08T00:40:41.605+0530] {logging_mixin.py:188} INFO - [2024-03-08T00:40:41.605+0530] {dag.py:3834} INFO - Setting next_dagrun for example_branch_python_operator_decorator to 2024-03-06 00:00:00+00:00, run_after=2024-03-07 00:00:00+00:00
[2024-03-08T00:40:41.612+0530] {processor.py:183} INFO - Processing /Users/anikbhowmick/Python/Big_Data_Assignment/A02/airflow_env/lib/python3.11/site-packages/airflow/example_dags/example_branch_operator_decorator.py took 0.112 seconds
