[2024-03-08T00:13:28.993+0530] {processor.py:161} INFO - Started process (PID=2080) to work on /Users/anikbhowmick/Python/Big_Data_Assignment/A02/airflow_env/lib/python3.11/site-packages/airflow/example_dags/example_datasets.py
[2024-03-08T00:13:28.993+0530] {processor.py:830} INFO - Processing file /Users/anikbhowmick/Python/Big_Data_Assignment/A02/airflow_env/lib/python3.11/site-packages/airflow/example_dags/example_datasets.py for tasks to queue
[2024-03-08T00:13:28.994+0530] {logging_mixin.py:188} INFO - [2024-03-08T00:13:28.994+0530] {dagbag.py:540} INFO - Filling up the DagBag from /Users/anikbhowmick/Python/Big_Data_Assignment/A02/airflow_env/lib/python3.11/site-packages/airflow/example_dags/example_datasets.py
[2024-03-08T00:13:29.022+0530] {processor.py:840} INFO - DAG(s) 'dataset_consumes_unknown_never_scheduled', 'dataset_consumes_1_never_scheduled', 'dataset_produces_2', 'dataset_produces_1', 'dataset_consumes_1_and_2', 'dataset_consumes_1' retrieved from /Users/anikbhowmick/Python/Big_Data_Assignment/A02/airflow_env/lib/python3.11/site-packages/airflow/example_dags/example_datasets.py
[2024-03-08T00:13:29.056+0530] {logging_mixin.py:188} INFO - [2024-03-08T00:13:29.056+0530] {dag.py:3047} INFO - Sync 6 DAGs
[2024-03-08T00:13:29.062+0530] {logging_mixin.py:188} INFO - [2024-03-08T00:13:29.062+0530] {dag.py:3834} INFO - Setting next_dagrun for dataset_consumes_1 to None, run_after=None
[2024-03-08T00:13:29.062+0530] {logging_mixin.py:188} INFO - [2024-03-08T00:13:29.062+0530] {dag.py:3834} INFO - Setting next_dagrun for dataset_consumes_1_and_2 to None, run_after=None
[2024-03-08T00:13:29.063+0530] {logging_mixin.py:188} INFO - [2024-03-08T00:13:29.063+0530] {dag.py:3834} INFO - Setting next_dagrun for dataset_consumes_1_never_scheduled to None, run_after=None
[2024-03-08T00:13:29.063+0530] {logging_mixin.py:188} INFO - [2024-03-08T00:13:29.063+0530] {dag.py:3834} INFO - Setting next_dagrun for dataset_consumes_unknown_never_scheduled to None, run_after=None
[2024-03-08T00:13:29.064+0530] {logging_mixin.py:188} INFO - [2024-03-08T00:13:29.064+0530] {dag.py:3834} INFO - Setting next_dagrun for dataset_produces_1 to 2024-03-06 00:00:00+00:00, run_after=2024-03-07 00:00:00+00:00
[2024-03-08T00:13:29.064+0530] {logging_mixin.py:188} INFO - [2024-03-08T00:13:29.064+0530] {dag.py:3834} INFO - Setting next_dagrun for dataset_produces_2 to None, run_after=None
[2024-03-08T00:13:29.072+0530] {processor.py:183} INFO - Processing /Users/anikbhowmick/Python/Big_Data_Assignment/A02/airflow_env/lib/python3.11/site-packages/airflow/example_dags/example_datasets.py took 0.080 seconds
[2024-03-08T00:14:29.073+0530] {processor.py:161} INFO - Started process (PID=2145) to work on /Users/anikbhowmick/Python/Big_Data_Assignment/A02/airflow_env/lib/python3.11/site-packages/airflow/example_dags/example_datasets.py
[2024-03-08T00:14:29.074+0530] {processor.py:830} INFO - Processing file /Users/anikbhowmick/Python/Big_Data_Assignment/A02/airflow_env/lib/python3.11/site-packages/airflow/example_dags/example_datasets.py for tasks to queue
[2024-03-08T00:14:29.074+0530] {logging_mixin.py:188} INFO - [2024-03-08T00:14:29.074+0530] {dagbag.py:540} INFO - Filling up the DagBag from /Users/anikbhowmick/Python/Big_Data_Assignment/A02/airflow_env/lib/python3.11/site-packages/airflow/example_dags/example_datasets.py
[2024-03-08T00:14:29.100+0530] {processor.py:840} INFO - DAG(s) 'dataset_consumes_1_never_scheduled', 'dataset_consumes_1_and_2', 'dataset_produces_1', 'dataset_consumes_1', 'dataset_consumes_unknown_never_scheduled', 'dataset_produces_2' retrieved from /Users/anikbhowmick/Python/Big_Data_Assignment/A02/airflow_env/lib/python3.11/site-packages/airflow/example_dags/example_datasets.py
[2024-03-08T00:14:29.132+0530] {logging_mixin.py:188} INFO - [2024-03-08T00:14:29.132+0530] {dag.py:3047} INFO - Sync 6 DAGs
[2024-03-08T00:14:29.138+0530] {logging_mixin.py:188} INFO - [2024-03-08T00:14:29.138+0530] {dag.py:3834} INFO - Setting next_dagrun for dataset_consumes_1 to None, run_after=None
[2024-03-08T00:14:29.139+0530] {logging_mixin.py:188} INFO - [2024-03-08T00:14:29.139+0530] {dag.py:3834} INFO - Setting next_dagrun for dataset_consumes_1_and_2 to None, run_after=None
[2024-03-08T00:14:29.139+0530] {logging_mixin.py:188} INFO - [2024-03-08T00:14:29.139+0530] {dag.py:3834} INFO - Setting next_dagrun for dataset_consumes_1_never_scheduled to None, run_after=None
[2024-03-08T00:14:29.139+0530] {logging_mixin.py:188} INFO - [2024-03-08T00:14:29.139+0530] {dag.py:3834} INFO - Setting next_dagrun for dataset_consumes_unknown_never_scheduled to None, run_after=None
[2024-03-08T00:14:29.140+0530] {logging_mixin.py:188} INFO - [2024-03-08T00:14:29.140+0530] {dag.py:3834} INFO - Setting next_dagrun for dataset_produces_1 to 2024-03-06 00:00:00+00:00, run_after=2024-03-07 00:00:00+00:00
[2024-03-08T00:14:29.140+0530] {logging_mixin.py:188} INFO - [2024-03-08T00:14:29.140+0530] {dag.py:3834} INFO - Setting next_dagrun for dataset_produces_2 to None, run_after=None
[2024-03-08T00:14:29.148+0530] {processor.py:183} INFO - Processing /Users/anikbhowmick/Python/Big_Data_Assignment/A02/airflow_env/lib/python3.11/site-packages/airflow/example_dags/example_datasets.py took 0.076 seconds
[2024-03-08T00:15:27.667+0530] {processor.py:161} INFO - Started process (PID=2208) to work on /Users/anikbhowmick/Python/Big_Data_Assignment/A02/airflow_env/lib/python3.11/site-packages/airflow/example_dags/example_datasets.py
[2024-03-08T00:15:27.668+0530] {processor.py:830} INFO - Processing file /Users/anikbhowmick/Python/Big_Data_Assignment/A02/airflow_env/lib/python3.11/site-packages/airflow/example_dags/example_datasets.py for tasks to queue
[2024-03-08T00:15:27.669+0530] {logging_mixin.py:188} INFO - [2024-03-08T00:15:27.669+0530] {dagbag.py:540} INFO - Filling up the DagBag from /Users/anikbhowmick/Python/Big_Data_Assignment/A02/airflow_env/lib/python3.11/site-packages/airflow/example_dags/example_datasets.py
[2024-03-08T00:15:27.698+0530] {processor.py:840} INFO - DAG(s) 'dataset_consumes_1_and_2', 'dataset_produces_1', 'dataset_produces_2', 'dataset_consumes_1', 'dataset_consumes_1_never_scheduled', 'dataset_consumes_unknown_never_scheduled' retrieved from /Users/anikbhowmick/Python/Big_Data_Assignment/A02/airflow_env/lib/python3.11/site-packages/airflow/example_dags/example_datasets.py
[2024-03-08T00:15:27.733+0530] {logging_mixin.py:188} INFO - [2024-03-08T00:15:27.732+0530] {dag.py:3047} INFO - Sync 6 DAGs
[2024-03-08T00:15:27.739+0530] {logging_mixin.py:188} INFO - [2024-03-08T00:15:27.739+0530] {dag.py:3834} INFO - Setting next_dagrun for dataset_consumes_1 to None, run_after=None
[2024-03-08T00:15:27.740+0530] {logging_mixin.py:188} INFO - [2024-03-08T00:15:27.740+0530] {dag.py:3834} INFO - Setting next_dagrun for dataset_consumes_1_and_2 to None, run_after=None
[2024-03-08T00:15:27.740+0530] {logging_mixin.py:188} INFO - [2024-03-08T00:15:27.740+0530] {dag.py:3834} INFO - Setting next_dagrun for dataset_consumes_1_never_scheduled to None, run_after=None
[2024-03-08T00:15:27.740+0530] {logging_mixin.py:188} INFO - [2024-03-08T00:15:27.740+0530] {dag.py:3834} INFO - Setting next_dagrun for dataset_consumes_unknown_never_scheduled to None, run_after=None
[2024-03-08T00:15:27.741+0530] {logging_mixin.py:188} INFO - [2024-03-08T00:15:27.741+0530] {dag.py:3834} INFO - Setting next_dagrun for dataset_produces_1 to 2024-03-06 00:00:00+00:00, run_after=2024-03-07 00:00:00+00:00
[2024-03-08T00:15:27.741+0530] {logging_mixin.py:188} INFO - [2024-03-08T00:15:27.741+0530] {dag.py:3834} INFO - Setting next_dagrun for dataset_produces_2 to None, run_after=None
[2024-03-08T00:15:27.749+0530] {processor.py:183} INFO - Processing /Users/anikbhowmick/Python/Big_Data_Assignment/A02/airflow_env/lib/python3.11/site-packages/airflow/example_dags/example_datasets.py took 0.083 seconds
[2024-03-08T00:16:25.770+0530] {processor.py:161} INFO - Started process (PID=2269) to work on /Users/anikbhowmick/Python/Big_Data_Assignment/A02/airflow_env/lib/python3.11/site-packages/airflow/example_dags/example_datasets.py
[2024-03-08T00:16:25.771+0530] {processor.py:830} INFO - Processing file /Users/anikbhowmick/Python/Big_Data_Assignment/A02/airflow_env/lib/python3.11/site-packages/airflow/example_dags/example_datasets.py for tasks to queue
[2024-03-08T00:16:25.771+0530] {logging_mixin.py:188} INFO - [2024-03-08T00:16:25.771+0530] {dagbag.py:540} INFO - Filling up the DagBag from /Users/anikbhowmick/Python/Big_Data_Assignment/A02/airflow_env/lib/python3.11/site-packages/airflow/example_dags/example_datasets.py
[2024-03-08T00:16:25.796+0530] {processor.py:840} INFO - DAG(s) 'dataset_produces_2', 'dataset_produces_1', 'dataset_consumes_1_never_scheduled', 'dataset_consumes_unknown_never_scheduled', 'dataset_consumes_1_and_2', 'dataset_consumes_1' retrieved from /Users/anikbhowmick/Python/Big_Data_Assignment/A02/airflow_env/lib/python3.11/site-packages/airflow/example_dags/example_datasets.py
[2024-03-08T00:16:25.829+0530] {logging_mixin.py:188} INFO - [2024-03-08T00:16:25.828+0530] {dag.py:3047} INFO - Sync 6 DAGs
[2024-03-08T00:16:25.834+0530] {logging_mixin.py:188} INFO - [2024-03-08T00:16:25.834+0530] {dag.py:3834} INFO - Setting next_dagrun for dataset_consumes_1 to None, run_after=None
[2024-03-08T00:16:25.835+0530] {logging_mixin.py:188} INFO - [2024-03-08T00:16:25.835+0530] {dag.py:3834} INFO - Setting next_dagrun for dataset_consumes_1_and_2 to None, run_after=None
[2024-03-08T00:16:25.835+0530] {logging_mixin.py:188} INFO - [2024-03-08T00:16:25.835+0530] {dag.py:3834} INFO - Setting next_dagrun for dataset_consumes_1_never_scheduled to None, run_after=None
[2024-03-08T00:16:25.836+0530] {logging_mixin.py:188} INFO - [2024-03-08T00:16:25.836+0530] {dag.py:3834} INFO - Setting next_dagrun for dataset_consumes_unknown_never_scheduled to None, run_after=None
[2024-03-08T00:16:25.836+0530] {logging_mixin.py:188} INFO - [2024-03-08T00:16:25.836+0530] {dag.py:3834} INFO - Setting next_dagrun for dataset_produces_1 to 2024-03-06 00:00:00+00:00, run_after=2024-03-07 00:00:00+00:00
[2024-03-08T00:16:25.837+0530] {logging_mixin.py:188} INFO - [2024-03-08T00:16:25.837+0530] {dag.py:3834} INFO - Setting next_dagrun for dataset_produces_2 to None, run_after=None
[2024-03-08T00:16:25.844+0530] {processor.py:183} INFO - Processing /Users/anikbhowmick/Python/Big_Data_Assignment/A02/airflow_env/lib/python3.11/site-packages/airflow/example_dags/example_datasets.py took 0.075 seconds
[2024-03-08T00:17:27.306+0530] {processor.py:161} INFO - Started process (PID=2364) to work on /Users/anikbhowmick/Python/Big_Data_Assignment/A02/airflow_env/lib/python3.11/site-packages/airflow/example_dags/example_datasets.py
[2024-03-08T00:17:27.307+0530] {processor.py:830} INFO - Processing file /Users/anikbhowmick/Python/Big_Data_Assignment/A02/airflow_env/lib/python3.11/site-packages/airflow/example_dags/example_datasets.py for tasks to queue
[2024-03-08T00:17:27.307+0530] {logging_mixin.py:188} INFO - [2024-03-08T00:17:27.307+0530] {dagbag.py:540} INFO - Filling up the DagBag from /Users/anikbhowmick/Python/Big_Data_Assignment/A02/airflow_env/lib/python3.11/site-packages/airflow/example_dags/example_datasets.py
[2024-03-08T00:17:27.335+0530] {processor.py:840} INFO - DAG(s) 'dataset_consumes_1', 'dataset_produces_1', 'dataset_consumes_1_and_2', 'dataset_produces_2', 'dataset_consumes_1_never_scheduled', 'dataset_consumes_unknown_never_scheduled' retrieved from /Users/anikbhowmick/Python/Big_Data_Assignment/A02/airflow_env/lib/python3.11/site-packages/airflow/example_dags/example_datasets.py
[2024-03-08T00:17:27.369+0530] {logging_mixin.py:188} INFO - [2024-03-08T00:17:27.368+0530] {dag.py:3047} INFO - Sync 6 DAGs
[2024-03-08T00:17:27.374+0530] {logging_mixin.py:188} INFO - [2024-03-08T00:17:27.374+0530] {dag.py:3834} INFO - Setting next_dagrun for dataset_consumes_1 to None, run_after=None
[2024-03-08T00:17:27.375+0530] {logging_mixin.py:188} INFO - [2024-03-08T00:17:27.375+0530] {dag.py:3834} INFO - Setting next_dagrun for dataset_consumes_1_and_2 to None, run_after=None
[2024-03-08T00:17:27.376+0530] {logging_mixin.py:188} INFO - [2024-03-08T00:17:27.375+0530] {dag.py:3834} INFO - Setting next_dagrun for dataset_consumes_1_never_scheduled to None, run_after=None
[2024-03-08T00:17:27.376+0530] {logging_mixin.py:188} INFO - [2024-03-08T00:17:27.376+0530] {dag.py:3834} INFO - Setting next_dagrun for dataset_consumes_unknown_never_scheduled to None, run_after=None
[2024-03-08T00:17:27.376+0530] {logging_mixin.py:188} INFO - [2024-03-08T00:17:27.376+0530] {dag.py:3834} INFO - Setting next_dagrun for dataset_produces_1 to 2024-03-06 00:00:00+00:00, run_after=2024-03-07 00:00:00+00:00
[2024-03-08T00:17:27.377+0530] {logging_mixin.py:188} INFO - [2024-03-08T00:17:27.377+0530] {dag.py:3834} INFO - Setting next_dagrun for dataset_produces_2 to None, run_after=None
[2024-03-08T00:17:27.385+0530] {processor.py:183} INFO - Processing /Users/anikbhowmick/Python/Big_Data_Assignment/A02/airflow_env/lib/python3.11/site-packages/airflow/example_dags/example_datasets.py took 0.080 seconds
[2024-03-08T00:20:04.128+0530] {processor.py:161} INFO - Started process (PID=2618) to work on /Users/anikbhowmick/Python/Big_Data_Assignment/A02/airflow_env/lib/python3.11/site-packages/airflow/example_dags/example_datasets.py
[2024-03-08T00:20:04.129+0530] {processor.py:830} INFO - Processing file /Users/anikbhowmick/Python/Big_Data_Assignment/A02/airflow_env/lib/python3.11/site-packages/airflow/example_dags/example_datasets.py for tasks to queue
[2024-03-08T00:20:04.129+0530] {logging_mixin.py:188} INFO - [2024-03-08T00:20:04.129+0530] {dagbag.py:540} INFO - Filling up the DagBag from /Users/anikbhowmick/Python/Big_Data_Assignment/A02/airflow_env/lib/python3.11/site-packages/airflow/example_dags/example_datasets.py
[2024-03-08T00:20:04.154+0530] {processor.py:840} INFO - DAG(s) 'dataset_consumes_1_never_scheduled', 'dataset_consumes_1_and_2', 'dataset_produces_1', 'dataset_produces_2', 'dataset_consumes_unknown_never_scheduled', 'dataset_consumes_1' retrieved from /Users/anikbhowmick/Python/Big_Data_Assignment/A02/airflow_env/lib/python3.11/site-packages/airflow/example_dags/example_datasets.py
[2024-03-08T00:20:04.188+0530] {logging_mixin.py:188} INFO - [2024-03-08T00:20:04.188+0530] {dag.py:3047} INFO - Sync 6 DAGs
[2024-03-08T00:20:04.195+0530] {logging_mixin.py:188} INFO - [2024-03-08T00:20:04.195+0530] {dag.py:3834} INFO - Setting next_dagrun for dataset_consumes_1 to None, run_after=None
[2024-03-08T00:20:04.196+0530] {logging_mixin.py:188} INFO - [2024-03-08T00:20:04.196+0530] {dag.py:3834} INFO - Setting next_dagrun for dataset_consumes_1_and_2 to None, run_after=None
[2024-03-08T00:20:04.196+0530] {logging_mixin.py:188} INFO - [2024-03-08T00:20:04.196+0530] {dag.py:3834} INFO - Setting next_dagrun for dataset_consumes_1_never_scheduled to None, run_after=None
[2024-03-08T00:20:04.196+0530] {logging_mixin.py:188} INFO - [2024-03-08T00:20:04.196+0530] {dag.py:3834} INFO - Setting next_dagrun for dataset_consumes_unknown_never_scheduled to None, run_after=None
[2024-03-08T00:20:04.197+0530] {logging_mixin.py:188} INFO - [2024-03-08T00:20:04.197+0530] {dag.py:3834} INFO - Setting next_dagrun for dataset_produces_1 to 2024-03-06 00:00:00+00:00, run_after=2024-03-07 00:00:00+00:00
[2024-03-08T00:20:04.198+0530] {logging_mixin.py:188} INFO - [2024-03-08T00:20:04.197+0530] {dag.py:3834} INFO - Setting next_dagrun for dataset_produces_2 to None, run_after=None
[2024-03-08T00:20:04.206+0530] {processor.py:183} INFO - Processing /Users/anikbhowmick/Python/Big_Data_Assignment/A02/airflow_env/lib/python3.11/site-packages/airflow/example_dags/example_datasets.py took 0.078 seconds
[2024-03-08T00:23:52.360+0530] {processor.py:161} INFO - Started process (PID=2838) to work on /Users/anikbhowmick/Python/Big_Data_Assignment/A02/airflow_env/lib/python3.11/site-packages/airflow/example_dags/example_datasets.py
[2024-03-08T00:23:52.361+0530] {processor.py:830} INFO - Processing file /Users/anikbhowmick/Python/Big_Data_Assignment/A02/airflow_env/lib/python3.11/site-packages/airflow/example_dags/example_datasets.py for tasks to queue
[2024-03-08T00:23:52.361+0530] {logging_mixin.py:188} INFO - [2024-03-08T00:23:52.361+0530] {dagbag.py:540} INFO - Filling up the DagBag from /Users/anikbhowmick/Python/Big_Data_Assignment/A02/airflow_env/lib/python3.11/site-packages/airflow/example_dags/example_datasets.py
[2024-03-08T00:23:52.393+0530] {processor.py:840} INFO - DAG(s) 'dataset_consumes_1_and_2', 'dataset_produces_1', 'dataset_consumes_1_never_scheduled', 'dataset_produces_2', 'dataset_consumes_1', 'dataset_consumes_unknown_never_scheduled' retrieved from /Users/anikbhowmick/Python/Big_Data_Assignment/A02/airflow_env/lib/python3.11/site-packages/airflow/example_dags/example_datasets.py
[2024-03-08T00:23:52.427+0530] {logging_mixin.py:188} INFO - [2024-03-08T00:23:52.427+0530] {dag.py:3047} INFO - Sync 6 DAGs
[2024-03-08T00:23:52.432+0530] {logging_mixin.py:188} INFO - [2024-03-08T00:23:52.432+0530] {dag.py:3834} INFO - Setting next_dagrun for dataset_consumes_1 to None, run_after=None
[2024-03-08T00:23:52.433+0530] {logging_mixin.py:188} INFO - [2024-03-08T00:23:52.433+0530] {dag.py:3834} INFO - Setting next_dagrun for dataset_consumes_1_and_2 to None, run_after=None
[2024-03-08T00:23:52.434+0530] {logging_mixin.py:188} INFO - [2024-03-08T00:23:52.434+0530] {dag.py:3834} INFO - Setting next_dagrun for dataset_consumes_1_never_scheduled to None, run_after=None
[2024-03-08T00:23:52.434+0530] {logging_mixin.py:188} INFO - [2024-03-08T00:23:52.434+0530] {dag.py:3834} INFO - Setting next_dagrun for dataset_consumes_unknown_never_scheduled to None, run_after=None
[2024-03-08T00:23:52.435+0530] {logging_mixin.py:188} INFO - [2024-03-08T00:23:52.435+0530] {dag.py:3834} INFO - Setting next_dagrun for dataset_produces_1 to 2024-03-06 00:00:00+00:00, run_after=2024-03-07 00:00:00+00:00
[2024-03-08T00:23:52.435+0530] {logging_mixin.py:188} INFO - [2024-03-08T00:23:52.435+0530] {dag.py:3834} INFO - Setting next_dagrun for dataset_produces_2 to None, run_after=None
[2024-03-08T00:23:52.443+0530] {processor.py:183} INFO - Processing /Users/anikbhowmick/Python/Big_Data_Assignment/A02/airflow_env/lib/python3.11/site-packages/airflow/example_dags/example_datasets.py took 0.084 seconds
[2024-03-08T00:24:56.274+0530] {processor.py:161} INFO - Started process (PID=2931) to work on /Users/anikbhowmick/Python/Big_Data_Assignment/A02/airflow_env/lib/python3.11/site-packages/airflow/example_dags/example_datasets.py
[2024-03-08T00:24:56.275+0530] {processor.py:830} INFO - Processing file /Users/anikbhowmick/Python/Big_Data_Assignment/A02/airflow_env/lib/python3.11/site-packages/airflow/example_dags/example_datasets.py for tasks to queue
[2024-03-08T00:24:56.275+0530] {logging_mixin.py:188} INFO - [2024-03-08T00:24:56.275+0530] {dagbag.py:540} INFO - Filling up the DagBag from /Users/anikbhowmick/Python/Big_Data_Assignment/A02/airflow_env/lib/python3.11/site-packages/airflow/example_dags/example_datasets.py
[2024-03-08T00:24:56.301+0530] {processor.py:840} INFO - DAG(s) 'dataset_consumes_1', 'dataset_consumes_1_and_2', 'dataset_consumes_unknown_never_scheduled', 'dataset_produces_2', 'dataset_produces_1', 'dataset_consumes_1_never_scheduled' retrieved from /Users/anikbhowmick/Python/Big_Data_Assignment/A02/airflow_env/lib/python3.11/site-packages/airflow/example_dags/example_datasets.py
[2024-03-08T00:24:56.334+0530] {logging_mixin.py:188} INFO - [2024-03-08T00:24:56.334+0530] {dag.py:3047} INFO - Sync 6 DAGs
[2024-03-08T00:24:56.340+0530] {logging_mixin.py:188} INFO - [2024-03-08T00:24:56.340+0530] {dag.py:3834} INFO - Setting next_dagrun for dataset_consumes_1 to None, run_after=None
[2024-03-08T00:24:56.341+0530] {logging_mixin.py:188} INFO - [2024-03-08T00:24:56.341+0530] {dag.py:3834} INFO - Setting next_dagrun for dataset_consumes_1_and_2 to None, run_after=None
[2024-03-08T00:24:56.341+0530] {logging_mixin.py:188} INFO - [2024-03-08T00:24:56.341+0530] {dag.py:3834} INFO - Setting next_dagrun for dataset_consumes_1_never_scheduled to None, run_after=None
[2024-03-08T00:24:56.341+0530] {logging_mixin.py:188} INFO - [2024-03-08T00:24:56.341+0530] {dag.py:3834} INFO - Setting next_dagrun for dataset_consumes_unknown_never_scheduled to None, run_after=None
[2024-03-08T00:24:56.342+0530] {logging_mixin.py:188} INFO - [2024-03-08T00:24:56.342+0530] {dag.py:3834} INFO - Setting next_dagrun for dataset_produces_1 to 2024-03-06 00:00:00+00:00, run_after=2024-03-07 00:00:00+00:00
[2024-03-08T00:24:56.342+0530] {logging_mixin.py:188} INFO - [2024-03-08T00:24:56.342+0530] {dag.py:3834} INFO - Setting next_dagrun for dataset_produces_2 to None, run_after=None
[2024-03-08T00:24:56.350+0530] {processor.py:183} INFO - Processing /Users/anikbhowmick/Python/Big_Data_Assignment/A02/airflow_env/lib/python3.11/site-packages/airflow/example_dags/example_datasets.py took 0.077 seconds
[2024-03-08T00:26:36.121+0530] {processor.py:161} INFO - Started process (PID=3084) to work on /Users/anikbhowmick/Python/Big_Data_Assignment/A02/airflow_env/lib/python3.11/site-packages/airflow/example_dags/example_datasets.py
[2024-03-08T00:26:36.122+0530] {processor.py:830} INFO - Processing file /Users/anikbhowmick/Python/Big_Data_Assignment/A02/airflow_env/lib/python3.11/site-packages/airflow/example_dags/example_datasets.py for tasks to queue
[2024-03-08T00:26:36.122+0530] {logging_mixin.py:188} INFO - [2024-03-08T00:26:36.122+0530] {dagbag.py:540} INFO - Filling up the DagBag from /Users/anikbhowmick/Python/Big_Data_Assignment/A02/airflow_env/lib/python3.11/site-packages/airflow/example_dags/example_datasets.py
[2024-03-08T00:26:36.150+0530] {processor.py:840} INFO - DAG(s) 'dataset_consumes_1', 'dataset_produces_2', 'dataset_produces_1', 'dataset_consumes_unknown_never_scheduled', 'dataset_consumes_1_and_2', 'dataset_consumes_1_never_scheduled' retrieved from /Users/anikbhowmick/Python/Big_Data_Assignment/A02/airflow_env/lib/python3.11/site-packages/airflow/example_dags/example_datasets.py
[2024-03-08T00:26:36.183+0530] {logging_mixin.py:188} INFO - [2024-03-08T00:26:36.182+0530] {dag.py:3047} INFO - Sync 6 DAGs
[2024-03-08T00:26:36.188+0530] {logging_mixin.py:188} INFO - [2024-03-08T00:26:36.188+0530] {dag.py:3834} INFO - Setting next_dagrun for dataset_consumes_1 to None, run_after=None
[2024-03-08T00:26:36.189+0530] {logging_mixin.py:188} INFO - [2024-03-08T00:26:36.189+0530] {dag.py:3834} INFO - Setting next_dagrun for dataset_consumes_1_and_2 to None, run_after=None
[2024-03-08T00:26:36.189+0530] {logging_mixin.py:188} INFO - [2024-03-08T00:26:36.189+0530] {dag.py:3834} INFO - Setting next_dagrun for dataset_consumes_1_never_scheduled to None, run_after=None
[2024-03-08T00:26:36.190+0530] {logging_mixin.py:188} INFO - [2024-03-08T00:26:36.190+0530] {dag.py:3834} INFO - Setting next_dagrun for dataset_consumes_unknown_never_scheduled to None, run_after=None
[2024-03-08T00:26:36.190+0530] {logging_mixin.py:188} INFO - [2024-03-08T00:26:36.190+0530] {dag.py:3834} INFO - Setting next_dagrun for dataset_produces_1 to 2024-03-06 00:00:00+00:00, run_after=2024-03-07 00:00:00+00:00
[2024-03-08T00:26:36.191+0530] {logging_mixin.py:188} INFO - [2024-03-08T00:26:36.191+0530] {dag.py:3834} INFO - Setting next_dagrun for dataset_produces_2 to None, run_after=None
[2024-03-08T00:26:36.199+0530] {processor.py:183} INFO - Processing /Users/anikbhowmick/Python/Big_Data_Assignment/A02/airflow_env/lib/python3.11/site-packages/airflow/example_dags/example_datasets.py took 0.078 seconds
[2024-03-08T00:28:52.762+0530] {processor.py:161} INFO - Started process (PID=3329) to work on /Users/anikbhowmick/Python/Big_Data_Assignment/A02/airflow_env/lib/python3.11/site-packages/airflow/example_dags/example_datasets.py
[2024-03-08T00:28:52.762+0530] {processor.py:830} INFO - Processing file /Users/anikbhowmick/Python/Big_Data_Assignment/A02/airflow_env/lib/python3.11/site-packages/airflow/example_dags/example_datasets.py for tasks to queue
[2024-03-08T00:28:52.762+0530] {logging_mixin.py:188} INFO - [2024-03-08T00:28:52.762+0530] {dagbag.py:540} INFO - Filling up the DagBag from /Users/anikbhowmick/Python/Big_Data_Assignment/A02/airflow_env/lib/python3.11/site-packages/airflow/example_dags/example_datasets.py
[2024-03-08T00:28:52.788+0530] {processor.py:840} INFO - DAG(s) 'dataset_produces_2', 'dataset_consumes_1', 'dataset_consumes_unknown_never_scheduled', 'dataset_consumes_1_never_scheduled', 'dataset_consumes_1_and_2', 'dataset_produces_1' retrieved from /Users/anikbhowmick/Python/Big_Data_Assignment/A02/airflow_env/lib/python3.11/site-packages/airflow/example_dags/example_datasets.py
[2024-03-08T00:28:52.821+0530] {logging_mixin.py:188} INFO - [2024-03-08T00:28:52.821+0530] {dag.py:3047} INFO - Sync 6 DAGs
[2024-03-08T00:28:52.827+0530] {logging_mixin.py:188} INFO - [2024-03-08T00:28:52.827+0530] {dag.py:3834} INFO - Setting next_dagrun for dataset_consumes_1 to None, run_after=None
[2024-03-08T00:28:52.828+0530] {logging_mixin.py:188} INFO - [2024-03-08T00:28:52.828+0530] {dag.py:3834} INFO - Setting next_dagrun for dataset_consumes_1_and_2 to None, run_after=None
[2024-03-08T00:28:52.828+0530] {logging_mixin.py:188} INFO - [2024-03-08T00:28:52.828+0530] {dag.py:3834} INFO - Setting next_dagrun for dataset_consumes_1_never_scheduled to None, run_after=None
[2024-03-08T00:28:52.828+0530] {logging_mixin.py:188} INFO - [2024-03-08T00:28:52.828+0530] {dag.py:3834} INFO - Setting next_dagrun for dataset_consumes_unknown_never_scheduled to None, run_after=None
[2024-03-08T00:28:52.829+0530] {logging_mixin.py:188} INFO - [2024-03-08T00:28:52.829+0530] {dag.py:3834} INFO - Setting next_dagrun for dataset_produces_1 to 2024-03-06 00:00:00+00:00, run_after=2024-03-07 00:00:00+00:00
[2024-03-08T00:28:52.829+0530] {logging_mixin.py:188} INFO - [2024-03-08T00:28:52.829+0530] {dag.py:3834} INFO - Setting next_dagrun for dataset_produces_2 to None, run_after=None
[2024-03-08T00:28:52.837+0530] {processor.py:183} INFO - Processing /Users/anikbhowmick/Python/Big_Data_Assignment/A02/airflow_env/lib/python3.11/site-packages/airflow/example_dags/example_datasets.py took 0.076 seconds
[2024-03-08T00:30:49.824+0530] {processor.py:161} INFO - Started process (PID=3447) to work on /Users/anikbhowmick/Python/Big_Data_Assignment/A02/airflow_env/lib/python3.11/site-packages/airflow/example_dags/example_datasets.py
[2024-03-08T00:30:49.825+0530] {processor.py:830} INFO - Processing file /Users/anikbhowmick/Python/Big_Data_Assignment/A02/airflow_env/lib/python3.11/site-packages/airflow/example_dags/example_datasets.py for tasks to queue
[2024-03-08T00:30:49.825+0530] {logging_mixin.py:188} INFO - [2024-03-08T00:30:49.825+0530] {dagbag.py:540} INFO - Filling up the DagBag from /Users/anikbhowmick/Python/Big_Data_Assignment/A02/airflow_env/lib/python3.11/site-packages/airflow/example_dags/example_datasets.py
[2024-03-08T00:30:49.854+0530] {processor.py:840} INFO - DAG(s) 'dataset_produces_2', 'dataset_consumes_1_and_2', 'dataset_consumes_1', 'dataset_produces_1', 'dataset_consumes_unknown_never_scheduled', 'dataset_consumes_1_never_scheduled' retrieved from /Users/anikbhowmick/Python/Big_Data_Assignment/A02/airflow_env/lib/python3.11/site-packages/airflow/example_dags/example_datasets.py
[2024-03-08T00:30:49.888+0530] {logging_mixin.py:188} INFO - [2024-03-08T00:30:49.888+0530] {dag.py:3047} INFO - Sync 6 DAGs
[2024-03-08T00:30:49.894+0530] {logging_mixin.py:188} INFO - [2024-03-08T00:30:49.894+0530] {dag.py:3834} INFO - Setting next_dagrun for dataset_consumes_1 to None, run_after=None
[2024-03-08T00:30:49.895+0530] {logging_mixin.py:188} INFO - [2024-03-08T00:30:49.895+0530] {dag.py:3834} INFO - Setting next_dagrun for dataset_consumes_1_and_2 to None, run_after=None
[2024-03-08T00:30:49.895+0530] {logging_mixin.py:188} INFO - [2024-03-08T00:30:49.895+0530] {dag.py:3834} INFO - Setting next_dagrun for dataset_consumes_1_never_scheduled to None, run_after=None
[2024-03-08T00:30:49.895+0530] {logging_mixin.py:188} INFO - [2024-03-08T00:30:49.895+0530] {dag.py:3834} INFO - Setting next_dagrun for dataset_consumes_unknown_never_scheduled to None, run_after=None
[2024-03-08T00:30:49.896+0530] {logging_mixin.py:188} INFO - [2024-03-08T00:30:49.896+0530] {dag.py:3834} INFO - Setting next_dagrun for dataset_produces_1 to 2024-03-06 00:00:00+00:00, run_after=2024-03-07 00:00:00+00:00
[2024-03-08T00:30:49.896+0530] {logging_mixin.py:188} INFO - [2024-03-08T00:30:49.896+0530] {dag.py:3834} INFO - Setting next_dagrun for dataset_produces_2 to None, run_after=None
[2024-03-08T00:30:49.906+0530] {processor.py:183} INFO - Processing /Users/anikbhowmick/Python/Big_Data_Assignment/A02/airflow_env/lib/python3.11/site-packages/airflow/example_dags/example_datasets.py took 0.082 seconds
[2024-03-08T00:32:52.425+0530] {processor.py:161} INFO - Started process (PID=3560) to work on /Users/anikbhowmick/Python/Big_Data_Assignment/A02/airflow_env/lib/python3.11/site-packages/airflow/example_dags/example_datasets.py
[2024-03-08T00:32:52.426+0530] {processor.py:830} INFO - Processing file /Users/anikbhowmick/Python/Big_Data_Assignment/A02/airflow_env/lib/python3.11/site-packages/airflow/example_dags/example_datasets.py for tasks to queue
[2024-03-08T00:32:52.426+0530] {logging_mixin.py:188} INFO - [2024-03-08T00:32:52.426+0530] {dagbag.py:540} INFO - Filling up the DagBag from /Users/anikbhowmick/Python/Big_Data_Assignment/A02/airflow_env/lib/python3.11/site-packages/airflow/example_dags/example_datasets.py
[2024-03-08T00:32:52.453+0530] {processor.py:840} INFO - DAG(s) 'dataset_produces_1', 'dataset_consumes_unknown_never_scheduled', 'dataset_consumes_1_never_scheduled', 'dataset_produces_2', 'dataset_consumes_1_and_2', 'dataset_consumes_1' retrieved from /Users/anikbhowmick/Python/Big_Data_Assignment/A02/airflow_env/lib/python3.11/site-packages/airflow/example_dags/example_datasets.py
[2024-03-08T00:32:52.486+0530] {logging_mixin.py:188} INFO - [2024-03-08T00:32:52.485+0530] {dag.py:3047} INFO - Sync 6 DAGs
[2024-03-08T00:32:52.491+0530] {logging_mixin.py:188} INFO - [2024-03-08T00:32:52.491+0530] {dag.py:3834} INFO - Setting next_dagrun for dataset_consumes_1 to None, run_after=None
[2024-03-08T00:32:52.492+0530] {logging_mixin.py:188} INFO - [2024-03-08T00:32:52.492+0530] {dag.py:3834} INFO - Setting next_dagrun for dataset_consumes_1_and_2 to None, run_after=None
[2024-03-08T00:32:52.492+0530] {logging_mixin.py:188} INFO - [2024-03-08T00:32:52.492+0530] {dag.py:3834} INFO - Setting next_dagrun for dataset_consumes_1_never_scheduled to None, run_after=None
[2024-03-08T00:32:52.493+0530] {logging_mixin.py:188} INFO - [2024-03-08T00:32:52.493+0530] {dag.py:3834} INFO - Setting next_dagrun for dataset_consumes_unknown_never_scheduled to None, run_after=None
[2024-03-08T00:32:52.493+0530] {logging_mixin.py:188} INFO - [2024-03-08T00:32:52.493+0530] {dag.py:3834} INFO - Setting next_dagrun for dataset_produces_1 to 2024-03-06 00:00:00+00:00, run_after=2024-03-07 00:00:00+00:00
[2024-03-08T00:32:52.494+0530] {logging_mixin.py:188} INFO - [2024-03-08T00:32:52.493+0530] {dag.py:3834} INFO - Setting next_dagrun for dataset_produces_2 to None, run_after=None
[2024-03-08T00:32:52.501+0530] {processor.py:183} INFO - Processing /Users/anikbhowmick/Python/Big_Data_Assignment/A02/airflow_env/lib/python3.11/site-packages/airflow/example_dags/example_datasets.py took 0.077 seconds
[2024-03-08T00:34:49.011+0530] {processor.py:161} INFO - Started process (PID=3683) to work on /Users/anikbhowmick/Python/Big_Data_Assignment/A02/airflow_env/lib/python3.11/site-packages/airflow/example_dags/example_datasets.py
[2024-03-08T00:34:49.012+0530] {processor.py:830} INFO - Processing file /Users/anikbhowmick/Python/Big_Data_Assignment/A02/airflow_env/lib/python3.11/site-packages/airflow/example_dags/example_datasets.py for tasks to queue
[2024-03-08T00:34:49.013+0530] {logging_mixin.py:188} INFO - [2024-03-08T00:34:49.013+0530] {dagbag.py:540} INFO - Filling up the DagBag from /Users/anikbhowmick/Python/Big_Data_Assignment/A02/airflow_env/lib/python3.11/site-packages/airflow/example_dags/example_datasets.py
[2024-03-08T00:34:49.040+0530] {processor.py:840} INFO - DAG(s) 'dataset_produces_2', 'dataset_consumes_1', 'dataset_consumes_unknown_never_scheduled', 'dataset_consumes_1_never_scheduled', 'dataset_produces_1', 'dataset_consumes_1_and_2' retrieved from /Users/anikbhowmick/Python/Big_Data_Assignment/A02/airflow_env/lib/python3.11/site-packages/airflow/example_dags/example_datasets.py
[2024-03-08T00:34:49.074+0530] {logging_mixin.py:188} INFO - [2024-03-08T00:34:49.073+0530] {dag.py:3047} INFO - Sync 6 DAGs
[2024-03-08T00:34:49.079+0530] {logging_mixin.py:188} INFO - [2024-03-08T00:34:49.079+0530] {dag.py:3834} INFO - Setting next_dagrun for dataset_consumes_1 to None, run_after=None
[2024-03-08T00:34:49.080+0530] {logging_mixin.py:188} INFO - [2024-03-08T00:34:49.080+0530] {dag.py:3834} INFO - Setting next_dagrun for dataset_consumes_1_and_2 to None, run_after=None
[2024-03-08T00:34:49.080+0530] {logging_mixin.py:188} INFO - [2024-03-08T00:34:49.080+0530] {dag.py:3834} INFO - Setting next_dagrun for dataset_consumes_1_never_scheduled to None, run_after=None
[2024-03-08T00:34:49.081+0530] {logging_mixin.py:188} INFO - [2024-03-08T00:34:49.081+0530] {dag.py:3834} INFO - Setting next_dagrun for dataset_consumes_unknown_never_scheduled to None, run_after=None
[2024-03-08T00:34:49.081+0530] {logging_mixin.py:188} INFO - [2024-03-08T00:34:49.081+0530] {dag.py:3834} INFO - Setting next_dagrun for dataset_produces_1 to 2024-03-06 00:00:00+00:00, run_after=2024-03-07 00:00:00+00:00
[2024-03-08T00:34:49.082+0530] {logging_mixin.py:188} INFO - [2024-03-08T00:34:49.082+0530] {dag.py:3834} INFO - Setting next_dagrun for dataset_produces_2 to None, run_after=None
[2024-03-08T00:34:49.089+0530] {processor.py:183} INFO - Processing /Users/anikbhowmick/Python/Big_Data_Assignment/A02/airflow_env/lib/python3.11/site-packages/airflow/example_dags/example_datasets.py took 0.079 seconds
[2024-03-08T00:36:42.035+0530] {processor.py:161} INFO - Started process (PID=3779) to work on /Users/anikbhowmick/Python/Big_Data_Assignment/A02/airflow_env/lib/python3.11/site-packages/airflow/example_dags/example_datasets.py
[2024-03-08T00:36:42.035+0530] {processor.py:830} INFO - Processing file /Users/anikbhowmick/Python/Big_Data_Assignment/A02/airflow_env/lib/python3.11/site-packages/airflow/example_dags/example_datasets.py for tasks to queue
[2024-03-08T00:36:42.036+0530] {logging_mixin.py:188} INFO - [2024-03-08T00:36:42.036+0530] {dagbag.py:540} INFO - Filling up the DagBag from /Users/anikbhowmick/Python/Big_Data_Assignment/A02/airflow_env/lib/python3.11/site-packages/airflow/example_dags/example_datasets.py
[2024-03-08T00:36:42.062+0530] {processor.py:840} INFO - DAG(s) 'dataset_consumes_unknown_never_scheduled', 'dataset_consumes_1', 'dataset_produces_2', 'dataset_consumes_1_never_scheduled', 'dataset_consumes_1_and_2', 'dataset_produces_1' retrieved from /Users/anikbhowmick/Python/Big_Data_Assignment/A02/airflow_env/lib/python3.11/site-packages/airflow/example_dags/example_datasets.py
[2024-03-08T00:36:42.095+0530] {logging_mixin.py:188} INFO - [2024-03-08T00:36:42.095+0530] {dag.py:3047} INFO - Sync 6 DAGs
[2024-03-08T00:36:42.100+0530] {logging_mixin.py:188} INFO - [2024-03-08T00:36:42.100+0530] {dag.py:3834} INFO - Setting next_dagrun for dataset_consumes_1 to None, run_after=None
[2024-03-08T00:36:42.101+0530] {logging_mixin.py:188} INFO - [2024-03-08T00:36:42.101+0530] {dag.py:3834} INFO - Setting next_dagrun for dataset_consumes_1_and_2 to None, run_after=None
[2024-03-08T00:36:42.102+0530] {logging_mixin.py:188} INFO - [2024-03-08T00:36:42.102+0530] {dag.py:3834} INFO - Setting next_dagrun for dataset_consumes_1_never_scheduled to None, run_after=None
[2024-03-08T00:36:42.102+0530] {logging_mixin.py:188} INFO - [2024-03-08T00:36:42.102+0530] {dag.py:3834} INFO - Setting next_dagrun for dataset_consumes_unknown_never_scheduled to None, run_after=None
[2024-03-08T00:36:42.103+0530] {logging_mixin.py:188} INFO - [2024-03-08T00:36:42.102+0530] {dag.py:3834} INFO - Setting next_dagrun for dataset_produces_1 to 2024-03-06 00:00:00+00:00, run_after=2024-03-07 00:00:00+00:00
[2024-03-08T00:36:42.103+0530] {logging_mixin.py:188} INFO - [2024-03-08T00:36:42.103+0530] {dag.py:3834} INFO - Setting next_dagrun for dataset_produces_2 to None, run_after=None
[2024-03-08T00:36:42.111+0530] {processor.py:183} INFO - Processing /Users/anikbhowmick/Python/Big_Data_Assignment/A02/airflow_env/lib/python3.11/site-packages/airflow/example_dags/example_datasets.py took 0.077 seconds
[2024-03-08T00:38:35.373+0530] {processor.py:161} INFO - Started process (PID=3851) to work on /Users/anikbhowmick/Python/Big_Data_Assignment/A02/airflow_env/lib/python3.11/site-packages/airflow/example_dags/example_datasets.py
[2024-03-08T00:38:35.374+0530] {processor.py:830} INFO - Processing file /Users/anikbhowmick/Python/Big_Data_Assignment/A02/airflow_env/lib/python3.11/site-packages/airflow/example_dags/example_datasets.py for tasks to queue
[2024-03-08T00:38:35.374+0530] {logging_mixin.py:188} INFO - [2024-03-08T00:38:35.374+0530] {dagbag.py:540} INFO - Filling up the DagBag from /Users/anikbhowmick/Python/Big_Data_Assignment/A02/airflow_env/lib/python3.11/site-packages/airflow/example_dags/example_datasets.py
[2024-03-08T00:38:35.399+0530] {processor.py:840} INFO - DAG(s) 'dataset_consumes_unknown_never_scheduled', 'dataset_produces_1', 'dataset_consumes_1_never_scheduled', 'dataset_produces_2', 'dataset_consumes_1_and_2', 'dataset_consumes_1' retrieved from /Users/anikbhowmick/Python/Big_Data_Assignment/A02/airflow_env/lib/python3.11/site-packages/airflow/example_dags/example_datasets.py
[2024-03-08T00:38:35.433+0530] {logging_mixin.py:188} INFO - [2024-03-08T00:38:35.433+0530] {dag.py:3047} INFO - Sync 6 DAGs
[2024-03-08T00:38:35.439+0530] {logging_mixin.py:188} INFO - [2024-03-08T00:38:35.439+0530] {dag.py:3834} INFO - Setting next_dagrun for dataset_consumes_1 to None, run_after=None
[2024-03-08T00:38:35.440+0530] {logging_mixin.py:188} INFO - [2024-03-08T00:38:35.439+0530] {dag.py:3834} INFO - Setting next_dagrun for dataset_consumes_1_and_2 to None, run_after=None
[2024-03-08T00:38:35.440+0530] {logging_mixin.py:188} INFO - [2024-03-08T00:38:35.440+0530] {dag.py:3834} INFO - Setting next_dagrun for dataset_consumes_1_never_scheduled to None, run_after=None
[2024-03-08T00:38:35.440+0530] {logging_mixin.py:188} INFO - [2024-03-08T00:38:35.440+0530] {dag.py:3834} INFO - Setting next_dagrun for dataset_consumes_unknown_never_scheduled to None, run_after=None
[2024-03-08T00:38:35.441+0530] {logging_mixin.py:188} INFO - [2024-03-08T00:38:35.441+0530] {dag.py:3834} INFO - Setting next_dagrun for dataset_produces_1 to 2024-03-06 00:00:00+00:00, run_after=2024-03-07 00:00:00+00:00
[2024-03-08T00:38:35.441+0530] {logging_mixin.py:188} INFO - [2024-03-08T00:38:35.441+0530] {dag.py:3834} INFO - Setting next_dagrun for dataset_produces_2 to None, run_after=None
[2024-03-08T00:38:35.449+0530] {processor.py:183} INFO - Processing /Users/anikbhowmick/Python/Big_Data_Assignment/A02/airflow_env/lib/python3.11/site-packages/airflow/example_dags/example_datasets.py took 0.076 seconds
[2024-03-08T00:40:35.726+0530] {processor.py:161} INFO - Started process (PID=3935) to work on /Users/anikbhowmick/Python/Big_Data_Assignment/A02/airflow_env/lib/python3.11/site-packages/airflow/example_dags/example_datasets.py
[2024-03-08T00:40:35.727+0530] {processor.py:830} INFO - Processing file /Users/anikbhowmick/Python/Big_Data_Assignment/A02/airflow_env/lib/python3.11/site-packages/airflow/example_dags/example_datasets.py for tasks to queue
[2024-03-08T00:40:35.727+0530] {logging_mixin.py:188} INFO - [2024-03-08T00:40:35.727+0530] {dagbag.py:540} INFO - Filling up the DagBag from /Users/anikbhowmick/Python/Big_Data_Assignment/A02/airflow_env/lib/python3.11/site-packages/airflow/example_dags/example_datasets.py
[2024-03-08T00:40:35.752+0530] {processor.py:840} INFO - DAG(s) 'dataset_consumes_1_and_2', 'dataset_produces_1', 'dataset_consumes_1_never_scheduled', 'dataset_consumes_unknown_never_scheduled', 'dataset_produces_2', 'dataset_consumes_1' retrieved from /Users/anikbhowmick/Python/Big_Data_Assignment/A02/airflow_env/lib/python3.11/site-packages/airflow/example_dags/example_datasets.py
[2024-03-08T00:40:35.785+0530] {logging_mixin.py:188} INFO - [2024-03-08T00:40:35.785+0530] {dag.py:3047} INFO - Sync 6 DAGs
[2024-03-08T00:40:35.790+0530] {logging_mixin.py:188} INFO - [2024-03-08T00:40:35.790+0530] {dag.py:3834} INFO - Setting next_dagrun for dataset_consumes_1 to None, run_after=None
[2024-03-08T00:40:35.791+0530] {logging_mixin.py:188} INFO - [2024-03-08T00:40:35.791+0530] {dag.py:3834} INFO - Setting next_dagrun for dataset_consumes_1_and_2 to None, run_after=None
[2024-03-08T00:40:35.792+0530] {logging_mixin.py:188} INFO - [2024-03-08T00:40:35.792+0530] {dag.py:3834} INFO - Setting next_dagrun for dataset_consumes_1_never_scheduled to None, run_after=None
[2024-03-08T00:40:35.792+0530] {logging_mixin.py:188} INFO - [2024-03-08T00:40:35.792+0530] {dag.py:3834} INFO - Setting next_dagrun for dataset_consumes_unknown_never_scheduled to None, run_after=None
[2024-03-08T00:40:35.793+0530] {logging_mixin.py:188} INFO - [2024-03-08T00:40:35.792+0530] {dag.py:3834} INFO - Setting next_dagrun for dataset_produces_1 to 2024-03-06 00:00:00+00:00, run_after=2024-03-07 00:00:00+00:00
[2024-03-08T00:40:35.793+0530] {logging_mixin.py:188} INFO - [2024-03-08T00:40:35.793+0530] {dag.py:3834} INFO - Setting next_dagrun for dataset_produces_2 to None, run_after=None
[2024-03-08T00:40:35.801+0530] {processor.py:183} INFO - Processing /Users/anikbhowmick/Python/Big_Data_Assignment/A02/airflow_env/lib/python3.11/site-packages/airflow/example_dags/example_datasets.py took 0.075 seconds
