[2024-03-08T00:13:21.500+0530] {processor.py:161} INFO - Started process (PID=2068) to work on /Users/anikbhowmick/Python/Big_Data_Assignment/A02/airflow_env/lib/python3.11/site-packages/airflow/example_dags/example_nested_branch_dag.py
[2024-03-08T00:13:21.500+0530] {processor.py:830} INFO - Processing file /Users/anikbhowmick/Python/Big_Data_Assignment/A02/airflow_env/lib/python3.11/site-packages/airflow/example_dags/example_nested_branch_dag.py for tasks to queue
[2024-03-08T00:13:21.500+0530] {logging_mixin.py:188} INFO - [2024-03-08T00:13:21.500+0530] {dagbag.py:540} INFO - Filling up the DagBag from /Users/anikbhowmick/Python/Big_Data_Assignment/A02/airflow_env/lib/python3.11/site-packages/airflow/example_dags/example_nested_branch_dag.py
[2024-03-08T00:13:21.535+0530] {processor.py:840} INFO - DAG(s) 'example_nested_branch_dag' retrieved from /Users/anikbhowmick/Python/Big_Data_Assignment/A02/airflow_env/lib/python3.11/site-packages/airflow/example_dags/example_nested_branch_dag.py
[2024-03-08T00:13:21.563+0530] {logging_mixin.py:188} INFO - [2024-03-08T00:13:21.563+0530] {dag.py:3047} INFO - Sync 1 DAGs
[2024-03-08T00:13:21.569+0530] {logging_mixin.py:188} INFO - [2024-03-08T00:13:21.569+0530] {dag.py:3834} INFO - Setting next_dagrun for example_nested_branch_dag to 2024-03-06 00:00:00+00:00, run_after=2024-03-07 00:00:00+00:00
[2024-03-08T00:13:21.575+0530] {processor.py:183} INFO - Processing /Users/anikbhowmick/Python/Big_Data_Assignment/A02/airflow_env/lib/python3.11/site-packages/airflow/example_dags/example_nested_branch_dag.py took 0.076 seconds
[2024-03-08T00:14:12.259+0530] {processor.py:161} INFO - Started process (PID=2128) to work on /Users/anikbhowmick/Python/Big_Data_Assignment/A02/airflow_env/lib/python3.11/site-packages/airflow/example_dags/example_nested_branch_dag.py
[2024-03-08T00:14:12.260+0530] {processor.py:830} INFO - Processing file /Users/anikbhowmick/Python/Big_Data_Assignment/A02/airflow_env/lib/python3.11/site-packages/airflow/example_dags/example_nested_branch_dag.py for tasks to queue
[2024-03-08T00:14:12.261+0530] {logging_mixin.py:188} INFO - [2024-03-08T00:14:12.261+0530] {dagbag.py:540} INFO - Filling up the DagBag from /Users/anikbhowmick/Python/Big_Data_Assignment/A02/airflow_env/lib/python3.11/site-packages/airflow/example_dags/example_nested_branch_dag.py
[2024-03-08T00:14:12.298+0530] {processor.py:840} INFO - DAG(s) 'example_nested_branch_dag' retrieved from /Users/anikbhowmick/Python/Big_Data_Assignment/A02/airflow_env/lib/python3.11/site-packages/airflow/example_dags/example_nested_branch_dag.py
[2024-03-08T00:14:12.327+0530] {logging_mixin.py:188} INFO - [2024-03-08T00:14:12.327+0530] {dag.py:3047} INFO - Sync 1 DAGs
[2024-03-08T00:14:12.333+0530] {logging_mixin.py:188} INFO - [2024-03-08T00:14:12.333+0530] {dag.py:3834} INFO - Setting next_dagrun for example_nested_branch_dag to 2024-03-06 00:00:00+00:00, run_after=2024-03-07 00:00:00+00:00
[2024-03-08T00:14:12.339+0530] {processor.py:183} INFO - Processing /Users/anikbhowmick/Python/Big_Data_Assignment/A02/airflow_env/lib/python3.11/site-packages/airflow/example_dags/example_nested_branch_dag.py took 0.081 seconds
[2024-03-08T00:15:10.073+0530] {processor.py:161} INFO - Started process (PID=2190) to work on /Users/anikbhowmick/Python/Big_Data_Assignment/A02/airflow_env/lib/python3.11/site-packages/airflow/example_dags/example_nested_branch_dag.py
[2024-03-08T00:15:10.074+0530] {processor.py:830} INFO - Processing file /Users/anikbhowmick/Python/Big_Data_Assignment/A02/airflow_env/lib/python3.11/site-packages/airflow/example_dags/example_nested_branch_dag.py for tasks to queue
[2024-03-08T00:15:10.075+0530] {logging_mixin.py:188} INFO - [2024-03-08T00:15:10.074+0530] {dagbag.py:540} INFO - Filling up the DagBag from /Users/anikbhowmick/Python/Big_Data_Assignment/A02/airflow_env/lib/python3.11/site-packages/airflow/example_dags/example_nested_branch_dag.py
[2024-03-08T00:15:10.108+0530] {processor.py:840} INFO - DAG(s) 'example_nested_branch_dag' retrieved from /Users/anikbhowmick/Python/Big_Data_Assignment/A02/airflow_env/lib/python3.11/site-packages/airflow/example_dags/example_nested_branch_dag.py
[2024-03-08T00:15:10.136+0530] {logging_mixin.py:188} INFO - [2024-03-08T00:15:10.136+0530] {dag.py:3047} INFO - Sync 1 DAGs
[2024-03-08T00:15:10.141+0530] {logging_mixin.py:188} INFO - [2024-03-08T00:15:10.141+0530] {dag.py:3834} INFO - Setting next_dagrun for example_nested_branch_dag to 2024-03-06 00:00:00+00:00, run_after=2024-03-07 00:00:00+00:00
[2024-03-08T00:15:10.147+0530] {processor.py:183} INFO - Processing /Users/anikbhowmick/Python/Big_Data_Assignment/A02/airflow_env/lib/python3.11/site-packages/airflow/example_dags/example_nested_branch_dag.py took 0.074 seconds
[2024-03-08T00:16:09.833+0530] {processor.py:161} INFO - Started process (PID=2253) to work on /Users/anikbhowmick/Python/Big_Data_Assignment/A02/airflow_env/lib/python3.11/site-packages/airflow/example_dags/example_nested_branch_dag.py
[2024-03-08T00:16:09.834+0530] {processor.py:830} INFO - Processing file /Users/anikbhowmick/Python/Big_Data_Assignment/A02/airflow_env/lib/python3.11/site-packages/airflow/example_dags/example_nested_branch_dag.py for tasks to queue
[2024-03-08T00:16:09.834+0530] {logging_mixin.py:188} INFO - [2024-03-08T00:16:09.834+0530] {dagbag.py:540} INFO - Filling up the DagBag from /Users/anikbhowmick/Python/Big_Data_Assignment/A02/airflow_env/lib/python3.11/site-packages/airflow/example_dags/example_nested_branch_dag.py
[2024-03-08T00:16:09.868+0530] {processor.py:840} INFO - DAG(s) 'example_nested_branch_dag' retrieved from /Users/anikbhowmick/Python/Big_Data_Assignment/A02/airflow_env/lib/python3.11/site-packages/airflow/example_dags/example_nested_branch_dag.py
[2024-03-08T00:16:09.896+0530] {logging_mixin.py:188} INFO - [2024-03-08T00:16:09.896+0530] {dag.py:3047} INFO - Sync 1 DAGs
[2024-03-08T00:16:09.901+0530] {logging_mixin.py:188} INFO - [2024-03-08T00:16:09.901+0530] {dag.py:3834} INFO - Setting next_dagrun for example_nested_branch_dag to 2024-03-06 00:00:00+00:00, run_after=2024-03-07 00:00:00+00:00
[2024-03-08T00:16:09.907+0530] {processor.py:183} INFO - Processing /Users/anikbhowmick/Python/Big_Data_Assignment/A02/airflow_env/lib/python3.11/site-packages/airflow/example_dags/example_nested_branch_dag.py took 0.075 seconds
[2024-03-08T00:17:08.461+0530] {processor.py:161} INFO - Started process (PID=2329) to work on /Users/anikbhowmick/Python/Big_Data_Assignment/A02/airflow_env/lib/python3.11/site-packages/airflow/example_dags/example_nested_branch_dag.py
[2024-03-08T00:17:08.461+0530] {processor.py:830} INFO - Processing file /Users/anikbhowmick/Python/Big_Data_Assignment/A02/airflow_env/lib/python3.11/site-packages/airflow/example_dags/example_nested_branch_dag.py for tasks to queue
[2024-03-08T00:17:08.462+0530] {logging_mixin.py:188} INFO - [2024-03-08T00:17:08.462+0530] {dagbag.py:540} INFO - Filling up the DagBag from /Users/anikbhowmick/Python/Big_Data_Assignment/A02/airflow_env/lib/python3.11/site-packages/airflow/example_dags/example_nested_branch_dag.py
[2024-03-08T00:17:08.499+0530] {processor.py:840} INFO - DAG(s) 'example_nested_branch_dag' retrieved from /Users/anikbhowmick/Python/Big_Data_Assignment/A02/airflow_env/lib/python3.11/site-packages/airflow/example_dags/example_nested_branch_dag.py
[2024-03-08T00:17:08.528+0530] {logging_mixin.py:188} INFO - [2024-03-08T00:17:08.528+0530] {dag.py:3047} INFO - Sync 1 DAGs
[2024-03-08T00:17:08.533+0530] {logging_mixin.py:188} INFO - [2024-03-08T00:17:08.533+0530] {dag.py:3834} INFO - Setting next_dagrun for example_nested_branch_dag to 2024-03-06 00:00:00+00:00, run_after=2024-03-07 00:00:00+00:00
[2024-03-08T00:17:08.540+0530] {processor.py:183} INFO - Processing /Users/anikbhowmick/Python/Big_Data_Assignment/A02/airflow_env/lib/python3.11/site-packages/airflow/example_dags/example_nested_branch_dag.py took 0.079 seconds
[2024-03-08T00:19:40.327+0530] {processor.py:161} INFO - Started process (PID=2571) to work on /Users/anikbhowmick/Python/Big_Data_Assignment/A02/airflow_env/lib/python3.11/site-packages/airflow/example_dags/example_nested_branch_dag.py
[2024-03-08T00:19:40.327+0530] {processor.py:830} INFO - Processing file /Users/anikbhowmick/Python/Big_Data_Assignment/A02/airflow_env/lib/python3.11/site-packages/airflow/example_dags/example_nested_branch_dag.py for tasks to queue
[2024-03-08T00:19:40.328+0530] {logging_mixin.py:188} INFO - [2024-03-08T00:19:40.328+0530] {dagbag.py:540} INFO - Filling up the DagBag from /Users/anikbhowmick/Python/Big_Data_Assignment/A02/airflow_env/lib/python3.11/site-packages/airflow/example_dags/example_nested_branch_dag.py
[2024-03-08T00:19:40.362+0530] {processor.py:840} INFO - DAG(s) 'example_nested_branch_dag' retrieved from /Users/anikbhowmick/Python/Big_Data_Assignment/A02/airflow_env/lib/python3.11/site-packages/airflow/example_dags/example_nested_branch_dag.py
[2024-03-08T00:19:40.391+0530] {logging_mixin.py:188} INFO - [2024-03-08T00:19:40.391+0530] {dag.py:3047} INFO - Sync 1 DAGs
[2024-03-08T00:19:40.396+0530] {logging_mixin.py:188} INFO - [2024-03-08T00:19:40.396+0530] {dag.py:3834} INFO - Setting next_dagrun for example_nested_branch_dag to 2024-03-06 00:00:00+00:00, run_after=2024-03-07 00:00:00+00:00
[2024-03-08T00:19:40.403+0530] {processor.py:183} INFO - Processing /Users/anikbhowmick/Python/Big_Data_Assignment/A02/airflow_env/lib/python3.11/site-packages/airflow/example_dags/example_nested_branch_dag.py took 0.076 seconds
[2024-03-08T00:23:44.857+0530] {processor.py:161} INFO - Started process (PID=2827) to work on /Users/anikbhowmick/Python/Big_Data_Assignment/A02/airflow_env/lib/python3.11/site-packages/airflow/example_dags/example_nested_branch_dag.py
[2024-03-08T00:23:44.858+0530] {processor.py:830} INFO - Processing file /Users/anikbhowmick/Python/Big_Data_Assignment/A02/airflow_env/lib/python3.11/site-packages/airflow/example_dags/example_nested_branch_dag.py for tasks to queue
[2024-03-08T00:23:44.859+0530] {logging_mixin.py:188} INFO - [2024-03-08T00:23:44.859+0530] {dagbag.py:540} INFO - Filling up the DagBag from /Users/anikbhowmick/Python/Big_Data_Assignment/A02/airflow_env/lib/python3.11/site-packages/airflow/example_dags/example_nested_branch_dag.py
[2024-03-08T00:23:44.893+0530] {processor.py:840} INFO - DAG(s) 'example_nested_branch_dag' retrieved from /Users/anikbhowmick/Python/Big_Data_Assignment/A02/airflow_env/lib/python3.11/site-packages/airflow/example_dags/example_nested_branch_dag.py
[2024-03-08T00:23:44.921+0530] {logging_mixin.py:188} INFO - [2024-03-08T00:23:44.921+0530] {dag.py:3047} INFO - Sync 1 DAGs
[2024-03-08T00:23:44.927+0530] {logging_mixin.py:188} INFO - [2024-03-08T00:23:44.927+0530] {dag.py:3834} INFO - Setting next_dagrun for example_nested_branch_dag to 2024-03-06 00:00:00+00:00, run_after=2024-03-07 00:00:00+00:00
[2024-03-08T00:23:44.933+0530] {processor.py:183} INFO - Processing /Users/anikbhowmick/Python/Big_Data_Assignment/A02/airflow_env/lib/python3.11/site-packages/airflow/example_dags/example_nested_branch_dag.py took 0.076 seconds
[2024-03-08T00:24:36.233+0530] {processor.py:161} INFO - Started process (PID=2905) to work on /Users/anikbhowmick/Python/Big_Data_Assignment/A02/airflow_env/lib/python3.11/site-packages/airflow/example_dags/example_nested_branch_dag.py
[2024-03-08T00:24:36.234+0530] {processor.py:830} INFO - Processing file /Users/anikbhowmick/Python/Big_Data_Assignment/A02/airflow_env/lib/python3.11/site-packages/airflow/example_dags/example_nested_branch_dag.py for tasks to queue
[2024-03-08T00:24:36.234+0530] {logging_mixin.py:188} INFO - [2024-03-08T00:24:36.234+0530] {dagbag.py:540} INFO - Filling up the DagBag from /Users/anikbhowmick/Python/Big_Data_Assignment/A02/airflow_env/lib/python3.11/site-packages/airflow/example_dags/example_nested_branch_dag.py
[2024-03-08T00:24:36.273+0530] {processor.py:840} INFO - DAG(s) 'example_nested_branch_dag' retrieved from /Users/anikbhowmick/Python/Big_Data_Assignment/A02/airflow_env/lib/python3.11/site-packages/airflow/example_dags/example_nested_branch_dag.py
[2024-03-08T00:24:36.305+0530] {logging_mixin.py:188} INFO - [2024-03-08T00:24:36.304+0530] {dag.py:3047} INFO - Sync 1 DAGs
[2024-03-08T00:24:36.311+0530] {logging_mixin.py:188} INFO - [2024-03-08T00:24:36.311+0530] {dag.py:3834} INFO - Setting next_dagrun for example_nested_branch_dag to 2024-03-06 00:00:00+00:00, run_after=2024-03-07 00:00:00+00:00
[2024-03-08T00:24:36.317+0530] {processor.py:183} INFO - Processing /Users/anikbhowmick/Python/Big_Data_Assignment/A02/airflow_env/lib/python3.11/site-packages/airflow/example_dags/example_nested_branch_dag.py took 0.085 seconds
[2024-03-08T00:26:22.133+0530] {processor.py:161} INFO - Started process (PID=3075) to work on /Users/anikbhowmick/Python/Big_Data_Assignment/A02/airflow_env/lib/python3.11/site-packages/airflow/example_dags/example_nested_branch_dag.py
[2024-03-08T00:26:22.134+0530] {processor.py:830} INFO - Processing file /Users/anikbhowmick/Python/Big_Data_Assignment/A02/airflow_env/lib/python3.11/site-packages/airflow/example_dags/example_nested_branch_dag.py for tasks to queue
[2024-03-08T00:26:22.134+0530] {logging_mixin.py:188} INFO - [2024-03-08T00:26:22.134+0530] {dagbag.py:540} INFO - Filling up the DagBag from /Users/anikbhowmick/Python/Big_Data_Assignment/A02/airflow_env/lib/python3.11/site-packages/airflow/example_dags/example_nested_branch_dag.py
[2024-03-08T00:26:22.168+0530] {processor.py:840} INFO - DAG(s) 'example_nested_branch_dag' retrieved from /Users/anikbhowmick/Python/Big_Data_Assignment/A02/airflow_env/lib/python3.11/site-packages/airflow/example_dags/example_nested_branch_dag.py
[2024-03-08T00:26:22.196+0530] {logging_mixin.py:188} INFO - [2024-03-08T00:26:22.196+0530] {dag.py:3047} INFO - Sync 1 DAGs
[2024-03-08T00:26:22.201+0530] {logging_mixin.py:188} INFO - [2024-03-08T00:26:22.201+0530] {dag.py:3834} INFO - Setting next_dagrun for example_nested_branch_dag to 2024-03-06 00:00:00+00:00, run_after=2024-03-07 00:00:00+00:00
[2024-03-08T00:26:22.208+0530] {processor.py:183} INFO - Processing /Users/anikbhowmick/Python/Big_Data_Assignment/A02/airflow_env/lib/python3.11/site-packages/airflow/example_dags/example_nested_branch_dag.py took 0.075 seconds
[2024-03-08T00:28:10.207+0530] {processor.py:161} INFO - Started process (PID=3289) to work on /Users/anikbhowmick/Python/Big_Data_Assignment/A02/airflow_env/lib/python3.11/site-packages/airflow/example_dags/example_nested_branch_dag.py
[2024-03-08T00:28:10.207+0530] {processor.py:830} INFO - Processing file /Users/anikbhowmick/Python/Big_Data_Assignment/A02/airflow_env/lib/python3.11/site-packages/airflow/example_dags/example_nested_branch_dag.py for tasks to queue
[2024-03-08T00:28:10.208+0530] {logging_mixin.py:188} INFO - [2024-03-08T00:28:10.208+0530] {dagbag.py:540} INFO - Filling up the DagBag from /Users/anikbhowmick/Python/Big_Data_Assignment/A02/airflow_env/lib/python3.11/site-packages/airflow/example_dags/example_nested_branch_dag.py
[2024-03-08T00:28:10.243+0530] {processor.py:840} INFO - DAG(s) 'example_nested_branch_dag' retrieved from /Users/anikbhowmick/Python/Big_Data_Assignment/A02/airflow_env/lib/python3.11/site-packages/airflow/example_dags/example_nested_branch_dag.py
[2024-03-08T00:28:10.272+0530] {logging_mixin.py:188} INFO - [2024-03-08T00:28:10.272+0530] {dag.py:3047} INFO - Sync 1 DAGs
[2024-03-08T00:28:10.278+0530] {logging_mixin.py:188} INFO - [2024-03-08T00:28:10.278+0530] {dag.py:3834} INFO - Setting next_dagrun for example_nested_branch_dag to 2024-03-06 00:00:00+00:00, run_after=2024-03-07 00:00:00+00:00
[2024-03-08T00:28:10.284+0530] {processor.py:183} INFO - Processing /Users/anikbhowmick/Python/Big_Data_Assignment/A02/airflow_env/lib/python3.11/site-packages/airflow/example_dags/example_nested_branch_dag.py took 0.078 seconds
[2024-03-08T00:30:02.699+0530] {processor.py:161} INFO - Started process (PID=3375) to work on /Users/anikbhowmick/Python/Big_Data_Assignment/A02/airflow_env/lib/python3.11/site-packages/airflow/example_dags/example_nested_branch_dag.py
[2024-03-08T00:30:02.700+0530] {processor.py:830} INFO - Processing file /Users/anikbhowmick/Python/Big_Data_Assignment/A02/airflow_env/lib/python3.11/site-packages/airflow/example_dags/example_nested_branch_dag.py for tasks to queue
[2024-03-08T00:30:02.700+0530] {logging_mixin.py:188} INFO - [2024-03-08T00:30:02.700+0530] {dagbag.py:540} INFO - Filling up the DagBag from /Users/anikbhowmick/Python/Big_Data_Assignment/A02/airflow_env/lib/python3.11/site-packages/airflow/example_dags/example_nested_branch_dag.py
[2024-03-08T00:30:02.735+0530] {processor.py:840} INFO - DAG(s) 'example_nested_branch_dag' retrieved from /Users/anikbhowmick/Python/Big_Data_Assignment/A02/airflow_env/lib/python3.11/site-packages/airflow/example_dags/example_nested_branch_dag.py
[2024-03-08T00:30:02.766+0530] {logging_mixin.py:188} INFO - [2024-03-08T00:30:02.766+0530] {dag.py:3047} INFO - Sync 1 DAGs
[2024-03-08T00:30:02.771+0530] {logging_mixin.py:188} INFO - [2024-03-08T00:30:02.771+0530] {dag.py:3834} INFO - Setting next_dagrun for example_nested_branch_dag to 2024-03-06 00:00:00+00:00, run_after=2024-03-07 00:00:00+00:00
[2024-03-08T00:30:02.778+0530] {processor.py:183} INFO - Processing /Users/anikbhowmick/Python/Big_Data_Assignment/A02/airflow_env/lib/python3.11/site-packages/airflow/example_dags/example_nested_branch_dag.py took 0.079 seconds
[2024-03-08T00:32:05.278+0530] {processor.py:161} INFO - Started process (PID=3516) to work on /Users/anikbhowmick/Python/Big_Data_Assignment/A02/airflow_env/lib/python3.11/site-packages/airflow/example_dags/example_nested_branch_dag.py
[2024-03-08T00:32:05.279+0530] {processor.py:830} INFO - Processing file /Users/anikbhowmick/Python/Big_Data_Assignment/A02/airflow_env/lib/python3.11/site-packages/airflow/example_dags/example_nested_branch_dag.py for tasks to queue
[2024-03-08T00:32:05.279+0530] {logging_mixin.py:188} INFO - [2024-03-08T00:32:05.279+0530] {dagbag.py:540} INFO - Filling up the DagBag from /Users/anikbhowmick/Python/Big_Data_Assignment/A02/airflow_env/lib/python3.11/site-packages/airflow/example_dags/example_nested_branch_dag.py
[2024-03-08T00:32:05.317+0530] {processor.py:840} INFO - DAG(s) 'example_nested_branch_dag' retrieved from /Users/anikbhowmick/Python/Big_Data_Assignment/A02/airflow_env/lib/python3.11/site-packages/airflow/example_dags/example_nested_branch_dag.py
[2024-03-08T00:32:05.348+0530] {logging_mixin.py:188} INFO - [2024-03-08T00:32:05.347+0530] {dag.py:3047} INFO - Sync 1 DAGs
[2024-03-08T00:32:05.353+0530] {logging_mixin.py:188} INFO - [2024-03-08T00:32:05.353+0530] {dag.py:3834} INFO - Setting next_dagrun for example_nested_branch_dag to 2024-03-06 00:00:00+00:00, run_after=2024-03-07 00:00:00+00:00
[2024-03-08T00:32:05.359+0530] {processor.py:183} INFO - Processing /Users/anikbhowmick/Python/Big_Data_Assignment/A02/airflow_env/lib/python3.11/site-packages/airflow/example_dags/example_nested_branch_dag.py took 0.082 seconds
[2024-03-08T00:34:02.790+0530] {processor.py:161} INFO - Started process (PID=3653) to work on /Users/anikbhowmick/Python/Big_Data_Assignment/A02/airflow_env/lib/python3.11/site-packages/airflow/example_dags/example_nested_branch_dag.py
[2024-03-08T00:34:02.791+0530] {processor.py:830} INFO - Processing file /Users/anikbhowmick/Python/Big_Data_Assignment/A02/airflow_env/lib/python3.11/site-packages/airflow/example_dags/example_nested_branch_dag.py for tasks to queue
[2024-03-08T00:34:02.791+0530] {logging_mixin.py:188} INFO - [2024-03-08T00:34:02.791+0530] {dagbag.py:540} INFO - Filling up the DagBag from /Users/anikbhowmick/Python/Big_Data_Assignment/A02/airflow_env/lib/python3.11/site-packages/airflow/example_dags/example_nested_branch_dag.py
[2024-03-08T00:34:02.825+0530] {processor.py:840} INFO - DAG(s) 'example_nested_branch_dag' retrieved from /Users/anikbhowmick/Python/Big_Data_Assignment/A02/airflow_env/lib/python3.11/site-packages/airflow/example_dags/example_nested_branch_dag.py
[2024-03-08T00:34:02.853+0530] {logging_mixin.py:188} INFO - [2024-03-08T00:34:02.853+0530] {dag.py:3047} INFO - Sync 1 DAGs
[2024-03-08T00:34:02.858+0530] {logging_mixin.py:188} INFO - [2024-03-08T00:34:02.858+0530] {dag.py:3834} INFO - Setting next_dagrun for example_nested_branch_dag to 2024-03-06 00:00:00+00:00, run_after=2024-03-07 00:00:00+00:00
[2024-03-08T00:34:02.865+0530] {processor.py:183} INFO - Processing /Users/anikbhowmick/Python/Big_Data_Assignment/A02/airflow_env/lib/python3.11/site-packages/airflow/example_dags/example_nested_branch_dag.py took 0.076 seconds
[2024-03-08T00:35:57.688+0530] {processor.py:161} INFO - Started process (PID=3731) to work on /Users/anikbhowmick/Python/Big_Data_Assignment/A02/airflow_env/lib/python3.11/site-packages/airflow/example_dags/example_nested_branch_dag.py
[2024-03-08T00:35:57.688+0530] {processor.py:830} INFO - Processing file /Users/anikbhowmick/Python/Big_Data_Assignment/A02/airflow_env/lib/python3.11/site-packages/airflow/example_dags/example_nested_branch_dag.py for tasks to queue
[2024-03-08T00:35:57.689+0530] {logging_mixin.py:188} INFO - [2024-03-08T00:35:57.689+0530] {dagbag.py:540} INFO - Filling up the DagBag from /Users/anikbhowmick/Python/Big_Data_Assignment/A02/airflow_env/lib/python3.11/site-packages/airflow/example_dags/example_nested_branch_dag.py
[2024-03-08T00:35:57.726+0530] {processor.py:840} INFO - DAG(s) 'example_nested_branch_dag' retrieved from /Users/anikbhowmick/Python/Big_Data_Assignment/A02/airflow_env/lib/python3.11/site-packages/airflow/example_dags/example_nested_branch_dag.py
[2024-03-08T00:35:57.756+0530] {logging_mixin.py:188} INFO - [2024-03-08T00:35:57.756+0530] {dag.py:3047} INFO - Sync 1 DAGs
[2024-03-08T00:35:57.762+0530] {logging_mixin.py:188} INFO - [2024-03-08T00:35:57.762+0530] {dag.py:3834} INFO - Setting next_dagrun for example_nested_branch_dag to 2024-03-06 00:00:00+00:00, run_after=2024-03-07 00:00:00+00:00
[2024-03-08T00:35:57.768+0530] {processor.py:183} INFO - Processing /Users/anikbhowmick/Python/Big_Data_Assignment/A02/airflow_env/lib/python3.11/site-packages/airflow/example_dags/example_nested_branch_dag.py took 0.081 seconds
[2024-03-08T00:37:51.755+0530] {processor.py:161} INFO - Started process (PID=3822) to work on /Users/anikbhowmick/Python/Big_Data_Assignment/A02/airflow_env/lib/python3.11/site-packages/airflow/example_dags/example_nested_branch_dag.py
[2024-03-08T00:37:51.756+0530] {processor.py:830} INFO - Processing file /Users/anikbhowmick/Python/Big_Data_Assignment/A02/airflow_env/lib/python3.11/site-packages/airflow/example_dags/example_nested_branch_dag.py for tasks to queue
[2024-03-08T00:37:51.756+0530] {logging_mixin.py:188} INFO - [2024-03-08T00:37:51.756+0530] {dagbag.py:540} INFO - Filling up the DagBag from /Users/anikbhowmick/Python/Big_Data_Assignment/A02/airflow_env/lib/python3.11/site-packages/airflow/example_dags/example_nested_branch_dag.py
[2024-03-08T00:37:51.790+0530] {processor.py:840} INFO - DAG(s) 'example_nested_branch_dag' retrieved from /Users/anikbhowmick/Python/Big_Data_Assignment/A02/airflow_env/lib/python3.11/site-packages/airflow/example_dags/example_nested_branch_dag.py
[2024-03-08T00:37:51.819+0530] {logging_mixin.py:188} INFO - [2024-03-08T00:37:51.819+0530] {dag.py:3047} INFO - Sync 1 DAGs
[2024-03-08T00:37:51.824+0530] {logging_mixin.py:188} INFO - [2024-03-08T00:37:51.824+0530] {dag.py:3834} INFO - Setting next_dagrun for example_nested_branch_dag to 2024-03-06 00:00:00+00:00, run_after=2024-03-07 00:00:00+00:00
[2024-03-08T00:37:51.831+0530] {processor.py:183} INFO - Processing /Users/anikbhowmick/Python/Big_Data_Assignment/A02/airflow_env/lib/python3.11/site-packages/airflow/example_dags/example_nested_branch_dag.py took 0.077 seconds
[2024-03-08T00:39:48.703+0530] {processor.py:161} INFO - Started process (PID=3895) to work on /Users/anikbhowmick/Python/Big_Data_Assignment/A02/airflow_env/lib/python3.11/site-packages/airflow/example_dags/example_nested_branch_dag.py
[2024-03-08T00:39:48.704+0530] {processor.py:830} INFO - Processing file /Users/anikbhowmick/Python/Big_Data_Assignment/A02/airflow_env/lib/python3.11/site-packages/airflow/example_dags/example_nested_branch_dag.py for tasks to queue
[2024-03-08T00:39:48.704+0530] {logging_mixin.py:188} INFO - [2024-03-08T00:39:48.704+0530] {dagbag.py:540} INFO - Filling up the DagBag from /Users/anikbhowmick/Python/Big_Data_Assignment/A02/airflow_env/lib/python3.11/site-packages/airflow/example_dags/example_nested_branch_dag.py
[2024-03-08T00:39:48.738+0530] {processor.py:840} INFO - DAG(s) 'example_nested_branch_dag' retrieved from /Users/anikbhowmick/Python/Big_Data_Assignment/A02/airflow_env/lib/python3.11/site-packages/airflow/example_dags/example_nested_branch_dag.py
[2024-03-08T00:39:48.767+0530] {logging_mixin.py:188} INFO - [2024-03-08T00:39:48.767+0530] {dag.py:3047} INFO - Sync 1 DAGs
[2024-03-08T00:39:48.772+0530] {logging_mixin.py:188} INFO - [2024-03-08T00:39:48.772+0530] {dag.py:3834} INFO - Setting next_dagrun for example_nested_branch_dag to 2024-03-06 00:00:00+00:00, run_after=2024-03-07 00:00:00+00:00
[2024-03-08T00:39:48.779+0530] {processor.py:183} INFO - Processing /Users/anikbhowmick/Python/Big_Data_Assignment/A02/airflow_env/lib/python3.11/site-packages/airflow/example_dags/example_nested_branch_dag.py took 0.076 seconds
