[2024-03-08T00:13:15.760+0530] {processor.py:161} INFO - Started process (PID=2060) to work on /Users/anikbhowmick/Python/Big_Data_Assignment/A02/airflow_env/lib/python3.11/site-packages/airflow/example_dags/example_sensor_decorator.py
[2024-03-08T00:13:15.760+0530] {processor.py:830} INFO - Processing file /Users/anikbhowmick/Python/Big_Data_Assignment/A02/airflow_env/lib/python3.11/site-packages/airflow/example_dags/example_sensor_decorator.py for tasks to queue
[2024-03-08T00:13:15.760+0530] {logging_mixin.py:188} INFO - [2024-03-08T00:13:15.760+0530] {dagbag.py:540} INFO - Filling up the DagBag from /Users/anikbhowmick/Python/Big_Data_Assignment/A02/airflow_env/lib/python3.11/site-packages/airflow/example_dags/example_sensor_decorator.py
[2024-03-08T00:13:15.794+0530] {processor.py:840} INFO - DAG(s) 'example_sensor_decorator' retrieved from /Users/anikbhowmick/Python/Big_Data_Assignment/A02/airflow_env/lib/python3.11/site-packages/airflow/example_dags/example_sensor_decorator.py
[2024-03-08T00:13:15.825+0530] {logging_mixin.py:188} INFO - [2024-03-08T00:13:15.824+0530] {dag.py:3047} INFO - Sync 1 DAGs
[2024-03-08T00:13:15.827+0530] {logging_mixin.py:188} INFO - [2024-03-08T00:13:15.827+0530] {dag.py:3834} INFO - Setting next_dagrun for example_sensor_decorator to None, run_after=None
[2024-03-08T00:13:15.833+0530] {processor.py:183} INFO - Processing /Users/anikbhowmick/Python/Big_Data_Assignment/A02/airflow_env/lib/python3.11/site-packages/airflow/example_dags/example_sensor_decorator.py took 0.074 seconds
[2024-03-08T00:14:06.191+0530] {processor.py:161} INFO - Started process (PID=2122) to work on /Users/anikbhowmick/Python/Big_Data_Assignment/A02/airflow_env/lib/python3.11/site-packages/airflow/example_dags/example_sensor_decorator.py
[2024-03-08T00:14:06.192+0530] {processor.py:830} INFO - Processing file /Users/anikbhowmick/Python/Big_Data_Assignment/A02/airflow_env/lib/python3.11/site-packages/airflow/example_dags/example_sensor_decorator.py for tasks to queue
[2024-03-08T00:14:06.192+0530] {logging_mixin.py:188} INFO - [2024-03-08T00:14:06.192+0530] {dagbag.py:540} INFO - Filling up the DagBag from /Users/anikbhowmick/Python/Big_Data_Assignment/A02/airflow_env/lib/python3.11/site-packages/airflow/example_dags/example_sensor_decorator.py
[2024-03-08T00:14:06.226+0530] {processor.py:840} INFO - DAG(s) 'example_sensor_decorator' retrieved from /Users/anikbhowmick/Python/Big_Data_Assignment/A02/airflow_env/lib/python3.11/site-packages/airflow/example_dags/example_sensor_decorator.py
[2024-03-08T00:14:06.259+0530] {logging_mixin.py:188} INFO - [2024-03-08T00:14:06.258+0530] {dag.py:3047} INFO - Sync 1 DAGs
[2024-03-08T00:14:06.261+0530] {logging_mixin.py:188} INFO - [2024-03-08T00:14:06.261+0530] {dag.py:3834} INFO - Setting next_dagrun for example_sensor_decorator to None, run_after=None
[2024-03-08T00:14:06.267+0530] {processor.py:183} INFO - Processing /Users/anikbhowmick/Python/Big_Data_Assignment/A02/airflow_env/lib/python3.11/site-packages/airflow/example_dags/example_sensor_decorator.py took 0.077 seconds
[2024-03-08T00:14:55.875+0530] {processor.py:161} INFO - Started process (PID=2173) to work on /Users/anikbhowmick/Python/Big_Data_Assignment/A02/airflow_env/lib/python3.11/site-packages/airflow/example_dags/example_sensor_decorator.py
[2024-03-08T00:14:55.876+0530] {processor.py:830} INFO - Processing file /Users/anikbhowmick/Python/Big_Data_Assignment/A02/airflow_env/lib/python3.11/site-packages/airflow/example_dags/example_sensor_decorator.py for tasks to queue
[2024-03-08T00:14:55.877+0530] {logging_mixin.py:188} INFO - [2024-03-08T00:14:55.877+0530] {dagbag.py:540} INFO - Filling up the DagBag from /Users/anikbhowmick/Python/Big_Data_Assignment/A02/airflow_env/lib/python3.11/site-packages/airflow/example_dags/example_sensor_decorator.py
[2024-03-08T00:14:55.910+0530] {processor.py:840} INFO - DAG(s) 'example_sensor_decorator' retrieved from /Users/anikbhowmick/Python/Big_Data_Assignment/A02/airflow_env/lib/python3.11/site-packages/airflow/example_dags/example_sensor_decorator.py
[2024-03-08T00:14:55.942+0530] {logging_mixin.py:188} INFO - [2024-03-08T00:14:55.942+0530] {dag.py:3047} INFO - Sync 1 DAGs
[2024-03-08T00:14:55.945+0530] {logging_mixin.py:188} INFO - [2024-03-08T00:14:55.945+0530] {dag.py:3834} INFO - Setting next_dagrun for example_sensor_decorator to None, run_after=None
[2024-03-08T00:14:55.950+0530] {processor.py:183} INFO - Processing /Users/anikbhowmick/Python/Big_Data_Assignment/A02/airflow_env/lib/python3.11/site-packages/airflow/example_dags/example_sensor_decorator.py took 0.076 seconds
[2024-03-08T00:15:54.503+0530] {processor.py:161} INFO - Started process (PID=2237) to work on /Users/anikbhowmick/Python/Big_Data_Assignment/A02/airflow_env/lib/python3.11/site-packages/airflow/example_dags/example_sensor_decorator.py
[2024-03-08T00:15:54.504+0530] {processor.py:830} INFO - Processing file /Users/anikbhowmick/Python/Big_Data_Assignment/A02/airflow_env/lib/python3.11/site-packages/airflow/example_dags/example_sensor_decorator.py for tasks to queue
[2024-03-08T00:15:54.504+0530] {logging_mixin.py:188} INFO - [2024-03-08T00:15:54.504+0530] {dagbag.py:540} INFO - Filling up the DagBag from /Users/anikbhowmick/Python/Big_Data_Assignment/A02/airflow_env/lib/python3.11/site-packages/airflow/example_dags/example_sensor_decorator.py
[2024-03-08T00:15:54.537+0530] {processor.py:840} INFO - DAG(s) 'example_sensor_decorator' retrieved from /Users/anikbhowmick/Python/Big_Data_Assignment/A02/airflow_env/lib/python3.11/site-packages/airflow/example_dags/example_sensor_decorator.py
[2024-03-08T00:15:54.568+0530] {logging_mixin.py:188} INFO - [2024-03-08T00:15:54.568+0530] {dag.py:3047} INFO - Sync 1 DAGs
[2024-03-08T00:15:54.571+0530] {logging_mixin.py:188} INFO - [2024-03-08T00:15:54.571+0530] {dag.py:3834} INFO - Setting next_dagrun for example_sensor_decorator to None, run_after=None
[2024-03-08T00:15:54.577+0530] {processor.py:183} INFO - Processing /Users/anikbhowmick/Python/Big_Data_Assignment/A02/airflow_env/lib/python3.11/site-packages/airflow/example_dags/example_sensor_decorator.py took 0.074 seconds
[2024-03-08T00:16:54.383+0530] {processor.py:161} INFO - Started process (PID=2298) to work on /Users/anikbhowmick/Python/Big_Data_Assignment/A02/airflow_env/lib/python3.11/site-packages/airflow/example_dags/example_sensor_decorator.py
[2024-03-08T00:16:54.383+0530] {processor.py:830} INFO - Processing file /Users/anikbhowmick/Python/Big_Data_Assignment/A02/airflow_env/lib/python3.11/site-packages/airflow/example_dags/example_sensor_decorator.py for tasks to queue
[2024-03-08T00:16:54.384+0530] {logging_mixin.py:188} INFO - [2024-03-08T00:16:54.384+0530] {dagbag.py:540} INFO - Filling up the DagBag from /Users/anikbhowmick/Python/Big_Data_Assignment/A02/airflow_env/lib/python3.11/site-packages/airflow/example_dags/example_sensor_decorator.py
[2024-03-08T00:16:54.416+0530] {processor.py:840} INFO - DAG(s) 'example_sensor_decorator' retrieved from /Users/anikbhowmick/Python/Big_Data_Assignment/A02/airflow_env/lib/python3.11/site-packages/airflow/example_dags/example_sensor_decorator.py
[2024-03-08T00:16:54.447+0530] {logging_mixin.py:188} INFO - [2024-03-08T00:16:54.447+0530] {dag.py:3047} INFO - Sync 1 DAGs
[2024-03-08T00:16:54.450+0530] {logging_mixin.py:188} INFO - [2024-03-08T00:16:54.450+0530] {dag.py:3834} INFO - Setting next_dagrun for example_sensor_decorator to None, run_after=None
[2024-03-08T00:16:54.457+0530] {processor.py:183} INFO - Processing /Users/anikbhowmick/Python/Big_Data_Assignment/A02/airflow_env/lib/python3.11/site-packages/airflow/example_dags/example_sensor_decorator.py took 0.074 seconds
[2024-03-08T00:17:54.062+0530] {processor.py:161} INFO - Started process (PID=2410) to work on /Users/anikbhowmick/Python/Big_Data_Assignment/A02/airflow_env/lib/python3.11/site-packages/airflow/example_dags/example_sensor_decorator.py
[2024-03-08T00:17:54.062+0530] {processor.py:830} INFO - Processing file /Users/anikbhowmick/Python/Big_Data_Assignment/A02/airflow_env/lib/python3.11/site-packages/airflow/example_dags/example_sensor_decorator.py for tasks to queue
[2024-03-08T00:17:54.062+0530] {logging_mixin.py:188} INFO - [2024-03-08T00:17:54.062+0530] {dagbag.py:540} INFO - Filling up the DagBag from /Users/anikbhowmick/Python/Big_Data_Assignment/A02/airflow_env/lib/python3.11/site-packages/airflow/example_dags/example_sensor_decorator.py
[2024-03-08T00:17:54.098+0530] {processor.py:840} INFO - DAG(s) 'example_sensor_decorator' retrieved from /Users/anikbhowmick/Python/Big_Data_Assignment/A02/airflow_env/lib/python3.11/site-packages/airflow/example_dags/example_sensor_decorator.py
[2024-03-08T00:17:54.129+0530] {logging_mixin.py:188} INFO - [2024-03-08T00:17:54.129+0530] {dag.py:3047} INFO - Sync 1 DAGs
[2024-03-08T00:17:54.132+0530] {logging_mixin.py:188} INFO - [2024-03-08T00:17:54.132+0530] {dag.py:3834} INFO - Setting next_dagrun for example_sensor_decorator to None, run_after=None
[2024-03-08T00:17:54.138+0530] {processor.py:183} INFO - Processing /Users/anikbhowmick/Python/Big_Data_Assignment/A02/airflow_env/lib/python3.11/site-packages/airflow/example_dags/example_sensor_decorator.py took 0.077 seconds
[2024-03-08T00:19:10.585+0530] {processor.py:161} INFO - Started process (PID=2511) to work on /Users/anikbhowmick/Python/Big_Data_Assignment/A02/airflow_env/lib/python3.11/site-packages/airflow/example_dags/example_sensor_decorator.py
[2024-03-08T00:19:10.586+0530] {processor.py:830} INFO - Processing file /Users/anikbhowmick/Python/Big_Data_Assignment/A02/airflow_env/lib/python3.11/site-packages/airflow/example_dags/example_sensor_decorator.py for tasks to queue
[2024-03-08T00:19:10.586+0530] {logging_mixin.py:188} INFO - [2024-03-08T00:19:10.586+0530] {dagbag.py:540} INFO - Filling up the DagBag from /Users/anikbhowmick/Python/Big_Data_Assignment/A02/airflow_env/lib/python3.11/site-packages/airflow/example_dags/example_sensor_decorator.py
[2024-03-08T00:19:10.619+0530] {processor.py:840} INFO - DAG(s) 'example_sensor_decorator' retrieved from /Users/anikbhowmick/Python/Big_Data_Assignment/A02/airflow_env/lib/python3.11/site-packages/airflow/example_dags/example_sensor_decorator.py
[2024-03-08T00:19:10.650+0530] {logging_mixin.py:188} INFO - [2024-03-08T00:19:10.650+0530] {dag.py:3047} INFO - Sync 1 DAGs
[2024-03-08T00:19:10.653+0530] {logging_mixin.py:188} INFO - [2024-03-08T00:19:10.653+0530] {dag.py:3834} INFO - Setting next_dagrun for example_sensor_decorator to None, run_after=None
[2024-03-08T00:19:10.659+0530] {processor.py:183} INFO - Processing /Users/anikbhowmick/Python/Big_Data_Assignment/A02/airflow_env/lib/python3.11/site-packages/airflow/example_dags/example_sensor_decorator.py took 0.074 seconds
[2024-03-08T00:23:39.093+0530] {processor.py:161} INFO - Started process (PID=2817) to work on /Users/anikbhowmick/Python/Big_Data_Assignment/A02/airflow_env/lib/python3.11/site-packages/airflow/example_dags/example_sensor_decorator.py
[2024-03-08T00:23:39.094+0530] {processor.py:830} INFO - Processing file /Users/anikbhowmick/Python/Big_Data_Assignment/A02/airflow_env/lib/python3.11/site-packages/airflow/example_dags/example_sensor_decorator.py for tasks to queue
[2024-03-08T00:23:39.094+0530] {logging_mixin.py:188} INFO - [2024-03-08T00:23:39.094+0530] {dagbag.py:540} INFO - Filling up the DagBag from /Users/anikbhowmick/Python/Big_Data_Assignment/A02/airflow_env/lib/python3.11/site-packages/airflow/example_dags/example_sensor_decorator.py
[2024-03-08T00:23:39.128+0530] {processor.py:840} INFO - DAG(s) 'example_sensor_decorator' retrieved from /Users/anikbhowmick/Python/Big_Data_Assignment/A02/airflow_env/lib/python3.11/site-packages/airflow/example_dags/example_sensor_decorator.py
[2024-03-08T00:23:39.160+0530] {logging_mixin.py:188} INFO - [2024-03-08T00:23:39.160+0530] {dag.py:3047} INFO - Sync 1 DAGs
[2024-03-08T00:23:39.163+0530] {logging_mixin.py:188} INFO - [2024-03-08T00:23:39.163+0530] {dag.py:3834} INFO - Setting next_dagrun for example_sensor_decorator to None, run_after=None
[2024-03-08T00:23:39.169+0530] {processor.py:183} INFO - Processing /Users/anikbhowmick/Python/Big_Data_Assignment/A02/airflow_env/lib/python3.11/site-packages/airflow/example_dags/example_sensor_decorator.py took 0.077 seconds
[2024-03-08T00:24:30.423+0530] {processor.py:161} INFO - Started process (PID=2893) to work on /Users/anikbhowmick/Python/Big_Data_Assignment/A02/airflow_env/lib/python3.11/site-packages/airflow/example_dags/example_sensor_decorator.py
[2024-03-08T00:24:30.426+0530] {processor.py:830} INFO - Processing file /Users/anikbhowmick/Python/Big_Data_Assignment/A02/airflow_env/lib/python3.11/site-packages/airflow/example_dags/example_sensor_decorator.py for tasks to queue
[2024-03-08T00:24:30.426+0530] {logging_mixin.py:188} INFO - [2024-03-08T00:24:30.426+0530] {dagbag.py:540} INFO - Filling up the DagBag from /Users/anikbhowmick/Python/Big_Data_Assignment/A02/airflow_env/lib/python3.11/site-packages/airflow/example_dags/example_sensor_decorator.py
[2024-03-08T00:24:30.459+0530] {processor.py:840} INFO - DAG(s) 'example_sensor_decorator' retrieved from /Users/anikbhowmick/Python/Big_Data_Assignment/A02/airflow_env/lib/python3.11/site-packages/airflow/example_dags/example_sensor_decorator.py
[2024-03-08T00:24:30.491+0530] {logging_mixin.py:188} INFO - [2024-03-08T00:24:30.490+0530] {dag.py:3047} INFO - Sync 1 DAGs
[2024-03-08T00:24:30.493+0530] {logging_mixin.py:188} INFO - [2024-03-08T00:24:30.493+0530] {dag.py:3834} INFO - Setting next_dagrun for example_sensor_decorator to None, run_after=None
[2024-03-08T00:24:30.499+0530] {processor.py:183} INFO - Processing /Users/anikbhowmick/Python/Big_Data_Assignment/A02/airflow_env/lib/python3.11/site-packages/airflow/example_dags/example_sensor_decorator.py took 0.077 seconds
[2024-03-08T00:26:11.495+0530] {processor.py:161} INFO - Started process (PID=3068) to work on /Users/anikbhowmick/Python/Big_Data_Assignment/A02/airflow_env/lib/python3.11/site-packages/airflow/example_dags/example_sensor_decorator.py
[2024-03-08T00:26:11.496+0530] {processor.py:830} INFO - Processing file /Users/anikbhowmick/Python/Big_Data_Assignment/A02/airflow_env/lib/python3.11/site-packages/airflow/example_dags/example_sensor_decorator.py for tasks to queue
[2024-03-08T00:26:11.496+0530] {logging_mixin.py:188} INFO - [2024-03-08T00:26:11.496+0530] {dagbag.py:540} INFO - Filling up the DagBag from /Users/anikbhowmick/Python/Big_Data_Assignment/A02/airflow_env/lib/python3.11/site-packages/airflow/example_dags/example_sensor_decorator.py
[2024-03-08T00:26:11.530+0530] {processor.py:840} INFO - DAG(s) 'example_sensor_decorator' retrieved from /Users/anikbhowmick/Python/Big_Data_Assignment/A02/airflow_env/lib/python3.11/site-packages/airflow/example_dags/example_sensor_decorator.py
[2024-03-08T00:26:11.561+0530] {logging_mixin.py:188} INFO - [2024-03-08T00:26:11.561+0530] {dag.py:3047} INFO - Sync 1 DAGs
[2024-03-08T00:26:11.564+0530] {logging_mixin.py:188} INFO - [2024-03-08T00:26:11.564+0530] {dag.py:3834} INFO - Setting next_dagrun for example_sensor_decorator to None, run_after=None
[2024-03-08T00:26:11.570+0530] {processor.py:183} INFO - Processing /Users/anikbhowmick/Python/Big_Data_Assignment/A02/airflow_env/lib/python3.11/site-packages/airflow/example_dags/example_sensor_decorator.py took 0.075 seconds
[2024-03-08T00:27:59.628+0530] {processor.py:161} INFO - Started process (PID=3275) to work on /Users/anikbhowmick/Python/Big_Data_Assignment/A02/airflow_env/lib/python3.11/site-packages/airflow/example_dags/example_sensor_decorator.py
[2024-03-08T00:27:59.629+0530] {processor.py:830} INFO - Processing file /Users/anikbhowmick/Python/Big_Data_Assignment/A02/airflow_env/lib/python3.11/site-packages/airflow/example_dags/example_sensor_decorator.py for tasks to queue
[2024-03-08T00:27:59.630+0530] {logging_mixin.py:188} INFO - [2024-03-08T00:27:59.629+0530] {dagbag.py:540} INFO - Filling up the DagBag from /Users/anikbhowmick/Python/Big_Data_Assignment/A02/airflow_env/lib/python3.11/site-packages/airflow/example_dags/example_sensor_decorator.py
[2024-03-08T00:27:59.665+0530] {processor.py:840} INFO - DAG(s) 'example_sensor_decorator' retrieved from /Users/anikbhowmick/Python/Big_Data_Assignment/A02/airflow_env/lib/python3.11/site-packages/airflow/example_dags/example_sensor_decorator.py
[2024-03-08T00:27:59.697+0530] {logging_mixin.py:188} INFO - [2024-03-08T00:27:59.697+0530] {dag.py:3047} INFO - Sync 1 DAGs
[2024-03-08T00:27:59.700+0530] {logging_mixin.py:188} INFO - [2024-03-08T00:27:59.700+0530] {dag.py:3834} INFO - Setting next_dagrun for example_sensor_decorator to None, run_after=None
[2024-03-08T00:27:59.707+0530] {processor.py:183} INFO - Processing /Users/anikbhowmick/Python/Big_Data_Assignment/A02/airflow_env/lib/python3.11/site-packages/airflow/example_dags/example_sensor_decorator.py took 0.079 seconds
[2024-03-08T00:29:51.821+0530] {processor.py:161} INFO - Started process (PID=3369) to work on /Users/anikbhowmick/Python/Big_Data_Assignment/A02/airflow_env/lib/python3.11/site-packages/airflow/example_dags/example_sensor_decorator.py
[2024-03-08T00:29:51.823+0530] {processor.py:830} INFO - Processing file /Users/anikbhowmick/Python/Big_Data_Assignment/A02/airflow_env/lib/python3.11/site-packages/airflow/example_dags/example_sensor_decorator.py for tasks to queue
[2024-03-08T00:29:51.824+0530] {logging_mixin.py:188} INFO - [2024-03-08T00:29:51.824+0530] {dagbag.py:540} INFO - Filling up the DagBag from /Users/anikbhowmick/Python/Big_Data_Assignment/A02/airflow_env/lib/python3.11/site-packages/airflow/example_dags/example_sensor_decorator.py
[2024-03-08T00:29:51.868+0530] {processor.py:840} INFO - DAG(s) 'example_sensor_decorator' retrieved from /Users/anikbhowmick/Python/Big_Data_Assignment/A02/airflow_env/lib/python3.11/site-packages/airflow/example_dags/example_sensor_decorator.py
[2024-03-08T00:29:51.905+0530] {logging_mixin.py:188} INFO - [2024-03-08T00:29:51.905+0530] {dag.py:3047} INFO - Sync 1 DAGs
[2024-03-08T00:29:51.910+0530] {logging_mixin.py:188} INFO - [2024-03-08T00:29:51.909+0530] {dag.py:3834} INFO - Setting next_dagrun for example_sensor_decorator to None, run_after=None
[2024-03-08T00:29:51.918+0530] {processor.py:183} INFO - Processing /Users/anikbhowmick/Python/Big_Data_Assignment/A02/airflow_env/lib/python3.11/site-packages/airflow/example_dags/example_sensor_decorator.py took 0.097 seconds
[2024-03-08T00:31:54.412+0530] {processor.py:161} INFO - Started process (PID=3501) to work on /Users/anikbhowmick/Python/Big_Data_Assignment/A02/airflow_env/lib/python3.11/site-packages/airflow/example_dags/example_sensor_decorator.py
[2024-03-08T00:31:54.413+0530] {processor.py:830} INFO - Processing file /Users/anikbhowmick/Python/Big_Data_Assignment/A02/airflow_env/lib/python3.11/site-packages/airflow/example_dags/example_sensor_decorator.py for tasks to queue
[2024-03-08T00:31:54.413+0530] {logging_mixin.py:188} INFO - [2024-03-08T00:31:54.413+0530] {dagbag.py:540} INFO - Filling up the DagBag from /Users/anikbhowmick/Python/Big_Data_Assignment/A02/airflow_env/lib/python3.11/site-packages/airflow/example_dags/example_sensor_decorator.py
[2024-03-08T00:31:54.447+0530] {processor.py:840} INFO - DAG(s) 'example_sensor_decorator' retrieved from /Users/anikbhowmick/Python/Big_Data_Assignment/A02/airflow_env/lib/python3.11/site-packages/airflow/example_dags/example_sensor_decorator.py
[2024-03-08T00:31:54.478+0530] {logging_mixin.py:188} INFO - [2024-03-08T00:31:54.478+0530] {dag.py:3047} INFO - Sync 1 DAGs
[2024-03-08T00:31:54.481+0530] {logging_mixin.py:188} INFO - [2024-03-08T00:31:54.481+0530] {dag.py:3834} INFO - Setting next_dagrun for example_sensor_decorator to None, run_after=None
[2024-03-08T00:31:54.486+0530] {processor.py:183} INFO - Processing /Users/anikbhowmick/Python/Big_Data_Assignment/A02/airflow_env/lib/python3.11/site-packages/airflow/example_dags/example_sensor_decorator.py took 0.075 seconds
[2024-03-08T00:33:52.318+0530] {processor.py:161} INFO - Started process (PID=3646) to work on /Users/anikbhowmick/Python/Big_Data_Assignment/A02/airflow_env/lib/python3.11/site-packages/airflow/example_dags/example_sensor_decorator.py
[2024-03-08T00:33:52.320+0530] {processor.py:830} INFO - Processing file /Users/anikbhowmick/Python/Big_Data_Assignment/A02/airflow_env/lib/python3.11/site-packages/airflow/example_dags/example_sensor_decorator.py for tasks to queue
[2024-03-08T00:33:52.320+0530] {logging_mixin.py:188} INFO - [2024-03-08T00:33:52.320+0530] {dagbag.py:540} INFO - Filling up the DagBag from /Users/anikbhowmick/Python/Big_Data_Assignment/A02/airflow_env/lib/python3.11/site-packages/airflow/example_dags/example_sensor_decorator.py
[2024-03-08T00:33:52.352+0530] {processor.py:840} INFO - DAG(s) 'example_sensor_decorator' retrieved from /Users/anikbhowmick/Python/Big_Data_Assignment/A02/airflow_env/lib/python3.11/site-packages/airflow/example_dags/example_sensor_decorator.py
[2024-03-08T00:33:52.384+0530] {logging_mixin.py:188} INFO - [2024-03-08T00:33:52.383+0530] {dag.py:3047} INFO - Sync 1 DAGs
[2024-03-08T00:33:52.386+0530] {logging_mixin.py:188} INFO - [2024-03-08T00:33:52.386+0530] {dag.py:3834} INFO - Setting next_dagrun for example_sensor_decorator to None, run_after=None
[2024-03-08T00:33:52.392+0530] {processor.py:183} INFO - Processing /Users/anikbhowmick/Python/Big_Data_Assignment/A02/airflow_env/lib/python3.11/site-packages/airflow/example_dags/example_sensor_decorator.py took 0.074 seconds
[2024-03-08T00:35:48.280+0530] {processor.py:161} INFO - Started process (PID=3723) to work on /Users/anikbhowmick/Python/Big_Data_Assignment/A02/airflow_env/lib/python3.11/site-packages/airflow/example_dags/example_sensor_decorator.py
[2024-03-08T00:35:48.281+0530] {processor.py:830} INFO - Processing file /Users/anikbhowmick/Python/Big_Data_Assignment/A02/airflow_env/lib/python3.11/site-packages/airflow/example_dags/example_sensor_decorator.py for tasks to queue
[2024-03-08T00:35:48.281+0530] {logging_mixin.py:188} INFO - [2024-03-08T00:35:48.281+0530] {dagbag.py:540} INFO - Filling up the DagBag from /Users/anikbhowmick/Python/Big_Data_Assignment/A02/airflow_env/lib/python3.11/site-packages/airflow/example_dags/example_sensor_decorator.py
[2024-03-08T00:35:48.314+0530] {processor.py:840} INFO - DAG(s) 'example_sensor_decorator' retrieved from /Users/anikbhowmick/Python/Big_Data_Assignment/A02/airflow_env/lib/python3.11/site-packages/airflow/example_dags/example_sensor_decorator.py
[2024-03-08T00:35:48.347+0530] {logging_mixin.py:188} INFO - [2024-03-08T00:35:48.347+0530] {dag.py:3047} INFO - Sync 1 DAGs
[2024-03-08T00:35:48.350+0530] {logging_mixin.py:188} INFO - [2024-03-08T00:35:48.350+0530] {dag.py:3834} INFO - Setting next_dagrun for example_sensor_decorator to None, run_after=None
[2024-03-08T00:35:48.356+0530] {processor.py:183} INFO - Processing /Users/anikbhowmick/Python/Big_Data_Assignment/A02/airflow_env/lib/python3.11/site-packages/airflow/example_dags/example_sensor_decorator.py took 0.076 seconds
[2024-03-08T00:37:40.850+0530] {processor.py:161} INFO - Started process (PID=3816) to work on /Users/anikbhowmick/Python/Big_Data_Assignment/A02/airflow_env/lib/python3.11/site-packages/airflow/example_dags/example_sensor_decorator.py
[2024-03-08T00:37:40.852+0530] {processor.py:830} INFO - Processing file /Users/anikbhowmick/Python/Big_Data_Assignment/A02/airflow_env/lib/python3.11/site-packages/airflow/example_dags/example_sensor_decorator.py for tasks to queue
[2024-03-08T00:37:40.853+0530] {logging_mixin.py:188} INFO - [2024-03-08T00:37:40.853+0530] {dagbag.py:540} INFO - Filling up the DagBag from /Users/anikbhowmick/Python/Big_Data_Assignment/A02/airflow_env/lib/python3.11/site-packages/airflow/example_dags/example_sensor_decorator.py
[2024-03-08T00:37:40.951+0530] {processor.py:840} INFO - DAG(s) 'example_sensor_decorator' retrieved from /Users/anikbhowmick/Python/Big_Data_Assignment/A02/airflow_env/lib/python3.11/site-packages/airflow/example_dags/example_sensor_decorator.py
[2024-03-08T00:37:40.992+0530] {logging_mixin.py:188} INFO - [2024-03-08T00:37:40.992+0530] {dag.py:3047} INFO - Sync 1 DAGs
[2024-03-08T00:37:40.995+0530] {logging_mixin.py:188} INFO - [2024-03-08T00:37:40.995+0530] {dag.py:3834} INFO - Setting next_dagrun for example_sensor_decorator to None, run_after=None
[2024-03-08T00:37:41.003+0530] {processor.py:183} INFO - Processing /Users/anikbhowmick/Python/Big_Data_Assignment/A02/airflow_env/lib/python3.11/site-packages/airflow/example_dags/example_sensor_decorator.py took 0.153 seconds
[2024-03-08T00:39:38.520+0530] {processor.py:161} INFO - Started process (PID=3889) to work on /Users/anikbhowmick/Python/Big_Data_Assignment/A02/airflow_env/lib/python3.11/site-packages/airflow/example_dags/example_sensor_decorator.py
[2024-03-08T00:39:38.521+0530] {processor.py:830} INFO - Processing file /Users/anikbhowmick/Python/Big_Data_Assignment/A02/airflow_env/lib/python3.11/site-packages/airflow/example_dags/example_sensor_decorator.py for tasks to queue
[2024-03-08T00:39:38.522+0530] {logging_mixin.py:188} INFO - [2024-03-08T00:39:38.522+0530] {dagbag.py:540} INFO - Filling up the DagBag from /Users/anikbhowmick/Python/Big_Data_Assignment/A02/airflow_env/lib/python3.11/site-packages/airflow/example_dags/example_sensor_decorator.py
[2024-03-08T00:39:38.564+0530] {processor.py:840} INFO - DAG(s) 'example_sensor_decorator' retrieved from /Users/anikbhowmick/Python/Big_Data_Assignment/A02/airflow_env/lib/python3.11/site-packages/airflow/example_dags/example_sensor_decorator.py
[2024-03-08T00:39:38.596+0530] {logging_mixin.py:188} INFO - [2024-03-08T00:39:38.596+0530] {dag.py:3047} INFO - Sync 1 DAGs
[2024-03-08T00:39:38.599+0530] {logging_mixin.py:188} INFO - [2024-03-08T00:39:38.599+0530] {dag.py:3834} INFO - Setting next_dagrun for example_sensor_decorator to None, run_after=None
[2024-03-08T00:39:38.605+0530] {processor.py:183} INFO - Processing /Users/anikbhowmick/Python/Big_Data_Assignment/A02/airflow_env/lib/python3.11/site-packages/airflow/example_dags/example_sensor_decorator.py took 0.085 seconds
