[2024-03-08T00:13:37.763+0530] {processor.py:161} INFO - Started process (PID=2092) to work on /Users/anikbhowmick/Python/Big_Data_Assignment/A02/airflow_env/lib/python3.11/site-packages/airflow/example_dags/example_bash_operator.py
[2024-03-08T00:13:37.763+0530] {processor.py:830} INFO - Processing file /Users/anikbhowmick/Python/Big_Data_Assignment/A02/airflow_env/lib/python3.11/site-packages/airflow/example_dags/example_bash_operator.py for tasks to queue
[2024-03-08T00:13:37.764+0530] {logging_mixin.py:188} INFO - [2024-03-08T00:13:37.764+0530] {dagbag.py:540} INFO - Filling up the DagBag from /Users/anikbhowmick/Python/Big_Data_Assignment/A02/airflow_env/lib/python3.11/site-packages/airflow/example_dags/example_bash_operator.py
[2024-03-08T00:13:37.793+0530] {processor.py:840} INFO - DAG(s) 'example_bash_operator' retrieved from /Users/anikbhowmick/Python/Big_Data_Assignment/A02/airflow_env/lib/python3.11/site-packages/airflow/example_dags/example_bash_operator.py
[2024-03-08T00:13:37.824+0530] {logging_mixin.py:188} INFO - [2024-03-08T00:13:37.824+0530] {dag.py:3047} INFO - Sync 1 DAGs
[2024-03-08T00:13:37.830+0530] {logging_mixin.py:188} INFO - [2024-03-08T00:13:37.829+0530] {dag.py:3834} INFO - Setting next_dagrun for example_bash_operator to 2024-03-06 00:00:00+00:00, run_after=2024-03-07 00:00:00+00:00
[2024-03-08T00:13:37.836+0530] {processor.py:183} INFO - Processing /Users/anikbhowmick/Python/Big_Data_Assignment/A02/airflow_env/lib/python3.11/site-packages/airflow/example_dags/example_bash_operator.py took 0.073 seconds
[2024-03-08T00:14:37.598+0530] {processor.py:161} INFO - Started process (PID=2154) to work on /Users/anikbhowmick/Python/Big_Data_Assignment/A02/airflow_env/lib/python3.11/site-packages/airflow/example_dags/example_bash_operator.py
[2024-03-08T00:14:37.599+0530] {processor.py:830} INFO - Processing file /Users/anikbhowmick/Python/Big_Data_Assignment/A02/airflow_env/lib/python3.11/site-packages/airflow/example_dags/example_bash_operator.py for tasks to queue
[2024-03-08T00:14:37.600+0530] {logging_mixin.py:188} INFO - [2024-03-08T00:14:37.599+0530] {dagbag.py:540} INFO - Filling up the DagBag from /Users/anikbhowmick/Python/Big_Data_Assignment/A02/airflow_env/lib/python3.11/site-packages/airflow/example_dags/example_bash_operator.py
[2024-03-08T00:14:37.625+0530] {processor.py:840} INFO - DAG(s) 'example_bash_operator' retrieved from /Users/anikbhowmick/Python/Big_Data_Assignment/A02/airflow_env/lib/python3.11/site-packages/airflow/example_dags/example_bash_operator.py
[2024-03-08T00:14:37.655+0530] {logging_mixin.py:188} INFO - [2024-03-08T00:14:37.655+0530] {dag.py:3047} INFO - Sync 1 DAGs
[2024-03-08T00:14:37.661+0530] {logging_mixin.py:188} INFO - [2024-03-08T00:14:37.661+0530] {dag.py:3834} INFO - Setting next_dagrun for example_bash_operator to 2024-03-06 00:00:00+00:00, run_after=2024-03-07 00:00:00+00:00
[2024-03-08T00:14:37.667+0530] {processor.py:183} INFO - Processing /Users/anikbhowmick/Python/Big_Data_Assignment/A02/airflow_env/lib/python3.11/site-packages/airflow/example_dags/example_bash_operator.py took 0.069 seconds
[2024-03-08T00:15:36.012+0530] {processor.py:161} INFO - Started process (PID=2217) to work on /Users/anikbhowmick/Python/Big_Data_Assignment/A02/airflow_env/lib/python3.11/site-packages/airflow/example_dags/example_bash_operator.py
[2024-03-08T00:15:36.013+0530] {processor.py:830} INFO - Processing file /Users/anikbhowmick/Python/Big_Data_Assignment/A02/airflow_env/lib/python3.11/site-packages/airflow/example_dags/example_bash_operator.py for tasks to queue
[2024-03-08T00:15:36.013+0530] {logging_mixin.py:188} INFO - [2024-03-08T00:15:36.013+0530] {dagbag.py:540} INFO - Filling up the DagBag from /Users/anikbhowmick/Python/Big_Data_Assignment/A02/airflow_env/lib/python3.11/site-packages/airflow/example_dags/example_bash_operator.py
[2024-03-08T00:15:36.040+0530] {processor.py:840} INFO - DAG(s) 'example_bash_operator' retrieved from /Users/anikbhowmick/Python/Big_Data_Assignment/A02/airflow_env/lib/python3.11/site-packages/airflow/example_dags/example_bash_operator.py
[2024-03-08T00:15:36.071+0530] {logging_mixin.py:188} INFO - [2024-03-08T00:15:36.071+0530] {dag.py:3047} INFO - Sync 1 DAGs
[2024-03-08T00:15:36.077+0530] {logging_mixin.py:188} INFO - [2024-03-08T00:15:36.077+0530] {dag.py:3834} INFO - Setting next_dagrun for example_bash_operator to 2024-03-06 00:00:00+00:00, run_after=2024-03-07 00:00:00+00:00
[2024-03-08T00:15:36.083+0530] {processor.py:183} INFO - Processing /Users/anikbhowmick/Python/Big_Data_Assignment/A02/airflow_env/lib/python3.11/site-packages/airflow/example_dags/example_bash_operator.py took 0.072 seconds
[2024-03-08T00:16:34.395+0530] {processor.py:161} INFO - Started process (PID=2278) to work on /Users/anikbhowmick/Python/Big_Data_Assignment/A02/airflow_env/lib/python3.11/site-packages/airflow/example_dags/example_bash_operator.py
[2024-03-08T00:16:34.396+0530] {processor.py:830} INFO - Processing file /Users/anikbhowmick/Python/Big_Data_Assignment/A02/airflow_env/lib/python3.11/site-packages/airflow/example_dags/example_bash_operator.py for tasks to queue
[2024-03-08T00:16:34.397+0530] {logging_mixin.py:188} INFO - [2024-03-08T00:16:34.396+0530] {dagbag.py:540} INFO - Filling up the DagBag from /Users/anikbhowmick/Python/Big_Data_Assignment/A02/airflow_env/lib/python3.11/site-packages/airflow/example_dags/example_bash_operator.py
[2024-03-08T00:16:34.423+0530] {processor.py:840} INFO - DAG(s) 'example_bash_operator' retrieved from /Users/anikbhowmick/Python/Big_Data_Assignment/A02/airflow_env/lib/python3.11/site-packages/airflow/example_dags/example_bash_operator.py
[2024-03-08T00:16:34.454+0530] {logging_mixin.py:188} INFO - [2024-03-08T00:16:34.454+0530] {dag.py:3047} INFO - Sync 1 DAGs
[2024-03-08T00:16:34.460+0530] {logging_mixin.py:188} INFO - [2024-03-08T00:16:34.460+0530] {dag.py:3834} INFO - Setting next_dagrun for example_bash_operator to 2024-03-06 00:00:00+00:00, run_after=2024-03-07 00:00:00+00:00
[2024-03-08T00:16:34.466+0530] {processor.py:183} INFO - Processing /Users/anikbhowmick/Python/Big_Data_Assignment/A02/airflow_env/lib/python3.11/site-packages/airflow/example_dags/example_bash_operator.py took 0.071 seconds
[2024-03-08T00:17:35.943+0530] {processor.py:161} INFO - Started process (PID=2383) to work on /Users/anikbhowmick/Python/Big_Data_Assignment/A02/airflow_env/lib/python3.11/site-packages/airflow/example_dags/example_bash_operator.py
[2024-03-08T00:17:35.944+0530] {processor.py:830} INFO - Processing file /Users/anikbhowmick/Python/Big_Data_Assignment/A02/airflow_env/lib/python3.11/site-packages/airflow/example_dags/example_bash_operator.py for tasks to queue
[2024-03-08T00:17:35.944+0530] {logging_mixin.py:188} INFO - [2024-03-08T00:17:35.944+0530] {dagbag.py:540} INFO - Filling up the DagBag from /Users/anikbhowmick/Python/Big_Data_Assignment/A02/airflow_env/lib/python3.11/site-packages/airflow/example_dags/example_bash_operator.py
[2024-03-08T00:17:35.972+0530] {processor.py:840} INFO - DAG(s) 'example_bash_operator' retrieved from /Users/anikbhowmick/Python/Big_Data_Assignment/A02/airflow_env/lib/python3.11/site-packages/airflow/example_dags/example_bash_operator.py
[2024-03-08T00:17:36.004+0530] {logging_mixin.py:188} INFO - [2024-03-08T00:17:36.004+0530] {dag.py:3047} INFO - Sync 1 DAGs
[2024-03-08T00:17:36.010+0530] {logging_mixin.py:188} INFO - [2024-03-08T00:17:36.009+0530] {dag.py:3834} INFO - Setting next_dagrun for example_bash_operator to 2024-03-06 00:00:00+00:00, run_after=2024-03-07 00:00:00+00:00
[2024-03-08T00:17:36.015+0530] {processor.py:183} INFO - Processing /Users/anikbhowmick/Python/Big_Data_Assignment/A02/airflow_env/lib/python3.11/site-packages/airflow/example_dags/example_bash_operator.py took 0.073 seconds
[2024-03-08T00:20:12.641+0530] {processor.py:161} INFO - Started process (PID=2629) to work on /Users/anikbhowmick/Python/Big_Data_Assignment/A02/airflow_env/lib/python3.11/site-packages/airflow/example_dags/example_bash_operator.py
[2024-03-08T00:20:12.642+0530] {processor.py:830} INFO - Processing file /Users/anikbhowmick/Python/Big_Data_Assignment/A02/airflow_env/lib/python3.11/site-packages/airflow/example_dags/example_bash_operator.py for tasks to queue
[2024-03-08T00:20:12.642+0530] {logging_mixin.py:188} INFO - [2024-03-08T00:20:12.642+0530] {dagbag.py:540} INFO - Filling up the DagBag from /Users/anikbhowmick/Python/Big_Data_Assignment/A02/airflow_env/lib/python3.11/site-packages/airflow/example_dags/example_bash_operator.py
[2024-03-08T00:20:12.668+0530] {processor.py:840} INFO - DAG(s) 'example_bash_operator' retrieved from /Users/anikbhowmick/Python/Big_Data_Assignment/A02/airflow_env/lib/python3.11/site-packages/airflow/example_dags/example_bash_operator.py
[2024-03-08T00:20:12.699+0530] {logging_mixin.py:188} INFO - [2024-03-08T00:20:12.699+0530] {dag.py:3047} INFO - Sync 1 DAGs
[2024-03-08T00:20:12.705+0530] {logging_mixin.py:188} INFO - [2024-03-08T00:20:12.705+0530] {dag.py:3834} INFO - Setting next_dagrun for example_bash_operator to 2024-03-06 00:00:00+00:00, run_after=2024-03-07 00:00:00+00:00
[2024-03-08T00:20:12.711+0530] {processor.py:183} INFO - Processing /Users/anikbhowmick/Python/Big_Data_Assignment/A02/airflow_env/lib/python3.11/site-packages/airflow/example_dags/example_bash_operator.py took 0.070 seconds
[2024-03-08T00:24:01.217+0530] {processor.py:161} INFO - Started process (PID=2851) to work on /Users/anikbhowmick/Python/Big_Data_Assignment/A02/airflow_env/lib/python3.11/site-packages/airflow/example_dags/example_bash_operator.py
[2024-03-08T00:24:01.218+0530] {processor.py:830} INFO - Processing file /Users/anikbhowmick/Python/Big_Data_Assignment/A02/airflow_env/lib/python3.11/site-packages/airflow/example_dags/example_bash_operator.py for tasks to queue
[2024-03-08T00:24:01.219+0530] {logging_mixin.py:188} INFO - [2024-03-08T00:24:01.219+0530] {dagbag.py:540} INFO - Filling up the DagBag from /Users/anikbhowmick/Python/Big_Data_Assignment/A02/airflow_env/lib/python3.11/site-packages/airflow/example_dags/example_bash_operator.py
[2024-03-08T00:24:01.244+0530] {processor.py:840} INFO - DAG(s) 'example_bash_operator' retrieved from /Users/anikbhowmick/Python/Big_Data_Assignment/A02/airflow_env/lib/python3.11/site-packages/airflow/example_dags/example_bash_operator.py
[2024-03-08T00:24:01.275+0530] {logging_mixin.py:188} INFO - [2024-03-08T00:24:01.275+0530] {dag.py:3047} INFO - Sync 1 DAGs
[2024-03-08T00:24:01.281+0530] {logging_mixin.py:188} INFO - [2024-03-08T00:24:01.280+0530] {dag.py:3834} INFO - Setting next_dagrun for example_bash_operator to 2024-03-06 00:00:00+00:00, run_after=2024-03-07 00:00:00+00:00
[2024-03-08T00:24:01.286+0530] {processor.py:183} INFO - Processing /Users/anikbhowmick/Python/Big_Data_Assignment/A02/airflow_env/lib/python3.11/site-packages/airflow/example_dags/example_bash_operator.py took 0.069 seconds
[2024-03-08T00:26:53.963+0530] {processor.py:161} INFO - Started process (PID=3112) to work on /Users/anikbhowmick/Python/Big_Data_Assignment/A02/airflow_env/lib/python3.11/site-packages/airflow/example_dags/example_bash_operator.py
[2024-03-08T00:26:53.964+0530] {processor.py:830} INFO - Processing file /Users/anikbhowmick/Python/Big_Data_Assignment/A02/airflow_env/lib/python3.11/site-packages/airflow/example_dags/example_bash_operator.py for tasks to queue
[2024-03-08T00:26:53.964+0530] {logging_mixin.py:188} INFO - [2024-03-08T00:26:53.964+0530] {dagbag.py:540} INFO - Filling up the DagBag from /Users/anikbhowmick/Python/Big_Data_Assignment/A02/airflow_env/lib/python3.11/site-packages/airflow/example_dags/example_bash_operator.py
[2024-03-08T00:26:53.990+0530] {processor.py:840} INFO - DAG(s) 'example_bash_operator' retrieved from /Users/anikbhowmick/Python/Big_Data_Assignment/A02/airflow_env/lib/python3.11/site-packages/airflow/example_dags/example_bash_operator.py
[2024-03-08T00:26:54.023+0530] {logging_mixin.py:188} INFO - [2024-03-08T00:26:54.022+0530] {dag.py:3047} INFO - Sync 1 DAGs
[2024-03-08T00:26:54.029+0530] {logging_mixin.py:188} INFO - [2024-03-08T00:26:54.029+0530] {dag.py:3834} INFO - Setting next_dagrun for example_bash_operator to 2024-03-06 00:00:00+00:00, run_after=2024-03-07 00:00:00+00:00
[2024-03-08T00:26:54.035+0530] {processor.py:183} INFO - Processing /Users/anikbhowmick/Python/Big_Data_Assignment/A02/airflow_env/lib/python3.11/site-packages/airflow/example_dags/example_bash_operator.py took 0.073 seconds
[2024-03-08T00:29:07.512+0530] {processor.py:161} INFO - Started process (PID=3339) to work on /Users/anikbhowmick/Python/Big_Data_Assignment/A02/airflow_env/lib/python3.11/site-packages/airflow/example_dags/example_bash_operator.py
[2024-03-08T00:29:07.513+0530] {processor.py:830} INFO - Processing file /Users/anikbhowmick/Python/Big_Data_Assignment/A02/airflow_env/lib/python3.11/site-packages/airflow/example_dags/example_bash_operator.py for tasks to queue
[2024-03-08T00:29:07.513+0530] {logging_mixin.py:188} INFO - [2024-03-08T00:29:07.513+0530] {dagbag.py:540} INFO - Filling up the DagBag from /Users/anikbhowmick/Python/Big_Data_Assignment/A02/airflow_env/lib/python3.11/site-packages/airflow/example_dags/example_bash_operator.py
[2024-03-08T00:29:07.539+0530] {processor.py:840} INFO - DAG(s) 'example_bash_operator' retrieved from /Users/anikbhowmick/Python/Big_Data_Assignment/A02/airflow_env/lib/python3.11/site-packages/airflow/example_dags/example_bash_operator.py
[2024-03-08T00:29:07.570+0530] {logging_mixin.py:188} INFO - [2024-03-08T00:29:07.570+0530] {dag.py:3047} INFO - Sync 1 DAGs
[2024-03-08T00:29:07.576+0530] {logging_mixin.py:188} INFO - [2024-03-08T00:29:07.576+0530] {dag.py:3834} INFO - Setting next_dagrun for example_bash_operator to 2024-03-06 00:00:00+00:00, run_after=2024-03-07 00:00:00+00:00
[2024-03-08T00:29:07.582+0530] {processor.py:183} INFO - Processing /Users/anikbhowmick/Python/Big_Data_Assignment/A02/airflow_env/lib/python3.11/site-packages/airflow/example_dags/example_bash_operator.py took 0.070 seconds
[2024-03-08T00:31:05.812+0530] {processor.py:161} INFO - Started process (PID=3461) to work on /Users/anikbhowmick/Python/Big_Data_Assignment/A02/airflow_env/lib/python3.11/site-packages/airflow/example_dags/example_bash_operator.py
[2024-03-08T00:31:05.813+0530] {processor.py:830} INFO - Processing file /Users/anikbhowmick/Python/Big_Data_Assignment/A02/airflow_env/lib/python3.11/site-packages/airflow/example_dags/example_bash_operator.py for tasks to queue
[2024-03-08T00:31:05.813+0530] {logging_mixin.py:188} INFO - [2024-03-08T00:31:05.813+0530] {dagbag.py:540} INFO - Filling up the DagBag from /Users/anikbhowmick/Python/Big_Data_Assignment/A02/airflow_env/lib/python3.11/site-packages/airflow/example_dags/example_bash_operator.py
[2024-03-08T00:31:05.843+0530] {processor.py:840} INFO - DAG(s) 'example_bash_operator' retrieved from /Users/anikbhowmick/Python/Big_Data_Assignment/A02/airflow_env/lib/python3.11/site-packages/airflow/example_dags/example_bash_operator.py
[2024-03-08T00:31:05.876+0530] {logging_mixin.py:188} INFO - [2024-03-08T00:31:05.876+0530] {dag.py:3047} INFO - Sync 1 DAGs
[2024-03-08T00:31:05.882+0530] {logging_mixin.py:188} INFO - [2024-03-08T00:31:05.882+0530] {dag.py:3834} INFO - Setting next_dagrun for example_bash_operator to 2024-03-06 00:00:00+00:00, run_after=2024-03-07 00:00:00+00:00
[2024-03-08T00:31:05.888+0530] {processor.py:183} INFO - Processing /Users/anikbhowmick/Python/Big_Data_Assignment/A02/airflow_env/lib/python3.11/site-packages/airflow/example_dags/example_bash_operator.py took 0.077 seconds
[2024-03-08T00:33:05.909+0530] {processor.py:161} INFO - Started process (PID=3569) to work on /Users/anikbhowmick/Python/Big_Data_Assignment/A02/airflow_env/lib/python3.11/site-packages/airflow/example_dags/example_bash_operator.py
[2024-03-08T00:33:05.909+0530] {processor.py:830} INFO - Processing file /Users/anikbhowmick/Python/Big_Data_Assignment/A02/airflow_env/lib/python3.11/site-packages/airflow/example_dags/example_bash_operator.py for tasks to queue
[2024-03-08T00:33:05.910+0530] {logging_mixin.py:188} INFO - [2024-03-08T00:33:05.910+0530] {dagbag.py:540} INFO - Filling up the DagBag from /Users/anikbhowmick/Python/Big_Data_Assignment/A02/airflow_env/lib/python3.11/site-packages/airflow/example_dags/example_bash_operator.py
[2024-03-08T00:33:05.935+0530] {processor.py:840} INFO - DAG(s) 'example_bash_operator' retrieved from /Users/anikbhowmick/Python/Big_Data_Assignment/A02/airflow_env/lib/python3.11/site-packages/airflow/example_dags/example_bash_operator.py
[2024-03-08T00:33:05.966+0530] {logging_mixin.py:188} INFO - [2024-03-08T00:33:05.966+0530] {dag.py:3047} INFO - Sync 1 DAGs
[2024-03-08T00:33:05.972+0530] {logging_mixin.py:188} INFO - [2024-03-08T00:33:05.972+0530] {dag.py:3834} INFO - Setting next_dagrun for example_bash_operator to 2024-03-06 00:00:00+00:00, run_after=2024-03-07 00:00:00+00:00
[2024-03-08T00:33:05.978+0530] {processor.py:183} INFO - Processing /Users/anikbhowmick/Python/Big_Data_Assignment/A02/airflow_env/lib/python3.11/site-packages/airflow/example_dags/example_bash_operator.py took 0.070 seconds
[2024-03-08T00:35:02.938+0530] {processor.py:161} INFO - Started process (PID=3692) to work on /Users/anikbhowmick/Python/Big_Data_Assignment/A02/airflow_env/lib/python3.11/site-packages/airflow/example_dags/example_bash_operator.py
[2024-03-08T00:35:02.938+0530] {processor.py:830} INFO - Processing file /Users/anikbhowmick/Python/Big_Data_Assignment/A02/airflow_env/lib/python3.11/site-packages/airflow/example_dags/example_bash_operator.py for tasks to queue
[2024-03-08T00:35:02.939+0530] {logging_mixin.py:188} INFO - [2024-03-08T00:35:02.939+0530] {dagbag.py:540} INFO - Filling up the DagBag from /Users/anikbhowmick/Python/Big_Data_Assignment/A02/airflow_env/lib/python3.11/site-packages/airflow/example_dags/example_bash_operator.py
[2024-03-08T00:35:02.965+0530] {processor.py:840} INFO - DAG(s) 'example_bash_operator' retrieved from /Users/anikbhowmick/Python/Big_Data_Assignment/A02/airflow_env/lib/python3.11/site-packages/airflow/example_dags/example_bash_operator.py
[2024-03-08T00:35:02.996+0530] {logging_mixin.py:188} INFO - [2024-03-08T00:35:02.996+0530] {dag.py:3047} INFO - Sync 1 DAGs
[2024-03-08T00:35:03.002+0530] {logging_mixin.py:188} INFO - [2024-03-08T00:35:03.002+0530] {dag.py:3834} INFO - Setting next_dagrun for example_bash_operator to 2024-03-06 00:00:00+00:00, run_after=2024-03-07 00:00:00+00:00
[2024-03-08T00:35:03.008+0530] {processor.py:183} INFO - Processing /Users/anikbhowmick/Python/Big_Data_Assignment/A02/airflow_env/lib/python3.11/site-packages/airflow/example_dags/example_bash_operator.py took 0.071 seconds
[2024-03-08T00:36:57.142+0530] {processor.py:161} INFO - Started process (PID=3790) to work on /Users/anikbhowmick/Python/Big_Data_Assignment/A02/airflow_env/lib/python3.11/site-packages/airflow/example_dags/example_bash_operator.py
[2024-03-08T00:36:57.143+0530] {processor.py:830} INFO - Processing file /Users/anikbhowmick/Python/Big_Data_Assignment/A02/airflow_env/lib/python3.11/site-packages/airflow/example_dags/example_bash_operator.py for tasks to queue
[2024-03-08T00:36:57.144+0530] {logging_mixin.py:188} INFO - [2024-03-08T00:36:57.144+0530] {dagbag.py:540} INFO - Filling up the DagBag from /Users/anikbhowmick/Python/Big_Data_Assignment/A02/airflow_env/lib/python3.11/site-packages/airflow/example_dags/example_bash_operator.py
[2024-03-08T00:36:57.177+0530] {processor.py:840} INFO - DAG(s) 'example_bash_operator' retrieved from /Users/anikbhowmick/Python/Big_Data_Assignment/A02/airflow_env/lib/python3.11/site-packages/airflow/example_dags/example_bash_operator.py
[2024-03-08T00:36:57.213+0530] {logging_mixin.py:188} INFO - [2024-03-08T00:36:57.212+0530] {dag.py:3047} INFO - Sync 1 DAGs
[2024-03-08T00:36:57.219+0530] {logging_mixin.py:188} INFO - [2024-03-08T00:36:57.219+0530] {dag.py:3834} INFO - Setting next_dagrun for example_bash_operator to 2024-03-06 00:00:00+00:00, run_after=2024-03-07 00:00:00+00:00
[2024-03-08T00:36:57.226+0530] {processor.py:183} INFO - Processing /Users/anikbhowmick/Python/Big_Data_Assignment/A02/airflow_env/lib/python3.11/site-packages/airflow/example_dags/example_bash_operator.py took 0.084 seconds
[2024-03-08T00:38:50.368+0530] {processor.py:161} INFO - Started process (PID=3862) to work on /Users/anikbhowmick/Python/Big_Data_Assignment/A02/airflow_env/lib/python3.11/site-packages/airflow/example_dags/example_bash_operator.py
[2024-03-08T00:38:50.369+0530] {processor.py:830} INFO - Processing file /Users/anikbhowmick/Python/Big_Data_Assignment/A02/airflow_env/lib/python3.11/site-packages/airflow/example_dags/example_bash_operator.py for tasks to queue
[2024-03-08T00:38:50.369+0530] {logging_mixin.py:188} INFO - [2024-03-08T00:38:50.369+0530] {dagbag.py:540} INFO - Filling up the DagBag from /Users/anikbhowmick/Python/Big_Data_Assignment/A02/airflow_env/lib/python3.11/site-packages/airflow/example_dags/example_bash_operator.py
[2024-03-08T00:38:50.396+0530] {processor.py:840} INFO - DAG(s) 'example_bash_operator' retrieved from /Users/anikbhowmick/Python/Big_Data_Assignment/A02/airflow_env/lib/python3.11/site-packages/airflow/example_dags/example_bash_operator.py
[2024-03-08T00:38:50.428+0530] {logging_mixin.py:188} INFO - [2024-03-08T00:38:50.428+0530] {dag.py:3047} INFO - Sync 1 DAGs
[2024-03-08T00:38:50.435+0530] {logging_mixin.py:188} INFO - [2024-03-08T00:38:50.435+0530] {dag.py:3834} INFO - Setting next_dagrun for example_bash_operator to 2024-03-06 00:00:00+00:00, run_after=2024-03-07 00:00:00+00:00
[2024-03-08T00:38:50.441+0530] {processor.py:183} INFO - Processing /Users/anikbhowmick/Python/Big_Data_Assignment/A02/airflow_env/lib/python3.11/site-packages/airflow/example_dags/example_bash_operator.py took 0.073 seconds
[2024-03-08T00:40:49.316+0530] {processor.py:161} INFO - Started process (PID=3945) to work on /Users/anikbhowmick/Python/Big_Data_Assignment/A02/airflow_env/lib/python3.11/site-packages/airflow/example_dags/example_bash_operator.py
[2024-03-08T00:40:49.316+0530] {processor.py:830} INFO - Processing file /Users/anikbhowmick/Python/Big_Data_Assignment/A02/airflow_env/lib/python3.11/site-packages/airflow/example_dags/example_bash_operator.py for tasks to queue
[2024-03-08T00:40:49.317+0530] {logging_mixin.py:188} INFO - [2024-03-08T00:40:49.317+0530] {dagbag.py:540} INFO - Filling up the DagBag from /Users/anikbhowmick/Python/Big_Data_Assignment/A02/airflow_env/lib/python3.11/site-packages/airflow/example_dags/example_bash_operator.py
[2024-03-08T00:40:49.344+0530] {processor.py:840} INFO - DAG(s) 'example_bash_operator' retrieved from /Users/anikbhowmick/Python/Big_Data_Assignment/A02/airflow_env/lib/python3.11/site-packages/airflow/example_dags/example_bash_operator.py
[2024-03-08T00:40:49.378+0530] {logging_mixin.py:188} INFO - [2024-03-08T00:40:49.378+0530] {dag.py:3047} INFO - Sync 1 DAGs
[2024-03-08T00:40:49.384+0530] {logging_mixin.py:188} INFO - [2024-03-08T00:40:49.384+0530] {dag.py:3834} INFO - Setting next_dagrun for example_bash_operator to 2024-03-06 00:00:00+00:00, run_after=2024-03-07 00:00:00+00:00
[2024-03-08T00:40:49.392+0530] {processor.py:183} INFO - Processing /Users/anikbhowmick/Python/Big_Data_Assignment/A02/airflow_env/lib/python3.11/site-packages/airflow/example_dags/example_bash_operator.py took 0.076 seconds
