[2024-03-08T00:13:01.845+0530] {processor.py:161} INFO - Started process (PID=2042) to work on /Users/anikbhowmick/Python/Big_Data_Assignment/A02/airflow_env/lib/python3.11/site-packages/airflow/example_dags/example_xcom.py
[2024-03-08T00:13:01.845+0530] {processor.py:830} INFO - Processing file /Users/anikbhowmick/Python/Big_Data_Assignment/A02/airflow_env/lib/python3.11/site-packages/airflow/example_dags/example_xcom.py for tasks to queue
[2024-03-08T00:13:01.846+0530] {logging_mixin.py:188} INFO - [2024-03-08T00:13:01.846+0530] {dagbag.py:540} INFO - Filling up the DagBag from /Users/anikbhowmick/Python/Big_Data_Assignment/A02/airflow_env/lib/python3.11/site-packages/airflow/example_dags/example_xcom.py
[2024-03-08T00:13:01.884+0530] {processor.py:840} INFO - DAG(s) 'example_xcom' retrieved from /Users/anikbhowmick/Python/Big_Data_Assignment/A02/airflow_env/lib/python3.11/site-packages/airflow/example_dags/example_xcom.py
[2024-03-08T00:13:01.918+0530] {logging_mixin.py:188} INFO - [2024-03-08T00:13:01.918+0530] {dag.py:3047} INFO - Sync 1 DAGs
[2024-03-08T00:13:01.923+0530] {logging_mixin.py:188} INFO - [2024-03-08T00:13:01.923+0530] {dag.py:3834} INFO - Setting next_dagrun for example_xcom to 2021-01-01 00:00:00+00:00, run_after=2021-01-01 00:00:00+00:00
[2024-03-08T00:13:01.930+0530] {processor.py:183} INFO - Processing /Users/anikbhowmick/Python/Big_Data_Assignment/A02/airflow_env/lib/python3.11/site-packages/airflow/example_dags/example_xcom.py took 0.085 seconds
[2024-03-08T00:13:52.513+0530] {processor.py:161} INFO - Started process (PID=2107) to work on /Users/anikbhowmick/Python/Big_Data_Assignment/A02/airflow_env/lib/python3.11/site-packages/airflow/example_dags/example_xcom.py
[2024-03-08T00:13:52.514+0530] {processor.py:830} INFO - Processing file /Users/anikbhowmick/Python/Big_Data_Assignment/A02/airflow_env/lib/python3.11/site-packages/airflow/example_dags/example_xcom.py for tasks to queue
[2024-03-08T00:13:52.514+0530] {logging_mixin.py:188} INFO - [2024-03-08T00:13:52.514+0530] {dagbag.py:540} INFO - Filling up the DagBag from /Users/anikbhowmick/Python/Big_Data_Assignment/A02/airflow_env/lib/python3.11/site-packages/airflow/example_dags/example_xcom.py
[2024-03-08T00:13:52.548+0530] {processor.py:840} INFO - DAG(s) 'example_xcom' retrieved from /Users/anikbhowmick/Python/Big_Data_Assignment/A02/airflow_env/lib/python3.11/site-packages/airflow/example_dags/example_xcom.py
[2024-03-08T00:13:52.576+0530] {logging_mixin.py:188} INFO - [2024-03-08T00:13:52.576+0530] {dag.py:3047} INFO - Sync 1 DAGs
[2024-03-08T00:13:52.581+0530] {logging_mixin.py:188} INFO - [2024-03-08T00:13:52.581+0530] {dag.py:3834} INFO - Setting next_dagrun for example_xcom to 2021-01-01 00:00:00+00:00, run_after=2021-01-01 00:00:00+00:00
[2024-03-08T00:13:52.587+0530] {processor.py:183} INFO - Processing /Users/anikbhowmick/Python/Big_Data_Assignment/A02/airflow_env/lib/python3.11/site-packages/airflow/example_dags/example_xcom.py took 0.075 seconds
[2024-03-08T00:14:42.278+0530] {processor.py:161} INFO - Started process (PID=2159) to work on /Users/anikbhowmick/Python/Big_Data_Assignment/A02/airflow_env/lib/python3.11/site-packages/airflow/example_dags/example_xcom.py
[2024-03-08T00:14:42.278+0530] {processor.py:830} INFO - Processing file /Users/anikbhowmick/Python/Big_Data_Assignment/A02/airflow_env/lib/python3.11/site-packages/airflow/example_dags/example_xcom.py for tasks to queue
[2024-03-08T00:14:42.278+0530] {logging_mixin.py:188} INFO - [2024-03-08T00:14:42.278+0530] {dagbag.py:540} INFO - Filling up the DagBag from /Users/anikbhowmick/Python/Big_Data_Assignment/A02/airflow_env/lib/python3.11/site-packages/airflow/example_dags/example_xcom.py
[2024-03-08T00:14:42.311+0530] {processor.py:840} INFO - DAG(s) 'example_xcom' retrieved from /Users/anikbhowmick/Python/Big_Data_Assignment/A02/airflow_env/lib/python3.11/site-packages/airflow/example_dags/example_xcom.py
[2024-03-08T00:14:42.340+0530] {logging_mixin.py:188} INFO - [2024-03-08T00:14:42.340+0530] {dag.py:3047} INFO - Sync 1 DAGs
[2024-03-08T00:14:42.345+0530] {logging_mixin.py:188} INFO - [2024-03-08T00:14:42.345+0530] {dag.py:3834} INFO - Setting next_dagrun for example_xcom to 2021-01-01 00:00:00+00:00, run_after=2021-01-01 00:00:00+00:00
[2024-03-08T00:14:42.351+0530] {processor.py:183} INFO - Processing /Users/anikbhowmick/Python/Big_Data_Assignment/A02/airflow_env/lib/python3.11/site-packages/airflow/example_dags/example_xcom.py took 0.074 seconds
[2024-03-08T00:15:21.603+0530] {processor.py:161} INFO - Started process (PID=2202) to work on /Users/anikbhowmick/Python/Big_Data_Assignment/A02/airflow_env/lib/python3.11/site-packages/airflow/example_dags/example_xcom.py
[2024-03-08T00:15:21.604+0530] {processor.py:830} INFO - Processing file /Users/anikbhowmick/Python/Big_Data_Assignment/A02/airflow_env/lib/python3.11/site-packages/airflow/example_dags/example_xcom.py for tasks to queue
[2024-03-08T00:15:21.604+0530] {logging_mixin.py:188} INFO - [2024-03-08T00:15:21.604+0530] {dagbag.py:540} INFO - Filling up the DagBag from /Users/anikbhowmick/Python/Big_Data_Assignment/A02/airflow_env/lib/python3.11/site-packages/airflow/example_dags/example_xcom.py
[2024-03-08T00:15:21.641+0530] {processor.py:840} INFO - DAG(s) 'example_xcom' retrieved from /Users/anikbhowmick/Python/Big_Data_Assignment/A02/airflow_env/lib/python3.11/site-packages/airflow/example_dags/example_xcom.py
[2024-03-08T00:15:21.672+0530] {logging_mixin.py:188} INFO - [2024-03-08T00:15:21.671+0530] {dag.py:3047} INFO - Sync 1 DAGs
[2024-03-08T00:15:21.677+0530] {logging_mixin.py:188} INFO - [2024-03-08T00:15:21.677+0530] {dag.py:3834} INFO - Setting next_dagrun for example_xcom to 2021-01-01 00:00:00+00:00, run_after=2021-01-01 00:00:00+00:00
[2024-03-08T00:15:21.683+0530] {processor.py:183} INFO - Processing /Users/anikbhowmick/Python/Big_Data_Assignment/A02/airflow_env/lib/python3.11/site-packages/airflow/example_dags/example_xcom.py took 0.081 seconds
[2024-03-08T00:16:00.959+0530] {processor.py:161} INFO - Started process (PID=2244) to work on /Users/anikbhowmick/Python/Big_Data_Assignment/A02/airflow_env/lib/python3.11/site-packages/airflow/example_dags/example_xcom.py
[2024-03-08T00:16:00.959+0530] {processor.py:830} INFO - Processing file /Users/anikbhowmick/Python/Big_Data_Assignment/A02/airflow_env/lib/python3.11/site-packages/airflow/example_dags/example_xcom.py for tasks to queue
[2024-03-08T00:16:00.959+0530] {logging_mixin.py:188} INFO - [2024-03-08T00:16:00.959+0530] {dagbag.py:540} INFO - Filling up the DagBag from /Users/anikbhowmick/Python/Big_Data_Assignment/A02/airflow_env/lib/python3.11/site-packages/airflow/example_dags/example_xcom.py
[2024-03-08T00:16:00.998+0530] {processor.py:840} INFO - DAG(s) 'example_xcom' retrieved from /Users/anikbhowmick/Python/Big_Data_Assignment/A02/airflow_env/lib/python3.11/site-packages/airflow/example_dags/example_xcom.py
[2024-03-08T00:16:01.049+0530] {logging_mixin.py:188} INFO - [2024-03-08T00:16:01.049+0530] {dag.py:3047} INFO - Sync 1 DAGs
[2024-03-08T00:16:01.054+0530] {logging_mixin.py:188} INFO - [2024-03-08T00:16:01.054+0530] {dag.py:3834} INFO - Setting next_dagrun for example_xcom to 2021-01-01 00:00:00+00:00, run_after=2021-01-01 00:00:00+00:00
[2024-03-08T00:16:01.063+0530] {processor.py:183} INFO - Processing /Users/anikbhowmick/Python/Big_Data_Assignment/A02/airflow_env/lib/python3.11/site-packages/airflow/example_dags/example_xcom.py took 0.105 seconds
[2024-03-08T00:16:42.235+0530] {processor.py:161} INFO - Started process (PID=2285) to work on /Users/anikbhowmick/Python/Big_Data_Assignment/A02/airflow_env/lib/python3.11/site-packages/airflow/example_dags/example_xcom.py
[2024-03-08T00:16:42.236+0530] {processor.py:830} INFO - Processing file /Users/anikbhowmick/Python/Big_Data_Assignment/A02/airflow_env/lib/python3.11/site-packages/airflow/example_dags/example_xcom.py for tasks to queue
[2024-03-08T00:16:42.236+0530] {logging_mixin.py:188} INFO - [2024-03-08T00:16:42.236+0530] {dagbag.py:540} INFO - Filling up the DagBag from /Users/anikbhowmick/Python/Big_Data_Assignment/A02/airflow_env/lib/python3.11/site-packages/airflow/example_dags/example_xcom.py
[2024-03-08T00:16:42.271+0530] {processor.py:840} INFO - DAG(s) 'example_xcom' retrieved from /Users/anikbhowmick/Python/Big_Data_Assignment/A02/airflow_env/lib/python3.11/site-packages/airflow/example_dags/example_xcom.py
[2024-03-08T00:16:42.300+0530] {logging_mixin.py:188} INFO - [2024-03-08T00:16:42.300+0530] {dag.py:3047} INFO - Sync 1 DAGs
[2024-03-08T00:16:42.305+0530] {logging_mixin.py:188} INFO - [2024-03-08T00:16:42.305+0530] {dag.py:3834} INFO - Setting next_dagrun for example_xcom to 2021-01-01 00:00:00+00:00, run_after=2021-01-01 00:00:00+00:00
[2024-03-08T00:16:42.311+0530] {processor.py:183} INFO - Processing /Users/anikbhowmick/Python/Big_Data_Assignment/A02/airflow_env/lib/python3.11/site-packages/airflow/example_dags/example_xcom.py took 0.076 seconds
[2024-03-08T00:17:23.108+0530] {processor.py:161} INFO - Started process (PID=2353) to work on /Users/anikbhowmick/Python/Big_Data_Assignment/A02/airflow_env/lib/python3.11/site-packages/airflow/example_dags/example_xcom.py
[2024-03-08T00:17:23.109+0530] {processor.py:830} INFO - Processing file /Users/anikbhowmick/Python/Big_Data_Assignment/A02/airflow_env/lib/python3.11/site-packages/airflow/example_dags/example_xcom.py for tasks to queue
[2024-03-08T00:17:23.109+0530] {logging_mixin.py:188} INFO - [2024-03-08T00:17:23.109+0530] {dagbag.py:540} INFO - Filling up the DagBag from /Users/anikbhowmick/Python/Big_Data_Assignment/A02/airflow_env/lib/python3.11/site-packages/airflow/example_dags/example_xcom.py
[2024-03-08T00:17:23.147+0530] {processor.py:840} INFO - DAG(s) 'example_xcom' retrieved from /Users/anikbhowmick/Python/Big_Data_Assignment/A02/airflow_env/lib/python3.11/site-packages/airflow/example_dags/example_xcom.py
[2024-03-08T00:17:23.177+0530] {logging_mixin.py:188} INFO - [2024-03-08T00:17:23.177+0530] {dag.py:3047} INFO - Sync 1 DAGs
[2024-03-08T00:17:23.182+0530] {logging_mixin.py:188} INFO - [2024-03-08T00:17:23.182+0530] {dag.py:3834} INFO - Setting next_dagrun for example_xcom to 2021-01-01 00:00:00+00:00, run_after=2021-01-01 00:00:00+00:00
[2024-03-08T00:17:23.188+0530] {processor.py:183} INFO - Processing /Users/anikbhowmick/Python/Big_Data_Assignment/A02/airflow_env/lib/python3.11/site-packages/airflow/example_dags/example_xcom.py took 0.081 seconds
[2024-03-08T00:18:48.460+0530] {processor.py:161} INFO - Started process (PID=2493) to work on /Users/anikbhowmick/Python/Big_Data_Assignment/A02/airflow_env/lib/python3.11/site-packages/airflow/example_dags/example_xcom.py
[2024-03-08T00:18:48.460+0530] {processor.py:830} INFO - Processing file /Users/anikbhowmick/Python/Big_Data_Assignment/A02/airflow_env/lib/python3.11/site-packages/airflow/example_dags/example_xcom.py for tasks to queue
[2024-03-08T00:18:48.461+0530] {logging_mixin.py:188} INFO - [2024-03-08T00:18:48.461+0530] {dagbag.py:540} INFO - Filling up the DagBag from /Users/anikbhowmick/Python/Big_Data_Assignment/A02/airflow_env/lib/python3.11/site-packages/airflow/example_dags/example_xcom.py
[2024-03-08T00:18:48.495+0530] {processor.py:840} INFO - DAG(s) 'example_xcom' retrieved from /Users/anikbhowmick/Python/Big_Data_Assignment/A02/airflow_env/lib/python3.11/site-packages/airflow/example_dags/example_xcom.py
[2024-03-08T00:18:48.523+0530] {logging_mixin.py:188} INFO - [2024-03-08T00:18:48.523+0530] {dag.py:3047} INFO - Sync 1 DAGs
[2024-03-08T00:18:48.528+0530] {logging_mixin.py:188} INFO - [2024-03-08T00:18:48.528+0530] {dag.py:3834} INFO - Setting next_dagrun for example_xcom to 2021-01-01 00:00:00+00:00, run_after=2021-01-01 00:00:00+00:00
[2024-03-08T00:18:48.534+0530] {processor.py:183} INFO - Processing /Users/anikbhowmick/Python/Big_Data_Assignment/A02/airflow_env/lib/python3.11/site-packages/airflow/example_dags/example_xcom.py took 0.074 seconds
[2024-03-08T00:20:25.111+0530] {processor.py:161} INFO - Started process (PID=2655) to work on /Users/anikbhowmick/Python/Big_Data_Assignment/A02/airflow_env/lib/python3.11/site-packages/airflow/example_dags/example_xcom.py
[2024-03-08T00:20:25.111+0530] {processor.py:830} INFO - Processing file /Users/anikbhowmick/Python/Big_Data_Assignment/A02/airflow_env/lib/python3.11/site-packages/airflow/example_dags/example_xcom.py for tasks to queue
[2024-03-08T00:20:25.112+0530] {logging_mixin.py:188} INFO - [2024-03-08T00:20:25.112+0530] {dagbag.py:540} INFO - Filling up the DagBag from /Users/anikbhowmick/Python/Big_Data_Assignment/A02/airflow_env/lib/python3.11/site-packages/airflow/example_dags/example_xcom.py
[2024-03-08T00:20:25.149+0530] {processor.py:840} INFO - DAG(s) 'example_xcom' retrieved from /Users/anikbhowmick/Python/Big_Data_Assignment/A02/airflow_env/lib/python3.11/site-packages/airflow/example_dags/example_xcom.py
[2024-03-08T00:20:25.179+0530] {logging_mixin.py:188} INFO - [2024-03-08T00:20:25.179+0530] {dag.py:3047} INFO - Sync 1 DAGs
[2024-03-08T00:20:25.184+0530] {logging_mixin.py:188} INFO - [2024-03-08T00:20:25.184+0530] {dag.py:3834} INFO - Setting next_dagrun for example_xcom to 2021-01-01 00:00:00+00:00, run_after=2021-01-01 00:00:00+00:00
[2024-03-08T00:20:25.191+0530] {processor.py:183} INFO - Processing /Users/anikbhowmick/Python/Big_Data_Assignment/A02/airflow_env/lib/python3.11/site-packages/airflow/example_dags/example_xcom.py took 0.080 seconds
[2024-03-08T00:23:25.682+0530] {processor.py:161} INFO - Started process (PID=2797) to work on /Users/anikbhowmick/Python/Big_Data_Assignment/A02/airflow_env/lib/python3.11/site-packages/airflow/example_dags/example_xcom.py
[2024-03-08T00:23:25.683+0530] {processor.py:830} INFO - Processing file /Users/anikbhowmick/Python/Big_Data_Assignment/A02/airflow_env/lib/python3.11/site-packages/airflow/example_dags/example_xcom.py for tasks to queue
[2024-03-08T00:23:25.683+0530] {logging_mixin.py:188} INFO - [2024-03-08T00:23:25.683+0530] {dagbag.py:540} INFO - Filling up the DagBag from /Users/anikbhowmick/Python/Big_Data_Assignment/A02/airflow_env/lib/python3.11/site-packages/airflow/example_dags/example_xcom.py
[2024-03-08T00:23:25.716+0530] {processor.py:840} INFO - DAG(s) 'example_xcom' retrieved from /Users/anikbhowmick/Python/Big_Data_Assignment/A02/airflow_env/lib/python3.11/site-packages/airflow/example_dags/example_xcom.py
[2024-03-08T00:23:25.745+0530] {logging_mixin.py:188} INFO - [2024-03-08T00:23:25.744+0530] {dag.py:3047} INFO - Sync 1 DAGs
[2024-03-08T00:23:25.749+0530] {logging_mixin.py:188} INFO - [2024-03-08T00:23:25.749+0530] {dag.py:3834} INFO - Setting next_dagrun for example_xcom to 2021-01-01 00:00:00+00:00, run_after=2021-01-01 00:00:00+00:00
[2024-03-08T00:23:25.755+0530] {processor.py:183} INFO - Processing /Users/anikbhowmick/Python/Big_Data_Assignment/A02/airflow_env/lib/python3.11/site-packages/airflow/example_dags/example_xcom.py took 0.074 seconds
[2024-03-08T00:24:16.174+0530] {processor.py:161} INFO - Started process (PID=2875) to work on /Users/anikbhowmick/Python/Big_Data_Assignment/A02/airflow_env/lib/python3.11/site-packages/airflow/example_dags/example_xcom.py
[2024-03-08T00:24:16.175+0530] {processor.py:830} INFO - Processing file /Users/anikbhowmick/Python/Big_Data_Assignment/A02/airflow_env/lib/python3.11/site-packages/airflow/example_dags/example_xcom.py for tasks to queue
[2024-03-08T00:24:16.175+0530] {logging_mixin.py:188} INFO - [2024-03-08T00:24:16.175+0530] {dagbag.py:540} INFO - Filling up the DagBag from /Users/anikbhowmick/Python/Big_Data_Assignment/A02/airflow_env/lib/python3.11/site-packages/airflow/example_dags/example_xcom.py
[2024-03-08T00:24:16.211+0530] {processor.py:840} INFO - DAG(s) 'example_xcom' retrieved from /Users/anikbhowmick/Python/Big_Data_Assignment/A02/airflow_env/lib/python3.11/site-packages/airflow/example_dags/example_xcom.py
[2024-03-08T00:24:16.243+0530] {logging_mixin.py:188} INFO - [2024-03-08T00:24:16.242+0530] {dag.py:3047} INFO - Sync 1 DAGs
[2024-03-08T00:24:16.248+0530] {logging_mixin.py:188} INFO - [2024-03-08T00:24:16.248+0530] {dag.py:3834} INFO - Setting next_dagrun for example_xcom to 2021-01-01 00:00:00+00:00, run_after=2021-01-01 00:00:00+00:00
[2024-03-08T00:24:16.255+0530] {processor.py:183} INFO - Processing /Users/anikbhowmick/Python/Big_Data_Assignment/A02/airflow_env/lib/python3.11/site-packages/airflow/example_dags/example_xcom.py took 0.081 seconds
[2024-03-08T00:25:49.231+0530] {processor.py:161} INFO - Started process (PID=3041) to work on /Users/anikbhowmick/Python/Big_Data_Assignment/A02/airflow_env/lib/python3.11/site-packages/airflow/example_dags/example_xcom.py
[2024-03-08T00:25:49.231+0530] {processor.py:830} INFO - Processing file /Users/anikbhowmick/Python/Big_Data_Assignment/A02/airflow_env/lib/python3.11/site-packages/airflow/example_dags/example_xcom.py for tasks to queue
[2024-03-08T00:25:49.232+0530] {logging_mixin.py:188} INFO - [2024-03-08T00:25:49.232+0530] {dagbag.py:540} INFO - Filling up the DagBag from /Users/anikbhowmick/Python/Big_Data_Assignment/A02/airflow_env/lib/python3.11/site-packages/airflow/example_dags/example_xcom.py
[2024-03-08T00:25:49.265+0530] {processor.py:840} INFO - DAG(s) 'example_xcom' retrieved from /Users/anikbhowmick/Python/Big_Data_Assignment/A02/airflow_env/lib/python3.11/site-packages/airflow/example_dags/example_xcom.py
[2024-03-08T00:25:49.293+0530] {logging_mixin.py:188} INFO - [2024-03-08T00:25:49.293+0530] {dag.py:3047} INFO - Sync 1 DAGs
[2024-03-08T00:25:49.298+0530] {logging_mixin.py:188} INFO - [2024-03-08T00:25:49.298+0530] {dag.py:3834} INFO - Setting next_dagrun for example_xcom to 2021-01-01 00:00:00+00:00, run_after=2021-01-01 00:00:00+00:00
[2024-03-08T00:25:49.304+0530] {processor.py:183} INFO - Processing /Users/anikbhowmick/Python/Big_Data_Assignment/A02/airflow_env/lib/python3.11/site-packages/airflow/example_dags/example_xcom.py took 0.074 seconds
[2024-03-08T00:27:34.586+0530] {processor.py:161} INFO - Started process (PID=3245) to work on /Users/anikbhowmick/Python/Big_Data_Assignment/A02/airflow_env/lib/python3.11/site-packages/airflow/example_dags/example_xcom.py
[2024-03-08T00:27:34.586+0530] {processor.py:830} INFO - Processing file /Users/anikbhowmick/Python/Big_Data_Assignment/A02/airflow_env/lib/python3.11/site-packages/airflow/example_dags/example_xcom.py for tasks to queue
[2024-03-08T00:27:34.586+0530] {logging_mixin.py:188} INFO - [2024-03-08T00:27:34.586+0530] {dagbag.py:540} INFO - Filling up the DagBag from /Users/anikbhowmick/Python/Big_Data_Assignment/A02/airflow_env/lib/python3.11/site-packages/airflow/example_dags/example_xcom.py
[2024-03-08T00:27:34.624+0530] {processor.py:840} INFO - DAG(s) 'example_xcom' retrieved from /Users/anikbhowmick/Python/Big_Data_Assignment/A02/airflow_env/lib/python3.11/site-packages/airflow/example_dags/example_xcom.py
[2024-03-08T00:27:34.654+0530] {logging_mixin.py:188} INFO - [2024-03-08T00:27:34.654+0530] {dag.py:3047} INFO - Sync 1 DAGs
[2024-03-08T00:27:34.659+0530] {logging_mixin.py:188} INFO - [2024-03-08T00:27:34.659+0530] {dag.py:3834} INFO - Setting next_dagrun for example_xcom to 2021-01-01 00:00:00+00:00, run_after=2021-01-01 00:00:00+00:00
[2024-03-08T00:27:34.666+0530] {processor.py:183} INFO - Processing /Users/anikbhowmick/Python/Big_Data_Assignment/A02/airflow_env/lib/python3.11/site-packages/airflow/example_dags/example_xcom.py took 0.081 seconds
[2024-03-08T00:28:34.551+0530] {processor.py:161} INFO - Started process (PID=3310) to work on /Users/anikbhowmick/Python/Big_Data_Assignment/A02/airflow_env/lib/python3.11/site-packages/airflow/example_dags/example_xcom.py
[2024-03-08T00:28:34.551+0530] {processor.py:830} INFO - Processing file /Users/anikbhowmick/Python/Big_Data_Assignment/A02/airflow_env/lib/python3.11/site-packages/airflow/example_dags/example_xcom.py for tasks to queue
[2024-03-08T00:28:34.552+0530] {logging_mixin.py:188} INFO - [2024-03-08T00:28:34.551+0530] {dagbag.py:540} INFO - Filling up the DagBag from /Users/anikbhowmick/Python/Big_Data_Assignment/A02/airflow_env/lib/python3.11/site-packages/airflow/example_dags/example_xcom.py
[2024-03-08T00:28:34.590+0530] {processor.py:840} INFO - DAG(s) 'example_xcom' retrieved from /Users/anikbhowmick/Python/Big_Data_Assignment/A02/airflow_env/lib/python3.11/site-packages/airflow/example_dags/example_xcom.py
[2024-03-08T00:28:34.620+0530] {logging_mixin.py:188} INFO - [2024-03-08T00:28:34.620+0530] {dag.py:3047} INFO - Sync 1 DAGs
[2024-03-08T00:28:34.626+0530] {logging_mixin.py:188} INFO - [2024-03-08T00:28:34.626+0530] {dag.py:3834} INFO - Setting next_dagrun for example_xcom to 2021-01-01 00:00:00+00:00, run_after=2021-01-01 00:00:00+00:00
[2024-03-08T00:28:34.632+0530] {processor.py:183} INFO - Processing /Users/anikbhowmick/Python/Big_Data_Assignment/A02/airflow_env/lib/python3.11/site-packages/airflow/example_dags/example_xcom.py took 0.082 seconds
[2024-03-08T00:29:30.725+0530] {processor.py:161} INFO - Started process (PID=3356) to work on /Users/anikbhowmick/Python/Big_Data_Assignment/A02/airflow_env/lib/python3.11/site-packages/airflow/example_dags/example_xcom.py
[2024-03-08T00:29:30.726+0530] {processor.py:830} INFO - Processing file /Users/anikbhowmick/Python/Big_Data_Assignment/A02/airflow_env/lib/python3.11/site-packages/airflow/example_dags/example_xcom.py for tasks to queue
[2024-03-08T00:29:30.726+0530] {logging_mixin.py:188} INFO - [2024-03-08T00:29:30.726+0530] {dagbag.py:540} INFO - Filling up the DagBag from /Users/anikbhowmick/Python/Big_Data_Assignment/A02/airflow_env/lib/python3.11/site-packages/airflow/example_dags/example_xcom.py
[2024-03-08T00:29:30.759+0530] {processor.py:840} INFO - DAG(s) 'example_xcom' retrieved from /Users/anikbhowmick/Python/Big_Data_Assignment/A02/airflow_env/lib/python3.11/site-packages/airflow/example_dags/example_xcom.py
[2024-03-08T00:29:30.788+0530] {logging_mixin.py:188} INFO - [2024-03-08T00:29:30.788+0530] {dag.py:3047} INFO - Sync 1 DAGs
[2024-03-08T00:29:30.793+0530] {logging_mixin.py:188} INFO - [2024-03-08T00:29:30.793+0530] {dag.py:3834} INFO - Setting next_dagrun for example_xcom to 2021-01-01 00:00:00+00:00, run_after=2021-01-01 00:00:00+00:00
[2024-03-08T00:29:30.800+0530] {processor.py:183} INFO - Processing /Users/anikbhowmick/Python/Big_Data_Assignment/A02/airflow_env/lib/python3.11/site-packages/airflow/example_dags/example_xcom.py took 0.075 seconds
[2024-03-08T00:30:29.691+0530] {processor.py:161} INFO - Started process (PID=3402) to work on /Users/anikbhowmick/Python/Big_Data_Assignment/A02/airflow_env/lib/python3.11/site-packages/airflow/example_dags/example_xcom.py
[2024-03-08T00:30:29.692+0530] {processor.py:830} INFO - Processing file /Users/anikbhowmick/Python/Big_Data_Assignment/A02/airflow_env/lib/python3.11/site-packages/airflow/example_dags/example_xcom.py for tasks to queue
[2024-03-08T00:30:29.692+0530] {logging_mixin.py:188} INFO - [2024-03-08T00:30:29.692+0530] {dagbag.py:540} INFO - Filling up the DagBag from /Users/anikbhowmick/Python/Big_Data_Assignment/A02/airflow_env/lib/python3.11/site-packages/airflow/example_dags/example_xcom.py
[2024-03-08T00:30:29.725+0530] {processor.py:840} INFO - DAG(s) 'example_xcom' retrieved from /Users/anikbhowmick/Python/Big_Data_Assignment/A02/airflow_env/lib/python3.11/site-packages/airflow/example_dags/example_xcom.py
[2024-03-08T00:30:29.753+0530] {logging_mixin.py:188} INFO - [2024-03-08T00:30:29.753+0530] {dag.py:3047} INFO - Sync 1 DAGs
[2024-03-08T00:30:29.758+0530] {logging_mixin.py:188} INFO - [2024-03-08T00:30:29.758+0530] {dag.py:3834} INFO - Setting next_dagrun for example_xcom to 2021-01-01 00:00:00+00:00, run_after=2021-01-01 00:00:00+00:00
[2024-03-08T00:30:29.765+0530] {processor.py:183} INFO - Processing /Users/anikbhowmick/Python/Big_Data_Assignment/A02/airflow_env/lib/python3.11/site-packages/airflow/example_dags/example_xcom.py took 0.074 seconds
[2024-03-08T00:31:31.290+0530] {processor.py:161} INFO - Started process (PID=3484) to work on /Users/anikbhowmick/Python/Big_Data_Assignment/A02/airflow_env/lib/python3.11/site-packages/airflow/example_dags/example_xcom.py
[2024-03-08T00:31:31.290+0530] {processor.py:830} INFO - Processing file /Users/anikbhowmick/Python/Big_Data_Assignment/A02/airflow_env/lib/python3.11/site-packages/airflow/example_dags/example_xcom.py for tasks to queue
[2024-03-08T00:31:31.291+0530] {logging_mixin.py:188} INFO - [2024-03-08T00:31:31.291+0530] {dagbag.py:540} INFO - Filling up the DagBag from /Users/anikbhowmick/Python/Big_Data_Assignment/A02/airflow_env/lib/python3.11/site-packages/airflow/example_dags/example_xcom.py
[2024-03-08T00:31:31.327+0530] {processor.py:840} INFO - DAG(s) 'example_xcom' retrieved from /Users/anikbhowmick/Python/Big_Data_Assignment/A02/airflow_env/lib/python3.11/site-packages/airflow/example_dags/example_xcom.py
[2024-03-08T00:31:31.356+0530] {logging_mixin.py:188} INFO - [2024-03-08T00:31:31.356+0530] {dag.py:3047} INFO - Sync 1 DAGs
[2024-03-08T00:31:31.361+0530] {logging_mixin.py:188} INFO - [2024-03-08T00:31:31.361+0530] {dag.py:3834} INFO - Setting next_dagrun for example_xcom to 2021-01-01 00:00:00+00:00, run_after=2021-01-01 00:00:00+00:00
[2024-03-08T00:31:31.368+0530] {processor.py:183} INFO - Processing /Users/anikbhowmick/Python/Big_Data_Assignment/A02/airflow_env/lib/python3.11/site-packages/airflow/example_dags/example_xcom.py took 0.078 seconds
[2024-03-08T00:32:32.501+0530] {processor.py:161} INFO - Started process (PID=3549) to work on /Users/anikbhowmick/Python/Big_Data_Assignment/A02/airflow_env/lib/python3.11/site-packages/airflow/example_dags/example_xcom.py
[2024-03-08T00:32:32.502+0530] {processor.py:830} INFO - Processing file /Users/anikbhowmick/Python/Big_Data_Assignment/A02/airflow_env/lib/python3.11/site-packages/airflow/example_dags/example_xcom.py for tasks to queue
[2024-03-08T00:32:32.503+0530] {logging_mixin.py:188} INFO - [2024-03-08T00:32:32.503+0530] {dagbag.py:540} INFO - Filling up the DagBag from /Users/anikbhowmick/Python/Big_Data_Assignment/A02/airflow_env/lib/python3.11/site-packages/airflow/example_dags/example_xcom.py
[2024-03-08T00:32:32.536+0530] {processor.py:840} INFO - DAG(s) 'example_xcom' retrieved from /Users/anikbhowmick/Python/Big_Data_Assignment/A02/airflow_env/lib/python3.11/site-packages/airflow/example_dags/example_xcom.py
[2024-03-08T00:32:32.564+0530] {logging_mixin.py:188} INFO - [2024-03-08T00:32:32.564+0530] {dag.py:3047} INFO - Sync 1 DAGs
[2024-03-08T00:32:32.569+0530] {logging_mixin.py:188} INFO - [2024-03-08T00:32:32.569+0530] {dag.py:3834} INFO - Setting next_dagrun for example_xcom to 2021-01-01 00:00:00+00:00, run_after=2021-01-01 00:00:00+00:00
[2024-03-08T00:32:32.576+0530] {processor.py:183} INFO - Processing /Users/anikbhowmick/Python/Big_Data_Assignment/A02/airflow_env/lib/python3.11/site-packages/airflow/example_dags/example_xcom.py took 0.075 seconds
[2024-03-08T00:33:31.220+0530] {processor.py:161} INFO - Started process (PID=3623) to work on /Users/anikbhowmick/Python/Big_Data_Assignment/A02/airflow_env/lib/python3.11/site-packages/airflow/example_dags/example_xcom.py
[2024-03-08T00:33:31.221+0530] {processor.py:830} INFO - Processing file /Users/anikbhowmick/Python/Big_Data_Assignment/A02/airflow_env/lib/python3.11/site-packages/airflow/example_dags/example_xcom.py for tasks to queue
[2024-03-08T00:33:31.221+0530] {logging_mixin.py:188} INFO - [2024-03-08T00:33:31.221+0530] {dagbag.py:540} INFO - Filling up the DagBag from /Users/anikbhowmick/Python/Big_Data_Assignment/A02/airflow_env/lib/python3.11/site-packages/airflow/example_dags/example_xcom.py
[2024-03-08T00:33:31.255+0530] {processor.py:840} INFO - DAG(s) 'example_xcom' retrieved from /Users/anikbhowmick/Python/Big_Data_Assignment/A02/airflow_env/lib/python3.11/site-packages/airflow/example_dags/example_xcom.py
[2024-03-08T00:33:31.284+0530] {logging_mixin.py:188} INFO - [2024-03-08T00:33:31.284+0530] {dag.py:3047} INFO - Sync 1 DAGs
[2024-03-08T00:33:31.289+0530] {logging_mixin.py:188} INFO - [2024-03-08T00:33:31.288+0530] {dag.py:3834} INFO - Setting next_dagrun for example_xcom to 2021-01-01 00:00:00+00:00, run_after=2021-01-01 00:00:00+00:00
[2024-03-08T00:33:31.295+0530] {processor.py:183} INFO - Processing /Users/anikbhowmick/Python/Big_Data_Assignment/A02/airflow_env/lib/python3.11/site-packages/airflow/example_dags/example_xcom.py took 0.075 seconds
[2024-03-08T00:34:29.445+0530] {processor.py:161} INFO - Started process (PID=3668) to work on /Users/anikbhowmick/Python/Big_Data_Assignment/A02/airflow_env/lib/python3.11/site-packages/airflow/example_dags/example_xcom.py
[2024-03-08T00:34:29.447+0530] {processor.py:830} INFO - Processing file /Users/anikbhowmick/Python/Big_Data_Assignment/A02/airflow_env/lib/python3.11/site-packages/airflow/example_dags/example_xcom.py for tasks to queue
[2024-03-08T00:34:29.447+0530] {logging_mixin.py:188} INFO - [2024-03-08T00:34:29.447+0530] {dagbag.py:540} INFO - Filling up the DagBag from /Users/anikbhowmick/Python/Big_Data_Assignment/A02/airflow_env/lib/python3.11/site-packages/airflow/example_dags/example_xcom.py
[2024-03-08T00:34:29.483+0530] {processor.py:840} INFO - DAG(s) 'example_xcom' retrieved from /Users/anikbhowmick/Python/Big_Data_Assignment/A02/airflow_env/lib/python3.11/site-packages/airflow/example_dags/example_xcom.py
[2024-03-08T00:34:29.514+0530] {logging_mixin.py:188} INFO - [2024-03-08T00:34:29.514+0530] {dag.py:3047} INFO - Sync 1 DAGs
[2024-03-08T00:34:29.519+0530] {logging_mixin.py:188} INFO - [2024-03-08T00:34:29.519+0530] {dag.py:3834} INFO - Setting next_dagrun for example_xcom to 2021-01-01 00:00:00+00:00, run_after=2021-01-01 00:00:00+00:00
[2024-03-08T00:34:29.527+0530] {processor.py:183} INFO - Processing /Users/anikbhowmick/Python/Big_Data_Assignment/A02/airflow_env/lib/python3.11/site-packages/airflow/example_dags/example_xcom.py took 0.082 seconds
[2024-03-08T00:35:28.171+0530] {processor.py:161} INFO - Started process (PID=3709) to work on /Users/anikbhowmick/Python/Big_Data_Assignment/A02/airflow_env/lib/python3.11/site-packages/airflow/example_dags/example_xcom.py
[2024-03-08T00:35:28.172+0530] {processor.py:830} INFO - Processing file /Users/anikbhowmick/Python/Big_Data_Assignment/A02/airflow_env/lib/python3.11/site-packages/airflow/example_dags/example_xcom.py for tasks to queue
[2024-03-08T00:35:28.172+0530] {logging_mixin.py:188} INFO - [2024-03-08T00:35:28.172+0530] {dagbag.py:540} INFO - Filling up the DagBag from /Users/anikbhowmick/Python/Big_Data_Assignment/A02/airflow_env/lib/python3.11/site-packages/airflow/example_dags/example_xcom.py
[2024-03-08T00:35:28.205+0530] {processor.py:840} INFO - DAG(s) 'example_xcom' retrieved from /Users/anikbhowmick/Python/Big_Data_Assignment/A02/airflow_env/lib/python3.11/site-packages/airflow/example_dags/example_xcom.py
[2024-03-08T00:35:28.233+0530] {logging_mixin.py:188} INFO - [2024-03-08T00:35:28.233+0530] {dag.py:3047} INFO - Sync 1 DAGs
[2024-03-08T00:35:28.238+0530] {logging_mixin.py:188} INFO - [2024-03-08T00:35:28.238+0530] {dag.py:3834} INFO - Setting next_dagrun for example_xcom to 2021-01-01 00:00:00+00:00, run_after=2021-01-01 00:00:00+00:00
[2024-03-08T00:35:28.244+0530] {processor.py:183} INFO - Processing /Users/anikbhowmick/Python/Big_Data_Assignment/A02/airflow_env/lib/python3.11/site-packages/airflow/example_dags/example_xcom.py took 0.074 seconds
[2024-03-08T00:36:24.291+0530] {processor.py:161} INFO - Started process (PID=3759) to work on /Users/anikbhowmick/Python/Big_Data_Assignment/A02/airflow_env/lib/python3.11/site-packages/airflow/example_dags/example_xcom.py
[2024-03-08T00:36:24.291+0530] {processor.py:830} INFO - Processing file /Users/anikbhowmick/Python/Big_Data_Assignment/A02/airflow_env/lib/python3.11/site-packages/airflow/example_dags/example_xcom.py for tasks to queue
[2024-03-08T00:36:24.291+0530] {logging_mixin.py:188} INFO - [2024-03-08T00:36:24.291+0530] {dagbag.py:540} INFO - Filling up the DagBag from /Users/anikbhowmick/Python/Big_Data_Assignment/A02/airflow_env/lib/python3.11/site-packages/airflow/example_dags/example_xcom.py
[2024-03-08T00:36:24.326+0530] {processor.py:840} INFO - DAG(s) 'example_xcom' retrieved from /Users/anikbhowmick/Python/Big_Data_Assignment/A02/airflow_env/lib/python3.11/site-packages/airflow/example_dags/example_xcom.py
[2024-03-08T00:36:24.354+0530] {logging_mixin.py:188} INFO - [2024-03-08T00:36:24.354+0530] {dag.py:3047} INFO - Sync 1 DAGs
[2024-03-08T00:36:24.359+0530] {logging_mixin.py:188} INFO - [2024-03-08T00:36:24.359+0530] {dag.py:3834} INFO - Setting next_dagrun for example_xcom to 2021-01-01 00:00:00+00:00, run_after=2021-01-01 00:00:00+00:00
[2024-03-08T00:36:24.365+0530] {processor.py:183} INFO - Processing /Users/anikbhowmick/Python/Big_Data_Assignment/A02/airflow_env/lib/python3.11/site-packages/airflow/example_dags/example_xcom.py took 0.075 seconds
[2024-03-08T00:37:21.300+0530] {processor.py:161} INFO - Started process (PID=3804) to work on /Users/anikbhowmick/Python/Big_Data_Assignment/A02/airflow_env/lib/python3.11/site-packages/airflow/example_dags/example_xcom.py
[2024-03-08T00:37:21.301+0530] {processor.py:830} INFO - Processing file /Users/anikbhowmick/Python/Big_Data_Assignment/A02/airflow_env/lib/python3.11/site-packages/airflow/example_dags/example_xcom.py for tasks to queue
[2024-03-08T00:37:21.301+0530] {logging_mixin.py:188} INFO - [2024-03-08T00:37:21.301+0530] {dagbag.py:540} INFO - Filling up the DagBag from /Users/anikbhowmick/Python/Big_Data_Assignment/A02/airflow_env/lib/python3.11/site-packages/airflow/example_dags/example_xcom.py
[2024-03-08T00:37:21.335+0530] {processor.py:840} INFO - DAG(s) 'example_xcom' retrieved from /Users/anikbhowmick/Python/Big_Data_Assignment/A02/airflow_env/lib/python3.11/site-packages/airflow/example_dags/example_xcom.py
[2024-03-08T00:37:21.364+0530] {logging_mixin.py:188} INFO - [2024-03-08T00:37:21.364+0530] {dag.py:3047} INFO - Sync 1 DAGs
[2024-03-08T00:37:21.369+0530] {logging_mixin.py:188} INFO - [2024-03-08T00:37:21.368+0530] {dag.py:3834} INFO - Setting next_dagrun for example_xcom to 2021-01-01 00:00:00+00:00, run_after=2021-01-01 00:00:00+00:00
[2024-03-08T00:37:21.375+0530] {processor.py:183} INFO - Processing /Users/anikbhowmick/Python/Big_Data_Assignment/A02/airflow_env/lib/python3.11/site-packages/airflow/example_dags/example_xcom.py took 0.076 seconds
[2024-03-08T00:38:19.287+0530] {processor.py:161} INFO - Started process (PID=3839) to work on /Users/anikbhowmick/Python/Big_Data_Assignment/A02/airflow_env/lib/python3.11/site-packages/airflow/example_dags/example_xcom.py
[2024-03-08T00:38:19.287+0530] {processor.py:830} INFO - Processing file /Users/anikbhowmick/Python/Big_Data_Assignment/A02/airflow_env/lib/python3.11/site-packages/airflow/example_dags/example_xcom.py for tasks to queue
[2024-03-08T00:38:19.288+0530] {logging_mixin.py:188} INFO - [2024-03-08T00:38:19.287+0530] {dagbag.py:540} INFO - Filling up the DagBag from /Users/anikbhowmick/Python/Big_Data_Assignment/A02/airflow_env/lib/python3.11/site-packages/airflow/example_dags/example_xcom.py
[2024-03-08T00:38:19.321+0530] {processor.py:840} INFO - DAG(s) 'example_xcom' retrieved from /Users/anikbhowmick/Python/Big_Data_Assignment/A02/airflow_env/lib/python3.11/site-packages/airflow/example_dags/example_xcom.py
[2024-03-08T00:38:19.349+0530] {logging_mixin.py:188} INFO - [2024-03-08T00:38:19.349+0530] {dag.py:3047} INFO - Sync 1 DAGs
[2024-03-08T00:38:19.354+0530] {logging_mixin.py:188} INFO - [2024-03-08T00:38:19.354+0530] {dag.py:3834} INFO - Setting next_dagrun for example_xcom to 2021-01-01 00:00:00+00:00, run_after=2021-01-01 00:00:00+00:00
[2024-03-08T00:38:19.360+0530] {processor.py:183} INFO - Processing /Users/anikbhowmick/Python/Big_Data_Assignment/A02/airflow_env/lib/python3.11/site-packages/airflow/example_dags/example_xcom.py took 0.074 seconds
[2024-03-08T00:39:17.127+0530] {processor.py:161} INFO - Started process (PID=3877) to work on /Users/anikbhowmick/Python/Big_Data_Assignment/A02/airflow_env/lib/python3.11/site-packages/airflow/example_dags/example_xcom.py
[2024-03-08T00:39:17.127+0530] {processor.py:830} INFO - Processing file /Users/anikbhowmick/Python/Big_Data_Assignment/A02/airflow_env/lib/python3.11/site-packages/airflow/example_dags/example_xcom.py for tasks to queue
[2024-03-08T00:39:17.128+0530] {logging_mixin.py:188} INFO - [2024-03-08T00:39:17.128+0530] {dagbag.py:540} INFO - Filling up the DagBag from /Users/anikbhowmick/Python/Big_Data_Assignment/A02/airflow_env/lib/python3.11/site-packages/airflow/example_dags/example_xcom.py
[2024-03-08T00:39:17.162+0530] {processor.py:840} INFO - DAG(s) 'example_xcom' retrieved from /Users/anikbhowmick/Python/Big_Data_Assignment/A02/airflow_env/lib/python3.11/site-packages/airflow/example_dags/example_xcom.py
[2024-03-08T00:39:17.190+0530] {logging_mixin.py:188} INFO - [2024-03-08T00:39:17.190+0530] {dag.py:3047} INFO - Sync 1 DAGs
[2024-03-08T00:39:17.195+0530] {logging_mixin.py:188} INFO - [2024-03-08T00:39:17.195+0530] {dag.py:3834} INFO - Setting next_dagrun for example_xcom to 2021-01-01 00:00:00+00:00, run_after=2021-01-01 00:00:00+00:00
[2024-03-08T00:39:17.202+0530] {processor.py:183} INFO - Processing /Users/anikbhowmick/Python/Big_Data_Assignment/A02/airflow_env/lib/python3.11/site-packages/airflow/example_dags/example_xcom.py took 0.075 seconds
[2024-03-08T00:40:16.960+0530] {processor.py:161} INFO - Started process (PID=3922) to work on /Users/anikbhowmick/Python/Big_Data_Assignment/A02/airflow_env/lib/python3.11/site-packages/airflow/example_dags/example_xcom.py
[2024-03-08T00:40:16.961+0530] {processor.py:830} INFO - Processing file /Users/anikbhowmick/Python/Big_Data_Assignment/A02/airflow_env/lib/python3.11/site-packages/airflow/example_dags/example_xcom.py for tasks to queue
[2024-03-08T00:40:16.961+0530] {logging_mixin.py:188} INFO - [2024-03-08T00:40:16.961+0530] {dagbag.py:540} INFO - Filling up the DagBag from /Users/anikbhowmick/Python/Big_Data_Assignment/A02/airflow_env/lib/python3.11/site-packages/airflow/example_dags/example_xcom.py
[2024-03-08T00:40:17.002+0530] {processor.py:840} INFO - DAG(s) 'example_xcom' retrieved from /Users/anikbhowmick/Python/Big_Data_Assignment/A02/airflow_env/lib/python3.11/site-packages/airflow/example_dags/example_xcom.py
[2024-03-08T00:40:17.037+0530] {logging_mixin.py:188} INFO - [2024-03-08T00:40:17.037+0530] {dag.py:3047} INFO - Sync 1 DAGs
[2024-03-08T00:40:17.044+0530] {logging_mixin.py:188} INFO - [2024-03-08T00:40:17.043+0530] {dag.py:3834} INFO - Setting next_dagrun for example_xcom to 2021-01-01 00:00:00+00:00, run_after=2021-01-01 00:00:00+00:00
[2024-03-08T00:40:17.051+0530] {processor.py:183} INFO - Processing /Users/anikbhowmick/Python/Big_Data_Assignment/A02/airflow_env/lib/python3.11/site-packages/airflow/example_dags/example_xcom.py took 0.092 seconds
