[2024-03-08T00:13:09.974+0530] {processor.py:161} INFO - Started process (PID=2052) to work on /Users/anikbhowmick/Python/Big_Data_Assignment/A02/airflow_env/lib/python3.11/site-packages/airflow/example_dags/example_skip_dag.py
[2024-03-08T00:13:09.975+0530] {processor.py:830} INFO - Processing file /Users/anikbhowmick/Python/Big_Data_Assignment/A02/airflow_env/lib/python3.11/site-packages/airflow/example_dags/example_skip_dag.py for tasks to queue
[2024-03-08T00:13:09.975+0530] {logging_mixin.py:188} INFO - [2024-03-08T00:13:09.975+0530] {dagbag.py:540} INFO - Filling up the DagBag from /Users/anikbhowmick/Python/Big_Data_Assignment/A02/airflow_env/lib/python3.11/site-packages/airflow/example_dags/example_skip_dag.py
[2024-03-08T00:13:10.001+0530] {processor.py:840} INFO - DAG(s) 'example_skip_dag' retrieved from /Users/anikbhowmick/Python/Big_Data_Assignment/A02/airflow_env/lib/python3.11/site-packages/airflow/example_dags/example_skip_dag.py
[2024-03-08T00:13:10.030+0530] {logging_mixin.py:188} INFO - [2024-03-08T00:13:10.030+0530] {dag.py:3047} INFO - Sync 1 DAGs
[2024-03-08T00:13:10.036+0530] {logging_mixin.py:188} INFO - [2024-03-08T00:13:10.036+0530] {dag.py:3834} INFO - Setting next_dagrun for example_skip_dag to 2024-03-06 00:00:00+00:00, run_after=2024-03-07 00:00:00+00:00
[2024-03-08T00:13:10.042+0530] {processor.py:183} INFO - Processing /Users/anikbhowmick/Python/Big_Data_Assignment/A02/airflow_env/lib/python3.11/site-packages/airflow/example_dags/example_skip_dag.py took 0.068 seconds
[2024-03-08T00:14:00.484+0530] {processor.py:161} INFO - Started process (PID=2116) to work on /Users/anikbhowmick/Python/Big_Data_Assignment/A02/airflow_env/lib/python3.11/site-packages/airflow/example_dags/example_skip_dag.py
[2024-03-08T00:14:00.484+0530] {processor.py:830} INFO - Processing file /Users/anikbhowmick/Python/Big_Data_Assignment/A02/airflow_env/lib/python3.11/site-packages/airflow/example_dags/example_skip_dag.py for tasks to queue
[2024-03-08T00:14:00.485+0530] {logging_mixin.py:188} INFO - [2024-03-08T00:14:00.485+0530] {dagbag.py:540} INFO - Filling up the DagBag from /Users/anikbhowmick/Python/Big_Data_Assignment/A02/airflow_env/lib/python3.11/site-packages/airflow/example_dags/example_skip_dag.py
[2024-03-08T00:14:00.509+0530] {processor.py:840} INFO - DAG(s) 'example_skip_dag' retrieved from /Users/anikbhowmick/Python/Big_Data_Assignment/A02/airflow_env/lib/python3.11/site-packages/airflow/example_dags/example_skip_dag.py
[2024-03-08T00:14:00.538+0530] {logging_mixin.py:188} INFO - [2024-03-08T00:14:00.538+0530] {dag.py:3047} INFO - Sync 1 DAGs
[2024-03-08T00:14:00.543+0530] {logging_mixin.py:188} INFO - [2024-03-08T00:14:00.543+0530] {dag.py:3834} INFO - Setting next_dagrun for example_skip_dag to 2024-03-06 00:00:00+00:00, run_after=2024-03-07 00:00:00+00:00
[2024-03-08T00:14:00.549+0530] {processor.py:183} INFO - Processing /Users/anikbhowmick/Python/Big_Data_Assignment/A02/airflow_env/lib/python3.11/site-packages/airflow/example_dags/example_skip_dag.py took 0.066 seconds
[2024-03-08T00:14:49.808+0530] {processor.py:161} INFO - Started process (PID=2167) to work on /Users/anikbhowmick/Python/Big_Data_Assignment/A02/airflow_env/lib/python3.11/site-packages/airflow/example_dags/example_skip_dag.py
[2024-03-08T00:14:49.809+0530] {processor.py:830} INFO - Processing file /Users/anikbhowmick/Python/Big_Data_Assignment/A02/airflow_env/lib/python3.11/site-packages/airflow/example_dags/example_skip_dag.py for tasks to queue
[2024-03-08T00:14:49.810+0530] {logging_mixin.py:188} INFO - [2024-03-08T00:14:49.810+0530] {dagbag.py:540} INFO - Filling up the DagBag from /Users/anikbhowmick/Python/Big_Data_Assignment/A02/airflow_env/lib/python3.11/site-packages/airflow/example_dags/example_skip_dag.py
[2024-03-08T00:14:49.837+0530] {processor.py:840} INFO - DAG(s) 'example_skip_dag' retrieved from /Users/anikbhowmick/Python/Big_Data_Assignment/A02/airflow_env/lib/python3.11/site-packages/airflow/example_dags/example_skip_dag.py
[2024-03-08T00:14:49.868+0530] {logging_mixin.py:188} INFO - [2024-03-08T00:14:49.868+0530] {dag.py:3047} INFO - Sync 1 DAGs
[2024-03-08T00:14:49.874+0530] {logging_mixin.py:188} INFO - [2024-03-08T00:14:49.874+0530] {dag.py:3834} INFO - Setting next_dagrun for example_skip_dag to 2024-03-06 00:00:00+00:00, run_after=2024-03-07 00:00:00+00:00
[2024-03-08T00:14:49.880+0530] {processor.py:183} INFO - Processing /Users/anikbhowmick/Python/Big_Data_Assignment/A02/airflow_env/lib/python3.11/site-packages/airflow/example_dags/example_skip_dag.py took 0.072 seconds
[2024-03-08T00:15:48.921+0530] {processor.py:161} INFO - Started process (PID=2231) to work on /Users/anikbhowmick/Python/Big_Data_Assignment/A02/airflow_env/lib/python3.11/site-packages/airflow/example_dags/example_skip_dag.py
[2024-03-08T00:15:48.922+0530] {processor.py:830} INFO - Processing file /Users/anikbhowmick/Python/Big_Data_Assignment/A02/airflow_env/lib/python3.11/site-packages/airflow/example_dags/example_skip_dag.py for tasks to queue
[2024-03-08T00:15:48.922+0530] {logging_mixin.py:188} INFO - [2024-03-08T00:15:48.922+0530] {dagbag.py:540} INFO - Filling up the DagBag from /Users/anikbhowmick/Python/Big_Data_Assignment/A02/airflow_env/lib/python3.11/site-packages/airflow/example_dags/example_skip_dag.py
[2024-03-08T00:15:48.946+0530] {processor.py:840} INFO - DAG(s) 'example_skip_dag' retrieved from /Users/anikbhowmick/Python/Big_Data_Assignment/A02/airflow_env/lib/python3.11/site-packages/airflow/example_dags/example_skip_dag.py
[2024-03-08T00:15:48.975+0530] {logging_mixin.py:188} INFO - [2024-03-08T00:15:48.975+0530] {dag.py:3047} INFO - Sync 1 DAGs
[2024-03-08T00:15:48.980+0530] {logging_mixin.py:188} INFO - [2024-03-08T00:15:48.980+0530] {dag.py:3834} INFO - Setting next_dagrun for example_skip_dag to 2024-03-06 00:00:00+00:00, run_after=2024-03-07 00:00:00+00:00
[2024-03-08T00:15:48.986+0530] {processor.py:183} INFO - Processing /Users/anikbhowmick/Python/Big_Data_Assignment/A02/airflow_env/lib/python3.11/site-packages/airflow/example_dags/example_skip_dag.py took 0.066 seconds
[2024-03-08T00:16:48.751+0530] {processor.py:161} INFO - Started process (PID=2292) to work on /Users/anikbhowmick/Python/Big_Data_Assignment/A02/airflow_env/lib/python3.11/site-packages/airflow/example_dags/example_skip_dag.py
[2024-03-08T00:16:48.752+0530] {processor.py:830} INFO - Processing file /Users/anikbhowmick/Python/Big_Data_Assignment/A02/airflow_env/lib/python3.11/site-packages/airflow/example_dags/example_skip_dag.py for tasks to queue
[2024-03-08T00:16:48.752+0530] {logging_mixin.py:188} INFO - [2024-03-08T00:16:48.752+0530] {dagbag.py:540} INFO - Filling up the DagBag from /Users/anikbhowmick/Python/Big_Data_Assignment/A02/airflow_env/lib/python3.11/site-packages/airflow/example_dags/example_skip_dag.py
[2024-03-08T00:16:48.778+0530] {processor.py:840} INFO - DAG(s) 'example_skip_dag' retrieved from /Users/anikbhowmick/Python/Big_Data_Assignment/A02/airflow_env/lib/python3.11/site-packages/airflow/example_dags/example_skip_dag.py
[2024-03-08T00:16:48.807+0530] {logging_mixin.py:188} INFO - [2024-03-08T00:16:48.807+0530] {dag.py:3047} INFO - Sync 1 DAGs
[2024-03-08T00:16:48.813+0530] {logging_mixin.py:188} INFO - [2024-03-08T00:16:48.812+0530] {dag.py:3834} INFO - Setting next_dagrun for example_skip_dag to 2024-03-06 00:00:00+00:00, run_after=2024-03-07 00:00:00+00:00
[2024-03-08T00:16:48.818+0530] {processor.py:183} INFO - Processing /Users/anikbhowmick/Python/Big_Data_Assignment/A02/airflow_env/lib/python3.11/site-packages/airflow/example_dags/example_skip_dag.py took 0.068 seconds
[2024-03-08T00:17:48.178+0530] {processor.py:161} INFO - Started process (PID=2404) to work on /Users/anikbhowmick/Python/Big_Data_Assignment/A02/airflow_env/lib/python3.11/site-packages/airflow/example_dags/example_skip_dag.py
[2024-03-08T00:17:48.180+0530] {processor.py:830} INFO - Processing file /Users/anikbhowmick/Python/Big_Data_Assignment/A02/airflow_env/lib/python3.11/site-packages/airflow/example_dags/example_skip_dag.py for tasks to queue
[2024-03-08T00:17:48.180+0530] {logging_mixin.py:188} INFO - [2024-03-08T00:17:48.180+0530] {dagbag.py:540} INFO - Filling up the DagBag from /Users/anikbhowmick/Python/Big_Data_Assignment/A02/airflow_env/lib/python3.11/site-packages/airflow/example_dags/example_skip_dag.py
[2024-03-08T00:17:48.205+0530] {processor.py:840} INFO - DAG(s) 'example_skip_dag' retrieved from /Users/anikbhowmick/Python/Big_Data_Assignment/A02/airflow_env/lib/python3.11/site-packages/airflow/example_dags/example_skip_dag.py
[2024-03-08T00:17:48.234+0530] {logging_mixin.py:188} INFO - [2024-03-08T00:17:48.234+0530] {dag.py:3047} INFO - Sync 1 DAGs
[2024-03-08T00:17:48.240+0530] {logging_mixin.py:188} INFO - [2024-03-08T00:17:48.240+0530] {dag.py:3834} INFO - Setting next_dagrun for example_skip_dag to 2024-03-06 00:00:00+00:00, run_after=2024-03-07 00:00:00+00:00
[2024-03-08T00:17:48.246+0530] {processor.py:183} INFO - Processing /Users/anikbhowmick/Python/Big_Data_Assignment/A02/airflow_env/lib/python3.11/site-packages/airflow/example_dags/example_skip_dag.py took 0.068 seconds
[2024-03-08T00:19:01.289+0530] {processor.py:161} INFO - Started process (PID=2504) to work on /Users/anikbhowmick/Python/Big_Data_Assignment/A02/airflow_env/lib/python3.11/site-packages/airflow/example_dags/example_skip_dag.py
[2024-03-08T00:19:01.290+0530] {processor.py:830} INFO - Processing file /Users/anikbhowmick/Python/Big_Data_Assignment/A02/airflow_env/lib/python3.11/site-packages/airflow/example_dags/example_skip_dag.py for tasks to queue
[2024-03-08T00:19:01.290+0530] {logging_mixin.py:188} INFO - [2024-03-08T00:19:01.290+0530] {dagbag.py:540} INFO - Filling up the DagBag from /Users/anikbhowmick/Python/Big_Data_Assignment/A02/airflow_env/lib/python3.11/site-packages/airflow/example_dags/example_skip_dag.py
[2024-03-08T00:19:01.315+0530] {processor.py:840} INFO - DAG(s) 'example_skip_dag' retrieved from /Users/anikbhowmick/Python/Big_Data_Assignment/A02/airflow_env/lib/python3.11/site-packages/airflow/example_dags/example_skip_dag.py
[2024-03-08T00:19:01.344+0530] {logging_mixin.py:188} INFO - [2024-03-08T00:19:01.343+0530] {dag.py:3047} INFO - Sync 1 DAGs
[2024-03-08T00:19:01.349+0530] {logging_mixin.py:188} INFO - [2024-03-08T00:19:01.349+0530] {dag.py:3834} INFO - Setting next_dagrun for example_skip_dag to 2024-03-06 00:00:00+00:00, run_after=2024-03-07 00:00:00+00:00
[2024-03-08T00:19:01.355+0530] {processor.py:183} INFO - Processing /Users/anikbhowmick/Python/Big_Data_Assignment/A02/airflow_env/lib/python3.11/site-packages/airflow/example_dags/example_skip_dag.py took 0.067 seconds
[2024-03-08T00:23:33.489+0530] {processor.py:161} INFO - Started process (PID=2809) to work on /Users/anikbhowmick/Python/Big_Data_Assignment/A02/airflow_env/lib/python3.11/site-packages/airflow/example_dags/example_skip_dag.py
[2024-03-08T00:23:33.491+0530] {processor.py:830} INFO - Processing file /Users/anikbhowmick/Python/Big_Data_Assignment/A02/airflow_env/lib/python3.11/site-packages/airflow/example_dags/example_skip_dag.py for tasks to queue
[2024-03-08T00:23:33.491+0530] {logging_mixin.py:188} INFO - [2024-03-08T00:23:33.491+0530] {dagbag.py:540} INFO - Filling up the DagBag from /Users/anikbhowmick/Python/Big_Data_Assignment/A02/airflow_env/lib/python3.11/site-packages/airflow/example_dags/example_skip_dag.py
[2024-03-08T00:23:33.515+0530] {processor.py:840} INFO - DAG(s) 'example_skip_dag' retrieved from /Users/anikbhowmick/Python/Big_Data_Assignment/A02/airflow_env/lib/python3.11/site-packages/airflow/example_dags/example_skip_dag.py
[2024-03-08T00:23:33.545+0530] {logging_mixin.py:188} INFO - [2024-03-08T00:23:33.544+0530] {dag.py:3047} INFO - Sync 1 DAGs
[2024-03-08T00:23:33.550+0530] {logging_mixin.py:188} INFO - [2024-03-08T00:23:33.550+0530] {dag.py:3834} INFO - Setting next_dagrun for example_skip_dag to 2024-03-06 00:00:00+00:00, run_after=2024-03-07 00:00:00+00:00
[2024-03-08T00:23:33.556+0530] {processor.py:183} INFO - Processing /Users/anikbhowmick/Python/Big_Data_Assignment/A02/airflow_env/lib/python3.11/site-packages/airflow/example_dags/example_skip_dag.py took 0.067 seconds
[2024-03-08T00:24:24.085+0530] {processor.py:161} INFO - Started process (PID=2887) to work on /Users/anikbhowmick/Python/Big_Data_Assignment/A02/airflow_env/lib/python3.11/site-packages/airflow/example_dags/example_skip_dag.py
[2024-03-08T00:24:24.086+0530] {processor.py:830} INFO - Processing file /Users/anikbhowmick/Python/Big_Data_Assignment/A02/airflow_env/lib/python3.11/site-packages/airflow/example_dags/example_skip_dag.py for tasks to queue
[2024-03-08T00:24:24.086+0530] {logging_mixin.py:188} INFO - [2024-03-08T00:24:24.086+0530] {dagbag.py:540} INFO - Filling up the DagBag from /Users/anikbhowmick/Python/Big_Data_Assignment/A02/airflow_env/lib/python3.11/site-packages/airflow/example_dags/example_skip_dag.py
[2024-03-08T00:24:24.110+0530] {processor.py:840} INFO - DAG(s) 'example_skip_dag' retrieved from /Users/anikbhowmick/Python/Big_Data_Assignment/A02/airflow_env/lib/python3.11/site-packages/airflow/example_dags/example_skip_dag.py
[2024-03-08T00:24:24.139+0530] {logging_mixin.py:188} INFO - [2024-03-08T00:24:24.139+0530] {dag.py:3047} INFO - Sync 1 DAGs
[2024-03-08T00:24:24.145+0530] {logging_mixin.py:188} INFO - [2024-03-08T00:24:24.145+0530] {dag.py:3834} INFO - Setting next_dagrun for example_skip_dag to 2024-03-06 00:00:00+00:00, run_after=2024-03-07 00:00:00+00:00
[2024-03-08T00:24:24.151+0530] {processor.py:183} INFO - Processing /Users/anikbhowmick/Python/Big_Data_Assignment/A02/airflow_env/lib/python3.11/site-packages/airflow/example_dags/example_skip_dag.py took 0.066 seconds
[2024-03-08T00:26:02.104+0530] {processor.py:161} INFO - Started process (PID=3049) to work on /Users/anikbhowmick/Python/Big_Data_Assignment/A02/airflow_env/lib/python3.11/site-packages/airflow/example_dags/example_skip_dag.py
[2024-03-08T00:26:02.105+0530] {processor.py:830} INFO - Processing file /Users/anikbhowmick/Python/Big_Data_Assignment/A02/airflow_env/lib/python3.11/site-packages/airflow/example_dags/example_skip_dag.py for tasks to queue
[2024-03-08T00:26:02.105+0530] {logging_mixin.py:188} INFO - [2024-03-08T00:26:02.105+0530] {dagbag.py:540} INFO - Filling up the DagBag from /Users/anikbhowmick/Python/Big_Data_Assignment/A02/airflow_env/lib/python3.11/site-packages/airflow/example_dags/example_skip_dag.py
[2024-03-08T00:26:02.129+0530] {processor.py:840} INFO - DAG(s) 'example_skip_dag' retrieved from /Users/anikbhowmick/Python/Big_Data_Assignment/A02/airflow_env/lib/python3.11/site-packages/airflow/example_dags/example_skip_dag.py
[2024-03-08T00:26:02.158+0530] {logging_mixin.py:188} INFO - [2024-03-08T00:26:02.158+0530] {dag.py:3047} INFO - Sync 1 DAGs
[2024-03-08T00:26:02.164+0530] {logging_mixin.py:188} INFO - [2024-03-08T00:26:02.164+0530] {dag.py:3834} INFO - Setting next_dagrun for example_skip_dag to 2024-03-06 00:00:00+00:00, run_after=2024-03-07 00:00:00+00:00
[2024-03-08T00:26:02.169+0530] {processor.py:183} INFO - Processing /Users/anikbhowmick/Python/Big_Data_Assignment/A02/airflow_env/lib/python3.11/site-packages/airflow/example_dags/example_skip_dag.py took 0.066 seconds
[2024-03-08T00:27:48.947+0530] {processor.py:161} INFO - Started process (PID=3267) to work on /Users/anikbhowmick/Python/Big_Data_Assignment/A02/airflow_env/lib/python3.11/site-packages/airflow/example_dags/example_skip_dag.py
[2024-03-08T00:27:48.947+0530] {processor.py:830} INFO - Processing file /Users/anikbhowmick/Python/Big_Data_Assignment/A02/airflow_env/lib/python3.11/site-packages/airflow/example_dags/example_skip_dag.py for tasks to queue
[2024-03-08T00:27:48.947+0530] {logging_mixin.py:188} INFO - [2024-03-08T00:27:48.947+0530] {dagbag.py:540} INFO - Filling up the DagBag from /Users/anikbhowmick/Python/Big_Data_Assignment/A02/airflow_env/lib/python3.11/site-packages/airflow/example_dags/example_skip_dag.py
[2024-03-08T00:27:48.975+0530] {processor.py:840} INFO - DAG(s) 'example_skip_dag' retrieved from /Users/anikbhowmick/Python/Big_Data_Assignment/A02/airflow_env/lib/python3.11/site-packages/airflow/example_dags/example_skip_dag.py
[2024-03-08T00:27:49.007+0530] {logging_mixin.py:188} INFO - [2024-03-08T00:27:49.007+0530] {dag.py:3047} INFO - Sync 1 DAGs
[2024-03-08T00:27:49.013+0530] {logging_mixin.py:188} INFO - [2024-03-08T00:27:49.013+0530] {dag.py:3834} INFO - Setting next_dagrun for example_skip_dag to 2024-03-06 00:00:00+00:00, run_after=2024-03-07 00:00:00+00:00
[2024-03-08T00:27:49.020+0530] {processor.py:183} INFO - Processing /Users/anikbhowmick/Python/Big_Data_Assignment/A02/airflow_env/lib/python3.11/site-packages/airflow/example_dags/example_skip_dag.py took 0.074 seconds
[2024-03-08T00:29:41.303+0530] {processor.py:161} INFO - Started process (PID=3362) to work on /Users/anikbhowmick/Python/Big_Data_Assignment/A02/airflow_env/lib/python3.11/site-packages/airflow/example_dags/example_skip_dag.py
[2024-03-08T00:29:41.304+0530] {processor.py:830} INFO - Processing file /Users/anikbhowmick/Python/Big_Data_Assignment/A02/airflow_env/lib/python3.11/site-packages/airflow/example_dags/example_skip_dag.py for tasks to queue
[2024-03-08T00:29:41.304+0530] {logging_mixin.py:188} INFO - [2024-03-08T00:29:41.304+0530] {dagbag.py:540} INFO - Filling up the DagBag from /Users/anikbhowmick/Python/Big_Data_Assignment/A02/airflow_env/lib/python3.11/site-packages/airflow/example_dags/example_skip_dag.py
[2024-03-08T00:29:41.328+0530] {processor.py:840} INFO - DAG(s) 'example_skip_dag' retrieved from /Users/anikbhowmick/Python/Big_Data_Assignment/A02/airflow_env/lib/python3.11/site-packages/airflow/example_dags/example_skip_dag.py
[2024-03-08T00:29:41.358+0530] {logging_mixin.py:188} INFO - [2024-03-08T00:29:41.357+0530] {dag.py:3047} INFO - Sync 1 DAGs
[2024-03-08T00:29:41.363+0530] {logging_mixin.py:188} INFO - [2024-03-08T00:29:41.363+0530] {dag.py:3834} INFO - Setting next_dagrun for example_skip_dag to 2024-03-06 00:00:00+00:00, run_after=2024-03-07 00:00:00+00:00
[2024-03-08T00:29:41.369+0530] {processor.py:183} INFO - Processing /Users/anikbhowmick/Python/Big_Data_Assignment/A02/airflow_env/lib/python3.11/site-packages/airflow/example_dags/example_skip_dag.py took 0.066 seconds
[2024-03-08T00:31:43.575+0530] {processor.py:161} INFO - Started process (PID=3495) to work on /Users/anikbhowmick/Python/Big_Data_Assignment/A02/airflow_env/lib/python3.11/site-packages/airflow/example_dags/example_skip_dag.py
[2024-03-08T00:31:43.575+0530] {processor.py:830} INFO - Processing file /Users/anikbhowmick/Python/Big_Data_Assignment/A02/airflow_env/lib/python3.11/site-packages/airflow/example_dags/example_skip_dag.py for tasks to queue
[2024-03-08T00:31:43.576+0530] {logging_mixin.py:188} INFO - [2024-03-08T00:31:43.576+0530] {dagbag.py:540} INFO - Filling up the DagBag from /Users/anikbhowmick/Python/Big_Data_Assignment/A02/airflow_env/lib/python3.11/site-packages/airflow/example_dags/example_skip_dag.py
[2024-03-08T00:31:43.601+0530] {processor.py:840} INFO - DAG(s) 'example_skip_dag' retrieved from /Users/anikbhowmick/Python/Big_Data_Assignment/A02/airflow_env/lib/python3.11/site-packages/airflow/example_dags/example_skip_dag.py
[2024-03-08T00:31:43.632+0530] {logging_mixin.py:188} INFO - [2024-03-08T00:31:43.632+0530] {dag.py:3047} INFO - Sync 1 DAGs
[2024-03-08T00:31:43.638+0530] {logging_mixin.py:188} INFO - [2024-03-08T00:31:43.638+0530] {dag.py:3834} INFO - Setting next_dagrun for example_skip_dag to 2024-03-06 00:00:00+00:00, run_after=2024-03-07 00:00:00+00:00
[2024-03-08T00:31:43.644+0530] {processor.py:183} INFO - Processing /Users/anikbhowmick/Python/Big_Data_Assignment/A02/airflow_env/lib/python3.11/site-packages/airflow/example_dags/example_skip_dag.py took 0.070 seconds
[2024-03-08T00:33:41.902+0530] {processor.py:161} INFO - Started process (PID=3639) to work on /Users/anikbhowmick/Python/Big_Data_Assignment/A02/airflow_env/lib/python3.11/site-packages/airflow/example_dags/example_skip_dag.py
[2024-03-08T00:33:41.903+0530] {processor.py:830} INFO - Processing file /Users/anikbhowmick/Python/Big_Data_Assignment/A02/airflow_env/lib/python3.11/site-packages/airflow/example_dags/example_skip_dag.py for tasks to queue
[2024-03-08T00:33:41.903+0530] {logging_mixin.py:188} INFO - [2024-03-08T00:33:41.903+0530] {dagbag.py:540} INFO - Filling up the DagBag from /Users/anikbhowmick/Python/Big_Data_Assignment/A02/airflow_env/lib/python3.11/site-packages/airflow/example_dags/example_skip_dag.py
[2024-03-08T00:33:41.929+0530] {processor.py:840} INFO - DAG(s) 'example_skip_dag' retrieved from /Users/anikbhowmick/Python/Big_Data_Assignment/A02/airflow_env/lib/python3.11/site-packages/airflow/example_dags/example_skip_dag.py
[2024-03-08T00:33:41.958+0530] {logging_mixin.py:188} INFO - [2024-03-08T00:33:41.958+0530] {dag.py:3047} INFO - Sync 1 DAGs
[2024-03-08T00:33:41.964+0530] {logging_mixin.py:188} INFO - [2024-03-08T00:33:41.963+0530] {dag.py:3834} INFO - Setting next_dagrun for example_skip_dag to 2024-03-06 00:00:00+00:00, run_after=2024-03-07 00:00:00+00:00
[2024-03-08T00:33:41.969+0530] {processor.py:183} INFO - Processing /Users/anikbhowmick/Python/Big_Data_Assignment/A02/airflow_env/lib/python3.11/site-packages/airflow/example_dags/example_skip_dag.py took 0.068 seconds
[2024-03-08T00:35:37.480+0530] {processor.py:161} INFO - Started process (PID=3716) to work on /Users/anikbhowmick/Python/Big_Data_Assignment/A02/airflow_env/lib/python3.11/site-packages/airflow/example_dags/example_skip_dag.py
[2024-03-08T00:35:37.481+0530] {processor.py:830} INFO - Processing file /Users/anikbhowmick/Python/Big_Data_Assignment/A02/airflow_env/lib/python3.11/site-packages/airflow/example_dags/example_skip_dag.py for tasks to queue
[2024-03-08T00:35:37.481+0530] {logging_mixin.py:188} INFO - [2024-03-08T00:35:37.481+0530] {dagbag.py:540} INFO - Filling up the DagBag from /Users/anikbhowmick/Python/Big_Data_Assignment/A02/airflow_env/lib/python3.11/site-packages/airflow/example_dags/example_skip_dag.py
[2024-03-08T00:35:37.505+0530] {processor.py:840} INFO - DAG(s) 'example_skip_dag' retrieved from /Users/anikbhowmick/Python/Big_Data_Assignment/A02/airflow_env/lib/python3.11/site-packages/airflow/example_dags/example_skip_dag.py
[2024-03-08T00:35:37.534+0530] {logging_mixin.py:188} INFO - [2024-03-08T00:35:37.534+0530] {dag.py:3047} INFO - Sync 1 DAGs
[2024-03-08T00:35:37.539+0530] {logging_mixin.py:188} INFO - [2024-03-08T00:35:37.539+0530] {dag.py:3834} INFO - Setting next_dagrun for example_skip_dag to 2024-03-06 00:00:00+00:00, run_after=2024-03-07 00:00:00+00:00
[2024-03-08T00:35:37.546+0530] {processor.py:183} INFO - Processing /Users/anikbhowmick/Python/Big_Data_Assignment/A02/airflow_env/lib/python3.11/site-packages/airflow/example_dags/example_skip_dag.py took 0.066 seconds
[2024-03-08T00:37:30.480+0530] {processor.py:161} INFO - Started process (PID=3810) to work on /Users/anikbhowmick/Python/Big_Data_Assignment/A02/airflow_env/lib/python3.11/site-packages/airflow/example_dags/example_skip_dag.py
[2024-03-08T00:37:30.481+0530] {processor.py:830} INFO - Processing file /Users/anikbhowmick/Python/Big_Data_Assignment/A02/airflow_env/lib/python3.11/site-packages/airflow/example_dags/example_skip_dag.py for tasks to queue
[2024-03-08T00:37:30.482+0530] {logging_mixin.py:188} INFO - [2024-03-08T00:37:30.482+0530] {dagbag.py:540} INFO - Filling up the DagBag from /Users/anikbhowmick/Python/Big_Data_Assignment/A02/airflow_env/lib/python3.11/site-packages/airflow/example_dags/example_skip_dag.py
[2024-03-08T00:37:30.509+0530] {processor.py:840} INFO - DAG(s) 'example_skip_dag' retrieved from /Users/anikbhowmick/Python/Big_Data_Assignment/A02/airflow_env/lib/python3.11/site-packages/airflow/example_dags/example_skip_dag.py
[2024-03-08T00:37:30.540+0530] {logging_mixin.py:188} INFO - [2024-03-08T00:37:30.540+0530] {dag.py:3047} INFO - Sync 1 DAGs
[2024-03-08T00:37:30.546+0530] {logging_mixin.py:188} INFO - [2024-03-08T00:37:30.546+0530] {dag.py:3834} INFO - Setting next_dagrun for example_skip_dag to 2024-03-06 00:00:00+00:00, run_after=2024-03-07 00:00:00+00:00
[2024-03-08T00:37:30.553+0530] {processor.py:183} INFO - Processing /Users/anikbhowmick/Python/Big_Data_Assignment/A02/airflow_env/lib/python3.11/site-packages/airflow/example_dags/example_skip_dag.py took 0.073 seconds
[2024-03-08T00:39:27.795+0530] {processor.py:161} INFO - Started process (PID=3883) to work on /Users/anikbhowmick/Python/Big_Data_Assignment/A02/airflow_env/lib/python3.11/site-packages/airflow/example_dags/example_skip_dag.py
[2024-03-08T00:39:27.796+0530] {processor.py:830} INFO - Processing file /Users/anikbhowmick/Python/Big_Data_Assignment/A02/airflow_env/lib/python3.11/site-packages/airflow/example_dags/example_skip_dag.py for tasks to queue
[2024-03-08T00:39:27.796+0530] {logging_mixin.py:188} INFO - [2024-03-08T00:39:27.796+0530] {dagbag.py:540} INFO - Filling up the DagBag from /Users/anikbhowmick/Python/Big_Data_Assignment/A02/airflow_env/lib/python3.11/site-packages/airflow/example_dags/example_skip_dag.py
[2024-03-08T00:39:27.821+0530] {processor.py:840} INFO - DAG(s) 'example_skip_dag' retrieved from /Users/anikbhowmick/Python/Big_Data_Assignment/A02/airflow_env/lib/python3.11/site-packages/airflow/example_dags/example_skip_dag.py
[2024-03-08T00:39:27.850+0530] {logging_mixin.py:188} INFO - [2024-03-08T00:39:27.849+0530] {dag.py:3047} INFO - Sync 1 DAGs
[2024-03-08T00:39:27.855+0530] {logging_mixin.py:188} INFO - [2024-03-08T00:39:27.855+0530] {dag.py:3834} INFO - Setting next_dagrun for example_skip_dag to 2024-03-06 00:00:00+00:00, run_after=2024-03-07 00:00:00+00:00
[2024-03-08T00:39:27.861+0530] {processor.py:183} INFO - Processing /Users/anikbhowmick/Python/Big_Data_Assignment/A02/airflow_env/lib/python3.11/site-packages/airflow/example_dags/example_skip_dag.py took 0.066 seconds
