[2024-03-08T00:13:13.632+0530] {processor.py:161} INFO - Started process (PID=2058) to work on /Users/anikbhowmick/Python/Big_Data_Assignment/A02/airflow_env/lib/python3.11/site-packages/airflow/example_dags/example_setup_teardown.py
[2024-03-08T00:13:13.633+0530] {processor.py:830} INFO - Processing file /Users/anikbhowmick/Python/Big_Data_Assignment/A02/airflow_env/lib/python3.11/site-packages/airflow/example_dags/example_setup_teardown.py for tasks to queue
[2024-03-08T00:13:13.633+0530] {logging_mixin.py:188} INFO - [2024-03-08T00:13:13.633+0530] {dagbag.py:540} INFO - Filling up the DagBag from /Users/anikbhowmick/Python/Big_Data_Assignment/A02/airflow_env/lib/python3.11/site-packages/airflow/example_dags/example_setup_teardown.py
[2024-03-08T00:13:13.658+0530] {processor.py:840} INFO - DAG(s) 'example_setup_teardown' retrieved from /Users/anikbhowmick/Python/Big_Data_Assignment/A02/airflow_env/lib/python3.11/site-packages/airflow/example_dags/example_setup_teardown.py
[2024-03-08T00:13:13.686+0530] {logging_mixin.py:188} INFO - [2024-03-08T00:13:13.686+0530] {dag.py:3047} INFO - Sync 1 DAGs
[2024-03-08T00:13:13.692+0530] {logging_mixin.py:188} INFO - [2024-03-08T00:13:13.692+0530] {dag.py:3834} INFO - Setting next_dagrun for example_setup_teardown to 2024-03-06 00:00:00+00:00, run_after=2024-03-07 00:00:00+00:00
[2024-03-08T00:13:13.698+0530] {processor.py:183} INFO - Processing /Users/anikbhowmick/Python/Big_Data_Assignment/A02/airflow_env/lib/python3.11/site-packages/airflow/example_dags/example_setup_teardown.py took 0.067 seconds
[2024-03-08T00:14:04.427+0530] {processor.py:161} INFO - Started process (PID=2120) to work on /Users/anikbhowmick/Python/Big_Data_Assignment/A02/airflow_env/lib/python3.11/site-packages/airflow/example_dags/example_setup_teardown.py
[2024-03-08T00:14:04.428+0530] {processor.py:830} INFO - Processing file /Users/anikbhowmick/Python/Big_Data_Assignment/A02/airflow_env/lib/python3.11/site-packages/airflow/example_dags/example_setup_teardown.py for tasks to queue
[2024-03-08T00:14:04.428+0530] {logging_mixin.py:188} INFO - [2024-03-08T00:14:04.428+0530] {dagbag.py:540} INFO - Filling up the DagBag from /Users/anikbhowmick/Python/Big_Data_Assignment/A02/airflow_env/lib/python3.11/site-packages/airflow/example_dags/example_setup_teardown.py
[2024-03-08T00:14:04.453+0530] {processor.py:840} INFO - DAG(s) 'example_setup_teardown' retrieved from /Users/anikbhowmick/Python/Big_Data_Assignment/A02/airflow_env/lib/python3.11/site-packages/airflow/example_dags/example_setup_teardown.py
[2024-03-08T00:14:04.483+0530] {logging_mixin.py:188} INFO - [2024-03-08T00:14:04.483+0530] {dag.py:3047} INFO - Sync 1 DAGs
[2024-03-08T00:14:04.488+0530] {logging_mixin.py:188} INFO - [2024-03-08T00:14:04.488+0530] {dag.py:3834} INFO - Setting next_dagrun for example_setup_teardown to 2024-03-06 00:00:00+00:00, run_after=2024-03-07 00:00:00+00:00
[2024-03-08T00:14:04.494+0530] {processor.py:183} INFO - Processing /Users/anikbhowmick/Python/Big_Data_Assignment/A02/airflow_env/lib/python3.11/site-packages/airflow/example_dags/example_setup_teardown.py took 0.068 seconds
[2024-03-08T00:14:53.849+0530] {processor.py:161} INFO - Started process (PID=2171) to work on /Users/anikbhowmick/Python/Big_Data_Assignment/A02/airflow_env/lib/python3.11/site-packages/airflow/example_dags/example_setup_teardown.py
[2024-03-08T00:14:53.850+0530] {processor.py:830} INFO - Processing file /Users/anikbhowmick/Python/Big_Data_Assignment/A02/airflow_env/lib/python3.11/site-packages/airflow/example_dags/example_setup_teardown.py for tasks to queue
[2024-03-08T00:14:53.851+0530] {logging_mixin.py:188} INFO - [2024-03-08T00:14:53.850+0530] {dagbag.py:540} INFO - Filling up the DagBag from /Users/anikbhowmick/Python/Big_Data_Assignment/A02/airflow_env/lib/python3.11/site-packages/airflow/example_dags/example_setup_teardown.py
[2024-03-08T00:14:53.878+0530] {processor.py:840} INFO - DAG(s) 'example_setup_teardown' retrieved from /Users/anikbhowmick/Python/Big_Data_Assignment/A02/airflow_env/lib/python3.11/site-packages/airflow/example_dags/example_setup_teardown.py
[2024-03-08T00:14:53.907+0530] {logging_mixin.py:188} INFO - [2024-03-08T00:14:53.907+0530] {dag.py:3047} INFO - Sync 1 DAGs
[2024-03-08T00:14:53.913+0530] {logging_mixin.py:188} INFO - [2024-03-08T00:14:53.913+0530] {dag.py:3834} INFO - Setting next_dagrun for example_setup_teardown to 2024-03-06 00:00:00+00:00, run_after=2024-03-07 00:00:00+00:00
[2024-03-08T00:14:53.919+0530] {processor.py:183} INFO - Processing /Users/anikbhowmick/Python/Big_Data_Assignment/A02/airflow_env/lib/python3.11/site-packages/airflow/example_dags/example_setup_teardown.py took 0.070 seconds
[2024-03-08T00:15:52.441+0530] {processor.py:161} INFO - Started process (PID=2235) to work on /Users/anikbhowmick/Python/Big_Data_Assignment/A02/airflow_env/lib/python3.11/site-packages/airflow/example_dags/example_setup_teardown.py
[2024-03-08T00:15:52.442+0530] {processor.py:830} INFO - Processing file /Users/anikbhowmick/Python/Big_Data_Assignment/A02/airflow_env/lib/python3.11/site-packages/airflow/example_dags/example_setup_teardown.py for tasks to queue
[2024-03-08T00:15:52.442+0530] {logging_mixin.py:188} INFO - [2024-03-08T00:15:52.442+0530] {dagbag.py:540} INFO - Filling up the DagBag from /Users/anikbhowmick/Python/Big_Data_Assignment/A02/airflow_env/lib/python3.11/site-packages/airflow/example_dags/example_setup_teardown.py
[2024-03-08T00:15:52.466+0530] {processor.py:840} INFO - DAG(s) 'example_setup_teardown' retrieved from /Users/anikbhowmick/Python/Big_Data_Assignment/A02/airflow_env/lib/python3.11/site-packages/airflow/example_dags/example_setup_teardown.py
[2024-03-08T00:15:52.495+0530] {logging_mixin.py:188} INFO - [2024-03-08T00:15:52.495+0530] {dag.py:3047} INFO - Sync 1 DAGs
[2024-03-08T00:15:52.501+0530] {logging_mixin.py:188} INFO - [2024-03-08T00:15:52.501+0530] {dag.py:3834} INFO - Setting next_dagrun for example_setup_teardown to 2024-03-06 00:00:00+00:00, run_after=2024-03-07 00:00:00+00:00
[2024-03-08T00:15:52.507+0530] {processor.py:183} INFO - Processing /Users/anikbhowmick/Python/Big_Data_Assignment/A02/airflow_env/lib/python3.11/site-packages/airflow/example_dags/example_setup_teardown.py took 0.066 seconds
[2024-03-08T00:16:52.268+0530] {processor.py:161} INFO - Started process (PID=2296) to work on /Users/anikbhowmick/Python/Big_Data_Assignment/A02/airflow_env/lib/python3.11/site-packages/airflow/example_dags/example_setup_teardown.py
[2024-03-08T00:16:52.269+0530] {processor.py:830} INFO - Processing file /Users/anikbhowmick/Python/Big_Data_Assignment/A02/airflow_env/lib/python3.11/site-packages/airflow/example_dags/example_setup_teardown.py for tasks to queue
[2024-03-08T00:16:52.269+0530] {logging_mixin.py:188} INFO - [2024-03-08T00:16:52.269+0530] {dagbag.py:540} INFO - Filling up the DagBag from /Users/anikbhowmick/Python/Big_Data_Assignment/A02/airflow_env/lib/python3.11/site-packages/airflow/example_dags/example_setup_teardown.py
[2024-03-08T00:16:52.296+0530] {processor.py:840} INFO - DAG(s) 'example_setup_teardown' retrieved from /Users/anikbhowmick/Python/Big_Data_Assignment/A02/airflow_env/lib/python3.11/site-packages/airflow/example_dags/example_setup_teardown.py
[2024-03-08T00:16:52.325+0530] {logging_mixin.py:188} INFO - [2024-03-08T00:16:52.325+0530] {dag.py:3047} INFO - Sync 1 DAGs
[2024-03-08T00:16:52.331+0530] {logging_mixin.py:188} INFO - [2024-03-08T00:16:52.331+0530] {dag.py:3834} INFO - Setting next_dagrun for example_setup_teardown to 2024-03-06 00:00:00+00:00, run_after=2024-03-07 00:00:00+00:00
[2024-03-08T00:16:52.337+0530] {processor.py:183} INFO - Processing /Users/anikbhowmick/Python/Big_Data_Assignment/A02/airflow_env/lib/python3.11/site-packages/airflow/example_dags/example_setup_teardown.py took 0.070 seconds
[2024-03-08T00:17:52.163+0530] {processor.py:161} INFO - Started process (PID=2408) to work on /Users/anikbhowmick/Python/Big_Data_Assignment/A02/airflow_env/lib/python3.11/site-packages/airflow/example_dags/example_setup_teardown.py
[2024-03-08T00:17:52.164+0530] {processor.py:830} INFO - Processing file /Users/anikbhowmick/Python/Big_Data_Assignment/A02/airflow_env/lib/python3.11/site-packages/airflow/example_dags/example_setup_teardown.py for tasks to queue
[2024-03-08T00:17:52.164+0530] {logging_mixin.py:188} INFO - [2024-03-08T00:17:52.164+0530] {dagbag.py:540} INFO - Filling up the DagBag from /Users/anikbhowmick/Python/Big_Data_Assignment/A02/airflow_env/lib/python3.11/site-packages/airflow/example_dags/example_setup_teardown.py
[2024-03-08T00:17:52.189+0530] {processor.py:840} INFO - DAG(s) 'example_setup_teardown' retrieved from /Users/anikbhowmick/Python/Big_Data_Assignment/A02/airflow_env/lib/python3.11/site-packages/airflow/example_dags/example_setup_teardown.py
[2024-03-08T00:17:52.218+0530] {logging_mixin.py:188} INFO - [2024-03-08T00:17:52.218+0530] {dag.py:3047} INFO - Sync 1 DAGs
[2024-03-08T00:17:52.224+0530] {logging_mixin.py:188} INFO - [2024-03-08T00:17:52.224+0530] {dag.py:3834} INFO - Setting next_dagrun for example_setup_teardown to 2024-03-06 00:00:00+00:00, run_after=2024-03-07 00:00:00+00:00
[2024-03-08T00:17:52.230+0530] {processor.py:183} INFO - Processing /Users/anikbhowmick/Python/Big_Data_Assignment/A02/airflow_env/lib/python3.11/site-packages/airflow/example_dags/example_setup_teardown.py took 0.068 seconds
[2024-03-08T00:19:08.371+0530] {processor.py:161} INFO - Started process (PID=2509) to work on /Users/anikbhowmick/Python/Big_Data_Assignment/A02/airflow_env/lib/python3.11/site-packages/airflow/example_dags/example_setup_teardown.py
[2024-03-08T00:19:08.372+0530] {processor.py:830} INFO - Processing file /Users/anikbhowmick/Python/Big_Data_Assignment/A02/airflow_env/lib/python3.11/site-packages/airflow/example_dags/example_setup_teardown.py for tasks to queue
[2024-03-08T00:19:08.372+0530] {logging_mixin.py:188} INFO - [2024-03-08T00:19:08.372+0530] {dagbag.py:540} INFO - Filling up the DagBag from /Users/anikbhowmick/Python/Big_Data_Assignment/A02/airflow_env/lib/python3.11/site-packages/airflow/example_dags/example_setup_teardown.py
[2024-03-08T00:19:08.396+0530] {processor.py:840} INFO - DAG(s) 'example_setup_teardown' retrieved from /Users/anikbhowmick/Python/Big_Data_Assignment/A02/airflow_env/lib/python3.11/site-packages/airflow/example_dags/example_setup_teardown.py
[2024-03-08T00:19:08.425+0530] {logging_mixin.py:188} INFO - [2024-03-08T00:19:08.425+0530] {dag.py:3047} INFO - Sync 1 DAGs
[2024-03-08T00:19:08.430+0530] {logging_mixin.py:188} INFO - [2024-03-08T00:19:08.430+0530] {dag.py:3834} INFO - Setting next_dagrun for example_setup_teardown to 2024-03-06 00:00:00+00:00, run_after=2024-03-07 00:00:00+00:00
[2024-03-08T00:19:08.436+0530] {processor.py:183} INFO - Processing /Users/anikbhowmick/Python/Big_Data_Assignment/A02/airflow_env/lib/python3.11/site-packages/airflow/example_dags/example_setup_teardown.py took 0.065 seconds
[2024-03-08T00:23:37.028+0530] {processor.py:161} INFO - Started process (PID=2815) to work on /Users/anikbhowmick/Python/Big_Data_Assignment/A02/airflow_env/lib/python3.11/site-packages/airflow/example_dags/example_setup_teardown.py
[2024-03-08T00:23:37.029+0530] {processor.py:830} INFO - Processing file /Users/anikbhowmick/Python/Big_Data_Assignment/A02/airflow_env/lib/python3.11/site-packages/airflow/example_dags/example_setup_teardown.py for tasks to queue
[2024-03-08T00:23:37.029+0530] {logging_mixin.py:188} INFO - [2024-03-08T00:23:37.029+0530] {dagbag.py:540} INFO - Filling up the DagBag from /Users/anikbhowmick/Python/Big_Data_Assignment/A02/airflow_env/lib/python3.11/site-packages/airflow/example_dags/example_setup_teardown.py
[2024-03-08T00:23:37.054+0530] {processor.py:840} INFO - DAG(s) 'example_setup_teardown' retrieved from /Users/anikbhowmick/Python/Big_Data_Assignment/A02/airflow_env/lib/python3.11/site-packages/airflow/example_dags/example_setup_teardown.py
[2024-03-08T00:23:37.083+0530] {logging_mixin.py:188} INFO - [2024-03-08T00:23:37.083+0530] {dag.py:3047} INFO - Sync 1 DAGs
[2024-03-08T00:23:37.088+0530] {logging_mixin.py:188} INFO - [2024-03-08T00:23:37.088+0530] {dag.py:3834} INFO - Setting next_dagrun for example_setup_teardown to 2024-03-06 00:00:00+00:00, run_after=2024-03-07 00:00:00+00:00
[2024-03-08T00:23:37.095+0530] {processor.py:183} INFO - Processing /Users/anikbhowmick/Python/Big_Data_Assignment/A02/airflow_env/lib/python3.11/site-packages/airflow/example_dags/example_setup_teardown.py took 0.067 seconds
[2024-03-08T00:24:28.314+0530] {processor.py:161} INFO - Started process (PID=2891) to work on /Users/anikbhowmick/Python/Big_Data_Assignment/A02/airflow_env/lib/python3.11/site-packages/airflow/example_dags/example_setup_teardown.py
[2024-03-08T00:24:28.315+0530] {processor.py:830} INFO - Processing file /Users/anikbhowmick/Python/Big_Data_Assignment/A02/airflow_env/lib/python3.11/site-packages/airflow/example_dags/example_setup_teardown.py for tasks to queue
[2024-03-08T00:24:28.316+0530] {logging_mixin.py:188} INFO - [2024-03-08T00:24:28.315+0530] {dagbag.py:540} INFO - Filling up the DagBag from /Users/anikbhowmick/Python/Big_Data_Assignment/A02/airflow_env/lib/python3.11/site-packages/airflow/example_dags/example_setup_teardown.py
[2024-03-08T00:24:28.339+0530] {processor.py:840} INFO - DAG(s) 'example_setup_teardown' retrieved from /Users/anikbhowmick/Python/Big_Data_Assignment/A02/airflow_env/lib/python3.11/site-packages/airflow/example_dags/example_setup_teardown.py
[2024-03-08T00:24:28.368+0530] {logging_mixin.py:188} INFO - [2024-03-08T00:24:28.368+0530] {dag.py:3047} INFO - Sync 1 DAGs
[2024-03-08T00:24:28.373+0530] {logging_mixin.py:188} INFO - [2024-03-08T00:24:28.373+0530] {dag.py:3834} INFO - Setting next_dagrun for example_setup_teardown to 2024-03-06 00:00:00+00:00, run_after=2024-03-07 00:00:00+00:00
[2024-03-08T00:24:28.379+0530] {processor.py:183} INFO - Processing /Users/anikbhowmick/Python/Big_Data_Assignment/A02/airflow_env/lib/python3.11/site-packages/airflow/example_dags/example_setup_teardown.py took 0.065 seconds
[2024-03-08T00:26:07.936+0530] {processor.py:161} INFO - Started process (PID=3065) to work on /Users/anikbhowmick/Python/Big_Data_Assignment/A02/airflow_env/lib/python3.11/site-packages/airflow/example_dags/example_setup_teardown.py
[2024-03-08T00:26:07.937+0530] {processor.py:830} INFO - Processing file /Users/anikbhowmick/Python/Big_Data_Assignment/A02/airflow_env/lib/python3.11/site-packages/airflow/example_dags/example_setup_teardown.py for tasks to queue
[2024-03-08T00:26:07.937+0530] {logging_mixin.py:188} INFO - [2024-03-08T00:26:07.937+0530] {dagbag.py:540} INFO - Filling up the DagBag from /Users/anikbhowmick/Python/Big_Data_Assignment/A02/airflow_env/lib/python3.11/site-packages/airflow/example_dags/example_setup_teardown.py
[2024-03-08T00:26:07.964+0530] {processor.py:840} INFO - DAG(s) 'example_setup_teardown' retrieved from /Users/anikbhowmick/Python/Big_Data_Assignment/A02/airflow_env/lib/python3.11/site-packages/airflow/example_dags/example_setup_teardown.py
[2024-03-08T00:26:07.993+0530] {logging_mixin.py:188} INFO - [2024-03-08T00:26:07.993+0530] {dag.py:3047} INFO - Sync 1 DAGs
[2024-03-08T00:26:07.998+0530] {logging_mixin.py:188} INFO - [2024-03-08T00:26:07.998+0530] {dag.py:3834} INFO - Setting next_dagrun for example_setup_teardown to 2024-03-06 00:00:00+00:00, run_after=2024-03-07 00:00:00+00:00
[2024-03-08T00:26:08.005+0530] {processor.py:183} INFO - Processing /Users/anikbhowmick/Python/Big_Data_Assignment/A02/airflow_env/lib/python3.11/site-packages/airflow/example_dags/example_setup_teardown.py took 0.070 seconds
[2024-03-08T00:27:56.117+0530] {processor.py:161} INFO - Started process (PID=3273) to work on /Users/anikbhowmick/Python/Big_Data_Assignment/A02/airflow_env/lib/python3.11/site-packages/airflow/example_dags/example_setup_teardown.py
[2024-03-08T00:27:56.118+0530] {processor.py:830} INFO - Processing file /Users/anikbhowmick/Python/Big_Data_Assignment/A02/airflow_env/lib/python3.11/site-packages/airflow/example_dags/example_setup_teardown.py for tasks to queue
[2024-03-08T00:27:56.119+0530] {logging_mixin.py:188} INFO - [2024-03-08T00:27:56.119+0530] {dagbag.py:540} INFO - Filling up the DagBag from /Users/anikbhowmick/Python/Big_Data_Assignment/A02/airflow_env/lib/python3.11/site-packages/airflow/example_dags/example_setup_teardown.py
[2024-03-08T00:27:56.144+0530] {processor.py:840} INFO - DAG(s) 'example_setup_teardown' retrieved from /Users/anikbhowmick/Python/Big_Data_Assignment/A02/airflow_env/lib/python3.11/site-packages/airflow/example_dags/example_setup_teardown.py
[2024-03-08T00:27:56.173+0530] {logging_mixin.py:188} INFO - [2024-03-08T00:27:56.173+0530] {dag.py:3047} INFO - Sync 1 DAGs
[2024-03-08T00:27:56.179+0530] {logging_mixin.py:188} INFO - [2024-03-08T00:27:56.178+0530] {dag.py:3834} INFO - Setting next_dagrun for example_setup_teardown to 2024-03-06 00:00:00+00:00, run_after=2024-03-07 00:00:00+00:00
[2024-03-08T00:27:56.185+0530] {processor.py:183} INFO - Processing /Users/anikbhowmick/Python/Big_Data_Assignment/A02/airflow_env/lib/python3.11/site-packages/airflow/example_dags/example_setup_teardown.py took 0.068 seconds
[2024-03-08T00:29:48.428+0530] {processor.py:161} INFO - Started process (PID=3366) to work on /Users/anikbhowmick/Python/Big_Data_Assignment/A02/airflow_env/lib/python3.11/site-packages/airflow/example_dags/example_setup_teardown.py
[2024-03-08T00:29:48.429+0530] {processor.py:830} INFO - Processing file /Users/anikbhowmick/Python/Big_Data_Assignment/A02/airflow_env/lib/python3.11/site-packages/airflow/example_dags/example_setup_teardown.py for tasks to queue
[2024-03-08T00:29:48.429+0530] {logging_mixin.py:188} INFO - [2024-03-08T00:29:48.429+0530] {dagbag.py:540} INFO - Filling up the DagBag from /Users/anikbhowmick/Python/Big_Data_Assignment/A02/airflow_env/lib/python3.11/site-packages/airflow/example_dags/example_setup_teardown.py
[2024-03-08T00:29:48.455+0530] {processor.py:840} INFO - DAG(s) 'example_setup_teardown' retrieved from /Users/anikbhowmick/Python/Big_Data_Assignment/A02/airflow_env/lib/python3.11/site-packages/airflow/example_dags/example_setup_teardown.py
[2024-03-08T00:29:48.487+0530] {logging_mixin.py:188} INFO - [2024-03-08T00:29:48.487+0530] {dag.py:3047} INFO - Sync 1 DAGs
[2024-03-08T00:29:48.493+0530] {logging_mixin.py:188} INFO - [2024-03-08T00:29:48.493+0530] {dag.py:3834} INFO - Setting next_dagrun for example_setup_teardown to 2024-03-06 00:00:00+00:00, run_after=2024-03-07 00:00:00+00:00
[2024-03-08T00:29:48.499+0530] {processor.py:183} INFO - Processing /Users/anikbhowmick/Python/Big_Data_Assignment/A02/airflow_env/lib/python3.11/site-packages/airflow/example_dags/example_setup_teardown.py took 0.072 seconds
[2024-03-08T00:31:50.836+0530] {processor.py:161} INFO - Started process (PID=3499) to work on /Users/anikbhowmick/Python/Big_Data_Assignment/A02/airflow_env/lib/python3.11/site-packages/airflow/example_dags/example_setup_teardown.py
[2024-03-08T00:31:50.837+0530] {processor.py:830} INFO - Processing file /Users/anikbhowmick/Python/Big_Data_Assignment/A02/airflow_env/lib/python3.11/site-packages/airflow/example_dags/example_setup_teardown.py for tasks to queue
[2024-03-08T00:31:50.837+0530] {logging_mixin.py:188} INFO - [2024-03-08T00:31:50.837+0530] {dagbag.py:540} INFO - Filling up the DagBag from /Users/anikbhowmick/Python/Big_Data_Assignment/A02/airflow_env/lib/python3.11/site-packages/airflow/example_dags/example_setup_teardown.py
[2024-03-08T00:31:50.862+0530] {processor.py:840} INFO - DAG(s) 'example_setup_teardown' retrieved from /Users/anikbhowmick/Python/Big_Data_Assignment/A02/airflow_env/lib/python3.11/site-packages/airflow/example_dags/example_setup_teardown.py
[2024-03-08T00:31:50.891+0530] {logging_mixin.py:188} INFO - [2024-03-08T00:31:50.891+0530] {dag.py:3047} INFO - Sync 1 DAGs
[2024-03-08T00:31:50.897+0530] {logging_mixin.py:188} INFO - [2024-03-08T00:31:50.897+0530] {dag.py:3834} INFO - Setting next_dagrun for example_setup_teardown to 2024-03-06 00:00:00+00:00, run_after=2024-03-07 00:00:00+00:00
[2024-03-08T00:31:50.903+0530] {processor.py:183} INFO - Processing /Users/anikbhowmick/Python/Big_Data_Assignment/A02/airflow_env/lib/python3.11/site-packages/airflow/example_dags/example_setup_teardown.py took 0.067 seconds
[2024-03-08T00:33:48.794+0530] {processor.py:161} INFO - Started process (PID=3643) to work on /Users/anikbhowmick/Python/Big_Data_Assignment/A02/airflow_env/lib/python3.11/site-packages/airflow/example_dags/example_setup_teardown.py
[2024-03-08T00:33:48.795+0530] {processor.py:830} INFO - Processing file /Users/anikbhowmick/Python/Big_Data_Assignment/A02/airflow_env/lib/python3.11/site-packages/airflow/example_dags/example_setup_teardown.py for tasks to queue
[2024-03-08T00:33:48.796+0530] {logging_mixin.py:188} INFO - [2024-03-08T00:33:48.796+0530] {dagbag.py:540} INFO - Filling up the DagBag from /Users/anikbhowmick/Python/Big_Data_Assignment/A02/airflow_env/lib/python3.11/site-packages/airflow/example_dags/example_setup_teardown.py
[2024-03-08T00:33:48.820+0530] {processor.py:840} INFO - DAG(s) 'example_setup_teardown' retrieved from /Users/anikbhowmick/Python/Big_Data_Assignment/A02/airflow_env/lib/python3.11/site-packages/airflow/example_dags/example_setup_teardown.py
[2024-03-08T00:33:48.848+0530] {logging_mixin.py:188} INFO - [2024-03-08T00:33:48.848+0530] {dag.py:3047} INFO - Sync 1 DAGs
[2024-03-08T00:33:48.854+0530] {logging_mixin.py:188} INFO - [2024-03-08T00:33:48.854+0530] {dag.py:3834} INFO - Setting next_dagrun for example_setup_teardown to 2024-03-06 00:00:00+00:00, run_after=2024-03-07 00:00:00+00:00
[2024-03-08T00:33:48.860+0530] {processor.py:183} INFO - Processing /Users/anikbhowmick/Python/Big_Data_Assignment/A02/airflow_env/lib/python3.11/site-packages/airflow/example_dags/example_setup_teardown.py took 0.066 seconds
[2024-03-08T00:35:44.648+0530] {processor.py:161} INFO - Started process (PID=3720) to work on /Users/anikbhowmick/Python/Big_Data_Assignment/A02/airflow_env/lib/python3.11/site-packages/airflow/example_dags/example_setup_teardown.py
[2024-03-08T00:35:44.649+0530] {processor.py:830} INFO - Processing file /Users/anikbhowmick/Python/Big_Data_Assignment/A02/airflow_env/lib/python3.11/site-packages/airflow/example_dags/example_setup_teardown.py for tasks to queue
[2024-03-08T00:35:44.650+0530] {logging_mixin.py:188} INFO - [2024-03-08T00:35:44.650+0530] {dagbag.py:540} INFO - Filling up the DagBag from /Users/anikbhowmick/Python/Big_Data_Assignment/A02/airflow_env/lib/python3.11/site-packages/airflow/example_dags/example_setup_teardown.py
[2024-03-08T00:35:44.679+0530] {processor.py:840} INFO - DAG(s) 'example_setup_teardown' retrieved from /Users/anikbhowmick/Python/Big_Data_Assignment/A02/airflow_env/lib/python3.11/site-packages/airflow/example_dags/example_setup_teardown.py
[2024-03-08T00:35:44.711+0530] {logging_mixin.py:188} INFO - [2024-03-08T00:35:44.711+0530] {dag.py:3047} INFO - Sync 1 DAGs
[2024-03-08T00:35:44.718+0530] {logging_mixin.py:188} INFO - [2024-03-08T00:35:44.718+0530] {dag.py:3834} INFO - Setting next_dagrun for example_setup_teardown to 2024-03-06 00:00:00+00:00, run_after=2024-03-07 00:00:00+00:00
[2024-03-08T00:35:44.724+0530] {processor.py:183} INFO - Processing /Users/anikbhowmick/Python/Big_Data_Assignment/A02/airflow_env/lib/python3.11/site-packages/airflow/example_dags/example_setup_teardown.py took 0.076 seconds
[2024-03-08T00:37:37.197+0530] {processor.py:161} INFO - Started process (PID=3814) to work on /Users/anikbhowmick/Python/Big_Data_Assignment/A02/airflow_env/lib/python3.11/site-packages/airflow/example_dags/example_setup_teardown.py
[2024-03-08T00:37:37.198+0530] {processor.py:830} INFO - Processing file /Users/anikbhowmick/Python/Big_Data_Assignment/A02/airflow_env/lib/python3.11/site-packages/airflow/example_dags/example_setup_teardown.py for tasks to queue
[2024-03-08T00:37:37.198+0530] {logging_mixin.py:188} INFO - [2024-03-08T00:37:37.198+0530] {dagbag.py:540} INFO - Filling up the DagBag from /Users/anikbhowmick/Python/Big_Data_Assignment/A02/airflow_env/lib/python3.11/site-packages/airflow/example_dags/example_setup_teardown.py
[2024-03-08T00:37:37.224+0530] {processor.py:840} INFO - DAG(s) 'example_setup_teardown' retrieved from /Users/anikbhowmick/Python/Big_Data_Assignment/A02/airflow_env/lib/python3.11/site-packages/airflow/example_dags/example_setup_teardown.py
[2024-03-08T00:37:37.253+0530] {logging_mixin.py:188} INFO - [2024-03-08T00:37:37.253+0530] {dag.py:3047} INFO - Sync 1 DAGs
[2024-03-08T00:37:37.259+0530] {logging_mixin.py:188} INFO - [2024-03-08T00:37:37.259+0530] {dag.py:3834} INFO - Setting next_dagrun for example_setup_teardown to 2024-03-06 00:00:00+00:00, run_after=2024-03-07 00:00:00+00:00
[2024-03-08T00:37:37.265+0530] {processor.py:183} INFO - Processing /Users/anikbhowmick/Python/Big_Data_Assignment/A02/airflow_env/lib/python3.11/site-packages/airflow/example_dags/example_setup_teardown.py took 0.068 seconds
[2024-03-08T00:39:34.879+0530] {processor.py:161} INFO - Started process (PID=3887) to work on /Users/anikbhowmick/Python/Big_Data_Assignment/A02/airflow_env/lib/python3.11/site-packages/airflow/example_dags/example_setup_teardown.py
[2024-03-08T00:39:34.879+0530] {processor.py:830} INFO - Processing file /Users/anikbhowmick/Python/Big_Data_Assignment/A02/airflow_env/lib/python3.11/site-packages/airflow/example_dags/example_setup_teardown.py for tasks to queue
[2024-03-08T00:39:34.879+0530] {logging_mixin.py:188} INFO - [2024-03-08T00:39:34.879+0530] {dagbag.py:540} INFO - Filling up the DagBag from /Users/anikbhowmick/Python/Big_Data_Assignment/A02/airflow_env/lib/python3.11/site-packages/airflow/example_dags/example_setup_teardown.py
[2024-03-08T00:39:34.906+0530] {processor.py:840} INFO - DAG(s) 'example_setup_teardown' retrieved from /Users/anikbhowmick/Python/Big_Data_Assignment/A02/airflow_env/lib/python3.11/site-packages/airflow/example_dags/example_setup_teardown.py
[2024-03-08T00:39:34.937+0530] {logging_mixin.py:188} INFO - [2024-03-08T00:39:34.937+0530] {dag.py:3047} INFO - Sync 1 DAGs
[2024-03-08T00:39:34.943+0530] {logging_mixin.py:188} INFO - [2024-03-08T00:39:34.943+0530] {dag.py:3834} INFO - Setting next_dagrun for example_setup_teardown to 2024-03-06 00:00:00+00:00, run_after=2024-03-07 00:00:00+00:00
[2024-03-08T00:39:34.949+0530] {processor.py:183} INFO - Processing /Users/anikbhowmick/Python/Big_Data_Assignment/A02/airflow_env/lib/python3.11/site-packages/airflow/example_dags/example_setup_teardown.py took 0.071 seconds
