[2024-03-08T00:13:00.101+0530] {processor.py:161} INFO - Started process (PID=2038) to work on /Users/anikbhowmick/Python/Big_Data_Assignment/A02/airflow_env/lib/python3.11/site-packages/airflow/example_dags/tutorial.py
[2024-03-08T00:13:00.101+0530] {processor.py:830} INFO - Processing file /Users/anikbhowmick/Python/Big_Data_Assignment/A02/airflow_env/lib/python3.11/site-packages/airflow/example_dags/tutorial.py for tasks to queue
[2024-03-08T00:13:00.101+0530] {logging_mixin.py:188} INFO - [2024-03-08T00:13:00.101+0530] {dagbag.py:540} INFO - Filling up the DagBag from /Users/anikbhowmick/Python/Big_Data_Assignment/A02/airflow_env/lib/python3.11/site-packages/airflow/example_dags/tutorial.py
[2024-03-08T00:13:00.132+0530] {processor.py:840} INFO - DAG(s) 'tutorial' retrieved from /Users/anikbhowmick/Python/Big_Data_Assignment/A02/airflow_env/lib/python3.11/site-packages/airflow/example_dags/tutorial.py
[2024-03-08T00:13:00.162+0530] {logging_mixin.py:188} INFO - [2024-03-08T00:13:00.162+0530] {dag.py:3047} INFO - Sync 1 DAGs
[2024-03-08T00:13:00.167+0530] {logging_mixin.py:188} INFO - [2024-03-08T00:13:00.167+0530] {dag.py:3834} INFO - Setting next_dagrun for tutorial to 2024-03-06 00:00:00+00:00, run_after=2024-03-07 00:00:00+00:00
[2024-03-08T00:13:00.176+0530] {processor.py:183} INFO - Processing /Users/anikbhowmick/Python/Big_Data_Assignment/A02/airflow_env/lib/python3.11/site-packages/airflow/example_dags/tutorial.py took 0.076 seconds
[2024-03-08T00:13:50.456+0530] {processor.py:161} INFO - Started process (PID=2104) to work on /Users/anikbhowmick/Python/Big_Data_Assignment/A02/airflow_env/lib/python3.11/site-packages/airflow/example_dags/tutorial.py
[2024-03-08T00:13:50.456+0530] {processor.py:830} INFO - Processing file /Users/anikbhowmick/Python/Big_Data_Assignment/A02/airflow_env/lib/python3.11/site-packages/airflow/example_dags/tutorial.py for tasks to queue
[2024-03-08T00:13:50.457+0530] {logging_mixin.py:188} INFO - [2024-03-08T00:13:50.457+0530] {dagbag.py:540} INFO - Filling up the DagBag from /Users/anikbhowmick/Python/Big_Data_Assignment/A02/airflow_env/lib/python3.11/site-packages/airflow/example_dags/tutorial.py
[2024-03-08T00:13:50.485+0530] {processor.py:840} INFO - DAG(s) 'tutorial' retrieved from /Users/anikbhowmick/Python/Big_Data_Assignment/A02/airflow_env/lib/python3.11/site-packages/airflow/example_dags/tutorial.py
[2024-03-08T00:13:50.515+0530] {logging_mixin.py:188} INFO - [2024-03-08T00:13:50.515+0530] {dag.py:3047} INFO - Sync 1 DAGs
[2024-03-08T00:13:50.522+0530] {logging_mixin.py:188} INFO - [2024-03-08T00:13:50.522+0530] {dag.py:3834} INFO - Setting next_dagrun for tutorial to 2024-03-06 00:00:00+00:00, run_after=2024-03-07 00:00:00+00:00
[2024-03-08T00:13:50.528+0530] {processor.py:183} INFO - Processing /Users/anikbhowmick/Python/Big_Data_Assignment/A02/airflow_env/lib/python3.11/site-packages/airflow/example_dags/tutorial.py took 0.073 seconds
[2024-03-08T00:14:40.743+0530] {processor.py:161} INFO - Started process (PID=2157) to work on /Users/anikbhowmick/Python/Big_Data_Assignment/A02/airflow_env/lib/python3.11/site-packages/airflow/example_dags/tutorial.py
[2024-03-08T00:14:40.743+0530] {processor.py:830} INFO - Processing file /Users/anikbhowmick/Python/Big_Data_Assignment/A02/airflow_env/lib/python3.11/site-packages/airflow/example_dags/tutorial.py for tasks to queue
[2024-03-08T00:14:40.744+0530] {logging_mixin.py:188} INFO - [2024-03-08T00:14:40.743+0530] {dagbag.py:540} INFO - Filling up the DagBag from /Users/anikbhowmick/Python/Big_Data_Assignment/A02/airflow_env/lib/python3.11/site-packages/airflow/example_dags/tutorial.py
[2024-03-08T00:14:40.769+0530] {processor.py:840} INFO - DAG(s) 'tutorial' retrieved from /Users/anikbhowmick/Python/Big_Data_Assignment/A02/airflow_env/lib/python3.11/site-packages/airflow/example_dags/tutorial.py
[2024-03-08T00:14:40.797+0530] {logging_mixin.py:188} INFO - [2024-03-08T00:14:40.797+0530] {dag.py:3047} INFO - Sync 1 DAGs
[2024-03-08T00:14:40.805+0530] {logging_mixin.py:188} INFO - [2024-03-08T00:14:40.805+0530] {dag.py:3834} INFO - Setting next_dagrun for tutorial to 2024-03-06 00:00:00+00:00, run_after=2024-03-07 00:00:00+00:00
[2024-03-08T00:14:40.811+0530] {processor.py:183} INFO - Processing /Users/anikbhowmick/Python/Big_Data_Assignment/A02/airflow_env/lib/python3.11/site-packages/airflow/example_dags/tutorial.py took 0.070 seconds
[2024-03-08T00:15:19.549+0530] {processor.py:161} INFO - Started process (PID=2200) to work on /Users/anikbhowmick/Python/Big_Data_Assignment/A02/airflow_env/lib/python3.11/site-packages/airflow/example_dags/tutorial.py
[2024-03-08T00:15:19.550+0530] {processor.py:830} INFO - Processing file /Users/anikbhowmick/Python/Big_Data_Assignment/A02/airflow_env/lib/python3.11/site-packages/airflow/example_dags/tutorial.py for tasks to queue
[2024-03-08T00:15:19.550+0530] {logging_mixin.py:188} INFO - [2024-03-08T00:15:19.550+0530] {dagbag.py:540} INFO - Filling up the DagBag from /Users/anikbhowmick/Python/Big_Data_Assignment/A02/airflow_env/lib/python3.11/site-packages/airflow/example_dags/tutorial.py
[2024-03-08T00:15:19.577+0530] {processor.py:840} INFO - DAG(s) 'tutorial' retrieved from /Users/anikbhowmick/Python/Big_Data_Assignment/A02/airflow_env/lib/python3.11/site-packages/airflow/example_dags/tutorial.py
[2024-03-08T00:15:19.608+0530] {logging_mixin.py:188} INFO - [2024-03-08T00:15:19.608+0530] {dag.py:3047} INFO - Sync 1 DAGs
[2024-03-08T00:15:19.614+0530] {logging_mixin.py:188} INFO - [2024-03-08T00:15:19.614+0530] {dag.py:3834} INFO - Setting next_dagrun for tutorial to 2024-03-06 00:00:00+00:00, run_after=2024-03-07 00:00:00+00:00
[2024-03-08T00:15:19.620+0530] {processor.py:183} INFO - Processing /Users/anikbhowmick/Python/Big_Data_Assignment/A02/airflow_env/lib/python3.11/site-packages/airflow/example_dags/tutorial.py took 0.072 seconds
[2024-03-08T00:15:59.542+0530] {processor.py:161} INFO - Started process (PID=2242) to work on /Users/anikbhowmick/Python/Big_Data_Assignment/A02/airflow_env/lib/python3.11/site-packages/airflow/example_dags/tutorial.py
[2024-03-08T00:15:59.543+0530] {processor.py:830} INFO - Processing file /Users/anikbhowmick/Python/Big_Data_Assignment/A02/airflow_env/lib/python3.11/site-packages/airflow/example_dags/tutorial.py for tasks to queue
[2024-03-08T00:15:59.543+0530] {logging_mixin.py:188} INFO - [2024-03-08T00:15:59.543+0530] {dagbag.py:540} INFO - Filling up the DagBag from /Users/anikbhowmick/Python/Big_Data_Assignment/A02/airflow_env/lib/python3.11/site-packages/airflow/example_dags/tutorial.py
[2024-03-08T00:15:59.567+0530] {processor.py:840} INFO - DAG(s) 'tutorial' retrieved from /Users/anikbhowmick/Python/Big_Data_Assignment/A02/airflow_env/lib/python3.11/site-packages/airflow/example_dags/tutorial.py
[2024-03-08T00:15:59.596+0530] {logging_mixin.py:188} INFO - [2024-03-08T00:15:59.596+0530] {dag.py:3047} INFO - Sync 1 DAGs
[2024-03-08T00:15:59.601+0530] {logging_mixin.py:188} INFO - [2024-03-08T00:15:59.601+0530] {dag.py:3834} INFO - Setting next_dagrun for tutorial to 2024-03-06 00:00:00+00:00, run_after=2024-03-07 00:00:00+00:00
[2024-03-08T00:15:59.607+0530] {processor.py:183} INFO - Processing /Users/anikbhowmick/Python/Big_Data_Assignment/A02/airflow_env/lib/python3.11/site-packages/airflow/example_dags/tutorial.py took 0.066 seconds
[2024-03-08T00:16:40.489+0530] {processor.py:161} INFO - Started process (PID=2283) to work on /Users/anikbhowmick/Python/Big_Data_Assignment/A02/airflow_env/lib/python3.11/site-packages/airflow/example_dags/tutorial.py
[2024-03-08T00:16:40.490+0530] {processor.py:830} INFO - Processing file /Users/anikbhowmick/Python/Big_Data_Assignment/A02/airflow_env/lib/python3.11/site-packages/airflow/example_dags/tutorial.py for tasks to queue
[2024-03-08T00:16:40.490+0530] {logging_mixin.py:188} INFO - [2024-03-08T00:16:40.490+0530] {dagbag.py:540} INFO - Filling up the DagBag from /Users/anikbhowmick/Python/Big_Data_Assignment/A02/airflow_env/lib/python3.11/site-packages/airflow/example_dags/tutorial.py
[2024-03-08T00:16:40.514+0530] {processor.py:840} INFO - DAG(s) 'tutorial' retrieved from /Users/anikbhowmick/Python/Big_Data_Assignment/A02/airflow_env/lib/python3.11/site-packages/airflow/example_dags/tutorial.py
[2024-03-08T00:16:40.542+0530] {logging_mixin.py:188} INFO - [2024-03-08T00:16:40.542+0530] {dag.py:3047} INFO - Sync 1 DAGs
[2024-03-08T00:16:40.548+0530] {logging_mixin.py:188} INFO - [2024-03-08T00:16:40.548+0530] {dag.py:3834} INFO - Setting next_dagrun for tutorial to 2024-03-06 00:00:00+00:00, run_after=2024-03-07 00:00:00+00:00
[2024-03-08T00:16:40.554+0530] {processor.py:183} INFO - Processing /Users/anikbhowmick/Python/Big_Data_Assignment/A02/airflow_env/lib/python3.11/site-packages/airflow/example_dags/tutorial.py took 0.066 seconds
[2024-03-08T00:17:21.219+0530] {processor.py:161} INFO - Started process (PID=2343) to work on /Users/anikbhowmick/Python/Big_Data_Assignment/A02/airflow_env/lib/python3.11/site-packages/airflow/example_dags/tutorial.py
[2024-03-08T00:17:21.220+0530] {processor.py:830} INFO - Processing file /Users/anikbhowmick/Python/Big_Data_Assignment/A02/airflow_env/lib/python3.11/site-packages/airflow/example_dags/tutorial.py for tasks to queue
[2024-03-08T00:17:21.221+0530] {logging_mixin.py:188} INFO - [2024-03-08T00:17:21.221+0530] {dagbag.py:540} INFO - Filling up the DagBag from /Users/anikbhowmick/Python/Big_Data_Assignment/A02/airflow_env/lib/python3.11/site-packages/airflow/example_dags/tutorial.py
[2024-03-08T00:17:21.244+0530] {processor.py:840} INFO - DAG(s) 'tutorial' retrieved from /Users/anikbhowmick/Python/Big_Data_Assignment/A02/airflow_env/lib/python3.11/site-packages/airflow/example_dags/tutorial.py
[2024-03-08T00:17:21.272+0530] {logging_mixin.py:188} INFO - [2024-03-08T00:17:21.272+0530] {dag.py:3047} INFO - Sync 1 DAGs
[2024-03-08T00:17:21.278+0530] {logging_mixin.py:188} INFO - [2024-03-08T00:17:21.278+0530] {dag.py:3834} INFO - Setting next_dagrun for tutorial to 2024-03-06 00:00:00+00:00, run_after=2024-03-07 00:00:00+00:00
[2024-03-08T00:17:21.285+0530] {processor.py:183} INFO - Processing /Users/anikbhowmick/Python/Big_Data_Assignment/A02/airflow_env/lib/python3.11/site-packages/airflow/example_dags/tutorial.py took 0.066 seconds
[2024-03-08T00:18:46.265+0530] {processor.py:161} INFO - Started process (PID=2491) to work on /Users/anikbhowmick/Python/Big_Data_Assignment/A02/airflow_env/lib/python3.11/site-packages/airflow/example_dags/tutorial.py
[2024-03-08T00:18:46.266+0530] {processor.py:830} INFO - Processing file /Users/anikbhowmick/Python/Big_Data_Assignment/A02/airflow_env/lib/python3.11/site-packages/airflow/example_dags/tutorial.py for tasks to queue
[2024-03-08T00:18:46.267+0530] {logging_mixin.py:188} INFO - [2024-03-08T00:18:46.267+0530] {dagbag.py:540} INFO - Filling up the DagBag from /Users/anikbhowmick/Python/Big_Data_Assignment/A02/airflow_env/lib/python3.11/site-packages/airflow/example_dags/tutorial.py
[2024-03-08T00:18:46.293+0530] {processor.py:840} INFO - DAG(s) 'tutorial' retrieved from /Users/anikbhowmick/Python/Big_Data_Assignment/A02/airflow_env/lib/python3.11/site-packages/airflow/example_dags/tutorial.py
[2024-03-08T00:18:46.321+0530] {logging_mixin.py:188} INFO - [2024-03-08T00:18:46.321+0530] {dag.py:3047} INFO - Sync 1 DAGs
[2024-03-08T00:18:46.327+0530] {logging_mixin.py:188} INFO - [2024-03-08T00:18:46.327+0530] {dag.py:3834} INFO - Setting next_dagrun for tutorial to 2024-03-06 00:00:00+00:00, run_after=2024-03-07 00:00:00+00:00
[2024-03-08T00:18:46.333+0530] {processor.py:183} INFO - Processing /Users/anikbhowmick/Python/Big_Data_Assignment/A02/airflow_env/lib/python3.11/site-packages/airflow/example_dags/tutorial.py took 0.068 seconds
[2024-03-08T00:20:23.191+0530] {processor.py:161} INFO - Started process (PID=2646) to work on /Users/anikbhowmick/Python/Big_Data_Assignment/A02/airflow_env/lib/python3.11/site-packages/airflow/example_dags/tutorial.py
[2024-03-08T00:20:23.191+0530] {processor.py:830} INFO - Processing file /Users/anikbhowmick/Python/Big_Data_Assignment/A02/airflow_env/lib/python3.11/site-packages/airflow/example_dags/tutorial.py for tasks to queue
[2024-03-08T00:20:23.192+0530] {logging_mixin.py:188} INFO - [2024-03-08T00:20:23.192+0530] {dagbag.py:540} INFO - Filling up the DagBag from /Users/anikbhowmick/Python/Big_Data_Assignment/A02/airflow_env/lib/python3.11/site-packages/airflow/example_dags/tutorial.py
[2024-03-08T00:20:23.217+0530] {processor.py:840} INFO - DAG(s) 'tutorial' retrieved from /Users/anikbhowmick/Python/Big_Data_Assignment/A02/airflow_env/lib/python3.11/site-packages/airflow/example_dags/tutorial.py
[2024-03-08T00:20:23.246+0530] {logging_mixin.py:188} INFO - [2024-03-08T00:20:23.246+0530] {dag.py:3047} INFO - Sync 1 DAGs
[2024-03-08T00:20:23.252+0530] {logging_mixin.py:188} INFO - [2024-03-08T00:20:23.252+0530] {dag.py:3834} INFO - Setting next_dagrun for tutorial to 2024-03-06 00:00:00+00:00, run_after=2024-03-07 00:00:00+00:00
[2024-03-08T00:20:23.258+0530] {processor.py:183} INFO - Processing /Users/anikbhowmick/Python/Big_Data_Assignment/A02/airflow_env/lib/python3.11/site-packages/airflow/example_dags/tutorial.py took 0.067 seconds
[2024-03-08T00:23:23.913+0530] {processor.py:161} INFO - Started process (PID=2793) to work on /Users/anikbhowmick/Python/Big_Data_Assignment/A02/airflow_env/lib/python3.11/site-packages/airflow/example_dags/tutorial.py
[2024-03-08T00:23:23.915+0530] {processor.py:830} INFO - Processing file /Users/anikbhowmick/Python/Big_Data_Assignment/A02/airflow_env/lib/python3.11/site-packages/airflow/example_dags/tutorial.py for tasks to queue
[2024-03-08T00:23:23.915+0530] {logging_mixin.py:188} INFO - [2024-03-08T00:23:23.915+0530] {dagbag.py:540} INFO - Filling up the DagBag from /Users/anikbhowmick/Python/Big_Data_Assignment/A02/airflow_env/lib/python3.11/site-packages/airflow/example_dags/tutorial.py
[2024-03-08T00:23:23.939+0530] {processor.py:840} INFO - DAG(s) 'tutorial' retrieved from /Users/anikbhowmick/Python/Big_Data_Assignment/A02/airflow_env/lib/python3.11/site-packages/airflow/example_dags/tutorial.py
[2024-03-08T00:23:23.968+0530] {logging_mixin.py:188} INFO - [2024-03-08T00:23:23.968+0530] {dag.py:3047} INFO - Sync 1 DAGs
[2024-03-08T00:23:23.973+0530] {logging_mixin.py:188} INFO - [2024-03-08T00:23:23.973+0530] {dag.py:3834} INFO - Setting next_dagrun for tutorial to 2024-03-06 00:00:00+00:00, run_after=2024-03-07 00:00:00+00:00
[2024-03-08T00:23:23.979+0530] {processor.py:183} INFO - Processing /Users/anikbhowmick/Python/Big_Data_Assignment/A02/airflow_env/lib/python3.11/site-packages/airflow/example_dags/tutorial.py took 0.066 seconds
[2024-03-08T00:24:14.056+0530] {processor.py:161} INFO - Started process (PID=2873) to work on /Users/anikbhowmick/Python/Big_Data_Assignment/A02/airflow_env/lib/python3.11/site-packages/airflow/example_dags/tutorial.py
[2024-03-08T00:24:14.056+0530] {processor.py:830} INFO - Processing file /Users/anikbhowmick/Python/Big_Data_Assignment/A02/airflow_env/lib/python3.11/site-packages/airflow/example_dags/tutorial.py for tasks to queue
[2024-03-08T00:24:14.056+0530] {logging_mixin.py:188} INFO - [2024-03-08T00:24:14.056+0530] {dagbag.py:540} INFO - Filling up the DagBag from /Users/anikbhowmick/Python/Big_Data_Assignment/A02/airflow_env/lib/python3.11/site-packages/airflow/example_dags/tutorial.py
[2024-03-08T00:24:14.083+0530] {processor.py:840} INFO - DAG(s) 'tutorial' retrieved from /Users/anikbhowmick/Python/Big_Data_Assignment/A02/airflow_env/lib/python3.11/site-packages/airflow/example_dags/tutorial.py
[2024-03-08T00:24:14.113+0530] {logging_mixin.py:188} INFO - [2024-03-08T00:24:14.113+0530] {dag.py:3047} INFO - Sync 1 DAGs
[2024-03-08T00:24:14.118+0530] {logging_mixin.py:188} INFO - [2024-03-08T00:24:14.118+0530] {dag.py:3834} INFO - Setting next_dagrun for tutorial to 2024-03-06 00:00:00+00:00, run_after=2024-03-07 00:00:00+00:00
[2024-03-08T00:24:14.125+0530] {processor.py:183} INFO - Processing /Users/anikbhowmick/Python/Big_Data_Assignment/A02/airflow_env/lib/python3.11/site-packages/airflow/example_dags/tutorial.py took 0.070 seconds
[2024-03-08T00:25:45.745+0530] {processor.py:161} INFO - Started process (PID=3039) to work on /Users/anikbhowmick/Python/Big_Data_Assignment/A02/airflow_env/lib/python3.11/site-packages/airflow/example_dags/tutorial.py
[2024-03-08T00:25:45.746+0530] {processor.py:830} INFO - Processing file /Users/anikbhowmick/Python/Big_Data_Assignment/A02/airflow_env/lib/python3.11/site-packages/airflow/example_dags/tutorial.py for tasks to queue
[2024-03-08T00:25:45.747+0530] {logging_mixin.py:188} INFO - [2024-03-08T00:25:45.746+0530] {dagbag.py:540} INFO - Filling up the DagBag from /Users/anikbhowmick/Python/Big_Data_Assignment/A02/airflow_env/lib/python3.11/site-packages/airflow/example_dags/tutorial.py
[2024-03-08T00:25:45.772+0530] {processor.py:840} INFO - DAG(s) 'tutorial' retrieved from /Users/anikbhowmick/Python/Big_Data_Assignment/A02/airflow_env/lib/python3.11/site-packages/airflow/example_dags/tutorial.py
[2024-03-08T00:25:45.800+0530] {logging_mixin.py:188} INFO - [2024-03-08T00:25:45.800+0530] {dag.py:3047} INFO - Sync 1 DAGs
[2024-03-08T00:25:45.806+0530] {logging_mixin.py:188} INFO - [2024-03-08T00:25:45.806+0530] {dag.py:3834} INFO - Setting next_dagrun for tutorial to 2024-03-06 00:00:00+00:00, run_after=2024-03-07 00:00:00+00:00
[2024-03-08T00:25:45.812+0530] {processor.py:183} INFO - Processing /Users/anikbhowmick/Python/Big_Data_Assignment/A02/airflow_env/lib/python3.11/site-packages/airflow/example_dags/tutorial.py took 0.067 seconds
[2024-03-08T00:27:31.829+0530] {processor.py:161} INFO - Started process (PID=3241) to work on /Users/anikbhowmick/Python/Big_Data_Assignment/A02/airflow_env/lib/python3.11/site-packages/airflow/example_dags/tutorial.py
[2024-03-08T00:27:31.830+0530] {processor.py:830} INFO - Processing file /Users/anikbhowmick/Python/Big_Data_Assignment/A02/airflow_env/lib/python3.11/site-packages/airflow/example_dags/tutorial.py for tasks to queue
[2024-03-08T00:27:31.831+0530] {logging_mixin.py:188} INFO - [2024-03-08T00:27:31.830+0530] {dagbag.py:540} INFO - Filling up the DagBag from /Users/anikbhowmick/Python/Big_Data_Assignment/A02/airflow_env/lib/python3.11/site-packages/airflow/example_dags/tutorial.py
[2024-03-08T00:27:31.854+0530] {processor.py:840} INFO - DAG(s) 'tutorial' retrieved from /Users/anikbhowmick/Python/Big_Data_Assignment/A02/airflow_env/lib/python3.11/site-packages/airflow/example_dags/tutorial.py
[2024-03-08T00:27:31.883+0530] {logging_mixin.py:188} INFO - [2024-03-08T00:27:31.883+0530] {dag.py:3047} INFO - Sync 1 DAGs
[2024-03-08T00:27:31.888+0530] {logging_mixin.py:188} INFO - [2024-03-08T00:27:31.888+0530] {dag.py:3834} INFO - Setting next_dagrun for tutorial to 2024-03-06 00:00:00+00:00, run_after=2024-03-07 00:00:00+00:00
[2024-03-08T00:27:31.894+0530] {processor.py:183} INFO - Processing /Users/anikbhowmick/Python/Big_Data_Assignment/A02/airflow_env/lib/python3.11/site-packages/airflow/example_dags/tutorial.py took 0.066 seconds
[2024-03-08T00:28:31.760+0530] {processor.py:161} INFO - Started process (PID=3305) to work on /Users/anikbhowmick/Python/Big_Data_Assignment/A02/airflow_env/lib/python3.11/site-packages/airflow/example_dags/tutorial.py
[2024-03-08T00:28:31.761+0530] {processor.py:830} INFO - Processing file /Users/anikbhowmick/Python/Big_Data_Assignment/A02/airflow_env/lib/python3.11/site-packages/airflow/example_dags/tutorial.py for tasks to queue
[2024-03-08T00:28:31.761+0530] {logging_mixin.py:188} INFO - [2024-03-08T00:28:31.761+0530] {dagbag.py:540} INFO - Filling up the DagBag from /Users/anikbhowmick/Python/Big_Data_Assignment/A02/airflow_env/lib/python3.11/site-packages/airflow/example_dags/tutorial.py
[2024-03-08T00:28:31.785+0530] {processor.py:840} INFO - DAG(s) 'tutorial' retrieved from /Users/anikbhowmick/Python/Big_Data_Assignment/A02/airflow_env/lib/python3.11/site-packages/airflow/example_dags/tutorial.py
[2024-03-08T00:28:31.818+0530] {logging_mixin.py:188} INFO - [2024-03-08T00:28:31.818+0530] {dag.py:3047} INFO - Sync 1 DAGs
[2024-03-08T00:28:31.823+0530] {logging_mixin.py:188} INFO - [2024-03-08T00:28:31.823+0530] {dag.py:3834} INFO - Setting next_dagrun for tutorial to 2024-03-06 00:00:00+00:00, run_after=2024-03-07 00:00:00+00:00
[2024-03-08T00:28:31.830+0530] {processor.py:183} INFO - Processing /Users/anikbhowmick/Python/Big_Data_Assignment/A02/airflow_env/lib/python3.11/site-packages/airflow/example_dags/tutorial.py took 0.070 seconds
[2024-03-08T00:29:27.832+0530] {processor.py:161} INFO - Started process (PID=3354) to work on /Users/anikbhowmick/Python/Big_Data_Assignment/A02/airflow_env/lib/python3.11/site-packages/airflow/example_dags/tutorial.py
[2024-03-08T00:29:27.833+0530] {processor.py:830} INFO - Processing file /Users/anikbhowmick/Python/Big_Data_Assignment/A02/airflow_env/lib/python3.11/site-packages/airflow/example_dags/tutorial.py for tasks to queue
[2024-03-08T00:29:27.833+0530] {logging_mixin.py:188} INFO - [2024-03-08T00:29:27.833+0530] {dagbag.py:540} INFO - Filling up the DagBag from /Users/anikbhowmick/Python/Big_Data_Assignment/A02/airflow_env/lib/python3.11/site-packages/airflow/example_dags/tutorial.py
[2024-03-08T00:29:27.858+0530] {processor.py:840} INFO - DAG(s) 'tutorial' retrieved from /Users/anikbhowmick/Python/Big_Data_Assignment/A02/airflow_env/lib/python3.11/site-packages/airflow/example_dags/tutorial.py
[2024-03-08T00:29:27.887+0530] {logging_mixin.py:188} INFO - [2024-03-08T00:29:27.887+0530] {dag.py:3047} INFO - Sync 1 DAGs
[2024-03-08T00:29:27.893+0530] {logging_mixin.py:188} INFO - [2024-03-08T00:29:27.893+0530] {dag.py:3834} INFO - Setting next_dagrun for tutorial to 2024-03-06 00:00:00+00:00, run_after=2024-03-07 00:00:00+00:00
[2024-03-08T00:29:27.899+0530] {processor.py:183} INFO - Processing /Users/anikbhowmick/Python/Big_Data_Assignment/A02/airflow_env/lib/python3.11/site-packages/airflow/example_dags/tutorial.py took 0.067 seconds
[2024-03-08T00:30:26.153+0530] {processor.py:161} INFO - Started process (PID=3400) to work on /Users/anikbhowmick/Python/Big_Data_Assignment/A02/airflow_env/lib/python3.11/site-packages/airflow/example_dags/tutorial.py
[2024-03-08T00:30:26.154+0530] {processor.py:830} INFO - Processing file /Users/anikbhowmick/Python/Big_Data_Assignment/A02/airflow_env/lib/python3.11/site-packages/airflow/example_dags/tutorial.py for tasks to queue
[2024-03-08T00:30:26.154+0530] {logging_mixin.py:188} INFO - [2024-03-08T00:30:26.154+0530] {dagbag.py:540} INFO - Filling up the DagBag from /Users/anikbhowmick/Python/Big_Data_Assignment/A02/airflow_env/lib/python3.11/site-packages/airflow/example_dags/tutorial.py
[2024-03-08T00:30:26.178+0530] {processor.py:840} INFO - DAG(s) 'tutorial' retrieved from /Users/anikbhowmick/Python/Big_Data_Assignment/A02/airflow_env/lib/python3.11/site-packages/airflow/example_dags/tutorial.py
[2024-03-08T00:30:26.208+0530] {logging_mixin.py:188} INFO - [2024-03-08T00:30:26.208+0530] {dag.py:3047} INFO - Sync 1 DAGs
[2024-03-08T00:30:26.213+0530] {logging_mixin.py:188} INFO - [2024-03-08T00:30:26.213+0530] {dag.py:3834} INFO - Setting next_dagrun for tutorial to 2024-03-06 00:00:00+00:00, run_after=2024-03-07 00:00:00+00:00
[2024-03-08T00:30:26.220+0530] {processor.py:183} INFO - Processing /Users/anikbhowmick/Python/Big_Data_Assignment/A02/airflow_env/lib/python3.11/site-packages/airflow/example_dags/tutorial.py took 0.067 seconds
[2024-03-08T00:31:27.707+0530] {processor.py:161} INFO - Started process (PID=3481) to work on /Users/anikbhowmick/Python/Big_Data_Assignment/A02/airflow_env/lib/python3.11/site-packages/airflow/example_dags/tutorial.py
[2024-03-08T00:31:27.708+0530] {processor.py:830} INFO - Processing file /Users/anikbhowmick/Python/Big_Data_Assignment/A02/airflow_env/lib/python3.11/site-packages/airflow/example_dags/tutorial.py for tasks to queue
[2024-03-08T00:31:27.708+0530] {logging_mixin.py:188} INFO - [2024-03-08T00:31:27.708+0530] {dagbag.py:540} INFO - Filling up the DagBag from /Users/anikbhowmick/Python/Big_Data_Assignment/A02/airflow_env/lib/python3.11/site-packages/airflow/example_dags/tutorial.py
[2024-03-08T00:31:27.734+0530] {processor.py:840} INFO - DAG(s) 'tutorial' retrieved from /Users/anikbhowmick/Python/Big_Data_Assignment/A02/airflow_env/lib/python3.11/site-packages/airflow/example_dags/tutorial.py
[2024-03-08T00:31:27.764+0530] {logging_mixin.py:188} INFO - [2024-03-08T00:31:27.764+0530] {dag.py:3047} INFO - Sync 1 DAGs
[2024-03-08T00:31:27.770+0530] {logging_mixin.py:188} INFO - [2024-03-08T00:31:27.770+0530] {dag.py:3834} INFO - Setting next_dagrun for tutorial to 2024-03-06 00:00:00+00:00, run_after=2024-03-07 00:00:00+00:00
[2024-03-08T00:31:27.776+0530] {processor.py:183} INFO - Processing /Users/anikbhowmick/Python/Big_Data_Assignment/A02/airflow_env/lib/python3.11/site-packages/airflow/example_dags/tutorial.py took 0.070 seconds
[2024-03-08T00:32:29.519+0530] {processor.py:161} INFO - Started process (PID=3547) to work on /Users/anikbhowmick/Python/Big_Data_Assignment/A02/airflow_env/lib/python3.11/site-packages/airflow/example_dags/tutorial.py
[2024-03-08T00:32:29.520+0530] {processor.py:830} INFO - Processing file /Users/anikbhowmick/Python/Big_Data_Assignment/A02/airflow_env/lib/python3.11/site-packages/airflow/example_dags/tutorial.py for tasks to queue
[2024-03-08T00:32:29.520+0530] {logging_mixin.py:188} INFO - [2024-03-08T00:32:29.520+0530] {dagbag.py:540} INFO - Filling up the DagBag from /Users/anikbhowmick/Python/Big_Data_Assignment/A02/airflow_env/lib/python3.11/site-packages/airflow/example_dags/tutorial.py
[2024-03-08T00:32:29.548+0530] {processor.py:840} INFO - DAG(s) 'tutorial' retrieved from /Users/anikbhowmick/Python/Big_Data_Assignment/A02/airflow_env/lib/python3.11/site-packages/airflow/example_dags/tutorial.py
[2024-03-08T00:32:29.576+0530] {logging_mixin.py:188} INFO - [2024-03-08T00:32:29.576+0530] {dag.py:3047} INFO - Sync 1 DAGs
[2024-03-08T00:32:29.582+0530] {logging_mixin.py:188} INFO - [2024-03-08T00:32:29.582+0530] {dag.py:3834} INFO - Setting next_dagrun for tutorial to 2024-03-06 00:00:00+00:00, run_after=2024-03-07 00:00:00+00:00
[2024-03-08T00:32:29.588+0530] {processor.py:183} INFO - Processing /Users/anikbhowmick/Python/Big_Data_Assignment/A02/airflow_env/lib/python3.11/site-packages/airflow/example_dags/tutorial.py took 0.069 seconds
[2024-03-08T00:33:27.819+0530] {processor.py:161} INFO - Started process (PID=3598) to work on /Users/anikbhowmick/Python/Big_Data_Assignment/A02/airflow_env/lib/python3.11/site-packages/airflow/example_dags/tutorial.py
[2024-03-08T00:33:27.819+0530] {processor.py:830} INFO - Processing file /Users/anikbhowmick/Python/Big_Data_Assignment/A02/airflow_env/lib/python3.11/site-packages/airflow/example_dags/tutorial.py for tasks to queue
[2024-03-08T00:33:27.819+0530] {logging_mixin.py:188} INFO - [2024-03-08T00:33:27.819+0530] {dagbag.py:540} INFO - Filling up the DagBag from /Users/anikbhowmick/Python/Big_Data_Assignment/A02/airflow_env/lib/python3.11/site-packages/airflow/example_dags/tutorial.py
[2024-03-08T00:33:27.844+0530] {processor.py:840} INFO - DAG(s) 'tutorial' retrieved from /Users/anikbhowmick/Python/Big_Data_Assignment/A02/airflow_env/lib/python3.11/site-packages/airflow/example_dags/tutorial.py
[2024-03-08T00:33:27.874+0530] {logging_mixin.py:188} INFO - [2024-03-08T00:33:27.874+0530] {dag.py:3047} INFO - Sync 1 DAGs
[2024-03-08T00:33:27.880+0530] {logging_mixin.py:188} INFO - [2024-03-08T00:33:27.880+0530] {dag.py:3834} INFO - Setting next_dagrun for tutorial to 2024-03-06 00:00:00+00:00, run_after=2024-03-07 00:00:00+00:00
[2024-03-08T00:33:27.886+0530] {processor.py:183} INFO - Processing /Users/anikbhowmick/Python/Big_Data_Assignment/A02/airflow_env/lib/python3.11/site-packages/airflow/example_dags/tutorial.py took 0.068 seconds
[2024-03-08T00:34:27.025+0530] {processor.py:161} INFO - Started process (PID=3666) to work on /Users/anikbhowmick/Python/Big_Data_Assignment/A02/airflow_env/lib/python3.11/site-packages/airflow/example_dags/tutorial.py
[2024-03-08T00:34:27.026+0530] {processor.py:830} INFO - Processing file /Users/anikbhowmick/Python/Big_Data_Assignment/A02/airflow_env/lib/python3.11/site-packages/airflow/example_dags/tutorial.py for tasks to queue
[2024-03-08T00:34:27.027+0530] {logging_mixin.py:188} INFO - [2024-03-08T00:34:27.027+0530] {dagbag.py:540} INFO - Filling up the DagBag from /Users/anikbhowmick/Python/Big_Data_Assignment/A02/airflow_env/lib/python3.11/site-packages/airflow/example_dags/tutorial.py
[2024-03-08T00:34:27.054+0530] {processor.py:840} INFO - DAG(s) 'tutorial' retrieved from /Users/anikbhowmick/Python/Big_Data_Assignment/A02/airflow_env/lib/python3.11/site-packages/airflow/example_dags/tutorial.py
[2024-03-08T00:34:27.085+0530] {logging_mixin.py:188} INFO - [2024-03-08T00:34:27.085+0530] {dag.py:3047} INFO - Sync 1 DAGs
[2024-03-08T00:34:27.091+0530] {logging_mixin.py:188} INFO - [2024-03-08T00:34:27.091+0530] {dag.py:3834} INFO - Setting next_dagrun for tutorial to 2024-03-06 00:00:00+00:00, run_after=2024-03-07 00:00:00+00:00
[2024-03-08T00:34:27.099+0530] {processor.py:183} INFO - Processing /Users/anikbhowmick/Python/Big_Data_Assignment/A02/airflow_env/lib/python3.11/site-packages/airflow/example_dags/tutorial.py took 0.074 seconds
[2024-03-08T00:35:24.650+0530] {processor.py:161} INFO - Started process (PID=3707) to work on /Users/anikbhowmick/Python/Big_Data_Assignment/A02/airflow_env/lib/python3.11/site-packages/airflow/example_dags/tutorial.py
[2024-03-08T00:35:24.651+0530] {processor.py:830} INFO - Processing file /Users/anikbhowmick/Python/Big_Data_Assignment/A02/airflow_env/lib/python3.11/site-packages/airflow/example_dags/tutorial.py for tasks to queue
[2024-03-08T00:35:24.651+0530] {logging_mixin.py:188} INFO - [2024-03-08T00:35:24.651+0530] {dagbag.py:540} INFO - Filling up the DagBag from /Users/anikbhowmick/Python/Big_Data_Assignment/A02/airflow_env/lib/python3.11/site-packages/airflow/example_dags/tutorial.py
[2024-03-08T00:35:24.675+0530] {processor.py:840} INFO - DAG(s) 'tutorial' retrieved from /Users/anikbhowmick/Python/Big_Data_Assignment/A02/airflow_env/lib/python3.11/site-packages/airflow/example_dags/tutorial.py
[2024-03-08T00:35:24.703+0530] {logging_mixin.py:188} INFO - [2024-03-08T00:35:24.703+0530] {dag.py:3047} INFO - Sync 1 DAGs
[2024-03-08T00:35:24.708+0530] {logging_mixin.py:188} INFO - [2024-03-08T00:35:24.708+0530] {dag.py:3834} INFO - Setting next_dagrun for tutorial to 2024-03-06 00:00:00+00:00, run_after=2024-03-07 00:00:00+00:00
[2024-03-08T00:35:24.714+0530] {processor.py:183} INFO - Processing /Users/anikbhowmick/Python/Big_Data_Assignment/A02/airflow_env/lib/python3.11/site-packages/airflow/example_dags/tutorial.py took 0.065 seconds
[2024-03-08T00:36:20.778+0530] {processor.py:161} INFO - Started process (PID=3757) to work on /Users/anikbhowmick/Python/Big_Data_Assignment/A02/airflow_env/lib/python3.11/site-packages/airflow/example_dags/tutorial.py
[2024-03-08T00:36:20.779+0530] {processor.py:830} INFO - Processing file /Users/anikbhowmick/Python/Big_Data_Assignment/A02/airflow_env/lib/python3.11/site-packages/airflow/example_dags/tutorial.py for tasks to queue
[2024-03-08T00:36:20.779+0530] {logging_mixin.py:188} INFO - [2024-03-08T00:36:20.779+0530] {dagbag.py:540} INFO - Filling up the DagBag from /Users/anikbhowmick/Python/Big_Data_Assignment/A02/airflow_env/lib/python3.11/site-packages/airflow/example_dags/tutorial.py
[2024-03-08T00:36:20.803+0530] {processor.py:840} INFO - DAG(s) 'tutorial' retrieved from /Users/anikbhowmick/Python/Big_Data_Assignment/A02/airflow_env/lib/python3.11/site-packages/airflow/example_dags/tutorial.py
[2024-03-08T00:36:20.832+0530] {logging_mixin.py:188} INFO - [2024-03-08T00:36:20.831+0530] {dag.py:3047} INFO - Sync 1 DAGs
[2024-03-08T00:36:20.838+0530] {logging_mixin.py:188} INFO - [2024-03-08T00:36:20.838+0530] {dag.py:3834} INFO - Setting next_dagrun for tutorial to 2024-03-06 00:00:00+00:00, run_after=2024-03-07 00:00:00+00:00
[2024-03-08T00:36:20.844+0530] {processor.py:183} INFO - Processing /Users/anikbhowmick/Python/Big_Data_Assignment/A02/airflow_env/lib/python3.11/site-packages/airflow/example_dags/tutorial.py took 0.066 seconds
[2024-03-08T00:37:18.233+0530] {processor.py:161} INFO - Started process (PID=3802) to work on /Users/anikbhowmick/Python/Big_Data_Assignment/A02/airflow_env/lib/python3.11/site-packages/airflow/example_dags/tutorial.py
[2024-03-08T00:37:18.234+0530] {processor.py:830} INFO - Processing file /Users/anikbhowmick/Python/Big_Data_Assignment/A02/airflow_env/lib/python3.11/site-packages/airflow/example_dags/tutorial.py for tasks to queue
[2024-03-08T00:37:18.234+0530] {logging_mixin.py:188} INFO - [2024-03-08T00:37:18.234+0530] {dagbag.py:540} INFO - Filling up the DagBag from /Users/anikbhowmick/Python/Big_Data_Assignment/A02/airflow_env/lib/python3.11/site-packages/airflow/example_dags/tutorial.py
[2024-03-08T00:37:18.261+0530] {processor.py:840} INFO - DAG(s) 'tutorial' retrieved from /Users/anikbhowmick/Python/Big_Data_Assignment/A02/airflow_env/lib/python3.11/site-packages/airflow/example_dags/tutorial.py
[2024-03-08T00:37:18.292+0530] {logging_mixin.py:188} INFO - [2024-03-08T00:37:18.292+0530] {dag.py:3047} INFO - Sync 1 DAGs
[2024-03-08T00:37:18.299+0530] {logging_mixin.py:188} INFO - [2024-03-08T00:37:18.299+0530] {dag.py:3834} INFO - Setting next_dagrun for tutorial to 2024-03-06 00:00:00+00:00, run_after=2024-03-07 00:00:00+00:00
[2024-03-08T00:37:18.305+0530] {processor.py:183} INFO - Processing /Users/anikbhowmick/Python/Big_Data_Assignment/A02/airflow_env/lib/python3.11/site-packages/airflow/example_dags/tutorial.py took 0.073 seconds
[2024-03-08T00:38:15.714+0530] {processor.py:161} INFO - Started process (PID=3837) to work on /Users/anikbhowmick/Python/Big_Data_Assignment/A02/airflow_env/lib/python3.11/site-packages/airflow/example_dags/tutorial.py
[2024-03-08T00:38:15.716+0530] {processor.py:830} INFO - Processing file /Users/anikbhowmick/Python/Big_Data_Assignment/A02/airflow_env/lib/python3.11/site-packages/airflow/example_dags/tutorial.py for tasks to queue
[2024-03-08T00:38:15.716+0530] {logging_mixin.py:188} INFO - [2024-03-08T00:38:15.716+0530] {dagbag.py:540} INFO - Filling up the DagBag from /Users/anikbhowmick/Python/Big_Data_Assignment/A02/airflow_env/lib/python3.11/site-packages/airflow/example_dags/tutorial.py
[2024-03-08T00:38:15.743+0530] {processor.py:840} INFO - DAG(s) 'tutorial' retrieved from /Users/anikbhowmick/Python/Big_Data_Assignment/A02/airflow_env/lib/python3.11/site-packages/airflow/example_dags/tutorial.py
[2024-03-08T00:38:15.775+0530] {logging_mixin.py:188} INFO - [2024-03-08T00:38:15.775+0530] {dag.py:3047} INFO - Sync 1 DAGs
[2024-03-08T00:38:15.781+0530] {logging_mixin.py:188} INFO - [2024-03-08T00:38:15.781+0530] {dag.py:3834} INFO - Setting next_dagrun for tutorial to 2024-03-06 00:00:00+00:00, run_after=2024-03-07 00:00:00+00:00
[2024-03-08T00:38:15.787+0530] {processor.py:183} INFO - Processing /Users/anikbhowmick/Python/Big_Data_Assignment/A02/airflow_env/lib/python3.11/site-packages/airflow/example_dags/tutorial.py took 0.074 seconds
[2024-03-08T00:39:13.769+0530] {processor.py:161} INFO - Started process (PID=3874) to work on /Users/anikbhowmick/Python/Big_Data_Assignment/A02/airflow_env/lib/python3.11/site-packages/airflow/example_dags/tutorial.py
[2024-03-08T00:39:13.770+0530] {processor.py:830} INFO - Processing file /Users/anikbhowmick/Python/Big_Data_Assignment/A02/airflow_env/lib/python3.11/site-packages/airflow/example_dags/tutorial.py for tasks to queue
[2024-03-08T00:39:13.771+0530] {logging_mixin.py:188} INFO - [2024-03-08T00:39:13.771+0530] {dagbag.py:540} INFO - Filling up the DagBag from /Users/anikbhowmick/Python/Big_Data_Assignment/A02/airflow_env/lib/python3.11/site-packages/airflow/example_dags/tutorial.py
[2024-03-08T00:39:13.794+0530] {processor.py:840} INFO - DAG(s) 'tutorial' retrieved from /Users/anikbhowmick/Python/Big_Data_Assignment/A02/airflow_env/lib/python3.11/site-packages/airflow/example_dags/tutorial.py
[2024-03-08T00:39:13.823+0530] {logging_mixin.py:188} INFO - [2024-03-08T00:39:13.823+0530] {dag.py:3047} INFO - Sync 1 DAGs
[2024-03-08T00:39:13.829+0530] {logging_mixin.py:188} INFO - [2024-03-08T00:39:13.829+0530] {dag.py:3834} INFO - Setting next_dagrun for tutorial to 2024-03-06 00:00:00+00:00, run_after=2024-03-07 00:00:00+00:00
[2024-03-08T00:39:13.835+0530] {processor.py:183} INFO - Processing /Users/anikbhowmick/Python/Big_Data_Assignment/A02/airflow_env/lib/python3.11/site-packages/airflow/example_dags/tutorial.py took 0.066 seconds
[2024-03-08T00:40:13.421+0530] {processor.py:161} INFO - Started process (PID=3920) to work on /Users/anikbhowmick/Python/Big_Data_Assignment/A02/airflow_env/lib/python3.11/site-packages/airflow/example_dags/tutorial.py
[2024-03-08T00:40:13.423+0530] {processor.py:830} INFO - Processing file /Users/anikbhowmick/Python/Big_Data_Assignment/A02/airflow_env/lib/python3.11/site-packages/airflow/example_dags/tutorial.py for tasks to queue
[2024-03-08T00:40:13.423+0530] {logging_mixin.py:188} INFO - [2024-03-08T00:40:13.423+0530] {dagbag.py:540} INFO - Filling up the DagBag from /Users/anikbhowmick/Python/Big_Data_Assignment/A02/airflow_env/lib/python3.11/site-packages/airflow/example_dags/tutorial.py
[2024-03-08T00:40:13.447+0530] {processor.py:840} INFO - DAG(s) 'tutorial' retrieved from /Users/anikbhowmick/Python/Big_Data_Assignment/A02/airflow_env/lib/python3.11/site-packages/airflow/example_dags/tutorial.py
[2024-03-08T00:40:13.476+0530] {logging_mixin.py:188} INFO - [2024-03-08T00:40:13.476+0530] {dag.py:3047} INFO - Sync 1 DAGs
[2024-03-08T00:40:13.482+0530] {logging_mixin.py:188} INFO - [2024-03-08T00:40:13.482+0530] {dag.py:3834} INFO - Setting next_dagrun for tutorial to 2024-03-06 00:00:00+00:00, run_after=2024-03-07 00:00:00+00:00
[2024-03-08T00:40:13.488+0530] {processor.py:183} INFO - Processing /Users/anikbhowmick/Python/Big_Data_Assignment/A02/airflow_env/lib/python3.11/site-packages/airflow/example_dags/tutorial.py took 0.067 seconds
