[2024-03-08T00:12:59.085+0530] {processor.py:161} INFO - Started process (PID=2037) to work on /Users/anikbhowmick/Python/Big_Data_Assignment/A02/airflow_env/lib/python3.11/site-packages/airflow/example_dags/tutorial_dag.py
[2024-03-08T00:12:59.086+0530] {processor.py:830} INFO - Processing file /Users/anikbhowmick/Python/Big_Data_Assignment/A02/airflow_env/lib/python3.11/site-packages/airflow/example_dags/tutorial_dag.py for tasks to queue
[2024-03-08T00:12:59.086+0530] {logging_mixin.py:188} INFO - [2024-03-08T00:12:59.086+0530] {dagbag.py:540} INFO - Filling up the DagBag from /Users/anikbhowmick/Python/Big_Data_Assignment/A02/airflow_env/lib/python3.11/site-packages/airflow/example_dags/tutorial_dag.py
[2024-03-08T00:12:59.118+0530] {processor.py:840} INFO - DAG(s) 'tutorial_dag' retrieved from /Users/anikbhowmick/Python/Big_Data_Assignment/A02/airflow_env/lib/python3.11/site-packages/airflow/example_dags/tutorial_dag.py
[2024-03-08T00:12:59.147+0530] {logging_mixin.py:188} INFO - [2024-03-08T00:12:59.147+0530] {dag.py:3047} INFO - Sync 1 DAGs
[2024-03-08T00:12:59.150+0530] {logging_mixin.py:188} INFO - [2024-03-08T00:12:59.150+0530] {dag.py:3834} INFO - Setting next_dagrun for tutorial_dag to None, run_after=None
[2024-03-08T00:12:59.156+0530] {processor.py:183} INFO - Processing /Users/anikbhowmick/Python/Big_Data_Assignment/A02/airflow_env/lib/python3.11/site-packages/airflow/example_dags/tutorial_dag.py took 0.071 seconds
[2024-03-08T00:13:49.392+0530] {processor.py:161} INFO - Started process (PID=2103) to work on /Users/anikbhowmick/Python/Big_Data_Assignment/A02/airflow_env/lib/python3.11/site-packages/airflow/example_dags/tutorial_dag.py
[2024-03-08T00:13:49.393+0530] {processor.py:830} INFO - Processing file /Users/anikbhowmick/Python/Big_Data_Assignment/A02/airflow_env/lib/python3.11/site-packages/airflow/example_dags/tutorial_dag.py for tasks to queue
[2024-03-08T00:13:49.393+0530] {logging_mixin.py:188} INFO - [2024-03-08T00:13:49.393+0530] {dagbag.py:540} INFO - Filling up the DagBag from /Users/anikbhowmick/Python/Big_Data_Assignment/A02/airflow_env/lib/python3.11/site-packages/airflow/example_dags/tutorial_dag.py
[2024-03-08T00:13:49.423+0530] {processor.py:840} INFO - DAG(s) 'tutorial_dag' retrieved from /Users/anikbhowmick/Python/Big_Data_Assignment/A02/airflow_env/lib/python3.11/site-packages/airflow/example_dags/tutorial_dag.py
[2024-03-08T00:13:49.452+0530] {logging_mixin.py:188} INFO - [2024-03-08T00:13:49.451+0530] {dag.py:3047} INFO - Sync 1 DAGs
[2024-03-08T00:13:49.454+0530] {logging_mixin.py:188} INFO - [2024-03-08T00:13:49.454+0530] {dag.py:3834} INFO - Setting next_dagrun for tutorial_dag to None, run_after=None
[2024-03-08T00:13:49.461+0530] {processor.py:183} INFO - Processing /Users/anikbhowmick/Python/Big_Data_Assignment/A02/airflow_env/lib/python3.11/site-packages/airflow/example_dags/tutorial_dag.py took 0.069 seconds
[2024-03-08T00:14:39.801+0530] {processor.py:161} INFO - Started process (PID=2156) to work on /Users/anikbhowmick/Python/Big_Data_Assignment/A02/airflow_env/lib/python3.11/site-packages/airflow/example_dags/tutorial_dag.py
[2024-03-08T00:14:39.802+0530] {processor.py:830} INFO - Processing file /Users/anikbhowmick/Python/Big_Data_Assignment/A02/airflow_env/lib/python3.11/site-packages/airflow/example_dags/tutorial_dag.py for tasks to queue
[2024-03-08T00:14:39.802+0530] {logging_mixin.py:188} INFO - [2024-03-08T00:14:39.802+0530] {dagbag.py:540} INFO - Filling up the DagBag from /Users/anikbhowmick/Python/Big_Data_Assignment/A02/airflow_env/lib/python3.11/site-packages/airflow/example_dags/tutorial_dag.py
[2024-03-08T00:14:39.839+0530] {processor.py:840} INFO - DAG(s) 'tutorial_dag' retrieved from /Users/anikbhowmick/Python/Big_Data_Assignment/A02/airflow_env/lib/python3.11/site-packages/airflow/example_dags/tutorial_dag.py
[2024-03-08T00:14:39.872+0530] {logging_mixin.py:188} INFO - [2024-03-08T00:14:39.872+0530] {dag.py:3047} INFO - Sync 1 DAGs
[2024-03-08T00:14:39.875+0530] {logging_mixin.py:188} INFO - [2024-03-08T00:14:39.875+0530] {dag.py:3834} INFO - Setting next_dagrun for tutorial_dag to None, run_after=None
[2024-03-08T00:14:39.882+0530] {processor.py:183} INFO - Processing /Users/anikbhowmick/Python/Big_Data_Assignment/A02/airflow_env/lib/python3.11/site-packages/airflow/example_dags/tutorial_dag.py took 0.082 seconds
[2024-03-08T00:15:18.500+0530] {processor.py:161} INFO - Started process (PID=2199) to work on /Users/anikbhowmick/Python/Big_Data_Assignment/A02/airflow_env/lib/python3.11/site-packages/airflow/example_dags/tutorial_dag.py
[2024-03-08T00:15:18.501+0530] {processor.py:830} INFO - Processing file /Users/anikbhowmick/Python/Big_Data_Assignment/A02/airflow_env/lib/python3.11/site-packages/airflow/example_dags/tutorial_dag.py for tasks to queue
[2024-03-08T00:15:18.501+0530] {logging_mixin.py:188} INFO - [2024-03-08T00:15:18.501+0530] {dagbag.py:540} INFO - Filling up the DagBag from /Users/anikbhowmick/Python/Big_Data_Assignment/A02/airflow_env/lib/python3.11/site-packages/airflow/example_dags/tutorial_dag.py
[2024-03-08T00:15:18.536+0530] {processor.py:840} INFO - DAG(s) 'tutorial_dag' retrieved from /Users/anikbhowmick/Python/Big_Data_Assignment/A02/airflow_env/lib/python3.11/site-packages/airflow/example_dags/tutorial_dag.py
[2024-03-08T00:15:18.568+0530] {logging_mixin.py:188} INFO - [2024-03-08T00:15:18.568+0530] {dag.py:3047} INFO - Sync 1 DAGs
[2024-03-08T00:15:18.571+0530] {logging_mixin.py:188} INFO - [2024-03-08T00:15:18.571+0530] {dag.py:3834} INFO - Setting next_dagrun for tutorial_dag to None, run_after=None
[2024-03-08T00:15:18.577+0530] {processor.py:183} INFO - Processing /Users/anikbhowmick/Python/Big_Data_Assignment/A02/airflow_env/lib/python3.11/site-packages/airflow/example_dags/tutorial_dag.py took 0.078 seconds
[2024-03-08T00:15:58.477+0530] {processor.py:161} INFO - Started process (PID=2241) to work on /Users/anikbhowmick/Python/Big_Data_Assignment/A02/airflow_env/lib/python3.11/site-packages/airflow/example_dags/tutorial_dag.py
[2024-03-08T00:15:58.478+0530] {processor.py:830} INFO - Processing file /Users/anikbhowmick/Python/Big_Data_Assignment/A02/airflow_env/lib/python3.11/site-packages/airflow/example_dags/tutorial_dag.py for tasks to queue
[2024-03-08T00:15:58.478+0530] {logging_mixin.py:188} INFO - [2024-03-08T00:15:58.478+0530] {dagbag.py:540} INFO - Filling up the DagBag from /Users/anikbhowmick/Python/Big_Data_Assignment/A02/airflow_env/lib/python3.11/site-packages/airflow/example_dags/tutorial_dag.py
[2024-03-08T00:15:58.507+0530] {processor.py:840} INFO - DAG(s) 'tutorial_dag' retrieved from /Users/anikbhowmick/Python/Big_Data_Assignment/A02/airflow_env/lib/python3.11/site-packages/airflow/example_dags/tutorial_dag.py
[2024-03-08T00:15:58.536+0530] {logging_mixin.py:188} INFO - [2024-03-08T00:15:58.536+0530] {dag.py:3047} INFO - Sync 1 DAGs
[2024-03-08T00:15:58.538+0530] {logging_mixin.py:188} INFO - [2024-03-08T00:15:58.538+0530] {dag.py:3834} INFO - Setting next_dagrun for tutorial_dag to None, run_after=None
[2024-03-08T00:15:58.545+0530] {processor.py:183} INFO - Processing /Users/anikbhowmick/Python/Big_Data_Assignment/A02/airflow_env/lib/python3.11/site-packages/airflow/example_dags/tutorial_dag.py took 0.068 seconds
[2024-03-08T00:16:39.442+0530] {processor.py:161} INFO - Started process (PID=2282) to work on /Users/anikbhowmick/Python/Big_Data_Assignment/A02/airflow_env/lib/python3.11/site-packages/airflow/example_dags/tutorial_dag.py
[2024-03-08T00:16:39.443+0530] {processor.py:830} INFO - Processing file /Users/anikbhowmick/Python/Big_Data_Assignment/A02/airflow_env/lib/python3.11/site-packages/airflow/example_dags/tutorial_dag.py for tasks to queue
[2024-03-08T00:16:39.443+0530] {logging_mixin.py:188} INFO - [2024-03-08T00:16:39.443+0530] {dagbag.py:540} INFO - Filling up the DagBag from /Users/anikbhowmick/Python/Big_Data_Assignment/A02/airflow_env/lib/python3.11/site-packages/airflow/example_dags/tutorial_dag.py
[2024-03-08T00:16:39.473+0530] {processor.py:840} INFO - DAG(s) 'tutorial_dag' retrieved from /Users/anikbhowmick/Python/Big_Data_Assignment/A02/airflow_env/lib/python3.11/site-packages/airflow/example_dags/tutorial_dag.py
[2024-03-08T00:16:39.501+0530] {logging_mixin.py:188} INFO - [2024-03-08T00:16:39.501+0530] {dag.py:3047} INFO - Sync 1 DAGs
[2024-03-08T00:16:39.504+0530] {logging_mixin.py:188} INFO - [2024-03-08T00:16:39.504+0530] {dag.py:3834} INFO - Setting next_dagrun for tutorial_dag to None, run_after=None
[2024-03-08T00:16:39.510+0530] {processor.py:183} INFO - Processing /Users/anikbhowmick/Python/Big_Data_Assignment/A02/airflow_env/lib/python3.11/site-packages/airflow/example_dags/tutorial_dag.py took 0.069 seconds
[2024-03-08T00:17:20.192+0530] {processor.py:161} INFO - Started process (PID=2341) to work on /Users/anikbhowmick/Python/Big_Data_Assignment/A02/airflow_env/lib/python3.11/site-packages/airflow/example_dags/tutorial_dag.py
[2024-03-08T00:17:20.192+0530] {processor.py:830} INFO - Processing file /Users/anikbhowmick/Python/Big_Data_Assignment/A02/airflow_env/lib/python3.11/site-packages/airflow/example_dags/tutorial_dag.py for tasks to queue
[2024-03-08T00:17:20.192+0530] {logging_mixin.py:188} INFO - [2024-03-08T00:17:20.192+0530] {dagbag.py:540} INFO - Filling up the DagBag from /Users/anikbhowmick/Python/Big_Data_Assignment/A02/airflow_env/lib/python3.11/site-packages/airflow/example_dags/tutorial_dag.py
[2024-03-08T00:17:20.225+0530] {processor.py:840} INFO - DAG(s) 'tutorial_dag' retrieved from /Users/anikbhowmick/Python/Big_Data_Assignment/A02/airflow_env/lib/python3.11/site-packages/airflow/example_dags/tutorial_dag.py
[2024-03-08T00:17:20.255+0530] {logging_mixin.py:188} INFO - [2024-03-08T00:17:20.255+0530] {dag.py:3047} INFO - Sync 1 DAGs
[2024-03-08T00:17:20.258+0530] {logging_mixin.py:188} INFO - [2024-03-08T00:17:20.258+0530] {dag.py:3834} INFO - Setting next_dagrun for tutorial_dag to None, run_after=None
[2024-03-08T00:17:20.265+0530] {processor.py:183} INFO - Processing /Users/anikbhowmick/Python/Big_Data_Assignment/A02/airflow_env/lib/python3.11/site-packages/airflow/example_dags/tutorial_dag.py took 0.074 seconds
[2024-03-08T00:18:44.509+0530] {processor.py:161} INFO - Started process (PID=2490) to work on /Users/anikbhowmick/Python/Big_Data_Assignment/A02/airflow_env/lib/python3.11/site-packages/airflow/example_dags/tutorial_dag.py
[2024-03-08T00:18:44.511+0530] {processor.py:830} INFO - Processing file /Users/anikbhowmick/Python/Big_Data_Assignment/A02/airflow_env/lib/python3.11/site-packages/airflow/example_dags/tutorial_dag.py for tasks to queue
[2024-03-08T00:18:44.511+0530] {logging_mixin.py:188} INFO - [2024-03-08T00:18:44.511+0530] {dagbag.py:540} INFO - Filling up the DagBag from /Users/anikbhowmick/Python/Big_Data_Assignment/A02/airflow_env/lib/python3.11/site-packages/airflow/example_dags/tutorial_dag.py
[2024-03-08T00:18:44.540+0530] {processor.py:840} INFO - DAG(s) 'tutorial_dag' retrieved from /Users/anikbhowmick/Python/Big_Data_Assignment/A02/airflow_env/lib/python3.11/site-packages/airflow/example_dags/tutorial_dag.py
[2024-03-08T00:18:44.567+0530] {logging_mixin.py:188} INFO - [2024-03-08T00:18:44.567+0530] {dag.py:3047} INFO - Sync 1 DAGs
[2024-03-08T00:18:44.570+0530] {logging_mixin.py:188} INFO - [2024-03-08T00:18:44.570+0530] {dag.py:3834} INFO - Setting next_dagrun for tutorial_dag to None, run_after=None
[2024-03-08T00:18:44.576+0530] {processor.py:183} INFO - Processing /Users/anikbhowmick/Python/Big_Data_Assignment/A02/airflow_env/lib/python3.11/site-packages/airflow/example_dags/tutorial_dag.py took 0.067 seconds
[2024-03-08T00:20:22.148+0530] {processor.py:161} INFO - Started process (PID=2643) to work on /Users/anikbhowmick/Python/Big_Data_Assignment/A02/airflow_env/lib/python3.11/site-packages/airflow/example_dags/tutorial_dag.py
[2024-03-08T00:20:22.149+0530] {processor.py:830} INFO - Processing file /Users/anikbhowmick/Python/Big_Data_Assignment/A02/airflow_env/lib/python3.11/site-packages/airflow/example_dags/tutorial_dag.py for tasks to queue
[2024-03-08T00:20:22.149+0530] {logging_mixin.py:188} INFO - [2024-03-08T00:20:22.149+0530] {dagbag.py:540} INFO - Filling up the DagBag from /Users/anikbhowmick/Python/Big_Data_Assignment/A02/airflow_env/lib/python3.11/site-packages/airflow/example_dags/tutorial_dag.py
[2024-03-08T00:20:22.179+0530] {processor.py:840} INFO - DAG(s) 'tutorial_dag' retrieved from /Users/anikbhowmick/Python/Big_Data_Assignment/A02/airflow_env/lib/python3.11/site-packages/airflow/example_dags/tutorial_dag.py
[2024-03-08T00:20:22.207+0530] {logging_mixin.py:188} INFO - [2024-03-08T00:20:22.207+0530] {dag.py:3047} INFO - Sync 1 DAGs
[2024-03-08T00:20:22.210+0530] {logging_mixin.py:188} INFO - [2024-03-08T00:20:22.209+0530] {dag.py:3834} INFO - Setting next_dagrun for tutorial_dag to None, run_after=None
[2024-03-08T00:20:22.215+0530] {processor.py:183} INFO - Processing /Users/anikbhowmick/Python/Big_Data_Assignment/A02/airflow_env/lib/python3.11/site-packages/airflow/example_dags/tutorial_dag.py took 0.068 seconds
[2024-03-08T00:23:21.704+0530] {processor.py:161} INFO - Started process (PID=2789) to work on /Users/anikbhowmick/Python/Big_Data_Assignment/A02/airflow_env/lib/python3.11/site-packages/airflow/example_dags/tutorial_dag.py
[2024-03-08T00:23:21.705+0530] {processor.py:830} INFO - Processing file /Users/anikbhowmick/Python/Big_Data_Assignment/A02/airflow_env/lib/python3.11/site-packages/airflow/example_dags/tutorial_dag.py for tasks to queue
[2024-03-08T00:23:21.705+0530] {logging_mixin.py:188} INFO - [2024-03-08T00:23:21.705+0530] {dagbag.py:540} INFO - Filling up the DagBag from /Users/anikbhowmick/Python/Big_Data_Assignment/A02/airflow_env/lib/python3.11/site-packages/airflow/example_dags/tutorial_dag.py
[2024-03-08T00:23:21.734+0530] {processor.py:840} INFO - DAG(s) 'tutorial_dag' retrieved from /Users/anikbhowmick/Python/Big_Data_Assignment/A02/airflow_env/lib/python3.11/site-packages/airflow/example_dags/tutorial_dag.py
[2024-03-08T00:23:21.762+0530] {logging_mixin.py:188} INFO - [2024-03-08T00:23:21.762+0530] {dag.py:3047} INFO - Sync 1 DAGs
[2024-03-08T00:23:21.765+0530] {logging_mixin.py:188} INFO - [2024-03-08T00:23:21.765+0530] {dag.py:3834} INFO - Setting next_dagrun for tutorial_dag to None, run_after=None
[2024-03-08T00:23:21.771+0530] {processor.py:183} INFO - Processing /Users/anikbhowmick/Python/Big_Data_Assignment/A02/airflow_env/lib/python3.11/site-packages/airflow/example_dags/tutorial_dag.py took 0.067 seconds
[2024-03-08T00:24:13.203+0530] {processor.py:161} INFO - Started process (PID=2872) to work on /Users/anikbhowmick/Python/Big_Data_Assignment/A02/airflow_env/lib/python3.11/site-packages/airflow/example_dags/tutorial_dag.py
[2024-03-08T00:24:13.204+0530] {processor.py:830} INFO - Processing file /Users/anikbhowmick/Python/Big_Data_Assignment/A02/airflow_env/lib/python3.11/site-packages/airflow/example_dags/tutorial_dag.py for tasks to queue
[2024-03-08T00:24:13.204+0530] {logging_mixin.py:188} INFO - [2024-03-08T00:24:13.204+0530] {dagbag.py:540} INFO - Filling up the DagBag from /Users/anikbhowmick/Python/Big_Data_Assignment/A02/airflow_env/lib/python3.11/site-packages/airflow/example_dags/tutorial_dag.py
[2024-03-08T00:24:13.233+0530] {processor.py:840} INFO - DAG(s) 'tutorial_dag' retrieved from /Users/anikbhowmick/Python/Big_Data_Assignment/A02/airflow_env/lib/python3.11/site-packages/airflow/example_dags/tutorial_dag.py
[2024-03-08T00:24:13.261+0530] {logging_mixin.py:188} INFO - [2024-03-08T00:24:13.261+0530] {dag.py:3047} INFO - Sync 1 DAGs
[2024-03-08T00:24:13.264+0530] {logging_mixin.py:188} INFO - [2024-03-08T00:24:13.264+0530] {dag.py:3834} INFO - Setting next_dagrun for tutorial_dag to None, run_after=None
[2024-03-08T00:24:13.270+0530] {processor.py:183} INFO - Processing /Users/anikbhowmick/Python/Big_Data_Assignment/A02/airflow_env/lib/python3.11/site-packages/airflow/example_dags/tutorial_dag.py took 0.067 seconds
[2024-03-08T00:24:55.266+0530] {processor.py:161} INFO - Started process (PID=2930) to work on /Users/anikbhowmick/Python/Big_Data_Assignment/A02/airflow_env/lib/python3.11/site-packages/airflow/example_dags/tutorial_dag.py
[2024-03-08T00:24:55.267+0530] {processor.py:830} INFO - Processing file /Users/anikbhowmick/Python/Big_Data_Assignment/A02/airflow_env/lib/python3.11/site-packages/airflow/example_dags/tutorial_dag.py for tasks to queue
[2024-03-08T00:24:55.268+0530] {logging_mixin.py:188} INFO - [2024-03-08T00:24:55.268+0530] {dagbag.py:540} INFO - Filling up the DagBag from /Users/anikbhowmick/Python/Big_Data_Assignment/A02/airflow_env/lib/python3.11/site-packages/airflow/example_dags/tutorial_dag.py
[2024-03-08T00:24:55.302+0530] {processor.py:840} INFO - DAG(s) 'tutorial_dag' retrieved from /Users/anikbhowmick/Python/Big_Data_Assignment/A02/airflow_env/lib/python3.11/site-packages/airflow/example_dags/tutorial_dag.py
[2024-03-08T00:24:55.333+0530] {logging_mixin.py:188} INFO - [2024-03-08T00:24:55.332+0530] {dag.py:3047} INFO - Sync 1 DAGs
[2024-03-08T00:24:55.336+0530] {logging_mixin.py:188} INFO - [2024-03-08T00:24:55.335+0530] {dag.py:3834} INFO - Setting next_dagrun for tutorial_dag to None, run_after=None
[2024-03-08T00:24:55.343+0530] {processor.py:183} INFO - Processing /Users/anikbhowmick/Python/Big_Data_Assignment/A02/airflow_env/lib/python3.11/site-packages/airflow/example_dags/tutorial_dag.py took 0.077 seconds
[2024-03-08T00:25:44.008+0530] {processor.py:161} INFO - Started process (PID=3037) to work on /Users/anikbhowmick/Python/Big_Data_Assignment/A02/airflow_env/lib/python3.11/site-packages/airflow/example_dags/tutorial_dag.py
[2024-03-08T00:25:44.009+0530] {processor.py:830} INFO - Processing file /Users/anikbhowmick/Python/Big_Data_Assignment/A02/airflow_env/lib/python3.11/site-packages/airflow/example_dags/tutorial_dag.py for tasks to queue
[2024-03-08T00:25:44.009+0530] {logging_mixin.py:188} INFO - [2024-03-08T00:25:44.009+0530] {dagbag.py:540} INFO - Filling up the DagBag from /Users/anikbhowmick/Python/Big_Data_Assignment/A02/airflow_env/lib/python3.11/site-packages/airflow/example_dags/tutorial_dag.py
[2024-03-08T00:25:44.041+0530] {processor.py:840} INFO - DAG(s) 'tutorial_dag' retrieved from /Users/anikbhowmick/Python/Big_Data_Assignment/A02/airflow_env/lib/python3.11/site-packages/airflow/example_dags/tutorial_dag.py
[2024-03-08T00:25:44.069+0530] {logging_mixin.py:188} INFO - [2024-03-08T00:25:44.069+0530] {dag.py:3047} INFO - Sync 1 DAGs
[2024-03-08T00:25:44.072+0530] {logging_mixin.py:188} INFO - [2024-03-08T00:25:44.072+0530] {dag.py:3834} INFO - Setting next_dagrun for tutorial_dag to None, run_after=None
[2024-03-08T00:25:44.078+0530] {processor.py:183} INFO - Processing /Users/anikbhowmick/Python/Big_Data_Assignment/A02/airflow_env/lib/python3.11/site-packages/airflow/example_dags/tutorial_dag.py took 0.070 seconds
[2024-03-08T00:27:30.084+0530] {processor.py:161} INFO - Started process (PID=3237) to work on /Users/anikbhowmick/Python/Big_Data_Assignment/A02/airflow_env/lib/python3.11/site-packages/airflow/example_dags/tutorial_dag.py
[2024-03-08T00:27:30.085+0530] {processor.py:830} INFO - Processing file /Users/anikbhowmick/Python/Big_Data_Assignment/A02/airflow_env/lib/python3.11/site-packages/airflow/example_dags/tutorial_dag.py for tasks to queue
[2024-03-08T00:27:30.085+0530] {logging_mixin.py:188} INFO - [2024-03-08T00:27:30.085+0530] {dagbag.py:540} INFO - Filling up the DagBag from /Users/anikbhowmick/Python/Big_Data_Assignment/A02/airflow_env/lib/python3.11/site-packages/airflow/example_dags/tutorial_dag.py
[2024-03-08T00:27:30.114+0530] {processor.py:840} INFO - DAG(s) 'tutorial_dag' retrieved from /Users/anikbhowmick/Python/Big_Data_Assignment/A02/airflow_env/lib/python3.11/site-packages/airflow/example_dags/tutorial_dag.py
[2024-03-08T00:27:30.142+0530] {logging_mixin.py:188} INFO - [2024-03-08T00:27:30.142+0530] {dag.py:3047} INFO - Sync 1 DAGs
[2024-03-08T00:27:30.145+0530] {logging_mixin.py:188} INFO - [2024-03-08T00:27:30.145+0530] {dag.py:3834} INFO - Setting next_dagrun for tutorial_dag to None, run_after=None
[2024-03-08T00:27:30.151+0530] {processor.py:183} INFO - Processing /Users/anikbhowmick/Python/Big_Data_Assignment/A02/airflow_env/lib/python3.11/site-packages/airflow/example_dags/tutorial_dag.py took 0.067 seconds
[2024-03-08T00:28:29.949+0530] {processor.py:161} INFO - Started process (PID=3304) to work on /Users/anikbhowmick/Python/Big_Data_Assignment/A02/airflow_env/lib/python3.11/site-packages/airflow/example_dags/tutorial_dag.py
[2024-03-08T00:28:29.950+0530] {processor.py:830} INFO - Processing file /Users/anikbhowmick/Python/Big_Data_Assignment/A02/airflow_env/lib/python3.11/site-packages/airflow/example_dags/tutorial_dag.py for tasks to queue
[2024-03-08T00:28:29.951+0530] {logging_mixin.py:188} INFO - [2024-03-08T00:28:29.950+0530] {dagbag.py:540} INFO - Filling up the DagBag from /Users/anikbhowmick/Python/Big_Data_Assignment/A02/airflow_env/lib/python3.11/site-packages/airflow/example_dags/tutorial_dag.py
[2024-03-08T00:28:29.983+0530] {processor.py:840} INFO - DAG(s) 'tutorial_dag' retrieved from /Users/anikbhowmick/Python/Big_Data_Assignment/A02/airflow_env/lib/python3.11/site-packages/airflow/example_dags/tutorial_dag.py
[2024-03-08T00:28:30.013+0530] {logging_mixin.py:188} INFO - [2024-03-08T00:28:30.013+0530] {dag.py:3047} INFO - Sync 1 DAGs
[2024-03-08T00:28:30.016+0530] {logging_mixin.py:188} INFO - [2024-03-08T00:28:30.016+0530] {dag.py:3834} INFO - Setting next_dagrun for tutorial_dag to None, run_after=None
[2024-03-08T00:28:30.022+0530] {processor.py:183} INFO - Processing /Users/anikbhowmick/Python/Big_Data_Assignment/A02/airflow_env/lib/python3.11/site-packages/airflow/example_dags/tutorial_dag.py took 0.073 seconds
[2024-03-08T00:29:26.071+0530] {processor.py:161} INFO - Started process (PID=3353) to work on /Users/anikbhowmick/Python/Big_Data_Assignment/A02/airflow_env/lib/python3.11/site-packages/airflow/example_dags/tutorial_dag.py
[2024-03-08T00:29:26.072+0530] {processor.py:830} INFO - Processing file /Users/anikbhowmick/Python/Big_Data_Assignment/A02/airflow_env/lib/python3.11/site-packages/airflow/example_dags/tutorial_dag.py for tasks to queue
[2024-03-08T00:29:26.072+0530] {logging_mixin.py:188} INFO - [2024-03-08T00:29:26.072+0530] {dagbag.py:540} INFO - Filling up the DagBag from /Users/anikbhowmick/Python/Big_Data_Assignment/A02/airflow_env/lib/python3.11/site-packages/airflow/example_dags/tutorial_dag.py
[2024-03-08T00:29:26.101+0530] {processor.py:840} INFO - DAG(s) 'tutorial_dag' retrieved from /Users/anikbhowmick/Python/Big_Data_Assignment/A02/airflow_env/lib/python3.11/site-packages/airflow/example_dags/tutorial_dag.py
[2024-03-08T00:29:26.129+0530] {logging_mixin.py:188} INFO - [2024-03-08T00:29:26.129+0530] {dag.py:3047} INFO - Sync 1 DAGs
[2024-03-08T00:29:26.131+0530] {logging_mixin.py:188} INFO - [2024-03-08T00:29:26.131+0530] {dag.py:3834} INFO - Setting next_dagrun for tutorial_dag to None, run_after=None
[2024-03-08T00:29:26.138+0530] {processor.py:183} INFO - Processing /Users/anikbhowmick/Python/Big_Data_Assignment/A02/airflow_env/lib/python3.11/site-packages/airflow/example_dags/tutorial_dag.py took 0.067 seconds
[2024-03-08T00:30:24.344+0530] {processor.py:161} INFO - Started process (PID=3398) to work on /Users/anikbhowmick/Python/Big_Data_Assignment/A02/airflow_env/lib/python3.11/site-packages/airflow/example_dags/tutorial_dag.py
[2024-03-08T00:30:24.346+0530] {processor.py:830} INFO - Processing file /Users/anikbhowmick/Python/Big_Data_Assignment/A02/airflow_env/lib/python3.11/site-packages/airflow/example_dags/tutorial_dag.py for tasks to queue
[2024-03-08T00:30:24.346+0530] {logging_mixin.py:188} INFO - [2024-03-08T00:30:24.346+0530] {dagbag.py:540} INFO - Filling up the DagBag from /Users/anikbhowmick/Python/Big_Data_Assignment/A02/airflow_env/lib/python3.11/site-packages/airflow/example_dags/tutorial_dag.py
[2024-03-08T00:30:24.375+0530] {processor.py:840} INFO - DAG(s) 'tutorial_dag' retrieved from /Users/anikbhowmick/Python/Big_Data_Assignment/A02/airflow_env/lib/python3.11/site-packages/airflow/example_dags/tutorial_dag.py
[2024-03-08T00:30:24.403+0530] {logging_mixin.py:188} INFO - [2024-03-08T00:30:24.403+0530] {dag.py:3047} INFO - Sync 1 DAGs
[2024-03-08T00:30:24.406+0530] {logging_mixin.py:188} INFO - [2024-03-08T00:30:24.406+0530] {dag.py:3834} INFO - Setting next_dagrun for tutorial_dag to None, run_after=None
[2024-03-08T00:30:24.413+0530] {processor.py:183} INFO - Processing /Users/anikbhowmick/Python/Big_Data_Assignment/A02/airflow_env/lib/python3.11/site-packages/airflow/example_dags/tutorial_dag.py took 0.068 seconds
[2024-03-08T00:31:26.968+0530] {processor.py:161} INFO - Started process (PID=3480) to work on /Users/anikbhowmick/Python/Big_Data_Assignment/A02/airflow_env/lib/python3.11/site-packages/airflow/example_dags/tutorial_dag.py
[2024-03-08T00:31:26.970+0530] {processor.py:830} INFO - Processing file /Users/anikbhowmick/Python/Big_Data_Assignment/A02/airflow_env/lib/python3.11/site-packages/airflow/example_dags/tutorial_dag.py for tasks to queue
[2024-03-08T00:31:26.970+0530] {logging_mixin.py:188} INFO - [2024-03-08T00:31:26.970+0530] {dagbag.py:540} INFO - Filling up the DagBag from /Users/anikbhowmick/Python/Big_Data_Assignment/A02/airflow_env/lib/python3.11/site-packages/airflow/example_dags/tutorial_dag.py
[2024-03-08T00:31:27.001+0530] {processor.py:840} INFO - DAG(s) 'tutorial_dag' retrieved from /Users/anikbhowmick/Python/Big_Data_Assignment/A02/airflow_env/lib/python3.11/site-packages/airflow/example_dags/tutorial_dag.py
[2024-03-08T00:31:27.030+0530] {logging_mixin.py:188} INFO - [2024-03-08T00:31:27.030+0530] {dag.py:3047} INFO - Sync 1 DAGs
[2024-03-08T00:31:27.033+0530] {logging_mixin.py:188} INFO - [2024-03-08T00:31:27.033+0530] {dag.py:3834} INFO - Setting next_dagrun for tutorial_dag to None, run_after=None
[2024-03-08T00:31:27.039+0530] {processor.py:183} INFO - Processing /Users/anikbhowmick/Python/Big_Data_Assignment/A02/airflow_env/lib/python3.11/site-packages/airflow/example_dags/tutorial_dag.py took 0.071 seconds
[2024-03-08T00:32:27.757+0530] {processor.py:161} INFO - Started process (PID=3546) to work on /Users/anikbhowmick/Python/Big_Data_Assignment/A02/airflow_env/lib/python3.11/site-packages/airflow/example_dags/tutorial_dag.py
[2024-03-08T00:32:27.759+0530] {processor.py:830} INFO - Processing file /Users/anikbhowmick/Python/Big_Data_Assignment/A02/airflow_env/lib/python3.11/site-packages/airflow/example_dags/tutorial_dag.py for tasks to queue
[2024-03-08T00:32:27.759+0530] {logging_mixin.py:188} INFO - [2024-03-08T00:32:27.759+0530] {dagbag.py:540} INFO - Filling up the DagBag from /Users/anikbhowmick/Python/Big_Data_Assignment/A02/airflow_env/lib/python3.11/site-packages/airflow/example_dags/tutorial_dag.py
[2024-03-08T00:32:27.788+0530] {processor.py:840} INFO - DAG(s) 'tutorial_dag' retrieved from /Users/anikbhowmick/Python/Big_Data_Assignment/A02/airflow_env/lib/python3.11/site-packages/airflow/example_dags/tutorial_dag.py
[2024-03-08T00:32:27.816+0530] {logging_mixin.py:188} INFO - [2024-03-08T00:32:27.816+0530] {dag.py:3047} INFO - Sync 1 DAGs
[2024-03-08T00:32:27.819+0530] {logging_mixin.py:188} INFO - [2024-03-08T00:32:27.819+0530] {dag.py:3834} INFO - Setting next_dagrun for tutorial_dag to None, run_after=None
[2024-03-08T00:32:27.824+0530] {processor.py:183} INFO - Processing /Users/anikbhowmick/Python/Big_Data_Assignment/A02/airflow_env/lib/python3.11/site-packages/airflow/example_dags/tutorial_dag.py took 0.067 seconds
[2024-03-08T00:33:26.038+0530] {processor.py:161} INFO - Started process (PID=3596) to work on /Users/anikbhowmick/Python/Big_Data_Assignment/A02/airflow_env/lib/python3.11/site-packages/airflow/example_dags/tutorial_dag.py
[2024-03-08T00:33:26.040+0530] {processor.py:830} INFO - Processing file /Users/anikbhowmick/Python/Big_Data_Assignment/A02/airflow_env/lib/python3.11/site-packages/airflow/example_dags/tutorial_dag.py for tasks to queue
[2024-03-08T00:33:26.040+0530] {logging_mixin.py:188} INFO - [2024-03-08T00:33:26.040+0530] {dagbag.py:540} INFO - Filling up the DagBag from /Users/anikbhowmick/Python/Big_Data_Assignment/A02/airflow_env/lib/python3.11/site-packages/airflow/example_dags/tutorial_dag.py
[2024-03-08T00:33:26.070+0530] {processor.py:840} INFO - DAG(s) 'tutorial_dag' retrieved from /Users/anikbhowmick/Python/Big_Data_Assignment/A02/airflow_env/lib/python3.11/site-packages/airflow/example_dags/tutorial_dag.py
[2024-03-08T00:33:26.100+0530] {logging_mixin.py:188} INFO - [2024-03-08T00:33:26.100+0530] {dag.py:3047} INFO - Sync 1 DAGs
[2024-03-08T00:33:26.103+0530] {logging_mixin.py:188} INFO - [2024-03-08T00:33:26.103+0530] {dag.py:3834} INFO - Setting next_dagrun for tutorial_dag to None, run_after=None
[2024-03-08T00:33:26.109+0530] {processor.py:183} INFO - Processing /Users/anikbhowmick/Python/Big_Data_Assignment/A02/airflow_env/lib/python3.11/site-packages/airflow/example_dags/tutorial_dag.py took 0.071 seconds
[2024-03-08T00:34:25.193+0530] {processor.py:161} INFO - Started process (PID=3665) to work on /Users/anikbhowmick/Python/Big_Data_Assignment/A02/airflow_env/lib/python3.11/site-packages/airflow/example_dags/tutorial_dag.py
[2024-03-08T00:34:25.194+0530] {processor.py:830} INFO - Processing file /Users/anikbhowmick/Python/Big_Data_Assignment/A02/airflow_env/lib/python3.11/site-packages/airflow/example_dags/tutorial_dag.py for tasks to queue
[2024-03-08T00:34:25.194+0530] {logging_mixin.py:188} INFO - [2024-03-08T00:34:25.194+0530] {dagbag.py:540} INFO - Filling up the DagBag from /Users/anikbhowmick/Python/Big_Data_Assignment/A02/airflow_env/lib/python3.11/site-packages/airflow/example_dags/tutorial_dag.py
[2024-03-08T00:34:25.231+0530] {processor.py:840} INFO - DAG(s) 'tutorial_dag' retrieved from /Users/anikbhowmick/Python/Big_Data_Assignment/A02/airflow_env/lib/python3.11/site-packages/airflow/example_dags/tutorial_dag.py
[2024-03-08T00:34:25.287+0530] {logging_mixin.py:188} INFO - [2024-03-08T00:34:25.287+0530] {dag.py:3047} INFO - Sync 1 DAGs
[2024-03-08T00:34:25.290+0530] {logging_mixin.py:188} INFO - [2024-03-08T00:34:25.290+0530] {dag.py:3834} INFO - Setting next_dagrun for tutorial_dag to None, run_after=None
[2024-03-08T00:34:25.296+0530] {processor.py:183} INFO - Processing /Users/anikbhowmick/Python/Big_Data_Assignment/A02/airflow_env/lib/python3.11/site-packages/airflow/example_dags/tutorial_dag.py took 0.104 seconds
[2024-03-08T00:35:22.881+0530] {processor.py:161} INFO - Started process (PID=3704) to work on /Users/anikbhowmick/Python/Big_Data_Assignment/A02/airflow_env/lib/python3.11/site-packages/airflow/example_dags/tutorial_dag.py
[2024-03-08T00:35:22.882+0530] {processor.py:830} INFO - Processing file /Users/anikbhowmick/Python/Big_Data_Assignment/A02/airflow_env/lib/python3.11/site-packages/airflow/example_dags/tutorial_dag.py for tasks to queue
[2024-03-08T00:35:22.882+0530] {logging_mixin.py:188} INFO - [2024-03-08T00:35:22.882+0530] {dagbag.py:540} INFO - Filling up the DagBag from /Users/anikbhowmick/Python/Big_Data_Assignment/A02/airflow_env/lib/python3.11/site-packages/airflow/example_dags/tutorial_dag.py
[2024-03-08T00:35:22.912+0530] {processor.py:840} INFO - DAG(s) 'tutorial_dag' retrieved from /Users/anikbhowmick/Python/Big_Data_Assignment/A02/airflow_env/lib/python3.11/site-packages/airflow/example_dags/tutorial_dag.py
[2024-03-08T00:35:22.940+0530] {logging_mixin.py:188} INFO - [2024-03-08T00:35:22.940+0530] {dag.py:3047} INFO - Sync 1 DAGs
[2024-03-08T00:35:22.943+0530] {logging_mixin.py:188} INFO - [2024-03-08T00:35:22.943+0530] {dag.py:3834} INFO - Setting next_dagrun for tutorial_dag to None, run_after=None
[2024-03-08T00:35:22.949+0530] {processor.py:183} INFO - Processing /Users/anikbhowmick/Python/Big_Data_Assignment/A02/airflow_env/lib/python3.11/site-packages/airflow/example_dags/tutorial_dag.py took 0.069 seconds
[2024-03-08T00:36:19.009+0530] {processor.py:161} INFO - Started process (PID=3756) to work on /Users/anikbhowmick/Python/Big_Data_Assignment/A02/airflow_env/lib/python3.11/site-packages/airflow/example_dags/tutorial_dag.py
[2024-03-08T00:36:19.010+0530] {processor.py:830} INFO - Processing file /Users/anikbhowmick/Python/Big_Data_Assignment/A02/airflow_env/lib/python3.11/site-packages/airflow/example_dags/tutorial_dag.py for tasks to queue
[2024-03-08T00:36:19.010+0530] {logging_mixin.py:188} INFO - [2024-03-08T00:36:19.010+0530] {dagbag.py:540} INFO - Filling up the DagBag from /Users/anikbhowmick/Python/Big_Data_Assignment/A02/airflow_env/lib/python3.11/site-packages/airflow/example_dags/tutorial_dag.py
[2024-03-08T00:36:19.041+0530] {processor.py:840} INFO - DAG(s) 'tutorial_dag' retrieved from /Users/anikbhowmick/Python/Big_Data_Assignment/A02/airflow_env/lib/python3.11/site-packages/airflow/example_dags/tutorial_dag.py
[2024-03-08T00:36:19.070+0530] {logging_mixin.py:188} INFO - [2024-03-08T00:36:19.070+0530] {dag.py:3047} INFO - Sync 1 DAGs
[2024-03-08T00:36:19.073+0530] {logging_mixin.py:188} INFO - [2024-03-08T00:36:19.073+0530] {dag.py:3834} INFO - Setting next_dagrun for tutorial_dag to None, run_after=None
[2024-03-08T00:36:19.079+0530] {processor.py:183} INFO - Processing /Users/anikbhowmick/Python/Big_Data_Assignment/A02/airflow_env/lib/python3.11/site-packages/airflow/example_dags/tutorial_dag.py took 0.070 seconds
[2024-03-08T00:37:16.479+0530] {processor.py:161} INFO - Started process (PID=3801) to work on /Users/anikbhowmick/Python/Big_Data_Assignment/A02/airflow_env/lib/python3.11/site-packages/airflow/example_dags/tutorial_dag.py
[2024-03-08T00:37:16.480+0530] {processor.py:830} INFO - Processing file /Users/anikbhowmick/Python/Big_Data_Assignment/A02/airflow_env/lib/python3.11/site-packages/airflow/example_dags/tutorial_dag.py for tasks to queue
[2024-03-08T00:37:16.480+0530] {logging_mixin.py:188} INFO - [2024-03-08T00:37:16.480+0530] {dagbag.py:540} INFO - Filling up the DagBag from /Users/anikbhowmick/Python/Big_Data_Assignment/A02/airflow_env/lib/python3.11/site-packages/airflow/example_dags/tutorial_dag.py
[2024-03-08T00:37:16.509+0530] {processor.py:840} INFO - DAG(s) 'tutorial_dag' retrieved from /Users/anikbhowmick/Python/Big_Data_Assignment/A02/airflow_env/lib/python3.11/site-packages/airflow/example_dags/tutorial_dag.py
[2024-03-08T00:37:16.537+0530] {logging_mixin.py:188} INFO - [2024-03-08T00:37:16.537+0530] {dag.py:3047} INFO - Sync 1 DAGs
[2024-03-08T00:37:16.540+0530] {logging_mixin.py:188} INFO - [2024-03-08T00:37:16.540+0530] {dag.py:3834} INFO - Setting next_dagrun for tutorial_dag to None, run_after=None
[2024-03-08T00:37:16.546+0530] {processor.py:183} INFO - Processing /Users/anikbhowmick/Python/Big_Data_Assignment/A02/airflow_env/lib/python3.11/site-packages/airflow/example_dags/tutorial_dag.py took 0.067 seconds
[2024-03-08T00:38:14.469+0530] {processor.py:161} INFO - Started process (PID=3836) to work on /Users/anikbhowmick/Python/Big_Data_Assignment/A02/airflow_env/lib/python3.11/site-packages/airflow/example_dags/tutorial_dag.py
[2024-03-08T00:38:14.469+0530] {processor.py:830} INFO - Processing file /Users/anikbhowmick/Python/Big_Data_Assignment/A02/airflow_env/lib/python3.11/site-packages/airflow/example_dags/tutorial_dag.py for tasks to queue
[2024-03-08T00:38:14.469+0530] {logging_mixin.py:188} INFO - [2024-03-08T00:38:14.469+0530] {dagbag.py:540} INFO - Filling up the DagBag from /Users/anikbhowmick/Python/Big_Data_Assignment/A02/airflow_env/lib/python3.11/site-packages/airflow/example_dags/tutorial_dag.py
[2024-03-08T00:38:14.501+0530] {processor.py:840} INFO - DAG(s) 'tutorial_dag' retrieved from /Users/anikbhowmick/Python/Big_Data_Assignment/A02/airflow_env/lib/python3.11/site-packages/airflow/example_dags/tutorial_dag.py
[2024-03-08T00:38:14.532+0530] {logging_mixin.py:188} INFO - [2024-03-08T00:38:14.531+0530] {dag.py:3047} INFO - Sync 1 DAGs
[2024-03-08T00:38:14.535+0530] {logging_mixin.py:188} INFO - [2024-03-08T00:38:14.535+0530] {dag.py:3834} INFO - Setting next_dagrun for tutorial_dag to None, run_after=None
[2024-03-08T00:38:14.542+0530] {processor.py:183} INFO - Processing /Users/anikbhowmick/Python/Big_Data_Assignment/A02/airflow_env/lib/python3.11/site-packages/airflow/example_dags/tutorial_dag.py took 0.074 seconds
[2024-03-08T00:39:12.001+0530] {processor.py:161} INFO - Started process (PID=3873) to work on /Users/anikbhowmick/Python/Big_Data_Assignment/A02/airflow_env/lib/python3.11/site-packages/airflow/example_dags/tutorial_dag.py
[2024-03-08T00:39:12.002+0530] {processor.py:830} INFO - Processing file /Users/anikbhowmick/Python/Big_Data_Assignment/A02/airflow_env/lib/python3.11/site-packages/airflow/example_dags/tutorial_dag.py for tasks to queue
[2024-03-08T00:39:12.002+0530] {logging_mixin.py:188} INFO - [2024-03-08T00:39:12.002+0530] {dagbag.py:540} INFO - Filling up the DagBag from /Users/anikbhowmick/Python/Big_Data_Assignment/A02/airflow_env/lib/python3.11/site-packages/airflow/example_dags/tutorial_dag.py
[2024-03-08T00:39:12.032+0530] {processor.py:840} INFO - DAG(s) 'tutorial_dag' retrieved from /Users/anikbhowmick/Python/Big_Data_Assignment/A02/airflow_env/lib/python3.11/site-packages/airflow/example_dags/tutorial_dag.py
[2024-03-08T00:39:12.061+0530] {logging_mixin.py:188} INFO - [2024-03-08T00:39:12.060+0530] {dag.py:3047} INFO - Sync 1 DAGs
[2024-03-08T00:39:12.063+0530] {logging_mixin.py:188} INFO - [2024-03-08T00:39:12.063+0530] {dag.py:3834} INFO - Setting next_dagrun for tutorial_dag to None, run_after=None
[2024-03-08T00:39:12.070+0530] {processor.py:183} INFO - Processing /Users/anikbhowmick/Python/Big_Data_Assignment/A02/airflow_env/lib/python3.11/site-packages/airflow/example_dags/tutorial_dag.py took 0.070 seconds
[2024-03-08T00:40:11.646+0530] {processor.py:161} INFO - Started process (PID=3919) to work on /Users/anikbhowmick/Python/Big_Data_Assignment/A02/airflow_env/lib/python3.11/site-packages/airflow/example_dags/tutorial_dag.py
[2024-03-08T00:40:11.647+0530] {processor.py:830} INFO - Processing file /Users/anikbhowmick/Python/Big_Data_Assignment/A02/airflow_env/lib/python3.11/site-packages/airflow/example_dags/tutorial_dag.py for tasks to queue
[2024-03-08T00:40:11.647+0530] {logging_mixin.py:188} INFO - [2024-03-08T00:40:11.647+0530] {dagbag.py:540} INFO - Filling up the DagBag from /Users/anikbhowmick/Python/Big_Data_Assignment/A02/airflow_env/lib/python3.11/site-packages/airflow/example_dags/tutorial_dag.py
[2024-03-08T00:40:11.682+0530] {processor.py:840} INFO - DAG(s) 'tutorial_dag' retrieved from /Users/anikbhowmick/Python/Big_Data_Assignment/A02/airflow_env/lib/python3.11/site-packages/airflow/example_dags/tutorial_dag.py
[2024-03-08T00:40:11.714+0530] {logging_mixin.py:188} INFO - [2024-03-08T00:40:11.714+0530] {dag.py:3047} INFO - Sync 1 DAGs
[2024-03-08T00:40:11.717+0530] {logging_mixin.py:188} INFO - [2024-03-08T00:40:11.717+0530] {dag.py:3834} INFO - Setting next_dagrun for tutorial_dag to None, run_after=None
[2024-03-08T00:40:11.723+0530] {processor.py:183} INFO - Processing /Users/anikbhowmick/Python/Big_Data_Assignment/A02/airflow_env/lib/python3.11/site-packages/airflow/example_dags/tutorial_dag.py took 0.078 seconds
