[2024-03-03T00:37:49.496+0530] {taskinstance.py:1979} INFO - Dependencies all met for dep_context=non-requeueable deps ti=<TaskInstance: weather_data_pipeline.unzip_archive manual__2024-03-02T19:02:57.301740+00:00 [queued]>
[2024-03-03T00:37:49.498+0530] {taskinstance.py:1979} INFO - Dependencies all met for dep_context=requeueable deps ti=<TaskInstance: weather_data_pipeline.unzip_archive manual__2024-03-02T19:02:57.301740+00:00 [queued]>
[2024-03-03T00:37:49.498+0530] {taskinstance.py:2193} INFO - Starting attempt 2 of 3
[2024-03-03T00:37:49.502+0530] {taskinstance.py:2214} INFO - Executing <Task(BashOperator): unzip_archive> on 2024-03-02 19:02:57.301740+00:00
[2024-03-03T00:37:49.505+0530] {standard_task_runner.py:60} INFO - Started process 27857 to run task
[2024-03-03T00:37:49.508+0530] {standard_task_runner.py:87} INFO - Running: ['airflow', 'tasks', 'run', 'weather_data_pipeline', 'unzip_archive', 'manual__2024-03-02T19:02:57.301740+00:00', '--job-id', '272', '--raw', '--subdir', 'DAGS_FOLDER/Data_analysis.py', '--cfg-path', '/var/folders/th/tnjyp6yd1cj78nysn5t4jl6h0000gn/T/tmpttxjir31']
[2024-03-03T00:37:49.508+0530] {standard_task_runner.py:88} INFO - Job 272: Subtask unzip_archive
[2024-03-03T00:37:49.525+0530] {task_command.py:423} INFO - Running <TaskInstance: weather_data_pipeline.unzip_archive manual__2024-03-02T19:02:57.301740+00:00 [running]> on host aniks-macbook-air.local
[2024-03-03T00:37:49.541+0530] {taskinstance.py:2510} INFO - Exporting env vars: AIRFLOW_CTX_DAG_OWNER='airflow' AIRFLOW_CTX_DAG_ID='weather_data_pipeline' AIRFLOW_CTX_TASK_ID='unzip_archive' AIRFLOW_CTX_EXECUTION_DATE='2024-03-02T19:02:57.301740+00:00' AIRFLOW_CTX_TRY_NUMBER='2' AIRFLOW_CTX_DAG_RUN_ID='manual__2024-03-02T19:02:57.301740+00:00'
[2024-03-03T00:37:49.542+0530] {subprocess.py:63} INFO - Tmp dir root location: /var/folders/th/tnjyp6yd1cj78nysn5t4jl6h0000gn/T
[2024-03-03T00:37:49.542+0530] {subprocess.py:75} INFO - Running command: ['/bin/bash', '-c', 'mkdir -p /Users/anikbhowmick/Python/Big_Data_Assignment/A02/airflow_env/Data_storage/2024_data && unzip -o /Users/anikbhowmick/Python/Big_Data_Assignment/A02/airflow_env/Data_storage/2024_data.zip -d /Users/anikbhowmick/Python/Big_Data_Assignment/A02/airflow_env/Data_storage/2024_data/']
[2024-03-03T00:37:49.546+0530] {subprocess.py:86} INFO - Output:
[2024-03-03T00:37:49.553+0530] {subprocess.py:93} INFO - Archive:  /Users/anikbhowmick/Python/Big_Data_Assignment/A02/airflow_env/Data_storage/2024_data.zip
[2024-03-03T00:37:49.567+0530] {subprocess.py:93} INFO -  extracting: /Users/anikbhowmick/Python/Big_Data_Assignment/A02/airflow_env/Data_storage/2024_data/94609099999.csv
[2024-03-03T00:37:49.572+0530] {subprocess.py:93} INFO -  extracting: /Users/anikbhowmick/Python/Big_Data_Assignment/A02/airflow_env/Data_storage/2024_data/71061099999.csv
[2024-03-03T00:37:49.608+0530] {subprocess.py:93} INFO -  extracting: /Users/anikbhowmick/Python/Big_Data_Assignment/A02/airflow_env/Data_storage/2024_data/99999994074.csv
[2024-03-03T00:37:49.617+0530] {subprocess.py:93} INFO -  extracting: /Users/anikbhowmick/Python/Big_Data_Assignment/A02/airflow_env/Data_storage/2024_data/72286699999.csv
[2024-03-03T00:37:49.626+0530] {subprocess.py:93} INFO -  extracting: /Users/anikbhowmick/Python/Big_Data_Assignment/A02/airflow_env/Data_storage/2024_data/91218041414.csv
[2024-03-03T00:37:49.630+0530] {subprocess.py:93} INFO -  extracting: /Users/anikbhowmick/Python/Big_Data_Assignment/A02/airflow_env/Data_storage/2024_data/15206099999.csv
[2024-03-03T00:37:49.633+0530] {subprocess.py:93} INFO -  extracting: /Users/anikbhowmick/Python/Big_Data_Assignment/A02/airflow_env/Data_storage/2024_data/65010099999.csv
[2024-03-03T00:37:49.635+0530] {subprocess.py:93} INFO -  extracting: /Users/anikbhowmick/Python/Big_Data_Assignment/A02/airflow_env/Data_storage/2024_data/51334099999.csv
[2024-03-03T00:37:49.644+0530] {subprocess.py:93} INFO -  extracting: /Users/anikbhowmick/Python/Big_Data_Assignment/A02/airflow_env/Data_storage/2024_data/01010099999.csv
[2024-03-03T00:37:49.647+0530] {subprocess.py:93} INFO -  extracting: /Users/anikbhowmick/Python/Big_Data_Assignment/A02/airflow_env/Data_storage/2024_data/80144099999.csv
[2024-03-03T00:37:49.659+0530] {subprocess.py:93} INFO -  extracting: /Users/anikbhowmick/Python/Big_Data_Assignment/A02/airflow_env/Data_storage/2024_data/72656804961.csv
[2024-03-03T00:37:49.665+0530] {subprocess.py:93} INFO -  extracting: /Users/anikbhowmick/Python/Big_Data_Assignment/A02/airflow_env/Data_storage/2024_data/94972099999.csv
[2024-03-03T00:37:49.670+0530] {subprocess.py:93} INFO -  extracting: /Users/anikbhowmick/Python/Big_Data_Assignment/A02/airflow_env/Data_storage/2024_data/99772999999.csv
[2024-03-03T00:37:49.675+0530] {subprocess.py:93} INFO -  extracting: /Users/anikbhowmick/Python/Big_Data_Assignment/A02/airflow_env/Data_storage/2024_data/12100099999.csv
[2024-03-03T00:37:49.687+0530] {subprocess.py:93} INFO -  extracting: /Users/anikbhowmick/Python/Big_Data_Assignment/A02/airflow_env/Data_storage/2024_data/72038400124.csv
[2024-03-03T00:37:49.694+0530] {subprocess.py:93} INFO -  extracting: /Users/anikbhowmick/Python/Big_Data_Assignment/A02/airflow_env/Data_storage/2024_data/71401099999.csv
[2024-03-03T00:37:49.731+0530] {subprocess.py:93} INFO -  extracting: /Users/anikbhowmick/Python/Big_Data_Assignment/A02/airflow_env/Data_storage/2024_data/99999992826.csv
[2024-03-03T00:37:49.739+0530] {subprocess.py:93} INFO -  extracting: /Users/anikbhowmick/Python/Big_Data_Assignment/A02/airflow_env/Data_storage/2024_data/03140099999.csv
[2024-03-03T00:37:49.740+0530] {subprocess.py:93} INFO -  extracting: /Users/anikbhowmick/Python/Big_Data_Assignment/A02/airflow_env/Data_storage/2024_data/31873099999.csv
[2024-03-03T00:37:49.743+0530] {subprocess.py:93} INFO -  extracting: /Users/anikbhowmick/Python/Big_Data_Assignment/A02/airflow_env/Data_storage/2024_data/17030099999.csv
[2024-03-03T00:37:49.744+0530] {subprocess.py:97} INFO - Command exited with return code 0
[2024-03-03T00:37:49.750+0530] {taskinstance.py:1149} INFO - Marking task as SUCCESS. dag_id=weather_data_pipeline, task_id=unzip_archive, execution_date=20240302T190257, start_date=20240302T190749, end_date=20240302T190749
[2024-03-03T00:37:49.792+0530] {local_task_job_runner.py:234} INFO - Task exited with return code 0
[2024-03-03T00:37:49.801+0530] {taskinstance.py:3309} INFO - 1 downstream tasks scheduled from follow-on schedule check
