[2024-02-27T10:45:44.013+0530] {processor.py:161} INFO - Started process (PID=1538) to work on /Users/anikbhowmick/Python/Big_Data_Assignment/A02/airflow_env/lib/python3.11/site-packages/airflow/example_dags/plugins/event_listener.py
[2024-02-27T10:45:44.013+0530] {processor.py:830} INFO - Processing file /Users/anikbhowmick/Python/Big_Data_Assignment/A02/airflow_env/lib/python3.11/site-packages/airflow/example_dags/plugins/event_listener.py for tasks to queue
[2024-02-27T10:45:44.013+0530] {logging_mixin.py:188} INFO - [2024-02-27T10:45:44.013+0530] {dagbag.py:540} INFO - Filling up the DagBag from /Users/anikbhowmick/Python/Big_Data_Assignment/A02/airflow_env/lib/python3.11/site-packages/airflow/example_dags/plugins/event_listener.py
[2024-02-27T10:45:44.014+0530] {processor.py:842} WARNING - No viable dags retrieved from /Users/anikbhowmick/Python/Big_Data_Assignment/A02/airflow_env/lib/python3.11/site-packages/airflow/example_dags/plugins/event_listener.py
[2024-02-27T10:45:44.061+0530] {processor.py:183} INFO - Processing /Users/anikbhowmick/Python/Big_Data_Assignment/A02/airflow_env/lib/python3.11/site-packages/airflow/example_dags/plugins/event_listener.py took 0.049 seconds
[2024-02-27T10:47:15.119+0530] {processor.py:161} INFO - Started process (PID=1647) to work on /Users/anikbhowmick/Python/Big_Data_Assignment/A02/airflow_env/lib/python3.11/site-packages/airflow/example_dags/plugins/event_listener.py
[2024-02-27T10:47:15.121+0530] {processor.py:830} INFO - Processing file /Users/anikbhowmick/Python/Big_Data_Assignment/A02/airflow_env/lib/python3.11/site-packages/airflow/example_dags/plugins/event_listener.py for tasks to queue
[2024-02-27T10:47:15.121+0530] {logging_mixin.py:188} INFO - [2024-02-27T10:47:15.121+0530] {dagbag.py:540} INFO - Filling up the DagBag from /Users/anikbhowmick/Python/Big_Data_Assignment/A02/airflow_env/lib/python3.11/site-packages/airflow/example_dags/plugins/event_listener.py
[2024-02-27T10:47:15.121+0530] {processor.py:842} WARNING - No viable dags retrieved from /Users/anikbhowmick/Python/Big_Data_Assignment/A02/airflow_env/lib/python3.11/site-packages/airflow/example_dags/plugins/event_listener.py
[2024-02-27T10:47:15.169+0530] {processor.py:183} INFO - Processing /Users/anikbhowmick/Python/Big_Data_Assignment/A02/airflow_env/lib/python3.11/site-packages/airflow/example_dags/plugins/event_listener.py took 0.050 seconds
[2024-02-27T10:49:12.436+0530] {processor.py:161} INFO - Started process (PID=1744) to work on /Users/anikbhowmick/Python/Big_Data_Assignment/A02/airflow_env/lib/python3.11/site-packages/airflow/example_dags/plugins/event_listener.py
[2024-02-27T10:49:12.437+0530] {processor.py:830} INFO - Processing file /Users/anikbhowmick/Python/Big_Data_Assignment/A02/airflow_env/lib/python3.11/site-packages/airflow/example_dags/plugins/event_listener.py for tasks to queue
[2024-02-27T10:49:12.438+0530] {logging_mixin.py:188} INFO - [2024-02-27T10:49:12.437+0530] {dagbag.py:540} INFO - Filling up the DagBag from /Users/anikbhowmick/Python/Big_Data_Assignment/A02/airflow_env/lib/python3.11/site-packages/airflow/example_dags/plugins/event_listener.py
[2024-02-27T10:49:12.438+0530] {processor.py:842} WARNING - No viable dags retrieved from /Users/anikbhowmick/Python/Big_Data_Assignment/A02/airflow_env/lib/python3.11/site-packages/airflow/example_dags/plugins/event_listener.py
[2024-02-27T10:49:12.483+0530] {processor.py:183} INFO - Processing /Users/anikbhowmick/Python/Big_Data_Assignment/A02/airflow_env/lib/python3.11/site-packages/airflow/example_dags/plugins/event_listener.py took 0.047 seconds
[2024-02-27T10:50:39.738+0530] {processor.py:161} INFO - Started process (PID=1829) to work on /Users/anikbhowmick/Python/Big_Data_Assignment/A02/airflow_env/lib/python3.11/site-packages/airflow/example_dags/plugins/event_listener.py
[2024-02-27T10:50:39.739+0530] {processor.py:830} INFO - Processing file /Users/anikbhowmick/Python/Big_Data_Assignment/A02/airflow_env/lib/python3.11/site-packages/airflow/example_dags/plugins/event_listener.py for tasks to queue
[2024-02-27T10:50:39.740+0530] {logging_mixin.py:188} INFO - [2024-02-27T10:50:39.740+0530] {dagbag.py:540} INFO - Filling up the DagBag from /Users/anikbhowmick/Python/Big_Data_Assignment/A02/airflow_env/lib/python3.11/site-packages/airflow/example_dags/plugins/event_listener.py
[2024-02-27T10:50:39.740+0530] {processor.py:842} WARNING - No viable dags retrieved from /Users/anikbhowmick/Python/Big_Data_Assignment/A02/airflow_env/lib/python3.11/site-packages/airflow/example_dags/plugins/event_listener.py
[2024-02-27T10:50:39.785+0530] {processor.py:183} INFO - Processing /Users/anikbhowmick/Python/Big_Data_Assignment/A02/airflow_env/lib/python3.11/site-packages/airflow/example_dags/plugins/event_listener.py took 0.047 seconds
[2024-02-27T10:51:54.944+0530] {processor.py:161} INFO - Started process (PID=1932) to work on /Users/anikbhowmick/Python/Big_Data_Assignment/A02/airflow_env/lib/python3.11/site-packages/airflow/example_dags/plugins/event_listener.py
[2024-02-27T10:51:54.945+0530] {processor.py:830} INFO - Processing file /Users/anikbhowmick/Python/Big_Data_Assignment/A02/airflow_env/lib/python3.11/site-packages/airflow/example_dags/plugins/event_listener.py for tasks to queue
[2024-02-27T10:51:54.945+0530] {logging_mixin.py:188} INFO - [2024-02-27T10:51:54.945+0530] {dagbag.py:540} INFO - Filling up the DagBag from /Users/anikbhowmick/Python/Big_Data_Assignment/A02/airflow_env/lib/python3.11/site-packages/airflow/example_dags/plugins/event_listener.py
[2024-02-27T10:51:54.946+0530] {processor.py:842} WARNING - No viable dags retrieved from /Users/anikbhowmick/Python/Big_Data_Assignment/A02/airflow_env/lib/python3.11/site-packages/airflow/example_dags/plugins/event_listener.py
[2024-02-27T10:51:54.991+0530] {processor.py:183} INFO - Processing /Users/anikbhowmick/Python/Big_Data_Assignment/A02/airflow_env/lib/python3.11/site-packages/airflow/example_dags/plugins/event_listener.py took 0.048 seconds
[2024-02-27T10:53:45.871+0530] {processor.py:161} INFO - Started process (PID=2043) to work on /Users/anikbhowmick/Python/Big_Data_Assignment/A02/airflow_env/lib/python3.11/site-packages/airflow/example_dags/plugins/event_listener.py
[2024-02-27T10:53:45.872+0530] {processor.py:830} INFO - Processing file /Users/anikbhowmick/Python/Big_Data_Assignment/A02/airflow_env/lib/python3.11/site-packages/airflow/example_dags/plugins/event_listener.py for tasks to queue
[2024-02-27T10:53:45.873+0530] {logging_mixin.py:188} INFO - [2024-02-27T10:53:45.872+0530] {dagbag.py:540} INFO - Filling up the DagBag from /Users/anikbhowmick/Python/Big_Data_Assignment/A02/airflow_env/lib/python3.11/site-packages/airflow/example_dags/plugins/event_listener.py
[2024-02-27T10:53:45.873+0530] {processor.py:842} WARNING - No viable dags retrieved from /Users/anikbhowmick/Python/Big_Data_Assignment/A02/airflow_env/lib/python3.11/site-packages/airflow/example_dags/plugins/event_listener.py
[2024-02-27T10:53:45.919+0530] {processor.py:183} INFO - Processing /Users/anikbhowmick/Python/Big_Data_Assignment/A02/airflow_env/lib/python3.11/site-packages/airflow/example_dags/plugins/event_listener.py took 0.048 seconds
[2024-02-27T10:55:19.545+0530] {processor.py:161} INFO - Started process (PID=2186) to work on /Users/anikbhowmick/Python/Big_Data_Assignment/A02/airflow_env/lib/python3.11/site-packages/airflow/example_dags/plugins/event_listener.py
[2024-02-27T10:55:19.546+0530] {processor.py:830} INFO - Processing file /Users/anikbhowmick/Python/Big_Data_Assignment/A02/airflow_env/lib/python3.11/site-packages/airflow/example_dags/plugins/event_listener.py for tasks to queue
[2024-02-27T10:55:19.546+0530] {logging_mixin.py:188} INFO - [2024-02-27T10:55:19.546+0530] {dagbag.py:540} INFO - Filling up the DagBag from /Users/anikbhowmick/Python/Big_Data_Assignment/A02/airflow_env/lib/python3.11/site-packages/airflow/example_dags/plugins/event_listener.py
[2024-02-27T10:55:19.546+0530] {processor.py:842} WARNING - No viable dags retrieved from /Users/anikbhowmick/Python/Big_Data_Assignment/A02/airflow_env/lib/python3.11/site-packages/airflow/example_dags/plugins/event_listener.py
[2024-02-27T10:55:19.591+0530] {processor.py:183} INFO - Processing /Users/anikbhowmick/Python/Big_Data_Assignment/A02/airflow_env/lib/python3.11/site-packages/airflow/example_dags/plugins/event_listener.py took 0.047 seconds
[2024-02-27T10:57:03.185+0530] {processor.py:161} INFO - Started process (PID=2314) to work on /Users/anikbhowmick/Python/Big_Data_Assignment/A02/airflow_env/lib/python3.11/site-packages/airflow/example_dags/plugins/event_listener.py
[2024-02-27T10:57:03.186+0530] {processor.py:830} INFO - Processing file /Users/anikbhowmick/Python/Big_Data_Assignment/A02/airflow_env/lib/python3.11/site-packages/airflow/example_dags/plugins/event_listener.py for tasks to queue
[2024-02-27T10:57:03.186+0530] {logging_mixin.py:188} INFO - [2024-02-27T10:57:03.186+0530] {dagbag.py:540} INFO - Filling up the DagBag from /Users/anikbhowmick/Python/Big_Data_Assignment/A02/airflow_env/lib/python3.11/site-packages/airflow/example_dags/plugins/event_listener.py
[2024-02-27T10:57:03.187+0530] {processor.py:842} WARNING - No viable dags retrieved from /Users/anikbhowmick/Python/Big_Data_Assignment/A02/airflow_env/lib/python3.11/site-packages/airflow/example_dags/plugins/event_listener.py
[2024-02-27T10:57:03.234+0530] {processor.py:183} INFO - Processing /Users/anikbhowmick/Python/Big_Data_Assignment/A02/airflow_env/lib/python3.11/site-packages/airflow/example_dags/plugins/event_listener.py took 0.050 seconds
[2024-02-27T10:58:37.881+0530] {processor.py:161} INFO - Started process (PID=2425) to work on /Users/anikbhowmick/Python/Big_Data_Assignment/A02/airflow_env/lib/python3.11/site-packages/airflow/example_dags/plugins/event_listener.py
[2024-02-27T10:58:37.882+0530] {processor.py:830} INFO - Processing file /Users/anikbhowmick/Python/Big_Data_Assignment/A02/airflow_env/lib/python3.11/site-packages/airflow/example_dags/plugins/event_listener.py for tasks to queue
[2024-02-27T10:58:37.882+0530] {logging_mixin.py:188} INFO - [2024-02-27T10:58:37.882+0530] {dagbag.py:540} INFO - Filling up the DagBag from /Users/anikbhowmick/Python/Big_Data_Assignment/A02/airflow_env/lib/python3.11/site-packages/airflow/example_dags/plugins/event_listener.py
[2024-02-27T10:58:37.883+0530] {processor.py:842} WARNING - No viable dags retrieved from /Users/anikbhowmick/Python/Big_Data_Assignment/A02/airflow_env/lib/python3.11/site-packages/airflow/example_dags/plugins/event_listener.py
[2024-02-27T10:58:37.933+0530] {processor.py:183} INFO - Processing /Users/anikbhowmick/Python/Big_Data_Assignment/A02/airflow_env/lib/python3.11/site-packages/airflow/example_dags/plugins/event_listener.py took 0.053 seconds
[2024-02-27T10:59:32.106+0530] {processor.py:161} INFO - Started process (PID=2482) to work on /Users/anikbhowmick/Python/Big_Data_Assignment/A02/airflow_env/lib/python3.11/site-packages/airflow/example_dags/plugins/event_listener.py
[2024-02-27T10:59:32.107+0530] {processor.py:830} INFO - Processing file /Users/anikbhowmick/Python/Big_Data_Assignment/A02/airflow_env/lib/python3.11/site-packages/airflow/example_dags/plugins/event_listener.py for tasks to queue
[2024-02-27T10:59:32.107+0530] {logging_mixin.py:188} INFO - [2024-02-27T10:59:32.107+0530] {dagbag.py:540} INFO - Filling up the DagBag from /Users/anikbhowmick/Python/Big_Data_Assignment/A02/airflow_env/lib/python3.11/site-packages/airflow/example_dags/plugins/event_listener.py
[2024-02-27T10:59:32.107+0530] {processor.py:842} WARNING - No viable dags retrieved from /Users/anikbhowmick/Python/Big_Data_Assignment/A02/airflow_env/lib/python3.11/site-packages/airflow/example_dags/plugins/event_listener.py
[2024-02-27T10:59:32.153+0530] {processor.py:183} INFO - Processing /Users/anikbhowmick/Python/Big_Data_Assignment/A02/airflow_env/lib/python3.11/site-packages/airflow/example_dags/plugins/event_listener.py took 0.048 seconds
[2024-02-27T11:00:26.336+0530] {processor.py:161} INFO - Started process (PID=2540) to work on /Users/anikbhowmick/Python/Big_Data_Assignment/A02/airflow_env/lib/python3.11/site-packages/airflow/example_dags/plugins/event_listener.py
[2024-02-27T11:00:26.337+0530] {processor.py:830} INFO - Processing file /Users/anikbhowmick/Python/Big_Data_Assignment/A02/airflow_env/lib/python3.11/site-packages/airflow/example_dags/plugins/event_listener.py for tasks to queue
[2024-02-27T11:00:26.337+0530] {logging_mixin.py:188} INFO - [2024-02-27T11:00:26.337+0530] {dagbag.py:540} INFO - Filling up the DagBag from /Users/anikbhowmick/Python/Big_Data_Assignment/A02/airflow_env/lib/python3.11/site-packages/airflow/example_dags/plugins/event_listener.py
[2024-02-27T11:00:26.337+0530] {processor.py:842} WARNING - No viable dags retrieved from /Users/anikbhowmick/Python/Big_Data_Assignment/A02/airflow_env/lib/python3.11/site-packages/airflow/example_dags/plugins/event_listener.py
[2024-02-27T11:00:26.383+0530] {processor.py:183} INFO - Processing /Users/anikbhowmick/Python/Big_Data_Assignment/A02/airflow_env/lib/python3.11/site-packages/airflow/example_dags/plugins/event_listener.py took 0.048 seconds
[2024-02-27T11:01:24.968+0530] {processor.py:161} INFO - Started process (PID=2633) to work on /Users/anikbhowmick/Python/Big_Data_Assignment/A02/airflow_env/lib/python3.11/site-packages/airflow/example_dags/plugins/event_listener.py
[2024-02-27T11:01:24.969+0530] {processor.py:830} INFO - Processing file /Users/anikbhowmick/Python/Big_Data_Assignment/A02/airflow_env/lib/python3.11/site-packages/airflow/example_dags/plugins/event_listener.py for tasks to queue
[2024-02-27T11:01:24.969+0530] {logging_mixin.py:188} INFO - [2024-02-27T11:01:24.969+0530] {dagbag.py:540} INFO - Filling up the DagBag from /Users/anikbhowmick/Python/Big_Data_Assignment/A02/airflow_env/lib/python3.11/site-packages/airflow/example_dags/plugins/event_listener.py
[2024-02-27T11:01:24.969+0530] {processor.py:842} WARNING - No viable dags retrieved from /Users/anikbhowmick/Python/Big_Data_Assignment/A02/airflow_env/lib/python3.11/site-packages/airflow/example_dags/plugins/event_listener.py
[2024-02-27T11:01:25.016+0530] {processor.py:183} INFO - Processing /Users/anikbhowmick/Python/Big_Data_Assignment/A02/airflow_env/lib/python3.11/site-packages/airflow/example_dags/plugins/event_listener.py took 0.049 seconds
[2024-02-27T11:02:51.526+0530] {processor.py:161} INFO - Started process (PID=2740) to work on /Users/anikbhowmick/Python/Big_Data_Assignment/A02/airflow_env/lib/python3.11/site-packages/airflow/example_dags/plugins/event_listener.py
[2024-02-27T11:02:51.527+0530] {processor.py:830} INFO - Processing file /Users/anikbhowmick/Python/Big_Data_Assignment/A02/airflow_env/lib/python3.11/site-packages/airflow/example_dags/plugins/event_listener.py for tasks to queue
[2024-02-27T11:02:51.527+0530] {logging_mixin.py:188} INFO - [2024-02-27T11:02:51.527+0530] {dagbag.py:540} INFO - Filling up the DagBag from /Users/anikbhowmick/Python/Big_Data_Assignment/A02/airflow_env/lib/python3.11/site-packages/airflow/example_dags/plugins/event_listener.py
[2024-02-27T11:02:51.527+0530] {processor.py:842} WARNING - No viable dags retrieved from /Users/anikbhowmick/Python/Big_Data_Assignment/A02/airflow_env/lib/python3.11/site-packages/airflow/example_dags/plugins/event_listener.py
[2024-02-27T11:02:51.574+0530] {processor.py:183} INFO - Processing /Users/anikbhowmick/Python/Big_Data_Assignment/A02/airflow_env/lib/python3.11/site-packages/airflow/example_dags/plugins/event_listener.py took 0.049 seconds
[2024-02-27T11:03:40.702+0530] {processor.py:161} INFO - Started process (PID=2795) to work on /Users/anikbhowmick/Python/Big_Data_Assignment/A02/airflow_env/lib/python3.11/site-packages/airflow/example_dags/plugins/event_listener.py
[2024-02-27T11:03:40.703+0530] {processor.py:830} INFO - Processing file /Users/anikbhowmick/Python/Big_Data_Assignment/A02/airflow_env/lib/python3.11/site-packages/airflow/example_dags/plugins/event_listener.py for tasks to queue
[2024-02-27T11:03:40.703+0530] {logging_mixin.py:188} INFO - [2024-02-27T11:03:40.703+0530] {dagbag.py:540} INFO - Filling up the DagBag from /Users/anikbhowmick/Python/Big_Data_Assignment/A02/airflow_env/lib/python3.11/site-packages/airflow/example_dags/plugins/event_listener.py
[2024-02-27T11:03:40.703+0530] {processor.py:842} WARNING - No viable dags retrieved from /Users/anikbhowmick/Python/Big_Data_Assignment/A02/airflow_env/lib/python3.11/site-packages/airflow/example_dags/plugins/event_listener.py
[2024-02-27T11:03:40.750+0530] {processor.py:183} INFO - Processing /Users/anikbhowmick/Python/Big_Data_Assignment/A02/airflow_env/lib/python3.11/site-packages/airflow/example_dags/plugins/event_listener.py took 0.048 seconds
[2024-02-27T11:04:33.554+0530] {processor.py:161} INFO - Started process (PID=2848) to work on /Users/anikbhowmick/Python/Big_Data_Assignment/A02/airflow_env/lib/python3.11/site-packages/airflow/example_dags/plugins/event_listener.py
[2024-02-27T11:04:33.555+0530] {processor.py:830} INFO - Processing file /Users/anikbhowmick/Python/Big_Data_Assignment/A02/airflow_env/lib/python3.11/site-packages/airflow/example_dags/plugins/event_listener.py for tasks to queue
[2024-02-27T11:04:33.555+0530] {logging_mixin.py:188} INFO - [2024-02-27T11:04:33.555+0530] {dagbag.py:540} INFO - Filling up the DagBag from /Users/anikbhowmick/Python/Big_Data_Assignment/A02/airflow_env/lib/python3.11/site-packages/airflow/example_dags/plugins/event_listener.py
[2024-02-27T11:04:33.555+0530] {processor.py:842} WARNING - No viable dags retrieved from /Users/anikbhowmick/Python/Big_Data_Assignment/A02/airflow_env/lib/python3.11/site-packages/airflow/example_dags/plugins/event_listener.py
[2024-02-27T11:04:33.605+0530] {processor.py:183} INFO - Processing /Users/anikbhowmick/Python/Big_Data_Assignment/A02/airflow_env/lib/python3.11/site-packages/airflow/example_dags/plugins/event_listener.py took 0.051 seconds
[2024-02-27T11:05:28.899+0530] {processor.py:161} INFO - Started process (PID=2906) to work on /Users/anikbhowmick/Python/Big_Data_Assignment/A02/airflow_env/lib/python3.11/site-packages/airflow/example_dags/plugins/event_listener.py
[2024-02-27T11:05:28.900+0530] {processor.py:830} INFO - Processing file /Users/anikbhowmick/Python/Big_Data_Assignment/A02/airflow_env/lib/python3.11/site-packages/airflow/example_dags/plugins/event_listener.py for tasks to queue
[2024-02-27T11:05:28.900+0530] {logging_mixin.py:188} INFO - [2024-02-27T11:05:28.900+0530] {dagbag.py:540} INFO - Filling up the DagBag from /Users/anikbhowmick/Python/Big_Data_Assignment/A02/airflow_env/lib/python3.11/site-packages/airflow/example_dags/plugins/event_listener.py
[2024-02-27T11:05:28.901+0530] {processor.py:842} WARNING - No viable dags retrieved from /Users/anikbhowmick/Python/Big_Data_Assignment/A02/airflow_env/lib/python3.11/site-packages/airflow/example_dags/plugins/event_listener.py
[2024-02-27T11:05:28.946+0530] {processor.py:183} INFO - Processing /Users/anikbhowmick/Python/Big_Data_Assignment/A02/airflow_env/lib/python3.11/site-packages/airflow/example_dags/plugins/event_listener.py took 0.048 seconds
[2024-02-27T11:06:23.569+0530] {processor.py:161} INFO - Started process (PID=2942) to work on /Users/anikbhowmick/Python/Big_Data_Assignment/A02/airflow_env/lib/python3.11/site-packages/airflow/example_dags/plugins/event_listener.py
[2024-02-27T11:06:23.569+0530] {processor.py:830} INFO - Processing file /Users/anikbhowmick/Python/Big_Data_Assignment/A02/airflow_env/lib/python3.11/site-packages/airflow/example_dags/plugins/event_listener.py for tasks to queue
[2024-02-27T11:06:23.569+0530] {logging_mixin.py:188} INFO - [2024-02-27T11:06:23.569+0530] {dagbag.py:540} INFO - Filling up the DagBag from /Users/anikbhowmick/Python/Big_Data_Assignment/A02/airflow_env/lib/python3.11/site-packages/airflow/example_dags/plugins/event_listener.py
[2024-02-27T11:06:23.570+0530] {processor.py:842} WARNING - No viable dags retrieved from /Users/anikbhowmick/Python/Big_Data_Assignment/A02/airflow_env/lib/python3.11/site-packages/airflow/example_dags/plugins/event_listener.py
[2024-02-27T11:06:23.615+0530] {processor.py:183} INFO - Processing /Users/anikbhowmick/Python/Big_Data_Assignment/A02/airflow_env/lib/python3.11/site-packages/airflow/example_dags/plugins/event_listener.py took 0.047 seconds
[2024-02-27T11:07:15.685+0530] {processor.py:161} INFO - Started process (PID=2977) to work on /Users/anikbhowmick/Python/Big_Data_Assignment/A02/airflow_env/lib/python3.11/site-packages/airflow/example_dags/plugins/event_listener.py
[2024-02-27T11:07:15.686+0530] {processor.py:830} INFO - Processing file /Users/anikbhowmick/Python/Big_Data_Assignment/A02/airflow_env/lib/python3.11/site-packages/airflow/example_dags/plugins/event_listener.py for tasks to queue
[2024-02-27T11:07:15.686+0530] {logging_mixin.py:188} INFO - [2024-02-27T11:07:15.686+0530] {dagbag.py:540} INFO - Filling up the DagBag from /Users/anikbhowmick/Python/Big_Data_Assignment/A02/airflow_env/lib/python3.11/site-packages/airflow/example_dags/plugins/event_listener.py
[2024-02-27T11:07:15.687+0530] {processor.py:842} WARNING - No viable dags retrieved from /Users/anikbhowmick/Python/Big_Data_Assignment/A02/airflow_env/lib/python3.11/site-packages/airflow/example_dags/plugins/event_listener.py
[2024-02-27T11:07:15.732+0530] {processor.py:183} INFO - Processing /Users/anikbhowmick/Python/Big_Data_Assignment/A02/airflow_env/lib/python3.11/site-packages/airflow/example_dags/plugins/event_listener.py took 0.048 seconds
[2024-02-27T11:08:03.349+0530] {processor.py:161} INFO - Started process (PID=3018) to work on /Users/anikbhowmick/Python/Big_Data_Assignment/A02/airflow_env/lib/python3.11/site-packages/airflow/example_dags/plugins/event_listener.py
[2024-02-27T11:08:03.350+0530] {processor.py:830} INFO - Processing file /Users/anikbhowmick/Python/Big_Data_Assignment/A02/airflow_env/lib/python3.11/site-packages/airflow/example_dags/plugins/event_listener.py for tasks to queue
[2024-02-27T11:08:03.350+0530] {logging_mixin.py:188} INFO - [2024-02-27T11:08:03.350+0530] {dagbag.py:540} INFO - Filling up the DagBag from /Users/anikbhowmick/Python/Big_Data_Assignment/A02/airflow_env/lib/python3.11/site-packages/airflow/example_dags/plugins/event_listener.py
[2024-02-27T11:08:03.351+0530] {processor.py:842} WARNING - No viable dags retrieved from /Users/anikbhowmick/Python/Big_Data_Assignment/A02/airflow_env/lib/python3.11/site-packages/airflow/example_dags/plugins/event_listener.py
[2024-02-27T11:08:03.396+0530] {processor.py:183} INFO - Processing /Users/anikbhowmick/Python/Big_Data_Assignment/A02/airflow_env/lib/python3.11/site-packages/airflow/example_dags/plugins/event_listener.py took 0.047 seconds
[2024-02-27T11:08:56.589+0530] {processor.py:161} INFO - Started process (PID=3102) to work on /Users/anikbhowmick/Python/Big_Data_Assignment/A02/airflow_env/lib/python3.11/site-packages/airflow/example_dags/plugins/event_listener.py
[2024-02-27T11:08:56.590+0530] {processor.py:830} INFO - Processing file /Users/anikbhowmick/Python/Big_Data_Assignment/A02/airflow_env/lib/python3.11/site-packages/airflow/example_dags/plugins/event_listener.py for tasks to queue
[2024-02-27T11:08:56.590+0530] {logging_mixin.py:188} INFO - [2024-02-27T11:08:56.590+0530] {dagbag.py:540} INFO - Filling up the DagBag from /Users/anikbhowmick/Python/Big_Data_Assignment/A02/airflow_env/lib/python3.11/site-packages/airflow/example_dags/plugins/event_listener.py
[2024-02-27T11:08:56.591+0530] {processor.py:842} WARNING - No viable dags retrieved from /Users/anikbhowmick/Python/Big_Data_Assignment/A02/airflow_env/lib/python3.11/site-packages/airflow/example_dags/plugins/event_listener.py
[2024-02-27T11:08:56.636+0530] {processor.py:183} INFO - Processing /Users/anikbhowmick/Python/Big_Data_Assignment/A02/airflow_env/lib/python3.11/site-packages/airflow/example_dags/plugins/event_listener.py took 0.047 seconds
[2024-02-27T11:09:49.320+0530] {processor.py:161} INFO - Started process (PID=3139) to work on /Users/anikbhowmick/Python/Big_Data_Assignment/A02/airflow_env/lib/python3.11/site-packages/airflow/example_dags/plugins/event_listener.py
[2024-02-27T11:09:49.320+0530] {processor.py:830} INFO - Processing file /Users/anikbhowmick/Python/Big_Data_Assignment/A02/airflow_env/lib/python3.11/site-packages/airflow/example_dags/plugins/event_listener.py for tasks to queue
[2024-02-27T11:09:49.321+0530] {logging_mixin.py:188} INFO - [2024-02-27T11:09:49.321+0530] {dagbag.py:540} INFO - Filling up the DagBag from /Users/anikbhowmick/Python/Big_Data_Assignment/A02/airflow_env/lib/python3.11/site-packages/airflow/example_dags/plugins/event_listener.py
[2024-02-27T11:09:49.321+0530] {processor.py:842} WARNING - No viable dags retrieved from /Users/anikbhowmick/Python/Big_Data_Assignment/A02/airflow_env/lib/python3.11/site-packages/airflow/example_dags/plugins/event_listener.py
[2024-02-27T11:09:49.368+0530] {processor.py:183} INFO - Processing /Users/anikbhowmick/Python/Big_Data_Assignment/A02/airflow_env/lib/python3.11/site-packages/airflow/example_dags/plugins/event_listener.py took 0.048 seconds
[2024-02-27T11:10:37.503+0530] {processor.py:161} INFO - Started process (PID=3177) to work on /Users/anikbhowmick/Python/Big_Data_Assignment/A02/airflow_env/lib/python3.11/site-packages/airflow/example_dags/plugins/event_listener.py
[2024-02-27T11:10:37.504+0530] {processor.py:830} INFO - Processing file /Users/anikbhowmick/Python/Big_Data_Assignment/A02/airflow_env/lib/python3.11/site-packages/airflow/example_dags/plugins/event_listener.py for tasks to queue
[2024-02-27T11:10:37.504+0530] {logging_mixin.py:188} INFO - [2024-02-27T11:10:37.504+0530] {dagbag.py:540} INFO - Filling up the DagBag from /Users/anikbhowmick/Python/Big_Data_Assignment/A02/airflow_env/lib/python3.11/site-packages/airflow/example_dags/plugins/event_listener.py
[2024-02-27T11:10:37.504+0530] {processor.py:842} WARNING - No viable dags retrieved from /Users/anikbhowmick/Python/Big_Data_Assignment/A02/airflow_env/lib/python3.11/site-packages/airflow/example_dags/plugins/event_listener.py
[2024-02-27T11:10:37.550+0530] {processor.py:183} INFO - Processing /Users/anikbhowmick/Python/Big_Data_Assignment/A02/airflow_env/lib/python3.11/site-packages/airflow/example_dags/plugins/event_listener.py took 0.048 seconds
[2024-02-27T11:11:24.721+0530] {processor.py:161} INFO - Started process (PID=3226) to work on /Users/anikbhowmick/Python/Big_Data_Assignment/A02/airflow_env/lib/python3.11/site-packages/airflow/example_dags/plugins/event_listener.py
[2024-02-27T11:11:24.722+0530] {processor.py:830} INFO - Processing file /Users/anikbhowmick/Python/Big_Data_Assignment/A02/airflow_env/lib/python3.11/site-packages/airflow/example_dags/plugins/event_listener.py for tasks to queue
[2024-02-27T11:11:24.722+0530] {logging_mixin.py:188} INFO - [2024-02-27T11:11:24.722+0530] {dagbag.py:540} INFO - Filling up the DagBag from /Users/anikbhowmick/Python/Big_Data_Assignment/A02/airflow_env/lib/python3.11/site-packages/airflow/example_dags/plugins/event_listener.py
[2024-02-27T11:11:24.722+0530] {processor.py:842} WARNING - No viable dags retrieved from /Users/anikbhowmick/Python/Big_Data_Assignment/A02/airflow_env/lib/python3.11/site-packages/airflow/example_dags/plugins/event_listener.py
[2024-02-27T11:11:24.770+0530] {processor.py:183} INFO - Processing /Users/anikbhowmick/Python/Big_Data_Assignment/A02/airflow_env/lib/python3.11/site-packages/airflow/example_dags/plugins/event_listener.py took 0.049 seconds
[2024-02-27T11:12:15.986+0530] {processor.py:161} INFO - Started process (PID=3281) to work on /Users/anikbhowmick/Python/Big_Data_Assignment/A02/airflow_env/lib/python3.11/site-packages/airflow/example_dags/plugins/event_listener.py
[2024-02-27T11:12:15.987+0530] {processor.py:830} INFO - Processing file /Users/anikbhowmick/Python/Big_Data_Assignment/A02/airflow_env/lib/python3.11/site-packages/airflow/example_dags/plugins/event_listener.py for tasks to queue
[2024-02-27T11:12:15.987+0530] {logging_mixin.py:188} INFO - [2024-02-27T11:12:15.987+0530] {dagbag.py:540} INFO - Filling up the DagBag from /Users/anikbhowmick/Python/Big_Data_Assignment/A02/airflow_env/lib/python3.11/site-packages/airflow/example_dags/plugins/event_listener.py
[2024-02-27T11:12:15.987+0530] {processor.py:842} WARNING - No viable dags retrieved from /Users/anikbhowmick/Python/Big_Data_Assignment/A02/airflow_env/lib/python3.11/site-packages/airflow/example_dags/plugins/event_listener.py
[2024-02-27T11:12:16.033+0530] {processor.py:183} INFO - Processing /Users/anikbhowmick/Python/Big_Data_Assignment/A02/airflow_env/lib/python3.11/site-packages/airflow/example_dags/plugins/event_listener.py took 0.047 seconds
[2024-02-27T11:13:10.050+0530] {processor.py:161} INFO - Started process (PID=3317) to work on /Users/anikbhowmick/Python/Big_Data_Assignment/A02/airflow_env/lib/python3.11/site-packages/airflow/example_dags/plugins/event_listener.py
[2024-02-27T11:13:10.052+0530] {processor.py:830} INFO - Processing file /Users/anikbhowmick/Python/Big_Data_Assignment/A02/airflow_env/lib/python3.11/site-packages/airflow/example_dags/plugins/event_listener.py for tasks to queue
[2024-02-27T11:13:10.052+0530] {logging_mixin.py:188} INFO - [2024-02-27T11:13:10.052+0530] {dagbag.py:540} INFO - Filling up the DagBag from /Users/anikbhowmick/Python/Big_Data_Assignment/A02/airflow_env/lib/python3.11/site-packages/airflow/example_dags/plugins/event_listener.py
[2024-02-27T11:13:10.052+0530] {processor.py:842} WARNING - No viable dags retrieved from /Users/anikbhowmick/Python/Big_Data_Assignment/A02/airflow_env/lib/python3.11/site-packages/airflow/example_dags/plugins/event_listener.py
[2024-02-27T11:13:10.098+0530] {processor.py:183} INFO - Processing /Users/anikbhowmick/Python/Big_Data_Assignment/A02/airflow_env/lib/python3.11/site-packages/airflow/example_dags/plugins/event_listener.py took 0.048 seconds
[2024-02-27T11:14:07.560+0530] {processor.py:161} INFO - Started process (PID=3385) to work on /Users/anikbhowmick/Python/Big_Data_Assignment/A02/airflow_env/lib/python3.11/site-packages/airflow/example_dags/plugins/event_listener.py
[2024-02-27T11:14:07.561+0530] {processor.py:830} INFO - Processing file /Users/anikbhowmick/Python/Big_Data_Assignment/A02/airflow_env/lib/python3.11/site-packages/airflow/example_dags/plugins/event_listener.py for tasks to queue
[2024-02-27T11:14:07.561+0530] {logging_mixin.py:188} INFO - [2024-02-27T11:14:07.561+0530] {dagbag.py:540} INFO - Filling up the DagBag from /Users/anikbhowmick/Python/Big_Data_Assignment/A02/airflow_env/lib/python3.11/site-packages/airflow/example_dags/plugins/event_listener.py
[2024-02-27T11:14:07.561+0530] {processor.py:842} WARNING - No viable dags retrieved from /Users/anikbhowmick/Python/Big_Data_Assignment/A02/airflow_env/lib/python3.11/site-packages/airflow/example_dags/plugins/event_listener.py
[2024-02-27T11:14:07.607+0530] {processor.py:183} INFO - Processing /Users/anikbhowmick/Python/Big_Data_Assignment/A02/airflow_env/lib/python3.11/site-packages/airflow/example_dags/plugins/event_listener.py took 0.047 seconds
[2024-02-27T11:15:01.358+0530] {processor.py:161} INFO - Started process (PID=3419) to work on /Users/anikbhowmick/Python/Big_Data_Assignment/A02/airflow_env/lib/python3.11/site-packages/airflow/example_dags/plugins/event_listener.py
[2024-02-27T11:15:01.359+0530] {processor.py:830} INFO - Processing file /Users/anikbhowmick/Python/Big_Data_Assignment/A02/airflow_env/lib/python3.11/site-packages/airflow/example_dags/plugins/event_listener.py for tasks to queue
[2024-02-27T11:15:01.359+0530] {logging_mixin.py:188} INFO - [2024-02-27T11:15:01.359+0530] {dagbag.py:540} INFO - Filling up the DagBag from /Users/anikbhowmick/Python/Big_Data_Assignment/A02/airflow_env/lib/python3.11/site-packages/airflow/example_dags/plugins/event_listener.py
[2024-02-27T11:15:01.359+0530] {processor.py:842} WARNING - No viable dags retrieved from /Users/anikbhowmick/Python/Big_Data_Assignment/A02/airflow_env/lib/python3.11/site-packages/airflow/example_dags/plugins/event_listener.py
[2024-02-27T11:15:01.405+0530] {processor.py:183} INFO - Processing /Users/anikbhowmick/Python/Big_Data_Assignment/A02/airflow_env/lib/python3.11/site-packages/airflow/example_dags/plugins/event_listener.py took 0.048 seconds
[2024-02-27T11:15:51.912+0530] {processor.py:161} INFO - Started process (PID=3453) to work on /Users/anikbhowmick/Python/Big_Data_Assignment/A02/airflow_env/lib/python3.11/site-packages/airflow/example_dags/plugins/event_listener.py
[2024-02-27T11:15:51.912+0530] {processor.py:830} INFO - Processing file /Users/anikbhowmick/Python/Big_Data_Assignment/A02/airflow_env/lib/python3.11/site-packages/airflow/example_dags/plugins/event_listener.py for tasks to queue
[2024-02-27T11:15:51.913+0530] {logging_mixin.py:188} INFO - [2024-02-27T11:15:51.913+0530] {dagbag.py:540} INFO - Filling up the DagBag from /Users/anikbhowmick/Python/Big_Data_Assignment/A02/airflow_env/lib/python3.11/site-packages/airflow/example_dags/plugins/event_listener.py
[2024-02-27T11:15:51.913+0530] {processor.py:842} WARNING - No viable dags retrieved from /Users/anikbhowmick/Python/Big_Data_Assignment/A02/airflow_env/lib/python3.11/site-packages/airflow/example_dags/plugins/event_listener.py
[2024-02-27T11:15:51.959+0530] {processor.py:183} INFO - Processing /Users/anikbhowmick/Python/Big_Data_Assignment/A02/airflow_env/lib/python3.11/site-packages/airflow/example_dags/plugins/event_listener.py took 0.048 seconds
[2024-02-27T11:16:41.663+0530] {processor.py:161} INFO - Started process (PID=3490) to work on /Users/anikbhowmick/Python/Big_Data_Assignment/A02/airflow_env/lib/python3.11/site-packages/airflow/example_dags/plugins/event_listener.py
[2024-02-27T11:16:41.664+0530] {processor.py:830} INFO - Processing file /Users/anikbhowmick/Python/Big_Data_Assignment/A02/airflow_env/lib/python3.11/site-packages/airflow/example_dags/plugins/event_listener.py for tasks to queue
[2024-02-27T11:16:41.664+0530] {logging_mixin.py:188} INFO - [2024-02-27T11:16:41.664+0530] {dagbag.py:540} INFO - Filling up the DagBag from /Users/anikbhowmick/Python/Big_Data_Assignment/A02/airflow_env/lib/python3.11/site-packages/airflow/example_dags/plugins/event_listener.py
[2024-02-27T11:16:41.664+0530] {processor.py:842} WARNING - No viable dags retrieved from /Users/anikbhowmick/Python/Big_Data_Assignment/A02/airflow_env/lib/python3.11/site-packages/airflow/example_dags/plugins/event_listener.py
[2024-02-27T11:16:41.710+0530] {processor.py:183} INFO - Processing /Users/anikbhowmick/Python/Big_Data_Assignment/A02/airflow_env/lib/python3.11/site-packages/airflow/example_dags/plugins/event_listener.py took 0.047 seconds
[2024-02-27T11:17:39.001+0530] {processor.py:161} INFO - Started process (PID=3528) to work on /Users/anikbhowmick/Python/Big_Data_Assignment/A02/airflow_env/lib/python3.11/site-packages/airflow/example_dags/plugins/event_listener.py
[2024-02-27T11:17:39.001+0530] {processor.py:830} INFO - Processing file /Users/anikbhowmick/Python/Big_Data_Assignment/A02/airflow_env/lib/python3.11/site-packages/airflow/example_dags/plugins/event_listener.py for tasks to queue
[2024-02-27T11:17:39.001+0530] {logging_mixin.py:188} INFO - [2024-02-27T11:17:39.001+0530] {dagbag.py:540} INFO - Filling up the DagBag from /Users/anikbhowmick/Python/Big_Data_Assignment/A02/airflow_env/lib/python3.11/site-packages/airflow/example_dags/plugins/event_listener.py
[2024-02-27T11:17:39.002+0530] {processor.py:842} WARNING - No viable dags retrieved from /Users/anikbhowmick/Python/Big_Data_Assignment/A02/airflow_env/lib/python3.11/site-packages/airflow/example_dags/plugins/event_listener.py
[2024-02-27T11:17:39.049+0530] {processor.py:183} INFO - Processing /Users/anikbhowmick/Python/Big_Data_Assignment/A02/airflow_env/lib/python3.11/site-packages/airflow/example_dags/plugins/event_listener.py took 0.048 seconds
[2024-02-27T11:18:36.208+0530] {processor.py:161} INFO - Started process (PID=3564) to work on /Users/anikbhowmick/Python/Big_Data_Assignment/A02/airflow_env/lib/python3.11/site-packages/airflow/example_dags/plugins/event_listener.py
[2024-02-27T11:18:36.208+0530] {processor.py:830} INFO - Processing file /Users/anikbhowmick/Python/Big_Data_Assignment/A02/airflow_env/lib/python3.11/site-packages/airflow/example_dags/plugins/event_listener.py for tasks to queue
[2024-02-27T11:18:36.208+0530] {logging_mixin.py:188} INFO - [2024-02-27T11:18:36.208+0530] {dagbag.py:540} INFO - Filling up the DagBag from /Users/anikbhowmick/Python/Big_Data_Assignment/A02/airflow_env/lib/python3.11/site-packages/airflow/example_dags/plugins/event_listener.py
[2024-02-27T11:18:36.209+0530] {processor.py:842} WARNING - No viable dags retrieved from /Users/anikbhowmick/Python/Big_Data_Assignment/A02/airflow_env/lib/python3.11/site-packages/airflow/example_dags/plugins/event_listener.py
[2024-02-27T11:18:36.255+0530] {processor.py:183} INFO - Processing /Users/anikbhowmick/Python/Big_Data_Assignment/A02/airflow_env/lib/python3.11/site-packages/airflow/example_dags/plugins/event_listener.py took 0.048 seconds
[2024-02-27T11:19:48.842+0530] {processor.py:161} INFO - Started process (PID=3650) to work on /Users/anikbhowmick/Python/Big_Data_Assignment/A02/airflow_env/lib/python3.11/site-packages/airflow/example_dags/plugins/event_listener.py
[2024-02-27T11:19:48.842+0530] {processor.py:830} INFO - Processing file /Users/anikbhowmick/Python/Big_Data_Assignment/A02/airflow_env/lib/python3.11/site-packages/airflow/example_dags/plugins/event_listener.py for tasks to queue
[2024-02-27T11:19:48.843+0530] {logging_mixin.py:188} INFO - [2024-02-27T11:19:48.843+0530] {dagbag.py:540} INFO - Filling up the DagBag from /Users/anikbhowmick/Python/Big_Data_Assignment/A02/airflow_env/lib/python3.11/site-packages/airflow/example_dags/plugins/event_listener.py
[2024-02-27T11:19:48.843+0530] {processor.py:842} WARNING - No viable dags retrieved from /Users/anikbhowmick/Python/Big_Data_Assignment/A02/airflow_env/lib/python3.11/site-packages/airflow/example_dags/plugins/event_listener.py
[2024-02-27T11:19:48.889+0530] {processor.py:183} INFO - Processing /Users/anikbhowmick/Python/Big_Data_Assignment/A02/airflow_env/lib/python3.11/site-packages/airflow/example_dags/plugins/event_listener.py took 0.047 seconds
[2024-02-27T11:21:12.395+0530] {processor.py:161} INFO - Started process (PID=3705) to work on /Users/anikbhowmick/Python/Big_Data_Assignment/A02/airflow_env/lib/python3.11/site-packages/airflow/example_dags/plugins/event_listener.py
[2024-02-27T11:21:12.396+0530] {processor.py:830} INFO - Processing file /Users/anikbhowmick/Python/Big_Data_Assignment/A02/airflow_env/lib/python3.11/site-packages/airflow/example_dags/plugins/event_listener.py for tasks to queue
[2024-02-27T11:21:12.397+0530] {logging_mixin.py:188} INFO - [2024-02-27T11:21:12.397+0530] {dagbag.py:540} INFO - Filling up the DagBag from /Users/anikbhowmick/Python/Big_Data_Assignment/A02/airflow_env/lib/python3.11/site-packages/airflow/example_dags/plugins/event_listener.py
[2024-02-27T11:21:12.397+0530] {processor.py:842} WARNING - No viable dags retrieved from /Users/anikbhowmick/Python/Big_Data_Assignment/A02/airflow_env/lib/python3.11/site-packages/airflow/example_dags/plugins/event_listener.py
[2024-02-27T11:21:12.443+0530] {processor.py:183} INFO - Processing /Users/anikbhowmick/Python/Big_Data_Assignment/A02/airflow_env/lib/python3.11/site-packages/airflow/example_dags/plugins/event_listener.py took 0.048 seconds
[2024-02-27T11:22:12.408+0530] {processor.py:161} INFO - Started process (PID=3769) to work on /Users/anikbhowmick/Python/Big_Data_Assignment/A02/airflow_env/lib/python3.11/site-packages/airflow/example_dags/plugins/event_listener.py
[2024-02-27T11:22:12.410+0530] {processor.py:830} INFO - Processing file /Users/anikbhowmick/Python/Big_Data_Assignment/A02/airflow_env/lib/python3.11/site-packages/airflow/example_dags/plugins/event_listener.py for tasks to queue
[2024-02-27T11:22:12.410+0530] {logging_mixin.py:188} INFO - [2024-02-27T11:22:12.410+0530] {dagbag.py:540} INFO - Filling up the DagBag from /Users/anikbhowmick/Python/Big_Data_Assignment/A02/airflow_env/lib/python3.11/site-packages/airflow/example_dags/plugins/event_listener.py
[2024-02-27T11:22:12.410+0530] {processor.py:842} WARNING - No viable dags retrieved from /Users/anikbhowmick/Python/Big_Data_Assignment/A02/airflow_env/lib/python3.11/site-packages/airflow/example_dags/plugins/event_listener.py
[2024-02-27T11:22:12.458+0530] {processor.py:183} INFO - Processing /Users/anikbhowmick/Python/Big_Data_Assignment/A02/airflow_env/lib/python3.11/site-packages/airflow/example_dags/plugins/event_listener.py took 0.050 seconds
[2024-02-27T11:23:47.382+0530] {processor.py:161} INFO - Started process (PID=3868) to work on /Users/anikbhowmick/Python/Big_Data_Assignment/A02/airflow_env/lib/python3.11/site-packages/airflow/example_dags/plugins/event_listener.py
[2024-02-27T11:23:47.383+0530] {processor.py:830} INFO - Processing file /Users/anikbhowmick/Python/Big_Data_Assignment/A02/airflow_env/lib/python3.11/site-packages/airflow/example_dags/plugins/event_listener.py for tasks to queue
[2024-02-27T11:23:47.383+0530] {logging_mixin.py:188} INFO - [2024-02-27T11:23:47.383+0530] {dagbag.py:540} INFO - Filling up the DagBag from /Users/anikbhowmick/Python/Big_Data_Assignment/A02/airflow_env/lib/python3.11/site-packages/airflow/example_dags/plugins/event_listener.py
[2024-02-27T11:23:47.384+0530] {processor.py:842} WARNING - No viable dags retrieved from /Users/anikbhowmick/Python/Big_Data_Assignment/A02/airflow_env/lib/python3.11/site-packages/airflow/example_dags/plugins/event_listener.py
[2024-02-27T11:23:47.461+0530] {processor.py:183} INFO - Processing /Users/anikbhowmick/Python/Big_Data_Assignment/A02/airflow_env/lib/python3.11/site-packages/airflow/example_dags/plugins/event_listener.py took 0.080 seconds
[2024-02-27T11:25:26.029+0530] {processor.py:161} INFO - Started process (PID=3948) to work on /Users/anikbhowmick/Python/Big_Data_Assignment/A02/airflow_env/lib/python3.11/site-packages/airflow/example_dags/plugins/event_listener.py
[2024-02-27T11:25:26.029+0530] {processor.py:830} INFO - Processing file /Users/anikbhowmick/Python/Big_Data_Assignment/A02/airflow_env/lib/python3.11/site-packages/airflow/example_dags/plugins/event_listener.py for tasks to queue
[2024-02-27T11:25:26.029+0530] {logging_mixin.py:188} INFO - [2024-02-27T11:25:26.029+0530] {dagbag.py:540} INFO - Filling up the DagBag from /Users/anikbhowmick/Python/Big_Data_Assignment/A02/airflow_env/lib/python3.11/site-packages/airflow/example_dags/plugins/event_listener.py
[2024-02-27T11:25:26.030+0530] {processor.py:842} WARNING - No viable dags retrieved from /Users/anikbhowmick/Python/Big_Data_Assignment/A02/airflow_env/lib/python3.11/site-packages/airflow/example_dags/plugins/event_listener.py
[2024-02-27T11:25:26.075+0530] {processor.py:183} INFO - Processing /Users/anikbhowmick/Python/Big_Data_Assignment/A02/airflow_env/lib/python3.11/site-packages/airflow/example_dags/plugins/event_listener.py took 0.046 seconds
[2024-02-27T11:26:20.061+0530] {processor.py:161} INFO - Started process (PID=3988) to work on /Users/anikbhowmick/Python/Big_Data_Assignment/A02/airflow_env/lib/python3.11/site-packages/airflow/example_dags/plugins/event_listener.py
[2024-02-27T11:26:20.062+0530] {processor.py:830} INFO - Processing file /Users/anikbhowmick/Python/Big_Data_Assignment/A02/airflow_env/lib/python3.11/site-packages/airflow/example_dags/plugins/event_listener.py for tasks to queue
[2024-02-27T11:26:20.062+0530] {logging_mixin.py:188} INFO - [2024-02-27T11:26:20.062+0530] {dagbag.py:540} INFO - Filling up the DagBag from /Users/anikbhowmick/Python/Big_Data_Assignment/A02/airflow_env/lib/python3.11/site-packages/airflow/example_dags/plugins/event_listener.py
[2024-02-27T11:26:20.062+0530] {processor.py:842} WARNING - No viable dags retrieved from /Users/anikbhowmick/Python/Big_Data_Assignment/A02/airflow_env/lib/python3.11/site-packages/airflow/example_dags/plugins/event_listener.py
[2024-02-27T11:26:20.107+0530] {processor.py:183} INFO - Processing /Users/anikbhowmick/Python/Big_Data_Assignment/A02/airflow_env/lib/python3.11/site-packages/airflow/example_dags/plugins/event_listener.py took 0.047 seconds
[2024-02-27T11:27:09.670+0530] {processor.py:161} INFO - Started process (PID=4020) to work on /Users/anikbhowmick/Python/Big_Data_Assignment/A02/airflow_env/lib/python3.11/site-packages/airflow/example_dags/plugins/event_listener.py
[2024-02-27T11:27:09.670+0530] {processor.py:830} INFO - Processing file /Users/anikbhowmick/Python/Big_Data_Assignment/A02/airflow_env/lib/python3.11/site-packages/airflow/example_dags/plugins/event_listener.py for tasks to queue
[2024-02-27T11:27:09.671+0530] {logging_mixin.py:188} INFO - [2024-02-27T11:27:09.670+0530] {dagbag.py:540} INFO - Filling up the DagBag from /Users/anikbhowmick/Python/Big_Data_Assignment/A02/airflow_env/lib/python3.11/site-packages/airflow/example_dags/plugins/event_listener.py
[2024-02-27T11:27:09.671+0530] {processor.py:842} WARNING - No viable dags retrieved from /Users/anikbhowmick/Python/Big_Data_Assignment/A02/airflow_env/lib/python3.11/site-packages/airflow/example_dags/plugins/event_listener.py
[2024-02-27T11:27:09.719+0530] {processor.py:183} INFO - Processing /Users/anikbhowmick/Python/Big_Data_Assignment/A02/airflow_env/lib/python3.11/site-packages/airflow/example_dags/plugins/event_listener.py took 0.050 seconds
[2024-02-27T11:27:44.784+0530] {processor.py:161} INFO - Started process (PID=4067) to work on /Users/anikbhowmick/Python/Big_Data_Assignment/A02/airflow_env/lib/python3.11/site-packages/airflow/example_dags/plugins/event_listener.py
[2024-02-27T11:27:44.785+0530] {processor.py:830} INFO - Processing file /Users/anikbhowmick/Python/Big_Data_Assignment/A02/airflow_env/lib/python3.11/site-packages/airflow/example_dags/plugins/event_listener.py for tasks to queue
[2024-02-27T11:27:44.785+0530] {logging_mixin.py:188} INFO - [2024-02-27T11:27:44.785+0530] {dagbag.py:540} INFO - Filling up the DagBag from /Users/anikbhowmick/Python/Big_Data_Assignment/A02/airflow_env/lib/python3.11/site-packages/airflow/example_dags/plugins/event_listener.py
[2024-02-27T11:27:44.786+0530] {processor.py:842} WARNING - No viable dags retrieved from /Users/anikbhowmick/Python/Big_Data_Assignment/A02/airflow_env/lib/python3.11/site-packages/airflow/example_dags/plugins/event_listener.py
[2024-02-27T11:27:44.833+0530] {processor.py:183} INFO - Processing /Users/anikbhowmick/Python/Big_Data_Assignment/A02/airflow_env/lib/python3.11/site-packages/airflow/example_dags/plugins/event_listener.py took 0.049 seconds
[2024-02-27T11:29:19.141+0530] {processor.py:161} INFO - Started process (PID=4176) to work on /Users/anikbhowmick/Python/Big_Data_Assignment/A02/airflow_env/lib/python3.11/site-packages/airflow/example_dags/plugins/event_listener.py
[2024-02-27T11:29:19.142+0530] {processor.py:830} INFO - Processing file /Users/anikbhowmick/Python/Big_Data_Assignment/A02/airflow_env/lib/python3.11/site-packages/airflow/example_dags/plugins/event_listener.py for tasks to queue
[2024-02-27T11:29:19.142+0530] {logging_mixin.py:188} INFO - [2024-02-27T11:29:19.142+0530] {dagbag.py:540} INFO - Filling up the DagBag from /Users/anikbhowmick/Python/Big_Data_Assignment/A02/airflow_env/lib/python3.11/site-packages/airflow/example_dags/plugins/event_listener.py
[2024-02-27T11:29:19.142+0530] {processor.py:842} WARNING - No viable dags retrieved from /Users/anikbhowmick/Python/Big_Data_Assignment/A02/airflow_env/lib/python3.11/site-packages/airflow/example_dags/plugins/event_listener.py
[2024-02-27T11:29:19.187+0530] {processor.py:183} INFO - Processing /Users/anikbhowmick/Python/Big_Data_Assignment/A02/airflow_env/lib/python3.11/site-packages/airflow/example_dags/plugins/event_listener.py took 0.047 seconds
[2024-02-27T11:30:13.053+0530] {processor.py:161} INFO - Started process (PID=4217) to work on /Users/anikbhowmick/Python/Big_Data_Assignment/A02/airflow_env/lib/python3.11/site-packages/airflow/example_dags/plugins/event_listener.py
[2024-02-27T11:30:13.054+0530] {processor.py:830} INFO - Processing file /Users/anikbhowmick/Python/Big_Data_Assignment/A02/airflow_env/lib/python3.11/site-packages/airflow/example_dags/plugins/event_listener.py for tasks to queue
[2024-02-27T11:30:13.054+0530] {logging_mixin.py:188} INFO - [2024-02-27T11:30:13.054+0530] {dagbag.py:540} INFO - Filling up the DagBag from /Users/anikbhowmick/Python/Big_Data_Assignment/A02/airflow_env/lib/python3.11/site-packages/airflow/example_dags/plugins/event_listener.py
[2024-02-27T11:30:13.054+0530] {processor.py:842} WARNING - No viable dags retrieved from /Users/anikbhowmick/Python/Big_Data_Assignment/A02/airflow_env/lib/python3.11/site-packages/airflow/example_dags/plugins/event_listener.py
[2024-02-27T11:30:13.099+0530] {processor.py:183} INFO - Processing /Users/anikbhowmick/Python/Big_Data_Assignment/A02/airflow_env/lib/python3.11/site-packages/airflow/example_dags/plugins/event_listener.py took 0.047 seconds
[2024-02-27T11:31:04.734+0530] {processor.py:161} INFO - Started process (PID=4248) to work on /Users/anikbhowmick/Python/Big_Data_Assignment/A02/airflow_env/lib/python3.11/site-packages/airflow/example_dags/plugins/event_listener.py
[2024-02-27T11:31:04.736+0530] {processor.py:830} INFO - Processing file /Users/anikbhowmick/Python/Big_Data_Assignment/A02/airflow_env/lib/python3.11/site-packages/airflow/example_dags/plugins/event_listener.py for tasks to queue
[2024-02-27T11:31:04.736+0530] {logging_mixin.py:188} INFO - [2024-02-27T11:31:04.736+0530] {dagbag.py:540} INFO - Filling up the DagBag from /Users/anikbhowmick/Python/Big_Data_Assignment/A02/airflow_env/lib/python3.11/site-packages/airflow/example_dags/plugins/event_listener.py
[2024-02-27T11:31:04.737+0530] {processor.py:842} WARNING - No viable dags retrieved from /Users/anikbhowmick/Python/Big_Data_Assignment/A02/airflow_env/lib/python3.11/site-packages/airflow/example_dags/plugins/event_listener.py
[2024-02-27T11:31:04.782+0530] {processor.py:183} INFO - Processing /Users/anikbhowmick/Python/Big_Data_Assignment/A02/airflow_env/lib/python3.11/site-packages/airflow/example_dags/plugins/event_listener.py took 0.049 seconds
[2024-02-27T11:31:57.747+0530] {processor.py:161} INFO - Started process (PID=4286) to work on /Users/anikbhowmick/Python/Big_Data_Assignment/A02/airflow_env/lib/python3.11/site-packages/airflow/example_dags/plugins/event_listener.py
[2024-02-27T11:31:57.748+0530] {processor.py:830} INFO - Processing file /Users/anikbhowmick/Python/Big_Data_Assignment/A02/airflow_env/lib/python3.11/site-packages/airflow/example_dags/plugins/event_listener.py for tasks to queue
[2024-02-27T11:31:57.748+0530] {logging_mixin.py:188} INFO - [2024-02-27T11:31:57.748+0530] {dagbag.py:540} INFO - Filling up the DagBag from /Users/anikbhowmick/Python/Big_Data_Assignment/A02/airflow_env/lib/python3.11/site-packages/airflow/example_dags/plugins/event_listener.py
[2024-02-27T11:31:57.749+0530] {processor.py:842} WARNING - No viable dags retrieved from /Users/anikbhowmick/Python/Big_Data_Assignment/A02/airflow_env/lib/python3.11/site-packages/airflow/example_dags/plugins/event_listener.py
[2024-02-27T11:31:57.793+0530] {processor.py:183} INFO - Processing /Users/anikbhowmick/Python/Big_Data_Assignment/A02/airflow_env/lib/python3.11/site-packages/airflow/example_dags/plugins/event_listener.py took 0.047 seconds
[2024-02-27T11:32:46.080+0530] {processor.py:161} INFO - Started process (PID=4324) to work on /Users/anikbhowmick/Python/Big_Data_Assignment/A02/airflow_env/lib/python3.11/site-packages/airflow/example_dags/plugins/event_listener.py
[2024-02-27T11:32:46.081+0530] {processor.py:830} INFO - Processing file /Users/anikbhowmick/Python/Big_Data_Assignment/A02/airflow_env/lib/python3.11/site-packages/airflow/example_dags/plugins/event_listener.py for tasks to queue
[2024-02-27T11:32:46.081+0530] {logging_mixin.py:188} INFO - [2024-02-27T11:32:46.081+0530] {dagbag.py:540} INFO - Filling up the DagBag from /Users/anikbhowmick/Python/Big_Data_Assignment/A02/airflow_env/lib/python3.11/site-packages/airflow/example_dags/plugins/event_listener.py
[2024-02-27T11:32:46.082+0530] {processor.py:842} WARNING - No viable dags retrieved from /Users/anikbhowmick/Python/Big_Data_Assignment/A02/airflow_env/lib/python3.11/site-packages/airflow/example_dags/plugins/event_listener.py
[2024-02-27T11:32:46.127+0530] {processor.py:183} INFO - Processing /Users/anikbhowmick/Python/Big_Data_Assignment/A02/airflow_env/lib/python3.11/site-packages/airflow/example_dags/plugins/event_listener.py took 0.047 seconds
[2024-02-27T11:33:23.838+0530] {processor.py:161} INFO - Started process (PID=4373) to work on /Users/anikbhowmick/Python/Big_Data_Assignment/A02/airflow_env/lib/python3.11/site-packages/airflow/example_dags/plugins/event_listener.py
[2024-02-27T11:33:23.838+0530] {processor.py:830} INFO - Processing file /Users/anikbhowmick/Python/Big_Data_Assignment/A02/airflow_env/lib/python3.11/site-packages/airflow/example_dags/plugins/event_listener.py for tasks to queue
[2024-02-27T11:33:23.839+0530] {logging_mixin.py:188} INFO - [2024-02-27T11:33:23.839+0530] {dagbag.py:540} INFO - Filling up the DagBag from /Users/anikbhowmick/Python/Big_Data_Assignment/A02/airflow_env/lib/python3.11/site-packages/airflow/example_dags/plugins/event_listener.py
[2024-02-27T11:33:23.839+0530] {processor.py:842} WARNING - No viable dags retrieved from /Users/anikbhowmick/Python/Big_Data_Assignment/A02/airflow_env/lib/python3.11/site-packages/airflow/example_dags/plugins/event_listener.py
[2024-02-27T11:33:23.888+0530] {processor.py:183} INFO - Processing /Users/anikbhowmick/Python/Big_Data_Assignment/A02/airflow_env/lib/python3.11/site-packages/airflow/example_dags/plugins/event_listener.py took 0.051 seconds
[2024-02-27T11:34:58.961+0530] {processor.py:161} INFO - Started process (PID=4467) to work on /Users/anikbhowmick/Python/Big_Data_Assignment/A02/airflow_env/lib/python3.11/site-packages/airflow/example_dags/plugins/event_listener.py
[2024-02-27T11:34:58.961+0530] {processor.py:830} INFO - Processing file /Users/anikbhowmick/Python/Big_Data_Assignment/A02/airflow_env/lib/python3.11/site-packages/airflow/example_dags/plugins/event_listener.py for tasks to queue
[2024-02-27T11:34:58.961+0530] {logging_mixin.py:188} INFO - [2024-02-27T11:34:58.961+0530] {dagbag.py:540} INFO - Filling up the DagBag from /Users/anikbhowmick/Python/Big_Data_Assignment/A02/airflow_env/lib/python3.11/site-packages/airflow/example_dags/plugins/event_listener.py
[2024-02-27T11:34:58.962+0530] {processor.py:842} WARNING - No viable dags retrieved from /Users/anikbhowmick/Python/Big_Data_Assignment/A02/airflow_env/lib/python3.11/site-packages/airflow/example_dags/plugins/event_listener.py
[2024-02-27T11:34:59.009+0530] {processor.py:183} INFO - Processing /Users/anikbhowmick/Python/Big_Data_Assignment/A02/airflow_env/lib/python3.11/site-packages/airflow/example_dags/plugins/event_listener.py took 0.049 seconds
[2024-02-27T11:35:49.937+0530] {processor.py:161} INFO - Started process (PID=4504) to work on /Users/anikbhowmick/Python/Big_Data_Assignment/A02/airflow_env/lib/python3.11/site-packages/airflow/example_dags/plugins/event_listener.py
[2024-02-27T11:35:49.938+0530] {processor.py:830} INFO - Processing file /Users/anikbhowmick/Python/Big_Data_Assignment/A02/airflow_env/lib/python3.11/site-packages/airflow/example_dags/plugins/event_listener.py for tasks to queue
[2024-02-27T11:35:49.938+0530] {logging_mixin.py:188} INFO - [2024-02-27T11:35:49.938+0530] {dagbag.py:540} INFO - Filling up the DagBag from /Users/anikbhowmick/Python/Big_Data_Assignment/A02/airflow_env/lib/python3.11/site-packages/airflow/example_dags/plugins/event_listener.py
[2024-02-27T11:35:49.939+0530] {processor.py:842} WARNING - No viable dags retrieved from /Users/anikbhowmick/Python/Big_Data_Assignment/A02/airflow_env/lib/python3.11/site-packages/airflow/example_dags/plugins/event_listener.py
[2024-02-27T11:35:49.984+0530] {processor.py:183} INFO - Processing /Users/anikbhowmick/Python/Big_Data_Assignment/A02/airflow_env/lib/python3.11/site-packages/airflow/example_dags/plugins/event_listener.py took 0.047 seconds
[2024-02-27T11:36:38.231+0530] {processor.py:161} INFO - Started process (PID=4536) to work on /Users/anikbhowmick/Python/Big_Data_Assignment/A02/airflow_env/lib/python3.11/site-packages/airflow/example_dags/plugins/event_listener.py
[2024-02-27T11:36:38.232+0530] {processor.py:830} INFO - Processing file /Users/anikbhowmick/Python/Big_Data_Assignment/A02/airflow_env/lib/python3.11/site-packages/airflow/example_dags/plugins/event_listener.py for tasks to queue
[2024-02-27T11:36:38.232+0530] {logging_mixin.py:188} INFO - [2024-02-27T11:36:38.232+0530] {dagbag.py:540} INFO - Filling up the DagBag from /Users/anikbhowmick/Python/Big_Data_Assignment/A02/airflow_env/lib/python3.11/site-packages/airflow/example_dags/plugins/event_listener.py
[2024-02-27T11:36:38.233+0530] {processor.py:842} WARNING - No viable dags retrieved from /Users/anikbhowmick/Python/Big_Data_Assignment/A02/airflow_env/lib/python3.11/site-packages/airflow/example_dags/plugins/event_listener.py
[2024-02-27T11:36:38.281+0530] {processor.py:183} INFO - Processing /Users/anikbhowmick/Python/Big_Data_Assignment/A02/airflow_env/lib/python3.11/site-packages/airflow/example_dags/plugins/event_listener.py took 0.051 seconds
[2024-02-27T11:38:58.197+0530] {processor.py:161} INFO - Started process (PID=4609) to work on /Users/anikbhowmick/Python/Big_Data_Assignment/A02/airflow_env/lib/python3.11/site-packages/airflow/example_dags/plugins/event_listener.py
[2024-02-27T11:38:58.198+0530] {processor.py:830} INFO - Processing file /Users/anikbhowmick/Python/Big_Data_Assignment/A02/airflow_env/lib/python3.11/site-packages/airflow/example_dags/plugins/event_listener.py for tasks to queue
[2024-02-27T11:38:58.199+0530] {logging_mixin.py:188} INFO - [2024-02-27T11:38:58.199+0530] {dagbag.py:540} INFO - Filling up the DagBag from /Users/anikbhowmick/Python/Big_Data_Assignment/A02/airflow_env/lib/python3.11/site-packages/airflow/example_dags/plugins/event_listener.py
[2024-02-27T11:38:58.199+0530] {processor.py:842} WARNING - No viable dags retrieved from /Users/anikbhowmick/Python/Big_Data_Assignment/A02/airflow_env/lib/python3.11/site-packages/airflow/example_dags/plugins/event_listener.py
[2024-02-27T11:38:58.247+0530] {processor.py:183} INFO - Processing /Users/anikbhowmick/Python/Big_Data_Assignment/A02/airflow_env/lib/python3.11/site-packages/airflow/example_dags/plugins/event_listener.py took 0.050 seconds
[2024-02-27T11:40:34.969+0530] {processor.py:161} INFO - Started process (PID=4694) to work on /Users/anikbhowmick/Python/Big_Data_Assignment/A02/airflow_env/lib/python3.11/site-packages/airflow/example_dags/plugins/event_listener.py
[2024-02-27T11:40:34.969+0530] {processor.py:830} INFO - Processing file /Users/anikbhowmick/Python/Big_Data_Assignment/A02/airflow_env/lib/python3.11/site-packages/airflow/example_dags/plugins/event_listener.py for tasks to queue
[2024-02-27T11:40:34.970+0530] {logging_mixin.py:188} INFO - [2024-02-27T11:40:34.970+0530] {dagbag.py:540} INFO - Filling up the DagBag from /Users/anikbhowmick/Python/Big_Data_Assignment/A02/airflow_env/lib/python3.11/site-packages/airflow/example_dags/plugins/event_listener.py
[2024-02-27T11:40:34.970+0530] {processor.py:842} WARNING - No viable dags retrieved from /Users/anikbhowmick/Python/Big_Data_Assignment/A02/airflow_env/lib/python3.11/site-packages/airflow/example_dags/plugins/event_listener.py
[2024-02-27T11:40:35.018+0530] {processor.py:183} INFO - Processing /Users/anikbhowmick/Python/Big_Data_Assignment/A02/airflow_env/lib/python3.11/site-packages/airflow/example_dags/plugins/event_listener.py took 0.049 seconds
[2024-02-27T11:41:38.992+0530] {processor.py:161} INFO - Started process (PID=4733) to work on /Users/anikbhowmick/Python/Big_Data_Assignment/A02/airflow_env/lib/python3.11/site-packages/airflow/example_dags/plugins/event_listener.py
[2024-02-27T11:41:38.992+0530] {processor.py:830} INFO - Processing file /Users/anikbhowmick/Python/Big_Data_Assignment/A02/airflow_env/lib/python3.11/site-packages/airflow/example_dags/plugins/event_listener.py for tasks to queue
[2024-02-27T11:41:38.993+0530] {logging_mixin.py:188} INFO - [2024-02-27T11:41:38.992+0530] {dagbag.py:540} INFO - Filling up the DagBag from /Users/anikbhowmick/Python/Big_Data_Assignment/A02/airflow_env/lib/python3.11/site-packages/airflow/example_dags/plugins/event_listener.py
[2024-02-27T11:41:38.993+0530] {processor.py:842} WARNING - No viable dags retrieved from /Users/anikbhowmick/Python/Big_Data_Assignment/A02/airflow_env/lib/python3.11/site-packages/airflow/example_dags/plugins/event_listener.py
[2024-02-27T11:41:39.041+0530] {processor.py:183} INFO - Processing /Users/anikbhowmick/Python/Big_Data_Assignment/A02/airflow_env/lib/python3.11/site-packages/airflow/example_dags/plugins/event_listener.py took 0.049 seconds
[2024-02-27T11:42:36.518+0530] {processor.py:161} INFO - Started process (PID=4768) to work on /Users/anikbhowmick/Python/Big_Data_Assignment/A02/airflow_env/lib/python3.11/site-packages/airflow/example_dags/plugins/event_listener.py
[2024-02-27T11:42:36.519+0530] {processor.py:830} INFO - Processing file /Users/anikbhowmick/Python/Big_Data_Assignment/A02/airflow_env/lib/python3.11/site-packages/airflow/example_dags/plugins/event_listener.py for tasks to queue
[2024-02-27T11:42:36.519+0530] {logging_mixin.py:188} INFO - [2024-02-27T11:42:36.519+0530] {dagbag.py:540} INFO - Filling up the DagBag from /Users/anikbhowmick/Python/Big_Data_Assignment/A02/airflow_env/lib/python3.11/site-packages/airflow/example_dags/plugins/event_listener.py
[2024-02-27T11:42:36.519+0530] {processor.py:842} WARNING - No viable dags retrieved from /Users/anikbhowmick/Python/Big_Data_Assignment/A02/airflow_env/lib/python3.11/site-packages/airflow/example_dags/plugins/event_listener.py
[2024-02-27T11:42:36.564+0530] {processor.py:183} INFO - Processing /Users/anikbhowmick/Python/Big_Data_Assignment/A02/airflow_env/lib/python3.11/site-packages/airflow/example_dags/plugins/event_listener.py took 0.046 seconds
