[2024-02-27T10:45:40.482+0530] {processor.py:161} INFO - Started process (PID=1533) to work on /Users/anikbhowmick/Python/Big_Data_Assignment/A02/airflow_env/lib/python3.11/site-packages/airflow/example_dags/plugins/workday.py
[2024-02-27T10:45:40.482+0530] {processor.py:830} INFO - Processing file /Users/anikbhowmick/Python/Big_Data_Assignment/A02/airflow_env/lib/python3.11/site-packages/airflow/example_dags/plugins/workday.py for tasks to queue
[2024-02-27T10:45:40.483+0530] {logging_mixin.py:188} INFO - [2024-02-27T10:45:40.483+0530] {dagbag.py:540} INFO - Filling up the DagBag from /Users/anikbhowmick/Python/Big_Data_Assignment/A02/airflow_env/lib/python3.11/site-packages/airflow/example_dags/plugins/workday.py
[2024-02-27T10:45:40.484+0530] {logging_mixin.py:188} INFO - [2024-02-27T10:45:40.484+0530] {workday.py:40} WARNING - Could not import pandas. Holidays will not be considered.
[2024-02-27T10:45:40.485+0530] {processor.py:842} WARNING - No viable dags retrieved from /Users/anikbhowmick/Python/Big_Data_Assignment/A02/airflow_env/lib/python3.11/site-packages/airflow/example_dags/plugins/workday.py
[2024-02-27T10:45:40.580+0530] {processor.py:183} INFO - Processing /Users/anikbhowmick/Python/Big_Data_Assignment/A02/airflow_env/lib/python3.11/site-packages/airflow/example_dags/plugins/workday.py took 0.098 seconds
[2024-02-27T10:47:11.698+0530] {processor.py:161} INFO - Started process (PID=1643) to work on /Users/anikbhowmick/Python/Big_Data_Assignment/A02/airflow_env/lib/python3.11/site-packages/airflow/example_dags/plugins/workday.py
[2024-02-27T10:47:11.698+0530] {processor.py:830} INFO - Processing file /Users/anikbhowmick/Python/Big_Data_Assignment/A02/airflow_env/lib/python3.11/site-packages/airflow/example_dags/plugins/workday.py for tasks to queue
[2024-02-27T10:47:11.698+0530] {logging_mixin.py:188} INFO - [2024-02-27T10:47:11.698+0530] {dagbag.py:540} INFO - Filling up the DagBag from /Users/anikbhowmick/Python/Big_Data_Assignment/A02/airflow_env/lib/python3.11/site-packages/airflow/example_dags/plugins/workday.py
[2024-02-27T10:47:11.699+0530] {logging_mixin.py:188} INFO - [2024-02-27T10:47:11.699+0530] {workday.py:40} WARNING - Could not import pandas. Holidays will not be considered.
[2024-02-27T10:47:11.699+0530] {processor.py:842} WARNING - No viable dags retrieved from /Users/anikbhowmick/Python/Big_Data_Assignment/A02/airflow_env/lib/python3.11/site-packages/airflow/example_dags/plugins/workday.py
[2024-02-27T10:47:11.747+0530] {processor.py:183} INFO - Processing /Users/anikbhowmick/Python/Big_Data_Assignment/A02/airflow_env/lib/python3.11/site-packages/airflow/example_dags/plugins/workday.py took 0.050 seconds
[2024-02-27T10:49:09.004+0530] {processor.py:161} INFO - Started process (PID=1742) to work on /Users/anikbhowmick/Python/Big_Data_Assignment/A02/airflow_env/lib/python3.11/site-packages/airflow/example_dags/plugins/workday.py
[2024-02-27T10:49:09.005+0530] {processor.py:830} INFO - Processing file /Users/anikbhowmick/Python/Big_Data_Assignment/A02/airflow_env/lib/python3.11/site-packages/airflow/example_dags/plugins/workday.py for tasks to queue
[2024-02-27T10:49:09.005+0530] {logging_mixin.py:188} INFO - [2024-02-27T10:49:09.005+0530] {dagbag.py:540} INFO - Filling up the DagBag from /Users/anikbhowmick/Python/Big_Data_Assignment/A02/airflow_env/lib/python3.11/site-packages/airflow/example_dags/plugins/workday.py
[2024-02-27T10:49:09.005+0530] {logging_mixin.py:188} INFO - [2024-02-27T10:49:09.005+0530] {workday.py:40} WARNING - Could not import pandas. Holidays will not be considered.
[2024-02-27T10:49:09.005+0530] {processor.py:842} WARNING - No viable dags retrieved from /Users/anikbhowmick/Python/Big_Data_Assignment/A02/airflow_env/lib/python3.11/site-packages/airflow/example_dags/plugins/workday.py
[2024-02-27T10:49:09.052+0530] {processor.py:183} INFO - Processing /Users/anikbhowmick/Python/Big_Data_Assignment/A02/airflow_env/lib/python3.11/site-packages/airflow/example_dags/plugins/workday.py took 0.048 seconds
[2024-02-27T10:50:36.282+0530] {processor.py:161} INFO - Started process (PID=1824) to work on /Users/anikbhowmick/Python/Big_Data_Assignment/A02/airflow_env/lib/python3.11/site-packages/airflow/example_dags/plugins/workday.py
[2024-02-27T10:50:36.283+0530] {processor.py:830} INFO - Processing file /Users/anikbhowmick/Python/Big_Data_Assignment/A02/airflow_env/lib/python3.11/site-packages/airflow/example_dags/plugins/workday.py for tasks to queue
[2024-02-27T10:50:36.283+0530] {logging_mixin.py:188} INFO - [2024-02-27T10:50:36.283+0530] {dagbag.py:540} INFO - Filling up the DagBag from /Users/anikbhowmick/Python/Big_Data_Assignment/A02/airflow_env/lib/python3.11/site-packages/airflow/example_dags/plugins/workday.py
[2024-02-27T10:50:36.284+0530] {logging_mixin.py:188} INFO - [2024-02-27T10:50:36.284+0530] {workday.py:40} WARNING - Could not import pandas. Holidays will not be considered.
[2024-02-27T10:50:36.284+0530] {processor.py:842} WARNING - No viable dags retrieved from /Users/anikbhowmick/Python/Big_Data_Assignment/A02/airflow_env/lib/python3.11/site-packages/airflow/example_dags/plugins/workday.py
[2024-02-27T10:50:36.331+0530] {processor.py:183} INFO - Processing /Users/anikbhowmick/Python/Big_Data_Assignment/A02/airflow_env/lib/python3.11/site-packages/airflow/example_dags/plugins/workday.py took 0.050 seconds
[2024-02-27T10:51:51.531+0530] {processor.py:161} INFO - Started process (PID=1925) to work on /Users/anikbhowmick/Python/Big_Data_Assignment/A02/airflow_env/lib/python3.11/site-packages/airflow/example_dags/plugins/workday.py
[2024-02-27T10:51:51.532+0530] {processor.py:830} INFO - Processing file /Users/anikbhowmick/Python/Big_Data_Assignment/A02/airflow_env/lib/python3.11/site-packages/airflow/example_dags/plugins/workday.py for tasks to queue
[2024-02-27T10:51:51.533+0530] {logging_mixin.py:188} INFO - [2024-02-27T10:51:51.532+0530] {dagbag.py:540} INFO - Filling up the DagBag from /Users/anikbhowmick/Python/Big_Data_Assignment/A02/airflow_env/lib/python3.11/site-packages/airflow/example_dags/plugins/workday.py
[2024-02-27T10:51:51.533+0530] {logging_mixin.py:188} INFO - [2024-02-27T10:51:51.533+0530] {workday.py:40} WARNING - Could not import pandas. Holidays will not be considered.
[2024-02-27T10:51:51.533+0530] {processor.py:842} WARNING - No viable dags retrieved from /Users/anikbhowmick/Python/Big_Data_Assignment/A02/airflow_env/lib/python3.11/site-packages/airflow/example_dags/plugins/workday.py
[2024-02-27T10:51:51.579+0530] {processor.py:183} INFO - Processing /Users/anikbhowmick/Python/Big_Data_Assignment/A02/airflow_env/lib/python3.11/site-packages/airflow/example_dags/plugins/workday.py took 0.049 seconds
[2024-02-27T10:53:42.437+0530] {processor.py:161} INFO - Started process (PID=2041) to work on /Users/anikbhowmick/Python/Big_Data_Assignment/A02/airflow_env/lib/python3.11/site-packages/airflow/example_dags/plugins/workday.py
[2024-02-27T10:53:42.438+0530] {processor.py:830} INFO - Processing file /Users/anikbhowmick/Python/Big_Data_Assignment/A02/airflow_env/lib/python3.11/site-packages/airflow/example_dags/plugins/workday.py for tasks to queue
[2024-02-27T10:53:42.439+0530] {logging_mixin.py:188} INFO - [2024-02-27T10:53:42.438+0530] {dagbag.py:540} INFO - Filling up the DagBag from /Users/anikbhowmick/Python/Big_Data_Assignment/A02/airflow_env/lib/python3.11/site-packages/airflow/example_dags/plugins/workday.py
[2024-02-27T10:53:42.439+0530] {logging_mixin.py:188} INFO - [2024-02-27T10:53:42.439+0530] {workday.py:40} WARNING - Could not import pandas. Holidays will not be considered.
[2024-02-27T10:53:42.439+0530] {processor.py:842} WARNING - No viable dags retrieved from /Users/anikbhowmick/Python/Big_Data_Assignment/A02/airflow_env/lib/python3.11/site-packages/airflow/example_dags/plugins/workday.py
[2024-02-27T10:53:42.484+0530] {processor.py:183} INFO - Processing /Users/anikbhowmick/Python/Big_Data_Assignment/A02/airflow_env/lib/python3.11/site-packages/airflow/example_dags/plugins/workday.py took 0.048 seconds
[2024-02-27T10:55:16.049+0530] {processor.py:161} INFO - Started process (PID=2181) to work on /Users/anikbhowmick/Python/Big_Data_Assignment/A02/airflow_env/lib/python3.11/site-packages/airflow/example_dags/plugins/workday.py
[2024-02-27T10:55:16.050+0530] {processor.py:830} INFO - Processing file /Users/anikbhowmick/Python/Big_Data_Assignment/A02/airflow_env/lib/python3.11/site-packages/airflow/example_dags/plugins/workday.py for tasks to queue
[2024-02-27T10:55:16.050+0530] {logging_mixin.py:188} INFO - [2024-02-27T10:55:16.050+0530] {dagbag.py:540} INFO - Filling up the DagBag from /Users/anikbhowmick/Python/Big_Data_Assignment/A02/airflow_env/lib/python3.11/site-packages/airflow/example_dags/plugins/workday.py
[2024-02-27T10:55:16.051+0530] {logging_mixin.py:188} INFO - [2024-02-27T10:55:16.050+0530] {workday.py:40} WARNING - Could not import pandas. Holidays will not be considered.
[2024-02-27T10:55:16.051+0530] {processor.py:842} WARNING - No viable dags retrieved from /Users/anikbhowmick/Python/Big_Data_Assignment/A02/airflow_env/lib/python3.11/site-packages/airflow/example_dags/plugins/workday.py
[2024-02-27T10:55:16.096+0530] {processor.py:183} INFO - Processing /Users/anikbhowmick/Python/Big_Data_Assignment/A02/airflow_env/lib/python3.11/site-packages/airflow/example_dags/plugins/workday.py took 0.048 seconds
[2024-02-27T10:56:59.736+0530] {processor.py:161} INFO - Started process (PID=2310) to work on /Users/anikbhowmick/Python/Big_Data_Assignment/A02/airflow_env/lib/python3.11/site-packages/airflow/example_dags/plugins/workday.py
[2024-02-27T10:56:59.737+0530] {processor.py:830} INFO - Processing file /Users/anikbhowmick/Python/Big_Data_Assignment/A02/airflow_env/lib/python3.11/site-packages/airflow/example_dags/plugins/workday.py for tasks to queue
[2024-02-27T10:56:59.737+0530] {logging_mixin.py:188} INFO - [2024-02-27T10:56:59.737+0530] {dagbag.py:540} INFO - Filling up the DagBag from /Users/anikbhowmick/Python/Big_Data_Assignment/A02/airflow_env/lib/python3.11/site-packages/airflow/example_dags/plugins/workday.py
[2024-02-27T10:56:59.738+0530] {logging_mixin.py:188} INFO - [2024-02-27T10:56:59.738+0530] {workday.py:40} WARNING - Could not import pandas. Holidays will not be considered.
[2024-02-27T10:56:59.738+0530] {processor.py:842} WARNING - No viable dags retrieved from /Users/anikbhowmick/Python/Big_Data_Assignment/A02/airflow_env/lib/python3.11/site-packages/airflow/example_dags/plugins/workday.py
[2024-02-27T10:56:59.785+0530] {processor.py:183} INFO - Processing /Users/anikbhowmick/Python/Big_Data_Assignment/A02/airflow_env/lib/python3.11/site-packages/airflow/example_dags/plugins/workday.py took 0.050 seconds
[2024-02-27T10:58:34.462+0530] {processor.py:161} INFO - Started process (PID=2423) to work on /Users/anikbhowmick/Python/Big_Data_Assignment/A02/airflow_env/lib/python3.11/site-packages/airflow/example_dags/plugins/workday.py
[2024-02-27T10:58:34.463+0530] {processor.py:830} INFO - Processing file /Users/anikbhowmick/Python/Big_Data_Assignment/A02/airflow_env/lib/python3.11/site-packages/airflow/example_dags/plugins/workday.py for tasks to queue
[2024-02-27T10:58:34.463+0530] {logging_mixin.py:188} INFO - [2024-02-27T10:58:34.463+0530] {dagbag.py:540} INFO - Filling up the DagBag from /Users/anikbhowmick/Python/Big_Data_Assignment/A02/airflow_env/lib/python3.11/site-packages/airflow/example_dags/plugins/workday.py
[2024-02-27T10:58:34.464+0530] {logging_mixin.py:188} INFO - [2024-02-27T10:58:34.464+0530] {workday.py:40} WARNING - Could not import pandas. Holidays will not be considered.
[2024-02-27T10:58:34.464+0530] {processor.py:842} WARNING - No viable dags retrieved from /Users/anikbhowmick/Python/Big_Data_Assignment/A02/airflow_env/lib/python3.11/site-packages/airflow/example_dags/plugins/workday.py
[2024-02-27T10:58:34.509+0530] {processor.py:183} INFO - Processing /Users/anikbhowmick/Python/Big_Data_Assignment/A02/airflow_env/lib/python3.11/site-packages/airflow/example_dags/plugins/workday.py took 0.048 seconds
[2024-02-27T10:59:28.657+0530] {processor.py:161} INFO - Started process (PID=2478) to work on /Users/anikbhowmick/Python/Big_Data_Assignment/A02/airflow_env/lib/python3.11/site-packages/airflow/example_dags/plugins/workday.py
[2024-02-27T10:59:28.657+0530] {processor.py:830} INFO - Processing file /Users/anikbhowmick/Python/Big_Data_Assignment/A02/airflow_env/lib/python3.11/site-packages/airflow/example_dags/plugins/workday.py for tasks to queue
[2024-02-27T10:59:28.658+0530] {logging_mixin.py:188} INFO - [2024-02-27T10:59:28.658+0530] {dagbag.py:540} INFO - Filling up the DagBag from /Users/anikbhowmick/Python/Big_Data_Assignment/A02/airflow_env/lib/python3.11/site-packages/airflow/example_dags/plugins/workday.py
[2024-02-27T10:59:28.658+0530] {logging_mixin.py:188} INFO - [2024-02-27T10:59:28.658+0530] {workday.py:40} WARNING - Could not import pandas. Holidays will not be considered.
[2024-02-27T10:59:28.659+0530] {processor.py:842} WARNING - No viable dags retrieved from /Users/anikbhowmick/Python/Big_Data_Assignment/A02/airflow_env/lib/python3.11/site-packages/airflow/example_dags/plugins/workday.py
[2024-02-27T10:59:28.705+0530] {processor.py:183} INFO - Processing /Users/anikbhowmick/Python/Big_Data_Assignment/A02/airflow_env/lib/python3.11/site-packages/airflow/example_dags/plugins/workday.py took 0.049 seconds
[2024-02-27T11:00:22.910+0530] {processor.py:161} INFO - Started process (PID=2534) to work on /Users/anikbhowmick/Python/Big_Data_Assignment/A02/airflow_env/lib/python3.11/site-packages/airflow/example_dags/plugins/workday.py
[2024-02-27T11:00:22.911+0530] {processor.py:830} INFO - Processing file /Users/anikbhowmick/Python/Big_Data_Assignment/A02/airflow_env/lib/python3.11/site-packages/airflow/example_dags/plugins/workday.py for tasks to queue
[2024-02-27T11:00:22.911+0530] {logging_mixin.py:188} INFO - [2024-02-27T11:00:22.911+0530] {dagbag.py:540} INFO - Filling up the DagBag from /Users/anikbhowmick/Python/Big_Data_Assignment/A02/airflow_env/lib/python3.11/site-packages/airflow/example_dags/plugins/workday.py
[2024-02-27T11:00:22.912+0530] {logging_mixin.py:188} INFO - [2024-02-27T11:00:22.912+0530] {workday.py:40} WARNING - Could not import pandas. Holidays will not be considered.
[2024-02-27T11:00:22.912+0530] {processor.py:842} WARNING - No viable dags retrieved from /Users/anikbhowmick/Python/Big_Data_Assignment/A02/airflow_env/lib/python3.11/site-packages/airflow/example_dags/plugins/workday.py
[2024-02-27T11:00:22.958+0530] {processor.py:183} INFO - Processing /Users/anikbhowmick/Python/Big_Data_Assignment/A02/airflow_env/lib/python3.11/site-packages/airflow/example_dags/plugins/workday.py took 0.048 seconds
[2024-02-27T11:01:21.419+0530] {processor.py:161} INFO - Started process (PID=2626) to work on /Users/anikbhowmick/Python/Big_Data_Assignment/A02/airflow_env/lib/python3.11/site-packages/airflow/example_dags/plugins/workday.py
[2024-02-27T11:01:21.420+0530] {processor.py:830} INFO - Processing file /Users/anikbhowmick/Python/Big_Data_Assignment/A02/airflow_env/lib/python3.11/site-packages/airflow/example_dags/plugins/workday.py for tasks to queue
[2024-02-27T11:01:21.420+0530] {logging_mixin.py:188} INFO - [2024-02-27T11:01:21.420+0530] {dagbag.py:540} INFO - Filling up the DagBag from /Users/anikbhowmick/Python/Big_Data_Assignment/A02/airflow_env/lib/python3.11/site-packages/airflow/example_dags/plugins/workday.py
[2024-02-27T11:01:21.421+0530] {logging_mixin.py:188} INFO - [2024-02-27T11:01:21.421+0530] {workday.py:40} WARNING - Could not import pandas. Holidays will not be considered.
[2024-02-27T11:01:21.421+0530] {processor.py:842} WARNING - No viable dags retrieved from /Users/anikbhowmick/Python/Big_Data_Assignment/A02/airflow_env/lib/python3.11/site-packages/airflow/example_dags/plugins/workday.py
[2024-02-27T11:01:21.471+0530] {processor.py:183} INFO - Processing /Users/anikbhowmick/Python/Big_Data_Assignment/A02/airflow_env/lib/python3.11/site-packages/airflow/example_dags/plugins/workday.py took 0.052 seconds
[2024-02-27T11:02:48.017+0530] {processor.py:161} INFO - Started process (PID=2736) to work on /Users/anikbhowmick/Python/Big_Data_Assignment/A02/airflow_env/lib/python3.11/site-packages/airflow/example_dags/plugins/workday.py
[2024-02-27T11:02:48.019+0530] {processor.py:830} INFO - Processing file /Users/anikbhowmick/Python/Big_Data_Assignment/A02/airflow_env/lib/python3.11/site-packages/airflow/example_dags/plugins/workday.py for tasks to queue
[2024-02-27T11:02:48.019+0530] {logging_mixin.py:188} INFO - [2024-02-27T11:02:48.019+0530] {dagbag.py:540} INFO - Filling up the DagBag from /Users/anikbhowmick/Python/Big_Data_Assignment/A02/airflow_env/lib/python3.11/site-packages/airflow/example_dags/plugins/workday.py
[2024-02-27T11:02:48.020+0530] {logging_mixin.py:188} INFO - [2024-02-27T11:02:48.020+0530] {workday.py:40} WARNING - Could not import pandas. Holidays will not be considered.
[2024-02-27T11:02:48.020+0530] {processor.py:842} WARNING - No viable dags retrieved from /Users/anikbhowmick/Python/Big_Data_Assignment/A02/airflow_env/lib/python3.11/site-packages/airflow/example_dags/plugins/workday.py
[2024-02-27T11:02:48.071+0530] {processor.py:183} INFO - Processing /Users/anikbhowmick/Python/Big_Data_Assignment/A02/airflow_env/lib/python3.11/site-packages/airflow/example_dags/plugins/workday.py took 0.055 seconds
[2024-02-27T11:03:37.915+0530] {processor.py:161} INFO - Started process (PID=2791) to work on /Users/anikbhowmick/Python/Big_Data_Assignment/A02/airflow_env/lib/python3.11/site-packages/airflow/example_dags/plugins/workday.py
[2024-02-27T11:03:37.916+0530] {processor.py:830} INFO - Processing file /Users/anikbhowmick/Python/Big_Data_Assignment/A02/airflow_env/lib/python3.11/site-packages/airflow/example_dags/plugins/workday.py for tasks to queue
[2024-02-27T11:03:37.916+0530] {logging_mixin.py:188} INFO - [2024-02-27T11:03:37.916+0530] {dagbag.py:540} INFO - Filling up the DagBag from /Users/anikbhowmick/Python/Big_Data_Assignment/A02/airflow_env/lib/python3.11/site-packages/airflow/example_dags/plugins/workday.py
[2024-02-27T11:03:37.917+0530] {logging_mixin.py:188} INFO - [2024-02-27T11:03:37.917+0530] {workday.py:40} WARNING - Could not import pandas. Holidays will not be considered.
[2024-02-27T11:03:37.917+0530] {processor.py:842} WARNING - No viable dags retrieved from /Users/anikbhowmick/Python/Big_Data_Assignment/A02/airflow_env/lib/python3.11/site-packages/airflow/example_dags/plugins/workday.py
[2024-02-27T11:03:37.963+0530] {processor.py:183} INFO - Processing /Users/anikbhowmick/Python/Big_Data_Assignment/A02/airflow_env/lib/python3.11/site-packages/airflow/example_dags/plugins/workday.py took 0.047 seconds
[2024-02-27T11:04:30.144+0530] {processor.py:161} INFO - Started process (PID=2846) to work on /Users/anikbhowmick/Python/Big_Data_Assignment/A02/airflow_env/lib/python3.11/site-packages/airflow/example_dags/plugins/workday.py
[2024-02-27T11:04:30.144+0530] {processor.py:830} INFO - Processing file /Users/anikbhowmick/Python/Big_Data_Assignment/A02/airflow_env/lib/python3.11/site-packages/airflow/example_dags/plugins/workday.py for tasks to queue
[2024-02-27T11:04:30.145+0530] {logging_mixin.py:188} INFO - [2024-02-27T11:04:30.145+0530] {dagbag.py:540} INFO - Filling up the DagBag from /Users/anikbhowmick/Python/Big_Data_Assignment/A02/airflow_env/lib/python3.11/site-packages/airflow/example_dags/plugins/workday.py
[2024-02-27T11:04:30.145+0530] {logging_mixin.py:188} INFO - [2024-02-27T11:04:30.145+0530] {workday.py:40} WARNING - Could not import pandas. Holidays will not be considered.
[2024-02-27T11:04:30.145+0530] {processor.py:842} WARNING - No viable dags retrieved from /Users/anikbhowmick/Python/Big_Data_Assignment/A02/airflow_env/lib/python3.11/site-packages/airflow/example_dags/plugins/workday.py
[2024-02-27T11:04:30.192+0530] {processor.py:183} INFO - Processing /Users/anikbhowmick/Python/Big_Data_Assignment/A02/airflow_env/lib/python3.11/site-packages/airflow/example_dags/plugins/workday.py took 0.048 seconds
[2024-02-27T11:05:25.521+0530] {processor.py:161} INFO - Started process (PID=2904) to work on /Users/anikbhowmick/Python/Big_Data_Assignment/A02/airflow_env/lib/python3.11/site-packages/airflow/example_dags/plugins/workday.py
[2024-02-27T11:05:25.522+0530] {processor.py:830} INFO - Processing file /Users/anikbhowmick/Python/Big_Data_Assignment/A02/airflow_env/lib/python3.11/site-packages/airflow/example_dags/plugins/workday.py for tasks to queue
[2024-02-27T11:05:25.522+0530] {logging_mixin.py:188} INFO - [2024-02-27T11:05:25.522+0530] {dagbag.py:540} INFO - Filling up the DagBag from /Users/anikbhowmick/Python/Big_Data_Assignment/A02/airflow_env/lib/python3.11/site-packages/airflow/example_dags/plugins/workday.py
[2024-02-27T11:05:25.523+0530] {logging_mixin.py:188} INFO - [2024-02-27T11:05:25.523+0530] {workday.py:40} WARNING - Could not import pandas. Holidays will not be considered.
[2024-02-27T11:05:25.523+0530] {processor.py:842} WARNING - No viable dags retrieved from /Users/anikbhowmick/Python/Big_Data_Assignment/A02/airflow_env/lib/python3.11/site-packages/airflow/example_dags/plugins/workday.py
[2024-02-27T11:05:25.568+0530] {processor.py:183} INFO - Processing /Users/anikbhowmick/Python/Big_Data_Assignment/A02/airflow_env/lib/python3.11/site-packages/airflow/example_dags/plugins/workday.py took 0.048 seconds
[2024-02-27T11:06:20.877+0530] {processor.py:161} INFO - Started process (PID=2940) to work on /Users/anikbhowmick/Python/Big_Data_Assignment/A02/airflow_env/lib/python3.11/site-packages/airflow/example_dags/plugins/workday.py
[2024-02-27T11:06:20.877+0530] {processor.py:830} INFO - Processing file /Users/anikbhowmick/Python/Big_Data_Assignment/A02/airflow_env/lib/python3.11/site-packages/airflow/example_dags/plugins/workday.py for tasks to queue
[2024-02-27T11:06:20.877+0530] {logging_mixin.py:188} INFO - [2024-02-27T11:06:20.877+0530] {dagbag.py:540} INFO - Filling up the DagBag from /Users/anikbhowmick/Python/Big_Data_Assignment/A02/airflow_env/lib/python3.11/site-packages/airflow/example_dags/plugins/workday.py
[2024-02-27T11:06:20.878+0530] {logging_mixin.py:188} INFO - [2024-02-27T11:06:20.878+0530] {workday.py:40} WARNING - Could not import pandas. Holidays will not be considered.
[2024-02-27T11:06:20.878+0530] {processor.py:842} WARNING - No viable dags retrieved from /Users/anikbhowmick/Python/Big_Data_Assignment/A02/airflow_env/lib/python3.11/site-packages/airflow/example_dags/plugins/workday.py
[2024-02-27T11:06:20.923+0530] {processor.py:183} INFO - Processing /Users/anikbhowmick/Python/Big_Data_Assignment/A02/airflow_env/lib/python3.11/site-packages/airflow/example_dags/plugins/workday.py took 0.047 seconds
[2024-02-27T11:07:12.345+0530] {processor.py:161} INFO - Started process (PID=2975) to work on /Users/anikbhowmick/Python/Big_Data_Assignment/A02/airflow_env/lib/python3.11/site-packages/airflow/example_dags/plugins/workday.py
[2024-02-27T11:07:12.345+0530] {processor.py:830} INFO - Processing file /Users/anikbhowmick/Python/Big_Data_Assignment/A02/airflow_env/lib/python3.11/site-packages/airflow/example_dags/plugins/workday.py for tasks to queue
[2024-02-27T11:07:12.345+0530] {logging_mixin.py:188} INFO - [2024-02-27T11:07:12.345+0530] {dagbag.py:540} INFO - Filling up the DagBag from /Users/anikbhowmick/Python/Big_Data_Assignment/A02/airflow_env/lib/python3.11/site-packages/airflow/example_dags/plugins/workday.py
[2024-02-27T11:07:12.346+0530] {logging_mixin.py:188} INFO - [2024-02-27T11:07:12.346+0530] {workday.py:40} WARNING - Could not import pandas. Holidays will not be considered.
[2024-02-27T11:07:12.346+0530] {processor.py:842} WARNING - No viable dags retrieved from /Users/anikbhowmick/Python/Big_Data_Assignment/A02/airflow_env/lib/python3.11/site-packages/airflow/example_dags/plugins/workday.py
[2024-02-27T11:07:12.392+0530] {processor.py:183} INFO - Processing /Users/anikbhowmick/Python/Big_Data_Assignment/A02/airflow_env/lib/python3.11/site-packages/airflow/example_dags/plugins/workday.py took 0.048 seconds
[2024-02-27T11:08:00.270+0530] {processor.py:161} INFO - Started process (PID=3016) to work on /Users/anikbhowmick/Python/Big_Data_Assignment/A02/airflow_env/lib/python3.11/site-packages/airflow/example_dags/plugins/workday.py
[2024-02-27T11:08:00.272+0530] {processor.py:830} INFO - Processing file /Users/anikbhowmick/Python/Big_Data_Assignment/A02/airflow_env/lib/python3.11/site-packages/airflow/example_dags/plugins/workday.py for tasks to queue
[2024-02-27T11:08:00.272+0530] {logging_mixin.py:188} INFO - [2024-02-27T11:08:00.272+0530] {dagbag.py:540} INFO - Filling up the DagBag from /Users/anikbhowmick/Python/Big_Data_Assignment/A02/airflow_env/lib/python3.11/site-packages/airflow/example_dags/plugins/workday.py
[2024-02-27T11:08:00.272+0530] {logging_mixin.py:188} INFO - [2024-02-27T11:08:00.272+0530] {workday.py:40} WARNING - Could not import pandas. Holidays will not be considered.
[2024-02-27T11:08:00.273+0530] {processor.py:842} WARNING - No viable dags retrieved from /Users/anikbhowmick/Python/Big_Data_Assignment/A02/airflow_env/lib/python3.11/site-packages/airflow/example_dags/plugins/workday.py
[2024-02-27T11:08:00.318+0530] {processor.py:183} INFO - Processing /Users/anikbhowmick/Python/Big_Data_Assignment/A02/airflow_env/lib/python3.11/site-packages/airflow/example_dags/plugins/workday.py took 0.048 seconds
[2024-02-27T11:08:53.170+0530] {processor.py:161} INFO - Started process (PID=3100) to work on /Users/anikbhowmick/Python/Big_Data_Assignment/A02/airflow_env/lib/python3.11/site-packages/airflow/example_dags/plugins/workday.py
[2024-02-27T11:08:53.170+0530] {processor.py:830} INFO - Processing file /Users/anikbhowmick/Python/Big_Data_Assignment/A02/airflow_env/lib/python3.11/site-packages/airflow/example_dags/plugins/workday.py for tasks to queue
[2024-02-27T11:08:53.171+0530] {logging_mixin.py:188} INFO - [2024-02-27T11:08:53.170+0530] {dagbag.py:540} INFO - Filling up the DagBag from /Users/anikbhowmick/Python/Big_Data_Assignment/A02/airflow_env/lib/python3.11/site-packages/airflow/example_dags/plugins/workday.py
[2024-02-27T11:08:53.171+0530] {logging_mixin.py:188} INFO - [2024-02-27T11:08:53.171+0530] {workday.py:40} WARNING - Could not import pandas. Holidays will not be considered.
[2024-02-27T11:08:53.171+0530] {processor.py:842} WARNING - No viable dags retrieved from /Users/anikbhowmick/Python/Big_Data_Assignment/A02/airflow_env/lib/python3.11/site-packages/airflow/example_dags/plugins/workday.py
[2024-02-27T11:08:53.217+0530] {processor.py:183} INFO - Processing /Users/anikbhowmick/Python/Big_Data_Assignment/A02/airflow_env/lib/python3.11/site-packages/airflow/example_dags/plugins/workday.py took 0.048 seconds
[2024-02-27T11:09:46.255+0530] {processor.py:161} INFO - Started process (PID=3137) to work on /Users/anikbhowmick/Python/Big_Data_Assignment/A02/airflow_env/lib/python3.11/site-packages/airflow/example_dags/plugins/workday.py
[2024-02-27T11:09:46.256+0530] {processor.py:830} INFO - Processing file /Users/anikbhowmick/Python/Big_Data_Assignment/A02/airflow_env/lib/python3.11/site-packages/airflow/example_dags/plugins/workday.py for tasks to queue
[2024-02-27T11:09:46.256+0530] {logging_mixin.py:188} INFO - [2024-02-27T11:09:46.256+0530] {dagbag.py:540} INFO - Filling up the DagBag from /Users/anikbhowmick/Python/Big_Data_Assignment/A02/airflow_env/lib/python3.11/site-packages/airflow/example_dags/plugins/workday.py
[2024-02-27T11:09:46.256+0530] {logging_mixin.py:188} INFO - [2024-02-27T11:09:46.256+0530] {workday.py:40} WARNING - Could not import pandas. Holidays will not be considered.
[2024-02-27T11:09:46.257+0530] {processor.py:842} WARNING - No viable dags retrieved from /Users/anikbhowmick/Python/Big_Data_Assignment/A02/airflow_env/lib/python3.11/site-packages/airflow/example_dags/plugins/workday.py
[2024-02-27T11:09:46.302+0530] {processor.py:183} INFO - Processing /Users/anikbhowmick/Python/Big_Data_Assignment/A02/airflow_env/lib/python3.11/site-packages/airflow/example_dags/plugins/workday.py took 0.047 seconds
[2024-02-27T11:10:35.043+0530] {processor.py:161} INFO - Started process (PID=3175) to work on /Users/anikbhowmick/Python/Big_Data_Assignment/A02/airflow_env/lib/python3.11/site-packages/airflow/example_dags/plugins/workday.py
[2024-02-27T11:10:35.043+0530] {processor.py:830} INFO - Processing file /Users/anikbhowmick/Python/Big_Data_Assignment/A02/airflow_env/lib/python3.11/site-packages/airflow/example_dags/plugins/workday.py for tasks to queue
[2024-02-27T11:10:35.043+0530] {logging_mixin.py:188} INFO - [2024-02-27T11:10:35.043+0530] {dagbag.py:540} INFO - Filling up the DagBag from /Users/anikbhowmick/Python/Big_Data_Assignment/A02/airflow_env/lib/python3.11/site-packages/airflow/example_dags/plugins/workday.py
[2024-02-27T11:10:35.044+0530] {logging_mixin.py:188} INFO - [2024-02-27T11:10:35.044+0530] {workday.py:40} WARNING - Could not import pandas. Holidays will not be considered.
[2024-02-27T11:10:35.044+0530] {processor.py:842} WARNING - No viable dags retrieved from /Users/anikbhowmick/Python/Big_Data_Assignment/A02/airflow_env/lib/python3.11/site-packages/airflow/example_dags/plugins/workday.py
[2024-02-27T11:10:35.090+0530] {processor.py:183} INFO - Processing /Users/anikbhowmick/Python/Big_Data_Assignment/A02/airflow_env/lib/python3.11/site-packages/airflow/example_dags/plugins/workday.py took 0.048 seconds
[2024-02-27T11:11:21.226+0530] {processor.py:161} INFO - Started process (PID=3224) to work on /Users/anikbhowmick/Python/Big_Data_Assignment/A02/airflow_env/lib/python3.11/site-packages/airflow/example_dags/plugins/workday.py
[2024-02-27T11:11:21.226+0530] {processor.py:830} INFO - Processing file /Users/anikbhowmick/Python/Big_Data_Assignment/A02/airflow_env/lib/python3.11/site-packages/airflow/example_dags/plugins/workday.py for tasks to queue
[2024-02-27T11:11:21.226+0530] {logging_mixin.py:188} INFO - [2024-02-27T11:11:21.226+0530] {dagbag.py:540} INFO - Filling up the DagBag from /Users/anikbhowmick/Python/Big_Data_Assignment/A02/airflow_env/lib/python3.11/site-packages/airflow/example_dags/plugins/workday.py
[2024-02-27T11:11:21.227+0530] {logging_mixin.py:188} INFO - [2024-02-27T11:11:21.227+0530] {workday.py:40} WARNING - Could not import pandas. Holidays will not be considered.
[2024-02-27T11:11:21.227+0530] {processor.py:842} WARNING - No viable dags retrieved from /Users/anikbhowmick/Python/Big_Data_Assignment/A02/airflow_env/lib/python3.11/site-packages/airflow/example_dags/plugins/workday.py
[2024-02-27T11:11:21.274+0530] {processor.py:183} INFO - Processing /Users/anikbhowmick/Python/Big_Data_Assignment/A02/airflow_env/lib/python3.11/site-packages/airflow/example_dags/plugins/workday.py took 0.049 seconds
[2024-02-27T11:12:12.568+0530] {processor.py:161} INFO - Started process (PID=3278) to work on /Users/anikbhowmick/Python/Big_Data_Assignment/A02/airflow_env/lib/python3.11/site-packages/airflow/example_dags/plugins/workday.py
[2024-02-27T11:12:12.569+0530] {processor.py:830} INFO - Processing file /Users/anikbhowmick/Python/Big_Data_Assignment/A02/airflow_env/lib/python3.11/site-packages/airflow/example_dags/plugins/workday.py for tasks to queue
[2024-02-27T11:12:12.569+0530] {logging_mixin.py:188} INFO - [2024-02-27T11:12:12.569+0530] {dagbag.py:540} INFO - Filling up the DagBag from /Users/anikbhowmick/Python/Big_Data_Assignment/A02/airflow_env/lib/python3.11/site-packages/airflow/example_dags/plugins/workday.py
[2024-02-27T11:12:12.570+0530] {logging_mixin.py:188} INFO - [2024-02-27T11:12:12.570+0530] {workday.py:40} WARNING - Could not import pandas. Holidays will not be considered.
[2024-02-27T11:12:12.570+0530] {processor.py:842} WARNING - No viable dags retrieved from /Users/anikbhowmick/Python/Big_Data_Assignment/A02/airflow_env/lib/python3.11/site-packages/airflow/example_dags/plugins/workday.py
[2024-02-27T11:12:12.616+0530] {processor.py:183} INFO - Processing /Users/anikbhowmick/Python/Big_Data_Assignment/A02/airflow_env/lib/python3.11/site-packages/airflow/example_dags/plugins/workday.py took 0.048 seconds
[2024-02-27T11:13:06.627+0530] {processor.py:161} INFO - Started process (PID=3315) to work on /Users/anikbhowmick/Python/Big_Data_Assignment/A02/airflow_env/lib/python3.11/site-packages/airflow/example_dags/plugins/workday.py
[2024-02-27T11:13:06.628+0530] {processor.py:830} INFO - Processing file /Users/anikbhowmick/Python/Big_Data_Assignment/A02/airflow_env/lib/python3.11/site-packages/airflow/example_dags/plugins/workday.py for tasks to queue
[2024-02-27T11:13:06.628+0530] {logging_mixin.py:188} INFO - [2024-02-27T11:13:06.628+0530] {dagbag.py:540} INFO - Filling up the DagBag from /Users/anikbhowmick/Python/Big_Data_Assignment/A02/airflow_env/lib/python3.11/site-packages/airflow/example_dags/plugins/workday.py
[2024-02-27T11:13:06.629+0530] {logging_mixin.py:188} INFO - [2024-02-27T11:13:06.629+0530] {workday.py:40} WARNING - Could not import pandas. Holidays will not be considered.
[2024-02-27T11:13:06.629+0530] {processor.py:842} WARNING - No viable dags retrieved from /Users/anikbhowmick/Python/Big_Data_Assignment/A02/airflow_env/lib/python3.11/site-packages/airflow/example_dags/plugins/workday.py
[2024-02-27T11:13:06.675+0530] {processor.py:183} INFO - Processing /Users/anikbhowmick/Python/Big_Data_Assignment/A02/airflow_env/lib/python3.11/site-packages/airflow/example_dags/plugins/workday.py took 0.048 seconds
[2024-02-27T11:14:04.138+0530] {processor.py:161} INFO - Started process (PID=3382) to work on /Users/anikbhowmick/Python/Big_Data_Assignment/A02/airflow_env/lib/python3.11/site-packages/airflow/example_dags/plugins/workday.py
[2024-02-27T11:14:04.138+0530] {processor.py:830} INFO - Processing file /Users/anikbhowmick/Python/Big_Data_Assignment/A02/airflow_env/lib/python3.11/site-packages/airflow/example_dags/plugins/workday.py for tasks to queue
[2024-02-27T11:14:04.139+0530] {logging_mixin.py:188} INFO - [2024-02-27T11:14:04.139+0530] {dagbag.py:540} INFO - Filling up the DagBag from /Users/anikbhowmick/Python/Big_Data_Assignment/A02/airflow_env/lib/python3.11/site-packages/airflow/example_dags/plugins/workday.py
[2024-02-27T11:14:04.139+0530] {logging_mixin.py:188} INFO - [2024-02-27T11:14:04.139+0530] {workday.py:40} WARNING - Could not import pandas. Holidays will not be considered.
[2024-02-27T11:14:04.139+0530] {processor.py:842} WARNING - No viable dags retrieved from /Users/anikbhowmick/Python/Big_Data_Assignment/A02/airflow_env/lib/python3.11/site-packages/airflow/example_dags/plugins/workday.py
[2024-02-27T11:14:04.186+0530] {processor.py:183} INFO - Processing /Users/anikbhowmick/Python/Big_Data_Assignment/A02/airflow_env/lib/python3.11/site-packages/airflow/example_dags/plugins/workday.py took 0.048 seconds
[2024-02-27T11:14:57.927+0530] {processor.py:161} INFO - Started process (PID=3417) to work on /Users/anikbhowmick/Python/Big_Data_Assignment/A02/airflow_env/lib/python3.11/site-packages/airflow/example_dags/plugins/workday.py
[2024-02-27T11:14:57.927+0530] {processor.py:830} INFO - Processing file /Users/anikbhowmick/Python/Big_Data_Assignment/A02/airflow_env/lib/python3.11/site-packages/airflow/example_dags/plugins/workday.py for tasks to queue
[2024-02-27T11:14:57.927+0530] {logging_mixin.py:188} INFO - [2024-02-27T11:14:57.927+0530] {dagbag.py:540} INFO - Filling up the DagBag from /Users/anikbhowmick/Python/Big_Data_Assignment/A02/airflow_env/lib/python3.11/site-packages/airflow/example_dags/plugins/workday.py
[2024-02-27T11:14:57.928+0530] {logging_mixin.py:188} INFO - [2024-02-27T11:14:57.928+0530] {workday.py:40} WARNING - Could not import pandas. Holidays will not be considered.
[2024-02-27T11:14:57.928+0530] {processor.py:842} WARNING - No viable dags retrieved from /Users/anikbhowmick/Python/Big_Data_Assignment/A02/airflow_env/lib/python3.11/site-packages/airflow/example_dags/plugins/workday.py
[2024-02-27T11:14:57.974+0530] {processor.py:183} INFO - Processing /Users/anikbhowmick/Python/Big_Data_Assignment/A02/airflow_env/lib/python3.11/site-packages/airflow/example_dags/plugins/workday.py took 0.048 seconds
[2024-02-27T11:15:48.484+0530] {processor.py:161} INFO - Started process (PID=3451) to work on /Users/anikbhowmick/Python/Big_Data_Assignment/A02/airflow_env/lib/python3.11/site-packages/airflow/example_dags/plugins/workday.py
[2024-02-27T11:15:48.484+0530] {processor.py:830} INFO - Processing file /Users/anikbhowmick/Python/Big_Data_Assignment/A02/airflow_env/lib/python3.11/site-packages/airflow/example_dags/plugins/workday.py for tasks to queue
[2024-02-27T11:15:48.485+0530] {logging_mixin.py:188} INFO - [2024-02-27T11:15:48.485+0530] {dagbag.py:540} INFO - Filling up the DagBag from /Users/anikbhowmick/Python/Big_Data_Assignment/A02/airflow_env/lib/python3.11/site-packages/airflow/example_dags/plugins/workday.py
[2024-02-27T11:15:48.485+0530] {logging_mixin.py:188} INFO - [2024-02-27T11:15:48.485+0530] {workday.py:40} WARNING - Could not import pandas. Holidays will not be considered.
[2024-02-27T11:15:48.485+0530] {processor.py:842} WARNING - No viable dags retrieved from /Users/anikbhowmick/Python/Big_Data_Assignment/A02/airflow_env/lib/python3.11/site-packages/airflow/example_dags/plugins/workday.py
[2024-02-27T11:15:48.532+0530] {processor.py:183} INFO - Processing /Users/anikbhowmick/Python/Big_Data_Assignment/A02/airflow_env/lib/python3.11/site-packages/airflow/example_dags/plugins/workday.py took 0.049 seconds
[2024-02-27T11:16:38.240+0530] {processor.py:161} INFO - Started process (PID=3487) to work on /Users/anikbhowmick/Python/Big_Data_Assignment/A02/airflow_env/lib/python3.11/site-packages/airflow/example_dags/plugins/workday.py
[2024-02-27T11:16:38.241+0530] {processor.py:830} INFO - Processing file /Users/anikbhowmick/Python/Big_Data_Assignment/A02/airflow_env/lib/python3.11/site-packages/airflow/example_dags/plugins/workday.py for tasks to queue
[2024-02-27T11:16:38.241+0530] {logging_mixin.py:188} INFO - [2024-02-27T11:16:38.241+0530] {dagbag.py:540} INFO - Filling up the DagBag from /Users/anikbhowmick/Python/Big_Data_Assignment/A02/airflow_env/lib/python3.11/site-packages/airflow/example_dags/plugins/workday.py
[2024-02-27T11:16:38.242+0530] {logging_mixin.py:188} INFO - [2024-02-27T11:16:38.242+0530] {workday.py:40} WARNING - Could not import pandas. Holidays will not be considered.
[2024-02-27T11:16:38.242+0530] {processor.py:842} WARNING - No viable dags retrieved from /Users/anikbhowmick/Python/Big_Data_Assignment/A02/airflow_env/lib/python3.11/site-packages/airflow/example_dags/plugins/workday.py
[2024-02-27T11:16:38.288+0530] {processor.py:183} INFO - Processing /Users/anikbhowmick/Python/Big_Data_Assignment/A02/airflow_env/lib/python3.11/site-packages/airflow/example_dags/plugins/workday.py took 0.048 seconds
[2024-02-27T11:17:35.573+0530] {processor.py:161} INFO - Started process (PID=3526) to work on /Users/anikbhowmick/Python/Big_Data_Assignment/A02/airflow_env/lib/python3.11/site-packages/airflow/example_dags/plugins/workday.py
[2024-02-27T11:17:35.573+0530] {processor.py:830} INFO - Processing file /Users/anikbhowmick/Python/Big_Data_Assignment/A02/airflow_env/lib/python3.11/site-packages/airflow/example_dags/plugins/workday.py for tasks to queue
[2024-02-27T11:17:35.573+0530] {logging_mixin.py:188} INFO - [2024-02-27T11:17:35.573+0530] {dagbag.py:540} INFO - Filling up the DagBag from /Users/anikbhowmick/Python/Big_Data_Assignment/A02/airflow_env/lib/python3.11/site-packages/airflow/example_dags/plugins/workday.py
[2024-02-27T11:17:35.574+0530] {logging_mixin.py:188} INFO - [2024-02-27T11:17:35.574+0530] {workday.py:40} WARNING - Could not import pandas. Holidays will not be considered.
[2024-02-27T11:17:35.574+0530] {processor.py:842} WARNING - No viable dags retrieved from /Users/anikbhowmick/Python/Big_Data_Assignment/A02/airflow_env/lib/python3.11/site-packages/airflow/example_dags/plugins/workday.py
[2024-02-27T11:17:35.620+0530] {processor.py:183} INFO - Processing /Users/anikbhowmick/Python/Big_Data_Assignment/A02/airflow_env/lib/python3.11/site-packages/airflow/example_dags/plugins/workday.py took 0.048 seconds
[2024-02-27T11:18:32.792+0530] {processor.py:161} INFO - Started process (PID=3562) to work on /Users/anikbhowmick/Python/Big_Data_Assignment/A02/airflow_env/lib/python3.11/site-packages/airflow/example_dags/plugins/workday.py
[2024-02-27T11:18:32.792+0530] {processor.py:830} INFO - Processing file /Users/anikbhowmick/Python/Big_Data_Assignment/A02/airflow_env/lib/python3.11/site-packages/airflow/example_dags/plugins/workday.py for tasks to queue
[2024-02-27T11:18:32.792+0530] {logging_mixin.py:188} INFO - [2024-02-27T11:18:32.792+0530] {dagbag.py:540} INFO - Filling up the DagBag from /Users/anikbhowmick/Python/Big_Data_Assignment/A02/airflow_env/lib/python3.11/site-packages/airflow/example_dags/plugins/workday.py
[2024-02-27T11:18:32.793+0530] {logging_mixin.py:188} INFO - [2024-02-27T11:18:32.793+0530] {workday.py:40} WARNING - Could not import pandas. Holidays will not be considered.
[2024-02-27T11:18:32.793+0530] {processor.py:842} WARNING - No viable dags retrieved from /Users/anikbhowmick/Python/Big_Data_Assignment/A02/airflow_env/lib/python3.11/site-packages/airflow/example_dags/plugins/workday.py
[2024-02-27T11:18:32.840+0530] {processor.py:183} INFO - Processing /Users/anikbhowmick/Python/Big_Data_Assignment/A02/airflow_env/lib/python3.11/site-packages/airflow/example_dags/plugins/workday.py took 0.049 seconds
[2024-02-27T11:19:45.128+0530] {processor.py:161} INFO - Started process (PID=3641) to work on /Users/anikbhowmick/Python/Big_Data_Assignment/A02/airflow_env/lib/python3.11/site-packages/airflow/example_dags/plugins/workday.py
[2024-02-27T11:19:45.129+0530] {processor.py:830} INFO - Processing file /Users/anikbhowmick/Python/Big_Data_Assignment/A02/airflow_env/lib/python3.11/site-packages/airflow/example_dags/plugins/workday.py for tasks to queue
[2024-02-27T11:19:45.130+0530] {logging_mixin.py:188} INFO - [2024-02-27T11:19:45.129+0530] {dagbag.py:540} INFO - Filling up the DagBag from /Users/anikbhowmick/Python/Big_Data_Assignment/A02/airflow_env/lib/python3.11/site-packages/airflow/example_dags/plugins/workday.py
[2024-02-27T11:19:45.131+0530] {logging_mixin.py:188} INFO - [2024-02-27T11:19:45.131+0530] {workday.py:40} WARNING - Could not import pandas. Holidays will not be considered.
[2024-02-27T11:19:45.131+0530] {processor.py:842} WARNING - No viable dags retrieved from /Users/anikbhowmick/Python/Big_Data_Assignment/A02/airflow_env/lib/python3.11/site-packages/airflow/example_dags/plugins/workday.py
[2024-02-27T11:19:45.201+0530] {processor.py:183} INFO - Processing /Users/anikbhowmick/Python/Big_Data_Assignment/A02/airflow_env/lib/python3.11/site-packages/airflow/example_dags/plugins/workday.py took 0.073 seconds
[2024-02-27T11:21:09.015+0530] {processor.py:161} INFO - Started process (PID=3703) to work on /Users/anikbhowmick/Python/Big_Data_Assignment/A02/airflow_env/lib/python3.11/site-packages/airflow/example_dags/plugins/workday.py
[2024-02-27T11:21:09.016+0530] {processor.py:830} INFO - Processing file /Users/anikbhowmick/Python/Big_Data_Assignment/A02/airflow_env/lib/python3.11/site-packages/airflow/example_dags/plugins/workday.py for tasks to queue
[2024-02-27T11:21:09.017+0530] {logging_mixin.py:188} INFO - [2024-02-27T11:21:09.017+0530] {dagbag.py:540} INFO - Filling up the DagBag from /Users/anikbhowmick/Python/Big_Data_Assignment/A02/airflow_env/lib/python3.11/site-packages/airflow/example_dags/plugins/workday.py
[2024-02-27T11:21:09.017+0530] {logging_mixin.py:188} INFO - [2024-02-27T11:21:09.017+0530] {workday.py:40} WARNING - Could not import pandas. Holidays will not be considered.
[2024-02-27T11:21:09.017+0530] {processor.py:842} WARNING - No viable dags retrieved from /Users/anikbhowmick/Python/Big_Data_Assignment/A02/airflow_env/lib/python3.11/site-packages/airflow/example_dags/plugins/workday.py
[2024-02-27T11:21:09.063+0530] {processor.py:183} INFO - Processing /Users/anikbhowmick/Python/Big_Data_Assignment/A02/airflow_env/lib/python3.11/site-packages/airflow/example_dags/plugins/workday.py took 0.048 seconds
[2024-02-27T11:22:08.992+0530] {processor.py:161} INFO - Started process (PID=3765) to work on /Users/anikbhowmick/Python/Big_Data_Assignment/A02/airflow_env/lib/python3.11/site-packages/airflow/example_dags/plugins/workday.py
[2024-02-27T11:22:08.993+0530] {processor.py:830} INFO - Processing file /Users/anikbhowmick/Python/Big_Data_Assignment/A02/airflow_env/lib/python3.11/site-packages/airflow/example_dags/plugins/workday.py for tasks to queue
[2024-02-27T11:22:08.993+0530] {logging_mixin.py:188} INFO - [2024-02-27T11:22:08.993+0530] {dagbag.py:540} INFO - Filling up the DagBag from /Users/anikbhowmick/Python/Big_Data_Assignment/A02/airflow_env/lib/python3.11/site-packages/airflow/example_dags/plugins/workday.py
[2024-02-27T11:22:08.994+0530] {logging_mixin.py:188} INFO - [2024-02-27T11:22:08.994+0530] {workday.py:40} WARNING - Could not import pandas. Holidays will not be considered.
[2024-02-27T11:22:08.994+0530] {processor.py:842} WARNING - No viable dags retrieved from /Users/anikbhowmick/Python/Big_Data_Assignment/A02/airflow_env/lib/python3.11/site-packages/airflow/example_dags/plugins/workday.py
[2024-02-27T11:22:09.039+0530] {processor.py:183} INFO - Processing /Users/anikbhowmick/Python/Big_Data_Assignment/A02/airflow_env/lib/python3.11/site-packages/airflow/example_dags/plugins/workday.py took 0.048 seconds
[2024-02-27T11:23:43.894+0530] {processor.py:161} INFO - Started process (PID=3864) to work on /Users/anikbhowmick/Python/Big_Data_Assignment/A02/airflow_env/lib/python3.11/site-packages/airflow/example_dags/plugins/workday.py
[2024-02-27T11:23:43.895+0530] {processor.py:830} INFO - Processing file /Users/anikbhowmick/Python/Big_Data_Assignment/A02/airflow_env/lib/python3.11/site-packages/airflow/example_dags/plugins/workday.py for tasks to queue
[2024-02-27T11:23:43.895+0530] {logging_mixin.py:188} INFO - [2024-02-27T11:23:43.895+0530] {dagbag.py:540} INFO - Filling up the DagBag from /Users/anikbhowmick/Python/Big_Data_Assignment/A02/airflow_env/lib/python3.11/site-packages/airflow/example_dags/plugins/workday.py
[2024-02-27T11:23:43.896+0530] {logging_mixin.py:188} INFO - [2024-02-27T11:23:43.896+0530] {workday.py:40} WARNING - Could not import pandas. Holidays will not be considered.
[2024-02-27T11:23:43.896+0530] {processor.py:842} WARNING - No viable dags retrieved from /Users/anikbhowmick/Python/Big_Data_Assignment/A02/airflow_env/lib/python3.11/site-packages/airflow/example_dags/plugins/workday.py
[2024-02-27T11:23:43.945+0530] {processor.py:183} INFO - Processing /Users/anikbhowmick/Python/Big_Data_Assignment/A02/airflow_env/lib/python3.11/site-packages/airflow/example_dags/plugins/workday.py took 0.051 seconds
[2024-02-27T11:25:22.598+0530] {processor.py:161} INFO - Started process (PID=3946) to work on /Users/anikbhowmick/Python/Big_Data_Assignment/A02/airflow_env/lib/python3.11/site-packages/airflow/example_dags/plugins/workday.py
[2024-02-27T11:25:22.599+0530] {processor.py:830} INFO - Processing file /Users/anikbhowmick/Python/Big_Data_Assignment/A02/airflow_env/lib/python3.11/site-packages/airflow/example_dags/plugins/workday.py for tasks to queue
[2024-02-27T11:25:22.599+0530] {logging_mixin.py:188} INFO - [2024-02-27T11:25:22.599+0530] {dagbag.py:540} INFO - Filling up the DagBag from /Users/anikbhowmick/Python/Big_Data_Assignment/A02/airflow_env/lib/python3.11/site-packages/airflow/example_dags/plugins/workday.py
[2024-02-27T11:25:22.600+0530] {logging_mixin.py:188} INFO - [2024-02-27T11:25:22.600+0530] {workday.py:40} WARNING - Could not import pandas. Holidays will not be considered.
[2024-02-27T11:25:22.600+0530] {processor.py:842} WARNING - No viable dags retrieved from /Users/anikbhowmick/Python/Big_Data_Assignment/A02/airflow_env/lib/python3.11/site-packages/airflow/example_dags/plugins/workday.py
[2024-02-27T11:25:22.647+0530] {processor.py:183} INFO - Processing /Users/anikbhowmick/Python/Big_Data_Assignment/A02/airflow_env/lib/python3.11/site-packages/airflow/example_dags/plugins/workday.py took 0.050 seconds
[2024-02-27T11:26:16.811+0530] {processor.py:161} INFO - Started process (PID=3986) to work on /Users/anikbhowmick/Python/Big_Data_Assignment/A02/airflow_env/lib/python3.11/site-packages/airflow/example_dags/plugins/workday.py
[2024-02-27T11:26:16.812+0530] {processor.py:830} INFO - Processing file /Users/anikbhowmick/Python/Big_Data_Assignment/A02/airflow_env/lib/python3.11/site-packages/airflow/example_dags/plugins/workday.py for tasks to queue
[2024-02-27T11:26:16.812+0530] {logging_mixin.py:188} INFO - [2024-02-27T11:26:16.812+0530] {dagbag.py:540} INFO - Filling up the DagBag from /Users/anikbhowmick/Python/Big_Data_Assignment/A02/airflow_env/lib/python3.11/site-packages/airflow/example_dags/plugins/workday.py
[2024-02-27T11:26:16.813+0530] {logging_mixin.py:188} INFO - [2024-02-27T11:26:16.813+0530] {workday.py:40} WARNING - Could not import pandas. Holidays will not be considered.
[2024-02-27T11:26:16.813+0530] {processor.py:842} WARNING - No viable dags retrieved from /Users/anikbhowmick/Python/Big_Data_Assignment/A02/airflow_env/lib/python3.11/site-packages/airflow/example_dags/plugins/workday.py
[2024-02-27T11:26:16.858+0530] {processor.py:183} INFO - Processing /Users/anikbhowmick/Python/Big_Data_Assignment/A02/airflow_env/lib/python3.11/site-packages/airflow/example_dags/plugins/workday.py took 0.048 seconds
[2024-02-27T11:27:06.271+0530] {processor.py:161} INFO - Started process (PID=4018) to work on /Users/anikbhowmick/Python/Big_Data_Assignment/A02/airflow_env/lib/python3.11/site-packages/airflow/example_dags/plugins/workday.py
[2024-02-27T11:27:06.272+0530] {processor.py:830} INFO - Processing file /Users/anikbhowmick/Python/Big_Data_Assignment/A02/airflow_env/lib/python3.11/site-packages/airflow/example_dags/plugins/workday.py for tasks to queue
[2024-02-27T11:27:06.272+0530] {logging_mixin.py:188} INFO - [2024-02-27T11:27:06.272+0530] {dagbag.py:540} INFO - Filling up the DagBag from /Users/anikbhowmick/Python/Big_Data_Assignment/A02/airflow_env/lib/python3.11/site-packages/airflow/example_dags/plugins/workday.py
[2024-02-27T11:27:06.273+0530] {logging_mixin.py:188} INFO - [2024-02-27T11:27:06.273+0530] {workday.py:40} WARNING - Could not import pandas. Holidays will not be considered.
[2024-02-27T11:27:06.273+0530] {processor.py:842} WARNING - No viable dags retrieved from /Users/anikbhowmick/Python/Big_Data_Assignment/A02/airflow_env/lib/python3.11/site-packages/airflow/example_dags/plugins/workday.py
[2024-02-27T11:27:06.324+0530] {processor.py:183} INFO - Processing /Users/anikbhowmick/Python/Big_Data_Assignment/A02/airflow_env/lib/python3.11/site-packages/airflow/example_dags/plugins/workday.py took 0.054 seconds
[2024-02-27T11:27:41.206+0530] {processor.py:161} INFO - Started process (PID=4060) to work on /Users/anikbhowmick/Python/Big_Data_Assignment/A02/airflow_env/lib/python3.11/site-packages/airflow/example_dags/plugins/workday.py
[2024-02-27T11:27:41.207+0530] {processor.py:830} INFO - Processing file /Users/anikbhowmick/Python/Big_Data_Assignment/A02/airflow_env/lib/python3.11/site-packages/airflow/example_dags/plugins/workday.py for tasks to queue
[2024-02-27T11:27:41.208+0530] {logging_mixin.py:188} INFO - [2024-02-27T11:27:41.207+0530] {dagbag.py:540} INFO - Filling up the DagBag from /Users/anikbhowmick/Python/Big_Data_Assignment/A02/airflow_env/lib/python3.11/site-packages/airflow/example_dags/plugins/workday.py
[2024-02-27T11:27:41.208+0530] {logging_mixin.py:188} INFO - [2024-02-27T11:27:41.208+0530] {workday.py:40} WARNING - Could not import pandas. Holidays will not be considered.
[2024-02-27T11:27:41.208+0530] {processor.py:842} WARNING - No viable dags retrieved from /Users/anikbhowmick/Python/Big_Data_Assignment/A02/airflow_env/lib/python3.11/site-packages/airflow/example_dags/plugins/workday.py
[2024-02-27T11:27:41.291+0530] {processor.py:183} INFO - Processing /Users/anikbhowmick/Python/Big_Data_Assignment/A02/airflow_env/lib/python3.11/site-packages/airflow/example_dags/plugins/workday.py took 0.085 seconds
[2024-02-27T11:29:15.716+0530] {processor.py:161} INFO - Started process (PID=4174) to work on /Users/anikbhowmick/Python/Big_Data_Assignment/A02/airflow_env/lib/python3.11/site-packages/airflow/example_dags/plugins/workday.py
[2024-02-27T11:29:15.717+0530] {processor.py:830} INFO - Processing file /Users/anikbhowmick/Python/Big_Data_Assignment/A02/airflow_env/lib/python3.11/site-packages/airflow/example_dags/plugins/workday.py for tasks to queue
[2024-02-27T11:29:15.717+0530] {logging_mixin.py:188} INFO - [2024-02-27T11:29:15.717+0530] {dagbag.py:540} INFO - Filling up the DagBag from /Users/anikbhowmick/Python/Big_Data_Assignment/A02/airflow_env/lib/python3.11/site-packages/airflow/example_dags/plugins/workday.py
[2024-02-27T11:29:15.718+0530] {logging_mixin.py:188} INFO - [2024-02-27T11:29:15.718+0530] {workday.py:40} WARNING - Could not import pandas. Holidays will not be considered.
[2024-02-27T11:29:15.718+0530] {processor.py:842} WARNING - No viable dags retrieved from /Users/anikbhowmick/Python/Big_Data_Assignment/A02/airflow_env/lib/python3.11/site-packages/airflow/example_dags/plugins/workday.py
[2024-02-27T11:29:15.764+0530] {processor.py:183} INFO - Processing /Users/anikbhowmick/Python/Big_Data_Assignment/A02/airflow_env/lib/python3.11/site-packages/airflow/example_dags/plugins/workday.py took 0.048 seconds
[2024-02-27T11:30:10.541+0530] {processor.py:161} INFO - Started process (PID=4215) to work on /Users/anikbhowmick/Python/Big_Data_Assignment/A02/airflow_env/lib/python3.11/site-packages/airflow/example_dags/plugins/workday.py
[2024-02-27T11:30:10.542+0530] {processor.py:830} INFO - Processing file /Users/anikbhowmick/Python/Big_Data_Assignment/A02/airflow_env/lib/python3.11/site-packages/airflow/example_dags/plugins/workday.py for tasks to queue
[2024-02-27T11:30:10.543+0530] {logging_mixin.py:188} INFO - [2024-02-27T11:30:10.542+0530] {dagbag.py:540} INFO - Filling up the DagBag from /Users/anikbhowmick/Python/Big_Data_Assignment/A02/airflow_env/lib/python3.11/site-packages/airflow/example_dags/plugins/workday.py
[2024-02-27T11:30:10.543+0530] {logging_mixin.py:188} INFO - [2024-02-27T11:30:10.543+0530] {workday.py:40} WARNING - Could not import pandas. Holidays will not be considered.
[2024-02-27T11:30:10.543+0530] {processor.py:842} WARNING - No viable dags retrieved from /Users/anikbhowmick/Python/Big_Data_Assignment/A02/airflow_env/lib/python3.11/site-packages/airflow/example_dags/plugins/workday.py
[2024-02-27T11:30:10.588+0530] {processor.py:183} INFO - Processing /Users/anikbhowmick/Python/Big_Data_Assignment/A02/airflow_env/lib/python3.11/site-packages/airflow/example_dags/plugins/workday.py took 0.047 seconds
[2024-02-27T11:31:01.308+0530] {processor.py:161} INFO - Started process (PID=4246) to work on /Users/anikbhowmick/Python/Big_Data_Assignment/A02/airflow_env/lib/python3.11/site-packages/airflow/example_dags/plugins/workday.py
[2024-02-27T11:31:01.309+0530] {processor.py:830} INFO - Processing file /Users/anikbhowmick/Python/Big_Data_Assignment/A02/airflow_env/lib/python3.11/site-packages/airflow/example_dags/plugins/workday.py for tasks to queue
[2024-02-27T11:31:01.309+0530] {logging_mixin.py:188} INFO - [2024-02-27T11:31:01.309+0530] {dagbag.py:540} INFO - Filling up the DagBag from /Users/anikbhowmick/Python/Big_Data_Assignment/A02/airflow_env/lib/python3.11/site-packages/airflow/example_dags/plugins/workday.py
[2024-02-27T11:31:01.310+0530] {logging_mixin.py:188} INFO - [2024-02-27T11:31:01.310+0530] {workday.py:40} WARNING - Could not import pandas. Holidays will not be considered.
[2024-02-27T11:31:01.310+0530] {processor.py:842} WARNING - No viable dags retrieved from /Users/anikbhowmick/Python/Big_Data_Assignment/A02/airflow_env/lib/python3.11/site-packages/airflow/example_dags/plugins/workday.py
[2024-02-27T11:31:01.355+0530] {processor.py:183} INFO - Processing /Users/anikbhowmick/Python/Big_Data_Assignment/A02/airflow_env/lib/python3.11/site-packages/airflow/example_dags/plugins/workday.py took 0.047 seconds
[2024-02-27T11:31:54.318+0530] {processor.py:161} INFO - Started process (PID=4284) to work on /Users/anikbhowmick/Python/Big_Data_Assignment/A02/airflow_env/lib/python3.11/site-packages/airflow/example_dags/plugins/workday.py
[2024-02-27T11:31:54.319+0530] {processor.py:830} INFO - Processing file /Users/anikbhowmick/Python/Big_Data_Assignment/A02/airflow_env/lib/python3.11/site-packages/airflow/example_dags/plugins/workday.py for tasks to queue
[2024-02-27T11:31:54.319+0530] {logging_mixin.py:188} INFO - [2024-02-27T11:31:54.319+0530] {dagbag.py:540} INFO - Filling up the DagBag from /Users/anikbhowmick/Python/Big_Data_Assignment/A02/airflow_env/lib/python3.11/site-packages/airflow/example_dags/plugins/workday.py
[2024-02-27T11:31:54.320+0530] {logging_mixin.py:188} INFO - [2024-02-27T11:31:54.320+0530] {workday.py:40} WARNING - Could not import pandas. Holidays will not be considered.
[2024-02-27T11:31:54.320+0530] {processor.py:842} WARNING - No viable dags retrieved from /Users/anikbhowmick/Python/Big_Data_Assignment/A02/airflow_env/lib/python3.11/site-packages/airflow/example_dags/plugins/workday.py
[2024-02-27T11:31:54.365+0530] {processor.py:183} INFO - Processing /Users/anikbhowmick/Python/Big_Data_Assignment/A02/airflow_env/lib/python3.11/site-packages/airflow/example_dags/plugins/workday.py took 0.047 seconds
[2024-02-27T11:32:42.654+0530] {processor.py:161} INFO - Started process (PID=4322) to work on /Users/anikbhowmick/Python/Big_Data_Assignment/A02/airflow_env/lib/python3.11/site-packages/airflow/example_dags/plugins/workday.py
[2024-02-27T11:32:42.655+0530] {processor.py:830} INFO - Processing file /Users/anikbhowmick/Python/Big_Data_Assignment/A02/airflow_env/lib/python3.11/site-packages/airflow/example_dags/plugins/workday.py for tasks to queue
[2024-02-27T11:32:42.656+0530] {logging_mixin.py:188} INFO - [2024-02-27T11:32:42.656+0530] {dagbag.py:540} INFO - Filling up the DagBag from /Users/anikbhowmick/Python/Big_Data_Assignment/A02/airflow_env/lib/python3.11/site-packages/airflow/example_dags/plugins/workday.py
[2024-02-27T11:32:42.656+0530] {logging_mixin.py:188} INFO - [2024-02-27T11:32:42.656+0530] {workday.py:40} WARNING - Could not import pandas. Holidays will not be considered.
[2024-02-27T11:32:42.656+0530] {processor.py:842} WARNING - No viable dags retrieved from /Users/anikbhowmick/Python/Big_Data_Assignment/A02/airflow_env/lib/python3.11/site-packages/airflow/example_dags/plugins/workday.py
[2024-02-27T11:32:42.705+0530] {processor.py:183} INFO - Processing /Users/anikbhowmick/Python/Big_Data_Assignment/A02/airflow_env/lib/python3.11/site-packages/airflow/example_dags/plugins/workday.py took 0.052 seconds
[2024-02-27T11:33:20.102+0530] {processor.py:161} INFO - Started process (PID=4359) to work on /Users/anikbhowmick/Python/Big_Data_Assignment/A02/airflow_env/lib/python3.11/site-packages/airflow/example_dags/plugins/workday.py
[2024-02-27T11:33:20.102+0530] {processor.py:830} INFO - Processing file /Users/anikbhowmick/Python/Big_Data_Assignment/A02/airflow_env/lib/python3.11/site-packages/airflow/example_dags/plugins/workday.py for tasks to queue
[2024-02-27T11:33:20.102+0530] {logging_mixin.py:188} INFO - [2024-02-27T11:33:20.102+0530] {dagbag.py:540} INFO - Filling up the DagBag from /Users/anikbhowmick/Python/Big_Data_Assignment/A02/airflow_env/lib/python3.11/site-packages/airflow/example_dags/plugins/workday.py
[2024-02-27T11:33:20.103+0530] {logging_mixin.py:188} INFO - [2024-02-27T11:33:20.103+0530] {workday.py:40} WARNING - Could not import pandas. Holidays will not be considered.
[2024-02-27T11:33:20.103+0530] {processor.py:842} WARNING - No viable dags retrieved from /Users/anikbhowmick/Python/Big_Data_Assignment/A02/airflow_env/lib/python3.11/site-packages/airflow/example_dags/plugins/workday.py
[2024-02-27T11:33:20.156+0530] {processor.py:183} INFO - Processing /Users/anikbhowmick/Python/Big_Data_Assignment/A02/airflow_env/lib/python3.11/site-packages/airflow/example_dags/plugins/workday.py took 0.054 seconds
[2024-02-27T11:34:55.526+0530] {processor.py:161} INFO - Started process (PID=4465) to work on /Users/anikbhowmick/Python/Big_Data_Assignment/A02/airflow_env/lib/python3.11/site-packages/airflow/example_dags/plugins/workday.py
[2024-02-27T11:34:55.527+0530] {processor.py:830} INFO - Processing file /Users/anikbhowmick/Python/Big_Data_Assignment/A02/airflow_env/lib/python3.11/site-packages/airflow/example_dags/plugins/workday.py for tasks to queue
[2024-02-27T11:34:55.528+0530] {logging_mixin.py:188} INFO - [2024-02-27T11:34:55.527+0530] {dagbag.py:540} INFO - Filling up the DagBag from /Users/anikbhowmick/Python/Big_Data_Assignment/A02/airflow_env/lib/python3.11/site-packages/airflow/example_dags/plugins/workday.py
[2024-02-27T11:34:55.528+0530] {logging_mixin.py:188} INFO - [2024-02-27T11:34:55.528+0530] {workday.py:40} WARNING - Could not import pandas. Holidays will not be considered.
[2024-02-27T11:34:55.528+0530] {processor.py:842} WARNING - No viable dags retrieved from /Users/anikbhowmick/Python/Big_Data_Assignment/A02/airflow_env/lib/python3.11/site-packages/airflow/example_dags/plugins/workday.py
[2024-02-27T11:34:55.573+0530] {processor.py:183} INFO - Processing /Users/anikbhowmick/Python/Big_Data_Assignment/A02/airflow_env/lib/python3.11/site-packages/airflow/example_dags/plugins/workday.py took 0.047 seconds
[2024-02-27T11:35:46.756+0530] {processor.py:161} INFO - Started process (PID=4501) to work on /Users/anikbhowmick/Python/Big_Data_Assignment/A02/airflow_env/lib/python3.11/site-packages/airflow/example_dags/plugins/workday.py
[2024-02-27T11:35:46.758+0530] {processor.py:830} INFO - Processing file /Users/anikbhowmick/Python/Big_Data_Assignment/A02/airflow_env/lib/python3.11/site-packages/airflow/example_dags/plugins/workday.py for tasks to queue
[2024-02-27T11:35:46.758+0530] {logging_mixin.py:188} INFO - [2024-02-27T11:35:46.758+0530] {dagbag.py:540} INFO - Filling up the DagBag from /Users/anikbhowmick/Python/Big_Data_Assignment/A02/airflow_env/lib/python3.11/site-packages/airflow/example_dags/plugins/workday.py
[2024-02-27T11:35:46.759+0530] {logging_mixin.py:188} INFO - [2024-02-27T11:35:46.758+0530] {workday.py:40} WARNING - Could not import pandas. Holidays will not be considered.
[2024-02-27T11:35:46.759+0530] {processor.py:842} WARNING - No viable dags retrieved from /Users/anikbhowmick/Python/Big_Data_Assignment/A02/airflow_env/lib/python3.11/site-packages/airflow/example_dags/plugins/workday.py
[2024-02-27T11:35:46.805+0530] {processor.py:183} INFO - Processing /Users/anikbhowmick/Python/Big_Data_Assignment/A02/airflow_env/lib/python3.11/site-packages/airflow/example_dags/plugins/workday.py took 0.049 seconds
[2024-02-27T11:36:35.382+0530] {processor.py:161} INFO - Started process (PID=4534) to work on /Users/anikbhowmick/Python/Big_Data_Assignment/A02/airflow_env/lib/python3.11/site-packages/airflow/example_dags/plugins/workday.py
[2024-02-27T11:36:35.383+0530] {processor.py:830} INFO - Processing file /Users/anikbhowmick/Python/Big_Data_Assignment/A02/airflow_env/lib/python3.11/site-packages/airflow/example_dags/plugins/workday.py for tasks to queue
[2024-02-27T11:36:35.383+0530] {logging_mixin.py:188} INFO - [2024-02-27T11:36:35.383+0530] {dagbag.py:540} INFO - Filling up the DagBag from /Users/anikbhowmick/Python/Big_Data_Assignment/A02/airflow_env/lib/python3.11/site-packages/airflow/example_dags/plugins/workday.py
[2024-02-27T11:36:35.384+0530] {logging_mixin.py:188} INFO - [2024-02-27T11:36:35.384+0530] {workday.py:40} WARNING - Could not import pandas. Holidays will not be considered.
[2024-02-27T11:36:35.384+0530] {processor.py:842} WARNING - No viable dags retrieved from /Users/anikbhowmick/Python/Big_Data_Assignment/A02/airflow_env/lib/python3.11/site-packages/airflow/example_dags/plugins/workday.py
[2024-02-27T11:36:35.432+0530] {processor.py:183} INFO - Processing /Users/anikbhowmick/Python/Big_Data_Assignment/A02/airflow_env/lib/python3.11/site-packages/airflow/example_dags/plugins/workday.py took 0.050 seconds
[2024-02-27T11:38:54.697+0530] {processor.py:161} INFO - Started process (PID=4604) to work on /Users/anikbhowmick/Python/Big_Data_Assignment/A02/airflow_env/lib/python3.11/site-packages/airflow/example_dags/plugins/workday.py
[2024-02-27T11:38:54.697+0530] {processor.py:830} INFO - Processing file /Users/anikbhowmick/Python/Big_Data_Assignment/A02/airflow_env/lib/python3.11/site-packages/airflow/example_dags/plugins/workday.py for tasks to queue
[2024-02-27T11:38:54.698+0530] {logging_mixin.py:188} INFO - [2024-02-27T11:38:54.698+0530] {dagbag.py:540} INFO - Filling up the DagBag from /Users/anikbhowmick/Python/Big_Data_Assignment/A02/airflow_env/lib/python3.11/site-packages/airflow/example_dags/plugins/workday.py
[2024-02-27T11:38:54.698+0530] {logging_mixin.py:188} INFO - [2024-02-27T11:38:54.698+0530] {workday.py:40} WARNING - Could not import pandas. Holidays will not be considered.
[2024-02-27T11:38:54.698+0530] {processor.py:842} WARNING - No viable dags retrieved from /Users/anikbhowmick/Python/Big_Data_Assignment/A02/airflow_env/lib/python3.11/site-packages/airflow/example_dags/plugins/workday.py
[2024-02-27T11:38:54.743+0530] {processor.py:183} INFO - Processing /Users/anikbhowmick/Python/Big_Data_Assignment/A02/airflow_env/lib/python3.11/site-packages/airflow/example_dags/plugins/workday.py took 0.047 seconds
[2024-02-27T11:40:31.559+0530] {processor.py:161} INFO - Started process (PID=4692) to work on /Users/anikbhowmick/Python/Big_Data_Assignment/A02/airflow_env/lib/python3.11/site-packages/airflow/example_dags/plugins/workday.py
[2024-02-27T11:40:31.560+0530] {processor.py:830} INFO - Processing file /Users/anikbhowmick/Python/Big_Data_Assignment/A02/airflow_env/lib/python3.11/site-packages/airflow/example_dags/plugins/workday.py for tasks to queue
[2024-02-27T11:40:31.560+0530] {logging_mixin.py:188} INFO - [2024-02-27T11:40:31.560+0530] {dagbag.py:540} INFO - Filling up the DagBag from /Users/anikbhowmick/Python/Big_Data_Assignment/A02/airflow_env/lib/python3.11/site-packages/airflow/example_dags/plugins/workday.py
[2024-02-27T11:40:31.560+0530] {logging_mixin.py:188} INFO - [2024-02-27T11:40:31.560+0530] {workday.py:40} WARNING - Could not import pandas. Holidays will not be considered.
[2024-02-27T11:40:31.560+0530] {processor.py:842} WARNING - No viable dags retrieved from /Users/anikbhowmick/Python/Big_Data_Assignment/A02/airflow_env/lib/python3.11/site-packages/airflow/example_dags/plugins/workday.py
[2024-02-27T11:40:31.605+0530] {processor.py:183} INFO - Processing /Users/anikbhowmick/Python/Big_Data_Assignment/A02/airflow_env/lib/python3.11/site-packages/airflow/example_dags/plugins/workday.py took 0.046 seconds
[2024-02-27T11:41:35.579+0530] {processor.py:161} INFO - Started process (PID=4731) to work on /Users/anikbhowmick/Python/Big_Data_Assignment/A02/airflow_env/lib/python3.11/site-packages/airflow/example_dags/plugins/workday.py
[2024-02-27T11:41:35.580+0530] {processor.py:830} INFO - Processing file /Users/anikbhowmick/Python/Big_Data_Assignment/A02/airflow_env/lib/python3.11/site-packages/airflow/example_dags/plugins/workday.py for tasks to queue
[2024-02-27T11:41:35.580+0530] {logging_mixin.py:188} INFO - [2024-02-27T11:41:35.580+0530] {dagbag.py:540} INFO - Filling up the DagBag from /Users/anikbhowmick/Python/Big_Data_Assignment/A02/airflow_env/lib/python3.11/site-packages/airflow/example_dags/plugins/workday.py
[2024-02-27T11:41:35.580+0530] {logging_mixin.py:188} INFO - [2024-02-27T11:41:35.580+0530] {workday.py:40} WARNING - Could not import pandas. Holidays will not be considered.
[2024-02-27T11:41:35.581+0530] {processor.py:842} WARNING - No viable dags retrieved from /Users/anikbhowmick/Python/Big_Data_Assignment/A02/airflow_env/lib/python3.11/site-packages/airflow/example_dags/plugins/workday.py
[2024-02-27T11:41:35.625+0530] {processor.py:183} INFO - Processing /Users/anikbhowmick/Python/Big_Data_Assignment/A02/airflow_env/lib/python3.11/site-packages/airflow/example_dags/plugins/workday.py took 0.046 seconds
[2024-02-27T11:42:33.095+0530] {processor.py:161} INFO - Started process (PID=4766) to work on /Users/anikbhowmick/Python/Big_Data_Assignment/A02/airflow_env/lib/python3.11/site-packages/airflow/example_dags/plugins/workday.py
[2024-02-27T11:42:33.095+0530] {processor.py:830} INFO - Processing file /Users/anikbhowmick/Python/Big_Data_Assignment/A02/airflow_env/lib/python3.11/site-packages/airflow/example_dags/plugins/workday.py for tasks to queue
[2024-02-27T11:42:33.095+0530] {logging_mixin.py:188} INFO - [2024-02-27T11:42:33.095+0530] {dagbag.py:540} INFO - Filling up the DagBag from /Users/anikbhowmick/Python/Big_Data_Assignment/A02/airflow_env/lib/python3.11/site-packages/airflow/example_dags/plugins/workday.py
[2024-02-27T11:42:33.096+0530] {logging_mixin.py:188} INFO - [2024-02-27T11:42:33.096+0530] {workday.py:40} WARNING - Could not import pandas. Holidays will not be considered.
[2024-02-27T11:42:33.096+0530] {processor.py:842} WARNING - No viable dags retrieved from /Users/anikbhowmick/Python/Big_Data_Assignment/A02/airflow_env/lib/python3.11/site-packages/airflow/example_dags/plugins/workday.py
[2024-02-27T11:42:33.141+0530] {processor.py:183} INFO - Processing /Users/anikbhowmick/Python/Big_Data_Assignment/A02/airflow_env/lib/python3.11/site-packages/airflow/example_dags/plugins/workday.py took 0.046 seconds
