[2024-03-02T15:06:12.774+0530] {taskinstance.py:1979} INFO - Dependencies all met for dep_context=non-requeueable deps ti=<TaskInstance: weather_data_pipeline.wait_for_archive scheduled__2024-02-28T00:24:00+00:00 [queued]>
[2024-03-02T15:06:12.776+0530] {taskinstance.py:1979} INFO - Dependencies all met for dep_context=requeueable deps ti=<TaskInstance: weather_data_pipeline.wait_for_archive scheduled__2024-02-28T00:24:00+00:00 [queued]>
[2024-03-02T15:06:12.776+0530] {taskinstance.py:2193} INFO - Starting attempt 1 of 2
[2024-03-02T15:06:12.780+0530] {taskinstance.py:2214} INFO - Executing <Task(FileSensor): wait_for_archive> on 2024-02-28 00:24:00+00:00
[2024-03-02T15:06:12.782+0530] {standard_task_runner.py:60} INFO - Started process 2685 to run task
[2024-03-02T15:06:12.784+0530] {standard_task_runner.py:87} INFO - Running: ['airflow', 'tasks', 'run', 'weather_data_pipeline', 'wait_for_archive', 'scheduled__2024-02-28T00:24:00+00:00', '--job-id', '172', '--raw', '--subdir', 'DAGS_FOLDER/Data_analysis.py', '--cfg-path', '/var/folders/th/tnjyp6yd1cj78nysn5t4jl6h0000gn/T/tmpfo7ou6vb']
[2024-03-02T15:06:12.785+0530] {standard_task_runner.py:88} INFO - Job 172: Subtask wait_for_archive
[2024-03-02T15:06:12.799+0530] {task_command.py:423} INFO - Running <TaskInstance: weather_data_pipeline.wait_for_archive scheduled__2024-02-28T00:24:00+00:00 [running]> on host aniks-macbook-air.local
[2024-03-02T15:06:12.814+0530] {taskinstance.py:2510} INFO - Exporting env vars: AIRFLOW_CTX_DAG_OWNER='airflow' AIRFLOW_CTX_DAG_ID='weather_data_pipeline' AIRFLOW_CTX_TASK_ID='wait_for_archive' AIRFLOW_CTX_EXECUTION_DATE='2024-02-28T00:24:00+00:00' AIRFLOW_CTX_TRY_NUMBER='1' AIRFLOW_CTX_DAG_RUN_ID='scheduled__2024-02-28T00:24:00+00:00'
[2024-03-02T15:06:12.816+0530] {base.py:83} INFO - Using connection ID 'fs_default' for task execution.
[2024-03-02T15:06:12.816+0530] {filesystem.py:66} INFO - Poking for file /path/to/archive.zip
[2024-03-02T15:06:13.825+0530] {base.py:83} INFO - Using connection ID 'fs_default' for task execution.
[2024-03-02T15:06:13.826+0530] {filesystem.py:66} INFO - Poking for file /path/to/archive.zip
[2024-03-02T15:06:14.835+0530] {base.py:83} INFO - Using connection ID 'fs_default' for task execution.
[2024-03-02T15:06:14.837+0530] {filesystem.py:66} INFO - Poking for file /path/to/archive.zip
[2024-03-02T15:06:15.842+0530] {base.py:83} INFO - Using connection ID 'fs_default' for task execution.
[2024-03-02T15:06:15.843+0530] {filesystem.py:66} INFO - Poking for file /path/to/archive.zip
[2024-03-02T15:06:16.849+0530] {base.py:83} INFO - Using connection ID 'fs_default' for task execution.
[2024-03-02T15:06:16.850+0530] {filesystem.py:66} INFO - Poking for file /path/to/archive.zip
[2024-03-02T15:06:17.856+0530] {base.py:83} INFO - Using connection ID 'fs_default' for task execution.
[2024-03-02T15:06:17.857+0530] {filesystem.py:66} INFO - Poking for file /path/to/archive.zip
[2024-03-02T15:06:18.863+0530] {base.py:83} INFO - Using connection ID 'fs_default' for task execution.
[2024-03-02T15:06:18.864+0530] {filesystem.py:66} INFO - Poking for file /path/to/archive.zip
[2024-03-02T15:06:19.869+0530] {base.py:83} INFO - Using connection ID 'fs_default' for task execution.
[2024-03-02T15:06:19.870+0530] {filesystem.py:66} INFO - Poking for file /path/to/archive.zip
[2024-03-02T15:06:20.879+0530] {base.py:83} INFO - Using connection ID 'fs_default' for task execution.
[2024-03-02T15:06:20.880+0530] {filesystem.py:66} INFO - Poking for file /path/to/archive.zip
[2024-03-02T15:06:21.886+0530] {base.py:83} INFO - Using connection ID 'fs_default' for task execution.
[2024-03-02T15:06:21.887+0530] {filesystem.py:66} INFO - Poking for file /path/to/archive.zip
[2024-03-02T15:06:21.998+0530] {process_utils.py:131} INFO - Sending 15 to group 2685. PIDs of all processes in the group: [2685]
[2024-03-02T15:06:21.998+0530] {process_utils.py:86} INFO - Sending the signal 15 to group 2685
[2024-03-02T15:06:21.999+0530] {taskinstance.py:2480} ERROR - Received SIGTERM. Terminating subprocesses.
[2024-03-02T15:06:22.004+0530] {taskinstance.py:2728} ERROR - Task failed with exception
Traceback (most recent call last):
  File "/Users/anikbhowmick/Python/Big_Data_Assignment/A02/airflow_env/lib/python3.11/site-packages/airflow/models/taskinstance.py", line 444, in _execute_task
    result = _execute_callable(context=context, **execute_callable_kwargs)
             ^^^^^^^^^^^^^^^^^^^^^^^^^^^^^^^^^^^^^^^^^^^^^^^^^^^^^^^^^^^^^
  File "/Users/anikbhowmick/Python/Big_Data_Assignment/A02/airflow_env/lib/python3.11/site-packages/airflow/models/taskinstance.py", line 414, in _execute_callable
    return execute_callable(context=context, **execute_callable_kwargs)
           ^^^^^^^^^^^^^^^^^^^^^^^^^^^^^^^^^^^^^^^^^^^^^^^^^^^^^^^^^^^^
  File "/Users/anikbhowmick/Python/Big_Data_Assignment/A02/airflow_env/lib/python3.11/site-packages/airflow/sensors/base.py", line 293, in execute
    time.sleep(self._get_next_poke_interval(started_at, run_duration, try_number))
  File "/Users/anikbhowmick/Python/Big_Data_Assignment/A02/airflow_env/lib/python3.11/site-packages/airflow/models/taskinstance.py", line 2482, in signal_handler
    raise AirflowException("Task received SIGTERM signal")
airflow.exceptions.AirflowException: Task received SIGTERM signal
[2024-03-02T15:06:22.006+0530] {taskinstance.py:1149} INFO - Marking task as UP_FOR_RETRY. dag_id=weather_data_pipeline, task_id=wait_for_archive, execution_date=20240228T002400, start_date=20240302T093612, end_date=20240302T093622
[2024-03-02T15:06:22.016+0530] {standard_task_runner.py:107} ERROR - Failed to execute job 172 for task wait_for_archive (Task received SIGTERM signal; 2685)
[2024-03-02T15:06:22.031+0530] {process_utils.py:79} INFO - Process psutil.Process(pid=2685, status='terminated', exitcode=1, started='15:06:12') (2685) terminated with exit code 1
