[2024-02-27T10:46:46.725+0530] {processor.py:161} INFO - Started process (PID=1615) to work on /Users/anikbhowmick/Python/Big_Data_Assignment/A02/airflow_env/lib/python3.11/site-packages/airflow/example_dags/example_external_task_marker_dag.py
[2024-02-27T10:46:46.725+0530] {processor.py:830} INFO - Processing file /Users/anikbhowmick/Python/Big_Data_Assignment/A02/airflow_env/lib/python3.11/site-packages/airflow/example_dags/example_external_task_marker_dag.py for tasks to queue
[2024-02-27T10:46:46.725+0530] {logging_mixin.py:188} INFO - [2024-02-27T10:46:46.725+0530] {dagbag.py:540} INFO - Filling up the DagBag from /Users/anikbhowmick/Python/Big_Data_Assignment/A02/airflow_env/lib/python3.11/site-packages/airflow/example_dags/example_external_task_marker_dag.py
[2024-02-27T10:46:46.729+0530] {processor.py:840} INFO - DAG(s) 'example_external_task_marker_child', 'example_external_task_marker_parent' retrieved from /Users/anikbhowmick/Python/Big_Data_Assignment/A02/airflow_env/lib/python3.11/site-packages/airflow/example_dags/example_external_task_marker_dag.py
[2024-02-27T10:46:46.798+0530] {logging_mixin.py:188} INFO - [2024-02-27T10:46:46.798+0530] {dag.py:3047} INFO - Sync 2 DAGs
[2024-02-27T10:46:46.802+0530] {logging_mixin.py:188} INFO - [2024-02-27T10:46:46.802+0530] {dag.py:3834} INFO - Setting next_dagrun for example_external_task_marker_child to None, run_after=None
[2024-02-27T10:46:46.803+0530] {logging_mixin.py:188} INFO - [2024-02-27T10:46:46.803+0530] {dag.py:3834} INFO - Setting next_dagrun for example_external_task_marker_parent to None, run_after=None
[2024-02-27T10:46:46.808+0530] {processor.py:183} INFO - Processing /Users/anikbhowmick/Python/Big_Data_Assignment/A02/airflow_env/lib/python3.11/site-packages/airflow/example_dags/example_external_task_marker_dag.py took 0.084 seconds
[2024-02-27T10:50:08.264+0530] {processor.py:161} INFO - Started process (PID=1797) to work on /Users/anikbhowmick/Python/Big_Data_Assignment/A02/airflow_env/lib/python3.11/site-packages/airflow/example_dags/example_external_task_marker_dag.py
[2024-02-27T10:50:08.265+0530] {processor.py:830} INFO - Processing file /Users/anikbhowmick/Python/Big_Data_Assignment/A02/airflow_env/lib/python3.11/site-packages/airflow/example_dags/example_external_task_marker_dag.py for tasks to queue
[2024-02-27T10:50:08.265+0530] {logging_mixin.py:188} INFO - [2024-02-27T10:50:08.265+0530] {dagbag.py:540} INFO - Filling up the DagBag from /Users/anikbhowmick/Python/Big_Data_Assignment/A02/airflow_env/lib/python3.11/site-packages/airflow/example_dags/example_external_task_marker_dag.py
[2024-02-27T10:50:08.269+0530] {processor.py:840} INFO - DAG(s) 'example_external_task_marker_parent', 'example_external_task_marker_child' retrieved from /Users/anikbhowmick/Python/Big_Data_Assignment/A02/airflow_env/lib/python3.11/site-packages/airflow/example_dags/example_external_task_marker_dag.py
[2024-02-27T10:50:08.320+0530] {logging_mixin.py:188} INFO - [2024-02-27T10:50:08.320+0530] {dag.py:3047} INFO - Sync 2 DAGs
[2024-02-27T10:50:08.323+0530] {logging_mixin.py:188} INFO - [2024-02-27T10:50:08.323+0530] {dag.py:3834} INFO - Setting next_dagrun for example_external_task_marker_child to None, run_after=None
[2024-02-27T10:50:08.324+0530] {logging_mixin.py:188} INFO - [2024-02-27T10:50:08.324+0530] {dag.py:3834} INFO - Setting next_dagrun for example_external_task_marker_parent to None, run_after=None
[2024-02-27T10:50:08.329+0530] {processor.py:183} INFO - Processing /Users/anikbhowmick/Python/Big_Data_Assignment/A02/airflow_env/lib/python3.11/site-packages/airflow/example_dags/example_external_task_marker_dag.py took 0.066 seconds
[2024-02-27T10:53:15.588+0530] {processor.py:161} INFO - Started process (PID=2010) to work on /Users/anikbhowmick/Python/Big_Data_Assignment/A02/airflow_env/lib/python3.11/site-packages/airflow/example_dags/example_external_task_marker_dag.py
[2024-02-27T10:53:15.588+0530] {processor.py:830} INFO - Processing file /Users/anikbhowmick/Python/Big_Data_Assignment/A02/airflow_env/lib/python3.11/site-packages/airflow/example_dags/example_external_task_marker_dag.py for tasks to queue
[2024-02-27T10:53:15.588+0530] {logging_mixin.py:188} INFO - [2024-02-27T10:53:15.588+0530] {dagbag.py:540} INFO - Filling up the DagBag from /Users/anikbhowmick/Python/Big_Data_Assignment/A02/airflow_env/lib/python3.11/site-packages/airflow/example_dags/example_external_task_marker_dag.py
[2024-02-27T10:53:15.593+0530] {processor.py:840} INFO - DAG(s) 'example_external_task_marker_parent', 'example_external_task_marker_child' retrieved from /Users/anikbhowmick/Python/Big_Data_Assignment/A02/airflow_env/lib/python3.11/site-packages/airflow/example_dags/example_external_task_marker_dag.py
[2024-02-27T10:53:15.644+0530] {logging_mixin.py:188} INFO - [2024-02-27T10:53:15.643+0530] {dag.py:3047} INFO - Sync 2 DAGs
[2024-02-27T10:53:15.647+0530] {logging_mixin.py:188} INFO - [2024-02-27T10:53:15.646+0530] {dag.py:3834} INFO - Setting next_dagrun for example_external_task_marker_child to None, run_after=None
[2024-02-27T10:53:15.647+0530] {logging_mixin.py:188} INFO - [2024-02-27T10:53:15.647+0530] {dag.py:3834} INFO - Setting next_dagrun for example_external_task_marker_parent to None, run_after=None
[2024-02-27T10:53:15.653+0530] {processor.py:183} INFO - Processing /Users/anikbhowmick/Python/Big_Data_Assignment/A02/airflow_env/lib/python3.11/site-packages/airflow/example_dags/example_external_task_marker_dag.py took 0.066 seconds
[2024-02-27T10:56:23.730+0530] {processor.py:161} INFO - Started process (PID=2257) to work on /Users/anikbhowmick/Python/Big_Data_Assignment/A02/airflow_env/lib/python3.11/site-packages/airflow/example_dags/example_external_task_marker_dag.py
[2024-02-27T10:56:23.731+0530] {processor.py:830} INFO - Processing file /Users/anikbhowmick/Python/Big_Data_Assignment/A02/airflow_env/lib/python3.11/site-packages/airflow/example_dags/example_external_task_marker_dag.py for tasks to queue
[2024-02-27T10:56:23.731+0530] {logging_mixin.py:188} INFO - [2024-02-27T10:56:23.731+0530] {dagbag.py:540} INFO - Filling up the DagBag from /Users/anikbhowmick/Python/Big_Data_Assignment/A02/airflow_env/lib/python3.11/site-packages/airflow/example_dags/example_external_task_marker_dag.py
[2024-02-27T10:56:23.736+0530] {processor.py:840} INFO - DAG(s) 'example_external_task_marker_child', 'example_external_task_marker_parent' retrieved from /Users/anikbhowmick/Python/Big_Data_Assignment/A02/airflow_env/lib/python3.11/site-packages/airflow/example_dags/example_external_task_marker_dag.py
[2024-02-27T10:56:23.786+0530] {logging_mixin.py:188} INFO - [2024-02-27T10:56:23.786+0530] {dag.py:3047} INFO - Sync 2 DAGs
[2024-02-27T10:56:23.789+0530] {logging_mixin.py:188} INFO - [2024-02-27T10:56:23.789+0530] {dag.py:3834} INFO - Setting next_dagrun for example_external_task_marker_child to None, run_after=None
[2024-02-27T10:56:23.790+0530] {logging_mixin.py:188} INFO - [2024-02-27T10:56:23.790+0530] {dag.py:3834} INFO - Setting next_dagrun for example_external_task_marker_parent to None, run_after=None
[2024-02-27T10:56:23.795+0530] {processor.py:183} INFO - Processing /Users/anikbhowmick/Python/Big_Data_Assignment/A02/airflow_env/lib/python3.11/site-packages/airflow/example_dags/example_external_task_marker_dag.py took 0.066 seconds
[2024-02-27T10:58:06.533+0530] {processor.py:161} INFO - Started process (PID=2392) to work on /Users/anikbhowmick/Python/Big_Data_Assignment/A02/airflow_env/lib/python3.11/site-packages/airflow/example_dags/example_external_task_marker_dag.py
[2024-02-27T10:58:06.534+0530] {processor.py:830} INFO - Processing file /Users/anikbhowmick/Python/Big_Data_Assignment/A02/airflow_env/lib/python3.11/site-packages/airflow/example_dags/example_external_task_marker_dag.py for tasks to queue
[2024-02-27T10:58:06.535+0530] {logging_mixin.py:188} INFO - [2024-02-27T10:58:06.534+0530] {dagbag.py:540} INFO - Filling up the DagBag from /Users/anikbhowmick/Python/Big_Data_Assignment/A02/airflow_env/lib/python3.11/site-packages/airflow/example_dags/example_external_task_marker_dag.py
[2024-02-27T10:58:06.539+0530] {processor.py:840} INFO - DAG(s) 'example_external_task_marker_parent', 'example_external_task_marker_child' retrieved from /Users/anikbhowmick/Python/Big_Data_Assignment/A02/airflow_env/lib/python3.11/site-packages/airflow/example_dags/example_external_task_marker_dag.py
[2024-02-27T10:58:06.593+0530] {logging_mixin.py:188} INFO - [2024-02-27T10:58:06.593+0530] {dag.py:3047} INFO - Sync 2 DAGs
[2024-02-27T10:58:06.596+0530] {logging_mixin.py:188} INFO - [2024-02-27T10:58:06.596+0530] {dag.py:3834} INFO - Setting next_dagrun for example_external_task_marker_child to None, run_after=None
[2024-02-27T10:58:06.597+0530] {logging_mixin.py:188} INFO - [2024-02-27T10:58:06.597+0530] {dag.py:3834} INFO - Setting next_dagrun for example_external_task_marker_parent to None, run_after=None
[2024-02-27T10:58:06.602+0530] {processor.py:183} INFO - Processing /Users/anikbhowmick/Python/Big_Data_Assignment/A02/airflow_env/lib/python3.11/site-packages/airflow/example_dags/example_external_task_marker_dag.py took 0.070 seconds
[2024-02-27T10:59:54.877+0530] {processor.py:161} INFO - Started process (PID=2505) to work on /Users/anikbhowmick/Python/Big_Data_Assignment/A02/airflow_env/lib/python3.11/site-packages/airflow/example_dags/example_external_task_marker_dag.py
[2024-02-27T10:59:54.877+0530] {processor.py:830} INFO - Processing file /Users/anikbhowmick/Python/Big_Data_Assignment/A02/airflow_env/lib/python3.11/site-packages/airflow/example_dags/example_external_task_marker_dag.py for tasks to queue
[2024-02-27T10:59:54.878+0530] {logging_mixin.py:188} INFO - [2024-02-27T10:59:54.878+0530] {dagbag.py:540} INFO - Filling up the DagBag from /Users/anikbhowmick/Python/Big_Data_Assignment/A02/airflow_env/lib/python3.11/site-packages/airflow/example_dags/example_external_task_marker_dag.py
[2024-02-27T10:59:54.883+0530] {processor.py:840} INFO - DAG(s) 'example_external_task_marker_parent', 'example_external_task_marker_child' retrieved from /Users/anikbhowmick/Python/Big_Data_Assignment/A02/airflow_env/lib/python3.11/site-packages/airflow/example_dags/example_external_task_marker_dag.py
[2024-02-27T10:59:54.949+0530] {logging_mixin.py:188} INFO - [2024-02-27T10:59:54.949+0530] {dag.py:3047} INFO - Sync 2 DAGs
[2024-02-27T10:59:54.952+0530] {logging_mixin.py:188} INFO - [2024-02-27T10:59:54.952+0530] {dag.py:3834} INFO - Setting next_dagrun for example_external_task_marker_child to None, run_after=None
[2024-02-27T10:59:54.953+0530] {logging_mixin.py:188} INFO - [2024-02-27T10:59:54.953+0530] {dag.py:3834} INFO - Setting next_dagrun for example_external_task_marker_parent to None, run_after=None
[2024-02-27T10:59:54.959+0530] {processor.py:183} INFO - Processing /Users/anikbhowmick/Python/Big_Data_Assignment/A02/airflow_env/lib/python3.11/site-packages/airflow/example_dags/example_external_task_marker_dag.py took 0.083 seconds
[2024-02-27T11:02:23.020+0530] {processor.py:161} INFO - Started process (PID=2704) to work on /Users/anikbhowmick/Python/Big_Data_Assignment/A02/airflow_env/lib/python3.11/site-packages/airflow/example_dags/example_external_task_marker_dag.py
[2024-02-27T11:02:23.021+0530] {processor.py:830} INFO - Processing file /Users/anikbhowmick/Python/Big_Data_Assignment/A02/airflow_env/lib/python3.11/site-packages/airflow/example_dags/example_external_task_marker_dag.py for tasks to queue
[2024-02-27T11:02:23.021+0530] {logging_mixin.py:188} INFO - [2024-02-27T11:02:23.021+0530] {dagbag.py:540} INFO - Filling up the DagBag from /Users/anikbhowmick/Python/Big_Data_Assignment/A02/airflow_env/lib/python3.11/site-packages/airflow/example_dags/example_external_task_marker_dag.py
[2024-02-27T11:02:23.025+0530] {processor.py:840} INFO - DAG(s) 'example_external_task_marker_parent', 'example_external_task_marker_child' retrieved from /Users/anikbhowmick/Python/Big_Data_Assignment/A02/airflow_env/lib/python3.11/site-packages/airflow/example_dags/example_external_task_marker_dag.py
[2024-02-27T11:02:23.077+0530] {logging_mixin.py:188} INFO - [2024-02-27T11:02:23.077+0530] {dag.py:3047} INFO - Sync 2 DAGs
[2024-02-27T11:02:23.080+0530] {logging_mixin.py:188} INFO - [2024-02-27T11:02:23.080+0530] {dag.py:3834} INFO - Setting next_dagrun for example_external_task_marker_child to None, run_after=None
[2024-02-27T11:02:23.081+0530] {logging_mixin.py:188} INFO - [2024-02-27T11:02:23.081+0530] {dag.py:3834} INFO - Setting next_dagrun for example_external_task_marker_parent to None, run_after=None
[2024-02-27T11:02:23.086+0530] {processor.py:183} INFO - Processing /Users/anikbhowmick/Python/Big_Data_Assignment/A02/airflow_env/lib/python3.11/site-packages/airflow/example_dags/example_external_task_marker_dag.py took 0.067 seconds
[2024-02-27T11:04:02.505+0530] {processor.py:161} INFO - Started process (PID=2817) to work on /Users/anikbhowmick/Python/Big_Data_Assignment/A02/airflow_env/lib/python3.11/site-packages/airflow/example_dags/example_external_task_marker_dag.py
[2024-02-27T11:04:02.506+0530] {processor.py:830} INFO - Processing file /Users/anikbhowmick/Python/Big_Data_Assignment/A02/airflow_env/lib/python3.11/site-packages/airflow/example_dags/example_external_task_marker_dag.py for tasks to queue
[2024-02-27T11:04:02.506+0530] {logging_mixin.py:188} INFO - [2024-02-27T11:04:02.506+0530] {dagbag.py:540} INFO - Filling up the DagBag from /Users/anikbhowmick/Python/Big_Data_Assignment/A02/airflow_env/lib/python3.11/site-packages/airflow/example_dags/example_external_task_marker_dag.py
[2024-02-27T11:04:02.511+0530] {processor.py:840} INFO - DAG(s) 'example_external_task_marker_parent', 'example_external_task_marker_child' retrieved from /Users/anikbhowmick/Python/Big_Data_Assignment/A02/airflow_env/lib/python3.11/site-packages/airflow/example_dags/example_external_task_marker_dag.py
[2024-02-27T11:04:02.562+0530] {logging_mixin.py:188} INFO - [2024-02-27T11:04:02.562+0530] {dag.py:3047} INFO - Sync 2 DAGs
[2024-02-27T11:04:02.565+0530] {logging_mixin.py:188} INFO - [2024-02-27T11:04:02.565+0530] {dag.py:3834} INFO - Setting next_dagrun for example_external_task_marker_child to None, run_after=None
[2024-02-27T11:04:02.566+0530] {logging_mixin.py:188} INFO - [2024-02-27T11:04:02.566+0530] {dag.py:3834} INFO - Setting next_dagrun for example_external_task_marker_parent to None, run_after=None
[2024-02-27T11:04:02.572+0530] {processor.py:183} INFO - Processing /Users/anikbhowmick/Python/Big_Data_Assignment/A02/airflow_env/lib/python3.11/site-packages/airflow/example_dags/example_external_task_marker_dag.py took 0.067 seconds
[2024-02-27T11:05:54.743+0530] {processor.py:161} INFO - Started process (PID=2922) to work on /Users/anikbhowmick/Python/Big_Data_Assignment/A02/airflow_env/lib/python3.11/site-packages/airflow/example_dags/example_external_task_marker_dag.py
[2024-02-27T11:05:54.744+0530] {processor.py:830} INFO - Processing file /Users/anikbhowmick/Python/Big_Data_Assignment/A02/airflow_env/lib/python3.11/site-packages/airflow/example_dags/example_external_task_marker_dag.py for tasks to queue
[2024-02-27T11:05:54.744+0530] {logging_mixin.py:188} INFO - [2024-02-27T11:05:54.744+0530] {dagbag.py:540} INFO - Filling up the DagBag from /Users/anikbhowmick/Python/Big_Data_Assignment/A02/airflow_env/lib/python3.11/site-packages/airflow/example_dags/example_external_task_marker_dag.py
[2024-02-27T11:05:54.749+0530] {processor.py:840} INFO - DAG(s) 'example_external_task_marker_parent', 'example_external_task_marker_child' retrieved from /Users/anikbhowmick/Python/Big_Data_Assignment/A02/airflow_env/lib/python3.11/site-packages/airflow/example_dags/example_external_task_marker_dag.py
[2024-02-27T11:05:54.800+0530] {logging_mixin.py:188} INFO - [2024-02-27T11:05:54.800+0530] {dag.py:3047} INFO - Sync 2 DAGs
[2024-02-27T11:05:54.803+0530] {logging_mixin.py:188} INFO - [2024-02-27T11:05:54.802+0530] {dag.py:3834} INFO - Setting next_dagrun for example_external_task_marker_child to None, run_after=None
[2024-02-27T11:05:54.803+0530] {logging_mixin.py:188} INFO - [2024-02-27T11:05:54.803+0530] {dag.py:3834} INFO - Setting next_dagrun for example_external_task_marker_parent to None, run_after=None
[2024-02-27T11:05:54.809+0530] {processor.py:183} INFO - Processing /Users/anikbhowmick/Python/Big_Data_Assignment/A02/airflow_env/lib/python3.11/site-packages/airflow/example_dags/example_external_task_marker_dag.py took 0.067 seconds
[2024-02-27T11:07:35.737+0530] {processor.py:161} INFO - Started process (PID=2990) to work on /Users/anikbhowmick/Python/Big_Data_Assignment/A02/airflow_env/lib/python3.11/site-packages/airflow/example_dags/example_external_task_marker_dag.py
[2024-02-27T11:07:35.738+0530] {processor.py:830} INFO - Processing file /Users/anikbhowmick/Python/Big_Data_Assignment/A02/airflow_env/lib/python3.11/site-packages/airflow/example_dags/example_external_task_marker_dag.py for tasks to queue
[2024-02-27T11:07:35.738+0530] {logging_mixin.py:188} INFO - [2024-02-27T11:07:35.738+0530] {dagbag.py:540} INFO - Filling up the DagBag from /Users/anikbhowmick/Python/Big_Data_Assignment/A02/airflow_env/lib/python3.11/site-packages/airflow/example_dags/example_external_task_marker_dag.py
[2024-02-27T11:07:35.743+0530] {processor.py:840} INFO - DAG(s) 'example_external_task_marker_child', 'example_external_task_marker_parent' retrieved from /Users/anikbhowmick/Python/Big_Data_Assignment/A02/airflow_env/lib/python3.11/site-packages/airflow/example_dags/example_external_task_marker_dag.py
[2024-02-27T11:07:35.794+0530] {logging_mixin.py:188} INFO - [2024-02-27T11:07:35.793+0530] {dag.py:3047} INFO - Sync 2 DAGs
[2024-02-27T11:07:35.796+0530] {logging_mixin.py:188} INFO - [2024-02-27T11:07:35.796+0530] {dag.py:3834} INFO - Setting next_dagrun for example_external_task_marker_child to None, run_after=None
[2024-02-27T11:07:35.797+0530] {logging_mixin.py:188} INFO - [2024-02-27T11:07:35.797+0530] {dag.py:3834} INFO - Setting next_dagrun for example_external_task_marker_parent to None, run_after=None
[2024-02-27T11:07:35.803+0530] {processor.py:183} INFO - Processing /Users/anikbhowmick/Python/Big_Data_Assignment/A02/airflow_env/lib/python3.11/site-packages/airflow/example_dags/example_external_task_marker_dag.py took 0.067 seconds
[2024-02-27T11:09:21.484+0530] {processor.py:161} INFO - Started process (PID=3121) to work on /Users/anikbhowmick/Python/Big_Data_Assignment/A02/airflow_env/lib/python3.11/site-packages/airflow/example_dags/example_external_task_marker_dag.py
[2024-02-27T11:09:21.485+0530] {processor.py:830} INFO - Processing file /Users/anikbhowmick/Python/Big_Data_Assignment/A02/airflow_env/lib/python3.11/site-packages/airflow/example_dags/example_external_task_marker_dag.py for tasks to queue
[2024-02-27T11:09:21.485+0530] {logging_mixin.py:188} INFO - [2024-02-27T11:09:21.485+0530] {dagbag.py:540} INFO - Filling up the DagBag from /Users/anikbhowmick/Python/Big_Data_Assignment/A02/airflow_env/lib/python3.11/site-packages/airflow/example_dags/example_external_task_marker_dag.py
[2024-02-27T11:09:21.490+0530] {processor.py:840} INFO - DAG(s) 'example_external_task_marker_child', 'example_external_task_marker_parent' retrieved from /Users/anikbhowmick/Python/Big_Data_Assignment/A02/airflow_env/lib/python3.11/site-packages/airflow/example_dags/example_external_task_marker_dag.py
[2024-02-27T11:09:21.542+0530] {logging_mixin.py:188} INFO - [2024-02-27T11:09:21.542+0530] {dag.py:3047} INFO - Sync 2 DAGs
[2024-02-27T11:09:21.545+0530] {logging_mixin.py:188} INFO - [2024-02-27T11:09:21.545+0530] {dag.py:3834} INFO - Setting next_dagrun for example_external_task_marker_child to None, run_after=None
[2024-02-27T11:09:21.546+0530] {logging_mixin.py:188} INFO - [2024-02-27T11:09:21.546+0530] {dag.py:3834} INFO - Setting next_dagrun for example_external_task_marker_parent to None, run_after=None
[2024-02-27T11:09:21.551+0530] {processor.py:183} INFO - Processing /Users/anikbhowmick/Python/Big_Data_Assignment/A02/airflow_env/lib/python3.11/site-packages/airflow/example_dags/example_external_task_marker_dag.py took 0.068 seconds
[2024-02-27T11:10:56.896+0530] {processor.py:161} INFO - Started process (PID=3194) to work on /Users/anikbhowmick/Python/Big_Data_Assignment/A02/airflow_env/lib/python3.11/site-packages/airflow/example_dags/example_external_task_marker_dag.py
[2024-02-27T11:10:56.896+0530] {processor.py:830} INFO - Processing file /Users/anikbhowmick/Python/Big_Data_Assignment/A02/airflow_env/lib/python3.11/site-packages/airflow/example_dags/example_external_task_marker_dag.py for tasks to queue
[2024-02-27T11:10:56.897+0530] {logging_mixin.py:188} INFO - [2024-02-27T11:10:56.897+0530] {dagbag.py:540} INFO - Filling up the DagBag from /Users/anikbhowmick/Python/Big_Data_Assignment/A02/airflow_env/lib/python3.11/site-packages/airflow/example_dags/example_external_task_marker_dag.py
[2024-02-27T11:10:56.901+0530] {processor.py:840} INFO - DAG(s) 'example_external_task_marker_child', 'example_external_task_marker_parent' retrieved from /Users/anikbhowmick/Python/Big_Data_Assignment/A02/airflow_env/lib/python3.11/site-packages/airflow/example_dags/example_external_task_marker_dag.py
[2024-02-27T11:10:56.953+0530] {logging_mixin.py:188} INFO - [2024-02-27T11:10:56.953+0530] {dag.py:3047} INFO - Sync 2 DAGs
[2024-02-27T11:10:56.956+0530] {logging_mixin.py:188} INFO - [2024-02-27T11:10:56.956+0530] {dag.py:3834} INFO - Setting next_dagrun for example_external_task_marker_child to None, run_after=None
[2024-02-27T11:10:56.957+0530] {logging_mixin.py:188} INFO - [2024-02-27T11:10:56.956+0530] {dag.py:3834} INFO - Setting next_dagrun for example_external_task_marker_parent to None, run_after=None
[2024-02-27T11:10:56.963+0530] {processor.py:183} INFO - Processing /Users/anikbhowmick/Python/Big_Data_Assignment/A02/airflow_env/lib/python3.11/site-packages/airflow/example_dags/example_external_task_marker_dag.py took 0.067 seconds
[2024-02-27T11:12:38.674+0530] {processor.py:161} INFO - Started process (PID=3297) to work on /Users/anikbhowmick/Python/Big_Data_Assignment/A02/airflow_env/lib/python3.11/site-packages/airflow/example_dags/example_external_task_marker_dag.py
[2024-02-27T11:12:38.674+0530] {processor.py:830} INFO - Processing file /Users/anikbhowmick/Python/Big_Data_Assignment/A02/airflow_env/lib/python3.11/site-packages/airflow/example_dags/example_external_task_marker_dag.py for tasks to queue
[2024-02-27T11:12:38.674+0530] {logging_mixin.py:188} INFO - [2024-02-27T11:12:38.674+0530] {dagbag.py:540} INFO - Filling up the DagBag from /Users/anikbhowmick/Python/Big_Data_Assignment/A02/airflow_env/lib/python3.11/site-packages/airflow/example_dags/example_external_task_marker_dag.py
[2024-02-27T11:12:38.679+0530] {processor.py:840} INFO - DAG(s) 'example_external_task_marker_parent', 'example_external_task_marker_child' retrieved from /Users/anikbhowmick/Python/Big_Data_Assignment/A02/airflow_env/lib/python3.11/site-packages/airflow/example_dags/example_external_task_marker_dag.py
[2024-02-27T11:12:38.734+0530] {logging_mixin.py:188} INFO - [2024-02-27T11:12:38.734+0530] {dag.py:3047} INFO - Sync 2 DAGs
[2024-02-27T11:12:38.737+0530] {logging_mixin.py:188} INFO - [2024-02-27T11:12:38.736+0530] {dag.py:3834} INFO - Setting next_dagrun for example_external_task_marker_child to None, run_after=None
[2024-02-27T11:12:38.737+0530] {logging_mixin.py:188} INFO - [2024-02-27T11:12:38.737+0530] {dag.py:3834} INFO - Setting next_dagrun for example_external_task_marker_parent to None, run_after=None
[2024-02-27T11:12:38.744+0530] {processor.py:183} INFO - Processing /Users/anikbhowmick/Python/Big_Data_Assignment/A02/airflow_env/lib/python3.11/site-packages/airflow/example_dags/example_external_task_marker_dag.py took 0.070 seconds
[2024-02-27T11:14:30.457+0530] {processor.py:161} INFO - Started process (PID=3400) to work on /Users/anikbhowmick/Python/Big_Data_Assignment/A02/airflow_env/lib/python3.11/site-packages/airflow/example_dags/example_external_task_marker_dag.py
[2024-02-27T11:14:30.457+0530] {processor.py:830} INFO - Processing file /Users/anikbhowmick/Python/Big_Data_Assignment/A02/airflow_env/lib/python3.11/site-packages/airflow/example_dags/example_external_task_marker_dag.py for tasks to queue
[2024-02-27T11:14:30.457+0530] {logging_mixin.py:188} INFO - [2024-02-27T11:14:30.457+0530] {dagbag.py:540} INFO - Filling up the DagBag from /Users/anikbhowmick/Python/Big_Data_Assignment/A02/airflow_env/lib/python3.11/site-packages/airflow/example_dags/example_external_task_marker_dag.py
[2024-02-27T11:14:30.462+0530] {processor.py:840} INFO - DAG(s) 'example_external_task_marker_child', 'example_external_task_marker_parent' retrieved from /Users/anikbhowmick/Python/Big_Data_Assignment/A02/airflow_env/lib/python3.11/site-packages/airflow/example_dags/example_external_task_marker_dag.py
[2024-02-27T11:14:30.515+0530] {logging_mixin.py:188} INFO - [2024-02-27T11:14:30.515+0530] {dag.py:3047} INFO - Sync 2 DAGs
[2024-02-27T11:14:30.518+0530] {logging_mixin.py:188} INFO - [2024-02-27T11:14:30.518+0530] {dag.py:3834} INFO - Setting next_dagrun for example_external_task_marker_child to None, run_after=None
[2024-02-27T11:14:30.519+0530] {logging_mixin.py:188} INFO - [2024-02-27T11:14:30.519+0530] {dag.py:3834} INFO - Setting next_dagrun for example_external_task_marker_parent to None, run_after=None
[2024-02-27T11:14:30.525+0530] {processor.py:183} INFO - Processing /Users/anikbhowmick/Python/Big_Data_Assignment/A02/airflow_env/lib/python3.11/site-packages/airflow/example_dags/example_external_task_marker_dag.py took 0.068 seconds
[2024-02-27T11:16:10.323+0530] {processor.py:161} INFO - Started process (PID=3465) to work on /Users/anikbhowmick/Python/Big_Data_Assignment/A02/airflow_env/lib/python3.11/site-packages/airflow/example_dags/example_external_task_marker_dag.py
[2024-02-27T11:16:10.324+0530] {processor.py:830} INFO - Processing file /Users/anikbhowmick/Python/Big_Data_Assignment/A02/airflow_env/lib/python3.11/site-packages/airflow/example_dags/example_external_task_marker_dag.py for tasks to queue
[2024-02-27T11:16:10.324+0530] {logging_mixin.py:188} INFO - [2024-02-27T11:16:10.324+0530] {dagbag.py:540} INFO - Filling up the DagBag from /Users/anikbhowmick/Python/Big_Data_Assignment/A02/airflow_env/lib/python3.11/site-packages/airflow/example_dags/example_external_task_marker_dag.py
[2024-02-27T11:16:10.328+0530] {processor.py:840} INFO - DAG(s) 'example_external_task_marker_child', 'example_external_task_marker_parent' retrieved from /Users/anikbhowmick/Python/Big_Data_Assignment/A02/airflow_env/lib/python3.11/site-packages/airflow/example_dags/example_external_task_marker_dag.py
[2024-02-27T11:16:10.380+0530] {logging_mixin.py:188} INFO - [2024-02-27T11:16:10.380+0530] {dag.py:3047} INFO - Sync 2 DAGs
[2024-02-27T11:16:10.383+0530] {logging_mixin.py:188} INFO - [2024-02-27T11:16:10.383+0530] {dag.py:3834} INFO - Setting next_dagrun for example_external_task_marker_child to None, run_after=None
[2024-02-27T11:16:10.384+0530] {logging_mixin.py:188} INFO - [2024-02-27T11:16:10.384+0530] {dag.py:3834} INFO - Setting next_dagrun for example_external_task_marker_parent to None, run_after=None
[2024-02-27T11:16:10.390+0530] {processor.py:183} INFO - Processing /Users/anikbhowmick/Python/Big_Data_Assignment/A02/airflow_env/lib/python3.11/site-packages/airflow/example_dags/example_external_task_marker_dag.py took 0.067 seconds
[2024-02-27T11:18:05.006+0530] {processor.py:161} INFO - Started process (PID=3544) to work on /Users/anikbhowmick/Python/Big_Data_Assignment/A02/airflow_env/lib/python3.11/site-packages/airflow/example_dags/example_external_task_marker_dag.py
[2024-02-27T11:18:05.006+0530] {processor.py:830} INFO - Processing file /Users/anikbhowmick/Python/Big_Data_Assignment/A02/airflow_env/lib/python3.11/site-packages/airflow/example_dags/example_external_task_marker_dag.py for tasks to queue
[2024-02-27T11:18:05.006+0530] {logging_mixin.py:188} INFO - [2024-02-27T11:18:05.006+0530] {dagbag.py:540} INFO - Filling up the DagBag from /Users/anikbhowmick/Python/Big_Data_Assignment/A02/airflow_env/lib/python3.11/site-packages/airflow/example_dags/example_external_task_marker_dag.py
[2024-02-27T11:18:05.011+0530] {processor.py:840} INFO - DAG(s) 'example_external_task_marker_child', 'example_external_task_marker_parent' retrieved from /Users/anikbhowmick/Python/Big_Data_Assignment/A02/airflow_env/lib/python3.11/site-packages/airflow/example_dags/example_external_task_marker_dag.py
[2024-02-27T11:18:05.063+0530] {logging_mixin.py:188} INFO - [2024-02-27T11:18:05.063+0530] {dag.py:3047} INFO - Sync 2 DAGs
[2024-02-27T11:18:05.066+0530] {logging_mixin.py:188} INFO - [2024-02-27T11:18:05.066+0530] {dag.py:3834} INFO - Setting next_dagrun for example_external_task_marker_child to None, run_after=None
[2024-02-27T11:18:05.067+0530] {logging_mixin.py:188} INFO - [2024-02-27T11:18:05.067+0530] {dag.py:3834} INFO - Setting next_dagrun for example_external_task_marker_parent to None, run_after=None
[2024-02-27T11:18:05.073+0530] {processor.py:183} INFO - Processing /Users/anikbhowmick/Python/Big_Data_Assignment/A02/airflow_env/lib/python3.11/site-packages/airflow/example_dags/example_external_task_marker_dag.py took 0.067 seconds
[2024-02-27T11:20:41.108+0530] {processor.py:161} INFO - Started process (PID=3685) to work on /Users/anikbhowmick/Python/Big_Data_Assignment/A02/airflow_env/lib/python3.11/site-packages/airflow/example_dags/example_external_task_marker_dag.py
[2024-02-27T11:20:41.109+0530] {processor.py:830} INFO - Processing file /Users/anikbhowmick/Python/Big_Data_Assignment/A02/airflow_env/lib/python3.11/site-packages/airflow/example_dags/example_external_task_marker_dag.py for tasks to queue
[2024-02-27T11:20:41.109+0530] {logging_mixin.py:188} INFO - [2024-02-27T11:20:41.109+0530] {dagbag.py:540} INFO - Filling up the DagBag from /Users/anikbhowmick/Python/Big_Data_Assignment/A02/airflow_env/lib/python3.11/site-packages/airflow/example_dags/example_external_task_marker_dag.py
[2024-02-27T11:20:41.113+0530] {processor.py:840} INFO - DAG(s) 'example_external_task_marker_child', 'example_external_task_marker_parent' retrieved from /Users/anikbhowmick/Python/Big_Data_Assignment/A02/airflow_env/lib/python3.11/site-packages/airflow/example_dags/example_external_task_marker_dag.py
[2024-02-27T11:20:41.166+0530] {logging_mixin.py:188} INFO - [2024-02-27T11:20:41.166+0530] {dag.py:3047} INFO - Sync 2 DAGs
[2024-02-27T11:20:41.169+0530] {logging_mixin.py:188} INFO - [2024-02-27T11:20:41.169+0530] {dag.py:3834} INFO - Setting next_dagrun for example_external_task_marker_child to None, run_after=None
[2024-02-27T11:20:41.170+0530] {logging_mixin.py:188} INFO - [2024-02-27T11:20:41.170+0530] {dag.py:3834} INFO - Setting next_dagrun for example_external_task_marker_parent to None, run_after=None
[2024-02-27T11:20:41.175+0530] {processor.py:183} INFO - Processing /Users/anikbhowmick/Python/Big_Data_Assignment/A02/airflow_env/lib/python3.11/site-packages/airflow/example_dags/example_external_task_marker_dag.py took 0.068 seconds
[2024-02-27T11:23:02.784+0530] {processor.py:161} INFO - Started process (PID=3812) to work on /Users/anikbhowmick/Python/Big_Data_Assignment/A02/airflow_env/lib/python3.11/site-packages/airflow/example_dags/example_external_task_marker_dag.py
[2024-02-27T11:23:02.786+0530] {processor.py:830} INFO - Processing file /Users/anikbhowmick/Python/Big_Data_Assignment/A02/airflow_env/lib/python3.11/site-packages/airflow/example_dags/example_external_task_marker_dag.py for tasks to queue
[2024-02-27T11:23:02.786+0530] {logging_mixin.py:188} INFO - [2024-02-27T11:23:02.786+0530] {dagbag.py:540} INFO - Filling up the DagBag from /Users/anikbhowmick/Python/Big_Data_Assignment/A02/airflow_env/lib/python3.11/site-packages/airflow/example_dags/example_external_task_marker_dag.py
[2024-02-27T11:23:02.790+0530] {processor.py:840} INFO - DAG(s) 'example_external_task_marker_child', 'example_external_task_marker_parent' retrieved from /Users/anikbhowmick/Python/Big_Data_Assignment/A02/airflow_env/lib/python3.11/site-packages/airflow/example_dags/example_external_task_marker_dag.py
[2024-02-27T11:23:02.843+0530] {logging_mixin.py:188} INFO - [2024-02-27T11:23:02.843+0530] {dag.py:3047} INFO - Sync 2 DAGs
[2024-02-27T11:23:02.846+0530] {logging_mixin.py:188} INFO - [2024-02-27T11:23:02.846+0530] {dag.py:3834} INFO - Setting next_dagrun for example_external_task_marker_child to None, run_after=None
[2024-02-27T11:23:02.847+0530] {logging_mixin.py:188} INFO - [2024-02-27T11:23:02.847+0530] {dag.py:3834} INFO - Setting next_dagrun for example_external_task_marker_parent to None, run_after=None
[2024-02-27T11:23:02.853+0530] {processor.py:183} INFO - Processing /Users/anikbhowmick/Python/Big_Data_Assignment/A02/airflow_env/lib/python3.11/site-packages/airflow/example_dags/example_external_task_marker_dag.py took 0.069 seconds
[2024-02-27T11:24:54.514+0530] {processor.py:161} INFO - Started process (PID=3930) to work on /Users/anikbhowmick/Python/Big_Data_Assignment/A02/airflow_env/lib/python3.11/site-packages/airflow/example_dags/example_external_task_marker_dag.py
[2024-02-27T11:24:54.515+0530] {processor.py:830} INFO - Processing file /Users/anikbhowmick/Python/Big_Data_Assignment/A02/airflow_env/lib/python3.11/site-packages/airflow/example_dags/example_external_task_marker_dag.py for tasks to queue
[2024-02-27T11:24:54.515+0530] {logging_mixin.py:188} INFO - [2024-02-27T11:24:54.515+0530] {dagbag.py:540} INFO - Filling up the DagBag from /Users/anikbhowmick/Python/Big_Data_Assignment/A02/airflow_env/lib/python3.11/site-packages/airflow/example_dags/example_external_task_marker_dag.py
[2024-02-27T11:24:54.519+0530] {processor.py:840} INFO - DAG(s) 'example_external_task_marker_child', 'example_external_task_marker_parent' retrieved from /Users/anikbhowmick/Python/Big_Data_Assignment/A02/airflow_env/lib/python3.11/site-packages/airflow/example_dags/example_external_task_marker_dag.py
[2024-02-27T11:24:54.570+0530] {logging_mixin.py:188} INFO - [2024-02-27T11:24:54.570+0530] {dag.py:3047} INFO - Sync 2 DAGs
[2024-02-27T11:24:54.573+0530] {logging_mixin.py:188} INFO - [2024-02-27T11:24:54.573+0530] {dag.py:3834} INFO - Setting next_dagrun for example_external_task_marker_child to None, run_after=None
[2024-02-27T11:24:54.574+0530] {logging_mixin.py:188} INFO - [2024-02-27T11:24:54.574+0530] {dag.py:3834} INFO - Setting next_dagrun for example_external_task_marker_parent to None, run_after=None
[2024-02-27T11:24:54.579+0530] {processor.py:183} INFO - Processing /Users/anikbhowmick/Python/Big_Data_Assignment/A02/airflow_env/lib/python3.11/site-packages/airflow/example_dags/example_external_task_marker_dag.py took 0.066 seconds
[2024-02-27T11:26:39.828+0530] {processor.py:161} INFO - Started process (PID=4001) to work on /Users/anikbhowmick/Python/Big_Data_Assignment/A02/airflow_env/lib/python3.11/site-packages/airflow/example_dags/example_external_task_marker_dag.py
[2024-02-27T11:26:39.830+0530] {processor.py:830} INFO - Processing file /Users/anikbhowmick/Python/Big_Data_Assignment/A02/airflow_env/lib/python3.11/site-packages/airflow/example_dags/example_external_task_marker_dag.py for tasks to queue
[2024-02-27T11:26:39.830+0530] {logging_mixin.py:188} INFO - [2024-02-27T11:26:39.830+0530] {dagbag.py:540} INFO - Filling up the DagBag from /Users/anikbhowmick/Python/Big_Data_Assignment/A02/airflow_env/lib/python3.11/site-packages/airflow/example_dags/example_external_task_marker_dag.py
[2024-02-27T11:26:39.834+0530] {processor.py:840} INFO - DAG(s) 'example_external_task_marker_parent', 'example_external_task_marker_child' retrieved from /Users/anikbhowmick/Python/Big_Data_Assignment/A02/airflow_env/lib/python3.11/site-packages/airflow/example_dags/example_external_task_marker_dag.py
[2024-02-27T11:26:39.887+0530] {logging_mixin.py:188} INFO - [2024-02-27T11:26:39.886+0530] {dag.py:3047} INFO - Sync 2 DAGs
[2024-02-27T11:26:39.889+0530] {logging_mixin.py:188} INFO - [2024-02-27T11:26:39.889+0530] {dag.py:3834} INFO - Setting next_dagrun for example_external_task_marker_child to None, run_after=None
[2024-02-27T11:26:39.890+0530] {logging_mixin.py:188} INFO - [2024-02-27T11:26:39.890+0530] {dag.py:3834} INFO - Setting next_dagrun for example_external_task_marker_parent to None, run_after=None
[2024-02-27T11:26:39.896+0530] {processor.py:183} INFO - Processing /Users/anikbhowmick/Python/Big_Data_Assignment/A02/airflow_env/lib/python3.11/site-packages/airflow/example_dags/example_external_task_marker_dag.py took 0.068 seconds
[2024-02-27T11:28:47.696+0530] {processor.py:161} INFO - Started process (PID=4139) to work on /Users/anikbhowmick/Python/Big_Data_Assignment/A02/airflow_env/lib/python3.11/site-packages/airflow/example_dags/example_external_task_marker_dag.py
[2024-02-27T11:28:47.698+0530] {processor.py:830} INFO - Processing file /Users/anikbhowmick/Python/Big_Data_Assignment/A02/airflow_env/lib/python3.11/site-packages/airflow/example_dags/example_external_task_marker_dag.py for tasks to queue
[2024-02-27T11:28:47.698+0530] {logging_mixin.py:188} INFO - [2024-02-27T11:28:47.698+0530] {dagbag.py:540} INFO - Filling up the DagBag from /Users/anikbhowmick/Python/Big_Data_Assignment/A02/airflow_env/lib/python3.11/site-packages/airflow/example_dags/example_external_task_marker_dag.py
[2024-02-27T11:28:47.702+0530] {processor.py:840} INFO - DAG(s) 'example_external_task_marker_child', 'example_external_task_marker_parent' retrieved from /Users/anikbhowmick/Python/Big_Data_Assignment/A02/airflow_env/lib/python3.11/site-packages/airflow/example_dags/example_external_task_marker_dag.py
[2024-02-27T11:28:47.753+0530] {logging_mixin.py:188} INFO - [2024-02-27T11:28:47.753+0530] {dag.py:3047} INFO - Sync 2 DAGs
[2024-02-27T11:28:47.756+0530] {logging_mixin.py:188} INFO - [2024-02-27T11:28:47.756+0530] {dag.py:3834} INFO - Setting next_dagrun for example_external_task_marker_child to None, run_after=None
[2024-02-27T11:28:47.757+0530] {logging_mixin.py:188} INFO - [2024-02-27T11:28:47.757+0530] {dag.py:3834} INFO - Setting next_dagrun for example_external_task_marker_parent to None, run_after=None
[2024-02-27T11:28:47.762+0530] {processor.py:183} INFO - Processing /Users/anikbhowmick/Python/Big_Data_Assignment/A02/airflow_env/lib/python3.11/site-packages/airflow/example_dags/example_external_task_marker_dag.py took 0.066 seconds
[2024-02-27T11:30:33.353+0530] {processor.py:161} INFO - Started process (PID=4230) to work on /Users/anikbhowmick/Python/Big_Data_Assignment/A02/airflow_env/lib/python3.11/site-packages/airflow/example_dags/example_external_task_marker_dag.py
[2024-02-27T11:30:33.354+0530] {processor.py:830} INFO - Processing file /Users/anikbhowmick/Python/Big_Data_Assignment/A02/airflow_env/lib/python3.11/site-packages/airflow/example_dags/example_external_task_marker_dag.py for tasks to queue
[2024-02-27T11:30:33.354+0530] {logging_mixin.py:188} INFO - [2024-02-27T11:30:33.354+0530] {dagbag.py:540} INFO - Filling up the DagBag from /Users/anikbhowmick/Python/Big_Data_Assignment/A02/airflow_env/lib/python3.11/site-packages/airflow/example_dags/example_external_task_marker_dag.py
[2024-02-27T11:30:33.358+0530] {processor.py:840} INFO - DAG(s) 'example_external_task_marker_child', 'example_external_task_marker_parent' retrieved from /Users/anikbhowmick/Python/Big_Data_Assignment/A02/airflow_env/lib/python3.11/site-packages/airflow/example_dags/example_external_task_marker_dag.py
[2024-02-27T11:30:33.409+0530] {logging_mixin.py:188} INFO - [2024-02-27T11:30:33.409+0530] {dag.py:3047} INFO - Sync 2 DAGs
[2024-02-27T11:30:33.412+0530] {logging_mixin.py:188} INFO - [2024-02-27T11:30:33.412+0530] {dag.py:3834} INFO - Setting next_dagrun for example_external_task_marker_child to None, run_after=None
[2024-02-27T11:30:33.413+0530] {logging_mixin.py:188} INFO - [2024-02-27T11:30:33.413+0530] {dag.py:3834} INFO - Setting next_dagrun for example_external_task_marker_parent to None, run_after=None
[2024-02-27T11:30:33.419+0530] {processor.py:183} INFO - Processing /Users/anikbhowmick/Python/Big_Data_Assignment/A02/airflow_env/lib/python3.11/site-packages/airflow/example_dags/example_external_task_marker_dag.py took 0.066 seconds
[2024-02-27T11:32:19.251+0530] {processor.py:161} INFO - Started process (PID=4303) to work on /Users/anikbhowmick/Python/Big_Data_Assignment/A02/airflow_env/lib/python3.11/site-packages/airflow/example_dags/example_external_task_marker_dag.py
[2024-02-27T11:32:19.251+0530] {processor.py:830} INFO - Processing file /Users/anikbhowmick/Python/Big_Data_Assignment/A02/airflow_env/lib/python3.11/site-packages/airflow/example_dags/example_external_task_marker_dag.py for tasks to queue
[2024-02-27T11:32:19.251+0530] {logging_mixin.py:188} INFO - [2024-02-27T11:32:19.251+0530] {dagbag.py:540} INFO - Filling up the DagBag from /Users/anikbhowmick/Python/Big_Data_Assignment/A02/airflow_env/lib/python3.11/site-packages/airflow/example_dags/example_external_task_marker_dag.py
[2024-02-27T11:32:19.256+0530] {processor.py:840} INFO - DAG(s) 'example_external_task_marker_parent', 'example_external_task_marker_child' retrieved from /Users/anikbhowmick/Python/Big_Data_Assignment/A02/airflow_env/lib/python3.11/site-packages/airflow/example_dags/example_external_task_marker_dag.py
[2024-02-27T11:32:19.308+0530] {logging_mixin.py:188} INFO - [2024-02-27T11:32:19.308+0530] {dag.py:3047} INFO - Sync 2 DAGs
[2024-02-27T11:32:19.311+0530] {logging_mixin.py:188} INFO - [2024-02-27T11:32:19.311+0530] {dag.py:3834} INFO - Setting next_dagrun for example_external_task_marker_child to None, run_after=None
[2024-02-27T11:32:19.312+0530] {logging_mixin.py:188} INFO - [2024-02-27T11:32:19.312+0530] {dag.py:3834} INFO - Setting next_dagrun for example_external_task_marker_parent to None, run_after=None
[2024-02-27T11:32:19.318+0530] {processor.py:183} INFO - Processing /Users/anikbhowmick/Python/Big_Data_Assignment/A02/airflow_env/lib/python3.11/site-packages/airflow/example_dags/example_external_task_marker_dag.py took 0.068 seconds
[2024-02-27T11:34:28.635+0530] {processor.py:161} INFO - Started process (PID=4447) to work on /Users/anikbhowmick/Python/Big_Data_Assignment/A02/airflow_env/lib/python3.11/site-packages/airflow/example_dags/example_external_task_marker_dag.py
[2024-02-27T11:34:28.636+0530] {processor.py:830} INFO - Processing file /Users/anikbhowmick/Python/Big_Data_Assignment/A02/airflow_env/lib/python3.11/site-packages/airflow/example_dags/example_external_task_marker_dag.py for tasks to queue
[2024-02-27T11:34:28.636+0530] {logging_mixin.py:188} INFO - [2024-02-27T11:34:28.636+0530] {dagbag.py:540} INFO - Filling up the DagBag from /Users/anikbhowmick/Python/Big_Data_Assignment/A02/airflow_env/lib/python3.11/site-packages/airflow/example_dags/example_external_task_marker_dag.py
[2024-02-27T11:34:28.640+0530] {processor.py:840} INFO - DAG(s) 'example_external_task_marker_child', 'example_external_task_marker_parent' retrieved from /Users/anikbhowmick/Python/Big_Data_Assignment/A02/airflow_env/lib/python3.11/site-packages/airflow/example_dags/example_external_task_marker_dag.py
[2024-02-27T11:34:28.691+0530] {logging_mixin.py:188} INFO - [2024-02-27T11:34:28.691+0530] {dag.py:3047} INFO - Sync 2 DAGs
[2024-02-27T11:34:28.694+0530] {logging_mixin.py:188} INFO - [2024-02-27T11:34:28.694+0530] {dag.py:3834} INFO - Setting next_dagrun for example_external_task_marker_child to None, run_after=None
[2024-02-27T11:34:28.695+0530] {logging_mixin.py:188} INFO - [2024-02-27T11:34:28.695+0530] {dag.py:3834} INFO - Setting next_dagrun for example_external_task_marker_parent to None, run_after=None
[2024-02-27T11:34:28.700+0530] {processor.py:183} INFO - Processing /Users/anikbhowmick/Python/Big_Data_Assignment/A02/airflow_env/lib/python3.11/site-packages/airflow/example_dags/example_external_task_marker_dag.py took 0.066 seconds
[2024-02-27T11:36:10.471+0530] {processor.py:161} INFO - Started process (PID=4518) to work on /Users/anikbhowmick/Python/Big_Data_Assignment/A02/airflow_env/lib/python3.11/site-packages/airflow/example_dags/example_external_task_marker_dag.py
[2024-02-27T11:36:10.472+0530] {processor.py:830} INFO - Processing file /Users/anikbhowmick/Python/Big_Data_Assignment/A02/airflow_env/lib/python3.11/site-packages/airflow/example_dags/example_external_task_marker_dag.py for tasks to queue
[2024-02-27T11:36:10.472+0530] {logging_mixin.py:188} INFO - [2024-02-27T11:36:10.472+0530] {dagbag.py:540} INFO - Filling up the DagBag from /Users/anikbhowmick/Python/Big_Data_Assignment/A02/airflow_env/lib/python3.11/site-packages/airflow/example_dags/example_external_task_marker_dag.py
[2024-02-27T11:36:10.477+0530] {processor.py:840} INFO - DAG(s) 'example_external_task_marker_child', 'example_external_task_marker_parent' retrieved from /Users/anikbhowmick/Python/Big_Data_Assignment/A02/airflow_env/lib/python3.11/site-packages/airflow/example_dags/example_external_task_marker_dag.py
[2024-02-27T11:36:10.530+0530] {logging_mixin.py:188} INFO - [2024-02-27T11:36:10.530+0530] {dag.py:3047} INFO - Sync 2 DAGs
[2024-02-27T11:36:10.533+0530] {logging_mixin.py:188} INFO - [2024-02-27T11:36:10.533+0530] {dag.py:3834} INFO - Setting next_dagrun for example_external_task_marker_child to None, run_after=None
[2024-02-27T11:36:10.534+0530] {logging_mixin.py:188} INFO - [2024-02-27T11:36:10.534+0530] {dag.py:3834} INFO - Setting next_dagrun for example_external_task_marker_parent to None, run_after=None
[2024-02-27T11:36:10.540+0530] {processor.py:183} INFO - Processing /Users/anikbhowmick/Python/Big_Data_Assignment/A02/airflow_env/lib/python3.11/site-packages/airflow/example_dags/example_external_task_marker_dag.py took 0.069 seconds
[2024-02-27T11:39:52.831+0530] {processor.py:161} INFO - Started process (PID=4643) to work on /Users/anikbhowmick/Python/Big_Data_Assignment/A02/airflow_env/lib/python3.11/site-packages/airflow/example_dags/example_external_task_marker_dag.py
[2024-02-27T11:39:52.832+0530] {processor.py:830} INFO - Processing file /Users/anikbhowmick/Python/Big_Data_Assignment/A02/airflow_env/lib/python3.11/site-packages/airflow/example_dags/example_external_task_marker_dag.py for tasks to queue
[2024-02-27T11:39:52.833+0530] {logging_mixin.py:188} INFO - [2024-02-27T11:39:52.833+0530] {dagbag.py:540} INFO - Filling up the DagBag from /Users/anikbhowmick/Python/Big_Data_Assignment/A02/airflow_env/lib/python3.11/site-packages/airflow/example_dags/example_external_task_marker_dag.py
[2024-02-27T11:39:52.838+0530] {processor.py:840} INFO - DAG(s) 'example_external_task_marker_child', 'example_external_task_marker_parent' retrieved from /Users/anikbhowmick/Python/Big_Data_Assignment/A02/airflow_env/lib/python3.11/site-packages/airflow/example_dags/example_external_task_marker_dag.py
[2024-02-27T11:39:52.890+0530] {logging_mixin.py:188} INFO - [2024-02-27T11:39:52.890+0530] {dag.py:3047} INFO - Sync 2 DAGs
[2024-02-27T11:39:52.893+0530] {logging_mixin.py:188} INFO - [2024-02-27T11:39:52.893+0530] {dag.py:3834} INFO - Setting next_dagrun for example_external_task_marker_child to None, run_after=None
[2024-02-27T11:39:52.894+0530] {logging_mixin.py:188} INFO - [2024-02-27T11:39:52.894+0530] {dag.py:3834} INFO - Setting next_dagrun for example_external_task_marker_parent to None, run_after=None
[2024-02-27T11:39:52.900+0530] {processor.py:183} INFO - Processing /Users/anikbhowmick/Python/Big_Data_Assignment/A02/airflow_env/lib/python3.11/site-packages/airflow/example_dags/example_external_task_marker_dag.py took 0.069 seconds
[2024-02-27T11:41:26.889+0530] {processor.py:161} INFO - Started process (PID=4726) to work on /Users/anikbhowmick/Python/Big_Data_Assignment/A02/airflow_env/lib/python3.11/site-packages/airflow/example_dags/example_external_task_marker_dag.py
[2024-02-27T11:41:26.889+0530] {processor.py:830} INFO - Processing file /Users/anikbhowmick/Python/Big_Data_Assignment/A02/airflow_env/lib/python3.11/site-packages/airflow/example_dags/example_external_task_marker_dag.py for tasks to queue
[2024-02-27T11:41:26.890+0530] {logging_mixin.py:188} INFO - [2024-02-27T11:41:26.890+0530] {dagbag.py:540} INFO - Filling up the DagBag from /Users/anikbhowmick/Python/Big_Data_Assignment/A02/airflow_env/lib/python3.11/site-packages/airflow/example_dags/example_external_task_marker_dag.py
[2024-02-27T11:41:26.894+0530] {processor.py:840} INFO - DAG(s) 'example_external_task_marker_child', 'example_external_task_marker_parent' retrieved from /Users/anikbhowmick/Python/Big_Data_Assignment/A02/airflow_env/lib/python3.11/site-packages/airflow/example_dags/example_external_task_marker_dag.py
[2024-02-27T11:41:26.944+0530] {logging_mixin.py:188} INFO - [2024-02-27T11:41:26.944+0530] {dag.py:3047} INFO - Sync 2 DAGs
[2024-02-27T11:41:26.947+0530] {logging_mixin.py:188} INFO - [2024-02-27T11:41:26.947+0530] {dag.py:3834} INFO - Setting next_dagrun for example_external_task_marker_child to None, run_after=None
[2024-02-27T11:41:26.948+0530] {logging_mixin.py:188} INFO - [2024-02-27T11:41:26.948+0530] {dag.py:3834} INFO - Setting next_dagrun for example_external_task_marker_parent to None, run_after=None
[2024-02-27T11:41:26.954+0530] {processor.py:183} INFO - Processing /Users/anikbhowmick/Python/Big_Data_Assignment/A02/airflow_env/lib/python3.11/site-packages/airflow/example_dags/example_external_task_marker_dag.py took 0.065 seconds
