[2024-02-27T10:46:40.014+0530] {processor.py:161} INFO - Started process (PID=1601) to work on /Users/anikbhowmick/Python/Big_Data_Assignment/A02/airflow_env/lib/python3.11/site-packages/airflow/example_dags/example_local_kubernetes_executor.py
[2024-02-27T10:46:40.015+0530] {processor.py:830} INFO - Processing file /Users/anikbhowmick/Python/Big_Data_Assignment/A02/airflow_env/lib/python3.11/site-packages/airflow/example_dags/example_local_kubernetes_executor.py for tasks to queue
[2024-02-27T10:46:40.015+0530] {logging_mixin.py:188} INFO - [2024-02-27T10:46:40.015+0530] {dagbag.py:540} INFO - Filling up the DagBag from /Users/anikbhowmick/Python/Big_Data_Assignment/A02/airflow_env/lib/python3.11/site-packages/airflow/example_dags/example_local_kubernetes_executor.py
[2024-02-27T10:46:40.026+0530] {logging_mixin.py:188} INFO - [2024-02-27T10:46:40.026+0530] {example_local_kubernetes_executor.py:39} WARNING - Could not import DAGs in example_local_kubernetes_executor.py
Traceback (most recent call last):
  File "/Users/anikbhowmick/Python/Big_Data_Assignment/A02/airflow_env/lib/python3.11/site-packages/airflow/example_dags/example_local_kubernetes_executor.py", line 37, in <module>
    from kubernetes.client import models as k8s
ModuleNotFoundError: No module named 'kubernetes'
[2024-02-27T10:46:40.026+0530] {logging_mixin.py:188} INFO - [2024-02-27T10:46:40.026+0530] {example_local_kubernetes_executor.py:40} WARNING - Install Kubernetes dependencies with: pip install apache-airflow[cncf.kubernetes]
[2024-02-27T10:46:40.026+0530] {processor.py:842} WARNING - No viable dags retrieved from /Users/anikbhowmick/Python/Big_Data_Assignment/A02/airflow_env/lib/python3.11/site-packages/airflow/example_dags/example_local_kubernetes_executor.py
[2024-02-27T10:46:40.071+0530] {processor.py:183} INFO - Processing /Users/anikbhowmick/Python/Big_Data_Assignment/A02/airflow_env/lib/python3.11/site-packages/airflow/example_dags/example_local_kubernetes_executor.py took 0.057 seconds
[2024-02-27T10:50:01.500+0530] {processor.py:161} INFO - Started process (PID=1789) to work on /Users/anikbhowmick/Python/Big_Data_Assignment/A02/airflow_env/lib/python3.11/site-packages/airflow/example_dags/example_local_kubernetes_executor.py
[2024-02-27T10:50:01.501+0530] {processor.py:830} INFO - Processing file /Users/anikbhowmick/Python/Big_Data_Assignment/A02/airflow_env/lib/python3.11/site-packages/airflow/example_dags/example_local_kubernetes_executor.py for tasks to queue
[2024-02-27T10:50:01.502+0530] {logging_mixin.py:188} INFO - [2024-02-27T10:50:01.502+0530] {dagbag.py:540} INFO - Filling up the DagBag from /Users/anikbhowmick/Python/Big_Data_Assignment/A02/airflow_env/lib/python3.11/site-packages/airflow/example_dags/example_local_kubernetes_executor.py
[2024-02-27T10:50:01.512+0530] {logging_mixin.py:188} INFO - [2024-02-27T10:50:01.511+0530] {example_local_kubernetes_executor.py:39} WARNING - Could not import DAGs in example_local_kubernetes_executor.py
Traceback (most recent call last):
  File "/Users/anikbhowmick/Python/Big_Data_Assignment/A02/airflow_env/lib/python3.11/site-packages/airflow/example_dags/example_local_kubernetes_executor.py", line 37, in <module>
    from kubernetes.client import models as k8s
ModuleNotFoundError: No module named 'kubernetes'
[2024-02-27T10:50:01.512+0530] {logging_mixin.py:188} INFO - [2024-02-27T10:50:01.512+0530] {example_local_kubernetes_executor.py:40} WARNING - Install Kubernetes dependencies with: pip install apache-airflow[cncf.kubernetes]
[2024-02-27T10:50:01.512+0530] {processor.py:842} WARNING - No viable dags retrieved from /Users/anikbhowmick/Python/Big_Data_Assignment/A02/airflow_env/lib/python3.11/site-packages/airflow/example_dags/example_local_kubernetes_executor.py
[2024-02-27T10:50:01.556+0530] {processor.py:183} INFO - Processing /Users/anikbhowmick/Python/Big_Data_Assignment/A02/airflow_env/lib/python3.11/site-packages/airflow/example_dags/example_local_kubernetes_executor.py took 0.056 seconds
[2024-02-27T10:53:08.640+0530] {processor.py:161} INFO - Started process (PID=2004) to work on /Users/anikbhowmick/Python/Big_Data_Assignment/A02/airflow_env/lib/python3.11/site-packages/airflow/example_dags/example_local_kubernetes_executor.py
[2024-02-27T10:53:08.641+0530] {processor.py:830} INFO - Processing file /Users/anikbhowmick/Python/Big_Data_Assignment/A02/airflow_env/lib/python3.11/site-packages/airflow/example_dags/example_local_kubernetes_executor.py for tasks to queue
[2024-02-27T10:53:08.641+0530] {logging_mixin.py:188} INFO - [2024-02-27T10:53:08.641+0530] {dagbag.py:540} INFO - Filling up the DagBag from /Users/anikbhowmick/Python/Big_Data_Assignment/A02/airflow_env/lib/python3.11/site-packages/airflow/example_dags/example_local_kubernetes_executor.py
[2024-02-27T10:53:08.651+0530] {logging_mixin.py:188} INFO - [2024-02-27T10:53:08.651+0530] {example_local_kubernetes_executor.py:39} WARNING - Could not import DAGs in example_local_kubernetes_executor.py
Traceback (most recent call last):
  File "/Users/anikbhowmick/Python/Big_Data_Assignment/A02/airflow_env/lib/python3.11/site-packages/airflow/example_dags/example_local_kubernetes_executor.py", line 37, in <module>
    from kubernetes.client import models as k8s
ModuleNotFoundError: No module named 'kubernetes'
[2024-02-27T10:53:08.651+0530] {logging_mixin.py:188} INFO - [2024-02-27T10:53:08.651+0530] {example_local_kubernetes_executor.py:40} WARNING - Install Kubernetes dependencies with: pip install apache-airflow[cncf.kubernetes]
[2024-02-27T10:53:08.651+0530] {processor.py:842} WARNING - No viable dags retrieved from /Users/anikbhowmick/Python/Big_Data_Assignment/A02/airflow_env/lib/python3.11/site-packages/airflow/example_dags/example_local_kubernetes_executor.py
[2024-02-27T10:53:08.697+0530] {processor.py:183} INFO - Processing /Users/anikbhowmick/Python/Big_Data_Assignment/A02/airflow_env/lib/python3.11/site-packages/airflow/example_dags/example_local_kubernetes_executor.py took 0.058 seconds
[2024-02-27T10:56:17.022+0530] {processor.py:161} INFO - Started process (PID=2249) to work on /Users/anikbhowmick/Python/Big_Data_Assignment/A02/airflow_env/lib/python3.11/site-packages/airflow/example_dags/example_local_kubernetes_executor.py
[2024-02-27T10:56:17.023+0530] {processor.py:830} INFO - Processing file /Users/anikbhowmick/Python/Big_Data_Assignment/A02/airflow_env/lib/python3.11/site-packages/airflow/example_dags/example_local_kubernetes_executor.py for tasks to queue
[2024-02-27T10:56:17.023+0530] {logging_mixin.py:188} INFO - [2024-02-27T10:56:17.023+0530] {dagbag.py:540} INFO - Filling up the DagBag from /Users/anikbhowmick/Python/Big_Data_Assignment/A02/airflow_env/lib/python3.11/site-packages/airflow/example_dags/example_local_kubernetes_executor.py
[2024-02-27T10:56:17.033+0530] {logging_mixin.py:188} INFO - [2024-02-27T10:56:17.033+0530] {example_local_kubernetes_executor.py:39} WARNING - Could not import DAGs in example_local_kubernetes_executor.py
Traceback (most recent call last):
  File "/Users/anikbhowmick/Python/Big_Data_Assignment/A02/airflow_env/lib/python3.11/site-packages/airflow/example_dags/example_local_kubernetes_executor.py", line 37, in <module>
    from kubernetes.client import models as k8s
ModuleNotFoundError: No module named 'kubernetes'
[2024-02-27T10:56:17.033+0530] {logging_mixin.py:188} INFO - [2024-02-27T10:56:17.033+0530] {example_local_kubernetes_executor.py:40} WARNING - Install Kubernetes dependencies with: pip install apache-airflow[cncf.kubernetes]
[2024-02-27T10:56:17.033+0530] {processor.py:842} WARNING - No viable dags retrieved from /Users/anikbhowmick/Python/Big_Data_Assignment/A02/airflow_env/lib/python3.11/site-packages/airflow/example_dags/example_local_kubernetes_executor.py
[2024-02-27T10:56:17.077+0530] {processor.py:183} INFO - Processing /Users/anikbhowmick/Python/Big_Data_Assignment/A02/airflow_env/lib/python3.11/site-packages/airflow/example_dags/example_local_kubernetes_executor.py took 0.056 seconds
[2024-02-27T10:57:59.610+0530] {processor.py:161} INFO - Started process (PID=2386) to work on /Users/anikbhowmick/Python/Big_Data_Assignment/A02/airflow_env/lib/python3.11/site-packages/airflow/example_dags/example_local_kubernetes_executor.py
[2024-02-27T10:57:59.611+0530] {processor.py:830} INFO - Processing file /Users/anikbhowmick/Python/Big_Data_Assignment/A02/airflow_env/lib/python3.11/site-packages/airflow/example_dags/example_local_kubernetes_executor.py for tasks to queue
[2024-02-27T10:57:59.612+0530] {logging_mixin.py:188} INFO - [2024-02-27T10:57:59.612+0530] {dagbag.py:540} INFO - Filling up the DagBag from /Users/anikbhowmick/Python/Big_Data_Assignment/A02/airflow_env/lib/python3.11/site-packages/airflow/example_dags/example_local_kubernetes_executor.py
[2024-02-27T10:57:59.622+0530] {logging_mixin.py:188} INFO - [2024-02-27T10:57:59.622+0530] {example_local_kubernetes_executor.py:39} WARNING - Could not import DAGs in example_local_kubernetes_executor.py
Traceback (most recent call last):
  File "/Users/anikbhowmick/Python/Big_Data_Assignment/A02/airflow_env/lib/python3.11/site-packages/airflow/example_dags/example_local_kubernetes_executor.py", line 37, in <module>
    from kubernetes.client import models as k8s
ModuleNotFoundError: No module named 'kubernetes'
[2024-02-27T10:57:59.622+0530] {logging_mixin.py:188} INFO - [2024-02-27T10:57:59.622+0530] {example_local_kubernetes_executor.py:40} WARNING - Install Kubernetes dependencies with: pip install apache-airflow[cncf.kubernetes]
[2024-02-27T10:57:59.622+0530] {processor.py:842} WARNING - No viable dags retrieved from /Users/anikbhowmick/Python/Big_Data_Assignment/A02/airflow_env/lib/python3.11/site-packages/airflow/example_dags/example_local_kubernetes_executor.py
[2024-02-27T10:57:59.666+0530] {processor.py:183} INFO - Processing /Users/anikbhowmick/Python/Big_Data_Assignment/A02/airflow_env/lib/python3.11/site-packages/airflow/example_dags/example_local_kubernetes_executor.py took 0.056 seconds
[2024-02-27T10:59:47.791+0530] {processor.py:161} INFO - Started process (PID=2497) to work on /Users/anikbhowmick/Python/Big_Data_Assignment/A02/airflow_env/lib/python3.11/site-packages/airflow/example_dags/example_local_kubernetes_executor.py
[2024-02-27T10:59:47.792+0530] {processor.py:830} INFO - Processing file /Users/anikbhowmick/Python/Big_Data_Assignment/A02/airflow_env/lib/python3.11/site-packages/airflow/example_dags/example_local_kubernetes_executor.py for tasks to queue
[2024-02-27T10:59:47.792+0530] {logging_mixin.py:188} INFO - [2024-02-27T10:59:47.792+0530] {dagbag.py:540} INFO - Filling up the DagBag from /Users/anikbhowmick/Python/Big_Data_Assignment/A02/airflow_env/lib/python3.11/site-packages/airflow/example_dags/example_local_kubernetes_executor.py
[2024-02-27T10:59:47.803+0530] {logging_mixin.py:188} INFO - [2024-02-27T10:59:47.803+0530] {example_local_kubernetes_executor.py:39} WARNING - Could not import DAGs in example_local_kubernetes_executor.py
Traceback (most recent call last):
  File "/Users/anikbhowmick/Python/Big_Data_Assignment/A02/airflow_env/lib/python3.11/site-packages/airflow/example_dags/example_local_kubernetes_executor.py", line 37, in <module>
    from kubernetes.client import models as k8s
ModuleNotFoundError: No module named 'kubernetes'
[2024-02-27T10:59:47.803+0530] {logging_mixin.py:188} INFO - [2024-02-27T10:59:47.803+0530] {example_local_kubernetes_executor.py:40} WARNING - Install Kubernetes dependencies with: pip install apache-airflow[cncf.kubernetes]
[2024-02-27T10:59:47.803+0530] {processor.py:842} WARNING - No viable dags retrieved from /Users/anikbhowmick/Python/Big_Data_Assignment/A02/airflow_env/lib/python3.11/site-packages/airflow/example_dags/example_local_kubernetes_executor.py
[2024-02-27T10:59:47.847+0530] {processor.py:183} INFO - Processing /Users/anikbhowmick/Python/Big_Data_Assignment/A02/airflow_env/lib/python3.11/site-packages/airflow/example_dags/example_local_kubernetes_executor.py took 0.057 seconds
[2024-02-27T11:02:16.632+0530] {processor.py:161} INFO - Started process (PID=2698) to work on /Users/anikbhowmick/Python/Big_Data_Assignment/A02/airflow_env/lib/python3.11/site-packages/airflow/example_dags/example_local_kubernetes_executor.py
[2024-02-27T11:02:16.632+0530] {processor.py:830} INFO - Processing file /Users/anikbhowmick/Python/Big_Data_Assignment/A02/airflow_env/lib/python3.11/site-packages/airflow/example_dags/example_local_kubernetes_executor.py for tasks to queue
[2024-02-27T11:02:16.633+0530] {logging_mixin.py:188} INFO - [2024-02-27T11:02:16.632+0530] {dagbag.py:540} INFO - Filling up the DagBag from /Users/anikbhowmick/Python/Big_Data_Assignment/A02/airflow_env/lib/python3.11/site-packages/airflow/example_dags/example_local_kubernetes_executor.py
[2024-02-27T11:02:16.644+0530] {logging_mixin.py:188} INFO - [2024-02-27T11:02:16.643+0530] {example_local_kubernetes_executor.py:39} WARNING - Could not import DAGs in example_local_kubernetes_executor.py
Traceback (most recent call last):
  File "/Users/anikbhowmick/Python/Big_Data_Assignment/A02/airflow_env/lib/python3.11/site-packages/airflow/example_dags/example_local_kubernetes_executor.py", line 37, in <module>
    from kubernetes.client import models as k8s
ModuleNotFoundError: No module named 'kubernetes'
[2024-02-27T11:02:16.644+0530] {logging_mixin.py:188} INFO - [2024-02-27T11:02:16.644+0530] {example_local_kubernetes_executor.py:40} WARNING - Install Kubernetes dependencies with: pip install apache-airflow[cncf.kubernetes]
[2024-02-27T11:02:16.644+0530] {processor.py:842} WARNING - No viable dags retrieved from /Users/anikbhowmick/Python/Big_Data_Assignment/A02/airflow_env/lib/python3.11/site-packages/airflow/example_dags/example_local_kubernetes_executor.py
[2024-02-27T11:02:16.688+0530] {processor.py:183} INFO - Processing /Users/anikbhowmick/Python/Big_Data_Assignment/A02/airflow_env/lib/python3.11/site-packages/airflow/example_dags/example_local_kubernetes_executor.py took 0.056 seconds
[2024-02-27T11:03:56.793+0530] {processor.py:161} INFO - Started process (PID=2811) to work on /Users/anikbhowmick/Python/Big_Data_Assignment/A02/airflow_env/lib/python3.11/site-packages/airflow/example_dags/example_local_kubernetes_executor.py
[2024-02-27T11:03:56.794+0530] {processor.py:830} INFO - Processing file /Users/anikbhowmick/Python/Big_Data_Assignment/A02/airflow_env/lib/python3.11/site-packages/airflow/example_dags/example_local_kubernetes_executor.py for tasks to queue
[2024-02-27T11:03:56.794+0530] {logging_mixin.py:188} INFO - [2024-02-27T11:03:56.794+0530] {dagbag.py:540} INFO - Filling up the DagBag from /Users/anikbhowmick/Python/Big_Data_Assignment/A02/airflow_env/lib/python3.11/site-packages/airflow/example_dags/example_local_kubernetes_executor.py
[2024-02-27T11:03:56.805+0530] {logging_mixin.py:188} INFO - [2024-02-27T11:03:56.805+0530] {example_local_kubernetes_executor.py:39} WARNING - Could not import DAGs in example_local_kubernetes_executor.py
Traceback (most recent call last):
  File "/Users/anikbhowmick/Python/Big_Data_Assignment/A02/airflow_env/lib/python3.11/site-packages/airflow/example_dags/example_local_kubernetes_executor.py", line 37, in <module>
    from kubernetes.client import models as k8s
ModuleNotFoundError: No module named 'kubernetes'
[2024-02-27T11:03:56.805+0530] {logging_mixin.py:188} INFO - [2024-02-27T11:03:56.805+0530] {example_local_kubernetes_executor.py:40} WARNING - Install Kubernetes dependencies with: pip install apache-airflow[cncf.kubernetes]
[2024-02-27T11:03:56.805+0530] {processor.py:842} WARNING - No viable dags retrieved from /Users/anikbhowmick/Python/Big_Data_Assignment/A02/airflow_env/lib/python3.11/site-packages/airflow/example_dags/example_local_kubernetes_executor.py
[2024-02-27T11:03:56.849+0530] {processor.py:183} INFO - Processing /Users/anikbhowmick/Python/Big_Data_Assignment/A02/airflow_env/lib/python3.11/site-packages/airflow/example_dags/example_local_kubernetes_executor.py took 0.056 seconds
[2024-02-27T11:05:47.897+0530] {processor.py:161} INFO - Started process (PID=2918) to work on /Users/anikbhowmick/Python/Big_Data_Assignment/A02/airflow_env/lib/python3.11/site-packages/airflow/example_dags/example_local_kubernetes_executor.py
[2024-02-27T11:05:47.898+0530] {processor.py:830} INFO - Processing file /Users/anikbhowmick/Python/Big_Data_Assignment/A02/airflow_env/lib/python3.11/site-packages/airflow/example_dags/example_local_kubernetes_executor.py for tasks to queue
[2024-02-27T11:05:47.898+0530] {logging_mixin.py:188} INFO - [2024-02-27T11:05:47.898+0530] {dagbag.py:540} INFO - Filling up the DagBag from /Users/anikbhowmick/Python/Big_Data_Assignment/A02/airflow_env/lib/python3.11/site-packages/airflow/example_dags/example_local_kubernetes_executor.py
[2024-02-27T11:05:47.909+0530] {logging_mixin.py:188} INFO - [2024-02-27T11:05:47.909+0530] {example_local_kubernetes_executor.py:39} WARNING - Could not import DAGs in example_local_kubernetes_executor.py
Traceback (most recent call last):
  File "/Users/anikbhowmick/Python/Big_Data_Assignment/A02/airflow_env/lib/python3.11/site-packages/airflow/example_dags/example_local_kubernetes_executor.py", line 37, in <module>
    from kubernetes.client import models as k8s
ModuleNotFoundError: No module named 'kubernetes'
[2024-02-27T11:05:47.909+0530] {logging_mixin.py:188} INFO - [2024-02-27T11:05:47.909+0530] {example_local_kubernetes_executor.py:40} WARNING - Install Kubernetes dependencies with: pip install apache-airflow[cncf.kubernetes]
[2024-02-27T11:05:47.909+0530] {processor.py:842} WARNING - No viable dags retrieved from /Users/anikbhowmick/Python/Big_Data_Assignment/A02/airflow_env/lib/python3.11/site-packages/airflow/example_dags/example_local_kubernetes_executor.py
[2024-02-27T11:05:47.953+0530] {processor.py:183} INFO - Processing /Users/anikbhowmick/Python/Big_Data_Assignment/A02/airflow_env/lib/python3.11/site-packages/airflow/example_dags/example_local_kubernetes_executor.py took 0.056 seconds
[2024-02-27T11:07:28.886+0530] {processor.py:161} INFO - Started process (PID=2986) to work on /Users/anikbhowmick/Python/Big_Data_Assignment/A02/airflow_env/lib/python3.11/site-packages/airflow/example_dags/example_local_kubernetes_executor.py
[2024-02-27T11:07:28.887+0530] {processor.py:830} INFO - Processing file /Users/anikbhowmick/Python/Big_Data_Assignment/A02/airflow_env/lib/python3.11/site-packages/airflow/example_dags/example_local_kubernetes_executor.py for tasks to queue
[2024-02-27T11:07:28.887+0530] {logging_mixin.py:188} INFO - [2024-02-27T11:07:28.887+0530] {dagbag.py:540} INFO - Filling up the DagBag from /Users/anikbhowmick/Python/Big_Data_Assignment/A02/airflow_env/lib/python3.11/site-packages/airflow/example_dags/example_local_kubernetes_executor.py
[2024-02-27T11:07:28.899+0530] {logging_mixin.py:188} INFO - [2024-02-27T11:07:28.899+0530] {example_local_kubernetes_executor.py:39} WARNING - Could not import DAGs in example_local_kubernetes_executor.py
Traceback (most recent call last):
  File "/Users/anikbhowmick/Python/Big_Data_Assignment/A02/airflow_env/lib/python3.11/site-packages/airflow/example_dags/example_local_kubernetes_executor.py", line 37, in <module>
    from kubernetes.client import models as k8s
ModuleNotFoundError: No module named 'kubernetes'
[2024-02-27T11:07:28.899+0530] {logging_mixin.py:188} INFO - [2024-02-27T11:07:28.899+0530] {example_local_kubernetes_executor.py:40} WARNING - Install Kubernetes dependencies with: pip install apache-airflow[cncf.kubernetes]
[2024-02-27T11:07:28.899+0530] {processor.py:842} WARNING - No viable dags retrieved from /Users/anikbhowmick/Python/Big_Data_Assignment/A02/airflow_env/lib/python3.11/site-packages/airflow/example_dags/example_local_kubernetes_executor.py
[2024-02-27T11:07:28.943+0530] {processor.py:183} INFO - Processing /Users/anikbhowmick/Python/Big_Data_Assignment/A02/airflow_env/lib/python3.11/site-packages/airflow/example_dags/example_local_kubernetes_executor.py took 0.057 seconds
[2024-02-27T11:09:15.756+0530] {processor.py:161} INFO - Started process (PID=3117) to work on /Users/anikbhowmick/Python/Big_Data_Assignment/A02/airflow_env/lib/python3.11/site-packages/airflow/example_dags/example_local_kubernetes_executor.py
[2024-02-27T11:09:15.758+0530] {processor.py:830} INFO - Processing file /Users/anikbhowmick/Python/Big_Data_Assignment/A02/airflow_env/lib/python3.11/site-packages/airflow/example_dags/example_local_kubernetes_executor.py for tasks to queue
[2024-02-27T11:09:15.758+0530] {logging_mixin.py:188} INFO - [2024-02-27T11:09:15.758+0530] {dagbag.py:540} INFO - Filling up the DagBag from /Users/anikbhowmick/Python/Big_Data_Assignment/A02/airflow_env/lib/python3.11/site-packages/airflow/example_dags/example_local_kubernetes_executor.py
[2024-02-27T11:09:15.769+0530] {logging_mixin.py:188} INFO - [2024-02-27T11:09:15.768+0530] {example_local_kubernetes_executor.py:39} WARNING - Could not import DAGs in example_local_kubernetes_executor.py
Traceback (most recent call last):
  File "/Users/anikbhowmick/Python/Big_Data_Assignment/A02/airflow_env/lib/python3.11/site-packages/airflow/example_dags/example_local_kubernetes_executor.py", line 37, in <module>
    from kubernetes.client import models as k8s
ModuleNotFoundError: No module named 'kubernetes'
[2024-02-27T11:09:15.769+0530] {logging_mixin.py:188} INFO - [2024-02-27T11:09:15.769+0530] {example_local_kubernetes_executor.py:40} WARNING - Install Kubernetes dependencies with: pip install apache-airflow[cncf.kubernetes]
[2024-02-27T11:09:15.769+0530] {processor.py:842} WARNING - No viable dags retrieved from /Users/anikbhowmick/Python/Big_Data_Assignment/A02/airflow_env/lib/python3.11/site-packages/airflow/example_dags/example_local_kubernetes_executor.py
[2024-02-27T11:09:15.813+0530] {processor.py:183} INFO - Processing /Users/anikbhowmick/Python/Big_Data_Assignment/A02/airflow_env/lib/python3.11/site-packages/airflow/example_dags/example_local_kubernetes_executor.py took 0.057 seconds
[2024-02-27T11:10:49.971+0530] {processor.py:161} INFO - Started process (PID=3186) to work on /Users/anikbhowmick/Python/Big_Data_Assignment/A02/airflow_env/lib/python3.11/site-packages/airflow/example_dags/example_local_kubernetes_executor.py
[2024-02-27T11:10:49.971+0530] {processor.py:830} INFO - Processing file /Users/anikbhowmick/Python/Big_Data_Assignment/A02/airflow_env/lib/python3.11/site-packages/airflow/example_dags/example_local_kubernetes_executor.py for tasks to queue
[2024-02-27T11:10:49.971+0530] {logging_mixin.py:188} INFO - [2024-02-27T11:10:49.971+0530] {dagbag.py:540} INFO - Filling up the DagBag from /Users/anikbhowmick/Python/Big_Data_Assignment/A02/airflow_env/lib/python3.11/site-packages/airflow/example_dags/example_local_kubernetes_executor.py
[2024-02-27T11:10:49.983+0530] {logging_mixin.py:188} INFO - [2024-02-27T11:10:49.983+0530] {example_local_kubernetes_executor.py:39} WARNING - Could not import DAGs in example_local_kubernetes_executor.py
Traceback (most recent call last):
  File "/Users/anikbhowmick/Python/Big_Data_Assignment/A02/airflow_env/lib/python3.11/site-packages/airflow/example_dags/example_local_kubernetes_executor.py", line 37, in <module>
    from kubernetes.client import models as k8s
ModuleNotFoundError: No module named 'kubernetes'
[2024-02-27T11:10:49.983+0530] {logging_mixin.py:188} INFO - [2024-02-27T11:10:49.983+0530] {example_local_kubernetes_executor.py:40} WARNING - Install Kubernetes dependencies with: pip install apache-airflow[cncf.kubernetes]
[2024-02-27T11:10:49.983+0530] {processor.py:842} WARNING - No viable dags retrieved from /Users/anikbhowmick/Python/Big_Data_Assignment/A02/airflow_env/lib/python3.11/site-packages/airflow/example_dags/example_local_kubernetes_executor.py
[2024-02-27T11:10:50.028+0530] {processor.py:183} INFO - Processing /Users/anikbhowmick/Python/Big_Data_Assignment/A02/airflow_env/lib/python3.11/site-packages/airflow/example_dags/example_local_kubernetes_executor.py took 0.058 seconds
[2024-02-27T11:12:31.938+0530] {processor.py:161} INFO - Started process (PID=3293) to work on /Users/anikbhowmick/Python/Big_Data_Assignment/A02/airflow_env/lib/python3.11/site-packages/airflow/example_dags/example_local_kubernetes_executor.py
[2024-02-27T11:12:31.939+0530] {processor.py:830} INFO - Processing file /Users/anikbhowmick/Python/Big_Data_Assignment/A02/airflow_env/lib/python3.11/site-packages/airflow/example_dags/example_local_kubernetes_executor.py for tasks to queue
[2024-02-27T11:12:31.939+0530] {logging_mixin.py:188} INFO - [2024-02-27T11:12:31.939+0530] {dagbag.py:540} INFO - Filling up the DagBag from /Users/anikbhowmick/Python/Big_Data_Assignment/A02/airflow_env/lib/python3.11/site-packages/airflow/example_dags/example_local_kubernetes_executor.py
[2024-02-27T11:12:31.950+0530] {logging_mixin.py:188} INFO - [2024-02-27T11:12:31.950+0530] {example_local_kubernetes_executor.py:39} WARNING - Could not import DAGs in example_local_kubernetes_executor.py
Traceback (most recent call last):
  File "/Users/anikbhowmick/Python/Big_Data_Assignment/A02/airflow_env/lib/python3.11/site-packages/airflow/example_dags/example_local_kubernetes_executor.py", line 37, in <module>
    from kubernetes.client import models as k8s
ModuleNotFoundError: No module named 'kubernetes'
[2024-02-27T11:12:31.950+0530] {logging_mixin.py:188} INFO - [2024-02-27T11:12:31.950+0530] {example_local_kubernetes_executor.py:40} WARNING - Install Kubernetes dependencies with: pip install apache-airflow[cncf.kubernetes]
[2024-02-27T11:12:31.950+0530] {processor.py:842} WARNING - No viable dags retrieved from /Users/anikbhowmick/Python/Big_Data_Assignment/A02/airflow_env/lib/python3.11/site-packages/airflow/example_dags/example_local_kubernetes_executor.py
[2024-02-27T11:12:31.996+0530] {processor.py:183} INFO - Processing /Users/anikbhowmick/Python/Big_Data_Assignment/A02/airflow_env/lib/python3.11/site-packages/airflow/example_dags/example_local_kubernetes_executor.py took 0.058 seconds
[2024-02-27T11:14:25.009+0530] {processor.py:161} INFO - Started process (PID=3396) to work on /Users/anikbhowmick/Python/Big_Data_Assignment/A02/airflow_env/lib/python3.11/site-packages/airflow/example_dags/example_local_kubernetes_executor.py
[2024-02-27T11:14:25.009+0530] {processor.py:830} INFO - Processing file /Users/anikbhowmick/Python/Big_Data_Assignment/A02/airflow_env/lib/python3.11/site-packages/airflow/example_dags/example_local_kubernetes_executor.py for tasks to queue
[2024-02-27T11:14:25.010+0530] {logging_mixin.py:188} INFO - [2024-02-27T11:14:25.010+0530] {dagbag.py:540} INFO - Filling up the DagBag from /Users/anikbhowmick/Python/Big_Data_Assignment/A02/airflow_env/lib/python3.11/site-packages/airflow/example_dags/example_local_kubernetes_executor.py
[2024-02-27T11:14:25.021+0530] {logging_mixin.py:188} INFO - [2024-02-27T11:14:25.021+0530] {example_local_kubernetes_executor.py:39} WARNING - Could not import DAGs in example_local_kubernetes_executor.py
Traceback (most recent call last):
  File "/Users/anikbhowmick/Python/Big_Data_Assignment/A02/airflow_env/lib/python3.11/site-packages/airflow/example_dags/example_local_kubernetes_executor.py", line 37, in <module>
    from kubernetes.client import models as k8s
ModuleNotFoundError: No module named 'kubernetes'
[2024-02-27T11:14:25.021+0530] {logging_mixin.py:188} INFO - [2024-02-27T11:14:25.021+0530] {example_local_kubernetes_executor.py:40} WARNING - Install Kubernetes dependencies with: pip install apache-airflow[cncf.kubernetes]
[2024-02-27T11:14:25.021+0530] {processor.py:842} WARNING - No viable dags retrieved from /Users/anikbhowmick/Python/Big_Data_Assignment/A02/airflow_env/lib/python3.11/site-packages/airflow/example_dags/example_local_kubernetes_executor.py
[2024-02-27T11:14:25.065+0530] {processor.py:183} INFO - Processing /Users/anikbhowmick/Python/Big_Data_Assignment/A02/airflow_env/lib/python3.11/site-packages/airflow/example_dags/example_local_kubernetes_executor.py took 0.057 seconds
[2024-02-27T11:16:03.435+0530] {processor.py:161} INFO - Started process (PID=3461) to work on /Users/anikbhowmick/Python/Big_Data_Assignment/A02/airflow_env/lib/python3.11/site-packages/airflow/example_dags/example_local_kubernetes_executor.py
[2024-02-27T11:16:03.436+0530] {processor.py:830} INFO - Processing file /Users/anikbhowmick/Python/Big_Data_Assignment/A02/airflow_env/lib/python3.11/site-packages/airflow/example_dags/example_local_kubernetes_executor.py for tasks to queue
[2024-02-27T11:16:03.436+0530] {logging_mixin.py:188} INFO - [2024-02-27T11:16:03.436+0530] {dagbag.py:540} INFO - Filling up the DagBag from /Users/anikbhowmick/Python/Big_Data_Assignment/A02/airflow_env/lib/python3.11/site-packages/airflow/example_dags/example_local_kubernetes_executor.py
[2024-02-27T11:16:03.446+0530] {logging_mixin.py:188} INFO - [2024-02-27T11:16:03.446+0530] {example_local_kubernetes_executor.py:39} WARNING - Could not import DAGs in example_local_kubernetes_executor.py
Traceback (most recent call last):
  File "/Users/anikbhowmick/Python/Big_Data_Assignment/A02/airflow_env/lib/python3.11/site-packages/airflow/example_dags/example_local_kubernetes_executor.py", line 37, in <module>
    from kubernetes.client import models as k8s
ModuleNotFoundError: No module named 'kubernetes'
[2024-02-27T11:16:03.446+0530] {logging_mixin.py:188} INFO - [2024-02-27T11:16:03.446+0530] {example_local_kubernetes_executor.py:40} WARNING - Install Kubernetes dependencies with: pip install apache-airflow[cncf.kubernetes]
[2024-02-27T11:16:03.447+0530] {processor.py:842} WARNING - No viable dags retrieved from /Users/anikbhowmick/Python/Big_Data_Assignment/A02/airflow_env/lib/python3.11/site-packages/airflow/example_dags/example_local_kubernetes_executor.py
[2024-02-27T11:16:03.491+0530] {processor.py:183} INFO - Processing /Users/anikbhowmick/Python/Big_Data_Assignment/A02/airflow_env/lib/python3.11/site-packages/airflow/example_dags/example_local_kubernetes_executor.py took 0.056 seconds
[2024-02-27T11:17:58.108+0530] {processor.py:161} INFO - Started process (PID=3540) to work on /Users/anikbhowmick/Python/Big_Data_Assignment/A02/airflow_env/lib/python3.11/site-packages/airflow/example_dags/example_local_kubernetes_executor.py
[2024-02-27T11:17:58.109+0530] {processor.py:830} INFO - Processing file /Users/anikbhowmick/Python/Big_Data_Assignment/A02/airflow_env/lib/python3.11/site-packages/airflow/example_dags/example_local_kubernetes_executor.py for tasks to queue
[2024-02-27T11:17:58.109+0530] {logging_mixin.py:188} INFO - [2024-02-27T11:17:58.109+0530] {dagbag.py:540} INFO - Filling up the DagBag from /Users/anikbhowmick/Python/Big_Data_Assignment/A02/airflow_env/lib/python3.11/site-packages/airflow/example_dags/example_local_kubernetes_executor.py
[2024-02-27T11:17:58.120+0530] {logging_mixin.py:188} INFO - [2024-02-27T11:17:58.119+0530] {example_local_kubernetes_executor.py:39} WARNING - Could not import DAGs in example_local_kubernetes_executor.py
Traceback (most recent call last):
  File "/Users/anikbhowmick/Python/Big_Data_Assignment/A02/airflow_env/lib/python3.11/site-packages/airflow/example_dags/example_local_kubernetes_executor.py", line 37, in <module>
    from kubernetes.client import models as k8s
ModuleNotFoundError: No module named 'kubernetes'
[2024-02-27T11:17:58.120+0530] {logging_mixin.py:188} INFO - [2024-02-27T11:17:58.120+0530] {example_local_kubernetes_executor.py:40} WARNING - Install Kubernetes dependencies with: pip install apache-airflow[cncf.kubernetes]
[2024-02-27T11:17:58.120+0530] {processor.py:842} WARNING - No viable dags retrieved from /Users/anikbhowmick/Python/Big_Data_Assignment/A02/airflow_env/lib/python3.11/site-packages/airflow/example_dags/example_local_kubernetes_executor.py
[2024-02-27T11:17:58.164+0530] {processor.py:183} INFO - Processing /Users/anikbhowmick/Python/Big_Data_Assignment/A02/airflow_env/lib/python3.11/site-packages/airflow/example_dags/example_local_kubernetes_executor.py took 0.056 seconds
[2024-02-27T11:20:34.336+0530] {processor.py:161} INFO - Started process (PID=3681) to work on /Users/anikbhowmick/Python/Big_Data_Assignment/A02/airflow_env/lib/python3.11/site-packages/airflow/example_dags/example_local_kubernetes_executor.py
[2024-02-27T11:20:34.337+0530] {processor.py:830} INFO - Processing file /Users/anikbhowmick/Python/Big_Data_Assignment/A02/airflow_env/lib/python3.11/site-packages/airflow/example_dags/example_local_kubernetes_executor.py for tasks to queue
[2024-02-27T11:20:34.338+0530] {logging_mixin.py:188} INFO - [2024-02-27T11:20:34.338+0530] {dagbag.py:540} INFO - Filling up the DagBag from /Users/anikbhowmick/Python/Big_Data_Assignment/A02/airflow_env/lib/python3.11/site-packages/airflow/example_dags/example_local_kubernetes_executor.py
[2024-02-27T11:20:34.350+0530] {logging_mixin.py:188} INFO - [2024-02-27T11:20:34.349+0530] {example_local_kubernetes_executor.py:39} WARNING - Could not import DAGs in example_local_kubernetes_executor.py
Traceback (most recent call last):
  File "/Users/anikbhowmick/Python/Big_Data_Assignment/A02/airflow_env/lib/python3.11/site-packages/airflow/example_dags/example_local_kubernetes_executor.py", line 37, in <module>
    from kubernetes.client import models as k8s
ModuleNotFoundError: No module named 'kubernetes'
[2024-02-27T11:20:34.350+0530] {logging_mixin.py:188} INFO - [2024-02-27T11:20:34.350+0530] {example_local_kubernetes_executor.py:40} WARNING - Install Kubernetes dependencies with: pip install apache-airflow[cncf.kubernetes]
[2024-02-27T11:20:34.350+0530] {processor.py:842} WARNING - No viable dags retrieved from /Users/anikbhowmick/Python/Big_Data_Assignment/A02/airflow_env/lib/python3.11/site-packages/airflow/example_dags/example_local_kubernetes_executor.py
[2024-02-27T11:20:34.396+0530] {processor.py:183} INFO - Processing /Users/anikbhowmick/Python/Big_Data_Assignment/A02/airflow_env/lib/python3.11/site-packages/airflow/example_dags/example_local_kubernetes_executor.py took 0.060 seconds
[2024-02-27T11:22:56.860+0530] {processor.py:161} INFO - Started process (PID=3808) to work on /Users/anikbhowmick/Python/Big_Data_Assignment/A02/airflow_env/lib/python3.11/site-packages/airflow/example_dags/example_local_kubernetes_executor.py
[2024-02-27T11:22:56.861+0530] {processor.py:830} INFO - Processing file /Users/anikbhowmick/Python/Big_Data_Assignment/A02/airflow_env/lib/python3.11/site-packages/airflow/example_dags/example_local_kubernetes_executor.py for tasks to queue
[2024-02-27T11:22:56.861+0530] {logging_mixin.py:188} INFO - [2024-02-27T11:22:56.861+0530] {dagbag.py:540} INFO - Filling up the DagBag from /Users/anikbhowmick/Python/Big_Data_Assignment/A02/airflow_env/lib/python3.11/site-packages/airflow/example_dags/example_local_kubernetes_executor.py
[2024-02-27T11:22:56.873+0530] {logging_mixin.py:188} INFO - [2024-02-27T11:22:56.873+0530] {example_local_kubernetes_executor.py:39} WARNING - Could not import DAGs in example_local_kubernetes_executor.py
Traceback (most recent call last):
  File "/Users/anikbhowmick/Python/Big_Data_Assignment/A02/airflow_env/lib/python3.11/site-packages/airflow/example_dags/example_local_kubernetes_executor.py", line 37, in <module>
    from kubernetes.client import models as k8s
ModuleNotFoundError: No module named 'kubernetes'
[2024-02-27T11:22:56.873+0530] {logging_mixin.py:188} INFO - [2024-02-27T11:22:56.873+0530] {example_local_kubernetes_executor.py:40} WARNING - Install Kubernetes dependencies with: pip install apache-airflow[cncf.kubernetes]
[2024-02-27T11:22:56.873+0530] {processor.py:842} WARNING - No viable dags retrieved from /Users/anikbhowmick/Python/Big_Data_Assignment/A02/airflow_env/lib/python3.11/site-packages/airflow/example_dags/example_local_kubernetes_executor.py
[2024-02-27T11:22:56.923+0530] {processor.py:183} INFO - Processing /Users/anikbhowmick/Python/Big_Data_Assignment/A02/airflow_env/lib/python3.11/site-packages/airflow/example_dags/example_local_kubernetes_executor.py took 0.063 seconds
[2024-02-27T11:24:47.597+0530] {processor.py:161} INFO - Started process (PID=3926) to work on /Users/anikbhowmick/Python/Big_Data_Assignment/A02/airflow_env/lib/python3.11/site-packages/airflow/example_dags/example_local_kubernetes_executor.py
[2024-02-27T11:24:47.598+0530] {processor.py:830} INFO - Processing file /Users/anikbhowmick/Python/Big_Data_Assignment/A02/airflow_env/lib/python3.11/site-packages/airflow/example_dags/example_local_kubernetes_executor.py for tasks to queue
[2024-02-27T11:24:47.598+0530] {logging_mixin.py:188} INFO - [2024-02-27T11:24:47.598+0530] {dagbag.py:540} INFO - Filling up the DagBag from /Users/anikbhowmick/Python/Big_Data_Assignment/A02/airflow_env/lib/python3.11/site-packages/airflow/example_dags/example_local_kubernetes_executor.py
[2024-02-27T11:24:47.608+0530] {logging_mixin.py:188} INFO - [2024-02-27T11:24:47.608+0530] {example_local_kubernetes_executor.py:39} WARNING - Could not import DAGs in example_local_kubernetes_executor.py
Traceback (most recent call last):
  File "/Users/anikbhowmick/Python/Big_Data_Assignment/A02/airflow_env/lib/python3.11/site-packages/airflow/example_dags/example_local_kubernetes_executor.py", line 37, in <module>
    from kubernetes.client import models as k8s
ModuleNotFoundError: No module named 'kubernetes'
[2024-02-27T11:24:47.608+0530] {logging_mixin.py:188} INFO - [2024-02-27T11:24:47.608+0530] {example_local_kubernetes_executor.py:40} WARNING - Install Kubernetes dependencies with: pip install apache-airflow[cncf.kubernetes]
[2024-02-27T11:24:47.608+0530] {processor.py:842} WARNING - No viable dags retrieved from /Users/anikbhowmick/Python/Big_Data_Assignment/A02/airflow_env/lib/python3.11/site-packages/airflow/example_dags/example_local_kubernetes_executor.py
[2024-02-27T11:24:47.653+0530] {processor.py:183} INFO - Processing /Users/anikbhowmick/Python/Big_Data_Assignment/A02/airflow_env/lib/python3.11/site-packages/airflow/example_dags/example_local_kubernetes_executor.py took 0.056 seconds
[2024-02-27T11:26:33.670+0530] {processor.py:161} INFO - Started process (PID=3997) to work on /Users/anikbhowmick/Python/Big_Data_Assignment/A02/airflow_env/lib/python3.11/site-packages/airflow/example_dags/example_local_kubernetes_executor.py
[2024-02-27T11:26:33.671+0530] {processor.py:830} INFO - Processing file /Users/anikbhowmick/Python/Big_Data_Assignment/A02/airflow_env/lib/python3.11/site-packages/airflow/example_dags/example_local_kubernetes_executor.py for tasks to queue
[2024-02-27T11:26:33.672+0530] {logging_mixin.py:188} INFO - [2024-02-27T11:26:33.672+0530] {dagbag.py:540} INFO - Filling up the DagBag from /Users/anikbhowmick/Python/Big_Data_Assignment/A02/airflow_env/lib/python3.11/site-packages/airflow/example_dags/example_local_kubernetes_executor.py
[2024-02-27T11:26:33.683+0530] {logging_mixin.py:188} INFO - [2024-02-27T11:26:33.683+0530] {example_local_kubernetes_executor.py:39} WARNING - Could not import DAGs in example_local_kubernetes_executor.py
Traceback (most recent call last):
  File "/Users/anikbhowmick/Python/Big_Data_Assignment/A02/airflow_env/lib/python3.11/site-packages/airflow/example_dags/example_local_kubernetes_executor.py", line 37, in <module>
    from kubernetes.client import models as k8s
ModuleNotFoundError: No module named 'kubernetes'
[2024-02-27T11:26:33.684+0530] {logging_mixin.py:188} INFO - [2024-02-27T11:26:33.684+0530] {example_local_kubernetes_executor.py:40} WARNING - Install Kubernetes dependencies with: pip install apache-airflow[cncf.kubernetes]
[2024-02-27T11:26:33.684+0530] {processor.py:842} WARNING - No viable dags retrieved from /Users/anikbhowmick/Python/Big_Data_Assignment/A02/airflow_env/lib/python3.11/site-packages/airflow/example_dags/example_local_kubernetes_executor.py
[2024-02-27T11:26:33.729+0530] {processor.py:183} INFO - Processing /Users/anikbhowmick/Python/Big_Data_Assignment/A02/airflow_env/lib/python3.11/site-packages/airflow/example_dags/example_local_kubernetes_executor.py took 0.059 seconds
[2024-02-27T11:28:40.842+0530] {processor.py:161} INFO - Started process (PID=4135) to work on /Users/anikbhowmick/Python/Big_Data_Assignment/A02/airflow_env/lib/python3.11/site-packages/airflow/example_dags/example_local_kubernetes_executor.py
[2024-02-27T11:28:40.843+0530] {processor.py:830} INFO - Processing file /Users/anikbhowmick/Python/Big_Data_Assignment/A02/airflow_env/lib/python3.11/site-packages/airflow/example_dags/example_local_kubernetes_executor.py for tasks to queue
[2024-02-27T11:28:40.843+0530] {logging_mixin.py:188} INFO - [2024-02-27T11:28:40.843+0530] {dagbag.py:540} INFO - Filling up the DagBag from /Users/anikbhowmick/Python/Big_Data_Assignment/A02/airflow_env/lib/python3.11/site-packages/airflow/example_dags/example_local_kubernetes_executor.py
[2024-02-27T11:28:40.854+0530] {logging_mixin.py:188} INFO - [2024-02-27T11:28:40.853+0530] {example_local_kubernetes_executor.py:39} WARNING - Could not import DAGs in example_local_kubernetes_executor.py
Traceback (most recent call last):
  File "/Users/anikbhowmick/Python/Big_Data_Assignment/A02/airflow_env/lib/python3.11/site-packages/airflow/example_dags/example_local_kubernetes_executor.py", line 37, in <module>
    from kubernetes.client import models as k8s
ModuleNotFoundError: No module named 'kubernetes'
[2024-02-27T11:28:40.854+0530] {logging_mixin.py:188} INFO - [2024-02-27T11:28:40.854+0530] {example_local_kubernetes_executor.py:40} WARNING - Install Kubernetes dependencies with: pip install apache-airflow[cncf.kubernetes]
[2024-02-27T11:28:40.854+0530] {processor.py:842} WARNING - No viable dags retrieved from /Users/anikbhowmick/Python/Big_Data_Assignment/A02/airflow_env/lib/python3.11/site-packages/airflow/example_dags/example_local_kubernetes_executor.py
[2024-02-27T11:28:40.897+0530] {processor.py:183} INFO - Processing /Users/anikbhowmick/Python/Big_Data_Assignment/A02/airflow_env/lib/python3.11/site-packages/airflow/example_dags/example_local_kubernetes_executor.py took 0.056 seconds
[2024-02-27T11:30:27.602+0530] {processor.py:161} INFO - Started process (PID=4226) to work on /Users/anikbhowmick/Python/Big_Data_Assignment/A02/airflow_env/lib/python3.11/site-packages/airflow/example_dags/example_local_kubernetes_executor.py
[2024-02-27T11:30:27.603+0530] {processor.py:830} INFO - Processing file /Users/anikbhowmick/Python/Big_Data_Assignment/A02/airflow_env/lib/python3.11/site-packages/airflow/example_dags/example_local_kubernetes_executor.py for tasks to queue
[2024-02-27T11:30:27.603+0530] {logging_mixin.py:188} INFO - [2024-02-27T11:30:27.603+0530] {dagbag.py:540} INFO - Filling up the DagBag from /Users/anikbhowmick/Python/Big_Data_Assignment/A02/airflow_env/lib/python3.11/site-packages/airflow/example_dags/example_local_kubernetes_executor.py
[2024-02-27T11:30:27.614+0530] {logging_mixin.py:188} INFO - [2024-02-27T11:30:27.614+0530] {example_local_kubernetes_executor.py:39} WARNING - Could not import DAGs in example_local_kubernetes_executor.py
Traceback (most recent call last):
  File "/Users/anikbhowmick/Python/Big_Data_Assignment/A02/airflow_env/lib/python3.11/site-packages/airflow/example_dags/example_local_kubernetes_executor.py", line 37, in <module>
    from kubernetes.client import models as k8s
ModuleNotFoundError: No module named 'kubernetes'
[2024-02-27T11:30:27.614+0530] {logging_mixin.py:188} INFO - [2024-02-27T11:30:27.614+0530] {example_local_kubernetes_executor.py:40} WARNING - Install Kubernetes dependencies with: pip install apache-airflow[cncf.kubernetes]
[2024-02-27T11:30:27.614+0530] {processor.py:842} WARNING - No viable dags retrieved from /Users/anikbhowmick/Python/Big_Data_Assignment/A02/airflow_env/lib/python3.11/site-packages/airflow/example_dags/example_local_kubernetes_executor.py
[2024-02-27T11:30:27.664+0530] {processor.py:183} INFO - Processing /Users/anikbhowmick/Python/Big_Data_Assignment/A02/airflow_env/lib/python3.11/site-packages/airflow/example_dags/example_local_kubernetes_executor.py took 0.063 seconds
[2024-02-27T11:32:12.948+0530] {processor.py:161} INFO - Started process (PID=4298) to work on /Users/anikbhowmick/Python/Big_Data_Assignment/A02/airflow_env/lib/python3.11/site-packages/airflow/example_dags/example_local_kubernetes_executor.py
[2024-02-27T11:32:12.949+0530] {processor.py:830} INFO - Processing file /Users/anikbhowmick/Python/Big_Data_Assignment/A02/airflow_env/lib/python3.11/site-packages/airflow/example_dags/example_local_kubernetes_executor.py for tasks to queue
[2024-02-27T11:32:12.949+0530] {logging_mixin.py:188} INFO - [2024-02-27T11:32:12.949+0530] {dagbag.py:540} INFO - Filling up the DagBag from /Users/anikbhowmick/Python/Big_Data_Assignment/A02/airflow_env/lib/python3.11/site-packages/airflow/example_dags/example_local_kubernetes_executor.py
[2024-02-27T11:32:12.961+0530] {logging_mixin.py:188} INFO - [2024-02-27T11:32:12.961+0530] {example_local_kubernetes_executor.py:39} WARNING - Could not import DAGs in example_local_kubernetes_executor.py
Traceback (most recent call last):
  File "/Users/anikbhowmick/Python/Big_Data_Assignment/A02/airflow_env/lib/python3.11/site-packages/airflow/example_dags/example_local_kubernetes_executor.py", line 37, in <module>
    from kubernetes.client import models as k8s
ModuleNotFoundError: No module named 'kubernetes'
[2024-02-27T11:32:12.961+0530] {logging_mixin.py:188} INFO - [2024-02-27T11:32:12.961+0530] {example_local_kubernetes_executor.py:40} WARNING - Install Kubernetes dependencies with: pip install apache-airflow[cncf.kubernetes]
[2024-02-27T11:32:12.961+0530] {processor.py:842} WARNING - No viable dags retrieved from /Users/anikbhowmick/Python/Big_Data_Assignment/A02/airflow_env/lib/python3.11/site-packages/airflow/example_dags/example_local_kubernetes_executor.py
[2024-02-27T11:32:13.007+0530] {processor.py:183} INFO - Processing /Users/anikbhowmick/Python/Big_Data_Assignment/A02/airflow_env/lib/python3.11/site-packages/airflow/example_dags/example_local_kubernetes_executor.py took 0.059 seconds
[2024-02-27T11:34:21.710+0530] {processor.py:161} INFO - Started process (PID=4443) to work on /Users/anikbhowmick/Python/Big_Data_Assignment/A02/airflow_env/lib/python3.11/site-packages/airflow/example_dags/example_local_kubernetes_executor.py
[2024-02-27T11:34:21.711+0530] {processor.py:830} INFO - Processing file /Users/anikbhowmick/Python/Big_Data_Assignment/A02/airflow_env/lib/python3.11/site-packages/airflow/example_dags/example_local_kubernetes_executor.py for tasks to queue
[2024-02-27T11:34:21.711+0530] {logging_mixin.py:188} INFO - [2024-02-27T11:34:21.711+0530] {dagbag.py:540} INFO - Filling up the DagBag from /Users/anikbhowmick/Python/Big_Data_Assignment/A02/airflow_env/lib/python3.11/site-packages/airflow/example_dags/example_local_kubernetes_executor.py
[2024-02-27T11:34:21.721+0530] {logging_mixin.py:188} INFO - [2024-02-27T11:34:21.721+0530] {example_local_kubernetes_executor.py:39} WARNING - Could not import DAGs in example_local_kubernetes_executor.py
Traceback (most recent call last):
  File "/Users/anikbhowmick/Python/Big_Data_Assignment/A02/airflow_env/lib/python3.11/site-packages/airflow/example_dags/example_local_kubernetes_executor.py", line 37, in <module>
    from kubernetes.client import models as k8s
ModuleNotFoundError: No module named 'kubernetes'
[2024-02-27T11:34:21.721+0530] {logging_mixin.py:188} INFO - [2024-02-27T11:34:21.721+0530] {example_local_kubernetes_executor.py:40} WARNING - Install Kubernetes dependencies with: pip install apache-airflow[cncf.kubernetes]
[2024-02-27T11:34:21.721+0530] {processor.py:842} WARNING - No viable dags retrieved from /Users/anikbhowmick/Python/Big_Data_Assignment/A02/airflow_env/lib/python3.11/site-packages/airflow/example_dags/example_local_kubernetes_executor.py
[2024-02-27T11:34:21.765+0530] {processor.py:183} INFO - Processing /Users/anikbhowmick/Python/Big_Data_Assignment/A02/airflow_env/lib/python3.11/site-packages/airflow/example_dags/example_local_kubernetes_executor.py took 0.056 seconds
[2024-02-27T11:36:04.370+0530] {processor.py:161} INFO - Started process (PID=4514) to work on /Users/anikbhowmick/Python/Big_Data_Assignment/A02/airflow_env/lib/python3.11/site-packages/airflow/example_dags/example_local_kubernetes_executor.py
[2024-02-27T11:36:04.371+0530] {processor.py:830} INFO - Processing file /Users/anikbhowmick/Python/Big_Data_Assignment/A02/airflow_env/lib/python3.11/site-packages/airflow/example_dags/example_local_kubernetes_executor.py for tasks to queue
[2024-02-27T11:36:04.371+0530] {logging_mixin.py:188} INFO - [2024-02-27T11:36:04.371+0530] {dagbag.py:540} INFO - Filling up the DagBag from /Users/anikbhowmick/Python/Big_Data_Assignment/A02/airflow_env/lib/python3.11/site-packages/airflow/example_dags/example_local_kubernetes_executor.py
[2024-02-27T11:36:04.382+0530] {logging_mixin.py:188} INFO - [2024-02-27T11:36:04.382+0530] {example_local_kubernetes_executor.py:39} WARNING - Could not import DAGs in example_local_kubernetes_executor.py
Traceback (most recent call last):
  File "/Users/anikbhowmick/Python/Big_Data_Assignment/A02/airflow_env/lib/python3.11/site-packages/airflow/example_dags/example_local_kubernetes_executor.py", line 37, in <module>
    from kubernetes.client import models as k8s
ModuleNotFoundError: No module named 'kubernetes'
[2024-02-27T11:36:04.382+0530] {logging_mixin.py:188} INFO - [2024-02-27T11:36:04.382+0530] {example_local_kubernetes_executor.py:40} WARNING - Install Kubernetes dependencies with: pip install apache-airflow[cncf.kubernetes]
[2024-02-27T11:36:04.382+0530] {processor.py:842} WARNING - No viable dags retrieved from /Users/anikbhowmick/Python/Big_Data_Assignment/A02/airflow_env/lib/python3.11/site-packages/airflow/example_dags/example_local_kubernetes_executor.py
[2024-02-27T11:36:04.428+0530] {processor.py:183} INFO - Processing /Users/anikbhowmick/Python/Big_Data_Assignment/A02/airflow_env/lib/python3.11/site-packages/airflow/example_dags/example_local_kubernetes_executor.py took 0.059 seconds
[2024-02-27T11:39:47.149+0530] {processor.py:161} INFO - Started process (PID=4639) to work on /Users/anikbhowmick/Python/Big_Data_Assignment/A02/airflow_env/lib/python3.11/site-packages/airflow/example_dags/example_local_kubernetes_executor.py
[2024-02-27T11:39:47.150+0530] {processor.py:830} INFO - Processing file /Users/anikbhowmick/Python/Big_Data_Assignment/A02/airflow_env/lib/python3.11/site-packages/airflow/example_dags/example_local_kubernetes_executor.py for tasks to queue
[2024-02-27T11:39:47.150+0530] {logging_mixin.py:188} INFO - [2024-02-27T11:39:47.150+0530] {dagbag.py:540} INFO - Filling up the DagBag from /Users/anikbhowmick/Python/Big_Data_Assignment/A02/airflow_env/lib/python3.11/site-packages/airflow/example_dags/example_local_kubernetes_executor.py
[2024-02-27T11:39:47.160+0530] {logging_mixin.py:188} INFO - [2024-02-27T11:39:47.160+0530] {example_local_kubernetes_executor.py:39} WARNING - Could not import DAGs in example_local_kubernetes_executor.py
Traceback (most recent call last):
  File "/Users/anikbhowmick/Python/Big_Data_Assignment/A02/airflow_env/lib/python3.11/site-packages/airflow/example_dags/example_local_kubernetes_executor.py", line 37, in <module>
    from kubernetes.client import models as k8s
ModuleNotFoundError: No module named 'kubernetes'
[2024-02-27T11:39:47.160+0530] {logging_mixin.py:188} INFO - [2024-02-27T11:39:47.160+0530] {example_local_kubernetes_executor.py:40} WARNING - Install Kubernetes dependencies with: pip install apache-airflow[cncf.kubernetes]
[2024-02-27T11:39:47.160+0530] {processor.py:842} WARNING - No viable dags retrieved from /Users/anikbhowmick/Python/Big_Data_Assignment/A02/airflow_env/lib/python3.11/site-packages/airflow/example_dags/example_local_kubernetes_executor.py
[2024-02-27T11:39:47.204+0530] {processor.py:183} INFO - Processing /Users/anikbhowmick/Python/Big_Data_Assignment/A02/airflow_env/lib/python3.11/site-packages/airflow/example_dags/example_local_kubernetes_executor.py took 0.055 seconds
[2024-02-27T11:41:19.971+0530] {processor.py:161} INFO - Started process (PID=4722) to work on /Users/anikbhowmick/Python/Big_Data_Assignment/A02/airflow_env/lib/python3.11/site-packages/airflow/example_dags/example_local_kubernetes_executor.py
[2024-02-27T11:41:19.971+0530] {processor.py:830} INFO - Processing file /Users/anikbhowmick/Python/Big_Data_Assignment/A02/airflow_env/lib/python3.11/site-packages/airflow/example_dags/example_local_kubernetes_executor.py for tasks to queue
[2024-02-27T11:41:19.971+0530] {logging_mixin.py:188} INFO - [2024-02-27T11:41:19.971+0530] {dagbag.py:540} INFO - Filling up the DagBag from /Users/anikbhowmick/Python/Big_Data_Assignment/A02/airflow_env/lib/python3.11/site-packages/airflow/example_dags/example_local_kubernetes_executor.py
[2024-02-27T11:41:19.981+0530] {logging_mixin.py:188} INFO - [2024-02-27T11:41:19.981+0530] {example_local_kubernetes_executor.py:39} WARNING - Could not import DAGs in example_local_kubernetes_executor.py
Traceback (most recent call last):
  File "/Users/anikbhowmick/Python/Big_Data_Assignment/A02/airflow_env/lib/python3.11/site-packages/airflow/example_dags/example_local_kubernetes_executor.py", line 37, in <module>
    from kubernetes.client import models as k8s
ModuleNotFoundError: No module named 'kubernetes'
[2024-02-27T11:41:19.981+0530] {logging_mixin.py:188} INFO - [2024-02-27T11:41:19.981+0530] {example_local_kubernetes_executor.py:40} WARNING - Install Kubernetes dependencies with: pip install apache-airflow[cncf.kubernetes]
[2024-02-27T11:41:19.981+0530] {processor.py:842} WARNING - No viable dags retrieved from /Users/anikbhowmick/Python/Big_Data_Assignment/A02/airflow_env/lib/python3.11/site-packages/airflow/example_dags/example_local_kubernetes_executor.py
[2024-02-27T11:41:20.025+0530] {processor.py:183} INFO - Processing /Users/anikbhowmick/Python/Big_Data_Assignment/A02/airflow_env/lib/python3.11/site-packages/airflow/example_dags/example_local_kubernetes_executor.py took 0.054 seconds
