[2024-02-27T10:46:26.059+0530] {processor.py:161} INFO - Started process (PID=1586) to work on /Users/anikbhowmick/Python/Big_Data_Assignment/A02/airflow_env/lib/python3.11/site-packages/airflow/example_dags/example_params_trigger_ui.py
[2024-02-27T10:46:26.059+0530] {processor.py:830} INFO - Processing file /Users/anikbhowmick/Python/Big_Data_Assignment/A02/airflow_env/lib/python3.11/site-packages/airflow/example_dags/example_params_trigger_ui.py for tasks to queue
[2024-02-27T10:46:26.060+0530] {logging_mixin.py:188} INFO - [2024-02-27T10:46:26.060+0530] {dagbag.py:540} INFO - Filling up the DagBag from /Users/anikbhowmick/Python/Big_Data_Assignment/A02/airflow_env/lib/python3.11/site-packages/airflow/example_dags/example_params_trigger_ui.py
[2024-02-27T10:46:26.093+0530] {processor.py:840} INFO - DAG(s) 'example_params_trigger_ui' retrieved from /Users/anikbhowmick/Python/Big_Data_Assignment/A02/airflow_env/lib/python3.11/site-packages/airflow/example_dags/example_params_trigger_ui.py
[2024-02-27T10:46:26.127+0530] {logging_mixin.py:188} INFO - [2024-02-27T10:46:26.127+0530] {dag.py:3047} INFO - Sync 1 DAGs
[2024-02-27T10:46:26.130+0530] {logging_mixin.py:188} INFO - [2024-02-27T10:46:26.130+0530] {dag.py:3834} INFO - Setting next_dagrun for example_params_trigger_ui to None, run_after=None
[2024-02-27T10:46:26.136+0530] {processor.py:183} INFO - Processing /Users/anikbhowmick/Python/Big_Data_Assignment/A02/airflow_env/lib/python3.11/site-packages/airflow/example_dags/example_params_trigger_ui.py took 0.078 seconds
[2024-02-27T10:49:57.981+0530] {processor.py:161} INFO - Started process (PID=1787) to work on /Users/anikbhowmick/Python/Big_Data_Assignment/A02/airflow_env/lib/python3.11/site-packages/airflow/example_dags/example_params_trigger_ui.py
[2024-02-27T10:49:57.982+0530] {processor.py:830} INFO - Processing file /Users/anikbhowmick/Python/Big_Data_Assignment/A02/airflow_env/lib/python3.11/site-packages/airflow/example_dags/example_params_trigger_ui.py for tasks to queue
[2024-02-27T10:49:57.982+0530] {logging_mixin.py:188} INFO - [2024-02-27T10:49:57.982+0530] {dagbag.py:540} INFO - Filling up the DagBag from /Users/anikbhowmick/Python/Big_Data_Assignment/A02/airflow_env/lib/python3.11/site-packages/airflow/example_dags/example_params_trigger_ui.py
[2024-02-27T10:49:58.019+0530] {processor.py:840} INFO - DAG(s) 'example_params_trigger_ui' retrieved from /Users/anikbhowmick/Python/Big_Data_Assignment/A02/airflow_env/lib/python3.11/site-packages/airflow/example_dags/example_params_trigger_ui.py
[2024-02-27T10:49:58.054+0530] {logging_mixin.py:188} INFO - [2024-02-27T10:49:58.054+0530] {dag.py:3047} INFO - Sync 1 DAGs
[2024-02-27T10:49:58.057+0530] {logging_mixin.py:188} INFO - [2024-02-27T10:49:58.057+0530] {dag.py:3834} INFO - Setting next_dagrun for example_params_trigger_ui to None, run_after=None
[2024-02-27T10:49:58.063+0530] {processor.py:183} INFO - Processing /Users/anikbhowmick/Python/Big_Data_Assignment/A02/airflow_env/lib/python3.11/site-packages/airflow/example_dags/example_params_trigger_ui.py took 0.082 seconds
[2024-02-27T10:53:06.352+0530] {processor.py:161} INFO - Started process (PID=2000) to work on /Users/anikbhowmick/Python/Big_Data_Assignment/A02/airflow_env/lib/python3.11/site-packages/airflow/example_dags/example_params_trigger_ui.py
[2024-02-27T10:53:06.353+0530] {processor.py:830} INFO - Processing file /Users/anikbhowmick/Python/Big_Data_Assignment/A02/airflow_env/lib/python3.11/site-packages/airflow/example_dags/example_params_trigger_ui.py for tasks to queue
[2024-02-27T10:53:06.353+0530] {logging_mixin.py:188} INFO - [2024-02-27T10:53:06.353+0530] {dagbag.py:540} INFO - Filling up the DagBag from /Users/anikbhowmick/Python/Big_Data_Assignment/A02/airflow_env/lib/python3.11/site-packages/airflow/example_dags/example_params_trigger_ui.py
[2024-02-27T10:53:06.386+0530] {processor.py:840} INFO - DAG(s) 'example_params_trigger_ui' retrieved from /Users/anikbhowmick/Python/Big_Data_Assignment/A02/airflow_env/lib/python3.11/site-packages/airflow/example_dags/example_params_trigger_ui.py
[2024-02-27T10:53:06.420+0530] {logging_mixin.py:188} INFO - [2024-02-27T10:53:06.419+0530] {dag.py:3047} INFO - Sync 1 DAGs
[2024-02-27T10:53:06.423+0530] {logging_mixin.py:188} INFO - [2024-02-27T10:53:06.423+0530] {dag.py:3834} INFO - Setting next_dagrun for example_params_trigger_ui to None, run_after=None
[2024-02-27T10:53:06.429+0530] {processor.py:183} INFO - Processing /Users/anikbhowmick/Python/Big_Data_Assignment/A02/airflow_env/lib/python3.11/site-packages/airflow/example_dags/example_params_trigger_ui.py took 0.077 seconds
[2024-02-27T10:56:14.509+0530] {processor.py:161} INFO - Started process (PID=2247) to work on /Users/anikbhowmick/Python/Big_Data_Assignment/A02/airflow_env/lib/python3.11/site-packages/airflow/example_dags/example_params_trigger_ui.py
[2024-02-27T10:56:14.510+0530] {processor.py:830} INFO - Processing file /Users/anikbhowmick/Python/Big_Data_Assignment/A02/airflow_env/lib/python3.11/site-packages/airflow/example_dags/example_params_trigger_ui.py for tasks to queue
[2024-02-27T10:56:14.510+0530] {logging_mixin.py:188} INFO - [2024-02-27T10:56:14.510+0530] {dagbag.py:540} INFO - Filling up the DagBag from /Users/anikbhowmick/Python/Big_Data_Assignment/A02/airflow_env/lib/python3.11/site-packages/airflow/example_dags/example_params_trigger_ui.py
[2024-02-27T10:56:14.543+0530] {processor.py:840} INFO - DAG(s) 'example_params_trigger_ui' retrieved from /Users/anikbhowmick/Python/Big_Data_Assignment/A02/airflow_env/lib/python3.11/site-packages/airflow/example_dags/example_params_trigger_ui.py
[2024-02-27T10:56:14.577+0530] {logging_mixin.py:188} INFO - [2024-02-27T10:56:14.577+0530] {dag.py:3047} INFO - Sync 1 DAGs
[2024-02-27T10:56:14.580+0530] {logging_mixin.py:188} INFO - [2024-02-27T10:56:14.580+0530] {dag.py:3834} INFO - Setting next_dagrun for example_params_trigger_ui to None, run_after=None
[2024-02-27T10:56:14.586+0530] {processor.py:183} INFO - Processing /Users/anikbhowmick/Python/Big_Data_Assignment/A02/airflow_env/lib/python3.11/site-packages/airflow/example_dags/example_params_trigger_ui.py took 0.078 seconds
[2024-02-27T10:57:56.141+0530] {processor.py:161} INFO - Started process (PID=2382) to work on /Users/anikbhowmick/Python/Big_Data_Assignment/A02/airflow_env/lib/python3.11/site-packages/airflow/example_dags/example_params_trigger_ui.py
[2024-02-27T10:57:56.142+0530] {processor.py:830} INFO - Processing file /Users/anikbhowmick/Python/Big_Data_Assignment/A02/airflow_env/lib/python3.11/site-packages/airflow/example_dags/example_params_trigger_ui.py for tasks to queue
[2024-02-27T10:57:56.142+0530] {logging_mixin.py:188} INFO - [2024-02-27T10:57:56.142+0530] {dagbag.py:540} INFO - Filling up the DagBag from /Users/anikbhowmick/Python/Big_Data_Assignment/A02/airflow_env/lib/python3.11/site-packages/airflow/example_dags/example_params_trigger_ui.py
[2024-02-27T10:57:56.176+0530] {processor.py:840} INFO - DAG(s) 'example_params_trigger_ui' retrieved from /Users/anikbhowmick/Python/Big_Data_Assignment/A02/airflow_env/lib/python3.11/site-packages/airflow/example_dags/example_params_trigger_ui.py
[2024-02-27T10:57:56.210+0530] {logging_mixin.py:188} INFO - [2024-02-27T10:57:56.210+0530] {dag.py:3047} INFO - Sync 1 DAGs
[2024-02-27T10:57:56.213+0530] {logging_mixin.py:188} INFO - [2024-02-27T10:57:56.213+0530] {dag.py:3834} INFO - Setting next_dagrun for example_params_trigger_ui to None, run_after=None
[2024-02-27T10:57:56.219+0530] {processor.py:183} INFO - Processing /Users/anikbhowmick/Python/Big_Data_Assignment/A02/airflow_env/lib/python3.11/site-packages/airflow/example_dags/example_params_trigger_ui.py took 0.079 seconds
[2024-02-27T10:59:19.793+0530] {processor.py:161} INFO - Started process (PID=2471) to work on /Users/anikbhowmick/Python/Big_Data_Assignment/A02/airflow_env/lib/python3.11/site-packages/airflow/example_dags/example_params_trigger_ui.py
[2024-02-27T10:59:19.794+0530] {processor.py:830} INFO - Processing file /Users/anikbhowmick/Python/Big_Data_Assignment/A02/airflow_env/lib/python3.11/site-packages/airflow/example_dags/example_params_trigger_ui.py for tasks to queue
[2024-02-27T10:59:19.794+0530] {logging_mixin.py:188} INFO - [2024-02-27T10:59:19.794+0530] {dagbag.py:540} INFO - Filling up the DagBag from /Users/anikbhowmick/Python/Big_Data_Assignment/A02/airflow_env/lib/python3.11/site-packages/airflow/example_dags/example_params_trigger_ui.py
[2024-02-27T10:59:19.829+0530] {processor.py:840} INFO - DAG(s) 'example_params_trigger_ui' retrieved from /Users/anikbhowmick/Python/Big_Data_Assignment/A02/airflow_env/lib/python3.11/site-packages/airflow/example_dags/example_params_trigger_ui.py
[2024-02-27T10:59:19.864+0530] {logging_mixin.py:188} INFO - [2024-02-27T10:59:19.864+0530] {dag.py:3047} INFO - Sync 1 DAGs
[2024-02-27T10:59:19.867+0530] {logging_mixin.py:188} INFO - [2024-02-27T10:59:19.867+0530] {dag.py:3834} INFO - Setting next_dagrun for example_params_trigger_ui to None, run_after=None
[2024-02-27T10:59:19.874+0530] {processor.py:183} INFO - Processing /Users/anikbhowmick/Python/Big_Data_Assignment/A02/airflow_env/lib/python3.11/site-packages/airflow/example_dags/example_params_trigger_ui.py took 0.082 seconds
[2024-02-27T11:02:13.075+0530] {processor.py:161} INFO - Started process (PID=2694) to work on /Users/anikbhowmick/Python/Big_Data_Assignment/A02/airflow_env/lib/python3.11/site-packages/airflow/example_dags/example_params_trigger_ui.py
[2024-02-27T11:02:13.076+0530] {processor.py:830} INFO - Processing file /Users/anikbhowmick/Python/Big_Data_Assignment/A02/airflow_env/lib/python3.11/site-packages/airflow/example_dags/example_params_trigger_ui.py for tasks to queue
[2024-02-27T11:02:13.076+0530] {logging_mixin.py:188} INFO - [2024-02-27T11:02:13.076+0530] {dagbag.py:540} INFO - Filling up the DagBag from /Users/anikbhowmick/Python/Big_Data_Assignment/A02/airflow_env/lib/python3.11/site-packages/airflow/example_dags/example_params_trigger_ui.py
[2024-02-27T11:02:13.114+0530] {processor.py:840} INFO - DAG(s) 'example_params_trigger_ui' retrieved from /Users/anikbhowmick/Python/Big_Data_Assignment/A02/airflow_env/lib/python3.11/site-packages/airflow/example_dags/example_params_trigger_ui.py
[2024-02-27T11:02:13.150+0530] {logging_mixin.py:188} INFO - [2024-02-27T11:02:13.149+0530] {dag.py:3047} INFO - Sync 1 DAGs
[2024-02-27T11:02:13.153+0530] {logging_mixin.py:188} INFO - [2024-02-27T11:02:13.153+0530] {dag.py:3834} INFO - Setting next_dagrun for example_params_trigger_ui to None, run_after=None
[2024-02-27T11:02:13.159+0530] {processor.py:183} INFO - Processing /Users/anikbhowmick/Python/Big_Data_Assignment/A02/airflow_env/lib/python3.11/site-packages/airflow/example_dags/example_params_trigger_ui.py took 0.084 seconds
[2024-02-27T11:03:53.344+0530] {processor.py:161} INFO - Started process (PID=2807) to work on /Users/anikbhowmick/Python/Big_Data_Assignment/A02/airflow_env/lib/python3.11/site-packages/airflow/example_dags/example_params_trigger_ui.py
[2024-02-27T11:03:53.345+0530] {processor.py:830} INFO - Processing file /Users/anikbhowmick/Python/Big_Data_Assignment/A02/airflow_env/lib/python3.11/site-packages/airflow/example_dags/example_params_trigger_ui.py for tasks to queue
[2024-02-27T11:03:53.345+0530] {logging_mixin.py:188} INFO - [2024-02-27T11:03:53.345+0530] {dagbag.py:540} INFO - Filling up the DagBag from /Users/anikbhowmick/Python/Big_Data_Assignment/A02/airflow_env/lib/python3.11/site-packages/airflow/example_dags/example_params_trigger_ui.py
[2024-02-27T11:03:53.379+0530] {processor.py:840} INFO - DAG(s) 'example_params_trigger_ui' retrieved from /Users/anikbhowmick/Python/Big_Data_Assignment/A02/airflow_env/lib/python3.11/site-packages/airflow/example_dags/example_params_trigger_ui.py
[2024-02-27T11:03:53.413+0530] {logging_mixin.py:188} INFO - [2024-02-27T11:03:53.413+0530] {dag.py:3047} INFO - Sync 1 DAGs
[2024-02-27T11:03:53.416+0530] {logging_mixin.py:188} INFO - [2024-02-27T11:03:53.416+0530] {dag.py:3834} INFO - Setting next_dagrun for example_params_trigger_ui to None, run_after=None
[2024-02-27T11:03:53.422+0530] {processor.py:183} INFO - Processing /Users/anikbhowmick/Python/Big_Data_Assignment/A02/airflow_env/lib/python3.11/site-packages/airflow/example_dags/example_params_trigger_ui.py took 0.079 seconds
[2024-02-27T11:05:18.590+0530] {processor.py:161} INFO - Started process (PID=2892) to work on /Users/anikbhowmick/Python/Big_Data_Assignment/A02/airflow_env/lib/python3.11/site-packages/airflow/example_dags/example_params_trigger_ui.py
[2024-02-27T11:05:18.590+0530] {processor.py:830} INFO - Processing file /Users/anikbhowmick/Python/Big_Data_Assignment/A02/airflow_env/lib/python3.11/site-packages/airflow/example_dags/example_params_trigger_ui.py for tasks to queue
[2024-02-27T11:05:18.591+0530] {logging_mixin.py:188} INFO - [2024-02-27T11:05:18.590+0530] {dagbag.py:540} INFO - Filling up the DagBag from /Users/anikbhowmick/Python/Big_Data_Assignment/A02/airflow_env/lib/python3.11/site-packages/airflow/example_dags/example_params_trigger_ui.py
[2024-02-27T11:05:18.628+0530] {processor.py:840} INFO - DAG(s) 'example_params_trigger_ui' retrieved from /Users/anikbhowmick/Python/Big_Data_Assignment/A02/airflow_env/lib/python3.11/site-packages/airflow/example_dags/example_params_trigger_ui.py
[2024-02-27T11:05:18.662+0530] {logging_mixin.py:188} INFO - [2024-02-27T11:05:18.662+0530] {dag.py:3047} INFO - Sync 1 DAGs
[2024-02-27T11:05:18.665+0530] {logging_mixin.py:188} INFO - [2024-02-27T11:05:18.665+0530] {dag.py:3834} INFO - Setting next_dagrun for example_params_trigger_ui to None, run_after=None
[2024-02-27T11:05:18.671+0530] {processor.py:183} INFO - Processing /Users/anikbhowmick/Python/Big_Data_Assignment/A02/airflow_env/lib/python3.11/site-packages/airflow/example_dags/example_params_trigger_ui.py took 0.082 seconds
[2024-02-27T11:07:04.950+0530] {processor.py:161} INFO - Started process (PID=2969) to work on /Users/anikbhowmick/Python/Big_Data_Assignment/A02/airflow_env/lib/python3.11/site-packages/airflow/example_dags/example_params_trigger_ui.py
[2024-02-27T11:07:04.950+0530] {processor.py:830} INFO - Processing file /Users/anikbhowmick/Python/Big_Data_Assignment/A02/airflow_env/lib/python3.11/site-packages/airflow/example_dags/example_params_trigger_ui.py for tasks to queue
[2024-02-27T11:07:04.950+0530] {logging_mixin.py:188} INFO - [2024-02-27T11:07:04.950+0530] {dagbag.py:540} INFO - Filling up the DagBag from /Users/anikbhowmick/Python/Big_Data_Assignment/A02/airflow_env/lib/python3.11/site-packages/airflow/example_dags/example_params_trigger_ui.py
[2024-02-27T11:07:04.983+0530] {processor.py:840} INFO - DAG(s) 'example_params_trigger_ui' retrieved from /Users/anikbhowmick/Python/Big_Data_Assignment/A02/airflow_env/lib/python3.11/site-packages/airflow/example_dags/example_params_trigger_ui.py
[2024-02-27T11:07:05.018+0530] {logging_mixin.py:188} INFO - [2024-02-27T11:07:05.018+0530] {dag.py:3047} INFO - Sync 1 DAGs
[2024-02-27T11:07:05.021+0530] {logging_mixin.py:188} INFO - [2024-02-27T11:07:05.021+0530] {dag.py:3834} INFO - Setting next_dagrun for example_params_trigger_ui to None, run_after=None
[2024-02-27T11:07:05.027+0530] {processor.py:183} INFO - Processing /Users/anikbhowmick/Python/Big_Data_Assignment/A02/airflow_env/lib/python3.11/site-packages/airflow/example_dags/example_params_trigger_ui.py took 0.078 seconds
[2024-02-27T11:08:44.442+0530] {processor.py:161} INFO - Started process (PID=3095) to work on /Users/anikbhowmick/Python/Big_Data_Assignment/A02/airflow_env/lib/python3.11/site-packages/airflow/example_dags/example_params_trigger_ui.py
[2024-02-27T11:08:44.442+0530] {processor.py:830} INFO - Processing file /Users/anikbhowmick/Python/Big_Data_Assignment/A02/airflow_env/lib/python3.11/site-packages/airflow/example_dags/example_params_trigger_ui.py for tasks to queue
[2024-02-27T11:08:44.443+0530] {logging_mixin.py:188} INFO - [2024-02-27T11:08:44.443+0530] {dagbag.py:540} INFO - Filling up the DagBag from /Users/anikbhowmick/Python/Big_Data_Assignment/A02/airflow_env/lib/python3.11/site-packages/airflow/example_dags/example_params_trigger_ui.py
[2024-02-27T11:08:44.477+0530] {processor.py:840} INFO - DAG(s) 'example_params_trigger_ui' retrieved from /Users/anikbhowmick/Python/Big_Data_Assignment/A02/airflow_env/lib/python3.11/site-packages/airflow/example_dags/example_params_trigger_ui.py
[2024-02-27T11:08:44.512+0530] {logging_mixin.py:188} INFO - [2024-02-27T11:08:44.512+0530] {dag.py:3047} INFO - Sync 1 DAGs
[2024-02-27T11:08:44.515+0530] {logging_mixin.py:188} INFO - [2024-02-27T11:08:44.515+0530] {dag.py:3834} INFO - Setting next_dagrun for example_params_trigger_ui to None, run_after=None
[2024-02-27T11:08:44.522+0530] {processor.py:183} INFO - Processing /Users/anikbhowmick/Python/Big_Data_Assignment/A02/airflow_env/lib/python3.11/site-packages/airflow/example_dags/example_params_trigger_ui.py took 0.080 seconds
[2024-02-27T11:10:26.773+0530] {processor.py:161} INFO - Started process (PID=3168) to work on /Users/anikbhowmick/Python/Big_Data_Assignment/A02/airflow_env/lib/python3.11/site-packages/airflow/example_dags/example_params_trigger_ui.py
[2024-02-27T11:10:26.773+0530] {processor.py:830} INFO - Processing file /Users/anikbhowmick/Python/Big_Data_Assignment/A02/airflow_env/lib/python3.11/site-packages/airflow/example_dags/example_params_trigger_ui.py for tasks to queue
[2024-02-27T11:10:26.773+0530] {logging_mixin.py:188} INFO - [2024-02-27T11:10:26.773+0530] {dagbag.py:540} INFO - Filling up the DagBag from /Users/anikbhowmick/Python/Big_Data_Assignment/A02/airflow_env/lib/python3.11/site-packages/airflow/example_dags/example_params_trigger_ui.py
[2024-02-27T11:10:26.807+0530] {processor.py:840} INFO - DAG(s) 'example_params_trigger_ui' retrieved from /Users/anikbhowmick/Python/Big_Data_Assignment/A02/airflow_env/lib/python3.11/site-packages/airflow/example_dags/example_params_trigger_ui.py
[2024-02-27T11:10:26.842+0530] {logging_mixin.py:188} INFO - [2024-02-27T11:10:26.842+0530] {dag.py:3047} INFO - Sync 1 DAGs
[2024-02-27T11:10:26.845+0530] {logging_mixin.py:188} INFO - [2024-02-27T11:10:26.845+0530] {dag.py:3834} INFO - Setting next_dagrun for example_params_trigger_ui to None, run_after=None
[2024-02-27T11:10:26.852+0530] {processor.py:183} INFO - Processing /Users/anikbhowmick/Python/Big_Data_Assignment/A02/airflow_env/lib/python3.11/site-packages/airflow/example_dags/example_params_trigger_ui.py took 0.079 seconds
[2024-02-27T11:12:03.869+0530] {processor.py:161} INFO - Started process (PID=3273) to work on /Users/anikbhowmick/Python/Big_Data_Assignment/A02/airflow_env/lib/python3.11/site-packages/airflow/example_dags/example_params_trigger_ui.py
[2024-02-27T11:12:03.869+0530] {processor.py:830} INFO - Processing file /Users/anikbhowmick/Python/Big_Data_Assignment/A02/airflow_env/lib/python3.11/site-packages/airflow/example_dags/example_params_trigger_ui.py for tasks to queue
[2024-02-27T11:12:03.870+0530] {logging_mixin.py:188} INFO - [2024-02-27T11:12:03.870+0530] {dagbag.py:540} INFO - Filling up the DagBag from /Users/anikbhowmick/Python/Big_Data_Assignment/A02/airflow_env/lib/python3.11/site-packages/airflow/example_dags/example_params_trigger_ui.py
[2024-02-27T11:12:03.904+0530] {processor.py:840} INFO - DAG(s) 'example_params_trigger_ui' retrieved from /Users/anikbhowmick/Python/Big_Data_Assignment/A02/airflow_env/lib/python3.11/site-packages/airflow/example_dags/example_params_trigger_ui.py
[2024-02-27T11:12:03.938+0530] {logging_mixin.py:188} INFO - [2024-02-27T11:12:03.938+0530] {dag.py:3047} INFO - Sync 1 DAGs
[2024-02-27T11:12:03.941+0530] {logging_mixin.py:188} INFO - [2024-02-27T11:12:03.941+0530] {dag.py:3834} INFO - Setting next_dagrun for example_params_trigger_ui to None, run_after=None
[2024-02-27T11:12:03.947+0530] {processor.py:183} INFO - Processing /Users/anikbhowmick/Python/Big_Data_Assignment/A02/airflow_env/lib/python3.11/site-packages/airflow/example_dags/example_params_trigger_ui.py took 0.079 seconds
[2024-02-27T11:13:55.406+0530] {processor.py:161} INFO - Started process (PID=3363) to work on /Users/anikbhowmick/Python/Big_Data_Assignment/A02/airflow_env/lib/python3.11/site-packages/airflow/example_dags/example_params_trigger_ui.py
[2024-02-27T11:13:55.407+0530] {processor.py:830} INFO - Processing file /Users/anikbhowmick/Python/Big_Data_Assignment/A02/airflow_env/lib/python3.11/site-packages/airflow/example_dags/example_params_trigger_ui.py for tasks to queue
[2024-02-27T11:13:55.407+0530] {logging_mixin.py:188} INFO - [2024-02-27T11:13:55.407+0530] {dagbag.py:540} INFO - Filling up the DagBag from /Users/anikbhowmick/Python/Big_Data_Assignment/A02/airflow_env/lib/python3.11/site-packages/airflow/example_dags/example_params_trigger_ui.py
[2024-02-27T11:13:55.445+0530] {processor.py:840} INFO - DAG(s) 'example_params_trigger_ui' retrieved from /Users/anikbhowmick/Python/Big_Data_Assignment/A02/airflow_env/lib/python3.11/site-packages/airflow/example_dags/example_params_trigger_ui.py
[2024-02-27T11:13:55.480+0530] {logging_mixin.py:188} INFO - [2024-02-27T11:13:55.480+0530] {dag.py:3047} INFO - Sync 1 DAGs
[2024-02-27T11:13:55.484+0530] {logging_mixin.py:188} INFO - [2024-02-27T11:13:55.484+0530] {dag.py:3834} INFO - Setting next_dagrun for example_params_trigger_ui to None, run_after=None
[2024-02-27T11:13:55.491+0530] {processor.py:183} INFO - Processing /Users/anikbhowmick/Python/Big_Data_Assignment/A02/airflow_env/lib/python3.11/site-packages/airflow/example_dags/example_params_trigger_ui.py took 0.085 seconds
[2024-02-27T11:15:41.040+0530] {processor.py:161} INFO - Started process (PID=3446) to work on /Users/anikbhowmick/Python/Big_Data_Assignment/A02/airflow_env/lib/python3.11/site-packages/airflow/example_dags/example_params_trigger_ui.py
[2024-02-27T11:15:41.040+0530] {processor.py:830} INFO - Processing file /Users/anikbhowmick/Python/Big_Data_Assignment/A02/airflow_env/lib/python3.11/site-packages/airflow/example_dags/example_params_trigger_ui.py for tasks to queue
[2024-02-27T11:15:41.040+0530] {logging_mixin.py:188} INFO - [2024-02-27T11:15:41.040+0530] {dagbag.py:540} INFO - Filling up the DagBag from /Users/anikbhowmick/Python/Big_Data_Assignment/A02/airflow_env/lib/python3.11/site-packages/airflow/example_dags/example_params_trigger_ui.py
[2024-02-27T11:15:41.074+0530] {processor.py:840} INFO - DAG(s) 'example_params_trigger_ui' retrieved from /Users/anikbhowmick/Python/Big_Data_Assignment/A02/airflow_env/lib/python3.11/site-packages/airflow/example_dags/example_params_trigger_ui.py
[2024-02-27T11:15:41.110+0530] {logging_mixin.py:188} INFO - [2024-02-27T11:15:41.109+0530] {dag.py:3047} INFO - Sync 1 DAGs
[2024-02-27T11:15:41.113+0530] {logging_mixin.py:188} INFO - [2024-02-27T11:15:41.113+0530] {dag.py:3834} INFO - Setting next_dagrun for example_params_trigger_ui to None, run_after=None
[2024-02-27T11:15:41.119+0530] {processor.py:183} INFO - Processing /Users/anikbhowmick/Python/Big_Data_Assignment/A02/airflow_env/lib/python3.11/site-packages/airflow/example_dags/example_params_trigger_ui.py took 0.080 seconds
[2024-02-27T11:17:26.890+0530] {processor.py:161} INFO - Started process (PID=3521) to work on /Users/anikbhowmick/Python/Big_Data_Assignment/A02/airflow_env/lib/python3.11/site-packages/airflow/example_dags/example_params_trigger_ui.py
[2024-02-27T11:17:26.890+0530] {processor.py:830} INFO - Processing file /Users/anikbhowmick/Python/Big_Data_Assignment/A02/airflow_env/lib/python3.11/site-packages/airflow/example_dags/example_params_trigger_ui.py for tasks to queue
[2024-02-27T11:17:26.890+0530] {logging_mixin.py:188} INFO - [2024-02-27T11:17:26.890+0530] {dagbag.py:540} INFO - Filling up the DagBag from /Users/anikbhowmick/Python/Big_Data_Assignment/A02/airflow_env/lib/python3.11/site-packages/airflow/example_dags/example_params_trigger_ui.py
[2024-02-27T11:17:26.924+0530] {processor.py:840} INFO - DAG(s) 'example_params_trigger_ui' retrieved from /Users/anikbhowmick/Python/Big_Data_Assignment/A02/airflow_env/lib/python3.11/site-packages/airflow/example_dags/example_params_trigger_ui.py
[2024-02-27T11:17:26.959+0530] {logging_mixin.py:188} INFO - [2024-02-27T11:17:26.959+0530] {dag.py:3047} INFO - Sync 1 DAGs
[2024-02-27T11:17:26.962+0530] {logging_mixin.py:188} INFO - [2024-02-27T11:17:26.962+0530] {dag.py:3834} INFO - Setting next_dagrun for example_params_trigger_ui to None, run_after=None
[2024-02-27T11:17:26.968+0530] {processor.py:183} INFO - Processing /Users/anikbhowmick/Python/Big_Data_Assignment/A02/airflow_env/lib/python3.11/site-packages/airflow/example_dags/example_params_trigger_ui.py took 0.079 seconds
[2024-02-27T11:20:30.777+0530] {processor.py:161} INFO - Started process (PID=3678) to work on /Users/anikbhowmick/Python/Big_Data_Assignment/A02/airflow_env/lib/python3.11/site-packages/airflow/example_dags/example_params_trigger_ui.py
[2024-02-27T11:20:30.777+0530] {processor.py:830} INFO - Processing file /Users/anikbhowmick/Python/Big_Data_Assignment/A02/airflow_env/lib/python3.11/site-packages/airflow/example_dags/example_params_trigger_ui.py for tasks to queue
[2024-02-27T11:20:30.778+0530] {logging_mixin.py:188} INFO - [2024-02-27T11:20:30.777+0530] {dagbag.py:540} INFO - Filling up the DagBag from /Users/anikbhowmick/Python/Big_Data_Assignment/A02/airflow_env/lib/python3.11/site-packages/airflow/example_dags/example_params_trigger_ui.py
[2024-02-27T11:20:30.813+0530] {processor.py:840} INFO - DAG(s) 'example_params_trigger_ui' retrieved from /Users/anikbhowmick/Python/Big_Data_Assignment/A02/airflow_env/lib/python3.11/site-packages/airflow/example_dags/example_params_trigger_ui.py
[2024-02-27T11:20:30.859+0530] {logging_mixin.py:188} INFO - [2024-02-27T11:20:30.858+0530] {dag.py:3047} INFO - Sync 1 DAGs
[2024-02-27T11:20:30.879+0530] {logging_mixin.py:188} INFO - [2024-02-27T11:20:30.878+0530] {dag.py:3834} INFO - Setting next_dagrun for example_params_trigger_ui to None, run_after=None
[2024-02-27T11:20:30.888+0530] {processor.py:183} INFO - Processing /Users/anikbhowmick/Python/Big_Data_Assignment/A02/airflow_env/lib/python3.11/site-packages/airflow/example_dags/example_params_trigger_ui.py took 0.111 seconds
[2024-02-27T11:22:53.605+0530] {processor.py:161} INFO - Started process (PID=3806) to work on /Users/anikbhowmick/Python/Big_Data_Assignment/A02/airflow_env/lib/python3.11/site-packages/airflow/example_dags/example_params_trigger_ui.py
[2024-02-27T11:22:53.606+0530] {processor.py:830} INFO - Processing file /Users/anikbhowmick/Python/Big_Data_Assignment/A02/airflow_env/lib/python3.11/site-packages/airflow/example_dags/example_params_trigger_ui.py for tasks to queue
[2024-02-27T11:22:53.606+0530] {logging_mixin.py:188} INFO - [2024-02-27T11:22:53.606+0530] {dagbag.py:540} INFO - Filling up the DagBag from /Users/anikbhowmick/Python/Big_Data_Assignment/A02/airflow_env/lib/python3.11/site-packages/airflow/example_dags/example_params_trigger_ui.py
[2024-02-27T11:22:53.639+0530] {processor.py:840} INFO - DAG(s) 'example_params_trigger_ui' retrieved from /Users/anikbhowmick/Python/Big_Data_Assignment/A02/airflow_env/lib/python3.11/site-packages/airflow/example_dags/example_params_trigger_ui.py
[2024-02-27T11:22:53.673+0530] {logging_mixin.py:188} INFO - [2024-02-27T11:22:53.673+0530] {dag.py:3047} INFO - Sync 1 DAGs
[2024-02-27T11:22:53.676+0530] {logging_mixin.py:188} INFO - [2024-02-27T11:22:53.676+0530] {dag.py:3834} INFO - Setting next_dagrun for example_params_trigger_ui to None, run_after=None
[2024-02-27T11:22:53.682+0530] {processor.py:183} INFO - Processing /Users/anikbhowmick/Python/Big_Data_Assignment/A02/airflow_env/lib/python3.11/site-packages/airflow/example_dags/example_params_trigger_ui.py took 0.077 seconds
[2024-02-27T11:24:44.080+0530] {processor.py:161} INFO - Started process (PID=3924) to work on /Users/anikbhowmick/Python/Big_Data_Assignment/A02/airflow_env/lib/python3.11/site-packages/airflow/example_dags/example_params_trigger_ui.py
[2024-02-27T11:24:44.081+0530] {processor.py:830} INFO - Processing file /Users/anikbhowmick/Python/Big_Data_Assignment/A02/airflow_env/lib/python3.11/site-packages/airflow/example_dags/example_params_trigger_ui.py for tasks to queue
[2024-02-27T11:24:44.082+0530] {logging_mixin.py:188} INFO - [2024-02-27T11:24:44.082+0530] {dagbag.py:540} INFO - Filling up the DagBag from /Users/anikbhowmick/Python/Big_Data_Assignment/A02/airflow_env/lib/python3.11/site-packages/airflow/example_dags/example_params_trigger_ui.py
[2024-02-27T11:24:44.114+0530] {processor.py:840} INFO - DAG(s) 'example_params_trigger_ui' retrieved from /Users/anikbhowmick/Python/Big_Data_Assignment/A02/airflow_env/lib/python3.11/site-packages/airflow/example_dags/example_params_trigger_ui.py
[2024-02-27T11:24:44.149+0530] {logging_mixin.py:188} INFO - [2024-02-27T11:24:44.148+0530] {dag.py:3047} INFO - Sync 1 DAGs
[2024-02-27T11:24:44.152+0530] {logging_mixin.py:188} INFO - [2024-02-27T11:24:44.152+0530] {dag.py:3834} INFO - Setting next_dagrun for example_params_trigger_ui to None, run_after=None
[2024-02-27T11:24:44.158+0530] {processor.py:183} INFO - Processing /Users/anikbhowmick/Python/Big_Data_Assignment/A02/airflow_env/lib/python3.11/site-packages/airflow/example_dags/example_params_trigger_ui.py took 0.078 seconds
[2024-02-27T11:26:08.086+0530] {processor.py:161} INFO - Started process (PID=3980) to work on /Users/anikbhowmick/Python/Big_Data_Assignment/A02/airflow_env/lib/python3.11/site-packages/airflow/example_dags/example_params_trigger_ui.py
[2024-02-27T11:26:08.086+0530] {processor.py:830} INFO - Processing file /Users/anikbhowmick/Python/Big_Data_Assignment/A02/airflow_env/lib/python3.11/site-packages/airflow/example_dags/example_params_trigger_ui.py for tasks to queue
[2024-02-27T11:26:08.087+0530] {logging_mixin.py:188} INFO - [2024-02-27T11:26:08.086+0530] {dagbag.py:540} INFO - Filling up the DagBag from /Users/anikbhowmick/Python/Big_Data_Assignment/A02/airflow_env/lib/python3.11/site-packages/airflow/example_dags/example_params_trigger_ui.py
[2024-02-27T11:26:08.120+0530] {processor.py:840} INFO - DAG(s) 'example_params_trigger_ui' retrieved from /Users/anikbhowmick/Python/Big_Data_Assignment/A02/airflow_env/lib/python3.11/site-packages/airflow/example_dags/example_params_trigger_ui.py
[2024-02-27T11:26:08.156+0530] {logging_mixin.py:188} INFO - [2024-02-27T11:26:08.156+0530] {dag.py:3047} INFO - Sync 1 DAGs
[2024-02-27T11:26:08.159+0530] {logging_mixin.py:188} INFO - [2024-02-27T11:26:08.159+0530] {dag.py:3834} INFO - Setting next_dagrun for example_params_trigger_ui to None, run_after=None
[2024-02-27T11:26:08.165+0530] {processor.py:183} INFO - Processing /Users/anikbhowmick/Python/Big_Data_Assignment/A02/airflow_env/lib/python3.11/site-packages/airflow/example_dags/example_params_trigger_ui.py took 0.080 seconds
[2024-02-27T11:28:37.371+0530] {processor.py:161} INFO - Started process (PID=4133) to work on /Users/anikbhowmick/Python/Big_Data_Assignment/A02/airflow_env/lib/python3.11/site-packages/airflow/example_dags/example_params_trigger_ui.py
[2024-02-27T11:28:37.372+0530] {processor.py:830} INFO - Processing file /Users/anikbhowmick/Python/Big_Data_Assignment/A02/airflow_env/lib/python3.11/site-packages/airflow/example_dags/example_params_trigger_ui.py for tasks to queue
[2024-02-27T11:28:37.373+0530] {logging_mixin.py:188} INFO - [2024-02-27T11:28:37.372+0530] {dagbag.py:540} INFO - Filling up the DagBag from /Users/anikbhowmick/Python/Big_Data_Assignment/A02/airflow_env/lib/python3.11/site-packages/airflow/example_dags/example_params_trigger_ui.py
[2024-02-27T11:28:37.408+0530] {processor.py:840} INFO - DAG(s) 'example_params_trigger_ui' retrieved from /Users/anikbhowmick/Python/Big_Data_Assignment/A02/airflow_env/lib/python3.11/site-packages/airflow/example_dags/example_params_trigger_ui.py
[2024-02-27T11:28:37.443+0530] {logging_mixin.py:188} INFO - [2024-02-27T11:28:37.443+0530] {dag.py:3047} INFO - Sync 1 DAGs
[2024-02-27T11:28:37.446+0530] {logging_mixin.py:188} INFO - [2024-02-27T11:28:37.446+0530] {dag.py:3834} INFO - Setting next_dagrun for example_params_trigger_ui to None, run_after=None
[2024-02-27T11:28:37.453+0530] {processor.py:183} INFO - Processing /Users/anikbhowmick/Python/Big_Data_Assignment/A02/airflow_env/lib/python3.11/site-packages/airflow/example_dags/example_params_trigger_ui.py took 0.082 seconds
[2024-02-27T11:30:03.012+0530] {processor.py:161} INFO - Started process (PID=4209) to work on /Users/anikbhowmick/Python/Big_Data_Assignment/A02/airflow_env/lib/python3.11/site-packages/airflow/example_dags/example_params_trigger_ui.py
[2024-02-27T11:30:03.013+0530] {processor.py:830} INFO - Processing file /Users/anikbhowmick/Python/Big_Data_Assignment/A02/airflow_env/lib/python3.11/site-packages/airflow/example_dags/example_params_trigger_ui.py for tasks to queue
[2024-02-27T11:30:03.014+0530] {logging_mixin.py:188} INFO - [2024-02-27T11:30:03.014+0530] {dagbag.py:540} INFO - Filling up the DagBag from /Users/anikbhowmick/Python/Big_Data_Assignment/A02/airflow_env/lib/python3.11/site-packages/airflow/example_dags/example_params_trigger_ui.py
[2024-02-27T11:30:03.046+0530] {processor.py:840} INFO - DAG(s) 'example_params_trigger_ui' retrieved from /Users/anikbhowmick/Python/Big_Data_Assignment/A02/airflow_env/lib/python3.11/site-packages/airflow/example_dags/example_params_trigger_ui.py
[2024-02-27T11:30:03.081+0530] {logging_mixin.py:188} INFO - [2024-02-27T11:30:03.081+0530] {dag.py:3047} INFO - Sync 1 DAGs
[2024-02-27T11:30:03.084+0530] {logging_mixin.py:188} INFO - [2024-02-27T11:30:03.084+0530] {dag.py:3834} INFO - Setting next_dagrun for example_params_trigger_ui to None, run_after=None
[2024-02-27T11:30:03.090+0530] {processor.py:183} INFO - Processing /Users/anikbhowmick/Python/Big_Data_Assignment/A02/airflow_env/lib/python3.11/site-packages/airflow/example_dags/example_params_trigger_ui.py took 0.078 seconds
[2024-02-27T11:31:47.081+0530] {processor.py:161} INFO - Started process (PID=4279) to work on /Users/anikbhowmick/Python/Big_Data_Assignment/A02/airflow_env/lib/python3.11/site-packages/airflow/example_dags/example_params_trigger_ui.py
[2024-02-27T11:31:47.082+0530] {processor.py:830} INFO - Processing file /Users/anikbhowmick/Python/Big_Data_Assignment/A02/airflow_env/lib/python3.11/site-packages/airflow/example_dags/example_params_trigger_ui.py for tasks to queue
[2024-02-27T11:31:47.082+0530] {logging_mixin.py:188} INFO - [2024-02-27T11:31:47.082+0530] {dagbag.py:540} INFO - Filling up the DagBag from /Users/anikbhowmick/Python/Big_Data_Assignment/A02/airflow_env/lib/python3.11/site-packages/airflow/example_dags/example_params_trigger_ui.py
[2024-02-27T11:31:47.114+0530] {processor.py:840} INFO - DAG(s) 'example_params_trigger_ui' retrieved from /Users/anikbhowmick/Python/Big_Data_Assignment/A02/airflow_env/lib/python3.11/site-packages/airflow/example_dags/example_params_trigger_ui.py
[2024-02-27T11:31:47.148+0530] {logging_mixin.py:188} INFO - [2024-02-27T11:31:47.148+0530] {dag.py:3047} INFO - Sync 1 DAGs
[2024-02-27T11:31:47.152+0530] {logging_mixin.py:188} INFO - [2024-02-27T11:31:47.151+0530] {dag.py:3834} INFO - Setting next_dagrun for example_params_trigger_ui to None, run_after=None
[2024-02-27T11:31:47.158+0530] {processor.py:183} INFO - Processing /Users/anikbhowmick/Python/Big_Data_Assignment/A02/airflow_env/lib/python3.11/site-packages/airflow/example_dags/example_params_trigger_ui.py took 0.077 seconds
[2024-02-27T11:34:19.453+0530] {processor.py:161} INFO - Started process (PID=4441) to work on /Users/anikbhowmick/Python/Big_Data_Assignment/A02/airflow_env/lib/python3.11/site-packages/airflow/example_dags/example_params_trigger_ui.py
[2024-02-27T11:34:19.453+0530] {processor.py:830} INFO - Processing file /Users/anikbhowmick/Python/Big_Data_Assignment/A02/airflow_env/lib/python3.11/site-packages/airflow/example_dags/example_params_trigger_ui.py for tasks to queue
[2024-02-27T11:34:19.453+0530] {logging_mixin.py:188} INFO - [2024-02-27T11:34:19.453+0530] {dagbag.py:540} INFO - Filling up the DagBag from /Users/anikbhowmick/Python/Big_Data_Assignment/A02/airflow_env/lib/python3.11/site-packages/airflow/example_dags/example_params_trigger_ui.py
[2024-02-27T11:34:19.487+0530] {processor.py:840} INFO - DAG(s) 'example_params_trigger_ui' retrieved from /Users/anikbhowmick/Python/Big_Data_Assignment/A02/airflow_env/lib/python3.11/site-packages/airflow/example_dags/example_params_trigger_ui.py
[2024-02-27T11:34:19.523+0530] {logging_mixin.py:188} INFO - [2024-02-27T11:34:19.523+0530] {dag.py:3047} INFO - Sync 1 DAGs
[2024-02-27T11:34:19.526+0530] {logging_mixin.py:188} INFO - [2024-02-27T11:34:19.526+0530] {dag.py:3834} INFO - Setting next_dagrun for example_params_trigger_ui to None, run_after=None
[2024-02-27T11:34:19.533+0530] {processor.py:183} INFO - Processing /Users/anikbhowmick/Python/Big_Data_Assignment/A02/airflow_env/lib/python3.11/site-packages/airflow/example_dags/example_params_trigger_ui.py took 0.081 seconds
[2024-02-27T11:35:40.738+0530] {processor.py:161} INFO - Started process (PID=4497) to work on /Users/anikbhowmick/Python/Big_Data_Assignment/A02/airflow_env/lib/python3.11/site-packages/airflow/example_dags/example_params_trigger_ui.py
[2024-02-27T11:35:40.739+0530] {processor.py:830} INFO - Processing file /Users/anikbhowmick/Python/Big_Data_Assignment/A02/airflow_env/lib/python3.11/site-packages/airflow/example_dags/example_params_trigger_ui.py for tasks to queue
[2024-02-27T11:35:40.740+0530] {logging_mixin.py:188} INFO - [2024-02-27T11:35:40.740+0530] {dagbag.py:540} INFO - Filling up the DagBag from /Users/anikbhowmick/Python/Big_Data_Assignment/A02/airflow_env/lib/python3.11/site-packages/airflow/example_dags/example_params_trigger_ui.py
[2024-02-27T11:35:40.774+0530] {processor.py:840} INFO - DAG(s) 'example_params_trigger_ui' retrieved from /Users/anikbhowmick/Python/Big_Data_Assignment/A02/airflow_env/lib/python3.11/site-packages/airflow/example_dags/example_params_trigger_ui.py
[2024-02-27T11:35:40.808+0530] {logging_mixin.py:188} INFO - [2024-02-27T11:35:40.808+0530] {dag.py:3047} INFO - Sync 1 DAGs
[2024-02-27T11:35:40.811+0530] {logging_mixin.py:188} INFO - [2024-02-27T11:35:40.811+0530] {dag.py:3834} INFO - Setting next_dagrun for example_params_trigger_ui to None, run_after=None
[2024-02-27T11:35:40.818+0530] {processor.py:183} INFO - Processing /Users/anikbhowmick/Python/Big_Data_Assignment/A02/airflow_env/lib/python3.11/site-packages/airflow/example_dags/example_params_trigger_ui.py took 0.080 seconds
[2024-02-27T11:39:43.649+0530] {processor.py:161} INFO - Started process (PID=4637) to work on /Users/anikbhowmick/Python/Big_Data_Assignment/A02/airflow_env/lib/python3.11/site-packages/airflow/example_dags/example_params_trigger_ui.py
[2024-02-27T11:39:43.650+0530] {processor.py:830} INFO - Processing file /Users/anikbhowmick/Python/Big_Data_Assignment/A02/airflow_env/lib/python3.11/site-packages/airflow/example_dags/example_params_trigger_ui.py for tasks to queue
[2024-02-27T11:39:43.650+0530] {logging_mixin.py:188} INFO - [2024-02-27T11:39:43.650+0530] {dagbag.py:540} INFO - Filling up the DagBag from /Users/anikbhowmick/Python/Big_Data_Assignment/A02/airflow_env/lib/python3.11/site-packages/airflow/example_dags/example_params_trigger_ui.py
[2024-02-27T11:39:43.682+0530] {processor.py:840} INFO - DAG(s) 'example_params_trigger_ui' retrieved from /Users/anikbhowmick/Python/Big_Data_Assignment/A02/airflow_env/lib/python3.11/site-packages/airflow/example_dags/example_params_trigger_ui.py
[2024-02-27T11:39:43.716+0530] {logging_mixin.py:188} INFO - [2024-02-27T11:39:43.716+0530] {dag.py:3047} INFO - Sync 1 DAGs
[2024-02-27T11:39:43.720+0530] {logging_mixin.py:188} INFO - [2024-02-27T11:39:43.720+0530] {dag.py:3834} INFO - Setting next_dagrun for example_params_trigger_ui to None, run_after=None
[2024-02-27T11:39:43.726+0530] {processor.py:183} INFO - Processing /Users/anikbhowmick/Python/Big_Data_Assignment/A02/airflow_env/lib/python3.11/site-packages/airflow/example_dags/example_params_trigger_ui.py took 0.077 seconds
[2024-02-27T11:41:16.475+0530] {processor.py:161} INFO - Started process (PID=4720) to work on /Users/anikbhowmick/Python/Big_Data_Assignment/A02/airflow_env/lib/python3.11/site-packages/airflow/example_dags/example_params_trigger_ui.py
[2024-02-27T11:41:16.476+0530] {processor.py:830} INFO - Processing file /Users/anikbhowmick/Python/Big_Data_Assignment/A02/airflow_env/lib/python3.11/site-packages/airflow/example_dags/example_params_trigger_ui.py for tasks to queue
[2024-02-27T11:41:16.476+0530] {logging_mixin.py:188} INFO - [2024-02-27T11:41:16.476+0530] {dagbag.py:540} INFO - Filling up the DagBag from /Users/anikbhowmick/Python/Big_Data_Assignment/A02/airflow_env/lib/python3.11/site-packages/airflow/example_dags/example_params_trigger_ui.py
[2024-02-27T11:41:16.508+0530] {processor.py:840} INFO - DAG(s) 'example_params_trigger_ui' retrieved from /Users/anikbhowmick/Python/Big_Data_Assignment/A02/airflow_env/lib/python3.11/site-packages/airflow/example_dags/example_params_trigger_ui.py
[2024-02-27T11:41:16.543+0530] {logging_mixin.py:188} INFO - [2024-02-27T11:41:16.543+0530] {dag.py:3047} INFO - Sync 1 DAGs
[2024-02-27T11:41:16.546+0530] {logging_mixin.py:188} INFO - [2024-02-27T11:41:16.546+0530] {dag.py:3834} INFO - Setting next_dagrun for example_params_trigger_ui to None, run_after=None
[2024-02-27T11:41:16.552+0530] {processor.py:183} INFO - Processing /Users/anikbhowmick/Python/Big_Data_Assignment/A02/airflow_env/lib/python3.11/site-packages/airflow/example_dags/example_params_trigger_ui.py took 0.077 seconds
