[2024-02-27T10:46:02.519+0530] {processor.py:161} INFO - Started process (PID=1564) to work on /Users/anikbhowmick/Python/Big_Data_Assignment/A02/airflow_env/lib/python3.11/site-packages/airflow/example_dags/example_task_group.py
[2024-02-27T10:46:02.519+0530] {processor.py:830} INFO - Processing file /Users/anikbhowmick/Python/Big_Data_Assignment/A02/airflow_env/lib/python3.11/site-packages/airflow/example_dags/example_task_group.py for tasks to queue
[2024-02-27T10:46:02.519+0530] {logging_mixin.py:188} INFO - [2024-02-27T10:46:02.519+0530] {dagbag.py:540} INFO - Filling up the DagBag from /Users/anikbhowmick/Python/Big_Data_Assignment/A02/airflow_env/lib/python3.11/site-packages/airflow/example_dags/example_task_group.py
[2024-02-27T10:46:02.522+0530] {processor.py:840} INFO - DAG(s) 'example_task_group' retrieved from /Users/anikbhowmick/Python/Big_Data_Assignment/A02/airflow_env/lib/python3.11/site-packages/airflow/example_dags/example_task_group.py
[2024-02-27T10:46:02.573+0530] {logging_mixin.py:188} INFO - [2024-02-27T10:46:02.573+0530] {dag.py:3047} INFO - Sync 1 DAGs
[2024-02-27T10:46:02.578+0530] {logging_mixin.py:188} INFO - [2024-02-27T10:46:02.578+0530] {dag.py:3834} INFO - Setting next_dagrun for example_task_group to 2024-02-26 00:00:00+00:00, run_after=2024-02-27 00:00:00+00:00
[2024-02-27T10:46:02.584+0530] {processor.py:183} INFO - Processing /Users/anikbhowmick/Python/Big_Data_Assignment/A02/airflow_env/lib/python3.11/site-packages/airflow/example_dags/example_task_group.py took 0.066 seconds
[2024-02-27T10:47:34.970+0530] {processor.py:161} INFO - Started process (PID=1667) to work on /Users/anikbhowmick/Python/Big_Data_Assignment/A02/airflow_env/lib/python3.11/site-packages/airflow/example_dags/example_task_group.py
[2024-02-27T10:47:34.971+0530] {processor.py:830} INFO - Processing file /Users/anikbhowmick/Python/Big_Data_Assignment/A02/airflow_env/lib/python3.11/site-packages/airflow/example_dags/example_task_group.py for tasks to queue
[2024-02-27T10:47:34.971+0530] {logging_mixin.py:188} INFO - [2024-02-27T10:47:34.971+0530] {dagbag.py:540} INFO - Filling up the DagBag from /Users/anikbhowmick/Python/Big_Data_Assignment/A02/airflow_env/lib/python3.11/site-packages/airflow/example_dags/example_task_group.py
[2024-02-27T10:47:34.974+0530] {processor.py:840} INFO - DAG(s) 'example_task_group' retrieved from /Users/anikbhowmick/Python/Big_Data_Assignment/A02/airflow_env/lib/python3.11/site-packages/airflow/example_dags/example_task_group.py
[2024-02-27T10:47:35.026+0530] {logging_mixin.py:188} INFO - [2024-02-27T10:47:35.026+0530] {dag.py:3047} INFO - Sync 1 DAGs
[2024-02-27T10:47:35.032+0530] {logging_mixin.py:188} INFO - [2024-02-27T10:47:35.031+0530] {dag.py:3834} INFO - Setting next_dagrun for example_task_group to 2024-02-26 00:00:00+00:00, run_after=2024-02-27 00:00:00+00:00
[2024-02-27T10:47:35.038+0530] {processor.py:183} INFO - Processing /Users/anikbhowmick/Python/Big_Data_Assignment/A02/airflow_env/lib/python3.11/site-packages/airflow/example_dags/example_task_group.py took 0.068 seconds
[2024-02-27T10:49:33.384+0530] {processor.py:161} INFO - Started process (PID=1760) to work on /Users/anikbhowmick/Python/Big_Data_Assignment/A02/airflow_env/lib/python3.11/site-packages/airflow/example_dags/example_task_group.py
[2024-02-27T10:49:33.385+0530] {processor.py:830} INFO - Processing file /Users/anikbhowmick/Python/Big_Data_Assignment/A02/airflow_env/lib/python3.11/site-packages/airflow/example_dags/example_task_group.py for tasks to queue
[2024-02-27T10:49:33.386+0530] {logging_mixin.py:188} INFO - [2024-02-27T10:49:33.386+0530] {dagbag.py:540} INFO - Filling up the DagBag from /Users/anikbhowmick/Python/Big_Data_Assignment/A02/airflow_env/lib/python3.11/site-packages/airflow/example_dags/example_task_group.py
[2024-02-27T10:49:33.389+0530] {processor.py:840} INFO - DAG(s) 'example_task_group' retrieved from /Users/anikbhowmick/Python/Big_Data_Assignment/A02/airflow_env/lib/python3.11/site-packages/airflow/example_dags/example_task_group.py
[2024-02-27T10:49:33.445+0530] {logging_mixin.py:188} INFO - [2024-02-27T10:49:33.445+0530] {dag.py:3047} INFO - Sync 1 DAGs
[2024-02-27T10:49:33.450+0530] {logging_mixin.py:188} INFO - [2024-02-27T10:49:33.450+0530] {dag.py:3834} INFO - Setting next_dagrun for example_task_group to 2024-02-26 00:00:00+00:00, run_after=2024-02-27 00:00:00+00:00
[2024-02-27T10:49:33.456+0530] {processor.py:183} INFO - Processing /Users/anikbhowmick/Python/Big_Data_Assignment/A02/airflow_env/lib/python3.11/site-packages/airflow/example_dags/example_task_group.py took 0.073 seconds
[2024-02-27T10:52:44.326+0530] {processor.py:161} INFO - Started process (PID=1977) to work on /Users/anikbhowmick/Python/Big_Data_Assignment/A02/airflow_env/lib/python3.11/site-packages/airflow/example_dags/example_task_group.py
[2024-02-27T10:52:44.327+0530] {processor.py:830} INFO - Processing file /Users/anikbhowmick/Python/Big_Data_Assignment/A02/airflow_env/lib/python3.11/site-packages/airflow/example_dags/example_task_group.py for tasks to queue
[2024-02-27T10:52:44.327+0530] {logging_mixin.py:188} INFO - [2024-02-27T10:52:44.327+0530] {dagbag.py:540} INFO - Filling up the DagBag from /Users/anikbhowmick/Python/Big_Data_Assignment/A02/airflow_env/lib/python3.11/site-packages/airflow/example_dags/example_task_group.py
[2024-02-27T10:52:44.330+0530] {processor.py:840} INFO - DAG(s) 'example_task_group' retrieved from /Users/anikbhowmick/Python/Big_Data_Assignment/A02/airflow_env/lib/python3.11/site-packages/airflow/example_dags/example_task_group.py
[2024-02-27T10:52:44.380+0530] {logging_mixin.py:188} INFO - [2024-02-27T10:52:44.380+0530] {dag.py:3047} INFO - Sync 1 DAGs
[2024-02-27T10:52:44.385+0530] {logging_mixin.py:188} INFO - [2024-02-27T10:52:44.385+0530] {dag.py:3834} INFO - Setting next_dagrun for example_task_group to 2024-02-26 00:00:00+00:00, run_after=2024-02-27 00:00:00+00:00
[2024-02-27T10:52:44.391+0530] {processor.py:183} INFO - Processing /Users/anikbhowmick/Python/Big_Data_Assignment/A02/airflow_env/lib/python3.11/site-packages/airflow/example_dags/example_task_group.py took 0.066 seconds
[2024-02-27T10:54:05.282+0530] {processor.py:161} INFO - Started process (PID=2065) to work on /Users/anikbhowmick/Python/Big_Data_Assignment/A02/airflow_env/lib/python3.11/site-packages/airflow/example_dags/example_task_group.py
[2024-02-27T10:54:05.283+0530] {processor.py:830} INFO - Processing file /Users/anikbhowmick/Python/Big_Data_Assignment/A02/airflow_env/lib/python3.11/site-packages/airflow/example_dags/example_task_group.py for tasks to queue
[2024-02-27T10:54:05.283+0530] {logging_mixin.py:188} INFO - [2024-02-27T10:54:05.283+0530] {dagbag.py:540} INFO - Filling up the DagBag from /Users/anikbhowmick/Python/Big_Data_Assignment/A02/airflow_env/lib/python3.11/site-packages/airflow/example_dags/example_task_group.py
[2024-02-27T10:54:05.286+0530] {processor.py:840} INFO - DAG(s) 'example_task_group' retrieved from /Users/anikbhowmick/Python/Big_Data_Assignment/A02/airflow_env/lib/python3.11/site-packages/airflow/example_dags/example_task_group.py
[2024-02-27T10:54:05.336+0530] {logging_mixin.py:188} INFO - [2024-02-27T10:54:05.336+0530] {dag.py:3047} INFO - Sync 1 DAGs
[2024-02-27T10:54:05.341+0530] {logging_mixin.py:188} INFO - [2024-02-27T10:54:05.341+0530] {dag.py:3834} INFO - Setting next_dagrun for example_task_group to 2024-02-26 00:00:00+00:00, run_after=2024-02-27 00:00:00+00:00
[2024-02-27T10:54:05.348+0530] {processor.py:183} INFO - Processing /Users/anikbhowmick/Python/Big_Data_Assignment/A02/airflow_env/lib/python3.11/site-packages/airflow/example_dags/example_task_group.py took 0.066 seconds
[2024-02-27T10:55:38.858+0530] {processor.py:161} INFO - Started process (PID=2205) to work on /Users/anikbhowmick/Python/Big_Data_Assignment/A02/airflow_env/lib/python3.11/site-packages/airflow/example_dags/example_task_group.py
[2024-02-27T10:55:38.859+0530] {processor.py:830} INFO - Processing file /Users/anikbhowmick/Python/Big_Data_Assignment/A02/airflow_env/lib/python3.11/site-packages/airflow/example_dags/example_task_group.py for tasks to queue
[2024-02-27T10:55:38.859+0530] {logging_mixin.py:188} INFO - [2024-02-27T10:55:38.859+0530] {dagbag.py:540} INFO - Filling up the DagBag from /Users/anikbhowmick/Python/Big_Data_Assignment/A02/airflow_env/lib/python3.11/site-packages/airflow/example_dags/example_task_group.py
[2024-02-27T10:55:38.862+0530] {processor.py:840} INFO - DAG(s) 'example_task_group' retrieved from /Users/anikbhowmick/Python/Big_Data_Assignment/A02/airflow_env/lib/python3.11/site-packages/airflow/example_dags/example_task_group.py
[2024-02-27T10:55:38.914+0530] {logging_mixin.py:188} INFO - [2024-02-27T10:55:38.914+0530] {dag.py:3047} INFO - Sync 1 DAGs
[2024-02-27T10:55:38.919+0530] {logging_mixin.py:188} INFO - [2024-02-27T10:55:38.919+0530] {dag.py:3834} INFO - Setting next_dagrun for example_task_group to 2024-02-26 00:00:00+00:00, run_after=2024-02-27 00:00:00+00:00
[2024-02-27T10:55:38.925+0530] {processor.py:183} INFO - Processing /Users/anikbhowmick/Python/Big_Data_Assignment/A02/airflow_env/lib/python3.11/site-packages/airflow/example_dags/example_task_group.py took 0.067 seconds
[2024-02-27T10:57:32.686+0530] {processor.py:161} INFO - Started process (PID=2350) to work on /Users/anikbhowmick/Python/Big_Data_Assignment/A02/airflow_env/lib/python3.11/site-packages/airflow/example_dags/example_task_group.py
[2024-02-27T10:57:32.687+0530] {processor.py:830} INFO - Processing file /Users/anikbhowmick/Python/Big_Data_Assignment/A02/airflow_env/lib/python3.11/site-packages/airflow/example_dags/example_task_group.py for tasks to queue
[2024-02-27T10:57:32.687+0530] {logging_mixin.py:188} INFO - [2024-02-27T10:57:32.687+0530] {dagbag.py:540} INFO - Filling up the DagBag from /Users/anikbhowmick/Python/Big_Data_Assignment/A02/airflow_env/lib/python3.11/site-packages/airflow/example_dags/example_task_group.py
[2024-02-27T10:57:32.690+0530] {processor.py:840} INFO - DAG(s) 'example_task_group' retrieved from /Users/anikbhowmick/Python/Big_Data_Assignment/A02/airflow_env/lib/python3.11/site-packages/airflow/example_dags/example_task_group.py
[2024-02-27T10:57:32.741+0530] {logging_mixin.py:188} INFO - [2024-02-27T10:57:32.741+0530] {dag.py:3047} INFO - Sync 1 DAGs
[2024-02-27T10:57:32.746+0530] {logging_mixin.py:188} INFO - [2024-02-27T10:57:32.746+0530] {dag.py:3834} INFO - Setting next_dagrun for example_task_group to 2024-02-26 00:00:00+00:00, run_after=2024-02-27 00:00:00+00:00
[2024-02-27T10:57:32.753+0530] {processor.py:183} INFO - Processing /Users/anikbhowmick/Python/Big_Data_Assignment/A02/airflow_env/lib/python3.11/site-packages/airflow/example_dags/example_task_group.py took 0.067 seconds
[2024-02-27T10:58:57.743+0530] {processor.py:161} INFO - Started process (PID=2446) to work on /Users/anikbhowmick/Python/Big_Data_Assignment/A02/airflow_env/lib/python3.11/site-packages/airflow/example_dags/example_task_group.py
[2024-02-27T10:58:57.744+0530] {processor.py:830} INFO - Processing file /Users/anikbhowmick/Python/Big_Data_Assignment/A02/airflow_env/lib/python3.11/site-packages/airflow/example_dags/example_task_group.py for tasks to queue
[2024-02-27T10:58:57.745+0530] {logging_mixin.py:188} INFO - [2024-02-27T10:58:57.745+0530] {dagbag.py:540} INFO - Filling up the DagBag from /Users/anikbhowmick/Python/Big_Data_Assignment/A02/airflow_env/lib/python3.11/site-packages/airflow/example_dags/example_task_group.py
[2024-02-27T10:58:57.748+0530] {processor.py:840} INFO - DAG(s) 'example_task_group' retrieved from /Users/anikbhowmick/Python/Big_Data_Assignment/A02/airflow_env/lib/python3.11/site-packages/airflow/example_dags/example_task_group.py
[2024-02-27T10:58:57.797+0530] {logging_mixin.py:188} INFO - [2024-02-27T10:58:57.797+0530] {dag.py:3047} INFO - Sync 1 DAGs
[2024-02-27T10:58:57.802+0530] {logging_mixin.py:188} INFO - [2024-02-27T10:58:57.802+0530] {dag.py:3834} INFO - Setting next_dagrun for example_task_group to 2024-02-26 00:00:00+00:00, run_after=2024-02-27 00:00:00+00:00
[2024-02-27T10:58:57.808+0530] {processor.py:183} INFO - Processing /Users/anikbhowmick/Python/Big_Data_Assignment/A02/airflow_env/lib/python3.11/site-packages/airflow/example_dags/example_task_group.py took 0.065 seconds
[2024-02-27T11:01:52.286+0530] {processor.py:161} INFO - Started process (PID=2672) to work on /Users/anikbhowmick/Python/Big_Data_Assignment/A02/airflow_env/lib/python3.11/site-packages/airflow/example_dags/example_task_group.py
[2024-02-27T11:01:52.287+0530] {processor.py:830} INFO - Processing file /Users/anikbhowmick/Python/Big_Data_Assignment/A02/airflow_env/lib/python3.11/site-packages/airflow/example_dags/example_task_group.py for tasks to queue
[2024-02-27T11:01:52.287+0530] {logging_mixin.py:188} INFO - [2024-02-27T11:01:52.287+0530] {dagbag.py:540} INFO - Filling up the DagBag from /Users/anikbhowmick/Python/Big_Data_Assignment/A02/airflow_env/lib/python3.11/site-packages/airflow/example_dags/example_task_group.py
[2024-02-27T11:01:52.290+0530] {processor.py:840} INFO - DAG(s) 'example_task_group' retrieved from /Users/anikbhowmick/Python/Big_Data_Assignment/A02/airflow_env/lib/python3.11/site-packages/airflow/example_dags/example_task_group.py
[2024-02-27T11:01:52.341+0530] {logging_mixin.py:188} INFO - [2024-02-27T11:01:52.341+0530] {dag.py:3047} INFO - Sync 1 DAGs
[2024-02-27T11:01:52.346+0530] {logging_mixin.py:188} INFO - [2024-02-27T11:01:52.346+0530] {dag.py:3834} INFO - Setting next_dagrun for example_task_group to 2024-02-26 00:00:00+00:00, run_after=2024-02-27 00:00:00+00:00
[2024-02-27T11:01:52.352+0530] {processor.py:183} INFO - Processing /Users/anikbhowmick/Python/Big_Data_Assignment/A02/airflow_env/lib/python3.11/site-packages/airflow/example_dags/example_task_group.py took 0.067 seconds
[2024-02-27T11:03:11.284+0530] {processor.py:161} INFO - Started process (PID=2761) to work on /Users/anikbhowmick/Python/Big_Data_Assignment/A02/airflow_env/lib/python3.11/site-packages/airflow/example_dags/example_task_group.py
[2024-02-27T11:03:11.284+0530] {processor.py:830} INFO - Processing file /Users/anikbhowmick/Python/Big_Data_Assignment/A02/airflow_env/lib/python3.11/site-packages/airflow/example_dags/example_task_group.py for tasks to queue
[2024-02-27T11:03:11.284+0530] {logging_mixin.py:188} INFO - [2024-02-27T11:03:11.284+0530] {dagbag.py:540} INFO - Filling up the DagBag from /Users/anikbhowmick/Python/Big_Data_Assignment/A02/airflow_env/lib/python3.11/site-packages/airflow/example_dags/example_task_group.py
[2024-02-27T11:03:11.288+0530] {processor.py:840} INFO - DAG(s) 'example_task_group' retrieved from /Users/anikbhowmick/Python/Big_Data_Assignment/A02/airflow_env/lib/python3.11/site-packages/airflow/example_dags/example_task_group.py
[2024-02-27T11:03:11.339+0530] {logging_mixin.py:188} INFO - [2024-02-27T11:03:11.339+0530] {dag.py:3047} INFO - Sync 1 DAGs
[2024-02-27T11:03:11.344+0530] {logging_mixin.py:188} INFO - [2024-02-27T11:03:11.344+0530] {dag.py:3834} INFO - Setting next_dagrun for example_task_group to 2024-02-26 00:00:00+00:00, run_after=2024-02-27 00:00:00+00:00
[2024-02-27T11:03:11.350+0530] {processor.py:183} INFO - Processing /Users/anikbhowmick/Python/Big_Data_Assignment/A02/airflow_env/lib/python3.11/site-packages/airflow/example_dags/example_task_group.py took 0.067 seconds
[2024-02-27T11:04:54.280+0530] {processor.py:161} INFO - Started process (PID=2870) to work on /Users/anikbhowmick/Python/Big_Data_Assignment/A02/airflow_env/lib/python3.11/site-packages/airflow/example_dags/example_task_group.py
[2024-02-27T11:04:54.281+0530] {processor.py:830} INFO - Processing file /Users/anikbhowmick/Python/Big_Data_Assignment/A02/airflow_env/lib/python3.11/site-packages/airflow/example_dags/example_task_group.py for tasks to queue
[2024-02-27T11:04:54.281+0530] {logging_mixin.py:188} INFO - [2024-02-27T11:04:54.281+0530] {dagbag.py:540} INFO - Filling up the DagBag from /Users/anikbhowmick/Python/Big_Data_Assignment/A02/airflow_env/lib/python3.11/site-packages/airflow/example_dags/example_task_group.py
[2024-02-27T11:04:54.284+0530] {processor.py:840} INFO - DAG(s) 'example_task_group' retrieved from /Users/anikbhowmick/Python/Big_Data_Assignment/A02/airflow_env/lib/python3.11/site-packages/airflow/example_dags/example_task_group.py
[2024-02-27T11:04:54.334+0530] {logging_mixin.py:188} INFO - [2024-02-27T11:04:54.334+0530] {dag.py:3047} INFO - Sync 1 DAGs
[2024-02-27T11:04:54.339+0530] {logging_mixin.py:188} INFO - [2024-02-27T11:04:54.339+0530] {dag.py:3834} INFO - Setting next_dagrun for example_task_group to 2024-02-26 00:00:00+00:00, run_after=2024-02-27 00:00:00+00:00
[2024-02-27T11:04:54.345+0530] {processor.py:183} INFO - Processing /Users/anikbhowmick/Python/Big_Data_Assignment/A02/airflow_env/lib/python3.11/site-packages/airflow/example_dags/example_task_group.py took 0.066 seconds
[2024-02-27T11:06:43.075+0530] {processor.py:161} INFO - Started process (PID=2954) to work on /Users/anikbhowmick/Python/Big_Data_Assignment/A02/airflow_env/lib/python3.11/site-packages/airflow/example_dags/example_task_group.py
[2024-02-27T11:06:43.076+0530] {processor.py:830} INFO - Processing file /Users/anikbhowmick/Python/Big_Data_Assignment/A02/airflow_env/lib/python3.11/site-packages/airflow/example_dags/example_task_group.py for tasks to queue
[2024-02-27T11:06:43.077+0530] {logging_mixin.py:188} INFO - [2024-02-27T11:06:43.077+0530] {dagbag.py:540} INFO - Filling up the DagBag from /Users/anikbhowmick/Python/Big_Data_Assignment/A02/airflow_env/lib/python3.11/site-packages/airflow/example_dags/example_task_group.py
[2024-02-27T11:06:43.080+0530] {processor.py:840} INFO - DAG(s) 'example_task_group' retrieved from /Users/anikbhowmick/Python/Big_Data_Assignment/A02/airflow_env/lib/python3.11/site-packages/airflow/example_dags/example_task_group.py
[2024-02-27T11:06:43.131+0530] {logging_mixin.py:188} INFO - [2024-02-27T11:06:43.130+0530] {dag.py:3047} INFO - Sync 1 DAGs
[2024-02-27T11:06:43.136+0530] {logging_mixin.py:188} INFO - [2024-02-27T11:06:43.135+0530] {dag.py:3834} INFO - Setting next_dagrun for example_task_group to 2024-02-26 00:00:00+00:00, run_after=2024-02-27 00:00:00+00:00
[2024-02-27T11:06:43.142+0530] {processor.py:183} INFO - Processing /Users/anikbhowmick/Python/Big_Data_Assignment/A02/airflow_env/lib/python3.11/site-packages/airflow/example_dags/example_task_group.py took 0.067 seconds
[2024-02-27T11:08:19.687+0530] {processor.py:161} INFO - Started process (PID=3041) to work on /Users/anikbhowmick/Python/Big_Data_Assignment/A02/airflow_env/lib/python3.11/site-packages/airflow/example_dags/example_task_group.py
[2024-02-27T11:08:19.687+0530] {processor.py:830} INFO - Processing file /Users/anikbhowmick/Python/Big_Data_Assignment/A02/airflow_env/lib/python3.11/site-packages/airflow/example_dags/example_task_group.py for tasks to queue
[2024-02-27T11:08:19.687+0530] {logging_mixin.py:188} INFO - [2024-02-27T11:08:19.687+0530] {dagbag.py:540} INFO - Filling up the DagBag from /Users/anikbhowmick/Python/Big_Data_Assignment/A02/airflow_env/lib/python3.11/site-packages/airflow/example_dags/example_task_group.py
[2024-02-27T11:08:19.691+0530] {processor.py:840} INFO - DAG(s) 'example_task_group' retrieved from /Users/anikbhowmick/Python/Big_Data_Assignment/A02/airflow_env/lib/python3.11/site-packages/airflow/example_dags/example_task_group.py
[2024-02-27T11:08:19.747+0530] {logging_mixin.py:188} INFO - [2024-02-27T11:08:19.747+0530] {dag.py:3047} INFO - Sync 1 DAGs
[2024-02-27T11:08:19.752+0530] {logging_mixin.py:188} INFO - [2024-02-27T11:08:19.752+0530] {dag.py:3834} INFO - Setting next_dagrun for example_task_group to 2024-02-26 00:00:00+00:00, run_after=2024-02-27 00:00:00+00:00
[2024-02-27T11:08:19.758+0530] {processor.py:183} INFO - Processing /Users/anikbhowmick/Python/Big_Data_Assignment/A02/airflow_env/lib/python3.11/site-packages/airflow/example_dags/example_task_group.py took 0.072 seconds
[2024-02-27T11:10:05.288+0530] {processor.py:161} INFO - Started process (PID=3152) to work on /Users/anikbhowmick/Python/Big_Data_Assignment/A02/airflow_env/lib/python3.11/site-packages/airflow/example_dags/example_task_group.py
[2024-02-27T11:10:05.289+0530] {processor.py:830} INFO - Processing file /Users/anikbhowmick/Python/Big_Data_Assignment/A02/airflow_env/lib/python3.11/site-packages/airflow/example_dags/example_task_group.py for tasks to queue
[2024-02-27T11:10:05.289+0530] {logging_mixin.py:188} INFO - [2024-02-27T11:10:05.289+0530] {dagbag.py:540} INFO - Filling up the DagBag from /Users/anikbhowmick/Python/Big_Data_Assignment/A02/airflow_env/lib/python3.11/site-packages/airflow/example_dags/example_task_group.py
[2024-02-27T11:10:05.293+0530] {processor.py:840} INFO - DAG(s) 'example_task_group' retrieved from /Users/anikbhowmick/Python/Big_Data_Assignment/A02/airflow_env/lib/python3.11/site-packages/airflow/example_dags/example_task_group.py
[2024-02-27T11:10:05.344+0530] {logging_mixin.py:188} INFO - [2024-02-27T11:10:05.343+0530] {dag.py:3047} INFO - Sync 1 DAGs
[2024-02-27T11:10:05.349+0530] {logging_mixin.py:188} INFO - [2024-02-27T11:10:05.349+0530] {dag.py:3834} INFO - Setting next_dagrun for example_task_group to 2024-02-26 00:00:00+00:00, run_after=2024-02-27 00:00:00+00:00
[2024-02-27T11:10:05.355+0530] {processor.py:183} INFO - Processing /Users/anikbhowmick/Python/Big_Data_Assignment/A02/airflow_env/lib/python3.11/site-packages/airflow/example_dags/example_task_group.py took 0.067 seconds
[2024-02-27T11:11:40.763+0530] {processor.py:161} INFO - Started process (PID=3244) to work on /Users/anikbhowmick/Python/Big_Data_Assignment/A02/airflow_env/lib/python3.11/site-packages/airflow/example_dags/example_task_group.py
[2024-02-27T11:11:40.764+0530] {processor.py:830} INFO - Processing file /Users/anikbhowmick/Python/Big_Data_Assignment/A02/airflow_env/lib/python3.11/site-packages/airflow/example_dags/example_task_group.py for tasks to queue
[2024-02-27T11:11:40.764+0530] {logging_mixin.py:188} INFO - [2024-02-27T11:11:40.764+0530] {dagbag.py:540} INFO - Filling up the DagBag from /Users/anikbhowmick/Python/Big_Data_Assignment/A02/airflow_env/lib/python3.11/site-packages/airflow/example_dags/example_task_group.py
[2024-02-27T11:11:40.767+0530] {processor.py:840} INFO - DAG(s) 'example_task_group' retrieved from /Users/anikbhowmick/Python/Big_Data_Assignment/A02/airflow_env/lib/python3.11/site-packages/airflow/example_dags/example_task_group.py
[2024-02-27T11:11:40.818+0530] {logging_mixin.py:188} INFO - [2024-02-27T11:11:40.818+0530] {dag.py:3047} INFO - Sync 1 DAGs
[2024-02-27T11:11:40.823+0530] {logging_mixin.py:188} INFO - [2024-02-27T11:11:40.823+0530] {dag.py:3834} INFO - Setting next_dagrun for example_task_group to 2024-02-26 00:00:00+00:00, run_after=2024-02-27 00:00:00+00:00
[2024-02-27T11:11:40.829+0530] {processor.py:183} INFO - Processing /Users/anikbhowmick/Python/Big_Data_Assignment/A02/airflow_env/lib/python3.11/site-packages/airflow/example_dags/example_task_group.py took 0.066 seconds
[2024-02-27T11:13:30.956+0530] {processor.py:161} INFO - Started process (PID=3338) to work on /Users/anikbhowmick/Python/Big_Data_Assignment/A02/airflow_env/lib/python3.11/site-packages/airflow/example_dags/example_task_group.py
[2024-02-27T11:13:30.957+0530] {processor.py:830} INFO - Processing file /Users/anikbhowmick/Python/Big_Data_Assignment/A02/airflow_env/lib/python3.11/site-packages/airflow/example_dags/example_task_group.py for tasks to queue
[2024-02-27T11:13:30.957+0530] {logging_mixin.py:188} INFO - [2024-02-27T11:13:30.957+0530] {dagbag.py:540} INFO - Filling up the DagBag from /Users/anikbhowmick/Python/Big_Data_Assignment/A02/airflow_env/lib/python3.11/site-packages/airflow/example_dags/example_task_group.py
[2024-02-27T11:13:30.960+0530] {processor.py:840} INFO - DAG(s) 'example_task_group' retrieved from /Users/anikbhowmick/Python/Big_Data_Assignment/A02/airflow_env/lib/python3.11/site-packages/airflow/example_dags/example_task_group.py
[2024-02-27T11:13:31.011+0530] {logging_mixin.py:188} INFO - [2024-02-27T11:13:31.011+0530] {dag.py:3047} INFO - Sync 1 DAGs
[2024-02-27T11:13:31.016+0530] {logging_mixin.py:188} INFO - [2024-02-27T11:13:31.016+0530] {dag.py:3834} INFO - Setting next_dagrun for example_task_group to 2024-02-26 00:00:00+00:00, run_after=2024-02-27 00:00:00+00:00
[2024-02-27T11:13:31.022+0530] {processor.py:183} INFO - Processing /Users/anikbhowmick/Python/Big_Data_Assignment/A02/airflow_env/lib/python3.11/site-packages/airflow/example_dags/example_task_group.py took 0.067 seconds
[2024-02-27T11:15:19.490+0530] {processor.py:161} INFO - Started process (PID=3430) to work on /Users/anikbhowmick/Python/Big_Data_Assignment/A02/airflow_env/lib/python3.11/site-packages/airflow/example_dags/example_task_group.py
[2024-02-27T11:15:19.490+0530] {processor.py:830} INFO - Processing file /Users/anikbhowmick/Python/Big_Data_Assignment/A02/airflow_env/lib/python3.11/site-packages/airflow/example_dags/example_task_group.py for tasks to queue
[2024-02-27T11:15:19.490+0530] {logging_mixin.py:188} INFO - [2024-02-27T11:15:19.490+0530] {dagbag.py:540} INFO - Filling up the DagBag from /Users/anikbhowmick/Python/Big_Data_Assignment/A02/airflow_env/lib/python3.11/site-packages/airflow/example_dags/example_task_group.py
[2024-02-27T11:15:19.493+0530] {processor.py:840} INFO - DAG(s) 'example_task_group' retrieved from /Users/anikbhowmick/Python/Big_Data_Assignment/A02/airflow_env/lib/python3.11/site-packages/airflow/example_dags/example_task_group.py
[2024-02-27T11:15:19.545+0530] {logging_mixin.py:188} INFO - [2024-02-27T11:15:19.545+0530] {dag.py:3047} INFO - Sync 1 DAGs
[2024-02-27T11:15:19.550+0530] {logging_mixin.py:188} INFO - [2024-02-27T11:15:19.550+0530] {dag.py:3834} INFO - Setting next_dagrun for example_task_group to 2024-02-26 00:00:00+00:00, run_after=2024-02-27 00:00:00+00:00
[2024-02-27T11:15:19.556+0530] {processor.py:183} INFO - Processing /Users/anikbhowmick/Python/Big_Data_Assignment/A02/airflow_env/lib/python3.11/site-packages/airflow/example_dags/example_task_group.py took 0.066 seconds
[2024-02-27T11:17:02.558+0530] {processor.py:161} INFO - Started process (PID=3504) to work on /Users/anikbhowmick/Python/Big_Data_Assignment/A02/airflow_env/lib/python3.11/site-packages/airflow/example_dags/example_task_group.py
[2024-02-27T11:17:02.559+0530] {processor.py:830} INFO - Processing file /Users/anikbhowmick/Python/Big_Data_Assignment/A02/airflow_env/lib/python3.11/site-packages/airflow/example_dags/example_task_group.py for tasks to queue
[2024-02-27T11:17:02.559+0530] {logging_mixin.py:188} INFO - [2024-02-27T11:17:02.559+0530] {dagbag.py:540} INFO - Filling up the DagBag from /Users/anikbhowmick/Python/Big_Data_Assignment/A02/airflow_env/lib/python3.11/site-packages/airflow/example_dags/example_task_group.py
[2024-02-27T11:17:02.562+0530] {processor.py:840} INFO - DAG(s) 'example_task_group' retrieved from /Users/anikbhowmick/Python/Big_Data_Assignment/A02/airflow_env/lib/python3.11/site-packages/airflow/example_dags/example_task_group.py
[2024-02-27T11:17:02.613+0530] {logging_mixin.py:188} INFO - [2024-02-27T11:17:02.613+0530] {dag.py:3047} INFO - Sync 1 DAGs
[2024-02-27T11:17:02.618+0530] {logging_mixin.py:188} INFO - [2024-02-27T11:17:02.618+0530] {dag.py:3834} INFO - Setting next_dagrun for example_task_group to 2024-02-26 00:00:00+00:00, run_after=2024-02-27 00:00:00+00:00
[2024-02-27T11:17:02.624+0530] {processor.py:183} INFO - Processing /Users/anikbhowmick/Python/Big_Data_Assignment/A02/airflow_env/lib/python3.11/site-packages/airflow/example_dags/example_task_group.py took 0.066 seconds
[2024-02-27T11:18:57.544+0530] {processor.py:161} INFO - Started process (PID=3593) to work on /Users/anikbhowmick/Python/Big_Data_Assignment/A02/airflow_env/lib/python3.11/site-packages/airflow/example_dags/example_task_group.py
[2024-02-27T11:18:57.544+0530] {processor.py:830} INFO - Processing file /Users/anikbhowmick/Python/Big_Data_Assignment/A02/airflow_env/lib/python3.11/site-packages/airflow/example_dags/example_task_group.py for tasks to queue
[2024-02-27T11:18:57.544+0530] {logging_mixin.py:188} INFO - [2024-02-27T11:18:57.544+0530] {dagbag.py:540} INFO - Filling up the DagBag from /Users/anikbhowmick/Python/Big_Data_Assignment/A02/airflow_env/lib/python3.11/site-packages/airflow/example_dags/example_task_group.py
[2024-02-27T11:18:57.548+0530] {processor.py:840} INFO - DAG(s) 'example_task_group' retrieved from /Users/anikbhowmick/Python/Big_Data_Assignment/A02/airflow_env/lib/python3.11/site-packages/airflow/example_dags/example_task_group.py
[2024-02-27T11:18:57.604+0530] {logging_mixin.py:188} INFO - [2024-02-27T11:18:57.604+0530] {dag.py:3047} INFO - Sync 1 DAGs
[2024-02-27T11:18:57.609+0530] {logging_mixin.py:188} INFO - [2024-02-27T11:18:57.609+0530] {dag.py:3834} INFO - Setting next_dagrun for example_task_group to 2024-02-26 00:00:00+00:00, run_after=2024-02-27 00:00:00+00:00
[2024-02-27T11:18:57.616+0530] {processor.py:183} INFO - Processing /Users/anikbhowmick/Python/Big_Data_Assignment/A02/airflow_env/lib/python3.11/site-packages/airflow/example_dags/example_task_group.py took 0.073 seconds
[2024-02-27T11:20:07.184+0530] {processor.py:161} INFO - Started process (PID=3664) to work on /Users/anikbhowmick/Python/Big_Data_Assignment/A02/airflow_env/lib/python3.11/site-packages/airflow/example_dags/example_task_group.py
[2024-02-27T11:20:07.185+0530] {processor.py:830} INFO - Processing file /Users/anikbhowmick/Python/Big_Data_Assignment/A02/airflow_env/lib/python3.11/site-packages/airflow/example_dags/example_task_group.py for tasks to queue
[2024-02-27T11:20:07.186+0530] {logging_mixin.py:188} INFO - [2024-02-27T11:20:07.185+0530] {dagbag.py:540} INFO - Filling up the DagBag from /Users/anikbhowmick/Python/Big_Data_Assignment/A02/airflow_env/lib/python3.11/site-packages/airflow/example_dags/example_task_group.py
[2024-02-27T11:20:07.189+0530] {processor.py:840} INFO - DAG(s) 'example_task_group' retrieved from /Users/anikbhowmick/Python/Big_Data_Assignment/A02/airflow_env/lib/python3.11/site-packages/airflow/example_dags/example_task_group.py
[2024-02-27T11:20:07.240+0530] {logging_mixin.py:188} INFO - [2024-02-27T11:20:07.240+0530] {dag.py:3047} INFO - Sync 1 DAGs
[2024-02-27T11:20:07.245+0530] {logging_mixin.py:188} INFO - [2024-02-27T11:20:07.245+0530] {dag.py:3834} INFO - Setting next_dagrun for example_task_group to 2024-02-26 00:00:00+00:00, run_after=2024-02-27 00:00:00+00:00
[2024-02-27T11:20:07.251+0530] {processor.py:183} INFO - Processing /Users/anikbhowmick/Python/Big_Data_Assignment/A02/airflow_env/lib/python3.11/site-packages/airflow/example_dags/example_task_group.py took 0.067 seconds
[2024-02-27T11:21:33.323+0530] {processor.py:161} INFO - Started process (PID=3717) to work on /Users/anikbhowmick/Python/Big_Data_Assignment/A02/airflow_env/lib/python3.11/site-packages/airflow/example_dags/example_task_group.py
[2024-02-27T11:21:33.324+0530] {processor.py:830} INFO - Processing file /Users/anikbhowmick/Python/Big_Data_Assignment/A02/airflow_env/lib/python3.11/site-packages/airflow/example_dags/example_task_group.py for tasks to queue
[2024-02-27T11:21:33.324+0530] {logging_mixin.py:188} INFO - [2024-02-27T11:21:33.324+0530] {dagbag.py:540} INFO - Filling up the DagBag from /Users/anikbhowmick/Python/Big_Data_Assignment/A02/airflow_env/lib/python3.11/site-packages/airflow/example_dags/example_task_group.py
[2024-02-27T11:21:33.328+0530] {processor.py:840} INFO - DAG(s) 'example_task_group' retrieved from /Users/anikbhowmick/Python/Big_Data_Assignment/A02/airflow_env/lib/python3.11/site-packages/airflow/example_dags/example_task_group.py
[2024-02-27T11:21:33.382+0530] {logging_mixin.py:188} INFO - [2024-02-27T11:21:33.382+0530] {dag.py:3047} INFO - Sync 1 DAGs
[2024-02-27T11:21:33.387+0530] {logging_mixin.py:188} INFO - [2024-02-27T11:21:33.387+0530] {dag.py:3834} INFO - Setting next_dagrun for example_task_group to 2024-02-26 00:00:00+00:00, run_after=2024-02-27 00:00:00+00:00
[2024-02-27T11:21:33.394+0530] {processor.py:183} INFO - Processing /Users/anikbhowmick/Python/Big_Data_Assignment/A02/airflow_env/lib/python3.11/site-packages/airflow/example_dags/example_task_group.py took 0.071 seconds
[2024-02-27T11:22:31.945+0530] {processor.py:161} INFO - Started process (PID=3787) to work on /Users/anikbhowmick/Python/Big_Data_Assignment/A02/airflow_env/lib/python3.11/site-packages/airflow/example_dags/example_task_group.py
[2024-02-27T11:22:31.946+0530] {processor.py:830} INFO - Processing file /Users/anikbhowmick/Python/Big_Data_Assignment/A02/airflow_env/lib/python3.11/site-packages/airflow/example_dags/example_task_group.py for tasks to queue
[2024-02-27T11:22:31.947+0530] {logging_mixin.py:188} INFO - [2024-02-27T11:22:31.946+0530] {dagbag.py:540} INFO - Filling up the DagBag from /Users/anikbhowmick/Python/Big_Data_Assignment/A02/airflow_env/lib/python3.11/site-packages/airflow/example_dags/example_task_group.py
[2024-02-27T11:22:31.950+0530] {processor.py:840} INFO - DAG(s) 'example_task_group' retrieved from /Users/anikbhowmick/Python/Big_Data_Assignment/A02/airflow_env/lib/python3.11/site-packages/airflow/example_dags/example_task_group.py
[2024-02-27T11:22:31.999+0530] {logging_mixin.py:188} INFO - [2024-02-27T11:22:31.999+0530] {dag.py:3047} INFO - Sync 1 DAGs
[2024-02-27T11:22:32.005+0530] {logging_mixin.py:188} INFO - [2024-02-27T11:22:32.004+0530] {dag.py:3834} INFO - Setting next_dagrun for example_task_group to 2024-02-26 00:00:00+00:00, run_after=2024-02-27 00:00:00+00:00
[2024-02-27T11:22:32.011+0530] {processor.py:183} INFO - Processing /Users/anikbhowmick/Python/Big_Data_Assignment/A02/airflow_env/lib/python3.11/site-packages/airflow/example_dags/example_task_group.py took 0.066 seconds
[2024-02-27T11:24:20.076+0530] {processor.py:161} INFO - Started process (PID=3908) to work on /Users/anikbhowmick/Python/Big_Data_Assignment/A02/airflow_env/lib/python3.11/site-packages/airflow/example_dags/example_task_group.py
[2024-02-27T11:24:20.078+0530] {processor.py:830} INFO - Processing file /Users/anikbhowmick/Python/Big_Data_Assignment/A02/airflow_env/lib/python3.11/site-packages/airflow/example_dags/example_task_group.py for tasks to queue
[2024-02-27T11:24:20.078+0530] {logging_mixin.py:188} INFO - [2024-02-27T11:24:20.078+0530] {dagbag.py:540} INFO - Filling up the DagBag from /Users/anikbhowmick/Python/Big_Data_Assignment/A02/airflow_env/lib/python3.11/site-packages/airflow/example_dags/example_task_group.py
[2024-02-27T11:24:20.081+0530] {processor.py:840} INFO - DAG(s) 'example_task_group' retrieved from /Users/anikbhowmick/Python/Big_Data_Assignment/A02/airflow_env/lib/python3.11/site-packages/airflow/example_dags/example_task_group.py
[2024-02-27T11:24:20.131+0530] {logging_mixin.py:188} INFO - [2024-02-27T11:24:20.131+0530] {dag.py:3047} INFO - Sync 1 DAGs
[2024-02-27T11:24:20.136+0530] {logging_mixin.py:188} INFO - [2024-02-27T11:24:20.136+0530] {dag.py:3834} INFO - Setting next_dagrun for example_task_group to 2024-02-26 00:00:00+00:00, run_after=2024-02-27 00:00:00+00:00
[2024-02-27T11:24:20.142+0530] {processor.py:183} INFO - Processing /Users/anikbhowmick/Python/Big_Data_Assignment/A02/airflow_env/lib/python3.11/site-packages/airflow/example_dags/example_task_group.py took 0.066 seconds
[2024-02-27T11:25:45.711+0530] {processor.py:161} INFO - Started process (PID=3960) to work on /Users/anikbhowmick/Python/Big_Data_Assignment/A02/airflow_env/lib/python3.11/site-packages/airflow/example_dags/example_task_group.py
[2024-02-27T11:25:45.711+0530] {processor.py:830} INFO - Processing file /Users/anikbhowmick/Python/Big_Data_Assignment/A02/airflow_env/lib/python3.11/site-packages/airflow/example_dags/example_task_group.py for tasks to queue
[2024-02-27T11:25:45.711+0530] {logging_mixin.py:188} INFO - [2024-02-27T11:25:45.711+0530] {dagbag.py:540} INFO - Filling up the DagBag from /Users/anikbhowmick/Python/Big_Data_Assignment/A02/airflow_env/lib/python3.11/site-packages/airflow/example_dags/example_task_group.py
[2024-02-27T11:25:45.715+0530] {processor.py:840} INFO - DAG(s) 'example_task_group' retrieved from /Users/anikbhowmick/Python/Big_Data_Assignment/A02/airflow_env/lib/python3.11/site-packages/airflow/example_dags/example_task_group.py
[2024-02-27T11:25:45.767+0530] {logging_mixin.py:188} INFO - [2024-02-27T11:25:45.767+0530] {dag.py:3047} INFO - Sync 1 DAGs
[2024-02-27T11:25:45.773+0530] {logging_mixin.py:188} INFO - [2024-02-27T11:25:45.773+0530] {dag.py:3834} INFO - Setting next_dagrun for example_task_group to 2024-02-26 00:00:00+00:00, run_after=2024-02-27 00:00:00+00:00
[2024-02-27T11:25:45.779+0530] {processor.py:183} INFO - Processing /Users/anikbhowmick/Python/Big_Data_Assignment/A02/airflow_env/lib/python3.11/site-packages/airflow/example_dags/example_task_group.py took 0.069 seconds
[2024-02-27T11:28:15.902+0530] {processor.py:161} INFO - Started process (PID=4112) to work on /Users/anikbhowmick/Python/Big_Data_Assignment/A02/airflow_env/lib/python3.11/site-packages/airflow/example_dags/example_task_group.py
[2024-02-27T11:28:15.903+0530] {processor.py:830} INFO - Processing file /Users/anikbhowmick/Python/Big_Data_Assignment/A02/airflow_env/lib/python3.11/site-packages/airflow/example_dags/example_task_group.py for tasks to queue
[2024-02-27T11:28:15.903+0530] {logging_mixin.py:188} INFO - [2024-02-27T11:28:15.903+0530] {dagbag.py:540} INFO - Filling up the DagBag from /Users/anikbhowmick/Python/Big_Data_Assignment/A02/airflow_env/lib/python3.11/site-packages/airflow/example_dags/example_task_group.py
[2024-02-27T11:28:15.906+0530] {processor.py:840} INFO - DAG(s) 'example_task_group' retrieved from /Users/anikbhowmick/Python/Big_Data_Assignment/A02/airflow_env/lib/python3.11/site-packages/airflow/example_dags/example_task_group.py
[2024-02-27T11:28:15.960+0530] {logging_mixin.py:188} INFO - [2024-02-27T11:28:15.960+0530] {dag.py:3047} INFO - Sync 1 DAGs
[2024-02-27T11:28:15.965+0530] {logging_mixin.py:188} INFO - [2024-02-27T11:28:15.965+0530] {dag.py:3834} INFO - Setting next_dagrun for example_task_group to 2024-02-26 00:00:00+00:00, run_after=2024-02-27 00:00:00+00:00
[2024-02-27T11:28:15.972+0530] {processor.py:183} INFO - Processing /Users/anikbhowmick/Python/Big_Data_Assignment/A02/airflow_env/lib/python3.11/site-packages/airflow/example_dags/example_task_group.py took 0.070 seconds
[2024-02-27T11:29:38.801+0530] {processor.py:161} INFO - Started process (PID=4195) to work on /Users/anikbhowmick/Python/Big_Data_Assignment/A02/airflow_env/lib/python3.11/site-packages/airflow/example_dags/example_task_group.py
[2024-02-27T11:29:38.802+0530] {processor.py:830} INFO - Processing file /Users/anikbhowmick/Python/Big_Data_Assignment/A02/airflow_env/lib/python3.11/site-packages/airflow/example_dags/example_task_group.py for tasks to queue
[2024-02-27T11:29:38.802+0530] {logging_mixin.py:188} INFO - [2024-02-27T11:29:38.802+0530] {dagbag.py:540} INFO - Filling up the DagBag from /Users/anikbhowmick/Python/Big_Data_Assignment/A02/airflow_env/lib/python3.11/site-packages/airflow/example_dags/example_task_group.py
[2024-02-27T11:29:38.805+0530] {processor.py:840} INFO - DAG(s) 'example_task_group' retrieved from /Users/anikbhowmick/Python/Big_Data_Assignment/A02/airflow_env/lib/python3.11/site-packages/airflow/example_dags/example_task_group.py
[2024-02-27T11:29:38.855+0530] {logging_mixin.py:188} INFO - [2024-02-27T11:29:38.855+0530] {dag.py:3047} INFO - Sync 1 DAGs
[2024-02-27T11:29:38.860+0530] {logging_mixin.py:188} INFO - [2024-02-27T11:29:38.860+0530] {dag.py:3834} INFO - Setting next_dagrun for example_task_group to 2024-02-26 00:00:00+00:00, run_after=2024-02-27 00:00:00+00:00
[2024-02-27T11:29:38.866+0530] {processor.py:183} INFO - Processing /Users/anikbhowmick/Python/Big_Data_Assignment/A02/airflow_env/lib/python3.11/site-packages/airflow/example_dags/example_task_group.py took 0.065 seconds
[2024-02-27T11:31:24.050+0530] {processor.py:161} INFO - Started process (PID=4265) to work on /Users/anikbhowmick/Python/Big_Data_Assignment/A02/airflow_env/lib/python3.11/site-packages/airflow/example_dags/example_task_group.py
[2024-02-27T11:31:24.051+0530] {processor.py:830} INFO - Processing file /Users/anikbhowmick/Python/Big_Data_Assignment/A02/airflow_env/lib/python3.11/site-packages/airflow/example_dags/example_task_group.py for tasks to queue
[2024-02-27T11:31:24.051+0530] {logging_mixin.py:188} INFO - [2024-02-27T11:31:24.051+0530] {dagbag.py:540} INFO - Filling up the DagBag from /Users/anikbhowmick/Python/Big_Data_Assignment/A02/airflow_env/lib/python3.11/site-packages/airflow/example_dags/example_task_group.py
[2024-02-27T11:31:24.054+0530] {processor.py:840} INFO - DAG(s) 'example_task_group' retrieved from /Users/anikbhowmick/Python/Big_Data_Assignment/A02/airflow_env/lib/python3.11/site-packages/airflow/example_dags/example_task_group.py
[2024-02-27T11:31:24.109+0530] {logging_mixin.py:188} INFO - [2024-02-27T11:31:24.109+0530] {dag.py:3047} INFO - Sync 1 DAGs
[2024-02-27T11:31:24.115+0530] {logging_mixin.py:188} INFO - [2024-02-27T11:31:24.115+0530] {dag.py:3834} INFO - Setting next_dagrun for example_task_group to 2024-02-26 00:00:00+00:00, run_after=2024-02-27 00:00:00+00:00
[2024-02-27T11:31:24.121+0530] {processor.py:183} INFO - Processing /Users/anikbhowmick/Python/Big_Data_Assignment/A02/airflow_env/lib/python3.11/site-packages/airflow/example_dags/example_task_group.py took 0.072 seconds
[2024-02-27T11:33:56.224+0530] {processor.py:161} INFO - Started process (PID=4422) to work on /Users/anikbhowmick/Python/Big_Data_Assignment/A02/airflow_env/lib/python3.11/site-packages/airflow/example_dags/example_task_group.py
[2024-02-27T11:33:56.225+0530] {processor.py:830} INFO - Processing file /Users/anikbhowmick/Python/Big_Data_Assignment/A02/airflow_env/lib/python3.11/site-packages/airflow/example_dags/example_task_group.py for tasks to queue
[2024-02-27T11:33:56.225+0530] {logging_mixin.py:188} INFO - [2024-02-27T11:33:56.225+0530] {dagbag.py:540} INFO - Filling up the DagBag from /Users/anikbhowmick/Python/Big_Data_Assignment/A02/airflow_env/lib/python3.11/site-packages/airflow/example_dags/example_task_group.py
[2024-02-27T11:33:56.228+0530] {processor.py:840} INFO - DAG(s) 'example_task_group' retrieved from /Users/anikbhowmick/Python/Big_Data_Assignment/A02/airflow_env/lib/python3.11/site-packages/airflow/example_dags/example_task_group.py
[2024-02-27T11:33:56.289+0530] {logging_mixin.py:188} INFO - [2024-02-27T11:33:56.289+0530] {dag.py:3047} INFO - Sync 1 DAGs
[2024-02-27T11:33:56.294+0530] {logging_mixin.py:188} INFO - [2024-02-27T11:33:56.294+0530] {dag.py:3834} INFO - Setting next_dagrun for example_task_group to 2024-02-26 00:00:00+00:00, run_after=2024-02-27 00:00:00+00:00
[2024-02-27T11:33:56.300+0530] {processor.py:183} INFO - Processing /Users/anikbhowmick/Python/Big_Data_Assignment/A02/airflow_env/lib/python3.11/site-packages/airflow/example_dags/example_task_group.py took 0.077 seconds
[2024-02-27T11:35:19.334+0530] {processor.py:161} INFO - Started process (PID=4483) to work on /Users/anikbhowmick/Python/Big_Data_Assignment/A02/airflow_env/lib/python3.11/site-packages/airflow/example_dags/example_task_group.py
[2024-02-27T11:35:19.334+0530] {processor.py:830} INFO - Processing file /Users/anikbhowmick/Python/Big_Data_Assignment/A02/airflow_env/lib/python3.11/site-packages/airflow/example_dags/example_task_group.py for tasks to queue
[2024-02-27T11:35:19.335+0530] {logging_mixin.py:188} INFO - [2024-02-27T11:35:19.334+0530] {dagbag.py:540} INFO - Filling up the DagBag from /Users/anikbhowmick/Python/Big_Data_Assignment/A02/airflow_env/lib/python3.11/site-packages/airflow/example_dags/example_task_group.py
[2024-02-27T11:35:19.338+0530] {processor.py:840} INFO - DAG(s) 'example_task_group' retrieved from /Users/anikbhowmick/Python/Big_Data_Assignment/A02/airflow_env/lib/python3.11/site-packages/airflow/example_dags/example_task_group.py
[2024-02-27T11:35:19.391+0530] {logging_mixin.py:188} INFO - [2024-02-27T11:35:19.390+0530] {dag.py:3047} INFO - Sync 1 DAGs
[2024-02-27T11:35:19.396+0530] {logging_mixin.py:188} INFO - [2024-02-27T11:35:19.396+0530] {dag.py:3834} INFO - Setting next_dagrun for example_task_group to 2024-02-26 00:00:00+00:00, run_after=2024-02-27 00:00:00+00:00
[2024-02-27T11:35:19.402+0530] {processor.py:183} INFO - Processing /Users/anikbhowmick/Python/Big_Data_Assignment/A02/airflow_env/lib/python3.11/site-packages/airflow/example_dags/example_task_group.py took 0.069 seconds
[2024-02-27T11:39:19.163+0530] {processor.py:161} INFO - Started process (PID=4623) to work on /Users/anikbhowmick/Python/Big_Data_Assignment/A02/airflow_env/lib/python3.11/site-packages/airflow/example_dags/example_task_group.py
[2024-02-27T11:39:19.165+0530] {processor.py:830} INFO - Processing file /Users/anikbhowmick/Python/Big_Data_Assignment/A02/airflow_env/lib/python3.11/site-packages/airflow/example_dags/example_task_group.py for tasks to queue
[2024-02-27T11:39:19.165+0530] {logging_mixin.py:188} INFO - [2024-02-27T11:39:19.165+0530] {dagbag.py:540} INFO - Filling up the DagBag from /Users/anikbhowmick/Python/Big_Data_Assignment/A02/airflow_env/lib/python3.11/site-packages/airflow/example_dags/example_task_group.py
[2024-02-27T11:39:19.168+0530] {processor.py:840} INFO - DAG(s) 'example_task_group' retrieved from /Users/anikbhowmick/Python/Big_Data_Assignment/A02/airflow_env/lib/python3.11/site-packages/airflow/example_dags/example_task_group.py
[2024-02-27T11:39:19.217+0530] {logging_mixin.py:188} INFO - [2024-02-27T11:39:19.217+0530] {dag.py:3047} INFO - Sync 1 DAGs
[2024-02-27T11:39:19.222+0530] {logging_mixin.py:188} INFO - [2024-02-27T11:39:19.222+0530] {dag.py:3834} INFO - Setting next_dagrun for example_task_group to 2024-02-26 00:00:00+00:00, run_after=2024-02-27 00:00:00+00:00
[2024-02-27T11:39:19.228+0530] {processor.py:183} INFO - Processing /Users/anikbhowmick/Python/Big_Data_Assignment/A02/airflow_env/lib/python3.11/site-packages/airflow/example_dags/example_task_group.py took 0.065 seconds
[2024-02-27T11:40:54.199+0530] {processor.py:161} INFO - Started process (PID=4706) to work on /Users/anikbhowmick/Python/Big_Data_Assignment/A02/airflow_env/lib/python3.11/site-packages/airflow/example_dags/example_task_group.py
[2024-02-27T11:40:54.199+0530] {processor.py:830} INFO - Processing file /Users/anikbhowmick/Python/Big_Data_Assignment/A02/airflow_env/lib/python3.11/site-packages/airflow/example_dags/example_task_group.py for tasks to queue
[2024-02-27T11:40:54.199+0530] {logging_mixin.py:188} INFO - [2024-02-27T11:40:54.199+0530] {dagbag.py:540} INFO - Filling up the DagBag from /Users/anikbhowmick/Python/Big_Data_Assignment/A02/airflow_env/lib/python3.11/site-packages/airflow/example_dags/example_task_group.py
[2024-02-27T11:40:54.202+0530] {processor.py:840} INFO - DAG(s) 'example_task_group' retrieved from /Users/anikbhowmick/Python/Big_Data_Assignment/A02/airflow_env/lib/python3.11/site-packages/airflow/example_dags/example_task_group.py
[2024-02-27T11:40:54.253+0530] {logging_mixin.py:188} INFO - [2024-02-27T11:40:54.252+0530] {dag.py:3047} INFO - Sync 1 DAGs
[2024-02-27T11:40:54.258+0530] {logging_mixin.py:188} INFO - [2024-02-27T11:40:54.258+0530] {dag.py:3834} INFO - Setting next_dagrun for example_task_group to 2024-02-26 00:00:00+00:00, run_after=2024-02-27 00:00:00+00:00
[2024-02-27T11:40:54.264+0530] {processor.py:183} INFO - Processing /Users/anikbhowmick/Python/Big_Data_Assignment/A02/airflow_env/lib/python3.11/site-packages/airflow/example_dags/example_task_group.py took 0.065 seconds
[2024-02-27T11:41:59.884+0530] {processor.py:161} INFO - Started process (PID=4747) to work on /Users/anikbhowmick/Python/Big_Data_Assignment/A02/airflow_env/lib/python3.11/site-packages/airflow/example_dags/example_task_group.py
[2024-02-27T11:41:59.885+0530] {processor.py:830} INFO - Processing file /Users/anikbhowmick/Python/Big_Data_Assignment/A02/airflow_env/lib/python3.11/site-packages/airflow/example_dags/example_task_group.py for tasks to queue
[2024-02-27T11:41:59.885+0530] {logging_mixin.py:188} INFO - [2024-02-27T11:41:59.885+0530] {dagbag.py:540} INFO - Filling up the DagBag from /Users/anikbhowmick/Python/Big_Data_Assignment/A02/airflow_env/lib/python3.11/site-packages/airflow/example_dags/example_task_group.py
[2024-02-27T11:41:59.888+0530] {processor.py:840} INFO - DAG(s) 'example_task_group' retrieved from /Users/anikbhowmick/Python/Big_Data_Assignment/A02/airflow_env/lib/python3.11/site-packages/airflow/example_dags/example_task_group.py
[2024-02-27T11:41:59.938+0530] {logging_mixin.py:188} INFO - [2024-02-27T11:41:59.937+0530] {dag.py:3047} INFO - Sync 1 DAGs
[2024-02-27T11:41:59.943+0530] {logging_mixin.py:188} INFO - [2024-02-27T11:41:59.942+0530] {dag.py:3834} INFO - Setting next_dagrun for example_task_group to 2024-02-26 00:00:00+00:00, run_after=2024-02-27 00:00:00+00:00
[2024-02-27T11:41:59.949+0530] {processor.py:183} INFO - Processing /Users/anikbhowmick/Python/Big_Data_Assignment/A02/airflow_env/lib/python3.11/site-packages/airflow/example_dags/example_task_group.py took 0.064 seconds
