[2024-02-27T10:45:54.975+0530] {processor.py:161} INFO - Started process (PID=1551) to work on /Users/anikbhowmick/Python/Big_Data_Assignment/A02/airflow_env/lib/python3.11/site-packages/airflow/example_dags/example_xcom.py
[2024-02-27T10:45:54.975+0530] {processor.py:830} INFO - Processing file /Users/anikbhowmick/Python/Big_Data_Assignment/A02/airflow_env/lib/python3.11/site-packages/airflow/example_dags/example_xcom.py for tasks to queue
[2024-02-27T10:45:54.975+0530] {logging_mixin.py:188} INFO - [2024-02-27T10:45:54.975+0530] {dagbag.py:540} INFO - Filling up the DagBag from /Users/anikbhowmick/Python/Big_Data_Assignment/A02/airflow_env/lib/python3.11/site-packages/airflow/example_dags/example_xcom.py
[2024-02-27T10:45:55.008+0530] {processor.py:840} INFO - DAG(s) 'example_xcom' retrieved from /Users/anikbhowmick/Python/Big_Data_Assignment/A02/airflow_env/lib/python3.11/site-packages/airflow/example_dags/example_xcom.py
[2024-02-27T10:45:55.038+0530] {logging_mixin.py:188} INFO - [2024-02-27T10:45:55.038+0530] {dag.py:3047} INFO - Sync 1 DAGs
[2024-02-27T10:45:55.043+0530] {logging_mixin.py:188} INFO - [2024-02-27T10:45:55.043+0530] {dag.py:3834} INFO - Setting next_dagrun for example_xcom to 2021-01-01 00:00:00+00:00, run_after=2021-01-01 00:00:00+00:00
[2024-02-27T10:45:55.049+0530] {processor.py:183} INFO - Processing /Users/anikbhowmick/Python/Big_Data_Assignment/A02/airflow_env/lib/python3.11/site-packages/airflow/example_dags/example_xcom.py took 0.075 seconds
[2024-02-27T10:47:26.260+0530] {processor.py:161} INFO - Started process (PID=1658) to work on /Users/anikbhowmick/Python/Big_Data_Assignment/A02/airflow_env/lib/python3.11/site-packages/airflow/example_dags/example_xcom.py
[2024-02-27T10:47:26.261+0530] {processor.py:830} INFO - Processing file /Users/anikbhowmick/Python/Big_Data_Assignment/A02/airflow_env/lib/python3.11/site-packages/airflow/example_dags/example_xcom.py for tasks to queue
[2024-02-27T10:47:26.261+0530] {logging_mixin.py:188} INFO - [2024-02-27T10:47:26.261+0530] {dagbag.py:540} INFO - Filling up the DagBag from /Users/anikbhowmick/Python/Big_Data_Assignment/A02/airflow_env/lib/python3.11/site-packages/airflow/example_dags/example_xcom.py
[2024-02-27T10:47:26.292+0530] {processor.py:840} INFO - DAG(s) 'example_xcom' retrieved from /Users/anikbhowmick/Python/Big_Data_Assignment/A02/airflow_env/lib/python3.11/site-packages/airflow/example_dags/example_xcom.py
[2024-02-27T10:47:26.321+0530] {logging_mixin.py:188} INFO - [2024-02-27T10:47:26.321+0530] {dag.py:3047} INFO - Sync 1 DAGs
[2024-02-27T10:47:26.326+0530] {logging_mixin.py:188} INFO - [2024-02-27T10:47:26.326+0530] {dag.py:3834} INFO - Setting next_dagrun for example_xcom to 2021-01-01 00:00:00+00:00, run_after=2021-01-01 00:00:00+00:00
[2024-02-27T10:47:26.332+0530] {processor.py:183} INFO - Processing /Users/anikbhowmick/Python/Big_Data_Assignment/A02/airflow_env/lib/python3.11/site-packages/airflow/example_dags/example_xcom.py took 0.073 seconds
[2024-02-27T10:49:24.593+0530] {processor.py:161} INFO - Started process (PID=1753) to work on /Users/anikbhowmick/Python/Big_Data_Assignment/A02/airflow_env/lib/python3.11/site-packages/airflow/example_dags/example_xcom.py
[2024-02-27T10:49:24.594+0530] {processor.py:830} INFO - Processing file /Users/anikbhowmick/Python/Big_Data_Assignment/A02/airflow_env/lib/python3.11/site-packages/airflow/example_dags/example_xcom.py for tasks to queue
[2024-02-27T10:49:24.595+0530] {logging_mixin.py:188} INFO - [2024-02-27T10:49:24.595+0530] {dagbag.py:540} INFO - Filling up the DagBag from /Users/anikbhowmick/Python/Big_Data_Assignment/A02/airflow_env/lib/python3.11/site-packages/airflow/example_dags/example_xcom.py
[2024-02-27T10:49:24.626+0530] {processor.py:840} INFO - DAG(s) 'example_xcom' retrieved from /Users/anikbhowmick/Python/Big_Data_Assignment/A02/airflow_env/lib/python3.11/site-packages/airflow/example_dags/example_xcom.py
[2024-02-27T10:49:24.655+0530] {logging_mixin.py:188} INFO - [2024-02-27T10:49:24.655+0530] {dag.py:3047} INFO - Sync 1 DAGs
[2024-02-27T10:49:24.660+0530] {logging_mixin.py:188} INFO - [2024-02-27T10:49:24.660+0530] {dag.py:3834} INFO - Setting next_dagrun for example_xcom to 2021-01-01 00:00:00+00:00, run_after=2021-01-01 00:00:00+00:00
[2024-02-27T10:49:24.666+0530] {processor.py:183} INFO - Processing /Users/anikbhowmick/Python/Big_Data_Assignment/A02/airflow_env/lib/python3.11/site-packages/airflow/example_dags/example_xcom.py took 0.073 seconds
[2024-02-27T10:50:51.905+0530] {processor.py:161} INFO - Started process (PID=1843) to work on /Users/anikbhowmick/Python/Big_Data_Assignment/A02/airflow_env/lib/python3.11/site-packages/airflow/example_dags/example_xcom.py
[2024-02-27T10:50:51.906+0530] {processor.py:830} INFO - Processing file /Users/anikbhowmick/Python/Big_Data_Assignment/A02/airflow_env/lib/python3.11/site-packages/airflow/example_dags/example_xcom.py for tasks to queue
[2024-02-27T10:50:51.906+0530] {logging_mixin.py:188} INFO - [2024-02-27T10:50:51.906+0530] {dagbag.py:540} INFO - Filling up the DagBag from /Users/anikbhowmick/Python/Big_Data_Assignment/A02/airflow_env/lib/python3.11/site-packages/airflow/example_dags/example_xcom.py
[2024-02-27T10:50:51.938+0530] {processor.py:840} INFO - DAG(s) 'example_xcom' retrieved from /Users/anikbhowmick/Python/Big_Data_Assignment/A02/airflow_env/lib/python3.11/site-packages/airflow/example_dags/example_xcom.py
[2024-02-27T10:50:51.967+0530] {logging_mixin.py:188} INFO - [2024-02-27T10:50:51.967+0530] {dag.py:3047} INFO - Sync 1 DAGs
[2024-02-27T10:50:51.972+0530] {logging_mixin.py:188} INFO - [2024-02-27T10:50:51.972+0530] {dag.py:3834} INFO - Setting next_dagrun for example_xcom to 2021-01-01 00:00:00+00:00, run_after=2021-01-01 00:00:00+00:00
[2024-02-27T10:50:51.978+0530] {processor.py:183} INFO - Processing /Users/anikbhowmick/Python/Big_Data_Assignment/A02/airflow_env/lib/python3.11/site-packages/airflow/example_dags/example_xcom.py took 0.073 seconds
[2024-02-27T10:52:35.799+0530] {processor.py:161} INFO - Started process (PID=1966) to work on /Users/anikbhowmick/Python/Big_Data_Assignment/A02/airflow_env/lib/python3.11/site-packages/airflow/example_dags/example_xcom.py
[2024-02-27T10:52:35.800+0530] {processor.py:830} INFO - Processing file /Users/anikbhowmick/Python/Big_Data_Assignment/A02/airflow_env/lib/python3.11/site-packages/airflow/example_dags/example_xcom.py for tasks to queue
[2024-02-27T10:52:35.800+0530] {logging_mixin.py:188} INFO - [2024-02-27T10:52:35.800+0530] {dagbag.py:540} INFO - Filling up the DagBag from /Users/anikbhowmick/Python/Big_Data_Assignment/A02/airflow_env/lib/python3.11/site-packages/airflow/example_dags/example_xcom.py
[2024-02-27T10:52:35.836+0530] {processor.py:840} INFO - DAG(s) 'example_xcom' retrieved from /Users/anikbhowmick/Python/Big_Data_Assignment/A02/airflow_env/lib/python3.11/site-packages/airflow/example_dags/example_xcom.py
[2024-02-27T10:52:35.866+0530] {logging_mixin.py:188} INFO - [2024-02-27T10:52:35.866+0530] {dag.py:3047} INFO - Sync 1 DAGs
[2024-02-27T10:52:35.871+0530] {logging_mixin.py:188} INFO - [2024-02-27T10:52:35.871+0530] {dag.py:3834} INFO - Setting next_dagrun for example_xcom to 2021-01-01 00:00:00+00:00, run_after=2021-01-01 00:00:00+00:00
[2024-02-27T10:52:35.878+0530] {processor.py:183} INFO - Processing /Users/anikbhowmick/Python/Big_Data_Assignment/A02/airflow_env/lib/python3.11/site-packages/airflow/example_dags/example_xcom.py took 0.079 seconds
[2024-02-27T10:53:56.525+0530] {processor.py:161} INFO - Started process (PID=2056) to work on /Users/anikbhowmick/Python/Big_Data_Assignment/A02/airflow_env/lib/python3.11/site-packages/airflow/example_dags/example_xcom.py
[2024-02-27T10:53:56.525+0530] {processor.py:830} INFO - Processing file /Users/anikbhowmick/Python/Big_Data_Assignment/A02/airflow_env/lib/python3.11/site-packages/airflow/example_dags/example_xcom.py for tasks to queue
[2024-02-27T10:53:56.526+0530] {logging_mixin.py:188} INFO - [2024-02-27T10:53:56.525+0530] {dagbag.py:540} INFO - Filling up the DagBag from /Users/anikbhowmick/Python/Big_Data_Assignment/A02/airflow_env/lib/python3.11/site-packages/airflow/example_dags/example_xcom.py
[2024-02-27T10:53:56.558+0530] {processor.py:840} INFO - DAG(s) 'example_xcom' retrieved from /Users/anikbhowmick/Python/Big_Data_Assignment/A02/airflow_env/lib/python3.11/site-packages/airflow/example_dags/example_xcom.py
[2024-02-27T10:53:56.586+0530] {logging_mixin.py:188} INFO - [2024-02-27T10:53:56.586+0530] {dag.py:3047} INFO - Sync 1 DAGs
[2024-02-27T10:53:56.592+0530] {logging_mixin.py:188} INFO - [2024-02-27T10:53:56.592+0530] {dag.py:3834} INFO - Setting next_dagrun for example_xcom to 2021-01-01 00:00:00+00:00, run_after=2021-01-01 00:00:00+00:00
[2024-02-27T10:53:56.597+0530] {processor.py:183} INFO - Processing /Users/anikbhowmick/Python/Big_Data_Assignment/A02/airflow_env/lib/python3.11/site-packages/airflow/example_dags/example_xcom.py took 0.073 seconds
[2024-02-27T10:55:30.324+0530] {processor.py:161} INFO - Started process (PID=2198) to work on /Users/anikbhowmick/Python/Big_Data_Assignment/A02/airflow_env/lib/python3.11/site-packages/airflow/example_dags/example_xcom.py
[2024-02-27T10:55:30.325+0530] {processor.py:830} INFO - Processing file /Users/anikbhowmick/Python/Big_Data_Assignment/A02/airflow_env/lib/python3.11/site-packages/airflow/example_dags/example_xcom.py for tasks to queue
[2024-02-27T10:55:30.326+0530] {logging_mixin.py:188} INFO - [2024-02-27T10:55:30.325+0530] {dagbag.py:540} INFO - Filling up the DagBag from /Users/anikbhowmick/Python/Big_Data_Assignment/A02/airflow_env/lib/python3.11/site-packages/airflow/example_dags/example_xcom.py
[2024-02-27T10:55:30.337+0530] {processor.py:840} INFO - DAG(s) 'example_xcom' retrieved from /Users/anikbhowmick/Python/Big_Data_Assignment/A02/airflow_env/lib/python3.11/site-packages/airflow/example_dags/example_xcom.py
[2024-02-27T10:55:30.387+0530] {logging_mixin.py:188} INFO - [2024-02-27T10:55:30.387+0530] {dag.py:3047} INFO - Sync 1 DAGs
[2024-02-27T10:55:30.393+0530] {logging_mixin.py:188} INFO - [2024-02-27T10:55:30.393+0530] {dag.py:3834} INFO - Setting next_dagrun for example_xcom to 2021-01-01 00:00:00+00:00, run_after=2021-01-01 00:00:00+00:00
[2024-02-27T10:55:30.399+0530] {processor.py:183} INFO - Processing /Users/anikbhowmick/Python/Big_Data_Assignment/A02/airflow_env/lib/python3.11/site-packages/airflow/example_dags/example_xcom.py took 0.075 seconds
[2024-02-27T10:57:13.990+0530] {processor.py:161} INFO - Started process (PID=2328) to work on /Users/anikbhowmick/Python/Big_Data_Assignment/A02/airflow_env/lib/python3.11/site-packages/airflow/example_dags/example_xcom.py
[2024-02-27T10:57:13.991+0530] {processor.py:830} INFO - Processing file /Users/anikbhowmick/Python/Big_Data_Assignment/A02/airflow_env/lib/python3.11/site-packages/airflow/example_dags/example_xcom.py for tasks to queue
[2024-02-27T10:57:13.992+0530] {logging_mixin.py:188} INFO - [2024-02-27T10:57:13.992+0530] {dagbag.py:540} INFO - Filling up the DagBag from /Users/anikbhowmick/Python/Big_Data_Assignment/A02/airflow_env/lib/python3.11/site-packages/airflow/example_dags/example_xcom.py
[2024-02-27T10:57:14.003+0530] {processor.py:840} INFO - DAG(s) 'example_xcom' retrieved from /Users/anikbhowmick/Python/Big_Data_Assignment/A02/airflow_env/lib/python3.11/site-packages/airflow/example_dags/example_xcom.py
[2024-02-27T10:57:14.053+0530] {logging_mixin.py:188} INFO - [2024-02-27T10:57:14.053+0530] {dag.py:3047} INFO - Sync 1 DAGs
[2024-02-27T10:57:14.058+0530] {logging_mixin.py:188} INFO - [2024-02-27T10:57:14.058+0530] {dag.py:3834} INFO - Setting next_dagrun for example_xcom to 2021-01-01 00:00:00+00:00, run_after=2021-01-01 00:00:00+00:00
[2024-02-27T10:57:14.065+0530] {processor.py:183} INFO - Processing /Users/anikbhowmick/Python/Big_Data_Assignment/A02/airflow_env/lib/python3.11/site-packages/airflow/example_dags/example_xcom.py took 0.075 seconds
[2024-02-27T10:58:50.210+0530] {processor.py:161} INFO - Started process (PID=2438) to work on /Users/anikbhowmick/Python/Big_Data_Assignment/A02/airflow_env/lib/python3.11/site-packages/airflow/example_dags/example_xcom.py
[2024-02-27T10:58:50.211+0530] {processor.py:830} INFO - Processing file /Users/anikbhowmick/Python/Big_Data_Assignment/A02/airflow_env/lib/python3.11/site-packages/airflow/example_dags/example_xcom.py for tasks to queue
[2024-02-27T10:58:50.211+0530] {logging_mixin.py:188} INFO - [2024-02-27T10:58:50.211+0530] {dagbag.py:540} INFO - Filling up the DagBag from /Users/anikbhowmick/Python/Big_Data_Assignment/A02/airflow_env/lib/python3.11/site-packages/airflow/example_dags/example_xcom.py
[2024-02-27T10:58:50.223+0530] {processor.py:840} INFO - DAG(s) 'example_xcom' retrieved from /Users/anikbhowmick/Python/Big_Data_Assignment/A02/airflow_env/lib/python3.11/site-packages/airflow/example_dags/example_xcom.py
[2024-02-27T10:58:50.271+0530] {logging_mixin.py:188} INFO - [2024-02-27T10:58:50.271+0530] {dag.py:3047} INFO - Sync 1 DAGs
[2024-02-27T10:58:50.277+0530] {logging_mixin.py:188} INFO - [2024-02-27T10:58:50.276+0530] {dag.py:3834} INFO - Setting next_dagrun for example_xcom to 2021-01-01 00:00:00+00:00, run_after=2021-01-01 00:00:00+00:00
[2024-02-27T10:58:50.283+0530] {processor.py:183} INFO - Processing /Users/anikbhowmick/Python/Big_Data_Assignment/A02/airflow_env/lib/python3.11/site-packages/airflow/example_dags/example_xcom.py took 0.073 seconds
[2024-02-27T10:59:44.301+0530] {processor.py:161} INFO - Started process (PID=2495) to work on /Users/anikbhowmick/Python/Big_Data_Assignment/A02/airflow_env/lib/python3.11/site-packages/airflow/example_dags/example_xcom.py
[2024-02-27T10:59:44.302+0530] {processor.py:830} INFO - Processing file /Users/anikbhowmick/Python/Big_Data_Assignment/A02/airflow_env/lib/python3.11/site-packages/airflow/example_dags/example_xcom.py for tasks to queue
[2024-02-27T10:59:44.302+0530] {logging_mixin.py:188} INFO - [2024-02-27T10:59:44.302+0530] {dagbag.py:540} INFO - Filling up the DagBag from /Users/anikbhowmick/Python/Big_Data_Assignment/A02/airflow_env/lib/python3.11/site-packages/airflow/example_dags/example_xcom.py
[2024-02-27T10:59:44.314+0530] {processor.py:840} INFO - DAG(s) 'example_xcom' retrieved from /Users/anikbhowmick/Python/Big_Data_Assignment/A02/airflow_env/lib/python3.11/site-packages/airflow/example_dags/example_xcom.py
[2024-02-27T10:59:44.362+0530] {logging_mixin.py:188} INFO - [2024-02-27T10:59:44.362+0530] {dag.py:3047} INFO - Sync 1 DAGs
[2024-02-27T10:59:44.367+0530] {logging_mixin.py:188} INFO - [2024-02-27T10:59:44.367+0530] {dag.py:3834} INFO - Setting next_dagrun for example_xcom to 2021-01-01 00:00:00+00:00, run_after=2021-01-01 00:00:00+00:00
[2024-02-27T10:59:44.373+0530] {processor.py:183} INFO - Processing /Users/anikbhowmick/Python/Big_Data_Assignment/A02/airflow_env/lib/python3.11/site-packages/airflow/example_dags/example_xcom.py took 0.073 seconds
[2024-02-27T11:01:44.819+0530] {processor.py:161} INFO - Started process (PID=2663) to work on /Users/anikbhowmick/Python/Big_Data_Assignment/A02/airflow_env/lib/python3.11/site-packages/airflow/example_dags/example_xcom.py
[2024-02-27T11:01:44.820+0530] {processor.py:830} INFO - Processing file /Users/anikbhowmick/Python/Big_Data_Assignment/A02/airflow_env/lib/python3.11/site-packages/airflow/example_dags/example_xcom.py for tasks to queue
[2024-02-27T11:01:44.820+0530] {logging_mixin.py:188} INFO - [2024-02-27T11:01:44.820+0530] {dagbag.py:540} INFO - Filling up the DagBag from /Users/anikbhowmick/Python/Big_Data_Assignment/A02/airflow_env/lib/python3.11/site-packages/airflow/example_dags/example_xcom.py
[2024-02-27T11:01:44.832+0530] {processor.py:840} INFO - DAG(s) 'example_xcom' retrieved from /Users/anikbhowmick/Python/Big_Data_Assignment/A02/airflow_env/lib/python3.11/site-packages/airflow/example_dags/example_xcom.py
[2024-02-27T11:01:44.882+0530] {logging_mixin.py:188} INFO - [2024-02-27T11:01:44.882+0530] {dag.py:3047} INFO - Sync 1 DAGs
[2024-02-27T11:01:44.887+0530] {logging_mixin.py:188} INFO - [2024-02-27T11:01:44.887+0530] {dag.py:3834} INFO - Setting next_dagrun for example_xcom to 2021-01-01 00:00:00+00:00, run_after=2021-01-01 00:00:00+00:00
[2024-02-27T11:01:44.894+0530] {processor.py:183} INFO - Processing /Users/anikbhowmick/Python/Big_Data_Assignment/A02/airflow_env/lib/python3.11/site-packages/airflow/example_dags/example_xcom.py took 0.075 seconds
[2024-02-27T11:03:02.465+0530] {processor.py:161} INFO - Started process (PID=2752) to work on /Users/anikbhowmick/Python/Big_Data_Assignment/A02/airflow_env/lib/python3.11/site-packages/airflow/example_dags/example_xcom.py
[2024-02-27T11:03:02.466+0530] {processor.py:830} INFO - Processing file /Users/anikbhowmick/Python/Big_Data_Assignment/A02/airflow_env/lib/python3.11/site-packages/airflow/example_dags/example_xcom.py for tasks to queue
[2024-02-27T11:03:02.466+0530] {logging_mixin.py:188} INFO - [2024-02-27T11:03:02.466+0530] {dagbag.py:540} INFO - Filling up the DagBag from /Users/anikbhowmick/Python/Big_Data_Assignment/A02/airflow_env/lib/python3.11/site-packages/airflow/example_dags/example_xcom.py
[2024-02-27T11:03:02.478+0530] {processor.py:840} INFO - DAG(s) 'example_xcom' retrieved from /Users/anikbhowmick/Python/Big_Data_Assignment/A02/airflow_env/lib/python3.11/site-packages/airflow/example_dags/example_xcom.py
[2024-02-27T11:03:02.529+0530] {logging_mixin.py:188} INFO - [2024-02-27T11:03:02.528+0530] {dag.py:3047} INFO - Sync 1 DAGs
[2024-02-27T11:03:02.534+0530] {logging_mixin.py:188} INFO - [2024-02-27T11:03:02.534+0530] {dag.py:3834} INFO - Setting next_dagrun for example_xcom to 2021-01-01 00:00:00+00:00, run_after=2021-01-01 00:00:00+00:00
[2024-02-27T11:03:02.540+0530] {processor.py:183} INFO - Processing /Users/anikbhowmick/Python/Big_Data_Assignment/A02/airflow_env/lib/python3.11/site-packages/airflow/example_dags/example_xcom.py took 0.076 seconds
[2024-02-27T11:03:51.610+0530] {processor.py:161} INFO - Started process (PID=2806) to work on /Users/anikbhowmick/Python/Big_Data_Assignment/A02/airflow_env/lib/python3.11/site-packages/airflow/example_dags/example_xcom.py
[2024-02-27T11:03:51.611+0530] {processor.py:830} INFO - Processing file /Users/anikbhowmick/Python/Big_Data_Assignment/A02/airflow_env/lib/python3.11/site-packages/airflow/example_dags/example_xcom.py for tasks to queue
[2024-02-27T11:03:51.611+0530] {logging_mixin.py:188} INFO - [2024-02-27T11:03:51.611+0530] {dagbag.py:540} INFO - Filling up the DagBag from /Users/anikbhowmick/Python/Big_Data_Assignment/A02/airflow_env/lib/python3.11/site-packages/airflow/example_dags/example_xcom.py
[2024-02-27T11:03:51.623+0530] {processor.py:840} INFO - DAG(s) 'example_xcom' retrieved from /Users/anikbhowmick/Python/Big_Data_Assignment/A02/airflow_env/lib/python3.11/site-packages/airflow/example_dags/example_xcom.py
[2024-02-27T11:03:51.672+0530] {logging_mixin.py:188} INFO - [2024-02-27T11:03:51.672+0530] {dag.py:3047} INFO - Sync 1 DAGs
[2024-02-27T11:03:51.677+0530] {logging_mixin.py:188} INFO - [2024-02-27T11:03:51.677+0530] {dag.py:3834} INFO - Setting next_dagrun for example_xcom to 2021-01-01 00:00:00+00:00, run_after=2021-01-01 00:00:00+00:00
[2024-02-27T11:03:51.683+0530] {processor.py:183} INFO - Processing /Users/anikbhowmick/Python/Big_Data_Assignment/A02/airflow_env/lib/python3.11/site-packages/airflow/example_dags/example_xcom.py took 0.073 seconds
[2024-02-27T11:04:45.667+0530] {processor.py:161} INFO - Started process (PID=2861) to work on /Users/anikbhowmick/Python/Big_Data_Assignment/A02/airflow_env/lib/python3.11/site-packages/airflow/example_dags/example_xcom.py
[2024-02-27T11:04:45.667+0530] {processor.py:830} INFO - Processing file /Users/anikbhowmick/Python/Big_Data_Assignment/A02/airflow_env/lib/python3.11/site-packages/airflow/example_dags/example_xcom.py for tasks to queue
[2024-02-27T11:04:45.668+0530] {logging_mixin.py:188} INFO - [2024-02-27T11:04:45.668+0530] {dagbag.py:540} INFO - Filling up the DagBag from /Users/anikbhowmick/Python/Big_Data_Assignment/A02/airflow_env/lib/python3.11/site-packages/airflow/example_dags/example_xcom.py
[2024-02-27T11:04:45.680+0530] {processor.py:840} INFO - DAG(s) 'example_xcom' retrieved from /Users/anikbhowmick/Python/Big_Data_Assignment/A02/airflow_env/lib/python3.11/site-packages/airflow/example_dags/example_xcom.py
[2024-02-27T11:04:45.728+0530] {logging_mixin.py:188} INFO - [2024-02-27T11:04:45.728+0530] {dag.py:3047} INFO - Sync 1 DAGs
[2024-02-27T11:04:45.734+0530] {logging_mixin.py:188} INFO - [2024-02-27T11:04:45.734+0530] {dag.py:3834} INFO - Setting next_dagrun for example_xcom to 2021-01-01 00:00:00+00:00, run_after=2021-01-01 00:00:00+00:00
[2024-02-27T11:04:45.740+0530] {processor.py:183} INFO - Processing /Users/anikbhowmick/Python/Big_Data_Assignment/A02/airflow_env/lib/python3.11/site-packages/airflow/example_dags/example_xcom.py took 0.073 seconds
[2024-02-27T11:05:40.982+0530] {processor.py:161} INFO - Started process (PID=2913) to work on /Users/anikbhowmick/Python/Big_Data_Assignment/A02/airflow_env/lib/python3.11/site-packages/airflow/example_dags/example_xcom.py
[2024-02-27T11:05:40.983+0530] {processor.py:830} INFO - Processing file /Users/anikbhowmick/Python/Big_Data_Assignment/A02/airflow_env/lib/python3.11/site-packages/airflow/example_dags/example_xcom.py for tasks to queue
[2024-02-27T11:05:40.983+0530] {logging_mixin.py:188} INFO - [2024-02-27T11:05:40.983+0530] {dagbag.py:540} INFO - Filling up the DagBag from /Users/anikbhowmick/Python/Big_Data_Assignment/A02/airflow_env/lib/python3.11/site-packages/airflow/example_dags/example_xcom.py
[2024-02-27T11:05:40.995+0530] {processor.py:840} INFO - DAG(s) 'example_xcom' retrieved from /Users/anikbhowmick/Python/Big_Data_Assignment/A02/airflow_env/lib/python3.11/site-packages/airflow/example_dags/example_xcom.py
[2024-02-27T11:05:41.044+0530] {logging_mixin.py:188} INFO - [2024-02-27T11:05:41.044+0530] {dag.py:3047} INFO - Sync 1 DAGs
[2024-02-27T11:05:41.049+0530] {logging_mixin.py:188} INFO - [2024-02-27T11:05:41.049+0530] {dag.py:3834} INFO - Setting next_dagrun for example_xcom to 2021-01-01 00:00:00+00:00, run_after=2021-01-01 00:00:00+00:00
[2024-02-27T11:05:41.055+0530] {processor.py:183} INFO - Processing /Users/anikbhowmick/Python/Big_Data_Assignment/A02/airflow_env/lib/python3.11/site-packages/airflow/example_dags/example_xcom.py took 0.074 seconds
[2024-02-27T11:06:34.480+0530] {processor.py:161} INFO - Started process (PID=2949) to work on /Users/anikbhowmick/Python/Big_Data_Assignment/A02/airflow_env/lib/python3.11/site-packages/airflow/example_dags/example_xcom.py
[2024-02-27T11:06:34.480+0530] {processor.py:830} INFO - Processing file /Users/anikbhowmick/Python/Big_Data_Assignment/A02/airflow_env/lib/python3.11/site-packages/airflow/example_dags/example_xcom.py for tasks to queue
[2024-02-27T11:06:34.480+0530] {logging_mixin.py:188} INFO - [2024-02-27T11:06:34.480+0530] {dagbag.py:540} INFO - Filling up the DagBag from /Users/anikbhowmick/Python/Big_Data_Assignment/A02/airflow_env/lib/python3.11/site-packages/airflow/example_dags/example_xcom.py
[2024-02-27T11:06:34.492+0530] {processor.py:840} INFO - DAG(s) 'example_xcom' retrieved from /Users/anikbhowmick/Python/Big_Data_Assignment/A02/airflow_env/lib/python3.11/site-packages/airflow/example_dags/example_xcom.py
[2024-02-27T11:06:34.541+0530] {logging_mixin.py:188} INFO - [2024-02-27T11:06:34.541+0530] {dag.py:3047} INFO - Sync 1 DAGs
[2024-02-27T11:06:34.546+0530] {logging_mixin.py:188} INFO - [2024-02-27T11:06:34.546+0530] {dag.py:3834} INFO - Setting next_dagrun for example_xcom to 2021-01-01 00:00:00+00:00, run_after=2021-01-01 00:00:00+00:00
[2024-02-27T11:06:34.552+0530] {processor.py:183} INFO - Processing /Users/anikbhowmick/Python/Big_Data_Assignment/A02/airflow_env/lib/python3.11/site-packages/airflow/example_dags/example_xcom.py took 0.073 seconds
[2024-02-27T11:07:26.372+0530] {processor.py:161} INFO - Started process (PID=2984) to work on /Users/anikbhowmick/Python/Big_Data_Assignment/A02/airflow_env/lib/python3.11/site-packages/airflow/example_dags/example_xcom.py
[2024-02-27T11:07:26.373+0530] {processor.py:830} INFO - Processing file /Users/anikbhowmick/Python/Big_Data_Assignment/A02/airflow_env/lib/python3.11/site-packages/airflow/example_dags/example_xcom.py for tasks to queue
[2024-02-27T11:07:26.374+0530] {logging_mixin.py:188} INFO - [2024-02-27T11:07:26.373+0530] {dagbag.py:540} INFO - Filling up the DagBag from /Users/anikbhowmick/Python/Big_Data_Assignment/A02/airflow_env/lib/python3.11/site-packages/airflow/example_dags/example_xcom.py
[2024-02-27T11:07:26.385+0530] {processor.py:840} INFO - DAG(s) 'example_xcom' retrieved from /Users/anikbhowmick/Python/Big_Data_Assignment/A02/airflow_env/lib/python3.11/site-packages/airflow/example_dags/example_xcom.py
[2024-02-27T11:07:26.434+0530] {logging_mixin.py:188} INFO - [2024-02-27T11:07:26.434+0530] {dag.py:3047} INFO - Sync 1 DAGs
[2024-02-27T11:07:26.439+0530] {logging_mixin.py:188} INFO - [2024-02-27T11:07:26.439+0530] {dag.py:3834} INFO - Setting next_dagrun for example_xcom to 2021-01-01 00:00:00+00:00, run_after=2021-01-01 00:00:00+00:00
[2024-02-27T11:07:26.445+0530] {processor.py:183} INFO - Processing /Users/anikbhowmick/Python/Big_Data_Assignment/A02/airflow_env/lib/python3.11/site-packages/airflow/example_dags/example_xcom.py took 0.073 seconds
[2024-02-27T11:09:08.821+0530] {processor.py:161} INFO - Started process (PID=3113) to work on /Users/anikbhowmick/Python/Big_Data_Assignment/A02/airflow_env/lib/python3.11/site-packages/airflow/example_dags/example_xcom.py
[2024-02-27T11:09:08.822+0530] {processor.py:830} INFO - Processing file /Users/anikbhowmick/Python/Big_Data_Assignment/A02/airflow_env/lib/python3.11/site-packages/airflow/example_dags/example_xcom.py for tasks to queue
[2024-02-27T11:09:08.822+0530] {logging_mixin.py:188} INFO - [2024-02-27T11:09:08.822+0530] {dagbag.py:540} INFO - Filling up the DagBag from /Users/anikbhowmick/Python/Big_Data_Assignment/A02/airflow_env/lib/python3.11/site-packages/airflow/example_dags/example_xcom.py
[2024-02-27T11:09:08.834+0530] {processor.py:840} INFO - DAG(s) 'example_xcom' retrieved from /Users/anikbhowmick/Python/Big_Data_Assignment/A02/airflow_env/lib/python3.11/site-packages/airflow/example_dags/example_xcom.py
[2024-02-27T11:09:08.884+0530] {logging_mixin.py:188} INFO - [2024-02-27T11:09:08.883+0530] {dag.py:3047} INFO - Sync 1 DAGs
[2024-02-27T11:09:08.889+0530] {logging_mixin.py:188} INFO - [2024-02-27T11:09:08.889+0530] {dag.py:3834} INFO - Setting next_dagrun for example_xcom to 2021-01-01 00:00:00+00:00, run_after=2021-01-01 00:00:00+00:00
[2024-02-27T11:09:08.895+0530] {processor.py:183} INFO - Processing /Users/anikbhowmick/Python/Big_Data_Assignment/A02/airflow_env/lib/python3.11/site-packages/airflow/example_dags/example_xcom.py took 0.075 seconds
[2024-02-27T11:10:00.293+0530] {processor.py:161} INFO - Started process (PID=3149) to work on /Users/anikbhowmick/Python/Big_Data_Assignment/A02/airflow_env/lib/python3.11/site-packages/airflow/example_dags/example_xcom.py
[2024-02-27T11:10:00.293+0530] {processor.py:830} INFO - Processing file /Users/anikbhowmick/Python/Big_Data_Assignment/A02/airflow_env/lib/python3.11/site-packages/airflow/example_dags/example_xcom.py for tasks to queue
[2024-02-27T11:10:00.294+0530] {logging_mixin.py:188} INFO - [2024-02-27T11:10:00.293+0530] {dagbag.py:540} INFO - Filling up the DagBag from /Users/anikbhowmick/Python/Big_Data_Assignment/A02/airflow_env/lib/python3.11/site-packages/airflow/example_dags/example_xcom.py
[2024-02-27T11:10:00.306+0530] {processor.py:840} INFO - DAG(s) 'example_xcom' retrieved from /Users/anikbhowmick/Python/Big_Data_Assignment/A02/airflow_env/lib/python3.11/site-packages/airflow/example_dags/example_xcom.py
[2024-02-27T11:10:00.355+0530] {logging_mixin.py:188} INFO - [2024-02-27T11:10:00.355+0530] {dag.py:3047} INFO - Sync 1 DAGs
[2024-02-27T11:10:00.361+0530] {logging_mixin.py:188} INFO - [2024-02-27T11:10:00.360+0530] {dag.py:3834} INFO - Setting next_dagrun for example_xcom to 2021-01-01 00:00:00+00:00, run_after=2021-01-01 00:00:00+00:00
[2024-02-27T11:10:00.367+0530] {processor.py:183} INFO - Processing /Users/anikbhowmick/Python/Big_Data_Assignment/A02/airflow_env/lib/python3.11/site-packages/airflow/example_dags/example_xcom.py took 0.074 seconds
[2024-02-27T11:11:35.742+0530] {processor.py:161} INFO - Started process (PID=3238) to work on /Users/anikbhowmick/Python/Big_Data_Assignment/A02/airflow_env/lib/python3.11/site-packages/airflow/example_dags/example_xcom.py
[2024-02-27T11:11:35.743+0530] {processor.py:830} INFO - Processing file /Users/anikbhowmick/Python/Big_Data_Assignment/A02/airflow_env/lib/python3.11/site-packages/airflow/example_dags/example_xcom.py for tasks to queue
[2024-02-27T11:11:35.743+0530] {logging_mixin.py:188} INFO - [2024-02-27T11:11:35.743+0530] {dagbag.py:540} INFO - Filling up the DagBag from /Users/anikbhowmick/Python/Big_Data_Assignment/A02/airflow_env/lib/python3.11/site-packages/airflow/example_dags/example_xcom.py
[2024-02-27T11:11:35.755+0530] {processor.py:840} INFO - DAG(s) 'example_xcom' retrieved from /Users/anikbhowmick/Python/Big_Data_Assignment/A02/airflow_env/lib/python3.11/site-packages/airflow/example_dags/example_xcom.py
[2024-02-27T11:11:35.806+0530] {logging_mixin.py:188} INFO - [2024-02-27T11:11:35.806+0530] {dag.py:3047} INFO - Sync 1 DAGs
[2024-02-27T11:11:35.811+0530] {logging_mixin.py:188} INFO - [2024-02-27T11:11:35.811+0530] {dag.py:3834} INFO - Setting next_dagrun for example_xcom to 2021-01-01 00:00:00+00:00, run_after=2021-01-01 00:00:00+00:00
[2024-02-27T11:11:35.817+0530] {processor.py:183} INFO - Processing /Users/anikbhowmick/Python/Big_Data_Assignment/A02/airflow_env/lib/python3.11/site-packages/airflow/example_dags/example_xcom.py took 0.075 seconds
[2024-02-27T11:12:26.756+0530] {processor.py:161} INFO - Started process (PID=3290) to work on /Users/anikbhowmick/Python/Big_Data_Assignment/A02/airflow_env/lib/python3.11/site-packages/airflow/example_dags/example_xcom.py
[2024-02-27T11:12:26.756+0530] {processor.py:830} INFO - Processing file /Users/anikbhowmick/Python/Big_Data_Assignment/A02/airflow_env/lib/python3.11/site-packages/airflow/example_dags/example_xcom.py for tasks to queue
[2024-02-27T11:12:26.757+0530] {logging_mixin.py:188} INFO - [2024-02-27T11:12:26.757+0530] {dagbag.py:540} INFO - Filling up the DagBag from /Users/anikbhowmick/Python/Big_Data_Assignment/A02/airflow_env/lib/python3.11/site-packages/airflow/example_dags/example_xcom.py
[2024-02-27T11:12:26.769+0530] {processor.py:840} INFO - DAG(s) 'example_xcom' retrieved from /Users/anikbhowmick/Python/Big_Data_Assignment/A02/airflow_env/lib/python3.11/site-packages/airflow/example_dags/example_xcom.py
[2024-02-27T11:12:26.818+0530] {logging_mixin.py:188} INFO - [2024-02-27T11:12:26.818+0530] {dag.py:3047} INFO - Sync 1 DAGs
[2024-02-27T11:12:26.823+0530] {logging_mixin.py:188} INFO - [2024-02-27T11:12:26.823+0530] {dag.py:3834} INFO - Setting next_dagrun for example_xcom to 2021-01-01 00:00:00+00:00, run_after=2021-01-01 00:00:00+00:00
[2024-02-27T11:12:26.829+0530] {processor.py:183} INFO - Processing /Users/anikbhowmick/Python/Big_Data_Assignment/A02/airflow_env/lib/python3.11/site-packages/airflow/example_dags/example_xcom.py took 0.074 seconds
[2024-02-27T11:13:22.245+0530] {processor.py:161} INFO - Started process (PID=3330) to work on /Users/anikbhowmick/Python/Big_Data_Assignment/A02/airflow_env/lib/python3.11/site-packages/airflow/example_dags/example_xcom.py
[2024-02-27T11:13:22.245+0530] {processor.py:830} INFO - Processing file /Users/anikbhowmick/Python/Big_Data_Assignment/A02/airflow_env/lib/python3.11/site-packages/airflow/example_dags/example_xcom.py for tasks to queue
[2024-02-27T11:13:22.245+0530] {logging_mixin.py:188} INFO - [2024-02-27T11:13:22.245+0530] {dagbag.py:540} INFO - Filling up the DagBag from /Users/anikbhowmick/Python/Big_Data_Assignment/A02/airflow_env/lib/python3.11/site-packages/airflow/example_dags/example_xcom.py
[2024-02-27T11:13:22.258+0530] {processor.py:840} INFO - DAG(s) 'example_xcom' retrieved from /Users/anikbhowmick/Python/Big_Data_Assignment/A02/airflow_env/lib/python3.11/site-packages/airflow/example_dags/example_xcom.py
[2024-02-27T11:13:22.307+0530] {logging_mixin.py:188} INFO - [2024-02-27T11:13:22.307+0530] {dag.py:3047} INFO - Sync 1 DAGs
[2024-02-27T11:13:22.312+0530] {logging_mixin.py:188} INFO - [2024-02-27T11:13:22.312+0530] {dag.py:3834} INFO - Setting next_dagrun for example_xcom to 2021-01-01 00:00:00+00:00, run_after=2021-01-01 00:00:00+00:00
[2024-02-27T11:13:22.318+0530] {processor.py:183} INFO - Processing /Users/anikbhowmick/Python/Big_Data_Assignment/A02/airflow_env/lib/python3.11/site-packages/airflow/example_dags/example_xcom.py took 0.074 seconds
[2024-02-27T11:14:19.736+0530] {processor.py:161} INFO - Started process (PID=3392) to work on /Users/anikbhowmick/Python/Big_Data_Assignment/A02/airflow_env/lib/python3.11/site-packages/airflow/example_dags/example_xcom.py
[2024-02-27T11:14:19.736+0530] {processor.py:830} INFO - Processing file /Users/anikbhowmick/Python/Big_Data_Assignment/A02/airflow_env/lib/python3.11/site-packages/airflow/example_dags/example_xcom.py for tasks to queue
[2024-02-27T11:14:19.736+0530] {logging_mixin.py:188} INFO - [2024-02-27T11:14:19.736+0530] {dagbag.py:540} INFO - Filling up the DagBag from /Users/anikbhowmick/Python/Big_Data_Assignment/A02/airflow_env/lib/python3.11/site-packages/airflow/example_dags/example_xcom.py
[2024-02-27T11:14:19.749+0530] {processor.py:840} INFO - DAG(s) 'example_xcom' retrieved from /Users/anikbhowmick/Python/Big_Data_Assignment/A02/airflow_env/lib/python3.11/site-packages/airflow/example_dags/example_xcom.py
[2024-02-27T11:14:19.798+0530] {logging_mixin.py:188} INFO - [2024-02-27T11:14:19.798+0530] {dag.py:3047} INFO - Sync 1 DAGs
[2024-02-27T11:14:19.804+0530] {logging_mixin.py:188} INFO - [2024-02-27T11:14:19.804+0530] {dag.py:3834} INFO - Setting next_dagrun for example_xcom to 2021-01-01 00:00:00+00:00, run_after=2021-01-01 00:00:00+00:00
[2024-02-27T11:14:19.810+0530] {processor.py:183} INFO - Processing /Users/anikbhowmick/Python/Big_Data_Assignment/A02/airflow_env/lib/python3.11/site-packages/airflow/example_dags/example_xcom.py took 0.075 seconds
[2024-02-27T11:15:13.538+0530] {processor.py:161} INFO - Started process (PID=3426) to work on /Users/anikbhowmick/Python/Big_Data_Assignment/A02/airflow_env/lib/python3.11/site-packages/airflow/example_dags/example_xcom.py
[2024-02-27T11:15:13.539+0530] {processor.py:830} INFO - Processing file /Users/anikbhowmick/Python/Big_Data_Assignment/A02/airflow_env/lib/python3.11/site-packages/airflow/example_dags/example_xcom.py for tasks to queue
[2024-02-27T11:15:13.539+0530] {logging_mixin.py:188} INFO - [2024-02-27T11:15:13.539+0530] {dagbag.py:540} INFO - Filling up the DagBag from /Users/anikbhowmick/Python/Big_Data_Assignment/A02/airflow_env/lib/python3.11/site-packages/airflow/example_dags/example_xcom.py
[2024-02-27T11:15:13.551+0530] {processor.py:840} INFO - DAG(s) 'example_xcom' retrieved from /Users/anikbhowmick/Python/Big_Data_Assignment/A02/airflow_env/lib/python3.11/site-packages/airflow/example_dags/example_xcom.py
[2024-02-27T11:15:13.600+0530] {logging_mixin.py:188} INFO - [2024-02-27T11:15:13.600+0530] {dag.py:3047} INFO - Sync 1 DAGs
[2024-02-27T11:15:13.606+0530] {logging_mixin.py:188} INFO - [2024-02-27T11:15:13.605+0530] {dag.py:3834} INFO - Setting next_dagrun for example_xcom to 2021-01-01 00:00:00+00:00, run_after=2021-01-01 00:00:00+00:00
[2024-02-27T11:15:13.612+0530] {processor.py:183} INFO - Processing /Users/anikbhowmick/Python/Big_Data_Assignment/A02/airflow_env/lib/python3.11/site-packages/airflow/example_dags/example_xcom.py took 0.074 seconds
[2024-02-27T11:16:53.851+0530] {processor.py:161} INFO - Started process (PID=3499) to work on /Users/anikbhowmick/Python/Big_Data_Assignment/A02/airflow_env/lib/python3.11/site-packages/airflow/example_dags/example_xcom.py
[2024-02-27T11:16:53.851+0530] {processor.py:830} INFO - Processing file /Users/anikbhowmick/Python/Big_Data_Assignment/A02/airflow_env/lib/python3.11/site-packages/airflow/example_dags/example_xcom.py for tasks to queue
[2024-02-27T11:16:53.851+0530] {logging_mixin.py:188} INFO - [2024-02-27T11:16:53.851+0530] {dagbag.py:540} INFO - Filling up the DagBag from /Users/anikbhowmick/Python/Big_Data_Assignment/A02/airflow_env/lib/python3.11/site-packages/airflow/example_dags/example_xcom.py
[2024-02-27T11:16:53.863+0530] {processor.py:840} INFO - DAG(s) 'example_xcom' retrieved from /Users/anikbhowmick/Python/Big_Data_Assignment/A02/airflow_env/lib/python3.11/site-packages/airflow/example_dags/example_xcom.py
[2024-02-27T11:16:53.912+0530] {logging_mixin.py:188} INFO - [2024-02-27T11:16:53.912+0530] {dag.py:3047} INFO - Sync 1 DAGs
[2024-02-27T11:16:53.918+0530] {logging_mixin.py:188} INFO - [2024-02-27T11:16:53.917+0530] {dag.py:3834} INFO - Setting next_dagrun for example_xcom to 2021-01-01 00:00:00+00:00, run_after=2021-01-01 00:00:00+00:00
[2024-02-27T11:16:53.924+0530] {processor.py:183} INFO - Processing /Users/anikbhowmick/Python/Big_Data_Assignment/A02/airflow_env/lib/python3.11/site-packages/airflow/example_dags/example_xcom.py took 0.074 seconds
[2024-02-27T11:17:51.179+0530] {processor.py:161} INFO - Started process (PID=3535) to work on /Users/anikbhowmick/Python/Big_Data_Assignment/A02/airflow_env/lib/python3.11/site-packages/airflow/example_dags/example_xcom.py
[2024-02-27T11:17:51.180+0530] {processor.py:830} INFO - Processing file /Users/anikbhowmick/Python/Big_Data_Assignment/A02/airflow_env/lib/python3.11/site-packages/airflow/example_dags/example_xcom.py for tasks to queue
[2024-02-27T11:17:51.180+0530] {logging_mixin.py:188} INFO - [2024-02-27T11:17:51.180+0530] {dagbag.py:540} INFO - Filling up the DagBag from /Users/anikbhowmick/Python/Big_Data_Assignment/A02/airflow_env/lib/python3.11/site-packages/airflow/example_dags/example_xcom.py
[2024-02-27T11:17:51.192+0530] {processor.py:840} INFO - DAG(s) 'example_xcom' retrieved from /Users/anikbhowmick/Python/Big_Data_Assignment/A02/airflow_env/lib/python3.11/site-packages/airflow/example_dags/example_xcom.py
[2024-02-27T11:17:51.242+0530] {logging_mixin.py:188} INFO - [2024-02-27T11:17:51.242+0530] {dag.py:3047} INFO - Sync 1 DAGs
[2024-02-27T11:17:51.247+0530] {logging_mixin.py:188} INFO - [2024-02-27T11:17:51.247+0530] {dag.py:3834} INFO - Setting next_dagrun for example_xcom to 2021-01-01 00:00:00+00:00, run_after=2021-01-01 00:00:00+00:00
[2024-02-27T11:17:51.253+0530] {processor.py:183} INFO - Processing /Users/anikbhowmick/Python/Big_Data_Assignment/A02/airflow_env/lib/python3.11/site-packages/airflow/example_dags/example_xcom.py took 0.075 seconds
[2024-02-27T11:18:48.480+0530] {processor.py:161} INFO - Started process (PID=3576) to work on /Users/anikbhowmick/Python/Big_Data_Assignment/A02/airflow_env/lib/python3.11/site-packages/airflow/example_dags/example_xcom.py
[2024-02-27T11:18:48.481+0530] {processor.py:830} INFO - Processing file /Users/anikbhowmick/Python/Big_Data_Assignment/A02/airflow_env/lib/python3.11/site-packages/airflow/example_dags/example_xcom.py for tasks to queue
[2024-02-27T11:18:48.482+0530] {logging_mixin.py:188} INFO - [2024-02-27T11:18:48.482+0530] {dagbag.py:540} INFO - Filling up the DagBag from /Users/anikbhowmick/Python/Big_Data_Assignment/A02/airflow_env/lib/python3.11/site-packages/airflow/example_dags/example_xcom.py
[2024-02-27T11:18:48.494+0530] {processor.py:840} INFO - DAG(s) 'example_xcom' retrieved from /Users/anikbhowmick/Python/Big_Data_Assignment/A02/airflow_env/lib/python3.11/site-packages/airflow/example_dags/example_xcom.py
[2024-02-27T11:18:48.544+0530] {logging_mixin.py:188} INFO - [2024-02-27T11:18:48.544+0530] {dag.py:3047} INFO - Sync 1 DAGs
[2024-02-27T11:18:48.550+0530] {logging_mixin.py:188} INFO - [2024-02-27T11:18:48.550+0530] {dag.py:3834} INFO - Setting next_dagrun for example_xcom to 2021-01-01 00:00:00+00:00, run_after=2021-01-01 00:00:00+00:00
[2024-02-27T11:18:48.556+0530] {processor.py:183} INFO - Processing /Users/anikbhowmick/Python/Big_Data_Assignment/A02/airflow_env/lib/python3.11/site-packages/airflow/example_dags/example_xcom.py took 0.076 seconds
[2024-02-27T11:19:59.712+0530] {processor.py:161} INFO - Started process (PID=3659) to work on /Users/anikbhowmick/Python/Big_Data_Assignment/A02/airflow_env/lib/python3.11/site-packages/airflow/example_dags/example_xcom.py
[2024-02-27T11:19:59.713+0530] {processor.py:830} INFO - Processing file /Users/anikbhowmick/Python/Big_Data_Assignment/A02/airflow_env/lib/python3.11/site-packages/airflow/example_dags/example_xcom.py for tasks to queue
[2024-02-27T11:19:59.713+0530] {logging_mixin.py:188} INFO - [2024-02-27T11:19:59.713+0530] {dagbag.py:540} INFO - Filling up the DagBag from /Users/anikbhowmick/Python/Big_Data_Assignment/A02/airflow_env/lib/python3.11/site-packages/airflow/example_dags/example_xcom.py
[2024-02-27T11:19:59.725+0530] {processor.py:840} INFO - DAG(s) 'example_xcom' retrieved from /Users/anikbhowmick/Python/Big_Data_Assignment/A02/airflow_env/lib/python3.11/site-packages/airflow/example_dags/example_xcom.py
[2024-02-27T11:19:59.776+0530] {logging_mixin.py:188} INFO - [2024-02-27T11:19:59.776+0530] {dag.py:3047} INFO - Sync 1 DAGs
[2024-02-27T11:19:59.781+0530] {logging_mixin.py:188} INFO - [2024-02-27T11:19:59.781+0530] {dag.py:3834} INFO - Setting next_dagrun for example_xcom to 2021-01-01 00:00:00+00:00, run_after=2021-01-01 00:00:00+00:00
[2024-02-27T11:19:59.787+0530] {processor.py:183} INFO - Processing /Users/anikbhowmick/Python/Big_Data_Assignment/A02/airflow_env/lib/python3.11/site-packages/airflow/example_dags/example_xcom.py took 0.075 seconds
[2024-02-27T11:21:24.551+0530] {processor.py:161} INFO - Started process (PID=3712) to work on /Users/anikbhowmick/Python/Big_Data_Assignment/A02/airflow_env/lib/python3.11/site-packages/airflow/example_dags/example_xcom.py
[2024-02-27T11:21:24.552+0530] {processor.py:830} INFO - Processing file /Users/anikbhowmick/Python/Big_Data_Assignment/A02/airflow_env/lib/python3.11/site-packages/airflow/example_dags/example_xcom.py for tasks to queue
[2024-02-27T11:21:24.552+0530] {logging_mixin.py:188} INFO - [2024-02-27T11:21:24.552+0530] {dagbag.py:540} INFO - Filling up the DagBag from /Users/anikbhowmick/Python/Big_Data_Assignment/A02/airflow_env/lib/python3.11/site-packages/airflow/example_dags/example_xcom.py
[2024-02-27T11:21:24.564+0530] {processor.py:840} INFO - DAG(s) 'example_xcom' retrieved from /Users/anikbhowmick/Python/Big_Data_Assignment/A02/airflow_env/lib/python3.11/site-packages/airflow/example_dags/example_xcom.py
[2024-02-27T11:21:24.612+0530] {logging_mixin.py:188} INFO - [2024-02-27T11:21:24.612+0530] {dag.py:3047} INFO - Sync 1 DAGs
[2024-02-27T11:21:24.618+0530] {logging_mixin.py:188} INFO - [2024-02-27T11:21:24.618+0530] {dag.py:3834} INFO - Setting next_dagrun for example_xcom to 2021-01-01 00:00:00+00:00, run_after=2021-01-01 00:00:00+00:00
[2024-02-27T11:21:24.624+0530] {processor.py:183} INFO - Processing /Users/anikbhowmick/Python/Big_Data_Assignment/A02/airflow_env/lib/python3.11/site-packages/airflow/example_dags/example_xcom.py took 0.073 seconds
[2024-02-27T11:22:23.485+0530] {processor.py:161} INFO - Started process (PID=3780) to work on /Users/anikbhowmick/Python/Big_Data_Assignment/A02/airflow_env/lib/python3.11/site-packages/airflow/example_dags/example_xcom.py
[2024-02-27T11:22:23.486+0530] {processor.py:830} INFO - Processing file /Users/anikbhowmick/Python/Big_Data_Assignment/A02/airflow_env/lib/python3.11/site-packages/airflow/example_dags/example_xcom.py for tasks to queue
[2024-02-27T11:22:23.487+0530] {logging_mixin.py:188} INFO - [2024-02-27T11:22:23.487+0530] {dagbag.py:540} INFO - Filling up the DagBag from /Users/anikbhowmick/Python/Big_Data_Assignment/A02/airflow_env/lib/python3.11/site-packages/airflow/example_dags/example_xcom.py
[2024-02-27T11:22:23.498+0530] {processor.py:840} INFO - DAG(s) 'example_xcom' retrieved from /Users/anikbhowmick/Python/Big_Data_Assignment/A02/airflow_env/lib/python3.11/site-packages/airflow/example_dags/example_xcom.py
[2024-02-27T11:22:23.546+0530] {logging_mixin.py:188} INFO - [2024-02-27T11:22:23.546+0530] {dag.py:3047} INFO - Sync 1 DAGs
[2024-02-27T11:22:23.552+0530] {logging_mixin.py:188} INFO - [2024-02-27T11:22:23.552+0530] {dag.py:3834} INFO - Setting next_dagrun for example_xcom to 2021-01-01 00:00:00+00:00, run_after=2021-01-01 00:00:00+00:00
[2024-02-27T11:22:23.558+0530] {processor.py:183} INFO - Processing /Users/anikbhowmick/Python/Big_Data_Assignment/A02/airflow_env/lib/python3.11/site-packages/airflow/example_dags/example_xcom.py took 0.073 seconds
[2024-02-27T11:23:58.287+0530] {processor.py:161} INFO - Started process (PID=3880) to work on /Users/anikbhowmick/Python/Big_Data_Assignment/A02/airflow_env/lib/python3.11/site-packages/airflow/example_dags/example_xcom.py
[2024-02-27T11:23:58.288+0530] {processor.py:830} INFO - Processing file /Users/anikbhowmick/Python/Big_Data_Assignment/A02/airflow_env/lib/python3.11/site-packages/airflow/example_dags/example_xcom.py for tasks to queue
[2024-02-27T11:23:58.289+0530] {logging_mixin.py:188} INFO - [2024-02-27T11:23:58.289+0530] {dagbag.py:540} INFO - Filling up the DagBag from /Users/anikbhowmick/Python/Big_Data_Assignment/A02/airflow_env/lib/python3.11/site-packages/airflow/example_dags/example_xcom.py
[2024-02-27T11:23:58.301+0530] {processor.py:840} INFO - DAG(s) 'example_xcom' retrieved from /Users/anikbhowmick/Python/Big_Data_Assignment/A02/airflow_env/lib/python3.11/site-packages/airflow/example_dags/example_xcom.py
[2024-02-27T11:23:58.350+0530] {logging_mixin.py:188} INFO - [2024-02-27T11:23:58.350+0530] {dag.py:3047} INFO - Sync 1 DAGs
[2024-02-27T11:23:58.356+0530] {logging_mixin.py:188} INFO - [2024-02-27T11:23:58.355+0530] {dag.py:3834} INFO - Setting next_dagrun for example_xcom to 2021-01-01 00:00:00+00:00, run_after=2021-01-01 00:00:00+00:00
[2024-02-27T11:23:58.362+0530] {processor.py:183} INFO - Processing /Users/anikbhowmick/Python/Big_Data_Assignment/A02/airflow_env/lib/python3.11/site-packages/airflow/example_dags/example_xcom.py took 0.075 seconds
[2024-02-27T11:25:38.249+0530] {processor.py:161} INFO - Started process (PID=3955) to work on /Users/anikbhowmick/Python/Big_Data_Assignment/A02/airflow_env/lib/python3.11/site-packages/airflow/example_dags/example_xcom.py
[2024-02-27T11:25:38.251+0530] {processor.py:830} INFO - Processing file /Users/anikbhowmick/Python/Big_Data_Assignment/A02/airflow_env/lib/python3.11/site-packages/airflow/example_dags/example_xcom.py for tasks to queue
[2024-02-27T11:25:38.251+0530] {logging_mixin.py:188} INFO - [2024-02-27T11:25:38.251+0530] {dagbag.py:540} INFO - Filling up the DagBag from /Users/anikbhowmick/Python/Big_Data_Assignment/A02/airflow_env/lib/python3.11/site-packages/airflow/example_dags/example_xcom.py
[2024-02-27T11:25:38.262+0530] {processor.py:840} INFO - DAG(s) 'example_xcom' retrieved from /Users/anikbhowmick/Python/Big_Data_Assignment/A02/airflow_env/lib/python3.11/site-packages/airflow/example_dags/example_xcom.py
[2024-02-27T11:25:38.310+0530] {logging_mixin.py:188} INFO - [2024-02-27T11:25:38.310+0530] {dag.py:3047} INFO - Sync 1 DAGs
[2024-02-27T11:25:38.315+0530] {logging_mixin.py:188} INFO - [2024-02-27T11:25:38.315+0530] {dag.py:3834} INFO - Setting next_dagrun for example_xcom to 2021-01-01 00:00:00+00:00, run_after=2021-01-01 00:00:00+00:00
[2024-02-27T11:25:38.321+0530] {processor.py:183} INFO - Processing /Users/anikbhowmick/Python/Big_Data_Assignment/A02/airflow_env/lib/python3.11/site-packages/airflow/example_dags/example_xcom.py took 0.072 seconds
[2024-02-27T11:26:30.842+0530] {processor.py:161} INFO - Started process (PID=3995) to work on /Users/anikbhowmick/Python/Big_Data_Assignment/A02/airflow_env/lib/python3.11/site-packages/airflow/example_dags/example_xcom.py
[2024-02-27T11:26:30.843+0530] {processor.py:830} INFO - Processing file /Users/anikbhowmick/Python/Big_Data_Assignment/A02/airflow_env/lib/python3.11/site-packages/airflow/example_dags/example_xcom.py for tasks to queue
[2024-02-27T11:26:30.843+0530] {logging_mixin.py:188} INFO - [2024-02-27T11:26:30.843+0530] {dagbag.py:540} INFO - Filling up the DagBag from /Users/anikbhowmick/Python/Big_Data_Assignment/A02/airflow_env/lib/python3.11/site-packages/airflow/example_dags/example_xcom.py
[2024-02-27T11:26:30.855+0530] {processor.py:840} INFO - DAG(s) 'example_xcom' retrieved from /Users/anikbhowmick/Python/Big_Data_Assignment/A02/airflow_env/lib/python3.11/site-packages/airflow/example_dags/example_xcom.py
[2024-02-27T11:26:30.906+0530] {logging_mixin.py:188} INFO - [2024-02-27T11:26:30.906+0530] {dag.py:3047} INFO - Sync 1 DAGs
[2024-02-27T11:26:30.911+0530] {logging_mixin.py:188} INFO - [2024-02-27T11:26:30.911+0530] {dag.py:3834} INFO - Setting next_dagrun for example_xcom to 2021-01-01 00:00:00+00:00, run_after=2021-01-01 00:00:00+00:00
[2024-02-27T11:26:30.917+0530] {processor.py:183} INFO - Processing /Users/anikbhowmick/Python/Big_Data_Assignment/A02/airflow_env/lib/python3.11/site-packages/airflow/example_dags/example_xcom.py took 0.076 seconds
[2024-02-27T11:27:55.943+0530] {processor.py:161} INFO - Started process (PID=4087) to work on /Users/anikbhowmick/Python/Big_Data_Assignment/A02/airflow_env/lib/python3.11/site-packages/airflow/example_dags/example_xcom.py
[2024-02-27T11:27:55.944+0530] {processor.py:830} INFO - Processing file /Users/anikbhowmick/Python/Big_Data_Assignment/A02/airflow_env/lib/python3.11/site-packages/airflow/example_dags/example_xcom.py for tasks to queue
[2024-02-27T11:27:55.944+0530] {logging_mixin.py:188} INFO - [2024-02-27T11:27:55.944+0530] {dagbag.py:540} INFO - Filling up the DagBag from /Users/anikbhowmick/Python/Big_Data_Assignment/A02/airflow_env/lib/python3.11/site-packages/airflow/example_dags/example_xcom.py
[2024-02-27T11:27:55.958+0530] {processor.py:840} INFO - DAG(s) 'example_xcom' retrieved from /Users/anikbhowmick/Python/Big_Data_Assignment/A02/airflow_env/lib/python3.11/site-packages/airflow/example_dags/example_xcom.py
[2024-02-27T11:27:56.013+0530] {logging_mixin.py:188} INFO - [2024-02-27T11:27:56.013+0530] {dag.py:3047} INFO - Sync 1 DAGs
[2024-02-27T11:27:56.019+0530] {logging_mixin.py:188} INFO - [2024-02-27T11:27:56.019+0530] {dag.py:3834} INFO - Setting next_dagrun for example_xcom to 2021-01-01 00:00:00+00:00, run_after=2021-01-01 00:00:00+00:00
[2024-02-27T11:27:56.025+0530] {processor.py:183} INFO - Processing /Users/anikbhowmick/Python/Big_Data_Assignment/A02/airflow_env/lib/python3.11/site-packages/airflow/example_dags/example_xcom.py took 0.083 seconds
[2024-02-27T11:29:31.484+0530] {processor.py:161} INFO - Started process (PID=4183) to work on /Users/anikbhowmick/Python/Big_Data_Assignment/A02/airflow_env/lib/python3.11/site-packages/airflow/example_dags/example_xcom.py
[2024-02-27T11:29:31.485+0530] {processor.py:830} INFO - Processing file /Users/anikbhowmick/Python/Big_Data_Assignment/A02/airflow_env/lib/python3.11/site-packages/airflow/example_dags/example_xcom.py for tasks to queue
[2024-02-27T11:29:31.485+0530] {logging_mixin.py:188} INFO - [2024-02-27T11:29:31.485+0530] {dagbag.py:540} INFO - Filling up the DagBag from /Users/anikbhowmick/Python/Big_Data_Assignment/A02/airflow_env/lib/python3.11/site-packages/airflow/example_dags/example_xcom.py
[2024-02-27T11:29:31.498+0530] {processor.py:840} INFO - DAG(s) 'example_xcom' retrieved from /Users/anikbhowmick/Python/Big_Data_Assignment/A02/airflow_env/lib/python3.11/site-packages/airflow/example_dags/example_xcom.py
[2024-02-27T11:29:31.558+0530] {logging_mixin.py:188} INFO - [2024-02-27T11:29:31.558+0530] {dag.py:3047} INFO - Sync 1 DAGs
[2024-02-27T11:29:31.568+0530] {logging_mixin.py:188} INFO - [2024-02-27T11:29:31.568+0530] {dag.py:3834} INFO - Setting next_dagrun for example_xcom to 2021-01-01 00:00:00+00:00, run_after=2021-01-01 00:00:00+00:00
[2024-02-27T11:29:31.577+0530] {processor.py:183} INFO - Processing /Users/anikbhowmick/Python/Big_Data_Assignment/A02/airflow_env/lib/python3.11/site-packages/airflow/example_dags/example_xcom.py took 0.093 seconds
[2024-02-27T11:30:24.087+0530] {processor.py:161} INFO - Started process (PID=4224) to work on /Users/anikbhowmick/Python/Big_Data_Assignment/A02/airflow_env/lib/python3.11/site-packages/airflow/example_dags/example_xcom.py
[2024-02-27T11:30:24.088+0530] {processor.py:830} INFO - Processing file /Users/anikbhowmick/Python/Big_Data_Assignment/A02/airflow_env/lib/python3.11/site-packages/airflow/example_dags/example_xcom.py for tasks to queue
[2024-02-27T11:30:24.089+0530] {logging_mixin.py:188} INFO - [2024-02-27T11:30:24.089+0530] {dagbag.py:540} INFO - Filling up the DagBag from /Users/anikbhowmick/Python/Big_Data_Assignment/A02/airflow_env/lib/python3.11/site-packages/airflow/example_dags/example_xcom.py
[2024-02-27T11:30:24.101+0530] {processor.py:840} INFO - DAG(s) 'example_xcom' retrieved from /Users/anikbhowmick/Python/Big_Data_Assignment/A02/airflow_env/lib/python3.11/site-packages/airflow/example_dags/example_xcom.py
[2024-02-27T11:30:24.156+0530] {logging_mixin.py:188} INFO - [2024-02-27T11:30:24.156+0530] {dag.py:3047} INFO - Sync 1 DAGs
[2024-02-27T11:30:24.162+0530] {logging_mixin.py:188} INFO - [2024-02-27T11:30:24.162+0530] {dag.py:3834} INFO - Setting next_dagrun for example_xcom to 2021-01-01 00:00:00+00:00, run_after=2021-01-01 00:00:00+00:00
[2024-02-27T11:30:24.169+0530] {processor.py:183} INFO - Processing /Users/anikbhowmick/Python/Big_Data_Assignment/A02/airflow_env/lib/python3.11/site-packages/airflow/example_dags/example_xcom.py took 0.082 seconds
[2024-02-27T11:31:17.146+0530] {processor.py:161} INFO - Started process (PID=4261) to work on /Users/anikbhowmick/Python/Big_Data_Assignment/A02/airflow_env/lib/python3.11/site-packages/airflow/example_dags/example_xcom.py
[2024-02-27T11:31:17.146+0530] {processor.py:830} INFO - Processing file /Users/anikbhowmick/Python/Big_Data_Assignment/A02/airflow_env/lib/python3.11/site-packages/airflow/example_dags/example_xcom.py for tasks to queue
[2024-02-27T11:31:17.146+0530] {logging_mixin.py:188} INFO - [2024-02-27T11:31:17.146+0530] {dagbag.py:540} INFO - Filling up the DagBag from /Users/anikbhowmick/Python/Big_Data_Assignment/A02/airflow_env/lib/python3.11/site-packages/airflow/example_dags/example_xcom.py
[2024-02-27T11:31:17.161+0530] {processor.py:840} INFO - DAG(s) 'example_xcom' retrieved from /Users/anikbhowmick/Python/Big_Data_Assignment/A02/airflow_env/lib/python3.11/site-packages/airflow/example_dags/example_xcom.py
[2024-02-27T11:31:17.216+0530] {logging_mixin.py:188} INFO - [2024-02-27T11:31:17.216+0530] {dag.py:3047} INFO - Sync 1 DAGs
[2024-02-27T11:31:17.222+0530] {logging_mixin.py:188} INFO - [2024-02-27T11:31:17.222+0530] {dag.py:3834} INFO - Setting next_dagrun for example_xcom to 2021-01-01 00:00:00+00:00, run_after=2021-01-01 00:00:00+00:00
[2024-02-27T11:31:17.228+0530] {processor.py:183} INFO - Processing /Users/anikbhowmick/Python/Big_Data_Assignment/A02/airflow_env/lib/python3.11/site-packages/airflow/example_dags/example_xcom.py took 0.083 seconds
[2024-02-27T11:32:07.729+0530] {processor.py:161} INFO - Started process (PID=4294) to work on /Users/anikbhowmick/Python/Big_Data_Assignment/A02/airflow_env/lib/python3.11/site-packages/airflow/example_dags/example_xcom.py
[2024-02-27T11:32:07.729+0530] {processor.py:830} INFO - Processing file /Users/anikbhowmick/Python/Big_Data_Assignment/A02/airflow_env/lib/python3.11/site-packages/airflow/example_dags/example_xcom.py for tasks to queue
[2024-02-27T11:32:07.729+0530] {logging_mixin.py:188} INFO - [2024-02-27T11:32:07.729+0530] {dagbag.py:540} INFO - Filling up the DagBag from /Users/anikbhowmick/Python/Big_Data_Assignment/A02/airflow_env/lib/python3.11/site-packages/airflow/example_dags/example_xcom.py
[2024-02-27T11:32:07.741+0530] {processor.py:840} INFO - DAG(s) 'example_xcom' retrieved from /Users/anikbhowmick/Python/Big_Data_Assignment/A02/airflow_env/lib/python3.11/site-packages/airflow/example_dags/example_xcom.py
[2024-02-27T11:32:07.792+0530] {logging_mixin.py:188} INFO - [2024-02-27T11:32:07.792+0530] {dag.py:3047} INFO - Sync 1 DAGs
[2024-02-27T11:32:07.797+0530] {logging_mixin.py:188} INFO - [2024-02-27T11:32:07.797+0530] {dag.py:3834} INFO - Setting next_dagrun for example_xcom to 2021-01-01 00:00:00+00:00, run_after=2021-01-01 00:00:00+00:00
[2024-02-27T11:32:07.803+0530] {processor.py:183} INFO - Processing /Users/anikbhowmick/Python/Big_Data_Assignment/A02/airflow_env/lib/python3.11/site-packages/airflow/example_dags/example_xcom.py took 0.075 seconds
[2024-02-27T11:33:34.370+0530] {processor.py:161} INFO - Started process (PID=4395) to work on /Users/anikbhowmick/Python/Big_Data_Assignment/A02/airflow_env/lib/python3.11/site-packages/airflow/example_dags/example_xcom.py
[2024-02-27T11:33:34.371+0530] {processor.py:830} INFO - Processing file /Users/anikbhowmick/Python/Big_Data_Assignment/A02/airflow_env/lib/python3.11/site-packages/airflow/example_dags/example_xcom.py for tasks to queue
[2024-02-27T11:33:34.372+0530] {logging_mixin.py:188} INFO - [2024-02-27T11:33:34.372+0530] {dagbag.py:540} INFO - Filling up the DagBag from /Users/anikbhowmick/Python/Big_Data_Assignment/A02/airflow_env/lib/python3.11/site-packages/airflow/example_dags/example_xcom.py
[2024-02-27T11:33:34.384+0530] {processor.py:840} INFO - DAG(s) 'example_xcom' retrieved from /Users/anikbhowmick/Python/Big_Data_Assignment/A02/airflow_env/lib/python3.11/site-packages/airflow/example_dags/example_xcom.py
[2024-02-27T11:33:34.434+0530] {logging_mixin.py:188} INFO - [2024-02-27T11:33:34.434+0530] {dag.py:3047} INFO - Sync 1 DAGs
[2024-02-27T11:33:34.440+0530] {logging_mixin.py:188} INFO - [2024-02-27T11:33:34.439+0530] {dag.py:3834} INFO - Setting next_dagrun for example_xcom to 2021-01-01 00:00:00+00:00, run_after=2021-01-01 00:00:00+00:00
[2024-02-27T11:33:34.446+0530] {processor.py:183} INFO - Processing /Users/anikbhowmick/Python/Big_Data_Assignment/A02/airflow_env/lib/python3.11/site-packages/airflow/example_dags/example_xcom.py took 0.077 seconds
[2024-02-27T11:35:11.305+0530] {processor.py:161} INFO - Started process (PID=4478) to work on /Users/anikbhowmick/Python/Big_Data_Assignment/A02/airflow_env/lib/python3.11/site-packages/airflow/example_dags/example_xcom.py
[2024-02-27T11:35:11.306+0530] {processor.py:830} INFO - Processing file /Users/anikbhowmick/Python/Big_Data_Assignment/A02/airflow_env/lib/python3.11/site-packages/airflow/example_dags/example_xcom.py for tasks to queue
[2024-02-27T11:35:11.306+0530] {logging_mixin.py:188} INFO - [2024-02-27T11:35:11.306+0530] {dagbag.py:540} INFO - Filling up the DagBag from /Users/anikbhowmick/Python/Big_Data_Assignment/A02/airflow_env/lib/python3.11/site-packages/airflow/example_dags/example_xcom.py
[2024-02-27T11:35:11.319+0530] {processor.py:840} INFO - DAG(s) 'example_xcom' retrieved from /Users/anikbhowmick/Python/Big_Data_Assignment/A02/airflow_env/lib/python3.11/site-packages/airflow/example_dags/example_xcom.py
[2024-02-27T11:35:11.367+0530] {logging_mixin.py:188} INFO - [2024-02-27T11:35:11.367+0530] {dag.py:3047} INFO - Sync 1 DAGs
[2024-02-27T11:35:11.373+0530] {logging_mixin.py:188} INFO - [2024-02-27T11:35:11.373+0530] {dag.py:3834} INFO - Setting next_dagrun for example_xcom to 2021-01-01 00:00:00+00:00, run_after=2021-01-01 00:00:00+00:00
[2024-02-27T11:35:11.379+0530] {processor.py:183} INFO - Processing /Users/anikbhowmick/Python/Big_Data_Assignment/A02/airflow_env/lib/python3.11/site-packages/airflow/example_dags/example_xcom.py took 0.075 seconds
[2024-02-27T11:36:00.900+0530] {processor.py:161} INFO - Started process (PID=4512) to work on /Users/anikbhowmick/Python/Big_Data_Assignment/A02/airflow_env/lib/python3.11/site-packages/airflow/example_dags/example_xcom.py
[2024-02-27T11:36:00.902+0530] {processor.py:830} INFO - Processing file /Users/anikbhowmick/Python/Big_Data_Assignment/A02/airflow_env/lib/python3.11/site-packages/airflow/example_dags/example_xcom.py for tasks to queue
[2024-02-27T11:36:00.902+0530] {logging_mixin.py:188} INFO - [2024-02-27T11:36:00.902+0530] {dagbag.py:540} INFO - Filling up the DagBag from /Users/anikbhowmick/Python/Big_Data_Assignment/A02/airflow_env/lib/python3.11/site-packages/airflow/example_dags/example_xcom.py
[2024-02-27T11:36:00.914+0530] {processor.py:840} INFO - DAG(s) 'example_xcom' retrieved from /Users/anikbhowmick/Python/Big_Data_Assignment/A02/airflow_env/lib/python3.11/site-packages/airflow/example_dags/example_xcom.py
[2024-02-27T11:36:00.963+0530] {logging_mixin.py:188} INFO - [2024-02-27T11:36:00.963+0530] {dag.py:3047} INFO - Sync 1 DAGs
[2024-02-27T11:36:00.968+0530] {logging_mixin.py:188} INFO - [2024-02-27T11:36:00.968+0530] {dag.py:3834} INFO - Setting next_dagrun for example_xcom to 2021-01-01 00:00:00+00:00, run_after=2021-01-01 00:00:00+00:00
[2024-02-27T11:36:00.974+0530] {processor.py:183} INFO - Processing /Users/anikbhowmick/Python/Big_Data_Assignment/A02/airflow_env/lib/python3.11/site-packages/airflow/example_dags/example_xcom.py took 0.074 seconds
[2024-02-27T11:39:10.461+0530] {processor.py:161} INFO - Started process (PID=4618) to work on /Users/anikbhowmick/Python/Big_Data_Assignment/A02/airflow_env/lib/python3.11/site-packages/airflow/example_dags/example_xcom.py
[2024-02-27T11:39:10.462+0530] {processor.py:830} INFO - Processing file /Users/anikbhowmick/Python/Big_Data_Assignment/A02/airflow_env/lib/python3.11/site-packages/airflow/example_dags/example_xcom.py for tasks to queue
[2024-02-27T11:39:10.462+0530] {logging_mixin.py:188} INFO - [2024-02-27T11:39:10.462+0530] {dagbag.py:540} INFO - Filling up the DagBag from /Users/anikbhowmick/Python/Big_Data_Assignment/A02/airflow_env/lib/python3.11/site-packages/airflow/example_dags/example_xcom.py
[2024-02-27T11:39:10.474+0530] {processor.py:840} INFO - DAG(s) 'example_xcom' retrieved from /Users/anikbhowmick/Python/Big_Data_Assignment/A02/airflow_env/lib/python3.11/site-packages/airflow/example_dags/example_xcom.py
[2024-02-27T11:39:10.527+0530] {logging_mixin.py:188} INFO - [2024-02-27T11:39:10.527+0530] {dag.py:3047} INFO - Sync 1 DAGs
[2024-02-27T11:39:10.533+0530] {logging_mixin.py:188} INFO - [2024-02-27T11:39:10.533+0530] {dag.py:3834} INFO - Setting next_dagrun for example_xcom to 2021-01-01 00:00:00+00:00, run_after=2021-01-01 00:00:00+00:00
[2024-02-27T11:39:10.539+0530] {processor.py:183} INFO - Processing /Users/anikbhowmick/Python/Big_Data_Assignment/A02/airflow_env/lib/python3.11/site-packages/airflow/example_dags/example_xcom.py took 0.078 seconds
[2024-02-27T11:40:47.166+0530] {processor.py:161} INFO - Started process (PID=4701) to work on /Users/anikbhowmick/Python/Big_Data_Assignment/A02/airflow_env/lib/python3.11/site-packages/airflow/example_dags/example_xcom.py
[2024-02-27T11:40:47.166+0530] {processor.py:830} INFO - Processing file /Users/anikbhowmick/Python/Big_Data_Assignment/A02/airflow_env/lib/python3.11/site-packages/airflow/example_dags/example_xcom.py for tasks to queue
[2024-02-27T11:40:47.167+0530] {logging_mixin.py:188} INFO - [2024-02-27T11:40:47.167+0530] {dagbag.py:540} INFO - Filling up the DagBag from /Users/anikbhowmick/Python/Big_Data_Assignment/A02/airflow_env/lib/python3.11/site-packages/airflow/example_dags/example_xcom.py
[2024-02-27T11:40:47.178+0530] {processor.py:840} INFO - DAG(s) 'example_xcom' retrieved from /Users/anikbhowmick/Python/Big_Data_Assignment/A02/airflow_env/lib/python3.11/site-packages/airflow/example_dags/example_xcom.py
[2024-02-27T11:40:47.227+0530] {logging_mixin.py:188} INFO - [2024-02-27T11:40:47.227+0530] {dag.py:3047} INFO - Sync 1 DAGs
[2024-02-27T11:40:47.233+0530] {logging_mixin.py:188} INFO - [2024-02-27T11:40:47.233+0530] {dag.py:3834} INFO - Setting next_dagrun for example_xcom to 2021-01-01 00:00:00+00:00, run_after=2021-01-01 00:00:00+00:00
[2024-02-27T11:40:47.239+0530] {processor.py:183} INFO - Processing /Users/anikbhowmick/Python/Big_Data_Assignment/A02/airflow_env/lib/python3.11/site-packages/airflow/example_dags/example_xcom.py took 0.073 seconds
[2024-02-27T11:41:51.191+0530] {processor.py:161} INFO - Started process (PID=4741) to work on /Users/anikbhowmick/Python/Big_Data_Assignment/A02/airflow_env/lib/python3.11/site-packages/airflow/example_dags/example_xcom.py
[2024-02-27T11:41:51.191+0530] {processor.py:830} INFO - Processing file /Users/anikbhowmick/Python/Big_Data_Assignment/A02/airflow_env/lib/python3.11/site-packages/airflow/example_dags/example_xcom.py for tasks to queue
[2024-02-27T11:41:51.192+0530] {logging_mixin.py:188} INFO - [2024-02-27T11:41:51.192+0530] {dagbag.py:540} INFO - Filling up the DagBag from /Users/anikbhowmick/Python/Big_Data_Assignment/A02/airflow_env/lib/python3.11/site-packages/airflow/example_dags/example_xcom.py
[2024-02-27T11:41:51.203+0530] {processor.py:840} INFO - DAG(s) 'example_xcom' retrieved from /Users/anikbhowmick/Python/Big_Data_Assignment/A02/airflow_env/lib/python3.11/site-packages/airflow/example_dags/example_xcom.py
[2024-02-27T11:41:51.251+0530] {logging_mixin.py:188} INFO - [2024-02-27T11:41:51.251+0530] {dag.py:3047} INFO - Sync 1 DAGs
[2024-02-27T11:41:51.256+0530] {logging_mixin.py:188} INFO - [2024-02-27T11:41:51.256+0530] {dag.py:3834} INFO - Setting next_dagrun for example_xcom to 2021-01-01 00:00:00+00:00, run_after=2021-01-01 00:00:00+00:00
[2024-02-27T11:41:51.262+0530] {processor.py:183} INFO - Processing /Users/anikbhowmick/Python/Big_Data_Assignment/A02/airflow_env/lib/python3.11/site-packages/airflow/example_dags/example_xcom.py took 0.072 seconds
[2024-02-27T11:42:48.745+0530] {processor.py:161} INFO - Started process (PID=4792) to work on /Users/anikbhowmick/Python/Big_Data_Assignment/A02/airflow_env/lib/python3.11/site-packages/airflow/example_dags/example_xcom.py
[2024-02-27T11:42:48.745+0530] {processor.py:830} INFO - Processing file /Users/anikbhowmick/Python/Big_Data_Assignment/A02/airflow_env/lib/python3.11/site-packages/airflow/example_dags/example_xcom.py for tasks to queue
[2024-02-27T11:42:48.745+0530] {logging_mixin.py:188} INFO - [2024-02-27T11:42:48.745+0530] {dagbag.py:540} INFO - Filling up the DagBag from /Users/anikbhowmick/Python/Big_Data_Assignment/A02/airflow_env/lib/python3.11/site-packages/airflow/example_dags/example_xcom.py
[2024-02-27T11:42:48.758+0530] {processor.py:840} INFO - DAG(s) 'example_xcom' retrieved from /Users/anikbhowmick/Python/Big_Data_Assignment/A02/airflow_env/lib/python3.11/site-packages/airflow/example_dags/example_xcom.py
[2024-02-27T11:42:48.806+0530] {logging_mixin.py:188} INFO - [2024-02-27T11:42:48.806+0530] {dag.py:3047} INFO - Sync 1 DAGs
[2024-02-27T11:42:48.811+0530] {logging_mixin.py:188} INFO - [2024-02-27T11:42:48.811+0530] {dag.py:3834} INFO - Setting next_dagrun for example_xcom to 2021-01-01 00:00:00+00:00, run_after=2021-01-01 00:00:00+00:00
[2024-02-27T11:42:48.817+0530] {processor.py:183} INFO - Processing /Users/anikbhowmick/Python/Big_Data_Assignment/A02/airflow_env/lib/python3.11/site-packages/airflow/example_dags/example_xcom.py took 0.073 seconds
