[2024-02-27T10:46:24.234+0530] {processor.py:161} INFO - Started process (PID=1585) to work on /Users/anikbhowmick/Python/Big_Data_Assignment/A02/airflow_env/lib/python3.11/site-packages/airflow/example_dags/example_params_ui_tutorial.py
[2024-02-27T10:46:24.234+0530] {processor.py:830} INFO - Processing file /Users/anikbhowmick/Python/Big_Data_Assignment/A02/airflow_env/lib/python3.11/site-packages/airflow/example_dags/example_params_ui_tutorial.py for tasks to queue
[2024-02-27T10:46:24.234+0530] {logging_mixin.py:188} INFO - [2024-02-27T10:46:24.234+0530] {dagbag.py:540} INFO - Filling up the DagBag from /Users/anikbhowmick/Python/Big_Data_Assignment/A02/airflow_env/lib/python3.11/site-packages/airflow/example_dags/example_params_ui_tutorial.py
[2024-02-27T10:46:24.269+0530] {processor.py:840} INFO - DAG(s) 'example_params_ui_tutorial' retrieved from /Users/anikbhowmick/Python/Big_Data_Assignment/A02/airflow_env/lib/python3.11/site-packages/airflow/example_dags/example_params_ui_tutorial.py
[2024-02-27T10:46:24.350+0530] {logging_mixin.py:188} INFO - [2024-02-27T10:46:24.350+0530] {dag.py:3047} INFO - Sync 1 DAGs
[2024-02-27T10:46:24.353+0530] {logging_mixin.py:188} INFO - [2024-02-27T10:46:24.353+0530] {dag.py:3834} INFO - Setting next_dagrun for example_params_ui_tutorial to None, run_after=None
[2024-02-27T10:46:24.359+0530] {processor.py:183} INFO - Processing /Users/anikbhowmick/Python/Big_Data_Assignment/A02/airflow_env/lib/python3.11/site-packages/airflow/example_dags/example_params_ui_tutorial.py took 0.126 seconds
[2024-02-27T10:47:57.457+0530] {processor.py:161} INFO - Started process (PID=1690) to work on /Users/anikbhowmick/Python/Big_Data_Assignment/A02/airflow_env/lib/python3.11/site-packages/airflow/example_dags/example_params_ui_tutorial.py
[2024-02-27T10:47:57.458+0530] {processor.py:830} INFO - Processing file /Users/anikbhowmick/Python/Big_Data_Assignment/A02/airflow_env/lib/python3.11/site-packages/airflow/example_dags/example_params_ui_tutorial.py for tasks to queue
[2024-02-27T10:47:57.459+0530] {logging_mixin.py:188} INFO - [2024-02-27T10:47:57.458+0530] {dagbag.py:540} INFO - Filling up the DagBag from /Users/anikbhowmick/Python/Big_Data_Assignment/A02/airflow_env/lib/python3.11/site-packages/airflow/example_dags/example_params_ui_tutorial.py
[2024-02-27T10:47:57.492+0530] {processor.py:840} INFO - DAG(s) 'example_params_ui_tutorial' retrieved from /Users/anikbhowmick/Python/Big_Data_Assignment/A02/airflow_env/lib/python3.11/site-packages/airflow/example_dags/example_params_ui_tutorial.py
[2024-02-27T10:47:57.527+0530] {logging_mixin.py:188} INFO - [2024-02-27T10:47:57.527+0530] {dag.py:3047} INFO - Sync 1 DAGs
[2024-02-27T10:47:57.530+0530] {logging_mixin.py:188} INFO - [2024-02-27T10:47:57.530+0530] {dag.py:3834} INFO - Setting next_dagrun for example_params_ui_tutorial to None, run_after=None
[2024-02-27T10:47:57.536+0530] {processor.py:183} INFO - Processing /Users/anikbhowmick/Python/Big_Data_Assignment/A02/airflow_env/lib/python3.11/site-packages/airflow/example_dags/example_params_ui_tutorial.py took 0.079 seconds
[2024-02-27T10:49:56.226+0530] {processor.py:161} INFO - Started process (PID=1784) to work on /Users/anikbhowmick/Python/Big_Data_Assignment/A02/airflow_env/lib/python3.11/site-packages/airflow/example_dags/example_params_ui_tutorial.py
[2024-02-27T10:49:56.227+0530] {processor.py:830} INFO - Processing file /Users/anikbhowmick/Python/Big_Data_Assignment/A02/airflow_env/lib/python3.11/site-packages/airflow/example_dags/example_params_ui_tutorial.py for tasks to queue
[2024-02-27T10:49:56.227+0530] {logging_mixin.py:188} INFO - [2024-02-27T10:49:56.227+0530] {dagbag.py:540} INFO - Filling up the DagBag from /Users/anikbhowmick/Python/Big_Data_Assignment/A02/airflow_env/lib/python3.11/site-packages/airflow/example_dags/example_params_ui_tutorial.py
[2024-02-27T10:49:56.262+0530] {processor.py:840} INFO - DAG(s) 'example_params_ui_tutorial' retrieved from /Users/anikbhowmick/Python/Big_Data_Assignment/A02/airflow_env/lib/python3.11/site-packages/airflow/example_dags/example_params_ui_tutorial.py
[2024-02-27T10:49:56.297+0530] {logging_mixin.py:188} INFO - [2024-02-27T10:49:56.297+0530] {dag.py:3047} INFO - Sync 1 DAGs
[2024-02-27T10:49:56.301+0530] {logging_mixin.py:188} INFO - [2024-02-27T10:49:56.301+0530] {dag.py:3834} INFO - Setting next_dagrun for example_params_ui_tutorial to None, run_after=None
[2024-02-27T10:49:56.307+0530] {processor.py:183} INFO - Processing /Users/anikbhowmick/Python/Big_Data_Assignment/A02/airflow_env/lib/python3.11/site-packages/airflow/example_dags/example_params_ui_tutorial.py took 0.081 seconds
[2024-02-27T10:53:04.604+0530] {processor.py:161} INFO - Started process (PID=1998) to work on /Users/anikbhowmick/Python/Big_Data_Assignment/A02/airflow_env/lib/python3.11/site-packages/airflow/example_dags/example_params_ui_tutorial.py
[2024-02-27T10:53:04.605+0530] {processor.py:830} INFO - Processing file /Users/anikbhowmick/Python/Big_Data_Assignment/A02/airflow_env/lib/python3.11/site-packages/airflow/example_dags/example_params_ui_tutorial.py for tasks to queue
[2024-02-27T10:53:04.605+0530] {logging_mixin.py:188} INFO - [2024-02-27T10:53:04.605+0530] {dagbag.py:540} INFO - Filling up the DagBag from /Users/anikbhowmick/Python/Big_Data_Assignment/A02/airflow_env/lib/python3.11/site-packages/airflow/example_dags/example_params_ui_tutorial.py
[2024-02-27T10:53:04.639+0530] {processor.py:840} INFO - DAG(s) 'example_params_ui_tutorial' retrieved from /Users/anikbhowmick/Python/Big_Data_Assignment/A02/airflow_env/lib/python3.11/site-packages/airflow/example_dags/example_params_ui_tutorial.py
[2024-02-27T10:53:04.674+0530] {logging_mixin.py:188} INFO - [2024-02-27T10:53:04.674+0530] {dag.py:3047} INFO - Sync 1 DAGs
[2024-02-27T10:53:04.677+0530] {logging_mixin.py:188} INFO - [2024-02-27T10:53:04.677+0530] {dag.py:3834} INFO - Setting next_dagrun for example_params_ui_tutorial to None, run_after=None
[2024-02-27T10:53:04.683+0530] {processor.py:183} INFO - Processing /Users/anikbhowmick/Python/Big_Data_Assignment/A02/airflow_env/lib/python3.11/site-packages/airflow/example_dags/example_params_ui_tutorial.py took 0.079 seconds
[2024-02-27T10:56:12.861+0530] {processor.py:161} INFO - Started process (PID=2244) to work on /Users/anikbhowmick/Python/Big_Data_Assignment/A02/airflow_env/lib/python3.11/site-packages/airflow/example_dags/example_params_ui_tutorial.py
[2024-02-27T10:56:12.862+0530] {processor.py:830} INFO - Processing file /Users/anikbhowmick/Python/Big_Data_Assignment/A02/airflow_env/lib/python3.11/site-packages/airflow/example_dags/example_params_ui_tutorial.py for tasks to queue
[2024-02-27T10:56:12.863+0530] {logging_mixin.py:188} INFO - [2024-02-27T10:56:12.862+0530] {dagbag.py:540} INFO - Filling up the DagBag from /Users/anikbhowmick/Python/Big_Data_Assignment/A02/airflow_env/lib/python3.11/site-packages/airflow/example_dags/example_params_ui_tutorial.py
[2024-02-27T10:56:12.875+0530] {processor.py:840} INFO - DAG(s) 'example_params_ui_tutorial' retrieved from /Users/anikbhowmick/Python/Big_Data_Assignment/A02/airflow_env/lib/python3.11/site-packages/airflow/example_dags/example_params_ui_tutorial.py
[2024-02-27T10:56:12.934+0530] {logging_mixin.py:188} INFO - [2024-02-27T10:56:12.934+0530] {dag.py:3047} INFO - Sync 1 DAGs
[2024-02-27T10:56:12.937+0530] {logging_mixin.py:188} INFO - [2024-02-27T10:56:12.937+0530] {dag.py:3834} INFO - Setting next_dagrun for example_params_ui_tutorial to None, run_after=None
[2024-02-27T10:56:12.943+0530] {processor.py:183} INFO - Processing /Users/anikbhowmick/Python/Big_Data_Assignment/A02/airflow_env/lib/python3.11/site-packages/airflow/example_dags/example_params_ui_tutorial.py took 0.082 seconds
[2024-02-27T10:57:54.375+0530] {processor.py:161} INFO - Started process (PID=2381) to work on /Users/anikbhowmick/Python/Big_Data_Assignment/A02/airflow_env/lib/python3.11/site-packages/airflow/example_dags/example_params_ui_tutorial.py
[2024-02-27T10:57:54.376+0530] {processor.py:830} INFO - Processing file /Users/anikbhowmick/Python/Big_Data_Assignment/A02/airflow_env/lib/python3.11/site-packages/airflow/example_dags/example_params_ui_tutorial.py for tasks to queue
[2024-02-27T10:57:54.376+0530] {logging_mixin.py:188} INFO - [2024-02-27T10:57:54.376+0530] {dagbag.py:540} INFO - Filling up the DagBag from /Users/anikbhowmick/Python/Big_Data_Assignment/A02/airflow_env/lib/python3.11/site-packages/airflow/example_dags/example_params_ui_tutorial.py
[2024-02-27T10:57:54.389+0530] {processor.py:840} INFO - DAG(s) 'example_params_ui_tutorial' retrieved from /Users/anikbhowmick/Python/Big_Data_Assignment/A02/airflow_env/lib/python3.11/site-packages/airflow/example_dags/example_params_ui_tutorial.py
[2024-02-27T10:57:54.445+0530] {logging_mixin.py:188} INFO - [2024-02-27T10:57:54.445+0530] {dag.py:3047} INFO - Sync 1 DAGs
[2024-02-27T10:57:54.448+0530] {logging_mixin.py:188} INFO - [2024-02-27T10:57:54.448+0530] {dag.py:3834} INFO - Setting next_dagrun for example_params_ui_tutorial to None, run_after=None
[2024-02-27T10:57:54.454+0530] {processor.py:183} INFO - Processing /Users/anikbhowmick/Python/Big_Data_Assignment/A02/airflow_env/lib/python3.11/site-packages/airflow/example_dags/example_params_ui_tutorial.py took 0.080 seconds
[2024-02-27T10:59:18.028+0530] {processor.py:161} INFO - Started process (PID=2468) to work on /Users/anikbhowmick/Python/Big_Data_Assignment/A02/airflow_env/lib/python3.11/site-packages/airflow/example_dags/example_params_ui_tutorial.py
[2024-02-27T10:59:18.029+0530] {processor.py:830} INFO - Processing file /Users/anikbhowmick/Python/Big_Data_Assignment/A02/airflow_env/lib/python3.11/site-packages/airflow/example_dags/example_params_ui_tutorial.py for tasks to queue
[2024-02-27T10:59:18.029+0530] {logging_mixin.py:188} INFO - [2024-02-27T10:59:18.029+0530] {dagbag.py:540} INFO - Filling up the DagBag from /Users/anikbhowmick/Python/Big_Data_Assignment/A02/airflow_env/lib/python3.11/site-packages/airflow/example_dags/example_params_ui_tutorial.py
[2024-02-27T10:59:18.042+0530] {processor.py:840} INFO - DAG(s) 'example_params_ui_tutorial' retrieved from /Users/anikbhowmick/Python/Big_Data_Assignment/A02/airflow_env/lib/python3.11/site-packages/airflow/example_dags/example_params_ui_tutorial.py
[2024-02-27T10:59:18.100+0530] {logging_mixin.py:188} INFO - [2024-02-27T10:59:18.100+0530] {dag.py:3047} INFO - Sync 1 DAGs
[2024-02-27T10:59:18.103+0530] {logging_mixin.py:188} INFO - [2024-02-27T10:59:18.103+0530] {dag.py:3834} INFO - Setting next_dagrun for example_params_ui_tutorial to None, run_after=None
[2024-02-27T10:59:18.109+0530] {processor.py:183} INFO - Processing /Users/anikbhowmick/Python/Big_Data_Assignment/A02/airflow_env/lib/python3.11/site-packages/airflow/example_dags/example_params_ui_tutorial.py took 0.082 seconds
[2024-02-27T11:02:12.289+0530] {processor.py:161} INFO - Started process (PID=2693) to work on /Users/anikbhowmick/Python/Big_Data_Assignment/A02/airflow_env/lib/python3.11/site-packages/airflow/example_dags/example_params_ui_tutorial.py
[2024-02-27T11:02:12.290+0530] {processor.py:830} INFO - Processing file /Users/anikbhowmick/Python/Big_Data_Assignment/A02/airflow_env/lib/python3.11/site-packages/airflow/example_dags/example_params_ui_tutorial.py for tasks to queue
[2024-02-27T11:02:12.290+0530] {logging_mixin.py:188} INFO - [2024-02-27T11:02:12.290+0530] {dagbag.py:540} INFO - Filling up the DagBag from /Users/anikbhowmick/Python/Big_Data_Assignment/A02/airflow_env/lib/python3.11/site-packages/airflow/example_dags/example_params_ui_tutorial.py
[2024-02-27T11:02:12.303+0530] {processor.py:840} INFO - DAG(s) 'example_params_ui_tutorial' retrieved from /Users/anikbhowmick/Python/Big_Data_Assignment/A02/airflow_env/lib/python3.11/site-packages/airflow/example_dags/example_params_ui_tutorial.py
[2024-02-27T11:02:12.360+0530] {logging_mixin.py:188} INFO - [2024-02-27T11:02:12.360+0530] {dag.py:3047} INFO - Sync 1 DAGs
[2024-02-27T11:02:12.363+0530] {logging_mixin.py:188} INFO - [2024-02-27T11:02:12.363+0530] {dag.py:3834} INFO - Setting next_dagrun for example_params_ui_tutorial to None, run_after=None
[2024-02-27T11:02:12.370+0530] {processor.py:183} INFO - Processing /Users/anikbhowmick/Python/Big_Data_Assignment/A02/airflow_env/lib/python3.11/site-packages/airflow/example_dags/example_params_ui_tutorial.py took 0.082 seconds
[2024-02-27T11:03:31.422+0530] {processor.py:161} INFO - Started process (PID=2782) to work on /Users/anikbhowmick/Python/Big_Data_Assignment/A02/airflow_env/lib/python3.11/site-packages/airflow/example_dags/example_params_ui_tutorial.py
[2024-02-27T11:03:31.423+0530] {processor.py:830} INFO - Processing file /Users/anikbhowmick/Python/Big_Data_Assignment/A02/airflow_env/lib/python3.11/site-packages/airflow/example_dags/example_params_ui_tutorial.py for tasks to queue
[2024-02-27T11:03:31.423+0530] {logging_mixin.py:188} INFO - [2024-02-27T11:03:31.423+0530] {dagbag.py:540} INFO - Filling up the DagBag from /Users/anikbhowmick/Python/Big_Data_Assignment/A02/airflow_env/lib/python3.11/site-packages/airflow/example_dags/example_params_ui_tutorial.py
[2024-02-27T11:03:31.448+0530] {processor.py:840} INFO - DAG(s) 'example_params_ui_tutorial' retrieved from /Users/anikbhowmick/Python/Big_Data_Assignment/A02/airflow_env/lib/python3.11/site-packages/airflow/example_dags/example_params_ui_tutorial.py
[2024-02-27T11:03:31.517+0530] {logging_mixin.py:188} INFO - [2024-02-27T11:03:31.517+0530] {dag.py:3047} INFO - Sync 1 DAGs
[2024-02-27T11:03:31.521+0530] {logging_mixin.py:188} INFO - [2024-02-27T11:03:31.521+0530] {dag.py:3834} INFO - Setting next_dagrun for example_params_ui_tutorial to None, run_after=None
[2024-02-27T11:03:31.527+0530] {processor.py:183} INFO - Processing /Users/anikbhowmick/Python/Big_Data_Assignment/A02/airflow_env/lib/python3.11/site-packages/airflow/example_dags/example_params_ui_tutorial.py took 0.106 seconds
[2024-02-27T11:05:16.839+0530] {processor.py:161} INFO - Started process (PID=2891) to work on /Users/anikbhowmick/Python/Big_Data_Assignment/A02/airflow_env/lib/python3.11/site-packages/airflow/example_dags/example_params_ui_tutorial.py
[2024-02-27T11:05:16.840+0530] {processor.py:830} INFO - Processing file /Users/anikbhowmick/Python/Big_Data_Assignment/A02/airflow_env/lib/python3.11/site-packages/airflow/example_dags/example_params_ui_tutorial.py for tasks to queue
[2024-02-27T11:05:16.840+0530] {logging_mixin.py:188} INFO - [2024-02-27T11:05:16.840+0530] {dagbag.py:540} INFO - Filling up the DagBag from /Users/anikbhowmick/Python/Big_Data_Assignment/A02/airflow_env/lib/python3.11/site-packages/airflow/example_dags/example_params_ui_tutorial.py
[2024-02-27T11:05:16.852+0530] {processor.py:840} INFO - DAG(s) 'example_params_ui_tutorial' retrieved from /Users/anikbhowmick/Python/Big_Data_Assignment/A02/airflow_env/lib/python3.11/site-packages/airflow/example_dags/example_params_ui_tutorial.py
[2024-02-27T11:05:16.908+0530] {logging_mixin.py:188} INFO - [2024-02-27T11:05:16.908+0530] {dag.py:3047} INFO - Sync 1 DAGs
[2024-02-27T11:05:16.911+0530] {logging_mixin.py:188} INFO - [2024-02-27T11:05:16.911+0530] {dag.py:3834} INFO - Setting next_dagrun for example_params_ui_tutorial to None, run_after=None
[2024-02-27T11:05:16.917+0530] {processor.py:183} INFO - Processing /Users/anikbhowmick/Python/Big_Data_Assignment/A02/airflow_env/lib/python3.11/site-packages/airflow/example_dags/example_params_ui_tutorial.py took 0.078 seconds
[2024-02-27T11:07:03.211+0530] {processor.py:161} INFO - Started process (PID=2968) to work on /Users/anikbhowmick/Python/Big_Data_Assignment/A02/airflow_env/lib/python3.11/site-packages/airflow/example_dags/example_params_ui_tutorial.py
[2024-02-27T11:07:03.212+0530] {processor.py:830} INFO - Processing file /Users/anikbhowmick/Python/Big_Data_Assignment/A02/airflow_env/lib/python3.11/site-packages/airflow/example_dags/example_params_ui_tutorial.py for tasks to queue
[2024-02-27T11:07:03.212+0530] {logging_mixin.py:188} INFO - [2024-02-27T11:07:03.212+0530] {dagbag.py:540} INFO - Filling up the DagBag from /Users/anikbhowmick/Python/Big_Data_Assignment/A02/airflow_env/lib/python3.11/site-packages/airflow/example_dags/example_params_ui_tutorial.py
[2024-02-27T11:07:03.225+0530] {processor.py:840} INFO - DAG(s) 'example_params_ui_tutorial' retrieved from /Users/anikbhowmick/Python/Big_Data_Assignment/A02/airflow_env/lib/python3.11/site-packages/airflow/example_dags/example_params_ui_tutorial.py
[2024-02-27T11:07:03.281+0530] {logging_mixin.py:188} INFO - [2024-02-27T11:07:03.281+0530] {dag.py:3047} INFO - Sync 1 DAGs
[2024-02-27T11:07:03.284+0530] {logging_mixin.py:188} INFO - [2024-02-27T11:07:03.284+0530] {dag.py:3834} INFO - Setting next_dagrun for example_params_ui_tutorial to None, run_after=None
[2024-02-27T11:07:03.290+0530] {processor.py:183} INFO - Processing /Users/anikbhowmick/Python/Big_Data_Assignment/A02/airflow_env/lib/python3.11/site-packages/airflow/example_dags/example_params_ui_tutorial.py took 0.080 seconds
[2024-02-27T11:08:42.651+0530] {processor.py:161} INFO - Started process (PID=3092) to work on /Users/anikbhowmick/Python/Big_Data_Assignment/A02/airflow_env/lib/python3.11/site-packages/airflow/example_dags/example_params_ui_tutorial.py
[2024-02-27T11:08:42.652+0530] {processor.py:830} INFO - Processing file /Users/anikbhowmick/Python/Big_Data_Assignment/A02/airflow_env/lib/python3.11/site-packages/airflow/example_dags/example_params_ui_tutorial.py for tasks to queue
[2024-02-27T11:08:42.652+0530] {logging_mixin.py:188} INFO - [2024-02-27T11:08:42.652+0530] {dagbag.py:540} INFO - Filling up the DagBag from /Users/anikbhowmick/Python/Big_Data_Assignment/A02/airflow_env/lib/python3.11/site-packages/airflow/example_dags/example_params_ui_tutorial.py
[2024-02-27T11:08:42.666+0530] {processor.py:840} INFO - DAG(s) 'example_params_ui_tutorial' retrieved from /Users/anikbhowmick/Python/Big_Data_Assignment/A02/airflow_env/lib/python3.11/site-packages/airflow/example_dags/example_params_ui_tutorial.py
[2024-02-27T11:08:42.725+0530] {logging_mixin.py:188} INFO - [2024-02-27T11:08:42.725+0530] {dag.py:3047} INFO - Sync 1 DAGs
[2024-02-27T11:08:42.730+0530] {logging_mixin.py:188} INFO - [2024-02-27T11:08:42.730+0530] {dag.py:3834} INFO - Setting next_dagrun for example_params_ui_tutorial to None, run_after=None
[2024-02-27T11:08:42.736+0530] {processor.py:183} INFO - Processing /Users/anikbhowmick/Python/Big_Data_Assignment/A02/airflow_env/lib/python3.11/site-packages/airflow/example_dags/example_params_ui_tutorial.py took 0.085 seconds
[2024-02-27T11:10:25.789+0530] {processor.py:161} INFO - Started process (PID=3167) to work on /Users/anikbhowmick/Python/Big_Data_Assignment/A02/airflow_env/lib/python3.11/site-packages/airflow/example_dags/example_params_ui_tutorial.py
[2024-02-27T11:10:25.789+0530] {processor.py:830} INFO - Processing file /Users/anikbhowmick/Python/Big_Data_Assignment/A02/airflow_env/lib/python3.11/site-packages/airflow/example_dags/example_params_ui_tutorial.py for tasks to queue
[2024-02-27T11:10:25.790+0530] {logging_mixin.py:188} INFO - [2024-02-27T11:10:25.790+0530] {dagbag.py:540} INFO - Filling up the DagBag from /Users/anikbhowmick/Python/Big_Data_Assignment/A02/airflow_env/lib/python3.11/site-packages/airflow/example_dags/example_params_ui_tutorial.py
[2024-02-27T11:10:25.803+0530] {processor.py:840} INFO - DAG(s) 'example_params_ui_tutorial' retrieved from /Users/anikbhowmick/Python/Big_Data_Assignment/A02/airflow_env/lib/python3.11/site-packages/airflow/example_dags/example_params_ui_tutorial.py
[2024-02-27T11:10:25.860+0530] {logging_mixin.py:188} INFO - [2024-02-27T11:10:25.860+0530] {dag.py:3047} INFO - Sync 1 DAGs
[2024-02-27T11:10:25.863+0530] {logging_mixin.py:188} INFO - [2024-02-27T11:10:25.863+0530] {dag.py:3834} INFO - Setting next_dagrun for example_params_ui_tutorial to None, run_after=None
[2024-02-27T11:10:25.869+0530] {processor.py:183} INFO - Processing /Users/anikbhowmick/Python/Big_Data_Assignment/A02/airflow_env/lib/python3.11/site-packages/airflow/example_dags/example_params_ui_tutorial.py took 0.080 seconds
[2024-02-27T11:12:02.110+0530] {processor.py:161} INFO - Started process (PID=3271) to work on /Users/anikbhowmick/Python/Big_Data_Assignment/A02/airflow_env/lib/python3.11/site-packages/airflow/example_dags/example_params_ui_tutorial.py
[2024-02-27T11:12:02.111+0530] {processor.py:830} INFO - Processing file /Users/anikbhowmick/Python/Big_Data_Assignment/A02/airflow_env/lib/python3.11/site-packages/airflow/example_dags/example_params_ui_tutorial.py for tasks to queue
[2024-02-27T11:12:02.111+0530] {logging_mixin.py:188} INFO - [2024-02-27T11:12:02.111+0530] {dagbag.py:540} INFO - Filling up the DagBag from /Users/anikbhowmick/Python/Big_Data_Assignment/A02/airflow_env/lib/python3.11/site-packages/airflow/example_dags/example_params_ui_tutorial.py
[2024-02-27T11:12:02.124+0530] {processor.py:840} INFO - DAG(s) 'example_params_ui_tutorial' retrieved from /Users/anikbhowmick/Python/Big_Data_Assignment/A02/airflow_env/lib/python3.11/site-packages/airflow/example_dags/example_params_ui_tutorial.py
[2024-02-27T11:12:02.180+0530] {logging_mixin.py:188} INFO - [2024-02-27T11:12:02.180+0530] {dag.py:3047} INFO - Sync 1 DAGs
[2024-02-27T11:12:02.183+0530] {logging_mixin.py:188} INFO - [2024-02-27T11:12:02.183+0530] {dag.py:3834} INFO - Setting next_dagrun for example_params_ui_tutorial to None, run_after=None
[2024-02-27T11:12:02.189+0530] {processor.py:183} INFO - Processing /Users/anikbhowmick/Python/Big_Data_Assignment/A02/airflow_env/lib/python3.11/site-packages/airflow/example_dags/example_params_ui_tutorial.py took 0.080 seconds
[2024-02-27T11:13:53.641+0530] {processor.py:161} INFO - Started process (PID=3356) to work on /Users/anikbhowmick/Python/Big_Data_Assignment/A02/airflow_env/lib/python3.11/site-packages/airflow/example_dags/example_params_ui_tutorial.py
[2024-02-27T11:13:53.642+0530] {processor.py:830} INFO - Processing file /Users/anikbhowmick/Python/Big_Data_Assignment/A02/airflow_env/lib/python3.11/site-packages/airflow/example_dags/example_params_ui_tutorial.py for tasks to queue
[2024-02-27T11:13:53.643+0530] {logging_mixin.py:188} INFO - [2024-02-27T11:13:53.643+0530] {dagbag.py:540} INFO - Filling up the DagBag from /Users/anikbhowmick/Python/Big_Data_Assignment/A02/airflow_env/lib/python3.11/site-packages/airflow/example_dags/example_params_ui_tutorial.py
[2024-02-27T11:13:53.655+0530] {processor.py:840} INFO - DAG(s) 'example_params_ui_tutorial' retrieved from /Users/anikbhowmick/Python/Big_Data_Assignment/A02/airflow_env/lib/python3.11/site-packages/airflow/example_dags/example_params_ui_tutorial.py
[2024-02-27T11:13:53.712+0530] {logging_mixin.py:188} INFO - [2024-02-27T11:13:53.712+0530] {dag.py:3047} INFO - Sync 1 DAGs
[2024-02-27T11:13:53.715+0530] {logging_mixin.py:188} INFO - [2024-02-27T11:13:53.715+0530] {dag.py:3834} INFO - Setting next_dagrun for example_params_ui_tutorial to None, run_after=None
[2024-02-27T11:13:53.721+0530] {processor.py:183} INFO - Processing /Users/anikbhowmick/Python/Big_Data_Assignment/A02/airflow_env/lib/python3.11/site-packages/airflow/example_dags/example_params_ui_tutorial.py took 0.080 seconds
[2024-02-27T11:15:39.298+0530] {processor.py:161} INFO - Started process (PID=3445) to work on /Users/anikbhowmick/Python/Big_Data_Assignment/A02/airflow_env/lib/python3.11/site-packages/airflow/example_dags/example_params_ui_tutorial.py
[2024-02-27T11:15:39.298+0530] {processor.py:830} INFO - Processing file /Users/anikbhowmick/Python/Big_Data_Assignment/A02/airflow_env/lib/python3.11/site-packages/airflow/example_dags/example_params_ui_tutorial.py for tasks to queue
[2024-02-27T11:15:39.298+0530] {logging_mixin.py:188} INFO - [2024-02-27T11:15:39.298+0530] {dagbag.py:540} INFO - Filling up the DagBag from /Users/anikbhowmick/Python/Big_Data_Assignment/A02/airflow_env/lib/python3.11/site-packages/airflow/example_dags/example_params_ui_tutorial.py
[2024-02-27T11:15:39.311+0530] {processor.py:840} INFO - DAG(s) 'example_params_ui_tutorial' retrieved from /Users/anikbhowmick/Python/Big_Data_Assignment/A02/airflow_env/lib/python3.11/site-packages/airflow/example_dags/example_params_ui_tutorial.py
[2024-02-27T11:15:39.367+0530] {logging_mixin.py:188} INFO - [2024-02-27T11:15:39.367+0530] {dag.py:3047} INFO - Sync 1 DAGs
[2024-02-27T11:15:39.370+0530] {logging_mixin.py:188} INFO - [2024-02-27T11:15:39.370+0530] {dag.py:3834} INFO - Setting next_dagrun for example_params_ui_tutorial to None, run_after=None
[2024-02-27T11:15:39.377+0530] {processor.py:183} INFO - Processing /Users/anikbhowmick/Python/Big_Data_Assignment/A02/airflow_env/lib/python3.11/site-packages/airflow/example_dags/example_params_ui_tutorial.py took 0.079 seconds
[2024-02-27T11:17:25.142+0530] {processor.py:161} INFO - Started process (PID=3520) to work on /Users/anikbhowmick/Python/Big_Data_Assignment/A02/airflow_env/lib/python3.11/site-packages/airflow/example_dags/example_params_ui_tutorial.py
[2024-02-27T11:17:25.142+0530] {processor.py:830} INFO - Processing file /Users/anikbhowmick/Python/Big_Data_Assignment/A02/airflow_env/lib/python3.11/site-packages/airflow/example_dags/example_params_ui_tutorial.py for tasks to queue
[2024-02-27T11:17:25.142+0530] {logging_mixin.py:188} INFO - [2024-02-27T11:17:25.142+0530] {dagbag.py:540} INFO - Filling up the DagBag from /Users/anikbhowmick/Python/Big_Data_Assignment/A02/airflow_env/lib/python3.11/site-packages/airflow/example_dags/example_params_ui_tutorial.py
[2024-02-27T11:17:25.155+0530] {processor.py:840} INFO - DAG(s) 'example_params_ui_tutorial' retrieved from /Users/anikbhowmick/Python/Big_Data_Assignment/A02/airflow_env/lib/python3.11/site-packages/airflow/example_dags/example_params_ui_tutorial.py
[2024-02-27T11:17:25.212+0530] {logging_mixin.py:188} INFO - [2024-02-27T11:17:25.212+0530] {dag.py:3047} INFO - Sync 1 DAGs
[2024-02-27T11:17:25.215+0530] {logging_mixin.py:188} INFO - [2024-02-27T11:17:25.215+0530] {dag.py:3834} INFO - Setting next_dagrun for example_params_ui_tutorial to None, run_after=None
[2024-02-27T11:17:25.221+0530] {processor.py:183} INFO - Processing /Users/anikbhowmick/Python/Big_Data_Assignment/A02/airflow_env/lib/python3.11/site-packages/airflow/example_dags/example_params_ui_tutorial.py took 0.080 seconds
[2024-02-27T11:20:28.881+0530] {processor.py:161} INFO - Started process (PID=3677) to work on /Users/anikbhowmick/Python/Big_Data_Assignment/A02/airflow_env/lib/python3.11/site-packages/airflow/example_dags/example_params_ui_tutorial.py
[2024-02-27T11:20:28.882+0530] {processor.py:830} INFO - Processing file /Users/anikbhowmick/Python/Big_Data_Assignment/A02/airflow_env/lib/python3.11/site-packages/airflow/example_dags/example_params_ui_tutorial.py for tasks to queue
[2024-02-27T11:20:28.882+0530] {logging_mixin.py:188} INFO - [2024-02-27T11:20:28.882+0530] {dagbag.py:540} INFO - Filling up the DagBag from /Users/anikbhowmick/Python/Big_Data_Assignment/A02/airflow_env/lib/python3.11/site-packages/airflow/example_dags/example_params_ui_tutorial.py
[2024-02-27T11:20:28.895+0530] {processor.py:840} INFO - DAG(s) 'example_params_ui_tutorial' retrieved from /Users/anikbhowmick/Python/Big_Data_Assignment/A02/airflow_env/lib/python3.11/site-packages/airflow/example_dags/example_params_ui_tutorial.py
[2024-02-27T11:20:28.993+0530] {logging_mixin.py:188} INFO - [2024-02-27T11:20:28.993+0530] {dag.py:3047} INFO - Sync 1 DAGs
[2024-02-27T11:20:28.997+0530] {logging_mixin.py:188} INFO - [2024-02-27T11:20:28.997+0530] {dag.py:3834} INFO - Setting next_dagrun for example_params_ui_tutorial to None, run_after=None
[2024-02-27T11:20:29.004+0530] {processor.py:183} INFO - Processing /Users/anikbhowmick/Python/Big_Data_Assignment/A02/airflow_env/lib/python3.11/site-packages/airflow/example_dags/example_params_ui_tutorial.py took 0.124 seconds
[2024-02-27T11:22:51.855+0530] {processor.py:161} INFO - Started process (PID=3805) to work on /Users/anikbhowmick/Python/Big_Data_Assignment/A02/airflow_env/lib/python3.11/site-packages/airflow/example_dags/example_params_ui_tutorial.py
[2024-02-27T11:22:51.856+0530] {processor.py:830} INFO - Processing file /Users/anikbhowmick/Python/Big_Data_Assignment/A02/airflow_env/lib/python3.11/site-packages/airflow/example_dags/example_params_ui_tutorial.py for tasks to queue
[2024-02-27T11:22:51.857+0530] {logging_mixin.py:188} INFO - [2024-02-27T11:22:51.856+0530] {dagbag.py:540} INFO - Filling up the DagBag from /Users/anikbhowmick/Python/Big_Data_Assignment/A02/airflow_env/lib/python3.11/site-packages/airflow/example_dags/example_params_ui_tutorial.py
[2024-02-27T11:22:51.869+0530] {processor.py:840} INFO - DAG(s) 'example_params_ui_tutorial' retrieved from /Users/anikbhowmick/Python/Big_Data_Assignment/A02/airflow_env/lib/python3.11/site-packages/airflow/example_dags/example_params_ui_tutorial.py
[2024-02-27T11:22:51.925+0530] {logging_mixin.py:188} INFO - [2024-02-27T11:22:51.925+0530] {dag.py:3047} INFO - Sync 1 DAGs
[2024-02-27T11:22:51.928+0530] {logging_mixin.py:188} INFO - [2024-02-27T11:22:51.928+0530] {dag.py:3834} INFO - Setting next_dagrun for example_params_ui_tutorial to None, run_after=None
[2024-02-27T11:22:51.934+0530] {processor.py:183} INFO - Processing /Users/anikbhowmick/Python/Big_Data_Assignment/A02/airflow_env/lib/python3.11/site-packages/airflow/example_dags/example_params_ui_tutorial.py took 0.079 seconds
[2024-02-27T11:24:42.380+0530] {processor.py:161} INFO - Started process (PID=3923) to work on /Users/anikbhowmick/Python/Big_Data_Assignment/A02/airflow_env/lib/python3.11/site-packages/airflow/example_dags/example_params_ui_tutorial.py
[2024-02-27T11:24:42.380+0530] {processor.py:830} INFO - Processing file /Users/anikbhowmick/Python/Big_Data_Assignment/A02/airflow_env/lib/python3.11/site-packages/airflow/example_dags/example_params_ui_tutorial.py for tasks to queue
[2024-02-27T11:24:42.381+0530] {logging_mixin.py:188} INFO - [2024-02-27T11:24:42.381+0530] {dagbag.py:540} INFO - Filling up the DagBag from /Users/anikbhowmick/Python/Big_Data_Assignment/A02/airflow_env/lib/python3.11/site-packages/airflow/example_dags/example_params_ui_tutorial.py
[2024-02-27T11:24:42.393+0530] {processor.py:840} INFO - DAG(s) 'example_params_ui_tutorial' retrieved from /Users/anikbhowmick/Python/Big_Data_Assignment/A02/airflow_env/lib/python3.11/site-packages/airflow/example_dags/example_params_ui_tutorial.py
[2024-02-27T11:24:42.450+0530] {logging_mixin.py:188} INFO - [2024-02-27T11:24:42.450+0530] {dag.py:3047} INFO - Sync 1 DAGs
[2024-02-27T11:24:42.454+0530] {logging_mixin.py:188} INFO - [2024-02-27T11:24:42.454+0530] {dag.py:3834} INFO - Setting next_dagrun for example_params_ui_tutorial to None, run_after=None
[2024-02-27T11:24:42.460+0530] {processor.py:183} INFO - Processing /Users/anikbhowmick/Python/Big_Data_Assignment/A02/airflow_env/lib/python3.11/site-packages/airflow/example_dags/example_params_ui_tutorial.py took 0.080 seconds
[2024-02-27T11:26:06.287+0530] {processor.py:161} INFO - Started process (PID=3978) to work on /Users/anikbhowmick/Python/Big_Data_Assignment/A02/airflow_env/lib/python3.11/site-packages/airflow/example_dags/example_params_ui_tutorial.py
[2024-02-27T11:26:06.288+0530] {processor.py:830} INFO - Processing file /Users/anikbhowmick/Python/Big_Data_Assignment/A02/airflow_env/lib/python3.11/site-packages/airflow/example_dags/example_params_ui_tutorial.py for tasks to queue
[2024-02-27T11:26:06.288+0530] {logging_mixin.py:188} INFO - [2024-02-27T11:26:06.288+0530] {dagbag.py:540} INFO - Filling up the DagBag from /Users/anikbhowmick/Python/Big_Data_Assignment/A02/airflow_env/lib/python3.11/site-packages/airflow/example_dags/example_params_ui_tutorial.py
[2024-02-27T11:26:06.303+0530] {processor.py:840} INFO - DAG(s) 'example_params_ui_tutorial' retrieved from /Users/anikbhowmick/Python/Big_Data_Assignment/A02/airflow_env/lib/python3.11/site-packages/airflow/example_dags/example_params_ui_tutorial.py
[2024-02-27T11:26:06.370+0530] {logging_mixin.py:188} INFO - [2024-02-27T11:26:06.370+0530] {dag.py:3047} INFO - Sync 1 DAGs
[2024-02-27T11:26:06.375+0530] {logging_mixin.py:188} INFO - [2024-02-27T11:26:06.374+0530] {dag.py:3834} INFO - Setting next_dagrun for example_params_ui_tutorial to None, run_after=None
[2024-02-27T11:26:06.381+0530] {processor.py:183} INFO - Processing /Users/anikbhowmick/Python/Big_Data_Assignment/A02/airflow_env/lib/python3.11/site-packages/airflow/example_dags/example_params_ui_tutorial.py took 0.095 seconds
[2024-02-27T11:28:35.601+0530] {processor.py:161} INFO - Started process (PID=4132) to work on /Users/anikbhowmick/Python/Big_Data_Assignment/A02/airflow_env/lib/python3.11/site-packages/airflow/example_dags/example_params_ui_tutorial.py
[2024-02-27T11:28:35.603+0530] {processor.py:830} INFO - Processing file /Users/anikbhowmick/Python/Big_Data_Assignment/A02/airflow_env/lib/python3.11/site-packages/airflow/example_dags/example_params_ui_tutorial.py for tasks to queue
[2024-02-27T11:28:35.603+0530] {logging_mixin.py:188} INFO - [2024-02-27T11:28:35.603+0530] {dagbag.py:540} INFO - Filling up the DagBag from /Users/anikbhowmick/Python/Big_Data_Assignment/A02/airflow_env/lib/python3.11/site-packages/airflow/example_dags/example_params_ui_tutorial.py
[2024-02-27T11:28:35.615+0530] {processor.py:840} INFO - DAG(s) 'example_params_ui_tutorial' retrieved from /Users/anikbhowmick/Python/Big_Data_Assignment/A02/airflow_env/lib/python3.11/site-packages/airflow/example_dags/example_params_ui_tutorial.py
[2024-02-27T11:28:35.672+0530] {logging_mixin.py:188} INFO - [2024-02-27T11:28:35.672+0530] {dag.py:3047} INFO - Sync 1 DAGs
[2024-02-27T11:28:35.676+0530] {logging_mixin.py:188} INFO - [2024-02-27T11:28:35.676+0530] {dag.py:3834} INFO - Setting next_dagrun for example_params_ui_tutorial to None, run_after=None
[2024-02-27T11:28:35.682+0530] {processor.py:183} INFO - Processing /Users/anikbhowmick/Python/Big_Data_Assignment/A02/airflow_env/lib/python3.11/site-packages/airflow/example_dags/example_params_ui_tutorial.py took 0.081 seconds
[2024-02-27T11:30:01.622+0530] {processor.py:161} INFO - Started process (PID=4208) to work on /Users/anikbhowmick/Python/Big_Data_Assignment/A02/airflow_env/lib/python3.11/site-packages/airflow/example_dags/example_params_ui_tutorial.py
[2024-02-27T11:30:01.623+0530] {processor.py:830} INFO - Processing file /Users/anikbhowmick/Python/Big_Data_Assignment/A02/airflow_env/lib/python3.11/site-packages/airflow/example_dags/example_params_ui_tutorial.py for tasks to queue
[2024-02-27T11:30:01.623+0530] {logging_mixin.py:188} INFO - [2024-02-27T11:30:01.623+0530] {dagbag.py:540} INFO - Filling up the DagBag from /Users/anikbhowmick/Python/Big_Data_Assignment/A02/airflow_env/lib/python3.11/site-packages/airflow/example_dags/example_params_ui_tutorial.py
[2024-02-27T11:30:01.635+0530] {processor.py:840} INFO - DAG(s) 'example_params_ui_tutorial' retrieved from /Users/anikbhowmick/Python/Big_Data_Assignment/A02/airflow_env/lib/python3.11/site-packages/airflow/example_dags/example_params_ui_tutorial.py
[2024-02-27T11:30:01.699+0530] {logging_mixin.py:188} INFO - [2024-02-27T11:30:01.699+0530] {dag.py:3047} INFO - Sync 1 DAGs
[2024-02-27T11:30:01.702+0530] {logging_mixin.py:188} INFO - [2024-02-27T11:30:01.702+0530] {dag.py:3834} INFO - Setting next_dagrun for example_params_ui_tutorial to None, run_after=None
[2024-02-27T11:30:01.710+0530] {processor.py:183} INFO - Processing /Users/anikbhowmick/Python/Big_Data_Assignment/A02/airflow_env/lib/python3.11/site-packages/airflow/example_dags/example_params_ui_tutorial.py took 0.088 seconds
[2024-02-27T11:31:45.327+0530] {processor.py:161} INFO - Started process (PID=4278) to work on /Users/anikbhowmick/Python/Big_Data_Assignment/A02/airflow_env/lib/python3.11/site-packages/airflow/example_dags/example_params_ui_tutorial.py
[2024-02-27T11:31:45.328+0530] {processor.py:830} INFO - Processing file /Users/anikbhowmick/Python/Big_Data_Assignment/A02/airflow_env/lib/python3.11/site-packages/airflow/example_dags/example_params_ui_tutorial.py for tasks to queue
[2024-02-27T11:31:45.329+0530] {logging_mixin.py:188} INFO - [2024-02-27T11:31:45.329+0530] {dagbag.py:540} INFO - Filling up the DagBag from /Users/anikbhowmick/Python/Big_Data_Assignment/A02/airflow_env/lib/python3.11/site-packages/airflow/example_dags/example_params_ui_tutorial.py
[2024-02-27T11:31:45.341+0530] {processor.py:840} INFO - DAG(s) 'example_params_ui_tutorial' retrieved from /Users/anikbhowmick/Python/Big_Data_Assignment/A02/airflow_env/lib/python3.11/site-packages/airflow/example_dags/example_params_ui_tutorial.py
[2024-02-27T11:31:45.396+0530] {logging_mixin.py:188} INFO - [2024-02-27T11:31:45.396+0530] {dag.py:3047} INFO - Sync 1 DAGs
[2024-02-27T11:31:45.400+0530] {logging_mixin.py:188} INFO - [2024-02-27T11:31:45.400+0530] {dag.py:3834} INFO - Setting next_dagrun for example_params_ui_tutorial to None, run_after=None
[2024-02-27T11:31:45.406+0530] {processor.py:183} INFO - Processing /Users/anikbhowmick/Python/Big_Data_Assignment/A02/airflow_env/lib/python3.11/site-packages/airflow/example_dags/example_params_ui_tutorial.py took 0.079 seconds
[2024-02-27T11:34:17.701+0530] {processor.py:161} INFO - Started process (PID=4440) to work on /Users/anikbhowmick/Python/Big_Data_Assignment/A02/airflow_env/lib/python3.11/site-packages/airflow/example_dags/example_params_ui_tutorial.py
[2024-02-27T11:34:17.702+0530] {processor.py:830} INFO - Processing file /Users/anikbhowmick/Python/Big_Data_Assignment/A02/airflow_env/lib/python3.11/site-packages/airflow/example_dags/example_params_ui_tutorial.py for tasks to queue
[2024-02-27T11:34:17.702+0530] {logging_mixin.py:188} INFO - [2024-02-27T11:34:17.702+0530] {dagbag.py:540} INFO - Filling up the DagBag from /Users/anikbhowmick/Python/Big_Data_Assignment/A02/airflow_env/lib/python3.11/site-packages/airflow/example_dags/example_params_ui_tutorial.py
[2024-02-27T11:34:17.715+0530] {processor.py:840} INFO - DAG(s) 'example_params_ui_tutorial' retrieved from /Users/anikbhowmick/Python/Big_Data_Assignment/A02/airflow_env/lib/python3.11/site-packages/airflow/example_dags/example_params_ui_tutorial.py
[2024-02-27T11:34:17.772+0530] {logging_mixin.py:188} INFO - [2024-02-27T11:34:17.772+0530] {dag.py:3047} INFO - Sync 1 DAGs
[2024-02-27T11:34:17.775+0530] {logging_mixin.py:188} INFO - [2024-02-27T11:34:17.775+0530] {dag.py:3834} INFO - Setting next_dagrun for example_params_ui_tutorial to None, run_after=None
[2024-02-27T11:34:17.781+0530] {processor.py:183} INFO - Processing /Users/anikbhowmick/Python/Big_Data_Assignment/A02/airflow_env/lib/python3.11/site-packages/airflow/example_dags/example_params_ui_tutorial.py took 0.080 seconds
[2024-02-27T11:35:38.986+0530] {processor.py:161} INFO - Started process (PID=4496) to work on /Users/anikbhowmick/Python/Big_Data_Assignment/A02/airflow_env/lib/python3.11/site-packages/airflow/example_dags/example_params_ui_tutorial.py
[2024-02-27T11:35:38.987+0530] {processor.py:830} INFO - Processing file /Users/anikbhowmick/Python/Big_Data_Assignment/A02/airflow_env/lib/python3.11/site-packages/airflow/example_dags/example_params_ui_tutorial.py for tasks to queue
[2024-02-27T11:35:38.987+0530] {logging_mixin.py:188} INFO - [2024-02-27T11:35:38.987+0530] {dagbag.py:540} INFO - Filling up the DagBag from /Users/anikbhowmick/Python/Big_Data_Assignment/A02/airflow_env/lib/python3.11/site-packages/airflow/example_dags/example_params_ui_tutorial.py
[2024-02-27T11:35:39.000+0530] {processor.py:840} INFO - DAG(s) 'example_params_ui_tutorial' retrieved from /Users/anikbhowmick/Python/Big_Data_Assignment/A02/airflow_env/lib/python3.11/site-packages/airflow/example_dags/example_params_ui_tutorial.py
[2024-02-27T11:35:39.056+0530] {logging_mixin.py:188} INFO - [2024-02-27T11:35:39.056+0530] {dag.py:3047} INFO - Sync 1 DAGs
[2024-02-27T11:35:39.059+0530] {logging_mixin.py:188} INFO - [2024-02-27T11:35:39.059+0530] {dag.py:3834} INFO - Setting next_dagrun for example_params_ui_tutorial to None, run_after=None
[2024-02-27T11:35:39.065+0530] {processor.py:183} INFO - Processing /Users/anikbhowmick/Python/Big_Data_Assignment/A02/airflow_env/lib/python3.11/site-packages/airflow/example_dags/example_params_ui_tutorial.py took 0.080 seconds
[2024-02-27T11:39:41.895+0530] {processor.py:161} INFO - Started process (PID=4636) to work on /Users/anikbhowmick/Python/Big_Data_Assignment/A02/airflow_env/lib/python3.11/site-packages/airflow/example_dags/example_params_ui_tutorial.py
[2024-02-27T11:39:41.896+0530] {processor.py:830} INFO - Processing file /Users/anikbhowmick/Python/Big_Data_Assignment/A02/airflow_env/lib/python3.11/site-packages/airflow/example_dags/example_params_ui_tutorial.py for tasks to queue
[2024-02-27T11:39:41.897+0530] {logging_mixin.py:188} INFO - [2024-02-27T11:39:41.897+0530] {dagbag.py:540} INFO - Filling up the DagBag from /Users/anikbhowmick/Python/Big_Data_Assignment/A02/airflow_env/lib/python3.11/site-packages/airflow/example_dags/example_params_ui_tutorial.py
[2024-02-27T11:39:41.909+0530] {processor.py:840} INFO - DAG(s) 'example_params_ui_tutorial' retrieved from /Users/anikbhowmick/Python/Big_Data_Assignment/A02/airflow_env/lib/python3.11/site-packages/airflow/example_dags/example_params_ui_tutorial.py
[2024-02-27T11:39:41.965+0530] {logging_mixin.py:188} INFO - [2024-02-27T11:39:41.965+0530] {dag.py:3047} INFO - Sync 1 DAGs
[2024-02-27T11:39:41.968+0530] {logging_mixin.py:188} INFO - [2024-02-27T11:39:41.968+0530] {dag.py:3834} INFO - Setting next_dagrun for example_params_ui_tutorial to None, run_after=None
[2024-02-27T11:39:41.974+0530] {processor.py:183} INFO - Processing /Users/anikbhowmick/Python/Big_Data_Assignment/A02/airflow_env/lib/python3.11/site-packages/airflow/example_dags/example_params_ui_tutorial.py took 0.079 seconds
[2024-02-27T11:41:14.720+0530] {processor.py:161} INFO - Started process (PID=4719) to work on /Users/anikbhowmick/Python/Big_Data_Assignment/A02/airflow_env/lib/python3.11/site-packages/airflow/example_dags/example_params_ui_tutorial.py
[2024-02-27T11:41:14.720+0530] {processor.py:830} INFO - Processing file /Users/anikbhowmick/Python/Big_Data_Assignment/A02/airflow_env/lib/python3.11/site-packages/airflow/example_dags/example_params_ui_tutorial.py for tasks to queue
[2024-02-27T11:41:14.720+0530] {logging_mixin.py:188} INFO - [2024-02-27T11:41:14.720+0530] {dagbag.py:540} INFO - Filling up the DagBag from /Users/anikbhowmick/Python/Big_Data_Assignment/A02/airflow_env/lib/python3.11/site-packages/airflow/example_dags/example_params_ui_tutorial.py
[2024-02-27T11:41:14.732+0530] {processor.py:840} INFO - DAG(s) 'example_params_ui_tutorial' retrieved from /Users/anikbhowmick/Python/Big_Data_Assignment/A02/airflow_env/lib/python3.11/site-packages/airflow/example_dags/example_params_ui_tutorial.py
[2024-02-27T11:41:14.788+0530] {logging_mixin.py:188} INFO - [2024-02-27T11:41:14.788+0530] {dag.py:3047} INFO - Sync 1 DAGs
[2024-02-27T11:41:14.791+0530] {logging_mixin.py:188} INFO - [2024-02-27T11:41:14.791+0530] {dag.py:3834} INFO - Setting next_dagrun for example_params_ui_tutorial to None, run_after=None
[2024-02-27T11:41:14.797+0530] {processor.py:183} INFO - Processing /Users/anikbhowmick/Python/Big_Data_Assignment/A02/airflow_env/lib/python3.11/site-packages/airflow/example_dags/example_params_ui_tutorial.py took 0.078 seconds
