[2024-02-27T10:46:51.755+0530] {processor.py:161} INFO - Started process (PID=1621) to work on /Users/anikbhowmick/Python/Big_Data_Assignment/A02/airflow_env/lib/python3.11/site-packages/airflow/example_dags/example_datasets.py
[2024-02-27T10:46:51.755+0530] {processor.py:830} INFO - Processing file /Users/anikbhowmick/Python/Big_Data_Assignment/A02/airflow_env/lib/python3.11/site-packages/airflow/example_dags/example_datasets.py for tasks to queue
[2024-02-27T10:46:51.755+0530] {logging_mixin.py:188} INFO - [2024-02-27T10:46:51.755+0530] {dagbag.py:540} INFO - Filling up the DagBag from /Users/anikbhowmick/Python/Big_Data_Assignment/A02/airflow_env/lib/python3.11/site-packages/airflow/example_dags/example_datasets.py
[2024-02-27T10:46:51.758+0530] {processor.py:840} INFO - DAG(s) 'dataset_consumes_1_and_2', 'dataset_consumes_unknown_never_scheduled', 'dataset_consumes_1', 'dataset_consumes_1_never_scheduled', 'dataset_produces_1', 'dataset_produces_2' retrieved from /Users/anikbhowmick/Python/Big_Data_Assignment/A02/airflow_env/lib/python3.11/site-packages/airflow/example_dags/example_datasets.py
[2024-02-27T10:46:51.813+0530] {logging_mixin.py:188} INFO - [2024-02-27T10:46:51.813+0530] {dag.py:3047} INFO - Sync 6 DAGs
[2024-02-27T10:46:51.818+0530] {logging_mixin.py:188} INFO - [2024-02-27T10:46:51.818+0530] {dag.py:3834} INFO - Setting next_dagrun for dataset_consumes_1 to None, run_after=None
[2024-02-27T10:46:51.819+0530] {logging_mixin.py:188} INFO - [2024-02-27T10:46:51.819+0530] {dag.py:3834} INFO - Setting next_dagrun for dataset_consumes_1_and_2 to None, run_after=None
[2024-02-27T10:46:51.819+0530] {logging_mixin.py:188} INFO - [2024-02-27T10:46:51.819+0530] {dag.py:3834} INFO - Setting next_dagrun for dataset_consumes_1_never_scheduled to None, run_after=None
[2024-02-27T10:46:51.819+0530] {logging_mixin.py:188} INFO - [2024-02-27T10:46:51.819+0530] {dag.py:3834} INFO - Setting next_dagrun for dataset_consumes_unknown_never_scheduled to None, run_after=None
[2024-02-27T10:46:51.820+0530] {logging_mixin.py:188} INFO - [2024-02-27T10:46:51.820+0530] {dag.py:3834} INFO - Setting next_dagrun for dataset_produces_1 to 2024-02-26 00:00:00+00:00, run_after=2024-02-27 00:00:00+00:00
[2024-02-27T10:46:51.820+0530] {logging_mixin.py:188} INFO - [2024-02-27T10:46:51.820+0530] {dag.py:3834} INFO - Setting next_dagrun for dataset_produces_2 to None, run_after=None
[2024-02-27T10:46:51.829+0530] {processor.py:183} INFO - Processing /Users/anikbhowmick/Python/Big_Data_Assignment/A02/airflow_env/lib/python3.11/site-packages/airflow/example_dags/example_datasets.py took 0.074 seconds
[2024-02-27T10:50:13.621+0530] {processor.py:161} INFO - Started process (PID=1802) to work on /Users/anikbhowmick/Python/Big_Data_Assignment/A02/airflow_env/lib/python3.11/site-packages/airflow/example_dags/example_datasets.py
[2024-02-27T10:50:13.621+0530] {processor.py:830} INFO - Processing file /Users/anikbhowmick/Python/Big_Data_Assignment/A02/airflow_env/lib/python3.11/site-packages/airflow/example_dags/example_datasets.py for tasks to queue
[2024-02-27T10:50:13.622+0530] {logging_mixin.py:188} INFO - [2024-02-27T10:50:13.621+0530] {dagbag.py:540} INFO - Filling up the DagBag from /Users/anikbhowmick/Python/Big_Data_Assignment/A02/airflow_env/lib/python3.11/site-packages/airflow/example_dags/example_datasets.py
[2024-02-27T10:50:13.625+0530] {processor.py:840} INFO - DAG(s) 'dataset_consumes_1_never_scheduled', 'dataset_produces_1', 'dataset_produces_2', 'dataset_consumes_1', 'dataset_consumes_1_and_2', 'dataset_consumes_unknown_never_scheduled' retrieved from /Users/anikbhowmick/Python/Big_Data_Assignment/A02/airflow_env/lib/python3.11/site-packages/airflow/example_dags/example_datasets.py
[2024-02-27T10:50:13.681+0530] {logging_mixin.py:188} INFO - [2024-02-27T10:50:13.681+0530] {dag.py:3047} INFO - Sync 6 DAGs
[2024-02-27T10:50:13.687+0530] {logging_mixin.py:188} INFO - [2024-02-27T10:50:13.687+0530] {dag.py:3834} INFO - Setting next_dagrun for dataset_consumes_1 to None, run_after=None
[2024-02-27T10:50:13.688+0530] {logging_mixin.py:188} INFO - [2024-02-27T10:50:13.688+0530] {dag.py:3834} INFO - Setting next_dagrun for dataset_consumes_1_and_2 to None, run_after=None
[2024-02-27T10:50:13.688+0530] {logging_mixin.py:188} INFO - [2024-02-27T10:50:13.688+0530] {dag.py:3834} INFO - Setting next_dagrun for dataset_consumes_1_never_scheduled to None, run_after=None
[2024-02-27T10:50:13.688+0530] {logging_mixin.py:188} INFO - [2024-02-27T10:50:13.688+0530] {dag.py:3834} INFO - Setting next_dagrun for dataset_consumes_unknown_never_scheduled to None, run_after=None
[2024-02-27T10:50:13.689+0530] {logging_mixin.py:188} INFO - [2024-02-27T10:50:13.689+0530] {dag.py:3834} INFO - Setting next_dagrun for dataset_produces_1 to 2024-02-26 00:00:00+00:00, run_after=2024-02-27 00:00:00+00:00
[2024-02-27T10:50:13.689+0530] {logging_mixin.py:188} INFO - [2024-02-27T10:50:13.689+0530] {dag.py:3834} INFO - Setting next_dagrun for dataset_produces_2 to None, run_after=None
[2024-02-27T10:50:13.698+0530] {processor.py:183} INFO - Processing /Users/anikbhowmick/Python/Big_Data_Assignment/A02/airflow_env/lib/python3.11/site-packages/airflow/example_dags/example_datasets.py took 0.077 seconds
[2024-02-27T10:53:19.599+0530] {processor.py:161} INFO - Started process (PID=2015) to work on /Users/anikbhowmick/Python/Big_Data_Assignment/A02/airflow_env/lib/python3.11/site-packages/airflow/example_dags/example_datasets.py
[2024-02-27T10:53:19.600+0530] {processor.py:830} INFO - Processing file /Users/anikbhowmick/Python/Big_Data_Assignment/A02/airflow_env/lib/python3.11/site-packages/airflow/example_dags/example_datasets.py for tasks to queue
[2024-02-27T10:53:19.600+0530] {logging_mixin.py:188} INFO - [2024-02-27T10:53:19.600+0530] {dagbag.py:540} INFO - Filling up the DagBag from /Users/anikbhowmick/Python/Big_Data_Assignment/A02/airflow_env/lib/python3.11/site-packages/airflow/example_dags/example_datasets.py
[2024-02-27T10:53:19.604+0530] {processor.py:840} INFO - DAG(s) 'dataset_consumes_1_and_2', 'dataset_consumes_unknown_never_scheduled', 'dataset_produces_1', 'dataset_consumes_1', 'dataset_produces_2', 'dataset_consumes_1_never_scheduled' retrieved from /Users/anikbhowmick/Python/Big_Data_Assignment/A02/airflow_env/lib/python3.11/site-packages/airflow/example_dags/example_datasets.py
[2024-02-27T10:53:19.657+0530] {logging_mixin.py:188} INFO - [2024-02-27T10:53:19.657+0530] {dag.py:3047} INFO - Sync 6 DAGs
[2024-02-27T10:53:19.662+0530] {logging_mixin.py:188} INFO - [2024-02-27T10:53:19.662+0530] {dag.py:3834} INFO - Setting next_dagrun for dataset_consumes_1 to None, run_after=None
[2024-02-27T10:53:19.663+0530] {logging_mixin.py:188} INFO - [2024-02-27T10:53:19.663+0530] {dag.py:3834} INFO - Setting next_dagrun for dataset_consumes_1_and_2 to None, run_after=None
[2024-02-27T10:53:19.664+0530] {logging_mixin.py:188} INFO - [2024-02-27T10:53:19.663+0530] {dag.py:3834} INFO - Setting next_dagrun for dataset_consumes_1_never_scheduled to None, run_after=None
[2024-02-27T10:53:19.664+0530] {logging_mixin.py:188} INFO - [2024-02-27T10:53:19.664+0530] {dag.py:3834} INFO - Setting next_dagrun for dataset_consumes_unknown_never_scheduled to None, run_after=None
[2024-02-27T10:53:19.664+0530] {logging_mixin.py:188} INFO - [2024-02-27T10:53:19.664+0530] {dag.py:3834} INFO - Setting next_dagrun for dataset_produces_1 to 2024-02-26 00:00:00+00:00, run_after=2024-02-27 00:00:00+00:00
[2024-02-27T10:53:19.665+0530] {logging_mixin.py:188} INFO - [2024-02-27T10:53:19.665+0530] {dag.py:3834} INFO - Setting next_dagrun for dataset_produces_2 to None, run_after=None
[2024-02-27T10:53:19.673+0530] {processor.py:183} INFO - Processing /Users/anikbhowmick/Python/Big_Data_Assignment/A02/airflow_env/lib/python3.11/site-packages/airflow/example_dags/example_datasets.py took 0.075 seconds
[2024-02-27T10:56:28.999+0530] {processor.py:161} INFO - Started process (PID=2262) to work on /Users/anikbhowmick/Python/Big_Data_Assignment/A02/airflow_env/lib/python3.11/site-packages/airflow/example_dags/example_datasets.py
[2024-02-27T10:56:28.999+0530] {processor.py:830} INFO - Processing file /Users/anikbhowmick/Python/Big_Data_Assignment/A02/airflow_env/lib/python3.11/site-packages/airflow/example_dags/example_datasets.py for tasks to queue
[2024-02-27T10:56:28.999+0530] {logging_mixin.py:188} INFO - [2024-02-27T10:56:28.999+0530] {dagbag.py:540} INFO - Filling up the DagBag from /Users/anikbhowmick/Python/Big_Data_Assignment/A02/airflow_env/lib/python3.11/site-packages/airflow/example_dags/example_datasets.py
[2024-02-27T10:56:29.003+0530] {processor.py:840} INFO - DAG(s) 'dataset_consumes_unknown_never_scheduled', 'dataset_consumes_1_and_2', 'dataset_consumes_1', 'dataset_consumes_1_never_scheduled', 'dataset_produces_2', 'dataset_produces_1' retrieved from /Users/anikbhowmick/Python/Big_Data_Assignment/A02/airflow_env/lib/python3.11/site-packages/airflow/example_dags/example_datasets.py
[2024-02-27T10:56:29.056+0530] {logging_mixin.py:188} INFO - [2024-02-27T10:56:29.056+0530] {dag.py:3047} INFO - Sync 6 DAGs
[2024-02-27T10:56:29.062+0530] {logging_mixin.py:188} INFO - [2024-02-27T10:56:29.062+0530] {dag.py:3834} INFO - Setting next_dagrun for dataset_consumes_1 to None, run_after=None
[2024-02-27T10:56:29.063+0530] {logging_mixin.py:188} INFO - [2024-02-27T10:56:29.063+0530] {dag.py:3834} INFO - Setting next_dagrun for dataset_consumes_1_and_2 to None, run_after=None
[2024-02-27T10:56:29.063+0530] {logging_mixin.py:188} INFO - [2024-02-27T10:56:29.063+0530] {dag.py:3834} INFO - Setting next_dagrun for dataset_consumes_1_never_scheduled to None, run_after=None
[2024-02-27T10:56:29.063+0530] {logging_mixin.py:188} INFO - [2024-02-27T10:56:29.063+0530] {dag.py:3834} INFO - Setting next_dagrun for dataset_consumes_unknown_never_scheduled to None, run_after=None
[2024-02-27T10:56:29.064+0530] {logging_mixin.py:188} INFO - [2024-02-27T10:56:29.064+0530] {dag.py:3834} INFO - Setting next_dagrun for dataset_produces_1 to 2024-02-26 00:00:00+00:00, run_after=2024-02-27 00:00:00+00:00
[2024-02-27T10:56:29.064+0530] {logging_mixin.py:188} INFO - [2024-02-27T10:56:29.064+0530] {dag.py:3834} INFO - Setting next_dagrun for dataset_produces_2 to None, run_after=None
[2024-02-27T10:56:29.072+0530] {processor.py:183} INFO - Processing /Users/anikbhowmick/Python/Big_Data_Assignment/A02/airflow_env/lib/python3.11/site-packages/airflow/example_dags/example_datasets.py took 0.074 seconds
[2024-02-27T10:58:11.763+0530] {processor.py:161} INFO - Started process (PID=2397) to work on /Users/anikbhowmick/Python/Big_Data_Assignment/A02/airflow_env/lib/python3.11/site-packages/airflow/example_dags/example_datasets.py
[2024-02-27T10:58:11.765+0530] {processor.py:830} INFO - Processing file /Users/anikbhowmick/Python/Big_Data_Assignment/A02/airflow_env/lib/python3.11/site-packages/airflow/example_dags/example_datasets.py for tasks to queue
[2024-02-27T10:58:11.765+0530] {logging_mixin.py:188} INFO - [2024-02-27T10:58:11.765+0530] {dagbag.py:540} INFO - Filling up the DagBag from /Users/anikbhowmick/Python/Big_Data_Assignment/A02/airflow_env/lib/python3.11/site-packages/airflow/example_dags/example_datasets.py
[2024-02-27T10:58:11.768+0530] {processor.py:840} INFO - DAG(s) 'dataset_consumes_1_never_scheduled', 'dataset_consumes_1_and_2', 'dataset_consumes_unknown_never_scheduled', 'dataset_produces_1', 'dataset_produces_2', 'dataset_consumes_1' retrieved from /Users/anikbhowmick/Python/Big_Data_Assignment/A02/airflow_env/lib/python3.11/site-packages/airflow/example_dags/example_datasets.py
[2024-02-27T10:58:11.826+0530] {logging_mixin.py:188} INFO - [2024-02-27T10:58:11.825+0530] {dag.py:3047} INFO - Sync 6 DAGs
[2024-02-27T10:58:11.831+0530] {logging_mixin.py:188} INFO - [2024-02-27T10:58:11.831+0530] {dag.py:3834} INFO - Setting next_dagrun for dataset_consumes_1 to None, run_after=None
[2024-02-27T10:58:11.832+0530] {logging_mixin.py:188} INFO - [2024-02-27T10:58:11.832+0530] {dag.py:3834} INFO - Setting next_dagrun for dataset_consumes_1_and_2 to None, run_after=None
[2024-02-27T10:58:11.833+0530] {logging_mixin.py:188} INFO - [2024-02-27T10:58:11.833+0530] {dag.py:3834} INFO - Setting next_dagrun for dataset_consumes_1_never_scheduled to None, run_after=None
[2024-02-27T10:58:11.833+0530] {logging_mixin.py:188} INFO - [2024-02-27T10:58:11.833+0530] {dag.py:3834} INFO - Setting next_dagrun for dataset_consumes_unknown_never_scheduled to None, run_after=None
[2024-02-27T10:58:11.834+0530] {logging_mixin.py:188} INFO - [2024-02-27T10:58:11.833+0530] {dag.py:3834} INFO - Setting next_dagrun for dataset_produces_1 to 2024-02-26 00:00:00+00:00, run_after=2024-02-27 00:00:00+00:00
[2024-02-27T10:58:11.834+0530] {logging_mixin.py:188} INFO - [2024-02-27T10:58:11.834+0530] {dag.py:3834} INFO - Setting next_dagrun for dataset_produces_2 to None, run_after=None
[2024-02-27T10:58:11.842+0530] {processor.py:183} INFO - Processing /Users/anikbhowmick/Python/Big_Data_Assignment/A02/airflow_env/lib/python3.11/site-packages/airflow/example_dags/example_datasets.py took 0.079 seconds
[2024-02-27T11:00:00.180+0530] {processor.py:161} INFO - Started process (PID=2510) to work on /Users/anikbhowmick/Python/Big_Data_Assignment/A02/airflow_env/lib/python3.11/site-packages/airflow/example_dags/example_datasets.py
[2024-02-27T11:00:00.181+0530] {processor.py:830} INFO - Processing file /Users/anikbhowmick/Python/Big_Data_Assignment/A02/airflow_env/lib/python3.11/site-packages/airflow/example_dags/example_datasets.py for tasks to queue
[2024-02-27T11:00:00.181+0530] {logging_mixin.py:188} INFO - [2024-02-27T11:00:00.181+0530] {dagbag.py:540} INFO - Filling up the DagBag from /Users/anikbhowmick/Python/Big_Data_Assignment/A02/airflow_env/lib/python3.11/site-packages/airflow/example_dags/example_datasets.py
[2024-02-27T11:00:00.185+0530] {processor.py:840} INFO - DAG(s) 'dataset_consumes_1_never_scheduled', 'dataset_consumes_unknown_never_scheduled', 'dataset_consumes_1', 'dataset_produces_2', 'dataset_produces_1', 'dataset_consumes_1_and_2' retrieved from /Users/anikbhowmick/Python/Big_Data_Assignment/A02/airflow_env/lib/python3.11/site-packages/airflow/example_dags/example_datasets.py
[2024-02-27T11:00:00.238+0530] {logging_mixin.py:188} INFO - [2024-02-27T11:00:00.238+0530] {dag.py:3047} INFO - Sync 6 DAGs
[2024-02-27T11:00:00.243+0530] {logging_mixin.py:188} INFO - [2024-02-27T11:00:00.243+0530] {dag.py:3834} INFO - Setting next_dagrun for dataset_consumes_1 to None, run_after=None
[2024-02-27T11:00:00.244+0530] {logging_mixin.py:188} INFO - [2024-02-27T11:00:00.244+0530] {dag.py:3834} INFO - Setting next_dagrun for dataset_consumes_1_and_2 to None, run_after=None
[2024-02-27T11:00:00.244+0530] {logging_mixin.py:188} INFO - [2024-02-27T11:00:00.244+0530] {dag.py:3834} INFO - Setting next_dagrun for dataset_consumes_1_never_scheduled to None, run_after=None
[2024-02-27T11:00:00.245+0530] {logging_mixin.py:188} INFO - [2024-02-27T11:00:00.245+0530] {dag.py:3834} INFO - Setting next_dagrun for dataset_consumes_unknown_never_scheduled to None, run_after=None
[2024-02-27T11:00:00.245+0530] {logging_mixin.py:188} INFO - [2024-02-27T11:00:00.245+0530] {dag.py:3834} INFO - Setting next_dagrun for dataset_produces_1 to 2024-02-26 00:00:00+00:00, run_after=2024-02-27 00:00:00+00:00
[2024-02-27T11:00:00.245+0530] {logging_mixin.py:188} INFO - [2024-02-27T11:00:00.245+0530] {dag.py:3834} INFO - Setting next_dagrun for dataset_produces_2 to None, run_after=None
[2024-02-27T11:00:00.253+0530] {processor.py:183} INFO - Processing /Users/anikbhowmick/Python/Big_Data_Assignment/A02/airflow_env/lib/python3.11/site-packages/airflow/example_dags/example_datasets.py took 0.074 seconds
[2024-02-27T11:02:27.595+0530] {processor.py:161} INFO - Started process (PID=2709) to work on /Users/anikbhowmick/Python/Big_Data_Assignment/A02/airflow_env/lib/python3.11/site-packages/airflow/example_dags/example_datasets.py
[2024-02-27T11:02:27.597+0530] {processor.py:830} INFO - Processing file /Users/anikbhowmick/Python/Big_Data_Assignment/A02/airflow_env/lib/python3.11/site-packages/airflow/example_dags/example_datasets.py for tasks to queue
[2024-02-27T11:02:27.597+0530] {logging_mixin.py:188} INFO - [2024-02-27T11:02:27.597+0530] {dagbag.py:540} INFO - Filling up the DagBag from /Users/anikbhowmick/Python/Big_Data_Assignment/A02/airflow_env/lib/python3.11/site-packages/airflow/example_dags/example_datasets.py
[2024-02-27T11:02:27.600+0530] {processor.py:840} INFO - DAG(s) 'dataset_consumes_1', 'dataset_produces_2', 'dataset_consumes_unknown_never_scheduled', 'dataset_produces_1', 'dataset_consumes_1_and_2', 'dataset_consumes_1_never_scheduled' retrieved from /Users/anikbhowmick/Python/Big_Data_Assignment/A02/airflow_env/lib/python3.11/site-packages/airflow/example_dags/example_datasets.py
[2024-02-27T11:02:27.652+0530] {logging_mixin.py:188} INFO - [2024-02-27T11:02:27.652+0530] {dag.py:3047} INFO - Sync 6 DAGs
[2024-02-27T11:02:27.658+0530] {logging_mixin.py:188} INFO - [2024-02-27T11:02:27.658+0530] {dag.py:3834} INFO - Setting next_dagrun for dataset_consumes_1 to None, run_after=None
[2024-02-27T11:02:27.659+0530] {logging_mixin.py:188} INFO - [2024-02-27T11:02:27.659+0530] {dag.py:3834} INFO - Setting next_dagrun for dataset_consumes_1_and_2 to None, run_after=None
[2024-02-27T11:02:27.659+0530] {logging_mixin.py:188} INFO - [2024-02-27T11:02:27.659+0530] {dag.py:3834} INFO - Setting next_dagrun for dataset_consumes_1_never_scheduled to None, run_after=None
[2024-02-27T11:02:27.659+0530] {logging_mixin.py:188} INFO - [2024-02-27T11:02:27.659+0530] {dag.py:3834} INFO - Setting next_dagrun for dataset_consumes_unknown_never_scheduled to None, run_after=None
[2024-02-27T11:02:27.660+0530] {logging_mixin.py:188} INFO - [2024-02-27T11:02:27.660+0530] {dag.py:3834} INFO - Setting next_dagrun for dataset_produces_1 to 2024-02-26 00:00:00+00:00, run_after=2024-02-27 00:00:00+00:00
[2024-02-27T11:02:27.660+0530] {logging_mixin.py:188} INFO - [2024-02-27T11:02:27.660+0530] {dag.py:3834} INFO - Setting next_dagrun for dataset_produces_2 to None, run_after=None
[2024-02-27T11:02:27.668+0530] {processor.py:183} INFO - Processing /Users/anikbhowmick/Python/Big_Data_Assignment/A02/airflow_env/lib/python3.11/site-packages/airflow/example_dags/example_datasets.py took 0.073 seconds
[2024-02-27T11:04:07.667+0530] {processor.py:161} INFO - Started process (PID=2822) to work on /Users/anikbhowmick/Python/Big_Data_Assignment/A02/airflow_env/lib/python3.11/site-packages/airflow/example_dags/example_datasets.py
[2024-02-27T11:04:07.668+0530] {processor.py:830} INFO - Processing file /Users/anikbhowmick/Python/Big_Data_Assignment/A02/airflow_env/lib/python3.11/site-packages/airflow/example_dags/example_datasets.py for tasks to queue
[2024-02-27T11:04:07.668+0530] {logging_mixin.py:188} INFO - [2024-02-27T11:04:07.668+0530] {dagbag.py:540} INFO - Filling up the DagBag from /Users/anikbhowmick/Python/Big_Data_Assignment/A02/airflow_env/lib/python3.11/site-packages/airflow/example_dags/example_datasets.py
[2024-02-27T11:04:07.672+0530] {processor.py:840} INFO - DAG(s) 'dataset_produces_1', 'dataset_consumes_1', 'dataset_consumes_1_and_2', 'dataset_produces_2', 'dataset_consumes_1_never_scheduled', 'dataset_consumes_unknown_never_scheduled' retrieved from /Users/anikbhowmick/Python/Big_Data_Assignment/A02/airflow_env/lib/python3.11/site-packages/airflow/example_dags/example_datasets.py
[2024-02-27T11:04:07.727+0530] {logging_mixin.py:188} INFO - [2024-02-27T11:04:07.727+0530] {dag.py:3047} INFO - Sync 6 DAGs
[2024-02-27T11:04:07.733+0530] {logging_mixin.py:188} INFO - [2024-02-27T11:04:07.733+0530] {dag.py:3834} INFO - Setting next_dagrun for dataset_consumes_1 to None, run_after=None
[2024-02-27T11:04:07.734+0530] {logging_mixin.py:188} INFO - [2024-02-27T11:04:07.734+0530] {dag.py:3834} INFO - Setting next_dagrun for dataset_consumes_1_and_2 to None, run_after=None
[2024-02-27T11:04:07.734+0530] {logging_mixin.py:188} INFO - [2024-02-27T11:04:07.734+0530] {dag.py:3834} INFO - Setting next_dagrun for dataset_consumes_1_never_scheduled to None, run_after=None
[2024-02-27T11:04:07.734+0530] {logging_mixin.py:188} INFO - [2024-02-27T11:04:07.734+0530] {dag.py:3834} INFO - Setting next_dagrun for dataset_consumes_unknown_never_scheduled to None, run_after=None
[2024-02-27T11:04:07.735+0530] {logging_mixin.py:188} INFO - [2024-02-27T11:04:07.735+0530] {dag.py:3834} INFO - Setting next_dagrun for dataset_produces_1 to 2024-02-26 00:00:00+00:00, run_after=2024-02-27 00:00:00+00:00
[2024-02-27T11:04:07.735+0530] {logging_mixin.py:188} INFO - [2024-02-27T11:04:07.735+0530] {dag.py:3834} INFO - Setting next_dagrun for dataset_produces_2 to None, run_after=None
[2024-02-27T11:04:07.743+0530] {processor.py:183} INFO - Processing /Users/anikbhowmick/Python/Big_Data_Assignment/A02/airflow_env/lib/python3.11/site-packages/airflow/example_dags/example_datasets.py took 0.076 seconds
[2024-02-27T11:05:59.897+0530] {processor.py:161} INFO - Started process (PID=2925) to work on /Users/anikbhowmick/Python/Big_Data_Assignment/A02/airflow_env/lib/python3.11/site-packages/airflow/example_dags/example_datasets.py
[2024-02-27T11:05:59.898+0530] {processor.py:830} INFO - Processing file /Users/anikbhowmick/Python/Big_Data_Assignment/A02/airflow_env/lib/python3.11/site-packages/airflow/example_dags/example_datasets.py for tasks to queue
[2024-02-27T11:05:59.898+0530] {logging_mixin.py:188} INFO - [2024-02-27T11:05:59.898+0530] {dagbag.py:540} INFO - Filling up the DagBag from /Users/anikbhowmick/Python/Big_Data_Assignment/A02/airflow_env/lib/python3.11/site-packages/airflow/example_dags/example_datasets.py
[2024-02-27T11:05:59.902+0530] {processor.py:840} INFO - DAG(s) 'dataset_consumes_1', 'dataset_consumes_1_never_scheduled', 'dataset_consumes_1_and_2', 'dataset_produces_1', 'dataset_consumes_unknown_never_scheduled', 'dataset_produces_2' retrieved from /Users/anikbhowmick/Python/Big_Data_Assignment/A02/airflow_env/lib/python3.11/site-packages/airflow/example_dags/example_datasets.py
[2024-02-27T11:05:59.955+0530] {logging_mixin.py:188} INFO - [2024-02-27T11:05:59.955+0530] {dag.py:3047} INFO - Sync 6 DAGs
[2024-02-27T11:05:59.960+0530] {logging_mixin.py:188} INFO - [2024-02-27T11:05:59.960+0530] {dag.py:3834} INFO - Setting next_dagrun for dataset_consumes_1 to None, run_after=None
[2024-02-27T11:05:59.961+0530] {logging_mixin.py:188} INFO - [2024-02-27T11:05:59.961+0530] {dag.py:3834} INFO - Setting next_dagrun for dataset_consumes_1_and_2 to None, run_after=None
[2024-02-27T11:05:59.961+0530] {logging_mixin.py:188} INFO - [2024-02-27T11:05:59.961+0530] {dag.py:3834} INFO - Setting next_dagrun for dataset_consumes_1_never_scheduled to None, run_after=None
[2024-02-27T11:05:59.961+0530] {logging_mixin.py:188} INFO - [2024-02-27T11:05:59.961+0530] {dag.py:3834} INFO - Setting next_dagrun for dataset_consumes_unknown_never_scheduled to None, run_after=None
[2024-02-27T11:05:59.962+0530] {logging_mixin.py:188} INFO - [2024-02-27T11:05:59.962+0530] {dag.py:3834} INFO - Setting next_dagrun for dataset_produces_1 to 2024-02-26 00:00:00+00:00, run_after=2024-02-27 00:00:00+00:00
[2024-02-27T11:05:59.962+0530] {logging_mixin.py:188} INFO - [2024-02-27T11:05:59.962+0530] {dag.py:3834} INFO - Setting next_dagrun for dataset_produces_2 to None, run_after=None
[2024-02-27T11:05:59.970+0530] {processor.py:183} INFO - Processing /Users/anikbhowmick/Python/Big_Data_Assignment/A02/airflow_env/lib/python3.11/site-packages/airflow/example_dags/example_datasets.py took 0.074 seconds
[2024-02-27T11:07:39.737+0530] {processor.py:161} INFO - Started process (PID=2993) to work on /Users/anikbhowmick/Python/Big_Data_Assignment/A02/airflow_env/lib/python3.11/site-packages/airflow/example_dags/example_datasets.py
[2024-02-27T11:07:39.739+0530] {processor.py:830} INFO - Processing file /Users/anikbhowmick/Python/Big_Data_Assignment/A02/airflow_env/lib/python3.11/site-packages/airflow/example_dags/example_datasets.py for tasks to queue
[2024-02-27T11:07:39.739+0530] {logging_mixin.py:188} INFO - [2024-02-27T11:07:39.739+0530] {dagbag.py:540} INFO - Filling up the DagBag from /Users/anikbhowmick/Python/Big_Data_Assignment/A02/airflow_env/lib/python3.11/site-packages/airflow/example_dags/example_datasets.py
[2024-02-27T11:07:39.743+0530] {processor.py:840} INFO - DAG(s) 'dataset_consumes_1_and_2', 'dataset_produces_2', 'dataset_consumes_unknown_never_scheduled', 'dataset_consumes_1', 'dataset_consumes_1_never_scheduled', 'dataset_produces_1' retrieved from /Users/anikbhowmick/Python/Big_Data_Assignment/A02/airflow_env/lib/python3.11/site-packages/airflow/example_dags/example_datasets.py
[2024-02-27T11:07:39.796+0530] {logging_mixin.py:188} INFO - [2024-02-27T11:07:39.796+0530] {dag.py:3047} INFO - Sync 6 DAGs
[2024-02-27T11:07:39.801+0530] {logging_mixin.py:188} INFO - [2024-02-27T11:07:39.801+0530] {dag.py:3834} INFO - Setting next_dagrun for dataset_consumes_1 to None, run_after=None
[2024-02-27T11:07:39.802+0530] {logging_mixin.py:188} INFO - [2024-02-27T11:07:39.802+0530] {dag.py:3834} INFO - Setting next_dagrun for dataset_consumes_1_and_2 to None, run_after=None
[2024-02-27T11:07:39.802+0530] {logging_mixin.py:188} INFO - [2024-02-27T11:07:39.802+0530] {dag.py:3834} INFO - Setting next_dagrun for dataset_consumes_1_never_scheduled to None, run_after=None
[2024-02-27T11:07:39.802+0530] {logging_mixin.py:188} INFO - [2024-02-27T11:07:39.802+0530] {dag.py:3834} INFO - Setting next_dagrun for dataset_consumes_unknown_never_scheduled to None, run_after=None
[2024-02-27T11:07:39.803+0530] {logging_mixin.py:188} INFO - [2024-02-27T11:07:39.803+0530] {dag.py:3834} INFO - Setting next_dagrun for dataset_produces_1 to 2024-02-26 00:00:00+00:00, run_after=2024-02-27 00:00:00+00:00
[2024-02-27T11:07:39.803+0530] {logging_mixin.py:188} INFO - [2024-02-27T11:07:39.803+0530] {dag.py:3834} INFO - Setting next_dagrun for dataset_produces_2 to None, run_after=None
[2024-02-27T11:07:39.811+0530] {processor.py:183} INFO - Processing /Users/anikbhowmick/Python/Big_Data_Assignment/A02/airflow_env/lib/python3.11/site-packages/airflow/example_dags/example_datasets.py took 0.074 seconds
[2024-02-27T11:09:26.304+0530] {processor.py:161} INFO - Started process (PID=3124) to work on /Users/anikbhowmick/Python/Big_Data_Assignment/A02/airflow_env/lib/python3.11/site-packages/airflow/example_dags/example_datasets.py
[2024-02-27T11:09:26.305+0530] {processor.py:830} INFO - Processing file /Users/anikbhowmick/Python/Big_Data_Assignment/A02/airflow_env/lib/python3.11/site-packages/airflow/example_dags/example_datasets.py for tasks to queue
[2024-02-27T11:09:26.305+0530] {logging_mixin.py:188} INFO - [2024-02-27T11:09:26.305+0530] {dagbag.py:540} INFO - Filling up the DagBag from /Users/anikbhowmick/Python/Big_Data_Assignment/A02/airflow_env/lib/python3.11/site-packages/airflow/example_dags/example_datasets.py
[2024-02-27T11:09:26.309+0530] {processor.py:840} INFO - DAG(s) 'dataset_consumes_1_never_scheduled', 'dataset_produces_1', 'dataset_consumes_unknown_never_scheduled', 'dataset_produces_2', 'dataset_consumes_1_and_2', 'dataset_consumes_1' retrieved from /Users/anikbhowmick/Python/Big_Data_Assignment/A02/airflow_env/lib/python3.11/site-packages/airflow/example_dags/example_datasets.py
[2024-02-27T11:09:26.363+0530] {logging_mixin.py:188} INFO - [2024-02-27T11:09:26.363+0530] {dag.py:3047} INFO - Sync 6 DAGs
[2024-02-27T11:09:26.368+0530] {logging_mixin.py:188} INFO - [2024-02-27T11:09:26.368+0530] {dag.py:3834} INFO - Setting next_dagrun for dataset_consumes_1 to None, run_after=None
[2024-02-27T11:09:26.369+0530] {logging_mixin.py:188} INFO - [2024-02-27T11:09:26.369+0530] {dag.py:3834} INFO - Setting next_dagrun for dataset_consumes_1_and_2 to None, run_after=None
[2024-02-27T11:09:26.369+0530] {logging_mixin.py:188} INFO - [2024-02-27T11:09:26.369+0530] {dag.py:3834} INFO - Setting next_dagrun for dataset_consumes_1_never_scheduled to None, run_after=None
[2024-02-27T11:09:26.370+0530] {logging_mixin.py:188} INFO - [2024-02-27T11:09:26.370+0530] {dag.py:3834} INFO - Setting next_dagrun for dataset_consumes_unknown_never_scheduled to None, run_after=None
[2024-02-27T11:09:26.370+0530] {logging_mixin.py:188} INFO - [2024-02-27T11:09:26.370+0530] {dag.py:3834} INFO - Setting next_dagrun for dataset_produces_1 to 2024-02-26 00:00:00+00:00, run_after=2024-02-27 00:00:00+00:00
[2024-02-27T11:09:26.370+0530] {logging_mixin.py:188} INFO - [2024-02-27T11:09:26.370+0530] {dag.py:3834} INFO - Setting next_dagrun for dataset_produces_2 to None, run_after=None
[2024-02-27T11:09:26.378+0530] {processor.py:183} INFO - Processing /Users/anikbhowmick/Python/Big_Data_Assignment/A02/airflow_env/lib/python3.11/site-packages/airflow/example_dags/example_datasets.py took 0.075 seconds
[2024-02-27T11:11:00.921+0530] {processor.py:161} INFO - Started process (PID=3197) to work on /Users/anikbhowmick/Python/Big_Data_Assignment/A02/airflow_env/lib/python3.11/site-packages/airflow/example_dags/example_datasets.py
[2024-02-27T11:11:00.922+0530] {processor.py:830} INFO - Processing file /Users/anikbhowmick/Python/Big_Data_Assignment/A02/airflow_env/lib/python3.11/site-packages/airflow/example_dags/example_datasets.py for tasks to queue
[2024-02-27T11:11:00.922+0530] {logging_mixin.py:188} INFO - [2024-02-27T11:11:00.922+0530] {dagbag.py:540} INFO - Filling up the DagBag from /Users/anikbhowmick/Python/Big_Data_Assignment/A02/airflow_env/lib/python3.11/site-packages/airflow/example_dags/example_datasets.py
[2024-02-27T11:11:00.926+0530] {processor.py:840} INFO - DAG(s) 'dataset_consumes_unknown_never_scheduled', 'dataset_consumes_1_and_2', 'dataset_consumes_1_never_scheduled', 'dataset_produces_1', 'dataset_consumes_1', 'dataset_produces_2' retrieved from /Users/anikbhowmick/Python/Big_Data_Assignment/A02/airflow_env/lib/python3.11/site-packages/airflow/example_dags/example_datasets.py
[2024-02-27T11:11:00.981+0530] {logging_mixin.py:188} INFO - [2024-02-27T11:11:00.981+0530] {dag.py:3047} INFO - Sync 6 DAGs
[2024-02-27T11:11:00.986+0530] {logging_mixin.py:188} INFO - [2024-02-27T11:11:00.986+0530] {dag.py:3834} INFO - Setting next_dagrun for dataset_consumes_1 to None, run_after=None
[2024-02-27T11:11:00.987+0530] {logging_mixin.py:188} INFO - [2024-02-27T11:11:00.987+0530] {dag.py:3834} INFO - Setting next_dagrun for dataset_consumes_1_and_2 to None, run_after=None
[2024-02-27T11:11:00.987+0530] {logging_mixin.py:188} INFO - [2024-02-27T11:11:00.987+0530] {dag.py:3834} INFO - Setting next_dagrun for dataset_consumes_1_never_scheduled to None, run_after=None
[2024-02-27T11:11:00.988+0530] {logging_mixin.py:188} INFO - [2024-02-27T11:11:00.988+0530] {dag.py:3834} INFO - Setting next_dagrun for dataset_consumes_unknown_never_scheduled to None, run_after=None
[2024-02-27T11:11:00.988+0530] {logging_mixin.py:188} INFO - [2024-02-27T11:11:00.988+0530] {dag.py:3834} INFO - Setting next_dagrun for dataset_produces_1 to 2024-02-26 00:00:00+00:00, run_after=2024-02-27 00:00:00+00:00
[2024-02-27T11:11:00.989+0530] {logging_mixin.py:188} INFO - [2024-02-27T11:11:00.989+0530] {dag.py:3834} INFO - Setting next_dagrun for dataset_produces_2 to None, run_after=None
[2024-02-27T11:11:00.996+0530] {processor.py:183} INFO - Processing /Users/anikbhowmick/Python/Big_Data_Assignment/A02/airflow_env/lib/python3.11/site-packages/airflow/example_dags/example_datasets.py took 0.076 seconds
[2024-02-27T11:12:43.890+0530] {processor.py:161} INFO - Started process (PID=3301) to work on /Users/anikbhowmick/Python/Big_Data_Assignment/A02/airflow_env/lib/python3.11/site-packages/airflow/example_dags/example_datasets.py
[2024-02-27T11:12:43.892+0530] {processor.py:830} INFO - Processing file /Users/anikbhowmick/Python/Big_Data_Assignment/A02/airflow_env/lib/python3.11/site-packages/airflow/example_dags/example_datasets.py for tasks to queue
[2024-02-27T11:12:43.892+0530] {logging_mixin.py:188} INFO - [2024-02-27T11:12:43.892+0530] {dagbag.py:540} INFO - Filling up the DagBag from /Users/anikbhowmick/Python/Big_Data_Assignment/A02/airflow_env/lib/python3.11/site-packages/airflow/example_dags/example_datasets.py
[2024-02-27T11:12:43.896+0530] {processor.py:840} INFO - DAG(s) 'dataset_consumes_1', 'dataset_produces_2', 'dataset_consumes_1_and_2', 'dataset_produces_1', 'dataset_consumes_unknown_never_scheduled', 'dataset_consumes_1_never_scheduled' retrieved from /Users/anikbhowmick/Python/Big_Data_Assignment/A02/airflow_env/lib/python3.11/site-packages/airflow/example_dags/example_datasets.py
[2024-02-27T11:12:43.950+0530] {logging_mixin.py:188} INFO - [2024-02-27T11:12:43.950+0530] {dag.py:3047} INFO - Sync 6 DAGs
[2024-02-27T11:12:43.956+0530] {logging_mixin.py:188} INFO - [2024-02-27T11:12:43.956+0530] {dag.py:3834} INFO - Setting next_dagrun for dataset_consumes_1 to None, run_after=None
[2024-02-27T11:12:43.957+0530] {logging_mixin.py:188} INFO - [2024-02-27T11:12:43.957+0530] {dag.py:3834} INFO - Setting next_dagrun for dataset_consumes_1_and_2 to None, run_after=None
[2024-02-27T11:12:43.957+0530] {logging_mixin.py:188} INFO - [2024-02-27T11:12:43.957+0530] {dag.py:3834} INFO - Setting next_dagrun for dataset_consumes_1_never_scheduled to None, run_after=None
[2024-02-27T11:12:43.957+0530] {logging_mixin.py:188} INFO - [2024-02-27T11:12:43.957+0530] {dag.py:3834} INFO - Setting next_dagrun for dataset_consumes_unknown_never_scheduled to None, run_after=None
[2024-02-27T11:12:43.958+0530] {logging_mixin.py:188} INFO - [2024-02-27T11:12:43.958+0530] {dag.py:3834} INFO - Setting next_dagrun for dataset_produces_1 to 2024-02-26 00:00:00+00:00, run_after=2024-02-27 00:00:00+00:00
[2024-02-27T11:12:43.958+0530] {logging_mixin.py:188} INFO - [2024-02-27T11:12:43.958+0530] {dag.py:3834} INFO - Setting next_dagrun for dataset_produces_2 to None, run_after=None
[2024-02-27T11:12:43.966+0530] {processor.py:183} INFO - Processing /Users/anikbhowmick/Python/Big_Data_Assignment/A02/airflow_env/lib/python3.11/site-packages/airflow/example_dags/example_datasets.py took 0.076 seconds
[2024-02-27T11:14:35.191+0530] {processor.py:161} INFO - Started process (PID=3403) to work on /Users/anikbhowmick/Python/Big_Data_Assignment/A02/airflow_env/lib/python3.11/site-packages/airflow/example_dags/example_datasets.py
[2024-02-27T11:14:35.192+0530] {processor.py:830} INFO - Processing file /Users/anikbhowmick/Python/Big_Data_Assignment/A02/airflow_env/lib/python3.11/site-packages/airflow/example_dags/example_datasets.py for tasks to queue
[2024-02-27T11:14:35.192+0530] {logging_mixin.py:188} INFO - [2024-02-27T11:14:35.192+0530] {dagbag.py:540} INFO - Filling up the DagBag from /Users/anikbhowmick/Python/Big_Data_Assignment/A02/airflow_env/lib/python3.11/site-packages/airflow/example_dags/example_datasets.py
[2024-02-27T11:14:35.196+0530] {processor.py:840} INFO - DAG(s) 'dataset_consumes_unknown_never_scheduled', 'dataset_consumes_1', 'dataset_produces_1', 'dataset_consumes_1_and_2', 'dataset_produces_2', 'dataset_consumes_1_never_scheduled' retrieved from /Users/anikbhowmick/Python/Big_Data_Assignment/A02/airflow_env/lib/python3.11/site-packages/airflow/example_dags/example_datasets.py
[2024-02-27T11:14:35.250+0530] {logging_mixin.py:188} INFO - [2024-02-27T11:14:35.250+0530] {dag.py:3047} INFO - Sync 6 DAGs
[2024-02-27T11:14:35.255+0530] {logging_mixin.py:188} INFO - [2024-02-27T11:14:35.255+0530] {dag.py:3834} INFO - Setting next_dagrun for dataset_consumes_1 to None, run_after=None
[2024-02-27T11:14:35.256+0530] {logging_mixin.py:188} INFO - [2024-02-27T11:14:35.256+0530] {dag.py:3834} INFO - Setting next_dagrun for dataset_consumes_1_and_2 to None, run_after=None
[2024-02-27T11:14:35.256+0530] {logging_mixin.py:188} INFO - [2024-02-27T11:14:35.256+0530] {dag.py:3834} INFO - Setting next_dagrun for dataset_consumes_1_never_scheduled to None, run_after=None
[2024-02-27T11:14:35.257+0530] {logging_mixin.py:188} INFO - [2024-02-27T11:14:35.257+0530] {dag.py:3834} INFO - Setting next_dagrun for dataset_consumes_unknown_never_scheduled to None, run_after=None
[2024-02-27T11:14:35.257+0530] {logging_mixin.py:188} INFO - [2024-02-27T11:14:35.257+0530] {dag.py:3834} INFO - Setting next_dagrun for dataset_produces_1 to 2024-02-26 00:00:00+00:00, run_after=2024-02-27 00:00:00+00:00
[2024-02-27T11:14:35.258+0530] {logging_mixin.py:188} INFO - [2024-02-27T11:14:35.258+0530] {dag.py:3834} INFO - Setting next_dagrun for dataset_produces_2 to None, run_after=None
[2024-02-27T11:14:35.265+0530] {processor.py:183} INFO - Processing /Users/anikbhowmick/Python/Big_Data_Assignment/A02/airflow_env/lib/python3.11/site-packages/airflow/example_dags/example_datasets.py took 0.074 seconds
[2024-02-27T11:16:15.523+0530] {processor.py:161} INFO - Started process (PID=3468) to work on /Users/anikbhowmick/Python/Big_Data_Assignment/A02/airflow_env/lib/python3.11/site-packages/airflow/example_dags/example_datasets.py
[2024-02-27T11:16:15.523+0530] {processor.py:830} INFO - Processing file /Users/anikbhowmick/Python/Big_Data_Assignment/A02/airflow_env/lib/python3.11/site-packages/airflow/example_dags/example_datasets.py for tasks to queue
[2024-02-27T11:16:15.523+0530] {logging_mixin.py:188} INFO - [2024-02-27T11:16:15.523+0530] {dagbag.py:540} INFO - Filling up the DagBag from /Users/anikbhowmick/Python/Big_Data_Assignment/A02/airflow_env/lib/python3.11/site-packages/airflow/example_dags/example_datasets.py
[2024-02-27T11:16:15.527+0530] {processor.py:840} INFO - DAG(s) 'dataset_consumes_1', 'dataset_produces_1', 'dataset_produces_2', 'dataset_consumes_1_and_2', 'dataset_consumes_unknown_never_scheduled', 'dataset_consumes_1_never_scheduled' retrieved from /Users/anikbhowmick/Python/Big_Data_Assignment/A02/airflow_env/lib/python3.11/site-packages/airflow/example_dags/example_datasets.py
[2024-02-27T11:16:15.582+0530] {logging_mixin.py:188} INFO - [2024-02-27T11:16:15.582+0530] {dag.py:3047} INFO - Sync 6 DAGs
[2024-02-27T11:16:15.588+0530] {logging_mixin.py:188} INFO - [2024-02-27T11:16:15.587+0530] {dag.py:3834} INFO - Setting next_dagrun for dataset_consumes_1 to None, run_after=None
[2024-02-27T11:16:15.588+0530] {logging_mixin.py:188} INFO - [2024-02-27T11:16:15.588+0530] {dag.py:3834} INFO - Setting next_dagrun for dataset_consumes_1_and_2 to None, run_after=None
[2024-02-27T11:16:15.589+0530] {logging_mixin.py:188} INFO - [2024-02-27T11:16:15.589+0530] {dag.py:3834} INFO - Setting next_dagrun for dataset_consumes_1_never_scheduled to None, run_after=None
[2024-02-27T11:16:15.589+0530] {logging_mixin.py:188} INFO - [2024-02-27T11:16:15.589+0530] {dag.py:3834} INFO - Setting next_dagrun for dataset_consumes_unknown_never_scheduled to None, run_after=None
[2024-02-27T11:16:15.590+0530] {logging_mixin.py:188} INFO - [2024-02-27T11:16:15.590+0530] {dag.py:3834} INFO - Setting next_dagrun for dataset_produces_1 to 2024-02-26 00:00:00+00:00, run_after=2024-02-27 00:00:00+00:00
[2024-02-27T11:16:15.590+0530] {logging_mixin.py:188} INFO - [2024-02-27T11:16:15.590+0530] {dag.py:3834} INFO - Setting next_dagrun for dataset_produces_2 to None, run_after=None
[2024-02-27T11:16:15.598+0530] {processor.py:183} INFO - Processing /Users/anikbhowmick/Python/Big_Data_Assignment/A02/airflow_env/lib/python3.11/site-packages/airflow/example_dags/example_datasets.py took 0.075 seconds
[2024-02-27T11:18:10.229+0530] {processor.py:161} INFO - Started process (PID=3547) to work on /Users/anikbhowmick/Python/Big_Data_Assignment/A02/airflow_env/lib/python3.11/site-packages/airflow/example_dags/example_datasets.py
[2024-02-27T11:18:10.229+0530] {processor.py:830} INFO - Processing file /Users/anikbhowmick/Python/Big_Data_Assignment/A02/airflow_env/lib/python3.11/site-packages/airflow/example_dags/example_datasets.py for tasks to queue
[2024-02-27T11:18:10.230+0530] {logging_mixin.py:188} INFO - [2024-02-27T11:18:10.230+0530] {dagbag.py:540} INFO - Filling up the DagBag from /Users/anikbhowmick/Python/Big_Data_Assignment/A02/airflow_env/lib/python3.11/site-packages/airflow/example_dags/example_datasets.py
[2024-02-27T11:18:10.233+0530] {processor.py:840} INFO - DAG(s) 'dataset_consumes_1', 'dataset_consumes_1_never_scheduled', 'dataset_consumes_1_and_2', 'dataset_consumes_unknown_never_scheduled', 'dataset_produces_1', 'dataset_produces_2' retrieved from /Users/anikbhowmick/Python/Big_Data_Assignment/A02/airflow_env/lib/python3.11/site-packages/airflow/example_dags/example_datasets.py
[2024-02-27T11:18:10.288+0530] {logging_mixin.py:188} INFO - [2024-02-27T11:18:10.288+0530] {dag.py:3047} INFO - Sync 6 DAGs
[2024-02-27T11:18:10.293+0530] {logging_mixin.py:188} INFO - [2024-02-27T11:18:10.293+0530] {dag.py:3834} INFO - Setting next_dagrun for dataset_consumes_1 to None, run_after=None
[2024-02-27T11:18:10.294+0530] {logging_mixin.py:188} INFO - [2024-02-27T11:18:10.294+0530] {dag.py:3834} INFO - Setting next_dagrun for dataset_consumes_1_and_2 to None, run_after=None
[2024-02-27T11:18:10.294+0530] {logging_mixin.py:188} INFO - [2024-02-27T11:18:10.294+0530] {dag.py:3834} INFO - Setting next_dagrun for dataset_consumes_1_never_scheduled to None, run_after=None
[2024-02-27T11:18:10.295+0530] {logging_mixin.py:188} INFO - [2024-02-27T11:18:10.295+0530] {dag.py:3834} INFO - Setting next_dagrun for dataset_consumes_unknown_never_scheduled to None, run_after=None
[2024-02-27T11:18:10.295+0530] {logging_mixin.py:188} INFO - [2024-02-27T11:18:10.295+0530] {dag.py:3834} INFO - Setting next_dagrun for dataset_produces_1 to 2024-02-26 00:00:00+00:00, run_after=2024-02-27 00:00:00+00:00
[2024-02-27T11:18:10.296+0530] {logging_mixin.py:188} INFO - [2024-02-27T11:18:10.296+0530] {dag.py:3834} INFO - Setting next_dagrun for dataset_produces_2 to None, run_after=None
[2024-02-27T11:18:10.304+0530] {processor.py:183} INFO - Processing /Users/anikbhowmick/Python/Big_Data_Assignment/A02/airflow_env/lib/python3.11/site-packages/airflow/example_dags/example_datasets.py took 0.075 seconds
[2024-02-27T11:20:46.340+0530] {processor.py:161} INFO - Started process (PID=3688) to work on /Users/anikbhowmick/Python/Big_Data_Assignment/A02/airflow_env/lib/python3.11/site-packages/airflow/example_dags/example_datasets.py
[2024-02-27T11:20:46.341+0530] {processor.py:830} INFO - Processing file /Users/anikbhowmick/Python/Big_Data_Assignment/A02/airflow_env/lib/python3.11/site-packages/airflow/example_dags/example_datasets.py for tasks to queue
[2024-02-27T11:20:46.341+0530] {logging_mixin.py:188} INFO - [2024-02-27T11:20:46.341+0530] {dagbag.py:540} INFO - Filling up the DagBag from /Users/anikbhowmick/Python/Big_Data_Assignment/A02/airflow_env/lib/python3.11/site-packages/airflow/example_dags/example_datasets.py
[2024-02-27T11:20:46.345+0530] {processor.py:840} INFO - DAG(s) 'dataset_consumes_unknown_never_scheduled', 'dataset_consumes_1_and_2', 'dataset_consumes_1_never_scheduled', 'dataset_produces_1', 'dataset_consumes_1', 'dataset_produces_2' retrieved from /Users/anikbhowmick/Python/Big_Data_Assignment/A02/airflow_env/lib/python3.11/site-packages/airflow/example_dags/example_datasets.py
[2024-02-27T11:20:46.399+0530] {logging_mixin.py:188} INFO - [2024-02-27T11:20:46.399+0530] {dag.py:3047} INFO - Sync 6 DAGs
[2024-02-27T11:20:46.404+0530] {logging_mixin.py:188} INFO - [2024-02-27T11:20:46.404+0530] {dag.py:3834} INFO - Setting next_dagrun for dataset_consumes_1 to None, run_after=None
[2024-02-27T11:20:46.405+0530] {logging_mixin.py:188} INFO - [2024-02-27T11:20:46.405+0530] {dag.py:3834} INFO - Setting next_dagrun for dataset_consumes_1_and_2 to None, run_after=None
[2024-02-27T11:20:46.405+0530] {logging_mixin.py:188} INFO - [2024-02-27T11:20:46.405+0530] {dag.py:3834} INFO - Setting next_dagrun for dataset_consumes_1_never_scheduled to None, run_after=None
[2024-02-27T11:20:46.405+0530] {logging_mixin.py:188} INFO - [2024-02-27T11:20:46.405+0530] {dag.py:3834} INFO - Setting next_dagrun for dataset_consumes_unknown_never_scheduled to None, run_after=None
[2024-02-27T11:20:46.406+0530] {logging_mixin.py:188} INFO - [2024-02-27T11:20:46.406+0530] {dag.py:3834} INFO - Setting next_dagrun for dataset_produces_1 to 2024-02-26 00:00:00+00:00, run_after=2024-02-27 00:00:00+00:00
[2024-02-27T11:20:46.406+0530] {logging_mixin.py:188} INFO - [2024-02-27T11:20:46.406+0530] {dag.py:3834} INFO - Setting next_dagrun for dataset_produces_2 to None, run_after=None
[2024-02-27T11:20:46.414+0530] {processor.py:183} INFO - Processing /Users/anikbhowmick/Python/Big_Data_Assignment/A02/airflow_env/lib/python3.11/site-packages/airflow/example_dags/example_datasets.py took 0.075 seconds
[2024-02-27T11:23:07.476+0530] {processor.py:161} INFO - Started process (PID=3816) to work on /Users/anikbhowmick/Python/Big_Data_Assignment/A02/airflow_env/lib/python3.11/site-packages/airflow/example_dags/example_datasets.py
[2024-02-27T11:23:07.477+0530] {processor.py:830} INFO - Processing file /Users/anikbhowmick/Python/Big_Data_Assignment/A02/airflow_env/lib/python3.11/site-packages/airflow/example_dags/example_datasets.py for tasks to queue
[2024-02-27T11:23:07.477+0530] {logging_mixin.py:188} INFO - [2024-02-27T11:23:07.477+0530] {dagbag.py:540} INFO - Filling up the DagBag from /Users/anikbhowmick/Python/Big_Data_Assignment/A02/airflow_env/lib/python3.11/site-packages/airflow/example_dags/example_datasets.py
[2024-02-27T11:23:07.481+0530] {processor.py:840} INFO - DAG(s) 'dataset_consumes_1_and_2', 'dataset_produces_1', 'dataset_consumes_unknown_never_scheduled', 'dataset_consumes_1', 'dataset_consumes_1_never_scheduled', 'dataset_produces_2' retrieved from /Users/anikbhowmick/Python/Big_Data_Assignment/A02/airflow_env/lib/python3.11/site-packages/airflow/example_dags/example_datasets.py
[2024-02-27T11:23:07.535+0530] {logging_mixin.py:188} INFO - [2024-02-27T11:23:07.535+0530] {dag.py:3047} INFO - Sync 6 DAGs
[2024-02-27T11:23:07.540+0530] {logging_mixin.py:188} INFO - [2024-02-27T11:23:07.540+0530] {dag.py:3834} INFO - Setting next_dagrun for dataset_consumes_1 to None, run_after=None
[2024-02-27T11:23:07.541+0530] {logging_mixin.py:188} INFO - [2024-02-27T11:23:07.541+0530] {dag.py:3834} INFO - Setting next_dagrun for dataset_consumes_1_and_2 to None, run_after=None
[2024-02-27T11:23:07.541+0530] {logging_mixin.py:188} INFO - [2024-02-27T11:23:07.541+0530] {dag.py:3834} INFO - Setting next_dagrun for dataset_consumes_1_never_scheduled to None, run_after=None
[2024-02-27T11:23:07.542+0530] {logging_mixin.py:188} INFO - [2024-02-27T11:23:07.542+0530] {dag.py:3834} INFO - Setting next_dagrun for dataset_consumes_unknown_never_scheduled to None, run_after=None
[2024-02-27T11:23:07.542+0530] {logging_mixin.py:188} INFO - [2024-02-27T11:23:07.542+0530] {dag.py:3834} INFO - Setting next_dagrun for dataset_produces_1 to 2024-02-26 00:00:00+00:00, run_after=2024-02-27 00:00:00+00:00
[2024-02-27T11:23:07.543+0530] {logging_mixin.py:188} INFO - [2024-02-27T11:23:07.543+0530] {dag.py:3834} INFO - Setting next_dagrun for dataset_produces_2 to None, run_after=None
[2024-02-27T11:23:07.551+0530] {processor.py:183} INFO - Processing /Users/anikbhowmick/Python/Big_Data_Assignment/A02/airflow_env/lib/python3.11/site-packages/airflow/example_dags/example_datasets.py took 0.075 seconds
[2024-02-27T11:24:59.723+0530] {processor.py:161} INFO - Started process (PID=3933) to work on /Users/anikbhowmick/Python/Big_Data_Assignment/A02/airflow_env/lib/python3.11/site-packages/airflow/example_dags/example_datasets.py
[2024-02-27T11:24:59.724+0530] {processor.py:830} INFO - Processing file /Users/anikbhowmick/Python/Big_Data_Assignment/A02/airflow_env/lib/python3.11/site-packages/airflow/example_dags/example_datasets.py for tasks to queue
[2024-02-27T11:24:59.724+0530] {logging_mixin.py:188} INFO - [2024-02-27T11:24:59.724+0530] {dagbag.py:540} INFO - Filling up the DagBag from /Users/anikbhowmick/Python/Big_Data_Assignment/A02/airflow_env/lib/python3.11/site-packages/airflow/example_dags/example_datasets.py
[2024-02-27T11:24:59.728+0530] {processor.py:840} INFO - DAG(s) 'dataset_consumes_1_never_scheduled', 'dataset_consumes_1_and_2', 'dataset_consumes_unknown_never_scheduled', 'dataset_produces_1', 'dataset_consumes_1', 'dataset_produces_2' retrieved from /Users/anikbhowmick/Python/Big_Data_Assignment/A02/airflow_env/lib/python3.11/site-packages/airflow/example_dags/example_datasets.py
[2024-02-27T11:24:59.781+0530] {logging_mixin.py:188} INFO - [2024-02-27T11:24:59.781+0530] {dag.py:3047} INFO - Sync 6 DAGs
[2024-02-27T11:24:59.786+0530] {logging_mixin.py:188} INFO - [2024-02-27T11:24:59.786+0530] {dag.py:3834} INFO - Setting next_dagrun for dataset_consumes_1 to None, run_after=None
[2024-02-27T11:24:59.787+0530] {logging_mixin.py:188} INFO - [2024-02-27T11:24:59.787+0530] {dag.py:3834} INFO - Setting next_dagrun for dataset_consumes_1_and_2 to None, run_after=None
[2024-02-27T11:24:59.787+0530] {logging_mixin.py:188} INFO - [2024-02-27T11:24:59.787+0530] {dag.py:3834} INFO - Setting next_dagrun for dataset_consumes_1_never_scheduled to None, run_after=None
[2024-02-27T11:24:59.788+0530] {logging_mixin.py:188} INFO - [2024-02-27T11:24:59.787+0530] {dag.py:3834} INFO - Setting next_dagrun for dataset_consumes_unknown_never_scheduled to None, run_after=None
[2024-02-27T11:24:59.788+0530] {logging_mixin.py:188} INFO - [2024-02-27T11:24:59.788+0530] {dag.py:3834} INFO - Setting next_dagrun for dataset_produces_1 to 2024-02-26 00:00:00+00:00, run_after=2024-02-27 00:00:00+00:00
[2024-02-27T11:24:59.788+0530] {logging_mixin.py:188} INFO - [2024-02-27T11:24:59.788+0530] {dag.py:3834} INFO - Setting next_dagrun for dataset_produces_2 to None, run_after=None
[2024-02-27T11:24:59.796+0530] {processor.py:183} INFO - Processing /Users/anikbhowmick/Python/Big_Data_Assignment/A02/airflow_env/lib/python3.11/site-packages/airflow/example_dags/example_datasets.py took 0.074 seconds
[2024-02-27T11:26:44.694+0530] {processor.py:161} INFO - Started process (PID=4004) to work on /Users/anikbhowmick/Python/Big_Data_Assignment/A02/airflow_env/lib/python3.11/site-packages/airflow/example_dags/example_datasets.py
[2024-02-27T11:26:44.695+0530] {processor.py:830} INFO - Processing file /Users/anikbhowmick/Python/Big_Data_Assignment/A02/airflow_env/lib/python3.11/site-packages/airflow/example_dags/example_datasets.py for tasks to queue
[2024-02-27T11:26:44.695+0530] {logging_mixin.py:188} INFO - [2024-02-27T11:26:44.695+0530] {dagbag.py:540} INFO - Filling up the DagBag from /Users/anikbhowmick/Python/Big_Data_Assignment/A02/airflow_env/lib/python3.11/site-packages/airflow/example_dags/example_datasets.py
[2024-02-27T11:26:44.699+0530] {processor.py:840} INFO - DAG(s) 'dataset_produces_2', 'dataset_consumes_1_never_scheduled', 'dataset_consumes_unknown_never_scheduled', 'dataset_produces_1', 'dataset_consumes_1', 'dataset_consumes_1_and_2' retrieved from /Users/anikbhowmick/Python/Big_Data_Assignment/A02/airflow_env/lib/python3.11/site-packages/airflow/example_dags/example_datasets.py
[2024-02-27T11:26:44.758+0530] {logging_mixin.py:188} INFO - [2024-02-27T11:26:44.758+0530] {dag.py:3047} INFO - Sync 6 DAGs
[2024-02-27T11:26:44.763+0530] {logging_mixin.py:188} INFO - [2024-02-27T11:26:44.763+0530] {dag.py:3834} INFO - Setting next_dagrun for dataset_consumes_1 to None, run_after=None
[2024-02-27T11:26:44.764+0530] {logging_mixin.py:188} INFO - [2024-02-27T11:26:44.764+0530] {dag.py:3834} INFO - Setting next_dagrun for dataset_consumes_1_and_2 to None, run_after=None
[2024-02-27T11:26:44.764+0530] {logging_mixin.py:188} INFO - [2024-02-27T11:26:44.764+0530] {dag.py:3834} INFO - Setting next_dagrun for dataset_consumes_1_never_scheduled to None, run_after=None
[2024-02-27T11:26:44.765+0530] {logging_mixin.py:188} INFO - [2024-02-27T11:26:44.765+0530] {dag.py:3834} INFO - Setting next_dagrun for dataset_consumes_unknown_never_scheduled to None, run_after=None
[2024-02-27T11:26:44.765+0530] {logging_mixin.py:188} INFO - [2024-02-27T11:26:44.765+0530] {dag.py:3834} INFO - Setting next_dagrun for dataset_produces_1 to 2024-02-26 00:00:00+00:00, run_after=2024-02-27 00:00:00+00:00
[2024-02-27T11:26:44.766+0530] {logging_mixin.py:188} INFO - [2024-02-27T11:26:44.766+0530] {dag.py:3834} INFO - Setting next_dagrun for dataset_produces_2 to None, run_after=None
[2024-02-27T11:26:44.774+0530] {processor.py:183} INFO - Processing /Users/anikbhowmick/Python/Big_Data_Assignment/A02/airflow_env/lib/python3.11/site-packages/airflow/example_dags/example_datasets.py took 0.081 seconds
[2024-02-27T11:28:52.911+0530] {processor.py:161} INFO - Started process (PID=4142) to work on /Users/anikbhowmick/Python/Big_Data_Assignment/A02/airflow_env/lib/python3.11/site-packages/airflow/example_dags/example_datasets.py
[2024-02-27T11:28:52.911+0530] {processor.py:830} INFO - Processing file /Users/anikbhowmick/Python/Big_Data_Assignment/A02/airflow_env/lib/python3.11/site-packages/airflow/example_dags/example_datasets.py for tasks to queue
[2024-02-27T11:28:52.912+0530] {logging_mixin.py:188} INFO - [2024-02-27T11:28:52.912+0530] {dagbag.py:540} INFO - Filling up the DagBag from /Users/anikbhowmick/Python/Big_Data_Assignment/A02/airflow_env/lib/python3.11/site-packages/airflow/example_dags/example_datasets.py
[2024-02-27T11:28:52.915+0530] {processor.py:840} INFO - DAG(s) 'dataset_consumes_1_never_scheduled', 'dataset_consumes_unknown_never_scheduled', 'dataset_consumes_1', 'dataset_produces_2', 'dataset_produces_1', 'dataset_consumes_1_and_2' retrieved from /Users/anikbhowmick/Python/Big_Data_Assignment/A02/airflow_env/lib/python3.11/site-packages/airflow/example_dags/example_datasets.py
[2024-02-27T11:28:52.968+0530] {logging_mixin.py:188} INFO - [2024-02-27T11:28:52.968+0530] {dag.py:3047} INFO - Sync 6 DAGs
[2024-02-27T11:28:52.973+0530] {logging_mixin.py:188} INFO - [2024-02-27T11:28:52.973+0530] {dag.py:3834} INFO - Setting next_dagrun for dataset_consumes_1 to None, run_after=None
[2024-02-27T11:28:52.974+0530] {logging_mixin.py:188} INFO - [2024-02-27T11:28:52.974+0530] {dag.py:3834} INFO - Setting next_dagrun for dataset_consumes_1_and_2 to None, run_after=None
[2024-02-27T11:28:52.975+0530] {logging_mixin.py:188} INFO - [2024-02-27T11:28:52.975+0530] {dag.py:3834} INFO - Setting next_dagrun for dataset_consumes_1_never_scheduled to None, run_after=None
[2024-02-27T11:28:52.975+0530] {logging_mixin.py:188} INFO - [2024-02-27T11:28:52.975+0530] {dag.py:3834} INFO - Setting next_dagrun for dataset_consumes_unknown_never_scheduled to None, run_after=None
[2024-02-27T11:28:52.975+0530] {logging_mixin.py:188} INFO - [2024-02-27T11:28:52.975+0530] {dag.py:3834} INFO - Setting next_dagrun for dataset_produces_1 to 2024-02-26 00:00:00+00:00, run_after=2024-02-27 00:00:00+00:00
[2024-02-27T11:28:52.976+0530] {logging_mixin.py:188} INFO - [2024-02-27T11:28:52.976+0530] {dag.py:3834} INFO - Setting next_dagrun for dataset_produces_2 to None, run_after=None
[2024-02-27T11:28:52.984+0530] {processor.py:183} INFO - Processing /Users/anikbhowmick/Python/Big_Data_Assignment/A02/airflow_env/lib/python3.11/site-packages/airflow/example_dags/example_datasets.py took 0.073 seconds
[2024-02-27T11:30:38.574+0530] {processor.py:161} INFO - Started process (PID=4233) to work on /Users/anikbhowmick/Python/Big_Data_Assignment/A02/airflow_env/lib/python3.11/site-packages/airflow/example_dags/example_datasets.py
[2024-02-27T11:30:38.576+0530] {processor.py:830} INFO - Processing file /Users/anikbhowmick/Python/Big_Data_Assignment/A02/airflow_env/lib/python3.11/site-packages/airflow/example_dags/example_datasets.py for tasks to queue
[2024-02-27T11:30:38.576+0530] {logging_mixin.py:188} INFO - [2024-02-27T11:30:38.576+0530] {dagbag.py:540} INFO - Filling up the DagBag from /Users/anikbhowmick/Python/Big_Data_Assignment/A02/airflow_env/lib/python3.11/site-packages/airflow/example_dags/example_datasets.py
[2024-02-27T11:30:38.580+0530] {processor.py:840} INFO - DAG(s) 'dataset_consumes_1_and_2', 'dataset_consumes_1_never_scheduled', 'dataset_produces_1', 'dataset_produces_2', 'dataset_consumes_unknown_never_scheduled', 'dataset_consumes_1' retrieved from /Users/anikbhowmick/Python/Big_Data_Assignment/A02/airflow_env/lib/python3.11/site-packages/airflow/example_dags/example_datasets.py
[2024-02-27T11:30:38.632+0530] {logging_mixin.py:188} INFO - [2024-02-27T11:30:38.632+0530] {dag.py:3047} INFO - Sync 6 DAGs
[2024-02-27T11:30:38.638+0530] {logging_mixin.py:188} INFO - [2024-02-27T11:30:38.638+0530] {dag.py:3834} INFO - Setting next_dagrun for dataset_consumes_1 to None, run_after=None
[2024-02-27T11:30:38.638+0530] {logging_mixin.py:188} INFO - [2024-02-27T11:30:38.638+0530] {dag.py:3834} INFO - Setting next_dagrun for dataset_consumes_1_and_2 to None, run_after=None
[2024-02-27T11:30:38.639+0530] {logging_mixin.py:188} INFO - [2024-02-27T11:30:38.639+0530] {dag.py:3834} INFO - Setting next_dagrun for dataset_consumes_1_never_scheduled to None, run_after=None
[2024-02-27T11:30:38.639+0530] {logging_mixin.py:188} INFO - [2024-02-27T11:30:38.639+0530] {dag.py:3834} INFO - Setting next_dagrun for dataset_consumes_unknown_never_scheduled to None, run_after=None
[2024-02-27T11:30:38.640+0530] {logging_mixin.py:188} INFO - [2024-02-27T11:30:38.640+0530] {dag.py:3834} INFO - Setting next_dagrun for dataset_produces_1 to 2024-02-26 00:00:00+00:00, run_after=2024-02-27 00:00:00+00:00
[2024-02-27T11:30:38.640+0530] {logging_mixin.py:188} INFO - [2024-02-27T11:30:38.640+0530] {dag.py:3834} INFO - Setting next_dagrun for dataset_produces_2 to None, run_after=None
[2024-02-27T11:30:38.648+0530] {processor.py:183} INFO - Processing /Users/anikbhowmick/Python/Big_Data_Assignment/A02/airflow_env/lib/python3.11/site-packages/airflow/example_dags/example_datasets.py took 0.074 seconds
[2024-02-27T11:32:23.484+0530] {processor.py:161} INFO - Started process (PID=4307) to work on /Users/anikbhowmick/Python/Big_Data_Assignment/A02/airflow_env/lib/python3.11/site-packages/airflow/example_dags/example_datasets.py
[2024-02-27T11:32:23.485+0530] {processor.py:830} INFO - Processing file /Users/anikbhowmick/Python/Big_Data_Assignment/A02/airflow_env/lib/python3.11/site-packages/airflow/example_dags/example_datasets.py for tasks to queue
[2024-02-27T11:32:23.485+0530] {logging_mixin.py:188} INFO - [2024-02-27T11:32:23.485+0530] {dagbag.py:540} INFO - Filling up the DagBag from /Users/anikbhowmick/Python/Big_Data_Assignment/A02/airflow_env/lib/python3.11/site-packages/airflow/example_dags/example_datasets.py
[2024-02-27T11:32:23.490+0530] {processor.py:840} INFO - DAG(s) 'dataset_produces_1', 'dataset_consumes_unknown_never_scheduled', 'dataset_consumes_1_never_scheduled', 'dataset_produces_2', 'dataset_consumes_1', 'dataset_consumes_1_and_2' retrieved from /Users/anikbhowmick/Python/Big_Data_Assignment/A02/airflow_env/lib/python3.11/site-packages/airflow/example_dags/example_datasets.py
[2024-02-27T11:32:23.543+0530] {logging_mixin.py:188} INFO - [2024-02-27T11:32:23.543+0530] {dag.py:3047} INFO - Sync 6 DAGs
[2024-02-27T11:32:23.548+0530] {logging_mixin.py:188} INFO - [2024-02-27T11:32:23.548+0530] {dag.py:3834} INFO - Setting next_dagrun for dataset_consumes_1 to None, run_after=None
[2024-02-27T11:32:23.549+0530] {logging_mixin.py:188} INFO - [2024-02-27T11:32:23.549+0530] {dag.py:3834} INFO - Setting next_dagrun for dataset_consumes_1_and_2 to None, run_after=None
[2024-02-27T11:32:23.549+0530] {logging_mixin.py:188} INFO - [2024-02-27T11:32:23.549+0530] {dag.py:3834} INFO - Setting next_dagrun for dataset_consumes_1_never_scheduled to None, run_after=None
[2024-02-27T11:32:23.550+0530] {logging_mixin.py:188} INFO - [2024-02-27T11:32:23.550+0530] {dag.py:3834} INFO - Setting next_dagrun for dataset_consumes_unknown_never_scheduled to None, run_after=None
[2024-02-27T11:32:23.550+0530] {logging_mixin.py:188} INFO - [2024-02-27T11:32:23.550+0530] {dag.py:3834} INFO - Setting next_dagrun for dataset_produces_1 to 2024-02-26 00:00:00+00:00, run_after=2024-02-27 00:00:00+00:00
[2024-02-27T11:32:23.551+0530] {logging_mixin.py:188} INFO - [2024-02-27T11:32:23.551+0530] {dag.py:3834} INFO - Setting next_dagrun for dataset_produces_2 to None, run_after=None
[2024-02-27T11:32:23.559+0530] {processor.py:183} INFO - Processing /Users/anikbhowmick/Python/Big_Data_Assignment/A02/airflow_env/lib/python3.11/site-packages/airflow/example_dags/example_datasets.py took 0.075 seconds
[2024-02-27T11:34:32.635+0530] {processor.py:161} INFO - Started process (PID=4450) to work on /Users/anikbhowmick/Python/Big_Data_Assignment/A02/airflow_env/lib/python3.11/site-packages/airflow/example_dags/example_datasets.py
[2024-02-27T11:34:32.636+0530] {processor.py:830} INFO - Processing file /Users/anikbhowmick/Python/Big_Data_Assignment/A02/airflow_env/lib/python3.11/site-packages/airflow/example_dags/example_datasets.py for tasks to queue
[2024-02-27T11:34:32.636+0530] {logging_mixin.py:188} INFO - [2024-02-27T11:34:32.636+0530] {dagbag.py:540} INFO - Filling up the DagBag from /Users/anikbhowmick/Python/Big_Data_Assignment/A02/airflow_env/lib/python3.11/site-packages/airflow/example_dags/example_datasets.py
[2024-02-27T11:34:32.639+0530] {processor.py:840} INFO - DAG(s) 'dataset_consumes_1_and_2', 'dataset_consumes_1', 'dataset_produces_1', 'dataset_consumes_1_never_scheduled', 'dataset_consumes_unknown_never_scheduled', 'dataset_produces_2' retrieved from /Users/anikbhowmick/Python/Big_Data_Assignment/A02/airflow_env/lib/python3.11/site-packages/airflow/example_dags/example_datasets.py
[2024-02-27T11:34:32.692+0530] {logging_mixin.py:188} INFO - [2024-02-27T11:34:32.692+0530] {dag.py:3047} INFO - Sync 6 DAGs
[2024-02-27T11:34:32.697+0530] {logging_mixin.py:188} INFO - [2024-02-27T11:34:32.697+0530] {dag.py:3834} INFO - Setting next_dagrun for dataset_consumes_1 to None, run_after=None
[2024-02-27T11:34:32.698+0530] {logging_mixin.py:188} INFO - [2024-02-27T11:34:32.698+0530] {dag.py:3834} INFO - Setting next_dagrun for dataset_consumes_1_and_2 to None, run_after=None
[2024-02-27T11:34:32.699+0530] {logging_mixin.py:188} INFO - [2024-02-27T11:34:32.699+0530] {dag.py:3834} INFO - Setting next_dagrun for dataset_consumes_1_never_scheduled to None, run_after=None
[2024-02-27T11:34:32.699+0530] {logging_mixin.py:188} INFO - [2024-02-27T11:34:32.699+0530] {dag.py:3834} INFO - Setting next_dagrun for dataset_consumes_unknown_never_scheduled to None, run_after=None
[2024-02-27T11:34:32.700+0530] {logging_mixin.py:188} INFO - [2024-02-27T11:34:32.699+0530] {dag.py:3834} INFO - Setting next_dagrun for dataset_produces_1 to 2024-02-26 00:00:00+00:00, run_after=2024-02-27 00:00:00+00:00
[2024-02-27T11:34:32.700+0530] {logging_mixin.py:188} INFO - [2024-02-27T11:34:32.700+0530] {dag.py:3834} INFO - Setting next_dagrun for dataset_produces_2 to None, run_after=None
[2024-02-27T11:34:32.708+0530] {processor.py:183} INFO - Processing /Users/anikbhowmick/Python/Big_Data_Assignment/A02/airflow_env/lib/python3.11/site-packages/airflow/example_dags/example_datasets.py took 0.073 seconds
[2024-02-27T11:36:15.334+0530] {processor.py:161} INFO - Started process (PID=4521) to work on /Users/anikbhowmick/Python/Big_Data_Assignment/A02/airflow_env/lib/python3.11/site-packages/airflow/example_dags/example_datasets.py
[2024-02-27T11:36:15.335+0530] {processor.py:830} INFO - Processing file /Users/anikbhowmick/Python/Big_Data_Assignment/A02/airflow_env/lib/python3.11/site-packages/airflow/example_dags/example_datasets.py for tasks to queue
[2024-02-27T11:36:15.335+0530] {logging_mixin.py:188} INFO - [2024-02-27T11:36:15.335+0530] {dagbag.py:540} INFO - Filling up the DagBag from /Users/anikbhowmick/Python/Big_Data_Assignment/A02/airflow_env/lib/python3.11/site-packages/airflow/example_dags/example_datasets.py
[2024-02-27T11:36:15.339+0530] {processor.py:840} INFO - DAG(s) 'dataset_produces_2', 'dataset_consumes_1_never_scheduled', 'dataset_consumes_1', 'dataset_consumes_1_and_2', 'dataset_consumes_unknown_never_scheduled', 'dataset_produces_1' retrieved from /Users/anikbhowmick/Python/Big_Data_Assignment/A02/airflow_env/lib/python3.11/site-packages/airflow/example_dags/example_datasets.py
[2024-02-27T11:36:15.392+0530] {logging_mixin.py:188} INFO - [2024-02-27T11:36:15.392+0530] {dag.py:3047} INFO - Sync 6 DAGs
[2024-02-27T11:36:15.397+0530] {logging_mixin.py:188} INFO - [2024-02-27T11:36:15.397+0530] {dag.py:3834} INFO - Setting next_dagrun for dataset_consumes_1 to None, run_after=None
[2024-02-27T11:36:15.398+0530] {logging_mixin.py:188} INFO - [2024-02-27T11:36:15.398+0530] {dag.py:3834} INFO - Setting next_dagrun for dataset_consumes_1_and_2 to None, run_after=None
[2024-02-27T11:36:15.398+0530] {logging_mixin.py:188} INFO - [2024-02-27T11:36:15.398+0530] {dag.py:3834} INFO - Setting next_dagrun for dataset_consumes_1_never_scheduled to None, run_after=None
[2024-02-27T11:36:15.398+0530] {logging_mixin.py:188} INFO - [2024-02-27T11:36:15.398+0530] {dag.py:3834} INFO - Setting next_dagrun for dataset_consumes_unknown_never_scheduled to None, run_after=None
[2024-02-27T11:36:15.399+0530] {logging_mixin.py:188} INFO - [2024-02-27T11:36:15.399+0530] {dag.py:3834} INFO - Setting next_dagrun for dataset_produces_1 to 2024-02-26 00:00:00+00:00, run_after=2024-02-27 00:00:00+00:00
[2024-02-27T11:36:15.399+0530] {logging_mixin.py:188} INFO - [2024-02-27T11:36:15.399+0530] {dag.py:3834} INFO - Setting next_dagrun for dataset_produces_2 to None, run_after=None
[2024-02-27T11:36:15.407+0530] {processor.py:183} INFO - Processing /Users/anikbhowmick/Python/Big_Data_Assignment/A02/airflow_env/lib/python3.11/site-packages/airflow/example_dags/example_datasets.py took 0.074 seconds
[2024-02-27T11:40:07.834+0530] {processor.py:161} INFO - Started process (PID=4662) to work on /Users/anikbhowmick/Python/Big_Data_Assignment/A02/airflow_env/lib/python3.11/site-packages/airflow/example_dags/example_datasets.py
[2024-02-27T11:40:07.835+0530] {processor.py:830} INFO - Processing file /Users/anikbhowmick/Python/Big_Data_Assignment/A02/airflow_env/lib/python3.11/site-packages/airflow/example_dags/example_datasets.py for tasks to queue
[2024-02-27T11:40:07.835+0530] {logging_mixin.py:188} INFO - [2024-02-27T11:40:07.835+0530] {dagbag.py:540} INFO - Filling up the DagBag from /Users/anikbhowmick/Python/Big_Data_Assignment/A02/airflow_env/lib/python3.11/site-packages/airflow/example_dags/example_datasets.py
[2024-02-27T11:40:07.839+0530] {processor.py:840} INFO - DAG(s) 'dataset_consumes_unknown_never_scheduled', 'dataset_produces_2', 'dataset_produces_1', 'dataset_consumes_1', 'dataset_consumes_1_never_scheduled', 'dataset_consumes_1_and_2' retrieved from /Users/anikbhowmick/Python/Big_Data_Assignment/A02/airflow_env/lib/python3.11/site-packages/airflow/example_dags/example_datasets.py
[2024-02-27T11:40:07.895+0530] {logging_mixin.py:188} INFO - [2024-02-27T11:40:07.895+0530] {dag.py:3047} INFO - Sync 6 DAGs
[2024-02-27T11:40:07.901+0530] {logging_mixin.py:188} INFO - [2024-02-27T11:40:07.901+0530] {dag.py:3834} INFO - Setting next_dagrun for dataset_consumes_1 to None, run_after=None
[2024-02-27T11:40:07.902+0530] {logging_mixin.py:188} INFO - [2024-02-27T11:40:07.902+0530] {dag.py:3834} INFO - Setting next_dagrun for dataset_consumes_1_and_2 to None, run_after=None
[2024-02-27T11:40:07.902+0530] {logging_mixin.py:188} INFO - [2024-02-27T11:40:07.902+0530] {dag.py:3834} INFO - Setting next_dagrun for dataset_consumes_1_never_scheduled to None, run_after=None
[2024-02-27T11:40:07.902+0530] {logging_mixin.py:188} INFO - [2024-02-27T11:40:07.902+0530] {dag.py:3834} INFO - Setting next_dagrun for dataset_consumes_unknown_never_scheduled to None, run_after=None
[2024-02-27T11:40:07.903+0530] {logging_mixin.py:188} INFO - [2024-02-27T11:40:07.903+0530] {dag.py:3834} INFO - Setting next_dagrun for dataset_produces_1 to 2024-02-26 00:00:00+00:00, run_after=2024-02-27 00:00:00+00:00
[2024-02-27T11:40:07.903+0530] {logging_mixin.py:188} INFO - [2024-02-27T11:40:07.903+0530] {dag.py:3834} INFO - Setting next_dagrun for dataset_produces_2 to None, run_after=None
[2024-02-27T11:40:07.911+0530] {processor.py:183} INFO - Processing /Users/anikbhowmick/Python/Big_Data_Assignment/A02/airflow_env/lib/python3.11/site-packages/airflow/example_dags/example_datasets.py took 0.077 seconds
[2024-02-27T11:42:10.338+0530] {processor.py:161} INFO - Started process (PID=4753) to work on /Users/anikbhowmick/Python/Big_Data_Assignment/A02/airflow_env/lib/python3.11/site-packages/airflow/example_dags/example_datasets.py
[2024-02-27T11:42:10.339+0530] {processor.py:830} INFO - Processing file /Users/anikbhowmick/Python/Big_Data_Assignment/A02/airflow_env/lib/python3.11/site-packages/airflow/example_dags/example_datasets.py for tasks to queue
[2024-02-27T11:42:10.339+0530] {logging_mixin.py:188} INFO - [2024-02-27T11:42:10.339+0530] {dagbag.py:540} INFO - Filling up the DagBag from /Users/anikbhowmick/Python/Big_Data_Assignment/A02/airflow_env/lib/python3.11/site-packages/airflow/example_dags/example_datasets.py
[2024-02-27T11:42:10.342+0530] {processor.py:840} INFO - DAG(s) 'dataset_produces_2', 'dataset_consumes_1', 'dataset_consumes_1_and_2', 'dataset_consumes_1_never_scheduled', 'dataset_consumes_unknown_never_scheduled', 'dataset_produces_1' retrieved from /Users/anikbhowmick/Python/Big_Data_Assignment/A02/airflow_env/lib/python3.11/site-packages/airflow/example_dags/example_datasets.py
[2024-02-27T11:42:10.395+0530] {logging_mixin.py:188} INFO - [2024-02-27T11:42:10.395+0530] {dag.py:3047} INFO - Sync 6 DAGs
[2024-02-27T11:42:10.400+0530] {logging_mixin.py:188} INFO - [2024-02-27T11:42:10.400+0530] {dag.py:3834} INFO - Setting next_dagrun for dataset_consumes_1 to None, run_after=None
[2024-02-27T11:42:10.401+0530] {logging_mixin.py:188} INFO - [2024-02-27T11:42:10.401+0530] {dag.py:3834} INFO - Setting next_dagrun for dataset_consumes_1_and_2 to None, run_after=None
[2024-02-27T11:42:10.401+0530] {logging_mixin.py:188} INFO - [2024-02-27T11:42:10.401+0530] {dag.py:3834} INFO - Setting next_dagrun for dataset_consumes_1_never_scheduled to None, run_after=None
[2024-02-27T11:42:10.402+0530] {logging_mixin.py:188} INFO - [2024-02-27T11:42:10.402+0530] {dag.py:3834} INFO - Setting next_dagrun for dataset_consumes_unknown_never_scheduled to None, run_after=None
[2024-02-27T11:42:10.402+0530] {logging_mixin.py:188} INFO - [2024-02-27T11:42:10.402+0530] {dag.py:3834} INFO - Setting next_dagrun for dataset_produces_1 to 2024-02-26 00:00:00+00:00, run_after=2024-02-27 00:00:00+00:00
[2024-02-27T11:42:10.403+0530] {logging_mixin.py:188} INFO - [2024-02-27T11:42:10.403+0530] {dag.py:3834} INFO - Setting next_dagrun for dataset_produces_2 to None, run_after=None
[2024-02-27T11:42:10.411+0530] {processor.py:183} INFO - Processing /Users/anikbhowmick/Python/Big_Data_Assignment/A02/airflow_env/lib/python3.11/site-packages/airflow/example_dags/example_datasets.py took 0.073 seconds
