[2024-02-27T10:47:04.218+0530] {processor.py:161} INFO - Started process (PID=1635) to work on /Users/anikbhowmick/Python/Big_Data_Assignment/A02/airflow_env/lib/python3.11/site-packages/airflow/example_dags/example_branch_datetime_operator.py
[2024-02-27T10:47:04.219+0530] {processor.py:830} INFO - Processing file /Users/anikbhowmick/Python/Big_Data_Assignment/A02/airflow_env/lib/python3.11/site-packages/airflow/example_dags/example_branch_datetime_operator.py for tasks to queue
[2024-02-27T10:47:04.219+0530] {logging_mixin.py:188} INFO - [2024-02-27T10:47:04.219+0530] {dagbag.py:540} INFO - Filling up the DagBag from /Users/anikbhowmick/Python/Big_Data_Assignment/A02/airflow_env/lib/python3.11/site-packages/airflow/example_dags/example_branch_datetime_operator.py
[2024-02-27T10:47:04.223+0530] {processor.py:840} INFO - DAG(s) 'example_branch_datetime_operator_2', 'example_branch_datetime_operator', 'example_branch_datetime_operator_3' retrieved from /Users/anikbhowmick/Python/Big_Data_Assignment/A02/airflow_env/lib/python3.11/site-packages/airflow/example_dags/example_branch_datetime_operator.py
[2024-02-27T10:47:04.274+0530] {logging_mixin.py:188} INFO - [2024-02-27T10:47:04.274+0530] {dag.py:3047} INFO - Sync 3 DAGs
[2024-02-27T10:47:04.279+0530] {logging_mixin.py:188} INFO - [2024-02-27T10:47:04.279+0530] {dag.py:3834} INFO - Setting next_dagrun for example_branch_datetime_operator to 2024-02-26 00:00:00+00:00, run_after=2024-02-27 00:00:00+00:00
[2024-02-27T10:47:04.280+0530] {logging_mixin.py:188} INFO - [2024-02-27T10:47:04.280+0530] {dag.py:3834} INFO - Setting next_dagrun for example_branch_datetime_operator_2 to 2024-02-26 00:00:00+00:00, run_after=2024-02-27 00:00:00+00:00
[2024-02-27T10:47:04.281+0530] {logging_mixin.py:188} INFO - [2024-02-27T10:47:04.281+0530] {dag.py:3834} INFO - Setting next_dagrun for example_branch_datetime_operator_3 to 2024-02-26 00:00:00+00:00, run_after=2024-02-27 00:00:00+00:00
[2024-02-27T10:47:04.287+0530] {processor.py:183} INFO - Processing /Users/anikbhowmick/Python/Big_Data_Assignment/A02/airflow_env/lib/python3.11/site-packages/airflow/example_dags/example_branch_datetime_operator.py took 0.069 seconds
[2024-02-27T10:50:27.601+0530] {processor.py:161} INFO - Started process (PID=1815) to work on /Users/anikbhowmick/Python/Big_Data_Assignment/A02/airflow_env/lib/python3.11/site-packages/airflow/example_dags/example_branch_datetime_operator.py
[2024-02-27T10:50:27.602+0530] {processor.py:830} INFO - Processing file /Users/anikbhowmick/Python/Big_Data_Assignment/A02/airflow_env/lib/python3.11/site-packages/airflow/example_dags/example_branch_datetime_operator.py for tasks to queue
[2024-02-27T10:50:27.602+0530] {logging_mixin.py:188} INFO - [2024-02-27T10:50:27.602+0530] {dagbag.py:540} INFO - Filling up the DagBag from /Users/anikbhowmick/Python/Big_Data_Assignment/A02/airflow_env/lib/python3.11/site-packages/airflow/example_dags/example_branch_datetime_operator.py
[2024-02-27T10:50:27.606+0530] {processor.py:840} INFO - DAG(s) 'example_branch_datetime_operator_3', 'example_branch_datetime_operator', 'example_branch_datetime_operator_2' retrieved from /Users/anikbhowmick/Python/Big_Data_Assignment/A02/airflow_env/lib/python3.11/site-packages/airflow/example_dags/example_branch_datetime_operator.py
[2024-02-27T10:50:27.658+0530] {logging_mixin.py:188} INFO - [2024-02-27T10:50:27.657+0530] {dag.py:3047} INFO - Sync 3 DAGs
[2024-02-27T10:50:27.663+0530] {logging_mixin.py:188} INFO - [2024-02-27T10:50:27.663+0530] {dag.py:3834} INFO - Setting next_dagrun for example_branch_datetime_operator to 2024-02-26 00:00:00+00:00, run_after=2024-02-27 00:00:00+00:00
[2024-02-27T10:50:27.664+0530] {logging_mixin.py:188} INFO - [2024-02-27T10:50:27.664+0530] {dag.py:3834} INFO - Setting next_dagrun for example_branch_datetime_operator_2 to 2024-02-26 00:00:00+00:00, run_after=2024-02-27 00:00:00+00:00
[2024-02-27T10:50:27.665+0530] {logging_mixin.py:188} INFO - [2024-02-27T10:50:27.665+0530] {dag.py:3834} INFO - Setting next_dagrun for example_branch_datetime_operator_3 to 2024-02-26 00:00:00+00:00, run_after=2024-02-27 00:00:00+00:00
[2024-02-27T10:50:27.670+0530] {processor.py:183} INFO - Processing /Users/anikbhowmick/Python/Big_Data_Assignment/A02/airflow_env/lib/python3.11/site-packages/airflow/example_dags/example_branch_datetime_operator.py took 0.070 seconds
[2024-02-27T10:53:33.742+0530] {processor.py:161} INFO - Started process (PID=2032) to work on /Users/anikbhowmick/Python/Big_Data_Assignment/A02/airflow_env/lib/python3.11/site-packages/airflow/example_dags/example_branch_datetime_operator.py
[2024-02-27T10:53:33.743+0530] {processor.py:830} INFO - Processing file /Users/anikbhowmick/Python/Big_Data_Assignment/A02/airflow_env/lib/python3.11/site-packages/airflow/example_dags/example_branch_datetime_operator.py for tasks to queue
[2024-02-27T10:53:33.743+0530] {logging_mixin.py:188} INFO - [2024-02-27T10:53:33.743+0530] {dagbag.py:540} INFO - Filling up the DagBag from /Users/anikbhowmick/Python/Big_Data_Assignment/A02/airflow_env/lib/python3.11/site-packages/airflow/example_dags/example_branch_datetime_operator.py
[2024-02-27T10:53:33.748+0530] {processor.py:840} INFO - DAG(s) 'example_branch_datetime_operator', 'example_branch_datetime_operator_2', 'example_branch_datetime_operator_3' retrieved from /Users/anikbhowmick/Python/Big_Data_Assignment/A02/airflow_env/lib/python3.11/site-packages/airflow/example_dags/example_branch_datetime_operator.py
[2024-02-27T10:53:33.800+0530] {logging_mixin.py:188} INFO - [2024-02-27T10:53:33.800+0530] {dag.py:3047} INFO - Sync 3 DAGs
[2024-02-27T10:53:33.806+0530] {logging_mixin.py:188} INFO - [2024-02-27T10:53:33.806+0530] {dag.py:3834} INFO - Setting next_dagrun for example_branch_datetime_operator to 2024-02-26 00:00:00+00:00, run_after=2024-02-27 00:00:00+00:00
[2024-02-27T10:53:33.807+0530] {logging_mixin.py:188} INFO - [2024-02-27T10:53:33.807+0530] {dag.py:3834} INFO - Setting next_dagrun for example_branch_datetime_operator_2 to 2024-02-26 00:00:00+00:00, run_after=2024-02-27 00:00:00+00:00
[2024-02-27T10:53:33.808+0530] {logging_mixin.py:188} INFO - [2024-02-27T10:53:33.807+0530] {dag.py:3834} INFO - Setting next_dagrun for example_branch_datetime_operator_3 to 2024-02-26 00:00:00+00:00, run_after=2024-02-27 00:00:00+00:00
[2024-02-27T10:53:33.813+0530] {processor.py:183} INFO - Processing /Users/anikbhowmick/Python/Big_Data_Assignment/A02/airflow_env/lib/python3.11/site-packages/airflow/example_dags/example_branch_datetime_operator.py took 0.071 seconds
[2024-02-27T10:58:25.828+0530] {processor.py:161} INFO - Started process (PID=2411) to work on /Users/anikbhowmick/Python/Big_Data_Assignment/A02/airflow_env/lib/python3.11/site-packages/airflow/example_dags/example_branch_datetime_operator.py
[2024-02-27T10:58:25.829+0530] {processor.py:830} INFO - Processing file /Users/anikbhowmick/Python/Big_Data_Assignment/A02/airflow_env/lib/python3.11/site-packages/airflow/example_dags/example_branch_datetime_operator.py for tasks to queue
[2024-02-27T10:58:25.830+0530] {logging_mixin.py:188} INFO - [2024-02-27T10:58:25.830+0530] {dagbag.py:540} INFO - Filling up the DagBag from /Users/anikbhowmick/Python/Big_Data_Assignment/A02/airflow_env/lib/python3.11/site-packages/airflow/example_dags/example_branch_datetime_operator.py
[2024-02-27T10:58:25.834+0530] {processor.py:840} INFO - DAG(s) 'example_branch_datetime_operator', 'example_branch_datetime_operator_2', 'example_branch_datetime_operator_3' retrieved from /Users/anikbhowmick/Python/Big_Data_Assignment/A02/airflow_env/lib/python3.11/site-packages/airflow/example_dags/example_branch_datetime_operator.py
[2024-02-27T10:58:25.887+0530] {logging_mixin.py:188} INFO - [2024-02-27T10:58:25.887+0530] {dag.py:3047} INFO - Sync 3 DAGs
[2024-02-27T10:58:25.893+0530] {logging_mixin.py:188} INFO - [2024-02-27T10:58:25.893+0530] {dag.py:3834} INFO - Setting next_dagrun for example_branch_datetime_operator to 2024-02-26 00:00:00+00:00, run_after=2024-02-27 00:00:00+00:00
[2024-02-27T10:58:25.894+0530] {logging_mixin.py:188} INFO - [2024-02-27T10:58:25.894+0530] {dag.py:3834} INFO - Setting next_dagrun for example_branch_datetime_operator_2 to 2024-02-26 00:00:00+00:00, run_after=2024-02-27 00:00:00+00:00
[2024-02-27T10:58:25.895+0530] {logging_mixin.py:188} INFO - [2024-02-27T10:58:25.895+0530] {dag.py:3834} INFO - Setting next_dagrun for example_branch_datetime_operator_3 to 2024-02-26 00:00:00+00:00, run_after=2024-02-27 00:00:00+00:00
[2024-02-27T10:58:25.900+0530] {processor.py:183} INFO - Processing /Users/anikbhowmick/Python/Big_Data_Assignment/A02/airflow_env/lib/python3.11/site-packages/airflow/example_dags/example_branch_datetime_operator.py took 0.072 seconds
[2024-02-27T11:00:14.218+0530] {processor.py:161} INFO - Started process (PID=2524) to work on /Users/anikbhowmick/Python/Big_Data_Assignment/A02/airflow_env/lib/python3.11/site-packages/airflow/example_dags/example_branch_datetime_operator.py
[2024-02-27T11:00:14.219+0530] {processor.py:830} INFO - Processing file /Users/anikbhowmick/Python/Big_Data_Assignment/A02/airflow_env/lib/python3.11/site-packages/airflow/example_dags/example_branch_datetime_operator.py for tasks to queue
[2024-02-27T11:00:14.219+0530] {logging_mixin.py:188} INFO - [2024-02-27T11:00:14.219+0530] {dagbag.py:540} INFO - Filling up the DagBag from /Users/anikbhowmick/Python/Big_Data_Assignment/A02/airflow_env/lib/python3.11/site-packages/airflow/example_dags/example_branch_datetime_operator.py
[2024-02-27T11:00:14.224+0530] {processor.py:840} INFO - DAG(s) 'example_branch_datetime_operator_2', 'example_branch_datetime_operator_3', 'example_branch_datetime_operator' retrieved from /Users/anikbhowmick/Python/Big_Data_Assignment/A02/airflow_env/lib/python3.11/site-packages/airflow/example_dags/example_branch_datetime_operator.py
[2024-02-27T11:00:14.293+0530] {logging_mixin.py:188} INFO - [2024-02-27T11:00:14.293+0530] {dag.py:3047} INFO - Sync 3 DAGs
[2024-02-27T11:00:14.299+0530] {logging_mixin.py:188} INFO - [2024-02-27T11:00:14.299+0530] {dag.py:3834} INFO - Setting next_dagrun for example_branch_datetime_operator to 2024-02-26 00:00:00+00:00, run_after=2024-02-27 00:00:00+00:00
[2024-02-27T11:00:14.300+0530] {logging_mixin.py:188} INFO - [2024-02-27T11:00:14.300+0530] {dag.py:3834} INFO - Setting next_dagrun for example_branch_datetime_operator_2 to 2024-02-26 00:00:00+00:00, run_after=2024-02-27 00:00:00+00:00
[2024-02-27T11:00:14.301+0530] {logging_mixin.py:188} INFO - [2024-02-27T11:00:14.301+0530] {dag.py:3834} INFO - Setting next_dagrun for example_branch_datetime_operator_3 to 2024-02-26 00:00:00+00:00, run_after=2024-02-27 00:00:00+00:00
[2024-02-27T11:00:14.307+0530] {processor.py:183} INFO - Processing /Users/anikbhowmick/Python/Big_Data_Assignment/A02/airflow_env/lib/python3.11/site-packages/airflow/example_dags/example_branch_datetime_operator.py took 0.089 seconds
[2024-02-27T11:02:40.471+0530] {processor.py:161} INFO - Started process (PID=2729) to work on /Users/anikbhowmick/Python/Big_Data_Assignment/A02/airflow_env/lib/python3.11/site-packages/airflow/example_dags/example_branch_datetime_operator.py
[2024-02-27T11:02:40.472+0530] {processor.py:830} INFO - Processing file /Users/anikbhowmick/Python/Big_Data_Assignment/A02/airflow_env/lib/python3.11/site-packages/airflow/example_dags/example_branch_datetime_operator.py for tasks to queue
[2024-02-27T11:02:40.472+0530] {logging_mixin.py:188} INFO - [2024-02-27T11:02:40.472+0530] {dagbag.py:540} INFO - Filling up the DagBag from /Users/anikbhowmick/Python/Big_Data_Assignment/A02/airflow_env/lib/python3.11/site-packages/airflow/example_dags/example_branch_datetime_operator.py
[2024-02-27T11:02:40.476+0530] {processor.py:840} INFO - DAG(s) 'example_branch_datetime_operator', 'example_branch_datetime_operator_2', 'example_branch_datetime_operator_3' retrieved from /Users/anikbhowmick/Python/Big_Data_Assignment/A02/airflow_env/lib/python3.11/site-packages/airflow/example_dags/example_branch_datetime_operator.py
[2024-02-27T11:02:40.528+0530] {logging_mixin.py:188} INFO - [2024-02-27T11:02:40.528+0530] {dag.py:3047} INFO - Sync 3 DAGs
[2024-02-27T11:02:40.533+0530] {logging_mixin.py:188} INFO - [2024-02-27T11:02:40.533+0530] {dag.py:3834} INFO - Setting next_dagrun for example_branch_datetime_operator to 2024-02-26 00:00:00+00:00, run_after=2024-02-27 00:00:00+00:00
[2024-02-27T11:02:40.535+0530] {logging_mixin.py:188} INFO - [2024-02-27T11:02:40.535+0530] {dag.py:3834} INFO - Setting next_dagrun for example_branch_datetime_operator_2 to 2024-02-26 00:00:00+00:00, run_after=2024-02-27 00:00:00+00:00
[2024-02-27T11:02:40.535+0530] {logging_mixin.py:188} INFO - [2024-02-27T11:02:40.535+0530] {dag.py:3834} INFO - Setting next_dagrun for example_branch_datetime_operator_3 to 2024-02-26 00:00:00+00:00, run_after=2024-02-27 00:00:00+00:00
[2024-02-27T11:02:40.541+0530] {processor.py:183} INFO - Processing /Users/anikbhowmick/Python/Big_Data_Assignment/A02/airflow_env/lib/python3.11/site-packages/airflow/example_dags/example_branch_datetime_operator.py took 0.070 seconds
[2024-02-27T11:04:21.547+0530] {processor.py:161} INFO - Started process (PID=2837) to work on /Users/anikbhowmick/Python/Big_Data_Assignment/A02/airflow_env/lib/python3.11/site-packages/airflow/example_dags/example_branch_datetime_operator.py
[2024-02-27T11:04:21.548+0530] {processor.py:830} INFO - Processing file /Users/anikbhowmick/Python/Big_Data_Assignment/A02/airflow_env/lib/python3.11/site-packages/airflow/example_dags/example_branch_datetime_operator.py for tasks to queue
[2024-02-27T11:04:21.549+0530] {logging_mixin.py:188} INFO - [2024-02-27T11:04:21.549+0530] {dagbag.py:540} INFO - Filling up the DagBag from /Users/anikbhowmick/Python/Big_Data_Assignment/A02/airflow_env/lib/python3.11/site-packages/airflow/example_dags/example_branch_datetime_operator.py
[2024-02-27T11:04:21.553+0530] {processor.py:840} INFO - DAG(s) 'example_branch_datetime_operator_3', 'example_branch_datetime_operator_2', 'example_branch_datetime_operator' retrieved from /Users/anikbhowmick/Python/Big_Data_Assignment/A02/airflow_env/lib/python3.11/site-packages/airflow/example_dags/example_branch_datetime_operator.py
[2024-02-27T11:04:21.605+0530] {logging_mixin.py:188} INFO - [2024-02-27T11:04:21.604+0530] {dag.py:3047} INFO - Sync 3 DAGs
[2024-02-27T11:04:21.610+0530] {logging_mixin.py:188} INFO - [2024-02-27T11:04:21.610+0530] {dag.py:3834} INFO - Setting next_dagrun for example_branch_datetime_operator to 2024-02-26 00:00:00+00:00, run_after=2024-02-27 00:00:00+00:00
[2024-02-27T11:04:21.611+0530] {logging_mixin.py:188} INFO - [2024-02-27T11:04:21.611+0530] {dag.py:3834} INFO - Setting next_dagrun for example_branch_datetime_operator_2 to 2024-02-26 00:00:00+00:00, run_after=2024-02-27 00:00:00+00:00
[2024-02-27T11:04:21.612+0530] {logging_mixin.py:188} INFO - [2024-02-27T11:04:21.612+0530] {dag.py:3834} INFO - Setting next_dagrun for example_branch_datetime_operator_3 to 2024-02-26 00:00:00+00:00, run_after=2024-02-27 00:00:00+00:00
[2024-02-27T11:04:21.617+0530] {processor.py:183} INFO - Processing /Users/anikbhowmick/Python/Big_Data_Assignment/A02/airflow_env/lib/python3.11/site-packages/airflow/example_dags/example_branch_datetime_operator.py took 0.070 seconds
[2024-02-27T11:06:13.851+0530] {processor.py:161} INFO - Started process (PID=2933) to work on /Users/anikbhowmick/Python/Big_Data_Assignment/A02/airflow_env/lib/python3.11/site-packages/airflow/example_dags/example_branch_datetime_operator.py
[2024-02-27T11:06:13.852+0530] {processor.py:830} INFO - Processing file /Users/anikbhowmick/Python/Big_Data_Assignment/A02/airflow_env/lib/python3.11/site-packages/airflow/example_dags/example_branch_datetime_operator.py for tasks to queue
[2024-02-27T11:06:13.852+0530] {logging_mixin.py:188} INFO - [2024-02-27T11:06:13.852+0530] {dagbag.py:540} INFO - Filling up the DagBag from /Users/anikbhowmick/Python/Big_Data_Assignment/A02/airflow_env/lib/python3.11/site-packages/airflow/example_dags/example_branch_datetime_operator.py
[2024-02-27T11:06:13.857+0530] {processor.py:840} INFO - DAG(s) 'example_branch_datetime_operator_2', 'example_branch_datetime_operator', 'example_branch_datetime_operator_3' retrieved from /Users/anikbhowmick/Python/Big_Data_Assignment/A02/airflow_env/lib/python3.11/site-packages/airflow/example_dags/example_branch_datetime_operator.py
[2024-02-27T11:06:13.908+0530] {logging_mixin.py:188} INFO - [2024-02-27T11:06:13.908+0530] {dag.py:3047} INFO - Sync 3 DAGs
[2024-02-27T11:06:13.914+0530] {logging_mixin.py:188} INFO - [2024-02-27T11:06:13.914+0530] {dag.py:3834} INFO - Setting next_dagrun for example_branch_datetime_operator to 2024-02-26 00:00:00+00:00, run_after=2024-02-27 00:00:00+00:00
[2024-02-27T11:06:13.915+0530] {logging_mixin.py:188} INFO - [2024-02-27T11:06:13.915+0530] {dag.py:3834} INFO - Setting next_dagrun for example_branch_datetime_operator_2 to 2024-02-26 00:00:00+00:00, run_after=2024-02-27 00:00:00+00:00
[2024-02-27T11:06:13.916+0530] {logging_mixin.py:188} INFO - [2024-02-27T11:06:13.916+0530] {dag.py:3834} INFO - Setting next_dagrun for example_branch_datetime_operator_3 to 2024-02-26 00:00:00+00:00, run_after=2024-02-27 00:00:00+00:00
[2024-02-27T11:06:13.921+0530] {processor.py:183} INFO - Processing /Users/anikbhowmick/Python/Big_Data_Assignment/A02/airflow_env/lib/python3.11/site-packages/airflow/example_dags/example_branch_datetime_operator.py took 0.070 seconds
[2024-02-27T11:07:52.504+0530] {processor.py:161} INFO - Started process (PID=3011) to work on /Users/anikbhowmick/Python/Big_Data_Assignment/A02/airflow_env/lib/python3.11/site-packages/airflow/example_dags/example_branch_datetime_operator.py
[2024-02-27T11:07:52.505+0530] {processor.py:830} INFO - Processing file /Users/anikbhowmick/Python/Big_Data_Assignment/A02/airflow_env/lib/python3.11/site-packages/airflow/example_dags/example_branch_datetime_operator.py for tasks to queue
[2024-02-27T11:07:52.505+0530] {logging_mixin.py:188} INFO - [2024-02-27T11:07:52.505+0530] {dagbag.py:540} INFO - Filling up the DagBag from /Users/anikbhowmick/Python/Big_Data_Assignment/A02/airflow_env/lib/python3.11/site-packages/airflow/example_dags/example_branch_datetime_operator.py
[2024-02-27T11:07:52.509+0530] {processor.py:840} INFO - DAG(s) 'example_branch_datetime_operator_2', 'example_branch_datetime_operator', 'example_branch_datetime_operator_3' retrieved from /Users/anikbhowmick/Python/Big_Data_Assignment/A02/airflow_env/lib/python3.11/site-packages/airflow/example_dags/example_branch_datetime_operator.py
[2024-02-27T11:07:52.561+0530] {logging_mixin.py:188} INFO - [2024-02-27T11:07:52.561+0530] {dag.py:3047} INFO - Sync 3 DAGs
[2024-02-27T11:07:52.566+0530] {logging_mixin.py:188} INFO - [2024-02-27T11:07:52.566+0530] {dag.py:3834} INFO - Setting next_dagrun for example_branch_datetime_operator to 2024-02-26 00:00:00+00:00, run_after=2024-02-27 00:00:00+00:00
[2024-02-27T11:07:52.568+0530] {logging_mixin.py:188} INFO - [2024-02-27T11:07:52.568+0530] {dag.py:3834} INFO - Setting next_dagrun for example_branch_datetime_operator_2 to 2024-02-26 00:00:00+00:00, run_after=2024-02-27 00:00:00+00:00
[2024-02-27T11:07:52.568+0530] {logging_mixin.py:188} INFO - [2024-02-27T11:07:52.568+0530] {dag.py:3834} INFO - Setting next_dagrun for example_branch_datetime_operator_3 to 2024-02-26 00:00:00+00:00, run_after=2024-02-27 00:00:00+00:00
[2024-02-27T11:07:52.574+0530] {processor.py:183} INFO - Processing /Users/anikbhowmick/Python/Big_Data_Assignment/A02/airflow_env/lib/python3.11/site-packages/airflow/example_dags/example_branch_datetime_operator.py took 0.070 seconds
[2024-02-27T11:09:38.343+0530] {processor.py:161} INFO - Started process (PID=3132) to work on /Users/anikbhowmick/Python/Big_Data_Assignment/A02/airflow_env/lib/python3.11/site-packages/airflow/example_dags/example_branch_datetime_operator.py
[2024-02-27T11:09:38.344+0530] {processor.py:830} INFO - Processing file /Users/anikbhowmick/Python/Big_Data_Assignment/A02/airflow_env/lib/python3.11/site-packages/airflow/example_dags/example_branch_datetime_operator.py for tasks to queue
[2024-02-27T11:09:38.345+0530] {logging_mixin.py:188} INFO - [2024-02-27T11:09:38.344+0530] {dagbag.py:540} INFO - Filling up the DagBag from /Users/anikbhowmick/Python/Big_Data_Assignment/A02/airflow_env/lib/python3.11/site-packages/airflow/example_dags/example_branch_datetime_operator.py
[2024-02-27T11:09:38.349+0530] {processor.py:840} INFO - DAG(s) 'example_branch_datetime_operator', 'example_branch_datetime_operator_3', 'example_branch_datetime_operator_2' retrieved from /Users/anikbhowmick/Python/Big_Data_Assignment/A02/airflow_env/lib/python3.11/site-packages/airflow/example_dags/example_branch_datetime_operator.py
[2024-02-27T11:09:38.401+0530] {logging_mixin.py:188} INFO - [2024-02-27T11:09:38.401+0530] {dag.py:3047} INFO - Sync 3 DAGs
[2024-02-27T11:09:38.407+0530] {logging_mixin.py:188} INFO - [2024-02-27T11:09:38.407+0530] {dag.py:3834} INFO - Setting next_dagrun for example_branch_datetime_operator to 2024-02-26 00:00:00+00:00, run_after=2024-02-27 00:00:00+00:00
[2024-02-27T11:09:38.408+0530] {logging_mixin.py:188} INFO - [2024-02-27T11:09:38.408+0530] {dag.py:3834} INFO - Setting next_dagrun for example_branch_datetime_operator_2 to 2024-02-26 00:00:00+00:00, run_after=2024-02-27 00:00:00+00:00
[2024-02-27T11:09:38.409+0530] {logging_mixin.py:188} INFO - [2024-02-27T11:09:38.409+0530] {dag.py:3834} INFO - Setting next_dagrun for example_branch_datetime_operator_3 to 2024-02-26 00:00:00+00:00, run_after=2024-02-27 00:00:00+00:00
[2024-02-27T11:09:38.414+0530] {processor.py:183} INFO - Processing /Users/anikbhowmick/Python/Big_Data_Assignment/A02/airflow_env/lib/python3.11/site-packages/airflow/example_dags/example_branch_datetime_operator.py took 0.071 seconds
[2024-02-27T11:11:13.844+0530] {processor.py:161} INFO - Started process (PID=3210) to work on /Users/anikbhowmick/Python/Big_Data_Assignment/A02/airflow_env/lib/python3.11/site-packages/airflow/example_dags/example_branch_datetime_operator.py
[2024-02-27T11:11:13.845+0530] {processor.py:830} INFO - Processing file /Users/anikbhowmick/Python/Big_Data_Assignment/A02/airflow_env/lib/python3.11/site-packages/airflow/example_dags/example_branch_datetime_operator.py for tasks to queue
[2024-02-27T11:11:13.845+0530] {logging_mixin.py:188} INFO - [2024-02-27T11:11:13.845+0530] {dagbag.py:540} INFO - Filling up the DagBag from /Users/anikbhowmick/Python/Big_Data_Assignment/A02/airflow_env/lib/python3.11/site-packages/airflow/example_dags/example_branch_datetime_operator.py
[2024-02-27T11:11:13.850+0530] {processor.py:840} INFO - DAG(s) 'example_branch_datetime_operator_2', 'example_branch_datetime_operator', 'example_branch_datetime_operator_3' retrieved from /Users/anikbhowmick/Python/Big_Data_Assignment/A02/airflow_env/lib/python3.11/site-packages/airflow/example_dags/example_branch_datetime_operator.py
[2024-02-27T11:11:13.902+0530] {logging_mixin.py:188} INFO - [2024-02-27T11:11:13.902+0530] {dag.py:3047} INFO - Sync 3 DAGs
[2024-02-27T11:11:13.908+0530] {logging_mixin.py:188} INFO - [2024-02-27T11:11:13.908+0530] {dag.py:3834} INFO - Setting next_dagrun for example_branch_datetime_operator to 2024-02-26 00:00:00+00:00, run_after=2024-02-27 00:00:00+00:00
[2024-02-27T11:11:13.909+0530] {logging_mixin.py:188} INFO - [2024-02-27T11:11:13.909+0530] {dag.py:3834} INFO - Setting next_dagrun for example_branch_datetime_operator_2 to 2024-02-26 00:00:00+00:00, run_after=2024-02-27 00:00:00+00:00
[2024-02-27T11:11:13.910+0530] {logging_mixin.py:188} INFO - [2024-02-27T11:11:13.909+0530] {dag.py:3834} INFO - Setting next_dagrun for example_branch_datetime_operator_3 to 2024-02-26 00:00:00+00:00, run_after=2024-02-27 00:00:00+00:00
[2024-02-27T11:11:13.915+0530] {processor.py:183} INFO - Processing /Users/anikbhowmick/Python/Big_Data_Assignment/A02/airflow_env/lib/python3.11/site-packages/airflow/example_dags/example_branch_datetime_operator.py took 0.071 seconds
[2024-02-27T11:12:57.979+0530] {processor.py:161} INFO - Started process (PID=3310) to work on /Users/anikbhowmick/Python/Big_Data_Assignment/A02/airflow_env/lib/python3.11/site-packages/airflow/example_dags/example_branch_datetime_operator.py
[2024-02-27T11:12:57.980+0530] {processor.py:830} INFO - Processing file /Users/anikbhowmick/Python/Big_Data_Assignment/A02/airflow_env/lib/python3.11/site-packages/airflow/example_dags/example_branch_datetime_operator.py for tasks to queue
[2024-02-27T11:12:57.980+0530] {logging_mixin.py:188} INFO - [2024-02-27T11:12:57.980+0530] {dagbag.py:540} INFO - Filling up the DagBag from /Users/anikbhowmick/Python/Big_Data_Assignment/A02/airflow_env/lib/python3.11/site-packages/airflow/example_dags/example_branch_datetime_operator.py
[2024-02-27T11:12:57.985+0530] {processor.py:840} INFO - DAG(s) 'example_branch_datetime_operator_3', 'example_branch_datetime_operator', 'example_branch_datetime_operator_2' retrieved from /Users/anikbhowmick/Python/Big_Data_Assignment/A02/airflow_env/lib/python3.11/site-packages/airflow/example_dags/example_branch_datetime_operator.py
[2024-02-27T11:12:58.038+0530] {logging_mixin.py:188} INFO - [2024-02-27T11:12:58.037+0530] {dag.py:3047} INFO - Sync 3 DAGs
[2024-02-27T11:12:58.043+0530] {logging_mixin.py:188} INFO - [2024-02-27T11:12:58.043+0530] {dag.py:3834} INFO - Setting next_dagrun for example_branch_datetime_operator to 2024-02-26 00:00:00+00:00, run_after=2024-02-27 00:00:00+00:00
[2024-02-27T11:12:58.044+0530] {logging_mixin.py:188} INFO - [2024-02-27T11:12:58.044+0530] {dag.py:3834} INFO - Setting next_dagrun for example_branch_datetime_operator_2 to 2024-02-26 00:00:00+00:00, run_after=2024-02-27 00:00:00+00:00
[2024-02-27T11:12:58.045+0530] {logging_mixin.py:188} INFO - [2024-02-27T11:12:58.045+0530] {dag.py:3834} INFO - Setting next_dagrun for example_branch_datetime_operator_3 to 2024-02-26 00:00:00+00:00, run_after=2024-02-27 00:00:00+00:00
[2024-02-27T11:12:58.050+0530] {processor.py:183} INFO - Processing /Users/anikbhowmick/Python/Big_Data_Assignment/A02/airflow_env/lib/python3.11/site-packages/airflow/example_dags/example_branch_datetime_operator.py took 0.072 seconds
[2024-02-27T11:14:49.272+0530] {processor.py:161} INFO - Started process (PID=3411) to work on /Users/anikbhowmick/Python/Big_Data_Assignment/A02/airflow_env/lib/python3.11/site-packages/airflow/example_dags/example_branch_datetime_operator.py
[2024-02-27T11:14:49.272+0530] {processor.py:830} INFO - Processing file /Users/anikbhowmick/Python/Big_Data_Assignment/A02/airflow_env/lib/python3.11/site-packages/airflow/example_dags/example_branch_datetime_operator.py for tasks to queue
[2024-02-27T11:14:49.272+0530] {logging_mixin.py:188} INFO - [2024-02-27T11:14:49.272+0530] {dagbag.py:540} INFO - Filling up the DagBag from /Users/anikbhowmick/Python/Big_Data_Assignment/A02/airflow_env/lib/python3.11/site-packages/airflow/example_dags/example_branch_datetime_operator.py
[2024-02-27T11:14:49.277+0530] {processor.py:840} INFO - DAG(s) 'example_branch_datetime_operator', 'example_branch_datetime_operator_3', 'example_branch_datetime_operator_2' retrieved from /Users/anikbhowmick/Python/Big_Data_Assignment/A02/airflow_env/lib/python3.11/site-packages/airflow/example_dags/example_branch_datetime_operator.py
[2024-02-27T11:14:49.329+0530] {logging_mixin.py:188} INFO - [2024-02-27T11:14:49.329+0530] {dag.py:3047} INFO - Sync 3 DAGs
[2024-02-27T11:14:49.334+0530] {logging_mixin.py:188} INFO - [2024-02-27T11:14:49.334+0530] {dag.py:3834} INFO - Setting next_dagrun for example_branch_datetime_operator to 2024-02-26 00:00:00+00:00, run_after=2024-02-27 00:00:00+00:00
[2024-02-27T11:14:49.336+0530] {logging_mixin.py:188} INFO - [2024-02-27T11:14:49.336+0530] {dag.py:3834} INFO - Setting next_dagrun for example_branch_datetime_operator_2 to 2024-02-26 00:00:00+00:00, run_after=2024-02-27 00:00:00+00:00
[2024-02-27T11:14:49.336+0530] {logging_mixin.py:188} INFO - [2024-02-27T11:14:49.336+0530] {dag.py:3834} INFO - Setting next_dagrun for example_branch_datetime_operator_3 to 2024-02-26 00:00:00+00:00, run_after=2024-02-27 00:00:00+00:00
[2024-02-27T11:14:49.342+0530] {processor.py:183} INFO - Processing /Users/anikbhowmick/Python/Big_Data_Assignment/A02/airflow_env/lib/python3.11/site-packages/airflow/example_dags/example_branch_datetime_operator.py took 0.070 seconds
[2024-02-27T11:16:29.526+0530] {processor.py:161} INFO - Started process (PID=3482) to work on /Users/anikbhowmick/Python/Big_Data_Assignment/A02/airflow_env/lib/python3.11/site-packages/airflow/example_dags/example_branch_datetime_operator.py
[2024-02-27T11:16:29.526+0530] {processor.py:830} INFO - Processing file /Users/anikbhowmick/Python/Big_Data_Assignment/A02/airflow_env/lib/python3.11/site-packages/airflow/example_dags/example_branch_datetime_operator.py for tasks to queue
[2024-02-27T11:16:29.527+0530] {logging_mixin.py:188} INFO - [2024-02-27T11:16:29.527+0530] {dagbag.py:540} INFO - Filling up the DagBag from /Users/anikbhowmick/Python/Big_Data_Assignment/A02/airflow_env/lib/python3.11/site-packages/airflow/example_dags/example_branch_datetime_operator.py
[2024-02-27T11:16:29.531+0530] {processor.py:840} INFO - DAG(s) 'example_branch_datetime_operator_3', 'example_branch_datetime_operator_2', 'example_branch_datetime_operator' retrieved from /Users/anikbhowmick/Python/Big_Data_Assignment/A02/airflow_env/lib/python3.11/site-packages/airflow/example_dags/example_branch_datetime_operator.py
[2024-02-27T11:16:29.583+0530] {logging_mixin.py:188} INFO - [2024-02-27T11:16:29.583+0530] {dag.py:3047} INFO - Sync 3 DAGs
[2024-02-27T11:16:29.588+0530] {logging_mixin.py:188} INFO - [2024-02-27T11:16:29.588+0530] {dag.py:3834} INFO - Setting next_dagrun for example_branch_datetime_operator to 2024-02-26 00:00:00+00:00, run_after=2024-02-27 00:00:00+00:00
[2024-02-27T11:16:29.589+0530] {logging_mixin.py:188} INFO - [2024-02-27T11:16:29.589+0530] {dag.py:3834} INFO - Setting next_dagrun for example_branch_datetime_operator_2 to 2024-02-26 00:00:00+00:00, run_after=2024-02-27 00:00:00+00:00
[2024-02-27T11:16:29.590+0530] {logging_mixin.py:188} INFO - [2024-02-27T11:16:29.590+0530] {dag.py:3834} INFO - Setting next_dagrun for example_branch_datetime_operator_3 to 2024-02-26 00:00:00+00:00, run_after=2024-02-27 00:00:00+00:00
[2024-02-27T11:16:29.596+0530] {processor.py:183} INFO - Processing /Users/anikbhowmick/Python/Big_Data_Assignment/A02/airflow_env/lib/python3.11/site-packages/airflow/example_dags/example_branch_datetime_operator.py took 0.070 seconds
[2024-02-27T11:18:24.126+0530] {processor.py:161} INFO - Started process (PID=3555) to work on /Users/anikbhowmick/Python/Big_Data_Assignment/A02/airflow_env/lib/python3.11/site-packages/airflow/example_dags/example_branch_datetime_operator.py
[2024-02-27T11:18:24.126+0530] {processor.py:830} INFO - Processing file /Users/anikbhowmick/Python/Big_Data_Assignment/A02/airflow_env/lib/python3.11/site-packages/airflow/example_dags/example_branch_datetime_operator.py for tasks to queue
[2024-02-27T11:18:24.126+0530] {logging_mixin.py:188} INFO - [2024-02-27T11:18:24.126+0530] {dagbag.py:540} INFO - Filling up the DagBag from /Users/anikbhowmick/Python/Big_Data_Assignment/A02/airflow_env/lib/python3.11/site-packages/airflow/example_dags/example_branch_datetime_operator.py
[2024-02-27T11:18:24.130+0530] {processor.py:840} INFO - DAG(s) 'example_branch_datetime_operator_2', 'example_branch_datetime_operator', 'example_branch_datetime_operator_3' retrieved from /Users/anikbhowmick/Python/Big_Data_Assignment/A02/airflow_env/lib/python3.11/site-packages/airflow/example_dags/example_branch_datetime_operator.py
[2024-02-27T11:18:24.183+0530] {logging_mixin.py:188} INFO - [2024-02-27T11:18:24.183+0530] {dag.py:3047} INFO - Sync 3 DAGs
[2024-02-27T11:18:24.189+0530] {logging_mixin.py:188} INFO - [2024-02-27T11:18:24.189+0530] {dag.py:3834} INFO - Setting next_dagrun for example_branch_datetime_operator to 2024-02-26 00:00:00+00:00, run_after=2024-02-27 00:00:00+00:00
[2024-02-27T11:18:24.190+0530] {logging_mixin.py:188} INFO - [2024-02-27T11:18:24.190+0530] {dag.py:3834} INFO - Setting next_dagrun for example_branch_datetime_operator_2 to 2024-02-26 00:00:00+00:00, run_after=2024-02-27 00:00:00+00:00
[2024-02-27T11:18:24.191+0530] {logging_mixin.py:188} INFO - [2024-02-27T11:18:24.191+0530] {dag.py:3834} INFO - Setting next_dagrun for example_branch_datetime_operator_3 to 2024-02-26 00:00:00+00:00, run_after=2024-02-27 00:00:00+00:00
[2024-02-27T11:18:24.196+0530] {processor.py:183} INFO - Processing /Users/anikbhowmick/Python/Big_Data_Assignment/A02/airflow_env/lib/python3.11/site-packages/airflow/example_dags/example_branch_datetime_operator.py took 0.071 seconds
[2024-02-27T11:21:00.339+0530] {processor.py:161} INFO - Started process (PID=3697) to work on /Users/anikbhowmick/Python/Big_Data_Assignment/A02/airflow_env/lib/python3.11/site-packages/airflow/example_dags/example_branch_datetime_operator.py
[2024-02-27T11:21:00.340+0530] {processor.py:830} INFO - Processing file /Users/anikbhowmick/Python/Big_Data_Assignment/A02/airflow_env/lib/python3.11/site-packages/airflow/example_dags/example_branch_datetime_operator.py for tasks to queue
[2024-02-27T11:21:00.340+0530] {logging_mixin.py:188} INFO - [2024-02-27T11:21:00.340+0530] {dagbag.py:540} INFO - Filling up the DagBag from /Users/anikbhowmick/Python/Big_Data_Assignment/A02/airflow_env/lib/python3.11/site-packages/airflow/example_dags/example_branch_datetime_operator.py
[2024-02-27T11:21:00.345+0530] {processor.py:840} INFO - DAG(s) 'example_branch_datetime_operator_2', 'example_branch_datetime_operator_3', 'example_branch_datetime_operator' retrieved from /Users/anikbhowmick/Python/Big_Data_Assignment/A02/airflow_env/lib/python3.11/site-packages/airflow/example_dags/example_branch_datetime_operator.py
[2024-02-27T11:21:00.399+0530] {logging_mixin.py:188} INFO - [2024-02-27T11:21:00.399+0530] {dag.py:3047} INFO - Sync 3 DAGs
[2024-02-27T11:21:00.404+0530] {logging_mixin.py:188} INFO - [2024-02-27T11:21:00.404+0530] {dag.py:3834} INFO - Setting next_dagrun for example_branch_datetime_operator to 2024-02-26 00:00:00+00:00, run_after=2024-02-27 00:00:00+00:00
[2024-02-27T11:21:00.405+0530] {logging_mixin.py:188} INFO - [2024-02-27T11:21:00.405+0530] {dag.py:3834} INFO - Setting next_dagrun for example_branch_datetime_operator_2 to 2024-02-26 00:00:00+00:00, run_after=2024-02-27 00:00:00+00:00
[2024-02-27T11:21:00.406+0530] {logging_mixin.py:188} INFO - [2024-02-27T11:21:00.406+0530] {dag.py:3834} INFO - Setting next_dagrun for example_branch_datetime_operator_3 to 2024-02-26 00:00:00+00:00, run_after=2024-02-27 00:00:00+00:00
[2024-02-27T11:21:00.412+0530] {processor.py:183} INFO - Processing /Users/anikbhowmick/Python/Big_Data_Assignment/A02/airflow_env/lib/python3.11/site-packages/airflow/example_dags/example_branch_datetime_operator.py took 0.073 seconds
[2024-02-27T11:25:13.940+0530] {processor.py:161} INFO - Started process (PID=3941) to work on /Users/anikbhowmick/Python/Big_Data_Assignment/A02/airflow_env/lib/python3.11/site-packages/airflow/example_dags/example_branch_datetime_operator.py
[2024-02-27T11:25:13.941+0530] {processor.py:830} INFO - Processing file /Users/anikbhowmick/Python/Big_Data_Assignment/A02/airflow_env/lib/python3.11/site-packages/airflow/example_dags/example_branch_datetime_operator.py for tasks to queue
[2024-02-27T11:25:13.941+0530] {logging_mixin.py:188} INFO - [2024-02-27T11:25:13.941+0530] {dagbag.py:540} INFO - Filling up the DagBag from /Users/anikbhowmick/Python/Big_Data_Assignment/A02/airflow_env/lib/python3.11/site-packages/airflow/example_dags/example_branch_datetime_operator.py
[2024-02-27T11:25:13.945+0530] {processor.py:840} INFO - DAG(s) 'example_branch_datetime_operator', 'example_branch_datetime_operator_2', 'example_branch_datetime_operator_3' retrieved from /Users/anikbhowmick/Python/Big_Data_Assignment/A02/airflow_env/lib/python3.11/site-packages/airflow/example_dags/example_branch_datetime_operator.py
[2024-02-27T11:25:13.998+0530] {logging_mixin.py:188} INFO - [2024-02-27T11:25:13.997+0530] {dag.py:3047} INFO - Sync 3 DAGs
[2024-02-27T11:25:14.003+0530] {logging_mixin.py:188} INFO - [2024-02-27T11:25:14.003+0530] {dag.py:3834} INFO - Setting next_dagrun for example_branch_datetime_operator to 2024-02-26 00:00:00+00:00, run_after=2024-02-27 00:00:00+00:00
[2024-02-27T11:25:14.004+0530] {logging_mixin.py:188} INFO - [2024-02-27T11:25:14.004+0530] {dag.py:3834} INFO - Setting next_dagrun for example_branch_datetime_operator_2 to 2024-02-26 00:00:00+00:00, run_after=2024-02-27 00:00:00+00:00
[2024-02-27T11:25:14.005+0530] {logging_mixin.py:188} INFO - [2024-02-27T11:25:14.005+0530] {dag.py:3834} INFO - Setting next_dagrun for example_branch_datetime_operator_3 to 2024-02-26 00:00:00+00:00, run_after=2024-02-27 00:00:00+00:00
[2024-02-27T11:25:14.010+0530] {processor.py:183} INFO - Processing /Users/anikbhowmick/Python/Big_Data_Assignment/A02/airflow_env/lib/python3.11/site-packages/airflow/example_dags/example_branch_datetime_operator.py took 0.071 seconds
[2024-02-27T11:26:57.566+0530] {processor.py:161} INFO - Started process (PID=4013) to work on /Users/anikbhowmick/Python/Big_Data_Assignment/A02/airflow_env/lib/python3.11/site-packages/airflow/example_dags/example_branch_datetime_operator.py
[2024-02-27T11:26:57.567+0530] {processor.py:830} INFO - Processing file /Users/anikbhowmick/Python/Big_Data_Assignment/A02/airflow_env/lib/python3.11/site-packages/airflow/example_dags/example_branch_datetime_operator.py for tasks to queue
[2024-02-27T11:26:57.568+0530] {logging_mixin.py:188} INFO - [2024-02-27T11:26:57.568+0530] {dagbag.py:540} INFO - Filling up the DagBag from /Users/anikbhowmick/Python/Big_Data_Assignment/A02/airflow_env/lib/python3.11/site-packages/airflow/example_dags/example_branch_datetime_operator.py
[2024-02-27T11:26:57.572+0530] {processor.py:840} INFO - DAG(s) 'example_branch_datetime_operator_3', 'example_branch_datetime_operator_2', 'example_branch_datetime_operator' retrieved from /Users/anikbhowmick/Python/Big_Data_Assignment/A02/airflow_env/lib/python3.11/site-packages/airflow/example_dags/example_branch_datetime_operator.py
[2024-02-27T11:26:57.625+0530] {logging_mixin.py:188} INFO - [2024-02-27T11:26:57.625+0530] {dag.py:3047} INFO - Sync 3 DAGs
[2024-02-27T11:26:57.630+0530] {logging_mixin.py:188} INFO - [2024-02-27T11:26:57.630+0530] {dag.py:3834} INFO - Setting next_dagrun for example_branch_datetime_operator to 2024-02-26 00:00:00+00:00, run_after=2024-02-27 00:00:00+00:00
[2024-02-27T11:26:57.632+0530] {logging_mixin.py:188} INFO - [2024-02-27T11:26:57.632+0530] {dag.py:3834} INFO - Setting next_dagrun for example_branch_datetime_operator_2 to 2024-02-26 00:00:00+00:00, run_after=2024-02-27 00:00:00+00:00
[2024-02-27T11:26:57.632+0530] {logging_mixin.py:188} INFO - [2024-02-27T11:26:57.632+0530] {dag.py:3834} INFO - Setting next_dagrun for example_branch_datetime_operator_3 to 2024-02-26 00:00:00+00:00, run_after=2024-02-27 00:00:00+00:00
[2024-02-27T11:26:57.638+0530] {processor.py:183} INFO - Processing /Users/anikbhowmick/Python/Big_Data_Assignment/A02/airflow_env/lib/python3.11/site-packages/airflow/example_dags/example_branch_datetime_operator.py took 0.072 seconds
[2024-02-27T11:29:07.013+0530] {processor.py:161} INFO - Started process (PID=4169) to work on /Users/anikbhowmick/Python/Big_Data_Assignment/A02/airflow_env/lib/python3.11/site-packages/airflow/example_dags/example_branch_datetime_operator.py
[2024-02-27T11:29:07.014+0530] {processor.py:830} INFO - Processing file /Users/anikbhowmick/Python/Big_Data_Assignment/A02/airflow_env/lib/python3.11/site-packages/airflow/example_dags/example_branch_datetime_operator.py for tasks to queue
[2024-02-27T11:29:07.014+0530] {logging_mixin.py:188} INFO - [2024-02-27T11:29:07.014+0530] {dagbag.py:540} INFO - Filling up the DagBag from /Users/anikbhowmick/Python/Big_Data_Assignment/A02/airflow_env/lib/python3.11/site-packages/airflow/example_dags/example_branch_datetime_operator.py
[2024-02-27T11:29:07.018+0530] {processor.py:840} INFO - DAG(s) 'example_branch_datetime_operator_3', 'example_branch_datetime_operator_2', 'example_branch_datetime_operator' retrieved from /Users/anikbhowmick/Python/Big_Data_Assignment/A02/airflow_env/lib/python3.11/site-packages/airflow/example_dags/example_branch_datetime_operator.py
[2024-02-27T11:29:07.070+0530] {logging_mixin.py:188} INFO - [2024-02-27T11:29:07.070+0530] {dag.py:3047} INFO - Sync 3 DAGs
[2024-02-27T11:29:07.075+0530] {logging_mixin.py:188} INFO - [2024-02-27T11:29:07.075+0530] {dag.py:3834} INFO - Setting next_dagrun for example_branch_datetime_operator to 2024-02-26 00:00:00+00:00, run_after=2024-02-27 00:00:00+00:00
[2024-02-27T11:29:07.077+0530] {logging_mixin.py:188} INFO - [2024-02-27T11:29:07.077+0530] {dag.py:3834} INFO - Setting next_dagrun for example_branch_datetime_operator_2 to 2024-02-26 00:00:00+00:00, run_after=2024-02-27 00:00:00+00:00
[2024-02-27T11:29:07.077+0530] {logging_mixin.py:188} INFO - [2024-02-27T11:29:07.077+0530] {dag.py:3834} INFO - Setting next_dagrun for example_branch_datetime_operator_3 to 2024-02-26 00:00:00+00:00, run_after=2024-02-27 00:00:00+00:00
[2024-02-27T11:29:07.083+0530] {processor.py:183} INFO - Processing /Users/anikbhowmick/Python/Big_Data_Assignment/A02/airflow_env/lib/python3.11/site-packages/airflow/example_dags/example_branch_datetime_operator.py took 0.070 seconds
[2024-02-27T11:30:52.575+0530] {processor.py:161} INFO - Started process (PID=4241) to work on /Users/anikbhowmick/Python/Big_Data_Assignment/A02/airflow_env/lib/python3.11/site-packages/airflow/example_dags/example_branch_datetime_operator.py
[2024-02-27T11:30:52.576+0530] {processor.py:830} INFO - Processing file /Users/anikbhowmick/Python/Big_Data_Assignment/A02/airflow_env/lib/python3.11/site-packages/airflow/example_dags/example_branch_datetime_operator.py for tasks to queue
[2024-02-27T11:30:52.576+0530] {logging_mixin.py:188} INFO - [2024-02-27T11:30:52.576+0530] {dagbag.py:540} INFO - Filling up the DagBag from /Users/anikbhowmick/Python/Big_Data_Assignment/A02/airflow_env/lib/python3.11/site-packages/airflow/example_dags/example_branch_datetime_operator.py
[2024-02-27T11:30:52.580+0530] {processor.py:840} INFO - DAG(s) 'example_branch_datetime_operator_2', 'example_branch_datetime_operator', 'example_branch_datetime_operator_3' retrieved from /Users/anikbhowmick/Python/Big_Data_Assignment/A02/airflow_env/lib/python3.11/site-packages/airflow/example_dags/example_branch_datetime_operator.py
[2024-02-27T11:30:52.632+0530] {logging_mixin.py:188} INFO - [2024-02-27T11:30:52.632+0530] {dag.py:3047} INFO - Sync 3 DAGs
[2024-02-27T11:30:52.637+0530] {logging_mixin.py:188} INFO - [2024-02-27T11:30:52.637+0530] {dag.py:3834} INFO - Setting next_dagrun for example_branch_datetime_operator to 2024-02-26 00:00:00+00:00, run_after=2024-02-27 00:00:00+00:00
[2024-02-27T11:30:52.638+0530] {logging_mixin.py:188} INFO - [2024-02-27T11:30:52.638+0530] {dag.py:3834} INFO - Setting next_dagrun for example_branch_datetime_operator_2 to 2024-02-26 00:00:00+00:00, run_after=2024-02-27 00:00:00+00:00
[2024-02-27T11:30:52.639+0530] {logging_mixin.py:188} INFO - [2024-02-27T11:30:52.639+0530] {dag.py:3834} INFO - Setting next_dagrun for example_branch_datetime_operator_3 to 2024-02-26 00:00:00+00:00, run_after=2024-02-27 00:00:00+00:00
[2024-02-27T11:30:52.644+0530] {processor.py:183} INFO - Processing /Users/anikbhowmick/Python/Big_Data_Assignment/A02/airflow_env/lib/python3.11/site-packages/airflow/example_dags/example_branch_datetime_operator.py took 0.069 seconds
[2024-02-27T11:32:36.215+0530] {processor.py:161} INFO - Started process (PID=4315) to work on /Users/anikbhowmick/Python/Big_Data_Assignment/A02/airflow_env/lib/python3.11/site-packages/airflow/example_dags/example_branch_datetime_operator.py
[2024-02-27T11:32:36.215+0530] {processor.py:830} INFO - Processing file /Users/anikbhowmick/Python/Big_Data_Assignment/A02/airflow_env/lib/python3.11/site-packages/airflow/example_dags/example_branch_datetime_operator.py for tasks to queue
[2024-02-27T11:32:36.216+0530] {logging_mixin.py:188} INFO - [2024-02-27T11:32:36.215+0530] {dagbag.py:540} INFO - Filling up the DagBag from /Users/anikbhowmick/Python/Big_Data_Assignment/A02/airflow_env/lib/python3.11/site-packages/airflow/example_dags/example_branch_datetime_operator.py
[2024-02-27T11:32:36.221+0530] {processor.py:840} INFO - DAG(s) 'example_branch_datetime_operator', 'example_branch_datetime_operator_3', 'example_branch_datetime_operator_2' retrieved from /Users/anikbhowmick/Python/Big_Data_Assignment/A02/airflow_env/lib/python3.11/site-packages/airflow/example_dags/example_branch_datetime_operator.py
[2024-02-27T11:32:36.276+0530] {logging_mixin.py:188} INFO - [2024-02-27T11:32:36.276+0530] {dag.py:3047} INFO - Sync 3 DAGs
[2024-02-27T11:32:36.281+0530] {logging_mixin.py:188} INFO - [2024-02-27T11:32:36.281+0530] {dag.py:3834} INFO - Setting next_dagrun for example_branch_datetime_operator to 2024-02-26 00:00:00+00:00, run_after=2024-02-27 00:00:00+00:00
[2024-02-27T11:32:36.283+0530] {logging_mixin.py:188} INFO - [2024-02-27T11:32:36.283+0530] {dag.py:3834} INFO - Setting next_dagrun for example_branch_datetime_operator_2 to 2024-02-26 00:00:00+00:00, run_after=2024-02-27 00:00:00+00:00
[2024-02-27T11:32:36.283+0530] {logging_mixin.py:188} INFO - [2024-02-27T11:32:36.283+0530] {dag.py:3834} INFO - Setting next_dagrun for example_branch_datetime_operator_3 to 2024-02-26 00:00:00+00:00, run_after=2024-02-27 00:00:00+00:00
[2024-02-27T11:32:36.290+0530] {processor.py:183} INFO - Processing /Users/anikbhowmick/Python/Big_Data_Assignment/A02/airflow_env/lib/python3.11/site-packages/airflow/example_dags/example_branch_datetime_operator.py took 0.075 seconds
[2024-02-27T11:34:46.949+0530] {processor.py:161} INFO - Started process (PID=4460) to work on /Users/anikbhowmick/Python/Big_Data_Assignment/A02/airflow_env/lib/python3.11/site-packages/airflow/example_dags/example_branch_datetime_operator.py
[2024-02-27T11:34:46.950+0530] {processor.py:830} INFO - Processing file /Users/anikbhowmick/Python/Big_Data_Assignment/A02/airflow_env/lib/python3.11/site-packages/airflow/example_dags/example_branch_datetime_operator.py for tasks to queue
[2024-02-27T11:34:46.950+0530] {logging_mixin.py:188} INFO - [2024-02-27T11:34:46.950+0530] {dagbag.py:540} INFO - Filling up the DagBag from /Users/anikbhowmick/Python/Big_Data_Assignment/A02/airflow_env/lib/python3.11/site-packages/airflow/example_dags/example_branch_datetime_operator.py
[2024-02-27T11:34:46.954+0530] {processor.py:840} INFO - DAG(s) 'example_branch_datetime_operator_3', 'example_branch_datetime_operator', 'example_branch_datetime_operator_2' retrieved from /Users/anikbhowmick/Python/Big_Data_Assignment/A02/airflow_env/lib/python3.11/site-packages/airflow/example_dags/example_branch_datetime_operator.py
[2024-02-27T11:34:47.005+0530] {logging_mixin.py:188} INFO - [2024-02-27T11:34:47.005+0530] {dag.py:3047} INFO - Sync 3 DAGs
[2024-02-27T11:34:47.011+0530] {logging_mixin.py:188} INFO - [2024-02-27T11:34:47.011+0530] {dag.py:3834} INFO - Setting next_dagrun for example_branch_datetime_operator to 2024-02-26 00:00:00+00:00, run_after=2024-02-27 00:00:00+00:00
[2024-02-27T11:34:47.012+0530] {logging_mixin.py:188} INFO - [2024-02-27T11:34:47.012+0530] {dag.py:3834} INFO - Setting next_dagrun for example_branch_datetime_operator_2 to 2024-02-26 00:00:00+00:00, run_after=2024-02-27 00:00:00+00:00
[2024-02-27T11:34:47.013+0530] {logging_mixin.py:188} INFO - [2024-02-27T11:34:47.013+0530] {dag.py:3834} INFO - Setting next_dagrun for example_branch_datetime_operator_3 to 2024-02-26 00:00:00+00:00, run_after=2024-02-27 00:00:00+00:00
[2024-02-27T11:34:47.018+0530] {processor.py:183} INFO - Processing /Users/anikbhowmick/Python/Big_Data_Assignment/A02/airflow_env/lib/python3.11/site-packages/airflow/example_dags/example_branch_datetime_operator.py took 0.070 seconds
[2024-02-27T11:36:27.479+0530] {processor.py:161} INFO - Started process (PID=4529) to work on /Users/anikbhowmick/Python/Big_Data_Assignment/A02/airflow_env/lib/python3.11/site-packages/airflow/example_dags/example_branch_datetime_operator.py
[2024-02-27T11:36:27.480+0530] {processor.py:830} INFO - Processing file /Users/anikbhowmick/Python/Big_Data_Assignment/A02/airflow_env/lib/python3.11/site-packages/airflow/example_dags/example_branch_datetime_operator.py for tasks to queue
[2024-02-27T11:36:27.480+0530] {logging_mixin.py:188} INFO - [2024-02-27T11:36:27.480+0530] {dagbag.py:540} INFO - Filling up the DagBag from /Users/anikbhowmick/Python/Big_Data_Assignment/A02/airflow_env/lib/python3.11/site-packages/airflow/example_dags/example_branch_datetime_operator.py
[2024-02-27T11:36:27.485+0530] {processor.py:840} INFO - DAG(s) 'example_branch_datetime_operator_2', 'example_branch_datetime_operator_3', 'example_branch_datetime_operator' retrieved from /Users/anikbhowmick/Python/Big_Data_Assignment/A02/airflow_env/lib/python3.11/site-packages/airflow/example_dags/example_branch_datetime_operator.py
[2024-02-27T11:36:27.536+0530] {logging_mixin.py:188} INFO - [2024-02-27T11:36:27.536+0530] {dag.py:3047} INFO - Sync 3 DAGs
[2024-02-27T11:36:27.542+0530] {logging_mixin.py:188} INFO - [2024-02-27T11:36:27.542+0530] {dag.py:3834} INFO - Setting next_dagrun for example_branch_datetime_operator to 2024-02-26 00:00:00+00:00, run_after=2024-02-27 00:00:00+00:00
[2024-02-27T11:36:27.543+0530] {logging_mixin.py:188} INFO - [2024-02-27T11:36:27.543+0530] {dag.py:3834} INFO - Setting next_dagrun for example_branch_datetime_operator_2 to 2024-02-26 00:00:00+00:00, run_after=2024-02-27 00:00:00+00:00
[2024-02-27T11:36:27.544+0530] {logging_mixin.py:188} INFO - [2024-02-27T11:36:27.544+0530] {dag.py:3834} INFO - Setting next_dagrun for example_branch_datetime_operator_3 to 2024-02-26 00:00:00+00:00, run_after=2024-02-27 00:00:00+00:00
[2024-02-27T11:36:27.549+0530] {processor.py:183} INFO - Processing /Users/anikbhowmick/Python/Big_Data_Assignment/A02/airflow_env/lib/python3.11/site-packages/airflow/example_dags/example_branch_datetime_operator.py took 0.071 seconds
[2024-02-27T11:40:22.848+0530] {processor.py:161} INFO - Started process (PID=4682) to work on /Users/anikbhowmick/Python/Big_Data_Assignment/A02/airflow_env/lib/python3.11/site-packages/airflow/example_dags/example_branch_datetime_operator.py
[2024-02-27T11:40:22.849+0530] {processor.py:830} INFO - Processing file /Users/anikbhowmick/Python/Big_Data_Assignment/A02/airflow_env/lib/python3.11/site-packages/airflow/example_dags/example_branch_datetime_operator.py for tasks to queue
[2024-02-27T11:40:22.850+0530] {logging_mixin.py:188} INFO - [2024-02-27T11:40:22.850+0530] {dagbag.py:540} INFO - Filling up the DagBag from /Users/anikbhowmick/Python/Big_Data_Assignment/A02/airflow_env/lib/python3.11/site-packages/airflow/example_dags/example_branch_datetime_operator.py
[2024-02-27T11:40:22.854+0530] {processor.py:840} INFO - DAG(s) 'example_branch_datetime_operator', 'example_branch_datetime_operator_3', 'example_branch_datetime_operator_2' retrieved from /Users/anikbhowmick/Python/Big_Data_Assignment/A02/airflow_env/lib/python3.11/site-packages/airflow/example_dags/example_branch_datetime_operator.py
[2024-02-27T11:40:22.914+0530] {logging_mixin.py:188} INFO - [2024-02-27T11:40:22.914+0530] {dag.py:3047} INFO - Sync 3 DAGs
[2024-02-27T11:40:22.920+0530] {logging_mixin.py:188} INFO - [2024-02-27T11:40:22.919+0530] {dag.py:3834} INFO - Setting next_dagrun for example_branch_datetime_operator to 2024-02-26 00:00:00+00:00, run_after=2024-02-27 00:00:00+00:00
[2024-02-27T11:40:22.921+0530] {logging_mixin.py:188} INFO - [2024-02-27T11:40:22.921+0530] {dag.py:3834} INFO - Setting next_dagrun for example_branch_datetime_operator_2 to 2024-02-26 00:00:00+00:00, run_after=2024-02-27 00:00:00+00:00
[2024-02-27T11:40:22.921+0530] {logging_mixin.py:188} INFO - [2024-02-27T11:40:22.921+0530] {dag.py:3834} INFO - Setting next_dagrun for example_branch_datetime_operator_3 to 2024-02-26 00:00:00+00:00, run_after=2024-02-27 00:00:00+00:00
[2024-02-27T11:40:22.927+0530] {processor.py:183} INFO - Processing /Users/anikbhowmick/Python/Big_Data_Assignment/A02/airflow_env/lib/python3.11/site-packages/airflow/example_dags/example_branch_datetime_operator.py took 0.080 seconds
[2024-02-27T11:42:24.411+0530] {processor.py:161} INFO - Started process (PID=4761) to work on /Users/anikbhowmick/Python/Big_Data_Assignment/A02/airflow_env/lib/python3.11/site-packages/airflow/example_dags/example_branch_datetime_operator.py
[2024-02-27T11:42:24.411+0530] {processor.py:830} INFO - Processing file /Users/anikbhowmick/Python/Big_Data_Assignment/A02/airflow_env/lib/python3.11/site-packages/airflow/example_dags/example_branch_datetime_operator.py for tasks to queue
[2024-02-27T11:42:24.412+0530] {logging_mixin.py:188} INFO - [2024-02-27T11:42:24.411+0530] {dagbag.py:540} INFO - Filling up the DagBag from /Users/anikbhowmick/Python/Big_Data_Assignment/A02/airflow_env/lib/python3.11/site-packages/airflow/example_dags/example_branch_datetime_operator.py
[2024-02-27T11:42:24.415+0530] {processor.py:840} INFO - DAG(s) 'example_branch_datetime_operator_2', 'example_branch_datetime_operator_3', 'example_branch_datetime_operator' retrieved from /Users/anikbhowmick/Python/Big_Data_Assignment/A02/airflow_env/lib/python3.11/site-packages/airflow/example_dags/example_branch_datetime_operator.py
[2024-02-27T11:42:24.466+0530] {logging_mixin.py:188} INFO - [2024-02-27T11:42:24.466+0530] {dag.py:3047} INFO - Sync 3 DAGs
[2024-02-27T11:42:24.472+0530] {logging_mixin.py:188} INFO - [2024-02-27T11:42:24.472+0530] {dag.py:3834} INFO - Setting next_dagrun for example_branch_datetime_operator to 2024-02-26 00:00:00+00:00, run_after=2024-02-27 00:00:00+00:00
[2024-02-27T11:42:24.473+0530] {logging_mixin.py:188} INFO - [2024-02-27T11:42:24.473+0530] {dag.py:3834} INFO - Setting next_dagrun for example_branch_datetime_operator_2 to 2024-02-26 00:00:00+00:00, run_after=2024-02-27 00:00:00+00:00
[2024-02-27T11:42:24.474+0530] {logging_mixin.py:188} INFO - [2024-02-27T11:42:24.474+0530] {dag.py:3834} INFO - Setting next_dagrun for example_branch_datetime_operator_3 to 2024-02-26 00:00:00+00:00, run_after=2024-02-27 00:00:00+00:00
[2024-02-27T11:42:24.479+0530] {processor.py:183} INFO - Processing /Users/anikbhowmick/Python/Big_Data_Assignment/A02/airflow_env/lib/python3.11/site-packages/airflow/example_dags/example_branch_datetime_operator.py took 0.069 seconds
