[2024-02-27T10:46:06.956+0530] {processor.py:161} INFO - Started process (PID=1567) to work on /Users/anikbhowmick/Python/Big_Data_Assignment/A02/airflow_env/lib/python3.11/site-packages/airflow/example_dags/example_skip_dag.py
[2024-02-27T10:46:06.956+0530] {processor.py:830} INFO - Processing file /Users/anikbhowmick/Python/Big_Data_Assignment/A02/airflow_env/lib/python3.11/site-packages/airflow/example_dags/example_skip_dag.py for tasks to queue
[2024-02-27T10:46:06.956+0530] {logging_mixin.py:188} INFO - [2024-02-27T10:46:06.956+0530] {dagbag.py:540} INFO - Filling up the DagBag from /Users/anikbhowmick/Python/Big_Data_Assignment/A02/airflow_env/lib/python3.11/site-packages/airflow/example_dags/example_skip_dag.py
[2024-02-27T10:46:06.959+0530] {processor.py:840} INFO - DAG(s) 'example_skip_dag' retrieved from /Users/anikbhowmick/Python/Big_Data_Assignment/A02/airflow_env/lib/python3.11/site-packages/airflow/example_dags/example_skip_dag.py
[2024-02-27T10:46:07.014+0530] {logging_mixin.py:188} INFO - [2024-02-27T10:46:07.014+0530] {dag.py:3047} INFO - Sync 1 DAGs
[2024-02-27T10:46:07.020+0530] {logging_mixin.py:188} INFO - [2024-02-27T10:46:07.020+0530] {dag.py:3834} INFO - Setting next_dagrun for example_skip_dag to 2024-02-26 00:00:00+00:00, run_after=2024-02-27 00:00:00+00:00
[2024-02-27T10:46:07.026+0530] {processor.py:183} INFO - Processing /Users/anikbhowmick/Python/Big_Data_Assignment/A02/airflow_env/lib/python3.11/site-packages/airflow/example_dags/example_skip_dag.py took 0.071 seconds
[2024-02-27T10:47:39.981+0530] {processor.py:161} INFO - Started process (PID=1673) to work on /Users/anikbhowmick/Python/Big_Data_Assignment/A02/airflow_env/lib/python3.11/site-packages/airflow/example_dags/example_skip_dag.py
[2024-02-27T10:47:39.982+0530] {processor.py:830} INFO - Processing file /Users/anikbhowmick/Python/Big_Data_Assignment/A02/airflow_env/lib/python3.11/site-packages/airflow/example_dags/example_skip_dag.py for tasks to queue
[2024-02-27T10:47:39.983+0530] {logging_mixin.py:188} INFO - [2024-02-27T10:47:39.982+0530] {dagbag.py:540} INFO - Filling up the DagBag from /Users/anikbhowmick/Python/Big_Data_Assignment/A02/airflow_env/lib/python3.11/site-packages/airflow/example_dags/example_skip_dag.py
[2024-02-27T10:47:39.985+0530] {processor.py:840} INFO - DAG(s) 'example_skip_dag' retrieved from /Users/anikbhowmick/Python/Big_Data_Assignment/A02/airflow_env/lib/python3.11/site-packages/airflow/example_dags/example_skip_dag.py
[2024-02-27T10:47:40.037+0530] {logging_mixin.py:188} INFO - [2024-02-27T10:47:40.037+0530] {dag.py:3047} INFO - Sync 1 DAGs
[2024-02-27T10:47:40.042+0530] {logging_mixin.py:188} INFO - [2024-02-27T10:47:40.042+0530] {dag.py:3834} INFO - Setting next_dagrun for example_skip_dag to 2024-02-26 00:00:00+00:00, run_after=2024-02-27 00:00:00+00:00
[2024-02-27T10:47:40.048+0530] {processor.py:183} INFO - Processing /Users/anikbhowmick/Python/Big_Data_Assignment/A02/airflow_env/lib/python3.11/site-packages/airflow/example_dags/example_skip_dag.py took 0.068 seconds
[2024-02-27T10:49:38.663+0530] {processor.py:161} INFO - Started process (PID=1765) to work on /Users/anikbhowmick/Python/Big_Data_Assignment/A02/airflow_env/lib/python3.11/site-packages/airflow/example_dags/example_skip_dag.py
[2024-02-27T10:49:38.664+0530] {processor.py:830} INFO - Processing file /Users/anikbhowmick/Python/Big_Data_Assignment/A02/airflow_env/lib/python3.11/site-packages/airflow/example_dags/example_skip_dag.py for tasks to queue
[2024-02-27T10:49:38.664+0530] {logging_mixin.py:188} INFO - [2024-02-27T10:49:38.664+0530] {dagbag.py:540} INFO - Filling up the DagBag from /Users/anikbhowmick/Python/Big_Data_Assignment/A02/airflow_env/lib/python3.11/site-packages/airflow/example_dags/example_skip_dag.py
[2024-02-27T10:49:38.667+0530] {processor.py:840} INFO - DAG(s) 'example_skip_dag' retrieved from /Users/anikbhowmick/Python/Big_Data_Assignment/A02/airflow_env/lib/python3.11/site-packages/airflow/example_dags/example_skip_dag.py
[2024-02-27T10:49:38.718+0530] {logging_mixin.py:188} INFO - [2024-02-27T10:49:38.718+0530] {dag.py:3047} INFO - Sync 1 DAGs
[2024-02-27T10:49:38.723+0530] {logging_mixin.py:188} INFO - [2024-02-27T10:49:38.723+0530] {dag.py:3834} INFO - Setting next_dagrun for example_skip_dag to 2024-02-26 00:00:00+00:00, run_after=2024-02-27 00:00:00+00:00
[2024-02-27T10:49:38.729+0530] {processor.py:183} INFO - Processing /Users/anikbhowmick/Python/Big_Data_Assignment/A02/airflow_env/lib/python3.11/site-packages/airflow/example_dags/example_skip_dag.py took 0.066 seconds
[2024-02-27T10:52:49.824+0530] {processor.py:161} INFO - Started process (PID=1982) to work on /Users/anikbhowmick/Python/Big_Data_Assignment/A02/airflow_env/lib/python3.11/site-packages/airflow/example_dags/example_skip_dag.py
[2024-02-27T10:52:49.825+0530] {processor.py:830} INFO - Processing file /Users/anikbhowmick/Python/Big_Data_Assignment/A02/airflow_env/lib/python3.11/site-packages/airflow/example_dags/example_skip_dag.py for tasks to queue
[2024-02-27T10:52:49.825+0530] {logging_mixin.py:188} INFO - [2024-02-27T10:52:49.825+0530] {dagbag.py:540} INFO - Filling up the DagBag from /Users/anikbhowmick/Python/Big_Data_Assignment/A02/airflow_env/lib/python3.11/site-packages/airflow/example_dags/example_skip_dag.py
[2024-02-27T10:52:49.828+0530] {processor.py:840} INFO - DAG(s) 'example_skip_dag' retrieved from /Users/anikbhowmick/Python/Big_Data_Assignment/A02/airflow_env/lib/python3.11/site-packages/airflow/example_dags/example_skip_dag.py
[2024-02-27T10:52:49.879+0530] {logging_mixin.py:188} INFO - [2024-02-27T10:52:49.879+0530] {dag.py:3047} INFO - Sync 1 DAGs
[2024-02-27T10:52:49.884+0530] {logging_mixin.py:188} INFO - [2024-02-27T10:52:49.884+0530] {dag.py:3834} INFO - Setting next_dagrun for example_skip_dag to 2024-02-26 00:00:00+00:00, run_after=2024-02-27 00:00:00+00:00
[2024-02-27T10:52:49.890+0530] {processor.py:183} INFO - Processing /Users/anikbhowmick/Python/Big_Data_Assignment/A02/airflow_env/lib/python3.11/site-packages/airflow/example_dags/example_skip_dag.py took 0.067 seconds
[2024-02-27T10:54:10.524+0530] {processor.py:161} INFO - Started process (PID=2070) to work on /Users/anikbhowmick/Python/Big_Data_Assignment/A02/airflow_env/lib/python3.11/site-packages/airflow/example_dags/example_skip_dag.py
[2024-02-27T10:54:10.525+0530] {processor.py:830} INFO - Processing file /Users/anikbhowmick/Python/Big_Data_Assignment/A02/airflow_env/lib/python3.11/site-packages/airflow/example_dags/example_skip_dag.py for tasks to queue
[2024-02-27T10:54:10.525+0530] {logging_mixin.py:188} INFO - [2024-02-27T10:54:10.525+0530] {dagbag.py:540} INFO - Filling up the DagBag from /Users/anikbhowmick/Python/Big_Data_Assignment/A02/airflow_env/lib/python3.11/site-packages/airflow/example_dags/example_skip_dag.py
[2024-02-27T10:54:10.528+0530] {processor.py:840} INFO - DAG(s) 'example_skip_dag' retrieved from /Users/anikbhowmick/Python/Big_Data_Assignment/A02/airflow_env/lib/python3.11/site-packages/airflow/example_dags/example_skip_dag.py
[2024-02-27T10:54:10.582+0530] {logging_mixin.py:188} INFO - [2024-02-27T10:54:10.581+0530] {dag.py:3047} INFO - Sync 1 DAGs
[2024-02-27T10:54:10.587+0530] {logging_mixin.py:188} INFO - [2024-02-27T10:54:10.587+0530] {dag.py:3834} INFO - Setting next_dagrun for example_skip_dag to 2024-02-26 00:00:00+00:00, run_after=2024-02-27 00:00:00+00:00
[2024-02-27T10:54:10.593+0530] {processor.py:183} INFO - Processing /Users/anikbhowmick/Python/Big_Data_Assignment/A02/airflow_env/lib/python3.11/site-packages/airflow/example_dags/example_skip_dag.py took 0.070 seconds
[2024-02-27T10:55:42.689+0530] {processor.py:161} INFO - Started process (PID=2208) to work on /Users/anikbhowmick/Python/Big_Data_Assignment/A02/airflow_env/lib/python3.11/site-packages/airflow/example_dags/example_skip_dag.py
[2024-02-27T10:55:42.690+0530] {processor.py:830} INFO - Processing file /Users/anikbhowmick/Python/Big_Data_Assignment/A02/airflow_env/lib/python3.11/site-packages/airflow/example_dags/example_skip_dag.py for tasks to queue
[2024-02-27T10:55:42.690+0530] {logging_mixin.py:188} INFO - [2024-02-27T10:55:42.690+0530] {dagbag.py:540} INFO - Filling up the DagBag from /Users/anikbhowmick/Python/Big_Data_Assignment/A02/airflow_env/lib/python3.11/site-packages/airflow/example_dags/example_skip_dag.py
[2024-02-27T10:55:42.693+0530] {processor.py:840} INFO - DAG(s) 'example_skip_dag' retrieved from /Users/anikbhowmick/Python/Big_Data_Assignment/A02/airflow_env/lib/python3.11/site-packages/airflow/example_dags/example_skip_dag.py
[2024-02-27T10:55:42.746+0530] {logging_mixin.py:188} INFO - [2024-02-27T10:55:42.745+0530] {dag.py:3047} INFO - Sync 1 DAGs
[2024-02-27T10:55:42.751+0530] {logging_mixin.py:188} INFO - [2024-02-27T10:55:42.751+0530] {dag.py:3834} INFO - Setting next_dagrun for example_skip_dag to 2024-02-26 00:00:00+00:00, run_after=2024-02-27 00:00:00+00:00
[2024-02-27T10:55:42.757+0530] {processor.py:183} INFO - Processing /Users/anikbhowmick/Python/Big_Data_Assignment/A02/airflow_env/lib/python3.11/site-packages/airflow/example_dags/example_skip_dag.py took 0.068 seconds
[2024-02-27T10:57:37.285+0530] {processor.py:161} INFO - Started process (PID=2359) to work on /Users/anikbhowmick/Python/Big_Data_Assignment/A02/airflow_env/lib/python3.11/site-packages/airflow/example_dags/example_skip_dag.py
[2024-02-27T10:57:37.286+0530] {processor.py:830} INFO - Processing file /Users/anikbhowmick/Python/Big_Data_Assignment/A02/airflow_env/lib/python3.11/site-packages/airflow/example_dags/example_skip_dag.py for tasks to queue
[2024-02-27T10:57:37.286+0530] {logging_mixin.py:188} INFO - [2024-02-27T10:57:37.286+0530] {dagbag.py:540} INFO - Filling up the DagBag from /Users/anikbhowmick/Python/Big_Data_Assignment/A02/airflow_env/lib/python3.11/site-packages/airflow/example_dags/example_skip_dag.py
[2024-02-27T10:57:37.288+0530] {processor.py:840} INFO - DAG(s) 'example_skip_dag' retrieved from /Users/anikbhowmick/Python/Big_Data_Assignment/A02/airflow_env/lib/python3.11/site-packages/airflow/example_dags/example_skip_dag.py
[2024-02-27T10:57:37.338+0530] {logging_mixin.py:188} INFO - [2024-02-27T10:57:37.338+0530] {dag.py:3047} INFO - Sync 1 DAGs
[2024-02-27T10:57:37.343+0530] {logging_mixin.py:188} INFO - [2024-02-27T10:57:37.343+0530] {dag.py:3834} INFO - Setting next_dagrun for example_skip_dag to 2024-02-26 00:00:00+00:00, run_after=2024-02-27 00:00:00+00:00
[2024-02-27T10:57:37.350+0530] {processor.py:183} INFO - Processing /Users/anikbhowmick/Python/Big_Data_Assignment/A02/airflow_env/lib/python3.11/site-packages/airflow/example_dags/example_skip_dag.py took 0.065 seconds
[2024-02-27T10:59:02.995+0530] {processor.py:161} INFO - Started process (PID=2451) to work on /Users/anikbhowmick/Python/Big_Data_Assignment/A02/airflow_env/lib/python3.11/site-packages/airflow/example_dags/example_skip_dag.py
[2024-02-27T10:59:02.997+0530] {processor.py:830} INFO - Processing file /Users/anikbhowmick/Python/Big_Data_Assignment/A02/airflow_env/lib/python3.11/site-packages/airflow/example_dags/example_skip_dag.py for tasks to queue
[2024-02-27T10:59:02.997+0530] {logging_mixin.py:188} INFO - [2024-02-27T10:59:02.997+0530] {dagbag.py:540} INFO - Filling up the DagBag from /Users/anikbhowmick/Python/Big_Data_Assignment/A02/airflow_env/lib/python3.11/site-packages/airflow/example_dags/example_skip_dag.py
[2024-02-27T10:59:03.000+0530] {processor.py:840} INFO - DAG(s) 'example_skip_dag' retrieved from /Users/anikbhowmick/Python/Big_Data_Assignment/A02/airflow_env/lib/python3.11/site-packages/airflow/example_dags/example_skip_dag.py
[2024-02-27T10:59:03.051+0530] {logging_mixin.py:188} INFO - [2024-02-27T10:59:03.051+0530] {dag.py:3047} INFO - Sync 1 DAGs
[2024-02-27T10:59:03.056+0530] {logging_mixin.py:188} INFO - [2024-02-27T10:59:03.056+0530] {dag.py:3834} INFO - Setting next_dagrun for example_skip_dag to 2024-02-26 00:00:00+00:00, run_after=2024-02-27 00:00:00+00:00
[2024-02-27T10:59:03.062+0530] {processor.py:183} INFO - Processing /Users/anikbhowmick/Python/Big_Data_Assignment/A02/airflow_env/lib/python3.11/site-packages/airflow/example_dags/example_skip_dag.py took 0.067 seconds
[2024-02-27T11:01:56.280+0530] {processor.py:161} INFO - Started process (PID=2677) to work on /Users/anikbhowmick/Python/Big_Data_Assignment/A02/airflow_env/lib/python3.11/site-packages/airflow/example_dags/example_skip_dag.py
[2024-02-27T11:01:56.281+0530] {processor.py:830} INFO - Processing file /Users/anikbhowmick/Python/Big_Data_Assignment/A02/airflow_env/lib/python3.11/site-packages/airflow/example_dags/example_skip_dag.py for tasks to queue
[2024-02-27T11:01:56.282+0530] {logging_mixin.py:188} INFO - [2024-02-27T11:01:56.282+0530] {dagbag.py:540} INFO - Filling up the DagBag from /Users/anikbhowmick/Python/Big_Data_Assignment/A02/airflow_env/lib/python3.11/site-packages/airflow/example_dags/example_skip_dag.py
[2024-02-27T11:01:56.284+0530] {processor.py:840} INFO - DAG(s) 'example_skip_dag' retrieved from /Users/anikbhowmick/Python/Big_Data_Assignment/A02/airflow_env/lib/python3.11/site-packages/airflow/example_dags/example_skip_dag.py
[2024-02-27T11:01:56.334+0530] {logging_mixin.py:188} INFO - [2024-02-27T11:01:56.334+0530] {dag.py:3047} INFO - Sync 1 DAGs
[2024-02-27T11:01:56.339+0530] {logging_mixin.py:188} INFO - [2024-02-27T11:01:56.339+0530] {dag.py:3834} INFO - Setting next_dagrun for example_skip_dag to 2024-02-26 00:00:00+00:00, run_after=2024-02-27 00:00:00+00:00
[2024-02-27T11:01:56.345+0530] {processor.py:183} INFO - Processing /Users/anikbhowmick/Python/Big_Data_Assignment/A02/airflow_env/lib/python3.11/site-packages/airflow/example_dags/example_skip_dag.py took 0.065 seconds
[2024-02-27T11:03:15.577+0530] {processor.py:161} INFO - Started process (PID=2766) to work on /Users/anikbhowmick/Python/Big_Data_Assignment/A02/airflow_env/lib/python3.11/site-packages/airflow/example_dags/example_skip_dag.py
[2024-02-27T11:03:15.578+0530] {processor.py:830} INFO - Processing file /Users/anikbhowmick/Python/Big_Data_Assignment/A02/airflow_env/lib/python3.11/site-packages/airflow/example_dags/example_skip_dag.py for tasks to queue
[2024-02-27T11:03:15.578+0530] {logging_mixin.py:188} INFO - [2024-02-27T11:03:15.578+0530] {dagbag.py:540} INFO - Filling up the DagBag from /Users/anikbhowmick/Python/Big_Data_Assignment/A02/airflow_env/lib/python3.11/site-packages/airflow/example_dags/example_skip_dag.py
[2024-02-27T11:03:15.581+0530] {processor.py:840} INFO - DAG(s) 'example_skip_dag' retrieved from /Users/anikbhowmick/Python/Big_Data_Assignment/A02/airflow_env/lib/python3.11/site-packages/airflow/example_dags/example_skip_dag.py
[2024-02-27T11:03:15.632+0530] {logging_mixin.py:188} INFO - [2024-02-27T11:03:15.632+0530] {dag.py:3047} INFO - Sync 1 DAGs
[2024-02-27T11:03:15.638+0530] {logging_mixin.py:188} INFO - [2024-02-27T11:03:15.638+0530] {dag.py:3834} INFO - Setting next_dagrun for example_skip_dag to 2024-02-26 00:00:00+00:00, run_after=2024-02-27 00:00:00+00:00
[2024-02-27T11:03:15.644+0530] {processor.py:183} INFO - Processing /Users/anikbhowmick/Python/Big_Data_Assignment/A02/airflow_env/lib/python3.11/site-packages/airflow/example_dags/example_skip_dag.py took 0.067 seconds
[2024-02-27T11:04:59.484+0530] {processor.py:161} INFO - Started process (PID=2875) to work on /Users/anikbhowmick/Python/Big_Data_Assignment/A02/airflow_env/lib/python3.11/site-packages/airflow/example_dags/example_skip_dag.py
[2024-02-27T11:04:59.485+0530] {processor.py:830} INFO - Processing file /Users/anikbhowmick/Python/Big_Data_Assignment/A02/airflow_env/lib/python3.11/site-packages/airflow/example_dags/example_skip_dag.py for tasks to queue
[2024-02-27T11:04:59.486+0530] {logging_mixin.py:188} INFO - [2024-02-27T11:04:59.486+0530] {dagbag.py:540} INFO - Filling up the DagBag from /Users/anikbhowmick/Python/Big_Data_Assignment/A02/airflow_env/lib/python3.11/site-packages/airflow/example_dags/example_skip_dag.py
[2024-02-27T11:04:59.488+0530] {processor.py:840} INFO - DAG(s) 'example_skip_dag' retrieved from /Users/anikbhowmick/Python/Big_Data_Assignment/A02/airflow_env/lib/python3.11/site-packages/airflow/example_dags/example_skip_dag.py
[2024-02-27T11:04:59.538+0530] {logging_mixin.py:188} INFO - [2024-02-27T11:04:59.538+0530] {dag.py:3047} INFO - Sync 1 DAGs
[2024-02-27T11:04:59.544+0530] {logging_mixin.py:188} INFO - [2024-02-27T11:04:59.543+0530] {dag.py:3834} INFO - Setting next_dagrun for example_skip_dag to 2024-02-26 00:00:00+00:00, run_after=2024-02-27 00:00:00+00:00
[2024-02-27T11:04:59.550+0530] {processor.py:183} INFO - Processing /Users/anikbhowmick/Python/Big_Data_Assignment/A02/airflow_env/lib/python3.11/site-packages/airflow/example_dags/example_skip_dag.py took 0.066 seconds
[2024-02-27T11:06:47.087+0530] {processor.py:161} INFO - Started process (PID=2957) to work on /Users/anikbhowmick/Python/Big_Data_Assignment/A02/airflow_env/lib/python3.11/site-packages/airflow/example_dags/example_skip_dag.py
[2024-02-27T11:06:47.088+0530] {processor.py:830} INFO - Processing file /Users/anikbhowmick/Python/Big_Data_Assignment/A02/airflow_env/lib/python3.11/site-packages/airflow/example_dags/example_skip_dag.py for tasks to queue
[2024-02-27T11:06:47.088+0530] {logging_mixin.py:188} INFO - [2024-02-27T11:06:47.088+0530] {dagbag.py:540} INFO - Filling up the DagBag from /Users/anikbhowmick/Python/Big_Data_Assignment/A02/airflow_env/lib/python3.11/site-packages/airflow/example_dags/example_skip_dag.py
[2024-02-27T11:06:47.091+0530] {processor.py:840} INFO - DAG(s) 'example_skip_dag' retrieved from /Users/anikbhowmick/Python/Big_Data_Assignment/A02/airflow_env/lib/python3.11/site-packages/airflow/example_dags/example_skip_dag.py
[2024-02-27T11:06:47.141+0530] {logging_mixin.py:188} INFO - [2024-02-27T11:06:47.141+0530] {dag.py:3047} INFO - Sync 1 DAGs
[2024-02-27T11:06:47.146+0530] {logging_mixin.py:188} INFO - [2024-02-27T11:06:47.146+0530] {dag.py:3834} INFO - Setting next_dagrun for example_skip_dag to 2024-02-26 00:00:00+00:00, run_after=2024-02-27 00:00:00+00:00
[2024-02-27T11:06:47.152+0530] {processor.py:183} INFO - Processing /Users/anikbhowmick/Python/Big_Data_Assignment/A02/airflow_env/lib/python3.11/site-packages/airflow/example_dags/example_skip_dag.py took 0.066 seconds
[2024-02-27T11:08:25.204+0530] {processor.py:161} INFO - Started process (PID=3075) to work on /Users/anikbhowmick/Python/Big_Data_Assignment/A02/airflow_env/lib/python3.11/site-packages/airflow/example_dags/example_skip_dag.py
[2024-02-27T11:08:25.204+0530] {processor.py:830} INFO - Processing file /Users/anikbhowmick/Python/Big_Data_Assignment/A02/airflow_env/lib/python3.11/site-packages/airflow/example_dags/example_skip_dag.py for tasks to queue
[2024-02-27T11:08:25.204+0530] {logging_mixin.py:188} INFO - [2024-02-27T11:08:25.204+0530] {dagbag.py:540} INFO - Filling up the DagBag from /Users/anikbhowmick/Python/Big_Data_Assignment/A02/airflow_env/lib/python3.11/site-packages/airflow/example_dags/example_skip_dag.py
[2024-02-27T11:08:25.208+0530] {processor.py:840} INFO - DAG(s) 'example_skip_dag' retrieved from /Users/anikbhowmick/Python/Big_Data_Assignment/A02/airflow_env/lib/python3.11/site-packages/airflow/example_dags/example_skip_dag.py
[2024-02-27T11:08:25.268+0530] {logging_mixin.py:188} INFO - [2024-02-27T11:08:25.268+0530] {dag.py:3047} INFO - Sync 1 DAGs
[2024-02-27T11:08:25.274+0530] {logging_mixin.py:188} INFO - [2024-02-27T11:08:25.274+0530] {dag.py:3834} INFO - Setting next_dagrun for example_skip_dag to 2024-02-26 00:00:00+00:00, run_after=2024-02-27 00:00:00+00:00
[2024-02-27T11:08:25.280+0530] {processor.py:183} INFO - Processing /Users/anikbhowmick/Python/Big_Data_Assignment/A02/airflow_env/lib/python3.11/site-packages/airflow/example_dags/example_skip_dag.py took 0.077 seconds
[2024-02-27T11:10:09.503+0530] {processor.py:161} INFO - Started process (PID=3155) to work on /Users/anikbhowmick/Python/Big_Data_Assignment/A02/airflow_env/lib/python3.11/site-packages/airflow/example_dags/example_skip_dag.py
[2024-02-27T11:10:09.504+0530] {processor.py:830} INFO - Processing file /Users/anikbhowmick/Python/Big_Data_Assignment/A02/airflow_env/lib/python3.11/site-packages/airflow/example_dags/example_skip_dag.py for tasks to queue
[2024-02-27T11:10:09.505+0530] {logging_mixin.py:188} INFO - [2024-02-27T11:10:09.505+0530] {dagbag.py:540} INFO - Filling up the DagBag from /Users/anikbhowmick/Python/Big_Data_Assignment/A02/airflow_env/lib/python3.11/site-packages/airflow/example_dags/example_skip_dag.py
[2024-02-27T11:10:09.508+0530] {processor.py:840} INFO - DAG(s) 'example_skip_dag' retrieved from /Users/anikbhowmick/Python/Big_Data_Assignment/A02/airflow_env/lib/python3.11/site-packages/airflow/example_dags/example_skip_dag.py
[2024-02-27T11:10:09.558+0530] {logging_mixin.py:188} INFO - [2024-02-27T11:10:09.558+0530] {dag.py:3047} INFO - Sync 1 DAGs
[2024-02-27T11:10:09.564+0530] {logging_mixin.py:188} INFO - [2024-02-27T11:10:09.563+0530] {dag.py:3834} INFO - Setting next_dagrun for example_skip_dag to 2024-02-26 00:00:00+00:00, run_after=2024-02-27 00:00:00+00:00
[2024-02-27T11:10:09.570+0530] {processor.py:183} INFO - Processing /Users/anikbhowmick/Python/Big_Data_Assignment/A02/airflow_env/lib/python3.11/site-packages/airflow/example_dags/example_skip_dag.py took 0.067 seconds
[2024-02-27T11:11:45.973+0530] {processor.py:161} INFO - Started process (PID=3247) to work on /Users/anikbhowmick/Python/Big_Data_Assignment/A02/airflow_env/lib/python3.11/site-packages/airflow/example_dags/example_skip_dag.py
[2024-02-27T11:11:45.973+0530] {processor.py:830} INFO - Processing file /Users/anikbhowmick/Python/Big_Data_Assignment/A02/airflow_env/lib/python3.11/site-packages/airflow/example_dags/example_skip_dag.py for tasks to queue
[2024-02-27T11:11:45.974+0530] {logging_mixin.py:188} INFO - [2024-02-27T11:11:45.974+0530] {dagbag.py:540} INFO - Filling up the DagBag from /Users/anikbhowmick/Python/Big_Data_Assignment/A02/airflow_env/lib/python3.11/site-packages/airflow/example_dags/example_skip_dag.py
[2024-02-27T11:11:45.977+0530] {processor.py:840} INFO - DAG(s) 'example_skip_dag' retrieved from /Users/anikbhowmick/Python/Big_Data_Assignment/A02/airflow_env/lib/python3.11/site-packages/airflow/example_dags/example_skip_dag.py
[2024-02-27T11:11:46.027+0530] {logging_mixin.py:188} INFO - [2024-02-27T11:11:46.027+0530] {dag.py:3047} INFO - Sync 1 DAGs
[2024-02-27T11:11:46.032+0530] {logging_mixin.py:188} INFO - [2024-02-27T11:11:46.032+0530] {dag.py:3834} INFO - Setting next_dagrun for example_skip_dag to 2024-02-26 00:00:00+00:00, run_after=2024-02-27 00:00:00+00:00
[2024-02-27T11:11:46.038+0530] {processor.py:183} INFO - Processing /Users/anikbhowmick/Python/Big_Data_Assignment/A02/airflow_env/lib/python3.11/site-packages/airflow/example_dags/example_skip_dag.py took 0.065 seconds
[2024-02-27T11:13:36.194+0530] {processor.py:161} INFO - Started process (PID=3346) to work on /Users/anikbhowmick/Python/Big_Data_Assignment/A02/airflow_env/lib/python3.11/site-packages/airflow/example_dags/example_skip_dag.py
[2024-02-27T11:13:36.195+0530] {processor.py:830} INFO - Processing file /Users/anikbhowmick/Python/Big_Data_Assignment/A02/airflow_env/lib/python3.11/site-packages/airflow/example_dags/example_skip_dag.py for tasks to queue
[2024-02-27T11:13:36.196+0530] {logging_mixin.py:188} INFO - [2024-02-27T11:13:36.195+0530] {dagbag.py:540} INFO - Filling up the DagBag from /Users/anikbhowmick/Python/Big_Data_Assignment/A02/airflow_env/lib/python3.11/site-packages/airflow/example_dags/example_skip_dag.py
[2024-02-27T11:13:36.198+0530] {processor.py:840} INFO - DAG(s) 'example_skip_dag' retrieved from /Users/anikbhowmick/Python/Big_Data_Assignment/A02/airflow_env/lib/python3.11/site-packages/airflow/example_dags/example_skip_dag.py
[2024-02-27T11:13:36.249+0530] {logging_mixin.py:188} INFO - [2024-02-27T11:13:36.249+0530] {dag.py:3047} INFO - Sync 1 DAGs
[2024-02-27T11:13:36.255+0530] {logging_mixin.py:188} INFO - [2024-02-27T11:13:36.254+0530] {dag.py:3834} INFO - Setting next_dagrun for example_skip_dag to 2024-02-26 00:00:00+00:00, run_after=2024-02-27 00:00:00+00:00
[2024-02-27T11:13:36.261+0530] {processor.py:183} INFO - Processing /Users/anikbhowmick/Python/Big_Data_Assignment/A02/airflow_env/lib/python3.11/site-packages/airflow/example_dags/example_skip_dag.py took 0.067 seconds
[2024-02-27T11:15:23.734+0530] {processor.py:161} INFO - Started process (PID=3433) to work on /Users/anikbhowmick/Python/Big_Data_Assignment/A02/airflow_env/lib/python3.11/site-packages/airflow/example_dags/example_skip_dag.py
[2024-02-27T11:15:23.735+0530] {processor.py:830} INFO - Processing file /Users/anikbhowmick/Python/Big_Data_Assignment/A02/airflow_env/lib/python3.11/site-packages/airflow/example_dags/example_skip_dag.py for tasks to queue
[2024-02-27T11:15:23.735+0530] {logging_mixin.py:188} INFO - [2024-02-27T11:15:23.735+0530] {dagbag.py:540} INFO - Filling up the DagBag from /Users/anikbhowmick/Python/Big_Data_Assignment/A02/airflow_env/lib/python3.11/site-packages/airflow/example_dags/example_skip_dag.py
[2024-02-27T11:15:23.737+0530] {processor.py:840} INFO - DAG(s) 'example_skip_dag' retrieved from /Users/anikbhowmick/Python/Big_Data_Assignment/A02/airflow_env/lib/python3.11/site-packages/airflow/example_dags/example_skip_dag.py
[2024-02-27T11:15:23.788+0530] {logging_mixin.py:188} INFO - [2024-02-27T11:15:23.788+0530] {dag.py:3047} INFO - Sync 1 DAGs
[2024-02-27T11:15:23.794+0530] {logging_mixin.py:188} INFO - [2024-02-27T11:15:23.794+0530] {dag.py:3834} INFO - Setting next_dagrun for example_skip_dag to 2024-02-26 00:00:00+00:00, run_after=2024-02-27 00:00:00+00:00
[2024-02-27T11:15:23.800+0530] {processor.py:183} INFO - Processing /Users/anikbhowmick/Python/Big_Data_Assignment/A02/airflow_env/lib/python3.11/site-packages/airflow/example_dags/example_skip_dag.py took 0.066 seconds
[2024-02-27T11:17:07.803+0530] {processor.py:161} INFO - Started process (PID=3507) to work on /Users/anikbhowmick/Python/Big_Data_Assignment/A02/airflow_env/lib/python3.11/site-packages/airflow/example_dags/example_skip_dag.py
[2024-02-27T11:17:07.803+0530] {processor.py:830} INFO - Processing file /Users/anikbhowmick/Python/Big_Data_Assignment/A02/airflow_env/lib/python3.11/site-packages/airflow/example_dags/example_skip_dag.py for tasks to queue
[2024-02-27T11:17:07.804+0530] {logging_mixin.py:188} INFO - [2024-02-27T11:17:07.804+0530] {dagbag.py:540} INFO - Filling up the DagBag from /Users/anikbhowmick/Python/Big_Data_Assignment/A02/airflow_env/lib/python3.11/site-packages/airflow/example_dags/example_skip_dag.py
[2024-02-27T11:17:07.806+0530] {processor.py:840} INFO - DAG(s) 'example_skip_dag' retrieved from /Users/anikbhowmick/Python/Big_Data_Assignment/A02/airflow_env/lib/python3.11/site-packages/airflow/example_dags/example_skip_dag.py
[2024-02-27T11:17:07.858+0530] {logging_mixin.py:188} INFO - [2024-02-27T11:17:07.857+0530] {dag.py:3047} INFO - Sync 1 DAGs
[2024-02-27T11:17:07.863+0530] {logging_mixin.py:188} INFO - [2024-02-27T11:17:07.863+0530] {dag.py:3834} INFO - Setting next_dagrun for example_skip_dag to 2024-02-26 00:00:00+00:00, run_after=2024-02-27 00:00:00+00:00
[2024-02-27T11:17:07.869+0530] {processor.py:183} INFO - Processing /Users/anikbhowmick/Python/Big_Data_Assignment/A02/airflow_env/lib/python3.11/site-packages/airflow/example_dags/example_skip_dag.py took 0.066 seconds
[2024-02-27T11:19:02.929+0530] {processor.py:161} INFO - Started process (PID=3600) to work on /Users/anikbhowmick/Python/Big_Data_Assignment/A02/airflow_env/lib/python3.11/site-packages/airflow/example_dags/example_skip_dag.py
[2024-02-27T11:19:02.930+0530] {processor.py:830} INFO - Processing file /Users/anikbhowmick/Python/Big_Data_Assignment/A02/airflow_env/lib/python3.11/site-packages/airflow/example_dags/example_skip_dag.py for tasks to queue
[2024-02-27T11:19:02.930+0530] {logging_mixin.py:188} INFO - [2024-02-27T11:19:02.930+0530] {dagbag.py:540} INFO - Filling up the DagBag from /Users/anikbhowmick/Python/Big_Data_Assignment/A02/airflow_env/lib/python3.11/site-packages/airflow/example_dags/example_skip_dag.py
[2024-02-27T11:19:02.933+0530] {processor.py:840} INFO - DAG(s) 'example_skip_dag' retrieved from /Users/anikbhowmick/Python/Big_Data_Assignment/A02/airflow_env/lib/python3.11/site-packages/airflow/example_dags/example_skip_dag.py
[2024-02-27T11:19:02.984+0530] {logging_mixin.py:188} INFO - [2024-02-27T11:19:02.984+0530] {dag.py:3047} INFO - Sync 1 DAGs
[2024-02-27T11:19:02.989+0530] {logging_mixin.py:188} INFO - [2024-02-27T11:19:02.989+0530] {dag.py:3834} INFO - Setting next_dagrun for example_skip_dag to 2024-02-26 00:00:00+00:00, run_after=2024-02-27 00:00:00+00:00
[2024-02-27T11:19:02.995+0530] {processor.py:183} INFO - Processing /Users/anikbhowmick/Python/Big_Data_Assignment/A02/airflow_env/lib/python3.11/site-packages/airflow/example_dags/example_skip_dag.py took 0.067 seconds
[2024-02-27T11:20:11.536+0530] {processor.py:161} INFO - Started process (PID=3667) to work on /Users/anikbhowmick/Python/Big_Data_Assignment/A02/airflow_env/lib/python3.11/site-packages/airflow/example_dags/example_skip_dag.py
[2024-02-27T11:20:11.537+0530] {processor.py:830} INFO - Processing file /Users/anikbhowmick/Python/Big_Data_Assignment/A02/airflow_env/lib/python3.11/site-packages/airflow/example_dags/example_skip_dag.py for tasks to queue
[2024-02-27T11:20:11.538+0530] {logging_mixin.py:188} INFO - [2024-02-27T11:20:11.537+0530] {dagbag.py:540} INFO - Filling up the DagBag from /Users/anikbhowmick/Python/Big_Data_Assignment/A02/airflow_env/lib/python3.11/site-packages/airflow/example_dags/example_skip_dag.py
[2024-02-27T11:20:11.540+0530] {processor.py:840} INFO - DAG(s) 'example_skip_dag' retrieved from /Users/anikbhowmick/Python/Big_Data_Assignment/A02/airflow_env/lib/python3.11/site-packages/airflow/example_dags/example_skip_dag.py
[2024-02-27T11:20:11.592+0530] {logging_mixin.py:188} INFO - [2024-02-27T11:20:11.592+0530] {dag.py:3047} INFO - Sync 1 DAGs
[2024-02-27T11:20:11.597+0530] {logging_mixin.py:188} INFO - [2024-02-27T11:20:11.597+0530] {dag.py:3834} INFO - Setting next_dagrun for example_skip_dag to 2024-02-26 00:00:00+00:00, run_after=2024-02-27 00:00:00+00:00
[2024-02-27T11:20:11.604+0530] {processor.py:183} INFO - Processing /Users/anikbhowmick/Python/Big_Data_Assignment/A02/airflow_env/lib/python3.11/site-packages/airflow/example_dags/example_skip_dag.py took 0.068 seconds
[2024-02-27T11:21:38.544+0530] {processor.py:161} INFO - Started process (PID=3720) to work on /Users/anikbhowmick/Python/Big_Data_Assignment/A02/airflow_env/lib/python3.11/site-packages/airflow/example_dags/example_skip_dag.py
[2024-02-27T11:21:38.545+0530] {processor.py:830} INFO - Processing file /Users/anikbhowmick/Python/Big_Data_Assignment/A02/airflow_env/lib/python3.11/site-packages/airflow/example_dags/example_skip_dag.py for tasks to queue
[2024-02-27T11:21:38.545+0530] {logging_mixin.py:188} INFO - [2024-02-27T11:21:38.545+0530] {dagbag.py:540} INFO - Filling up the DagBag from /Users/anikbhowmick/Python/Big_Data_Assignment/A02/airflow_env/lib/python3.11/site-packages/airflow/example_dags/example_skip_dag.py
[2024-02-27T11:21:38.548+0530] {processor.py:840} INFO - DAG(s) 'example_skip_dag' retrieved from /Users/anikbhowmick/Python/Big_Data_Assignment/A02/airflow_env/lib/python3.11/site-packages/airflow/example_dags/example_skip_dag.py
[2024-02-27T11:21:38.598+0530] {logging_mixin.py:188} INFO - [2024-02-27T11:21:38.598+0530] {dag.py:3047} INFO - Sync 1 DAGs
[2024-02-27T11:21:38.604+0530] {logging_mixin.py:188} INFO - [2024-02-27T11:21:38.603+0530] {dag.py:3834} INFO - Setting next_dagrun for example_skip_dag to 2024-02-26 00:00:00+00:00, run_after=2024-02-27 00:00:00+00:00
[2024-02-27T11:21:38.610+0530] {processor.py:183} INFO - Processing /Users/anikbhowmick/Python/Big_Data_Assignment/A02/airflow_env/lib/python3.11/site-packages/airflow/example_dags/example_skip_dag.py took 0.065 seconds
[2024-02-27T11:22:35.666+0530] {processor.py:161} INFO - Started process (PID=3792) to work on /Users/anikbhowmick/Python/Big_Data_Assignment/A02/airflow_env/lib/python3.11/site-packages/airflow/example_dags/example_skip_dag.py
[2024-02-27T11:22:35.667+0530] {processor.py:830} INFO - Processing file /Users/anikbhowmick/Python/Big_Data_Assignment/A02/airflow_env/lib/python3.11/site-packages/airflow/example_dags/example_skip_dag.py for tasks to queue
[2024-02-27T11:22:35.667+0530] {logging_mixin.py:188} INFO - [2024-02-27T11:22:35.667+0530] {dagbag.py:540} INFO - Filling up the DagBag from /Users/anikbhowmick/Python/Big_Data_Assignment/A02/airflow_env/lib/python3.11/site-packages/airflow/example_dags/example_skip_dag.py
[2024-02-27T11:22:35.669+0530] {processor.py:840} INFO - DAG(s) 'example_skip_dag' retrieved from /Users/anikbhowmick/Python/Big_Data_Assignment/A02/airflow_env/lib/python3.11/site-packages/airflow/example_dags/example_skip_dag.py
[2024-02-27T11:22:35.719+0530] {logging_mixin.py:188} INFO - [2024-02-27T11:22:35.719+0530] {dag.py:3047} INFO - Sync 1 DAGs
[2024-02-27T11:22:35.725+0530] {logging_mixin.py:188} INFO - [2024-02-27T11:22:35.724+0530] {dag.py:3834} INFO - Setting next_dagrun for example_skip_dag to 2024-02-26 00:00:00+00:00, run_after=2024-02-27 00:00:00+00:00
[2024-02-27T11:22:35.730+0530] {processor.py:183} INFO - Processing /Users/anikbhowmick/Python/Big_Data_Assignment/A02/airflow_env/lib/python3.11/site-packages/airflow/example_dags/example_skip_dag.py took 0.065 seconds
[2024-02-27T11:24:25.080+0530] {processor.py:161} INFO - Started process (PID=3913) to work on /Users/anikbhowmick/Python/Big_Data_Assignment/A02/airflow_env/lib/python3.11/site-packages/airflow/example_dags/example_skip_dag.py
[2024-02-27T11:24:25.081+0530] {processor.py:830} INFO - Processing file /Users/anikbhowmick/Python/Big_Data_Assignment/A02/airflow_env/lib/python3.11/site-packages/airflow/example_dags/example_skip_dag.py for tasks to queue
[2024-02-27T11:24:25.081+0530] {logging_mixin.py:188} INFO - [2024-02-27T11:24:25.081+0530] {dagbag.py:540} INFO - Filling up the DagBag from /Users/anikbhowmick/Python/Big_Data_Assignment/A02/airflow_env/lib/python3.11/site-packages/airflow/example_dags/example_skip_dag.py
[2024-02-27T11:24:25.084+0530] {processor.py:840} INFO - DAG(s) 'example_skip_dag' retrieved from /Users/anikbhowmick/Python/Big_Data_Assignment/A02/airflow_env/lib/python3.11/site-packages/airflow/example_dags/example_skip_dag.py
[2024-02-27T11:24:25.133+0530] {logging_mixin.py:188} INFO - [2024-02-27T11:24:25.133+0530] {dag.py:3047} INFO - Sync 1 DAGs
[2024-02-27T11:24:25.138+0530] {logging_mixin.py:188} INFO - [2024-02-27T11:24:25.138+0530] {dag.py:3834} INFO - Setting next_dagrun for example_skip_dag to 2024-02-26 00:00:00+00:00, run_after=2024-02-27 00:00:00+00:00
[2024-02-27T11:24:25.144+0530] {processor.py:183} INFO - Processing /Users/anikbhowmick/Python/Big_Data_Assignment/A02/airflow_env/lib/python3.11/site-packages/airflow/example_dags/example_skip_dag.py took 0.065 seconds
[2024-02-27T11:25:49.674+0530] {processor.py:161} INFO - Started process (PID=3964) to work on /Users/anikbhowmick/Python/Big_Data_Assignment/A02/airflow_env/lib/python3.11/site-packages/airflow/example_dags/example_skip_dag.py
[2024-02-27T11:25:49.675+0530] {processor.py:830} INFO - Processing file /Users/anikbhowmick/Python/Big_Data_Assignment/A02/airflow_env/lib/python3.11/site-packages/airflow/example_dags/example_skip_dag.py for tasks to queue
[2024-02-27T11:25:49.675+0530] {logging_mixin.py:188} INFO - [2024-02-27T11:25:49.675+0530] {dagbag.py:540} INFO - Filling up the DagBag from /Users/anikbhowmick/Python/Big_Data_Assignment/A02/airflow_env/lib/python3.11/site-packages/airflow/example_dags/example_skip_dag.py
[2024-02-27T11:25:49.678+0530] {processor.py:840} INFO - DAG(s) 'example_skip_dag' retrieved from /Users/anikbhowmick/Python/Big_Data_Assignment/A02/airflow_env/lib/python3.11/site-packages/airflow/example_dags/example_skip_dag.py
[2024-02-27T11:25:49.729+0530] {logging_mixin.py:188} INFO - [2024-02-27T11:25:49.729+0530] {dag.py:3047} INFO - Sync 1 DAGs
[2024-02-27T11:25:49.734+0530] {logging_mixin.py:188} INFO - [2024-02-27T11:25:49.734+0530] {dag.py:3834} INFO - Setting next_dagrun for example_skip_dag to 2024-02-26 00:00:00+00:00, run_after=2024-02-27 00:00:00+00:00
[2024-02-27T11:25:49.740+0530] {processor.py:183} INFO - Processing /Users/anikbhowmick/Python/Big_Data_Assignment/A02/airflow_env/lib/python3.11/site-packages/airflow/example_dags/example_skip_dag.py took 0.067 seconds
[2024-02-27T11:28:20.562+0530] {processor.py:161} INFO - Started process (PID=4119) to work on /Users/anikbhowmick/Python/Big_Data_Assignment/A02/airflow_env/lib/python3.11/site-packages/airflow/example_dags/example_skip_dag.py
[2024-02-27T11:28:20.564+0530] {processor.py:830} INFO - Processing file /Users/anikbhowmick/Python/Big_Data_Assignment/A02/airflow_env/lib/python3.11/site-packages/airflow/example_dags/example_skip_dag.py for tasks to queue
[2024-02-27T11:28:20.564+0530] {logging_mixin.py:188} INFO - [2024-02-27T11:28:20.564+0530] {dagbag.py:540} INFO - Filling up the DagBag from /Users/anikbhowmick/Python/Big_Data_Assignment/A02/airflow_env/lib/python3.11/site-packages/airflow/example_dags/example_skip_dag.py
[2024-02-27T11:28:20.566+0530] {processor.py:840} INFO - DAG(s) 'example_skip_dag' retrieved from /Users/anikbhowmick/Python/Big_Data_Assignment/A02/airflow_env/lib/python3.11/site-packages/airflow/example_dags/example_skip_dag.py
[2024-02-27T11:28:20.616+0530] {logging_mixin.py:188} INFO - [2024-02-27T11:28:20.616+0530] {dag.py:3047} INFO - Sync 1 DAGs
[2024-02-27T11:28:20.622+0530] {logging_mixin.py:188} INFO - [2024-02-27T11:28:20.622+0530] {dag.py:3834} INFO - Setting next_dagrun for example_skip_dag to 2024-02-26 00:00:00+00:00, run_after=2024-02-27 00:00:00+00:00
[2024-02-27T11:28:20.628+0530] {processor.py:183} INFO - Processing /Users/anikbhowmick/Python/Big_Data_Assignment/A02/airflow_env/lib/python3.11/site-packages/airflow/example_dags/example_skip_dag.py took 0.065 seconds
[2024-02-27T11:29:44.016+0530] {processor.py:161} INFO - Started process (PID=4198) to work on /Users/anikbhowmick/Python/Big_Data_Assignment/A02/airflow_env/lib/python3.11/site-packages/airflow/example_dags/example_skip_dag.py
[2024-02-27T11:29:44.017+0530] {processor.py:830} INFO - Processing file /Users/anikbhowmick/Python/Big_Data_Assignment/A02/airflow_env/lib/python3.11/site-packages/airflow/example_dags/example_skip_dag.py for tasks to queue
[2024-02-27T11:29:44.017+0530] {logging_mixin.py:188} INFO - [2024-02-27T11:29:44.017+0530] {dagbag.py:540} INFO - Filling up the DagBag from /Users/anikbhowmick/Python/Big_Data_Assignment/A02/airflow_env/lib/python3.11/site-packages/airflow/example_dags/example_skip_dag.py
[2024-02-27T11:29:44.020+0530] {processor.py:840} INFO - DAG(s) 'example_skip_dag' retrieved from /Users/anikbhowmick/Python/Big_Data_Assignment/A02/airflow_env/lib/python3.11/site-packages/airflow/example_dags/example_skip_dag.py
[2024-02-27T11:29:44.069+0530] {logging_mixin.py:188} INFO - [2024-02-27T11:29:44.069+0530] {dag.py:3047} INFO - Sync 1 DAGs
[2024-02-27T11:29:44.074+0530] {logging_mixin.py:188} INFO - [2024-02-27T11:29:44.074+0530] {dag.py:3834} INFO - Setting next_dagrun for example_skip_dag to 2024-02-26 00:00:00+00:00, run_after=2024-02-27 00:00:00+00:00
[2024-02-27T11:29:44.080+0530] {processor.py:183} INFO - Processing /Users/anikbhowmick/Python/Big_Data_Assignment/A02/airflow_env/lib/python3.11/site-packages/airflow/example_dags/example_skip_dag.py took 0.065 seconds
[2024-02-27T11:31:29.341+0530] {processor.py:161} INFO - Started process (PID=4268) to work on /Users/anikbhowmick/Python/Big_Data_Assignment/A02/airflow_env/lib/python3.11/site-packages/airflow/example_dags/example_skip_dag.py
[2024-02-27T11:31:29.341+0530] {processor.py:830} INFO - Processing file /Users/anikbhowmick/Python/Big_Data_Assignment/A02/airflow_env/lib/python3.11/site-packages/airflow/example_dags/example_skip_dag.py for tasks to queue
[2024-02-27T11:31:29.341+0530] {logging_mixin.py:188} INFO - [2024-02-27T11:31:29.341+0530] {dagbag.py:540} INFO - Filling up the DagBag from /Users/anikbhowmick/Python/Big_Data_Assignment/A02/airflow_env/lib/python3.11/site-packages/airflow/example_dags/example_skip_dag.py
[2024-02-27T11:31:29.344+0530] {processor.py:840} INFO - DAG(s) 'example_skip_dag' retrieved from /Users/anikbhowmick/Python/Big_Data_Assignment/A02/airflow_env/lib/python3.11/site-packages/airflow/example_dags/example_skip_dag.py
[2024-02-27T11:31:29.393+0530] {logging_mixin.py:188} INFO - [2024-02-27T11:31:29.393+0530] {dag.py:3047} INFO - Sync 1 DAGs
[2024-02-27T11:31:29.399+0530] {logging_mixin.py:188} INFO - [2024-02-27T11:31:29.398+0530] {dag.py:3834} INFO - Setting next_dagrun for example_skip_dag to 2024-02-26 00:00:00+00:00, run_after=2024-02-27 00:00:00+00:00
[2024-02-27T11:31:29.405+0530] {processor.py:183} INFO - Processing /Users/anikbhowmick/Python/Big_Data_Assignment/A02/airflow_env/lib/python3.11/site-packages/airflow/example_dags/example_skip_dag.py took 0.064 seconds
[2024-02-27T11:34:01.505+0530] {processor.py:161} INFO - Started process (PID=4428) to work on /Users/anikbhowmick/Python/Big_Data_Assignment/A02/airflow_env/lib/python3.11/site-packages/airflow/example_dags/example_skip_dag.py
[2024-02-27T11:34:01.506+0530] {processor.py:830} INFO - Processing file /Users/anikbhowmick/Python/Big_Data_Assignment/A02/airflow_env/lib/python3.11/site-packages/airflow/example_dags/example_skip_dag.py for tasks to queue
[2024-02-27T11:34:01.506+0530] {logging_mixin.py:188} INFO - [2024-02-27T11:34:01.506+0530] {dagbag.py:540} INFO - Filling up the DagBag from /Users/anikbhowmick/Python/Big_Data_Assignment/A02/airflow_env/lib/python3.11/site-packages/airflow/example_dags/example_skip_dag.py
[2024-02-27T11:34:01.508+0530] {processor.py:840} INFO - DAG(s) 'example_skip_dag' retrieved from /Users/anikbhowmick/Python/Big_Data_Assignment/A02/airflow_env/lib/python3.11/site-packages/airflow/example_dags/example_skip_dag.py
[2024-02-27T11:34:01.561+0530] {logging_mixin.py:188} INFO - [2024-02-27T11:34:01.561+0530] {dag.py:3047} INFO - Sync 1 DAGs
[2024-02-27T11:34:01.566+0530] {logging_mixin.py:188} INFO - [2024-02-27T11:34:01.566+0530] {dag.py:3834} INFO - Setting next_dagrun for example_skip_dag to 2024-02-26 00:00:00+00:00, run_after=2024-02-27 00:00:00+00:00
[2024-02-27T11:34:01.572+0530] {processor.py:183} INFO - Processing /Users/anikbhowmick/Python/Big_Data_Assignment/A02/airflow_env/lib/python3.11/site-packages/airflow/example_dags/example_skip_dag.py took 0.068 seconds
[2024-02-27T11:35:23.543+0530] {processor.py:161} INFO - Started process (PID=4486) to work on /Users/anikbhowmick/Python/Big_Data_Assignment/A02/airflow_env/lib/python3.11/site-packages/airflow/example_dags/example_skip_dag.py
[2024-02-27T11:35:23.544+0530] {processor.py:830} INFO - Processing file /Users/anikbhowmick/Python/Big_Data_Assignment/A02/airflow_env/lib/python3.11/site-packages/airflow/example_dags/example_skip_dag.py for tasks to queue
[2024-02-27T11:35:23.544+0530] {logging_mixin.py:188} INFO - [2024-02-27T11:35:23.544+0530] {dagbag.py:540} INFO - Filling up the DagBag from /Users/anikbhowmick/Python/Big_Data_Assignment/A02/airflow_env/lib/python3.11/site-packages/airflow/example_dags/example_skip_dag.py
[2024-02-27T11:35:23.547+0530] {processor.py:840} INFO - DAG(s) 'example_skip_dag' retrieved from /Users/anikbhowmick/Python/Big_Data_Assignment/A02/airflow_env/lib/python3.11/site-packages/airflow/example_dags/example_skip_dag.py
[2024-02-27T11:35:23.598+0530] {logging_mixin.py:188} INFO - [2024-02-27T11:35:23.597+0530] {dag.py:3047} INFO - Sync 1 DAGs
[2024-02-27T11:35:23.603+0530] {logging_mixin.py:188} INFO - [2024-02-27T11:35:23.603+0530] {dag.py:3834} INFO - Setting next_dagrun for example_skip_dag to 2024-02-26 00:00:00+00:00, run_after=2024-02-27 00:00:00+00:00
[2024-02-27T11:35:23.609+0530] {processor.py:183} INFO - Processing /Users/anikbhowmick/Python/Big_Data_Assignment/A02/airflow_env/lib/python3.11/site-packages/airflow/example_dags/example_skip_dag.py took 0.066 seconds
[2024-02-27T11:39:24.395+0530] {processor.py:161} INFO - Started process (PID=4626) to work on /Users/anikbhowmick/Python/Big_Data_Assignment/A02/airflow_env/lib/python3.11/site-packages/airflow/example_dags/example_skip_dag.py
[2024-02-27T11:39:24.396+0530] {processor.py:830} INFO - Processing file /Users/anikbhowmick/Python/Big_Data_Assignment/A02/airflow_env/lib/python3.11/site-packages/airflow/example_dags/example_skip_dag.py for tasks to queue
[2024-02-27T11:39:24.397+0530] {logging_mixin.py:188} INFO - [2024-02-27T11:39:24.397+0530] {dagbag.py:540} INFO - Filling up the DagBag from /Users/anikbhowmick/Python/Big_Data_Assignment/A02/airflow_env/lib/python3.11/site-packages/airflow/example_dags/example_skip_dag.py
[2024-02-27T11:39:24.399+0530] {processor.py:840} INFO - DAG(s) 'example_skip_dag' retrieved from /Users/anikbhowmick/Python/Big_Data_Assignment/A02/airflow_env/lib/python3.11/site-packages/airflow/example_dags/example_skip_dag.py
[2024-02-27T11:39:24.449+0530] {logging_mixin.py:188} INFO - [2024-02-27T11:39:24.449+0530] {dag.py:3047} INFO - Sync 1 DAGs
[2024-02-27T11:39:24.454+0530] {logging_mixin.py:188} INFO - [2024-02-27T11:39:24.454+0530] {dag.py:3834} INFO - Setting next_dagrun for example_skip_dag to 2024-02-26 00:00:00+00:00, run_after=2024-02-27 00:00:00+00:00
[2024-02-27T11:39:24.460+0530] {processor.py:183} INFO - Processing /Users/anikbhowmick/Python/Big_Data_Assignment/A02/airflow_env/lib/python3.11/site-packages/airflow/example_dags/example_skip_dag.py took 0.065 seconds
[2024-02-27T11:40:58.469+0530] {processor.py:161} INFO - Started process (PID=4709) to work on /Users/anikbhowmick/Python/Big_Data_Assignment/A02/airflow_env/lib/python3.11/site-packages/airflow/example_dags/example_skip_dag.py
[2024-02-27T11:40:58.469+0530] {processor.py:830} INFO - Processing file /Users/anikbhowmick/Python/Big_Data_Assignment/A02/airflow_env/lib/python3.11/site-packages/airflow/example_dags/example_skip_dag.py for tasks to queue
[2024-02-27T11:40:58.470+0530] {logging_mixin.py:188} INFO - [2024-02-27T11:40:58.470+0530] {dagbag.py:540} INFO - Filling up the DagBag from /Users/anikbhowmick/Python/Big_Data_Assignment/A02/airflow_env/lib/python3.11/site-packages/airflow/example_dags/example_skip_dag.py
[2024-02-27T11:40:58.472+0530] {processor.py:840} INFO - DAG(s) 'example_skip_dag' retrieved from /Users/anikbhowmick/Python/Big_Data_Assignment/A02/airflow_env/lib/python3.11/site-packages/airflow/example_dags/example_skip_dag.py
[2024-02-27T11:40:58.522+0530] {logging_mixin.py:188} INFO - [2024-02-27T11:40:58.522+0530] {dag.py:3047} INFO - Sync 1 DAGs
[2024-02-27T11:40:58.527+0530] {logging_mixin.py:188} INFO - [2024-02-27T11:40:58.527+0530] {dag.py:3834} INFO - Setting next_dagrun for example_skip_dag to 2024-02-26 00:00:00+00:00, run_after=2024-02-27 00:00:00+00:00
[2024-02-27T11:40:58.533+0530] {processor.py:183} INFO - Processing /Users/anikbhowmick/Python/Big_Data_Assignment/A02/airflow_env/lib/python3.11/site-packages/airflow/example_dags/example_skip_dag.py took 0.065 seconds
[2024-02-27T11:42:05.114+0530] {processor.py:161} INFO - Started process (PID=4750) to work on /Users/anikbhowmick/Python/Big_Data_Assignment/A02/airflow_env/lib/python3.11/site-packages/airflow/example_dags/example_skip_dag.py
[2024-02-27T11:42:05.114+0530] {processor.py:830} INFO - Processing file /Users/anikbhowmick/Python/Big_Data_Assignment/A02/airflow_env/lib/python3.11/site-packages/airflow/example_dags/example_skip_dag.py for tasks to queue
[2024-02-27T11:42:05.115+0530] {logging_mixin.py:188} INFO - [2024-02-27T11:42:05.114+0530] {dagbag.py:540} INFO - Filling up the DagBag from /Users/anikbhowmick/Python/Big_Data_Assignment/A02/airflow_env/lib/python3.11/site-packages/airflow/example_dags/example_skip_dag.py
[2024-02-27T11:42:05.117+0530] {processor.py:840} INFO - DAG(s) 'example_skip_dag' retrieved from /Users/anikbhowmick/Python/Big_Data_Assignment/A02/airflow_env/lib/python3.11/site-packages/airflow/example_dags/example_skip_dag.py
[2024-02-27T11:42:05.166+0530] {logging_mixin.py:188} INFO - [2024-02-27T11:42:05.166+0530] {dag.py:3047} INFO - Sync 1 DAGs
[2024-02-27T11:42:05.172+0530] {logging_mixin.py:188} INFO - [2024-02-27T11:42:05.171+0530] {dag.py:3834} INFO - Setting next_dagrun for example_skip_dag to 2024-02-26 00:00:00+00:00, run_after=2024-02-27 00:00:00+00:00
[2024-02-27T11:42:05.178+0530] {processor.py:183} INFO - Processing /Users/anikbhowmick/Python/Big_Data_Assignment/A02/airflow_env/lib/python3.11/site-packages/airflow/example_dags/example_skip_dag.py took 0.064 seconds
