[2024-02-27T10:46:53.496+0530] {processor.py:161} INFO - Started process (PID=1624) to work on /Users/anikbhowmick/Python/Big_Data_Assignment/A02/airflow_env/lib/python3.11/site-packages/airflow/example_dags/example_dag_decorator.py
[2024-02-27T10:46:53.497+0530] {processor.py:830} INFO - Processing file /Users/anikbhowmick/Python/Big_Data_Assignment/A02/airflow_env/lib/python3.11/site-packages/airflow/example_dags/example_dag_decorator.py for tasks to queue
[2024-02-27T10:46:53.497+0530] {logging_mixin.py:188} INFO - [2024-02-27T10:46:53.497+0530] {dagbag.py:540} INFO - Filling up the DagBag from /Users/anikbhowmick/Python/Big_Data_Assignment/A02/airflow_env/lib/python3.11/site-packages/airflow/example_dags/example_dag_decorator.py
[2024-02-27T10:46:53.577+0530] {processor.py:840} INFO - DAG(s) 'example_dag_decorator' retrieved from /Users/anikbhowmick/Python/Big_Data_Assignment/A02/airflow_env/lib/python3.11/site-packages/airflow/example_dags/example_dag_decorator.py
[2024-02-27T10:46:53.646+0530] {logging_mixin.py:188} INFO - [2024-02-27T10:46:53.646+0530] {dag.py:3047} INFO - Sync 1 DAGs
[2024-02-27T10:46:53.648+0530] {logging_mixin.py:188} INFO - [2024-02-27T10:46:53.648+0530] {dag.py:3834} INFO - Setting next_dagrun for example_dag_decorator to None, run_after=None
[2024-02-27T10:46:53.654+0530] {processor.py:183} INFO - Processing /Users/anikbhowmick/Python/Big_Data_Assignment/A02/airflow_env/lib/python3.11/site-packages/airflow/example_dags/example_dag_decorator.py took 0.158 seconds
[2024-02-27T10:50:15.379+0530] {processor.py:161} INFO - Started process (PID=1803) to work on /Users/anikbhowmick/Python/Big_Data_Assignment/A02/airflow_env/lib/python3.11/site-packages/airflow/example_dags/example_dag_decorator.py
[2024-02-27T10:50:15.380+0530] {processor.py:830} INFO - Processing file /Users/anikbhowmick/Python/Big_Data_Assignment/A02/airflow_env/lib/python3.11/site-packages/airflow/example_dags/example_dag_decorator.py for tasks to queue
[2024-02-27T10:50:15.381+0530] {logging_mixin.py:188} INFO - [2024-02-27T10:50:15.380+0530] {dagbag.py:540} INFO - Filling up the DagBag from /Users/anikbhowmick/Python/Big_Data_Assignment/A02/airflow_env/lib/python3.11/site-packages/airflow/example_dags/example_dag_decorator.py
[2024-02-27T10:50:15.485+0530] {processor.py:840} INFO - DAG(s) 'example_dag_decorator' retrieved from /Users/anikbhowmick/Python/Big_Data_Assignment/A02/airflow_env/lib/python3.11/site-packages/airflow/example_dags/example_dag_decorator.py
[2024-02-27T10:50:15.553+0530] {logging_mixin.py:188} INFO - [2024-02-27T10:50:15.553+0530] {dag.py:3047} INFO - Sync 1 DAGs
[2024-02-27T10:50:15.556+0530] {logging_mixin.py:188} INFO - [2024-02-27T10:50:15.556+0530] {dag.py:3834} INFO - Setting next_dagrun for example_dag_decorator to None, run_after=None
[2024-02-27T10:50:15.562+0530] {processor.py:183} INFO - Processing /Users/anikbhowmick/Python/Big_Data_Assignment/A02/airflow_env/lib/python3.11/site-packages/airflow/example_dags/example_dag_decorator.py took 0.183 seconds
[2024-02-27T10:53:21.357+0530] {processor.py:161} INFO - Started process (PID=2016) to work on /Users/anikbhowmick/Python/Big_Data_Assignment/A02/airflow_env/lib/python3.11/site-packages/airflow/example_dags/example_dag_decorator.py
[2024-02-27T10:53:21.358+0530] {processor.py:830} INFO - Processing file /Users/anikbhowmick/Python/Big_Data_Assignment/A02/airflow_env/lib/python3.11/site-packages/airflow/example_dags/example_dag_decorator.py for tasks to queue
[2024-02-27T10:53:21.359+0530] {logging_mixin.py:188} INFO - [2024-02-27T10:53:21.359+0530] {dagbag.py:540} INFO - Filling up the DagBag from /Users/anikbhowmick/Python/Big_Data_Assignment/A02/airflow_env/lib/python3.11/site-packages/airflow/example_dags/example_dag_decorator.py
[2024-02-27T10:53:21.462+0530] {processor.py:840} INFO - DAG(s) 'example_dag_decorator' retrieved from /Users/anikbhowmick/Python/Big_Data_Assignment/A02/airflow_env/lib/python3.11/site-packages/airflow/example_dags/example_dag_decorator.py
[2024-02-27T10:53:21.531+0530] {logging_mixin.py:188} INFO - [2024-02-27T10:53:21.531+0530] {dag.py:3047} INFO - Sync 1 DAGs
[2024-02-27T10:53:21.534+0530] {logging_mixin.py:188} INFO - [2024-02-27T10:53:21.533+0530] {dag.py:3834} INFO - Setting next_dagrun for example_dag_decorator to None, run_after=None
[2024-02-27T10:53:21.539+0530] {processor.py:183} INFO - Processing /Users/anikbhowmick/Python/Big_Data_Assignment/A02/airflow_env/lib/python3.11/site-packages/airflow/example_dags/example_dag_decorator.py took 0.183 seconds
[2024-02-27T10:56:30.242+0530] {processor.py:161} INFO - Started process (PID=2263) to work on /Users/anikbhowmick/Python/Big_Data_Assignment/A02/airflow_env/lib/python3.11/site-packages/airflow/example_dags/example_dag_decorator.py
[2024-02-27T10:56:30.243+0530] {processor.py:830} INFO - Processing file /Users/anikbhowmick/Python/Big_Data_Assignment/A02/airflow_env/lib/python3.11/site-packages/airflow/example_dags/example_dag_decorator.py for tasks to queue
[2024-02-27T10:56:30.244+0530] {logging_mixin.py:188} INFO - [2024-02-27T10:56:30.243+0530] {dagbag.py:540} INFO - Filling up the DagBag from /Users/anikbhowmick/Python/Big_Data_Assignment/A02/airflow_env/lib/python3.11/site-packages/airflow/example_dags/example_dag_decorator.py
[2024-02-27T10:56:30.353+0530] {processor.py:840} INFO - DAG(s) 'example_dag_decorator' retrieved from /Users/anikbhowmick/Python/Big_Data_Assignment/A02/airflow_env/lib/python3.11/site-packages/airflow/example_dags/example_dag_decorator.py
[2024-02-27T10:56:30.425+0530] {logging_mixin.py:188} INFO - [2024-02-27T10:56:30.425+0530] {dag.py:3047} INFO - Sync 1 DAGs
[2024-02-27T10:56:30.428+0530] {logging_mixin.py:188} INFO - [2024-02-27T10:56:30.428+0530] {dag.py:3834} INFO - Setting next_dagrun for example_dag_decorator to None, run_after=None
[2024-02-27T10:56:30.434+0530] {processor.py:183} INFO - Processing /Users/anikbhowmick/Python/Big_Data_Assignment/A02/airflow_env/lib/python3.11/site-packages/airflow/example_dags/example_dag_decorator.py took 0.193 seconds
[2024-02-27T10:58:13.522+0530] {processor.py:161} INFO - Started process (PID=2398) to work on /Users/anikbhowmick/Python/Big_Data_Assignment/A02/airflow_env/lib/python3.11/site-packages/airflow/example_dags/example_dag_decorator.py
[2024-02-27T10:58:13.523+0530] {processor.py:830} INFO - Processing file /Users/anikbhowmick/Python/Big_Data_Assignment/A02/airflow_env/lib/python3.11/site-packages/airflow/example_dags/example_dag_decorator.py for tasks to queue
[2024-02-27T10:58:13.523+0530] {logging_mixin.py:188} INFO - [2024-02-27T10:58:13.523+0530] {dagbag.py:540} INFO - Filling up the DagBag from /Users/anikbhowmick/Python/Big_Data_Assignment/A02/airflow_env/lib/python3.11/site-packages/airflow/example_dags/example_dag_decorator.py
[2024-02-27T10:58:13.602+0530] {processor.py:840} INFO - DAG(s) 'example_dag_decorator' retrieved from /Users/anikbhowmick/Python/Big_Data_Assignment/A02/airflow_env/lib/python3.11/site-packages/airflow/example_dags/example_dag_decorator.py
[2024-02-27T10:58:13.654+0530] {logging_mixin.py:188} INFO - [2024-02-27T10:58:13.654+0530] {dag.py:3047} INFO - Sync 1 DAGs
[2024-02-27T10:58:13.656+0530] {logging_mixin.py:188} INFO - [2024-02-27T10:58:13.656+0530] {dag.py:3834} INFO - Setting next_dagrun for example_dag_decorator to None, run_after=None
[2024-02-27T10:58:13.662+0530] {processor.py:183} INFO - Processing /Users/anikbhowmick/Python/Big_Data_Assignment/A02/airflow_env/lib/python3.11/site-packages/airflow/example_dags/example_dag_decorator.py took 0.141 seconds
[2024-02-27T11:00:01.922+0530] {processor.py:161} INFO - Started process (PID=2511) to work on /Users/anikbhowmick/Python/Big_Data_Assignment/A02/airflow_env/lib/python3.11/site-packages/airflow/example_dags/example_dag_decorator.py
[2024-02-27T11:00:01.923+0530] {processor.py:830} INFO - Processing file /Users/anikbhowmick/Python/Big_Data_Assignment/A02/airflow_env/lib/python3.11/site-packages/airflow/example_dags/example_dag_decorator.py for tasks to queue
[2024-02-27T11:00:01.923+0530] {logging_mixin.py:188} INFO - [2024-02-27T11:00:01.923+0530] {dagbag.py:540} INFO - Filling up the DagBag from /Users/anikbhowmick/Python/Big_Data_Assignment/A02/airflow_env/lib/python3.11/site-packages/airflow/example_dags/example_dag_decorator.py
[2024-02-27T11:00:02.031+0530] {processor.py:840} INFO - DAG(s) 'example_dag_decorator' retrieved from /Users/anikbhowmick/Python/Big_Data_Assignment/A02/airflow_env/lib/python3.11/site-packages/airflow/example_dags/example_dag_decorator.py
[2024-02-27T11:00:02.099+0530] {logging_mixin.py:188} INFO - [2024-02-27T11:00:02.099+0530] {dag.py:3047} INFO - Sync 1 DAGs
[2024-02-27T11:00:02.102+0530] {logging_mixin.py:188} INFO - [2024-02-27T11:00:02.102+0530] {dag.py:3834} INFO - Setting next_dagrun for example_dag_decorator to None, run_after=None
[2024-02-27T11:00:02.108+0530] {processor.py:183} INFO - Processing /Users/anikbhowmick/Python/Big_Data_Assignment/A02/airflow_env/lib/python3.11/site-packages/airflow/example_dags/example_dag_decorator.py took 0.186 seconds
[2024-02-27T11:02:29.348+0530] {processor.py:161} INFO - Started process (PID=2712) to work on /Users/anikbhowmick/Python/Big_Data_Assignment/A02/airflow_env/lib/python3.11/site-packages/airflow/example_dags/example_dag_decorator.py
[2024-02-27T11:02:29.349+0530] {processor.py:830} INFO - Processing file /Users/anikbhowmick/Python/Big_Data_Assignment/A02/airflow_env/lib/python3.11/site-packages/airflow/example_dags/example_dag_decorator.py for tasks to queue
[2024-02-27T11:02:29.349+0530] {logging_mixin.py:188} INFO - [2024-02-27T11:02:29.349+0530] {dagbag.py:540} INFO - Filling up the DagBag from /Users/anikbhowmick/Python/Big_Data_Assignment/A02/airflow_env/lib/python3.11/site-packages/airflow/example_dags/example_dag_decorator.py
[2024-02-27T11:02:29.455+0530] {processor.py:840} INFO - DAG(s) 'example_dag_decorator' retrieved from /Users/anikbhowmick/Python/Big_Data_Assignment/A02/airflow_env/lib/python3.11/site-packages/airflow/example_dags/example_dag_decorator.py
[2024-02-27T11:02:29.506+0530] {logging_mixin.py:188} INFO - [2024-02-27T11:02:29.506+0530] {dag.py:3047} INFO - Sync 1 DAGs
[2024-02-27T11:02:29.509+0530] {logging_mixin.py:188} INFO - [2024-02-27T11:02:29.509+0530] {dag.py:3834} INFO - Setting next_dagrun for example_dag_decorator to None, run_after=None
[2024-02-27T11:02:29.515+0530] {processor.py:183} INFO - Processing /Users/anikbhowmick/Python/Big_Data_Assignment/A02/airflow_env/lib/python3.11/site-packages/airflow/example_dags/example_dag_decorator.py took 0.167 seconds
[2024-02-27T11:04:09.405+0530] {processor.py:161} INFO - Started process (PID=2825) to work on /Users/anikbhowmick/Python/Big_Data_Assignment/A02/airflow_env/lib/python3.11/site-packages/airflow/example_dags/example_dag_decorator.py
[2024-02-27T11:04:09.406+0530] {processor.py:830} INFO - Processing file /Users/anikbhowmick/Python/Big_Data_Assignment/A02/airflow_env/lib/python3.11/site-packages/airflow/example_dags/example_dag_decorator.py for tasks to queue
[2024-02-27T11:04:09.406+0530] {logging_mixin.py:188} INFO - [2024-02-27T11:04:09.406+0530] {dagbag.py:540} INFO - Filling up the DagBag from /Users/anikbhowmick/Python/Big_Data_Assignment/A02/airflow_env/lib/python3.11/site-packages/airflow/example_dags/example_dag_decorator.py
[2024-02-27T11:04:09.512+0530] {processor.py:840} INFO - DAG(s) 'example_dag_decorator' retrieved from /Users/anikbhowmick/Python/Big_Data_Assignment/A02/airflow_env/lib/python3.11/site-packages/airflow/example_dags/example_dag_decorator.py
[2024-02-27T11:04:09.563+0530] {logging_mixin.py:188} INFO - [2024-02-27T11:04:09.563+0530] {dag.py:3047} INFO - Sync 1 DAGs
[2024-02-27T11:04:09.565+0530] {logging_mixin.py:188} INFO - [2024-02-27T11:04:09.565+0530] {dag.py:3834} INFO - Setting next_dagrun for example_dag_decorator to None, run_after=None
[2024-02-27T11:04:09.571+0530] {processor.py:183} INFO - Processing /Users/anikbhowmick/Python/Big_Data_Assignment/A02/airflow_env/lib/python3.11/site-packages/airflow/example_dags/example_dag_decorator.py took 0.167 seconds
[2024-02-27T11:06:01.624+0530] {processor.py:161} INFO - Started process (PID=2926) to work on /Users/anikbhowmick/Python/Big_Data_Assignment/A02/airflow_env/lib/python3.11/site-packages/airflow/example_dags/example_dag_decorator.py
[2024-02-27T11:06:01.625+0530] {processor.py:830} INFO - Processing file /Users/anikbhowmick/Python/Big_Data_Assignment/A02/airflow_env/lib/python3.11/site-packages/airflow/example_dags/example_dag_decorator.py for tasks to queue
[2024-02-27T11:06:01.625+0530] {logging_mixin.py:188} INFO - [2024-02-27T11:06:01.625+0530] {dagbag.py:540} INFO - Filling up the DagBag from /Users/anikbhowmick/Python/Big_Data_Assignment/A02/airflow_env/lib/python3.11/site-packages/airflow/example_dags/example_dag_decorator.py
[2024-02-27T11:06:01.726+0530] {processor.py:840} INFO - DAG(s) 'example_dag_decorator' retrieved from /Users/anikbhowmick/Python/Big_Data_Assignment/A02/airflow_env/lib/python3.11/site-packages/airflow/example_dags/example_dag_decorator.py
[2024-02-27T11:06:01.777+0530] {logging_mixin.py:188} INFO - [2024-02-27T11:06:01.777+0530] {dag.py:3047} INFO - Sync 1 DAGs
[2024-02-27T11:06:01.780+0530] {logging_mixin.py:188} INFO - [2024-02-27T11:06:01.780+0530] {dag.py:3834} INFO - Setting next_dagrun for example_dag_decorator to None, run_after=None
[2024-02-27T11:06:01.786+0530] {processor.py:183} INFO - Processing /Users/anikbhowmick/Python/Big_Data_Assignment/A02/airflow_env/lib/python3.11/site-packages/airflow/example_dags/example_dag_decorator.py took 0.163 seconds
[2024-02-27T11:07:41.459+0530] {processor.py:161} INFO - Started process (PID=2994) to work on /Users/anikbhowmick/Python/Big_Data_Assignment/A02/airflow_env/lib/python3.11/site-packages/airflow/example_dags/example_dag_decorator.py
[2024-02-27T11:07:41.460+0530] {processor.py:830} INFO - Processing file /Users/anikbhowmick/Python/Big_Data_Assignment/A02/airflow_env/lib/python3.11/site-packages/airflow/example_dags/example_dag_decorator.py for tasks to queue
[2024-02-27T11:07:41.461+0530] {logging_mixin.py:188} INFO - [2024-02-27T11:07:41.460+0530] {dagbag.py:540} INFO - Filling up the DagBag from /Users/anikbhowmick/Python/Big_Data_Assignment/A02/airflow_env/lib/python3.11/site-packages/airflow/example_dags/example_dag_decorator.py
[2024-02-27T11:07:41.565+0530] {processor.py:840} INFO - DAG(s) 'example_dag_decorator' retrieved from /Users/anikbhowmick/Python/Big_Data_Assignment/A02/airflow_env/lib/python3.11/site-packages/airflow/example_dags/example_dag_decorator.py
[2024-02-27T11:07:41.633+0530] {logging_mixin.py:188} INFO - [2024-02-27T11:07:41.633+0530] {dag.py:3047} INFO - Sync 1 DAGs
[2024-02-27T11:07:41.636+0530] {logging_mixin.py:188} INFO - [2024-02-27T11:07:41.636+0530] {dag.py:3834} INFO - Setting next_dagrun for example_dag_decorator to None, run_after=None
[2024-02-27T11:07:41.641+0530] {processor.py:183} INFO - Processing /Users/anikbhowmick/Python/Big_Data_Assignment/A02/airflow_env/lib/python3.11/site-packages/airflow/example_dags/example_dag_decorator.py took 0.183 seconds
[2024-02-27T11:09:27.218+0530] {processor.py:161} INFO - Started process (PID=3125) to work on /Users/anikbhowmick/Python/Big_Data_Assignment/A02/airflow_env/lib/python3.11/site-packages/airflow/example_dags/example_dag_decorator.py
[2024-02-27T11:09:27.219+0530] {processor.py:830} INFO - Processing file /Users/anikbhowmick/Python/Big_Data_Assignment/A02/airflow_env/lib/python3.11/site-packages/airflow/example_dags/example_dag_decorator.py for tasks to queue
[2024-02-27T11:09:27.220+0530] {logging_mixin.py:188} INFO - [2024-02-27T11:09:27.220+0530] {dagbag.py:540} INFO - Filling up the DagBag from /Users/anikbhowmick/Python/Big_Data_Assignment/A02/airflow_env/lib/python3.11/site-packages/airflow/example_dags/example_dag_decorator.py
[2024-02-27T11:09:27.322+0530] {processor.py:840} INFO - DAG(s) 'example_dag_decorator' retrieved from /Users/anikbhowmick/Python/Big_Data_Assignment/A02/airflow_env/lib/python3.11/site-packages/airflow/example_dags/example_dag_decorator.py
[2024-02-27T11:09:27.374+0530] {logging_mixin.py:188} INFO - [2024-02-27T11:09:27.373+0530] {dag.py:3047} INFO - Sync 1 DAGs
[2024-02-27T11:09:27.376+0530] {logging_mixin.py:188} INFO - [2024-02-27T11:09:27.376+0530] {dag.py:3834} INFO - Setting next_dagrun for example_dag_decorator to None, run_after=None
[2024-02-27T11:09:27.382+0530] {processor.py:183} INFO - Processing /Users/anikbhowmick/Python/Big_Data_Assignment/A02/airflow_env/lib/python3.11/site-packages/airflow/example_dags/example_dag_decorator.py took 0.164 seconds
[2024-02-27T11:11:02.696+0530] {processor.py:161} INFO - Started process (PID=3199) to work on /Users/anikbhowmick/Python/Big_Data_Assignment/A02/airflow_env/lib/python3.11/site-packages/airflow/example_dags/example_dag_decorator.py
[2024-02-27T11:11:02.696+0530] {processor.py:830} INFO - Processing file /Users/anikbhowmick/Python/Big_Data_Assignment/A02/airflow_env/lib/python3.11/site-packages/airflow/example_dags/example_dag_decorator.py for tasks to queue
[2024-02-27T11:11:02.697+0530] {logging_mixin.py:188} INFO - [2024-02-27T11:11:02.696+0530] {dagbag.py:540} INFO - Filling up the DagBag from /Users/anikbhowmick/Python/Big_Data_Assignment/A02/airflow_env/lib/python3.11/site-packages/airflow/example_dags/example_dag_decorator.py
[2024-02-27T11:11:02.802+0530] {processor.py:840} INFO - DAG(s) 'example_dag_decorator' retrieved from /Users/anikbhowmick/Python/Big_Data_Assignment/A02/airflow_env/lib/python3.11/site-packages/airflow/example_dags/example_dag_decorator.py
[2024-02-27T11:11:02.871+0530] {logging_mixin.py:188} INFO - [2024-02-27T11:11:02.871+0530] {dag.py:3047} INFO - Sync 1 DAGs
[2024-02-27T11:11:02.874+0530] {logging_mixin.py:188} INFO - [2024-02-27T11:11:02.874+0530] {dag.py:3834} INFO - Setting next_dagrun for example_dag_decorator to None, run_after=None
[2024-02-27T11:11:02.881+0530] {processor.py:183} INFO - Processing /Users/anikbhowmick/Python/Big_Data_Assignment/A02/airflow_env/lib/python3.11/site-packages/airflow/example_dags/example_dag_decorator.py took 0.185 seconds
[2024-02-27T11:12:45.636+0530] {processor.py:161} INFO - Started process (PID=3302) to work on /Users/anikbhowmick/Python/Big_Data_Assignment/A02/airflow_env/lib/python3.11/site-packages/airflow/example_dags/example_dag_decorator.py
[2024-02-27T11:12:45.637+0530] {processor.py:830} INFO - Processing file /Users/anikbhowmick/Python/Big_Data_Assignment/A02/airflow_env/lib/python3.11/site-packages/airflow/example_dags/example_dag_decorator.py for tasks to queue
[2024-02-27T11:12:45.637+0530] {logging_mixin.py:188} INFO - [2024-02-27T11:12:45.637+0530] {dagbag.py:540} INFO - Filling up the DagBag from /Users/anikbhowmick/Python/Big_Data_Assignment/A02/airflow_env/lib/python3.11/site-packages/airflow/example_dags/example_dag_decorator.py
[2024-02-27T11:12:45.746+0530] {processor.py:840} INFO - DAG(s) 'example_dag_decorator' retrieved from /Users/anikbhowmick/Python/Big_Data_Assignment/A02/airflow_env/lib/python3.11/site-packages/airflow/example_dags/example_dag_decorator.py
[2024-02-27T11:12:45.816+0530] {logging_mixin.py:188} INFO - [2024-02-27T11:12:45.816+0530] {dag.py:3047} INFO - Sync 1 DAGs
[2024-02-27T11:12:45.819+0530] {logging_mixin.py:188} INFO - [2024-02-27T11:12:45.819+0530] {dag.py:3834} INFO - Setting next_dagrun for example_dag_decorator to None, run_after=None
[2024-02-27T11:12:45.825+0530] {processor.py:183} INFO - Processing /Users/anikbhowmick/Python/Big_Data_Assignment/A02/airflow_env/lib/python3.11/site-packages/airflow/example_dags/example_dag_decorator.py took 0.190 seconds
[2024-02-27T11:14:36.931+0530] {processor.py:161} INFO - Started process (PID=3404) to work on /Users/anikbhowmick/Python/Big_Data_Assignment/A02/airflow_env/lib/python3.11/site-packages/airflow/example_dags/example_dag_decorator.py
[2024-02-27T11:14:36.931+0530] {processor.py:830} INFO - Processing file /Users/anikbhowmick/Python/Big_Data_Assignment/A02/airflow_env/lib/python3.11/site-packages/airflow/example_dags/example_dag_decorator.py for tasks to queue
[2024-02-27T11:14:36.932+0530] {logging_mixin.py:188} INFO - [2024-02-27T11:14:36.932+0530] {dagbag.py:540} INFO - Filling up the DagBag from /Users/anikbhowmick/Python/Big_Data_Assignment/A02/airflow_env/lib/python3.11/site-packages/airflow/example_dags/example_dag_decorator.py
[2024-02-27T11:14:37.015+0530] {processor.py:840} INFO - DAG(s) 'example_dag_decorator' retrieved from /Users/anikbhowmick/Python/Big_Data_Assignment/A02/airflow_env/lib/python3.11/site-packages/airflow/example_dags/example_dag_decorator.py
[2024-02-27T11:14:37.066+0530] {logging_mixin.py:188} INFO - [2024-02-27T11:14:37.066+0530] {dag.py:3047} INFO - Sync 1 DAGs
[2024-02-27T11:14:37.068+0530] {logging_mixin.py:188} INFO - [2024-02-27T11:14:37.068+0530] {dag.py:3834} INFO - Setting next_dagrun for example_dag_decorator to None, run_after=None
[2024-02-27T11:14:37.075+0530] {processor.py:183} INFO - Processing /Users/anikbhowmick/Python/Big_Data_Assignment/A02/airflow_env/lib/python3.11/site-packages/airflow/example_dags/example_dag_decorator.py took 0.144 seconds
[2024-02-27T11:16:17.275+0530] {processor.py:161} INFO - Started process (PID=3471) to work on /Users/anikbhowmick/Python/Big_Data_Assignment/A02/airflow_env/lib/python3.11/site-packages/airflow/example_dags/example_dag_decorator.py
[2024-02-27T11:16:17.275+0530] {processor.py:830} INFO - Processing file /Users/anikbhowmick/Python/Big_Data_Assignment/A02/airflow_env/lib/python3.11/site-packages/airflow/example_dags/example_dag_decorator.py for tasks to queue
[2024-02-27T11:16:17.275+0530] {logging_mixin.py:188} INFO - [2024-02-27T11:16:17.275+0530] {dagbag.py:540} INFO - Filling up the DagBag from /Users/anikbhowmick/Python/Big_Data_Assignment/A02/airflow_env/lib/python3.11/site-packages/airflow/example_dags/example_dag_decorator.py
[2024-02-27T11:16:17.357+0530] {processor.py:840} INFO - DAG(s) 'example_dag_decorator' retrieved from /Users/anikbhowmick/Python/Big_Data_Assignment/A02/airflow_env/lib/python3.11/site-packages/airflow/example_dags/example_dag_decorator.py
[2024-02-27T11:16:17.409+0530] {logging_mixin.py:188} INFO - [2024-02-27T11:16:17.408+0530] {dag.py:3047} INFO - Sync 1 DAGs
[2024-02-27T11:16:17.411+0530] {logging_mixin.py:188} INFO - [2024-02-27T11:16:17.411+0530] {dag.py:3834} INFO - Setting next_dagrun for example_dag_decorator to None, run_after=None
[2024-02-27T11:16:17.417+0530] {processor.py:183} INFO - Processing /Users/anikbhowmick/Python/Big_Data_Assignment/A02/airflow_env/lib/python3.11/site-packages/airflow/example_dags/example_dag_decorator.py took 0.143 seconds
[2024-02-27T11:18:11.977+0530] {processor.py:161} INFO - Started process (PID=3548) to work on /Users/anikbhowmick/Python/Big_Data_Assignment/A02/airflow_env/lib/python3.11/site-packages/airflow/example_dags/example_dag_decorator.py
[2024-02-27T11:18:11.978+0530] {processor.py:830} INFO - Processing file /Users/anikbhowmick/Python/Big_Data_Assignment/A02/airflow_env/lib/python3.11/site-packages/airflow/example_dags/example_dag_decorator.py for tasks to queue
[2024-02-27T11:18:11.978+0530] {logging_mixin.py:188} INFO - [2024-02-27T11:18:11.978+0530] {dagbag.py:540} INFO - Filling up the DagBag from /Users/anikbhowmick/Python/Big_Data_Assignment/A02/airflow_env/lib/python3.11/site-packages/airflow/example_dags/example_dag_decorator.py
[2024-02-27T11:18:12.060+0530] {processor.py:840} INFO - DAG(s) 'example_dag_decorator' retrieved from /Users/anikbhowmick/Python/Big_Data_Assignment/A02/airflow_env/lib/python3.11/site-packages/airflow/example_dags/example_dag_decorator.py
[2024-02-27T11:18:12.111+0530] {logging_mixin.py:188} INFO - [2024-02-27T11:18:12.111+0530] {dag.py:3047} INFO - Sync 1 DAGs
[2024-02-27T11:18:12.114+0530] {logging_mixin.py:188} INFO - [2024-02-27T11:18:12.114+0530] {dag.py:3834} INFO - Setting next_dagrun for example_dag_decorator to None, run_after=None
[2024-02-27T11:18:12.120+0530] {processor.py:183} INFO - Processing /Users/anikbhowmick/Python/Big_Data_Assignment/A02/airflow_env/lib/python3.11/site-packages/airflow/example_dags/example_dag_decorator.py took 0.143 seconds
[2024-02-27T11:20:48.108+0530] {processor.py:161} INFO - Started process (PID=3689) to work on /Users/anikbhowmick/Python/Big_Data_Assignment/A02/airflow_env/lib/python3.11/site-packages/airflow/example_dags/example_dag_decorator.py
[2024-02-27T11:20:48.109+0530] {processor.py:830} INFO - Processing file /Users/anikbhowmick/Python/Big_Data_Assignment/A02/airflow_env/lib/python3.11/site-packages/airflow/example_dags/example_dag_decorator.py for tasks to queue
[2024-02-27T11:20:48.110+0530] {logging_mixin.py:188} INFO - [2024-02-27T11:20:48.110+0530] {dagbag.py:540} INFO - Filling up the DagBag from /Users/anikbhowmick/Python/Big_Data_Assignment/A02/airflow_env/lib/python3.11/site-packages/airflow/example_dags/example_dag_decorator.py
[2024-02-27T11:20:48.212+0530] {processor.py:840} INFO - DAG(s) 'example_dag_decorator' retrieved from /Users/anikbhowmick/Python/Big_Data_Assignment/A02/airflow_env/lib/python3.11/site-packages/airflow/example_dags/example_dag_decorator.py
[2024-02-27T11:20:48.263+0530] {logging_mixin.py:188} INFO - [2024-02-27T11:20:48.262+0530] {dag.py:3047} INFO - Sync 1 DAGs
[2024-02-27T11:20:48.265+0530] {logging_mixin.py:188} INFO - [2024-02-27T11:20:48.265+0530] {dag.py:3834} INFO - Setting next_dagrun for example_dag_decorator to None, run_after=None
[2024-02-27T11:20:48.271+0530] {processor.py:183} INFO - Processing /Users/anikbhowmick/Python/Big_Data_Assignment/A02/airflow_env/lib/python3.11/site-packages/airflow/example_dags/example_dag_decorator.py took 0.163 seconds
[2024-02-27T11:23:08.508+0530] {processor.py:161} INFO - Started process (PID=3817) to work on /Users/anikbhowmick/Python/Big_Data_Assignment/A02/airflow_env/lib/python3.11/site-packages/airflow/example_dags/example_dag_decorator.py
[2024-02-27T11:23:08.509+0530] {processor.py:830} INFO - Processing file /Users/anikbhowmick/Python/Big_Data_Assignment/A02/airflow_env/lib/python3.11/site-packages/airflow/example_dags/example_dag_decorator.py for tasks to queue
[2024-02-27T11:23:08.509+0530] {logging_mixin.py:188} INFO - [2024-02-27T11:23:08.509+0530] {dagbag.py:540} INFO - Filling up the DagBag from /Users/anikbhowmick/Python/Big_Data_Assignment/A02/airflow_env/lib/python3.11/site-packages/airflow/example_dags/example_dag_decorator.py
[2024-02-27T11:23:08.611+0530] {processor.py:840} INFO - DAG(s) 'example_dag_decorator' retrieved from /Users/anikbhowmick/Python/Big_Data_Assignment/A02/airflow_env/lib/python3.11/site-packages/airflow/example_dags/example_dag_decorator.py
[2024-02-27T11:23:08.662+0530] {logging_mixin.py:188} INFO - [2024-02-27T11:23:08.662+0530] {dag.py:3047} INFO - Sync 1 DAGs
[2024-02-27T11:23:08.665+0530] {logging_mixin.py:188} INFO - [2024-02-27T11:23:08.665+0530] {dag.py:3834} INFO - Setting next_dagrun for example_dag_decorator to None, run_after=None
[2024-02-27T11:23:08.671+0530] {processor.py:183} INFO - Processing /Users/anikbhowmick/Python/Big_Data_Assignment/A02/airflow_env/lib/python3.11/site-packages/airflow/example_dags/example_dag_decorator.py took 0.163 seconds
[2024-02-27T11:25:01.474+0530] {processor.py:161} INFO - Started process (PID=3934) to work on /Users/anikbhowmick/Python/Big_Data_Assignment/A02/airflow_env/lib/python3.11/site-packages/airflow/example_dags/example_dag_decorator.py
[2024-02-27T11:25:01.475+0530] {processor.py:830} INFO - Processing file /Users/anikbhowmick/Python/Big_Data_Assignment/A02/airflow_env/lib/python3.11/site-packages/airflow/example_dags/example_dag_decorator.py for tasks to queue
[2024-02-27T11:25:01.475+0530] {logging_mixin.py:188} INFO - [2024-02-27T11:25:01.475+0530] {dagbag.py:540} INFO - Filling up the DagBag from /Users/anikbhowmick/Python/Big_Data_Assignment/A02/airflow_env/lib/python3.11/site-packages/airflow/example_dags/example_dag_decorator.py
[2024-02-27T11:25:01.556+0530] {processor.py:840} INFO - DAG(s) 'example_dag_decorator' retrieved from /Users/anikbhowmick/Python/Big_Data_Assignment/A02/airflow_env/lib/python3.11/site-packages/airflow/example_dags/example_dag_decorator.py
[2024-02-27T11:25:01.607+0530] {logging_mixin.py:188} INFO - [2024-02-27T11:25:01.607+0530] {dag.py:3047} INFO - Sync 1 DAGs
[2024-02-27T11:25:01.609+0530] {logging_mixin.py:188} INFO - [2024-02-27T11:25:01.609+0530] {dag.py:3834} INFO - Setting next_dagrun for example_dag_decorator to None, run_after=None
[2024-02-27T11:25:01.615+0530] {processor.py:183} INFO - Processing /Users/anikbhowmick/Python/Big_Data_Assignment/A02/airflow_env/lib/python3.11/site-packages/airflow/example_dags/example_dag_decorator.py took 0.142 seconds
[2024-02-27T11:26:46.435+0530] {processor.py:161} INFO - Started process (PID=4005) to work on /Users/anikbhowmick/Python/Big_Data_Assignment/A02/airflow_env/lib/python3.11/site-packages/airflow/example_dags/example_dag_decorator.py
[2024-02-27T11:26:46.436+0530] {processor.py:830} INFO - Processing file /Users/anikbhowmick/Python/Big_Data_Assignment/A02/airflow_env/lib/python3.11/site-packages/airflow/example_dags/example_dag_decorator.py for tasks to queue
[2024-02-27T11:26:46.436+0530] {logging_mixin.py:188} INFO - [2024-02-27T11:26:46.436+0530] {dagbag.py:540} INFO - Filling up the DagBag from /Users/anikbhowmick/Python/Big_Data_Assignment/A02/airflow_env/lib/python3.11/site-packages/airflow/example_dags/example_dag_decorator.py
[2024-02-27T11:26:46.543+0530] {processor.py:840} INFO - DAG(s) 'example_dag_decorator' retrieved from /Users/anikbhowmick/Python/Big_Data_Assignment/A02/airflow_env/lib/python3.11/site-packages/airflow/example_dags/example_dag_decorator.py
[2024-02-27T11:26:46.616+0530] {logging_mixin.py:188} INFO - [2024-02-27T11:26:46.616+0530] {dag.py:3047} INFO - Sync 1 DAGs
[2024-02-27T11:26:46.619+0530] {logging_mixin.py:188} INFO - [2024-02-27T11:26:46.619+0530] {dag.py:3834} INFO - Setting next_dagrun for example_dag_decorator to None, run_after=None
[2024-02-27T11:26:46.625+0530] {processor.py:183} INFO - Processing /Users/anikbhowmick/Python/Big_Data_Assignment/A02/airflow_env/lib/python3.11/site-packages/airflow/example_dags/example_dag_decorator.py took 0.190 seconds
[2024-02-27T11:28:54.634+0530] {processor.py:161} INFO - Started process (PID=4143) to work on /Users/anikbhowmick/Python/Big_Data_Assignment/A02/airflow_env/lib/python3.11/site-packages/airflow/example_dags/example_dag_decorator.py
[2024-02-27T11:28:54.635+0530] {processor.py:830} INFO - Processing file /Users/anikbhowmick/Python/Big_Data_Assignment/A02/airflow_env/lib/python3.11/site-packages/airflow/example_dags/example_dag_decorator.py for tasks to queue
[2024-02-27T11:28:54.635+0530] {logging_mixin.py:188} INFO - [2024-02-27T11:28:54.635+0530] {dagbag.py:540} INFO - Filling up the DagBag from /Users/anikbhowmick/Python/Big_Data_Assignment/A02/airflow_env/lib/python3.11/site-packages/airflow/example_dags/example_dag_decorator.py
[2024-02-27T11:28:54.715+0530] {processor.py:840} INFO - DAG(s) 'example_dag_decorator' retrieved from /Users/anikbhowmick/Python/Big_Data_Assignment/A02/airflow_env/lib/python3.11/site-packages/airflow/example_dags/example_dag_decorator.py
[2024-02-27T11:28:54.766+0530] {logging_mixin.py:188} INFO - [2024-02-27T11:28:54.766+0530] {dag.py:3047} INFO - Sync 1 DAGs
[2024-02-27T11:28:54.769+0530] {logging_mixin.py:188} INFO - [2024-02-27T11:28:54.769+0530] {dag.py:3834} INFO - Setting next_dagrun for example_dag_decorator to None, run_after=None
[2024-02-27T11:28:54.775+0530] {processor.py:183} INFO - Processing /Users/anikbhowmick/Python/Big_Data_Assignment/A02/airflow_env/lib/python3.11/site-packages/airflow/example_dags/example_dag_decorator.py took 0.142 seconds
[2024-02-27T11:30:40.319+0530] {processor.py:161} INFO - Started process (PID=4234) to work on /Users/anikbhowmick/Python/Big_Data_Assignment/A02/airflow_env/lib/python3.11/site-packages/airflow/example_dags/example_dag_decorator.py
[2024-02-27T11:30:40.321+0530] {processor.py:830} INFO - Processing file /Users/anikbhowmick/Python/Big_Data_Assignment/A02/airflow_env/lib/python3.11/site-packages/airflow/example_dags/example_dag_decorator.py for tasks to queue
[2024-02-27T11:30:40.321+0530] {logging_mixin.py:188} INFO - [2024-02-27T11:30:40.321+0530] {dagbag.py:540} INFO - Filling up the DagBag from /Users/anikbhowmick/Python/Big_Data_Assignment/A02/airflow_env/lib/python3.11/site-packages/airflow/example_dags/example_dag_decorator.py
[2024-02-27T11:30:40.431+0530] {processor.py:840} INFO - DAG(s) 'example_dag_decorator' retrieved from /Users/anikbhowmick/Python/Big_Data_Assignment/A02/airflow_env/lib/python3.11/site-packages/airflow/example_dags/example_dag_decorator.py
[2024-02-27T11:30:40.500+0530] {logging_mixin.py:188} INFO - [2024-02-27T11:30:40.500+0530] {dag.py:3047} INFO - Sync 1 DAGs
[2024-02-27T11:30:40.503+0530] {logging_mixin.py:188} INFO - [2024-02-27T11:30:40.503+0530] {dag.py:3834} INFO - Setting next_dagrun for example_dag_decorator to None, run_after=None
[2024-02-27T11:30:40.509+0530] {processor.py:183} INFO - Processing /Users/anikbhowmick/Python/Big_Data_Assignment/A02/airflow_env/lib/python3.11/site-packages/airflow/example_dags/example_dag_decorator.py took 0.190 seconds
[2024-02-27T11:32:25.236+0530] {processor.py:161} INFO - Started process (PID=4308) to work on /Users/anikbhowmick/Python/Big_Data_Assignment/A02/airflow_env/lib/python3.11/site-packages/airflow/example_dags/example_dag_decorator.py
[2024-02-27T11:32:25.237+0530] {processor.py:830} INFO - Processing file /Users/anikbhowmick/Python/Big_Data_Assignment/A02/airflow_env/lib/python3.11/site-packages/airflow/example_dags/example_dag_decorator.py for tasks to queue
[2024-02-27T11:32:25.237+0530] {logging_mixin.py:188} INFO - [2024-02-27T11:32:25.237+0530] {dagbag.py:540} INFO - Filling up the DagBag from /Users/anikbhowmick/Python/Big_Data_Assignment/A02/airflow_env/lib/python3.11/site-packages/airflow/example_dags/example_dag_decorator.py
[2024-02-27T11:32:25.348+0530] {processor.py:840} INFO - DAG(s) 'example_dag_decorator' retrieved from /Users/anikbhowmick/Python/Big_Data_Assignment/A02/airflow_env/lib/python3.11/site-packages/airflow/example_dags/example_dag_decorator.py
[2024-02-27T11:32:25.418+0530] {logging_mixin.py:188} INFO - [2024-02-27T11:32:25.418+0530] {dag.py:3047} INFO - Sync 1 DAGs
[2024-02-27T11:32:25.420+0530] {logging_mixin.py:188} INFO - [2024-02-27T11:32:25.420+0530] {dag.py:3834} INFO - Setting next_dagrun for example_dag_decorator to None, run_after=None
[2024-02-27T11:32:25.427+0530] {processor.py:183} INFO - Processing /Users/anikbhowmick/Python/Big_Data_Assignment/A02/airflow_env/lib/python3.11/site-packages/airflow/example_dags/example_dag_decorator.py took 0.192 seconds
[2024-02-27T11:34:34.385+0530] {processor.py:161} INFO - Started process (PID=4453) to work on /Users/anikbhowmick/Python/Big_Data_Assignment/A02/airflow_env/lib/python3.11/site-packages/airflow/example_dags/example_dag_decorator.py
[2024-02-27T11:34:34.386+0530] {processor.py:830} INFO - Processing file /Users/anikbhowmick/Python/Big_Data_Assignment/A02/airflow_env/lib/python3.11/site-packages/airflow/example_dags/example_dag_decorator.py for tasks to queue
[2024-02-27T11:34:34.386+0530] {logging_mixin.py:188} INFO - [2024-02-27T11:34:34.386+0530] {dagbag.py:540} INFO - Filling up the DagBag from /Users/anikbhowmick/Python/Big_Data_Assignment/A02/airflow_env/lib/python3.11/site-packages/airflow/example_dags/example_dag_decorator.py
[2024-02-27T11:34:34.487+0530] {processor.py:840} INFO - DAG(s) 'example_dag_decorator' retrieved from /Users/anikbhowmick/Python/Big_Data_Assignment/A02/airflow_env/lib/python3.11/site-packages/airflow/example_dags/example_dag_decorator.py
[2024-02-27T11:34:34.548+0530] {logging_mixin.py:188} INFO - [2024-02-27T11:34:34.548+0530] {dag.py:3047} INFO - Sync 1 DAGs
[2024-02-27T11:34:34.551+0530] {logging_mixin.py:188} INFO - [2024-02-27T11:34:34.551+0530] {dag.py:3834} INFO - Setting next_dagrun for example_dag_decorator to None, run_after=None
[2024-02-27T11:34:34.558+0530] {processor.py:183} INFO - Processing /Users/anikbhowmick/Python/Big_Data_Assignment/A02/airflow_env/lib/python3.11/site-packages/airflow/example_dags/example_dag_decorator.py took 0.174 seconds
[2024-02-27T11:36:16.578+0530] {processor.py:161} INFO - Started process (PID=4522) to work on /Users/anikbhowmick/Python/Big_Data_Assignment/A02/airflow_env/lib/python3.11/site-packages/airflow/example_dags/example_dag_decorator.py
[2024-02-27T11:36:16.579+0530] {processor.py:830} INFO - Processing file /Users/anikbhowmick/Python/Big_Data_Assignment/A02/airflow_env/lib/python3.11/site-packages/airflow/example_dags/example_dag_decorator.py for tasks to queue
[2024-02-27T11:36:16.579+0530] {logging_mixin.py:188} INFO - [2024-02-27T11:36:16.579+0530] {dagbag.py:540} INFO - Filling up the DagBag from /Users/anikbhowmick/Python/Big_Data_Assignment/A02/airflow_env/lib/python3.11/site-packages/airflow/example_dags/example_dag_decorator.py
[2024-02-27T11:36:16.691+0530] {processor.py:840} INFO - DAG(s) 'example_dag_decorator' retrieved from /Users/anikbhowmick/Python/Big_Data_Assignment/A02/airflow_env/lib/python3.11/site-packages/airflow/example_dags/example_dag_decorator.py
[2024-02-27T11:36:16.746+0530] {logging_mixin.py:188} INFO - [2024-02-27T11:36:16.746+0530] {dag.py:3047} INFO - Sync 1 DAGs
[2024-02-27T11:36:16.749+0530] {logging_mixin.py:188} INFO - [2024-02-27T11:36:16.748+0530] {dag.py:3834} INFO - Setting next_dagrun for example_dag_decorator to None, run_after=None
[2024-02-27T11:36:16.755+0530] {processor.py:183} INFO - Processing /Users/anikbhowmick/Python/Big_Data_Assignment/A02/airflow_env/lib/python3.11/site-packages/airflow/example_dags/example_dag_decorator.py took 0.178 seconds
[2024-02-27T11:40:10.373+0530] {processor.py:161} INFO - Started process (PID=4669) to work on /Users/anikbhowmick/Python/Big_Data_Assignment/A02/airflow_env/lib/python3.11/site-packages/airflow/example_dags/example_dag_decorator.py
[2024-02-27T11:40:10.374+0530] {processor.py:830} INFO - Processing file /Users/anikbhowmick/Python/Big_Data_Assignment/A02/airflow_env/lib/python3.11/site-packages/airflow/example_dags/example_dag_decorator.py for tasks to queue
[2024-02-27T11:40:10.374+0530] {logging_mixin.py:188} INFO - [2024-02-27T11:40:10.374+0530] {dagbag.py:540} INFO - Filling up the DagBag from /Users/anikbhowmick/Python/Big_Data_Assignment/A02/airflow_env/lib/python3.11/site-packages/airflow/example_dags/example_dag_decorator.py
[2024-02-27T11:40:10.455+0530] {processor.py:840} INFO - DAG(s) 'example_dag_decorator' retrieved from /Users/anikbhowmick/Python/Big_Data_Assignment/A02/airflow_env/lib/python3.11/site-packages/airflow/example_dags/example_dag_decorator.py
[2024-02-27T11:40:10.507+0530] {logging_mixin.py:188} INFO - [2024-02-27T11:40:10.507+0530] {dag.py:3047} INFO - Sync 1 DAGs
[2024-02-27T11:40:10.509+0530] {logging_mixin.py:188} INFO - [2024-02-27T11:40:10.509+0530] {dag.py:3834} INFO - Setting next_dagrun for example_dag_decorator to None, run_after=None
[2024-02-27T11:40:10.515+0530] {processor.py:183} INFO - Processing /Users/anikbhowmick/Python/Big_Data_Assignment/A02/airflow_env/lib/python3.11/site-packages/airflow/example_dags/example_dag_decorator.py took 0.143 seconds
[2024-02-27T11:42:12.079+0530] {processor.py:161} INFO - Started process (PID=4754) to work on /Users/anikbhowmick/Python/Big_Data_Assignment/A02/airflow_env/lib/python3.11/site-packages/airflow/example_dags/example_dag_decorator.py
[2024-02-27T11:42:12.079+0530] {processor.py:830} INFO - Processing file /Users/anikbhowmick/Python/Big_Data_Assignment/A02/airflow_env/lib/python3.11/site-packages/airflow/example_dags/example_dag_decorator.py for tasks to queue
[2024-02-27T11:42:12.079+0530] {logging_mixin.py:188} INFO - [2024-02-27T11:42:12.079+0530] {dagbag.py:540} INFO - Filling up the DagBag from /Users/anikbhowmick/Python/Big_Data_Assignment/A02/airflow_env/lib/python3.11/site-packages/airflow/example_dags/example_dag_decorator.py
[2024-02-27T11:42:12.161+0530] {processor.py:840} INFO - DAG(s) 'example_dag_decorator' retrieved from /Users/anikbhowmick/Python/Big_Data_Assignment/A02/airflow_env/lib/python3.11/site-packages/airflow/example_dags/example_dag_decorator.py
[2024-02-27T11:42:12.211+0530] {logging_mixin.py:188} INFO - [2024-02-27T11:42:12.211+0530] {dag.py:3047} INFO - Sync 1 DAGs
[2024-02-27T11:42:12.214+0530] {logging_mixin.py:188} INFO - [2024-02-27T11:42:12.214+0530] {dag.py:3834} INFO - Setting next_dagrun for example_dag_decorator to None, run_after=None
[2024-02-27T11:42:12.220+0530] {processor.py:183} INFO - Processing /Users/anikbhowmick/Python/Big_Data_Assignment/A02/airflow_env/lib/python3.11/site-packages/airflow/example_dags/example_dag_decorator.py took 0.142 seconds
