[2024-02-27T10:46:55.001+0530] {processor.py:161} INFO - Started process (PID=1625) to work on /Users/anikbhowmick/Python/Big_Data_Assignment/A02/airflow_env/lib/python3.11/site-packages/airflow/example_dags/example_complex.py
[2024-02-27T10:46:55.002+0530] {processor.py:830} INFO - Processing file /Users/anikbhowmick/Python/Big_Data_Assignment/A02/airflow_env/lib/python3.11/site-packages/airflow/example_dags/example_complex.py for tasks to queue
[2024-02-27T10:46:55.002+0530] {logging_mixin.py:188} INFO - [2024-02-27T10:46:55.002+0530] {dagbag.py:540} INFO - Filling up the DagBag from /Users/anikbhowmick/Python/Big_Data_Assignment/A02/airflow_env/lib/python3.11/site-packages/airflow/example_dags/example_complex.py
[2024-02-27T10:46:55.006+0530] {processor.py:840} INFO - DAG(s) 'example_complex' retrieved from /Users/anikbhowmick/Python/Big_Data_Assignment/A02/airflow_env/lib/python3.11/site-packages/airflow/example_dags/example_complex.py
[2024-02-27T10:46:55.060+0530] {logging_mixin.py:188} INFO - [2024-02-27T10:46:55.060+0530] {dag.py:3047} INFO - Sync 1 DAGs
[2024-02-27T10:46:55.063+0530] {logging_mixin.py:188} INFO - [2024-02-27T10:46:55.063+0530] {dag.py:3834} INFO - Setting next_dagrun for example_complex to None, run_after=None
[2024-02-27T10:46:55.069+0530] {processor.py:183} INFO - Processing /Users/anikbhowmick/Python/Big_Data_Assignment/A02/airflow_env/lib/python3.11/site-packages/airflow/example_dags/example_complex.py took 0.068 seconds
[2024-02-27T10:50:17.255+0530] {processor.py:161} INFO - Started process (PID=1804) to work on /Users/anikbhowmick/Python/Big_Data_Assignment/A02/airflow_env/lib/python3.11/site-packages/airflow/example_dags/example_complex.py
[2024-02-27T10:50:17.256+0530] {processor.py:830} INFO - Processing file /Users/anikbhowmick/Python/Big_Data_Assignment/A02/airflow_env/lib/python3.11/site-packages/airflow/example_dags/example_complex.py for tasks to queue
[2024-02-27T10:50:17.256+0530] {logging_mixin.py:188} INFO - [2024-02-27T10:50:17.256+0530] {dagbag.py:540} INFO - Filling up the DagBag from /Users/anikbhowmick/Python/Big_Data_Assignment/A02/airflow_env/lib/python3.11/site-packages/airflow/example_dags/example_complex.py
[2024-02-27T10:50:17.261+0530] {processor.py:840} INFO - DAG(s) 'example_complex' retrieved from /Users/anikbhowmick/Python/Big_Data_Assignment/A02/airflow_env/lib/python3.11/site-packages/airflow/example_dags/example_complex.py
[2024-02-27T10:50:17.313+0530] {logging_mixin.py:188} INFO - [2024-02-27T10:50:17.313+0530] {dag.py:3047} INFO - Sync 1 DAGs
[2024-02-27T10:50:17.316+0530] {logging_mixin.py:188} INFO - [2024-02-27T10:50:17.316+0530] {dag.py:3834} INFO - Setting next_dagrun for example_complex to None, run_after=None
[2024-02-27T10:50:17.322+0530] {processor.py:183} INFO - Processing /Users/anikbhowmick/Python/Big_Data_Assignment/A02/airflow_env/lib/python3.11/site-packages/airflow/example_dags/example_complex.py took 0.067 seconds
[2024-02-27T10:53:23.239+0530] {processor.py:161} INFO - Started process (PID=2019) to work on /Users/anikbhowmick/Python/Big_Data_Assignment/A02/airflow_env/lib/python3.11/site-packages/airflow/example_dags/example_complex.py
[2024-02-27T10:53:23.240+0530] {processor.py:830} INFO - Processing file /Users/anikbhowmick/Python/Big_Data_Assignment/A02/airflow_env/lib/python3.11/site-packages/airflow/example_dags/example_complex.py for tasks to queue
[2024-02-27T10:53:23.240+0530] {logging_mixin.py:188} INFO - [2024-02-27T10:53:23.240+0530] {dagbag.py:540} INFO - Filling up the DagBag from /Users/anikbhowmick/Python/Big_Data_Assignment/A02/airflow_env/lib/python3.11/site-packages/airflow/example_dags/example_complex.py
[2024-02-27T10:53:23.244+0530] {processor.py:840} INFO - DAG(s) 'example_complex' retrieved from /Users/anikbhowmick/Python/Big_Data_Assignment/A02/airflow_env/lib/python3.11/site-packages/airflow/example_dags/example_complex.py
[2024-02-27T10:53:23.296+0530] {logging_mixin.py:188} INFO - [2024-02-27T10:53:23.296+0530] {dag.py:3047} INFO - Sync 1 DAGs
[2024-02-27T10:53:23.299+0530] {logging_mixin.py:188} INFO - [2024-02-27T10:53:23.299+0530] {dag.py:3834} INFO - Setting next_dagrun for example_complex to None, run_after=None
[2024-02-27T10:53:23.305+0530] {processor.py:183} INFO - Processing /Users/anikbhowmick/Python/Big_Data_Assignment/A02/airflow_env/lib/python3.11/site-packages/airflow/example_dags/example_complex.py took 0.067 seconds
[2024-02-27T10:56:31.201+0530] {processor.py:161} INFO - Started process (PID=2264) to work on /Users/anikbhowmick/Python/Big_Data_Assignment/A02/airflow_env/lib/python3.11/site-packages/airflow/example_dags/example_complex.py
[2024-02-27T10:56:31.201+0530] {processor.py:830} INFO - Processing file /Users/anikbhowmick/Python/Big_Data_Assignment/A02/airflow_env/lib/python3.11/site-packages/airflow/example_dags/example_complex.py for tasks to queue
[2024-02-27T10:56:31.202+0530] {logging_mixin.py:188} INFO - [2024-02-27T10:56:31.202+0530] {dagbag.py:540} INFO - Filling up the DagBag from /Users/anikbhowmick/Python/Big_Data_Assignment/A02/airflow_env/lib/python3.11/site-packages/airflow/example_dags/example_complex.py
[2024-02-27T10:56:31.206+0530] {processor.py:840} INFO - DAG(s) 'example_complex' retrieved from /Users/anikbhowmick/Python/Big_Data_Assignment/A02/airflow_env/lib/python3.11/site-packages/airflow/example_dags/example_complex.py
[2024-02-27T10:56:31.259+0530] {logging_mixin.py:188} INFO - [2024-02-27T10:56:31.259+0530] {dag.py:3047} INFO - Sync 1 DAGs
[2024-02-27T10:56:31.262+0530] {logging_mixin.py:188} INFO - [2024-02-27T10:56:31.262+0530] {dag.py:3834} INFO - Setting next_dagrun for example_complex to None, run_after=None
[2024-02-27T10:56:31.269+0530] {processor.py:183} INFO - Processing /Users/anikbhowmick/Python/Big_Data_Assignment/A02/airflow_env/lib/python3.11/site-packages/airflow/example_dags/example_complex.py took 0.068 seconds
[2024-02-27T10:58:15.342+0530] {processor.py:161} INFO - Started process (PID=2401) to work on /Users/anikbhowmick/Python/Big_Data_Assignment/A02/airflow_env/lib/python3.11/site-packages/airflow/example_dags/example_complex.py
[2024-02-27T10:58:15.343+0530] {processor.py:830} INFO - Processing file /Users/anikbhowmick/Python/Big_Data_Assignment/A02/airflow_env/lib/python3.11/site-packages/airflow/example_dags/example_complex.py for tasks to queue
[2024-02-27T10:58:15.343+0530] {logging_mixin.py:188} INFO - [2024-02-27T10:58:15.343+0530] {dagbag.py:540} INFO - Filling up the DagBag from /Users/anikbhowmick/Python/Big_Data_Assignment/A02/airflow_env/lib/python3.11/site-packages/airflow/example_dags/example_complex.py
[2024-02-27T10:58:15.348+0530] {processor.py:840} INFO - DAG(s) 'example_complex' retrieved from /Users/anikbhowmick/Python/Big_Data_Assignment/A02/airflow_env/lib/python3.11/site-packages/airflow/example_dags/example_complex.py
[2024-02-27T10:58:15.402+0530] {logging_mixin.py:188} INFO - [2024-02-27T10:58:15.401+0530] {dag.py:3047} INFO - Sync 1 DAGs
[2024-02-27T10:58:15.404+0530] {logging_mixin.py:188} INFO - [2024-02-27T10:58:15.404+0530] {dag.py:3834} INFO - Setting next_dagrun for example_complex to None, run_after=None
[2024-02-27T10:58:15.411+0530] {processor.py:183} INFO - Processing /Users/anikbhowmick/Python/Big_Data_Assignment/A02/airflow_env/lib/python3.11/site-packages/airflow/example_dags/example_complex.py took 0.069 seconds
[2024-02-27T11:00:03.816+0530] {processor.py:161} INFO - Started process (PID=2512) to work on /Users/anikbhowmick/Python/Big_Data_Assignment/A02/airflow_env/lib/python3.11/site-packages/airflow/example_dags/example_complex.py
[2024-02-27T11:00:03.817+0530] {processor.py:830} INFO - Processing file /Users/anikbhowmick/Python/Big_Data_Assignment/A02/airflow_env/lib/python3.11/site-packages/airflow/example_dags/example_complex.py for tasks to queue
[2024-02-27T11:00:03.818+0530] {logging_mixin.py:188} INFO - [2024-02-27T11:00:03.817+0530] {dagbag.py:540} INFO - Filling up the DagBag from /Users/anikbhowmick/Python/Big_Data_Assignment/A02/airflow_env/lib/python3.11/site-packages/airflow/example_dags/example_complex.py
[2024-02-27T11:00:03.822+0530] {processor.py:840} INFO - DAG(s) 'example_complex' retrieved from /Users/anikbhowmick/Python/Big_Data_Assignment/A02/airflow_env/lib/python3.11/site-packages/airflow/example_dags/example_complex.py
[2024-02-27T11:00:03.876+0530] {logging_mixin.py:188} INFO - [2024-02-27T11:00:03.876+0530] {dag.py:3047} INFO - Sync 1 DAGs
[2024-02-27T11:00:03.879+0530] {logging_mixin.py:188} INFO - [2024-02-27T11:00:03.879+0530] {dag.py:3834} INFO - Setting next_dagrun for example_complex to None, run_after=None
[2024-02-27T11:00:03.885+0530] {processor.py:183} INFO - Processing /Users/anikbhowmick/Python/Big_Data_Assignment/A02/airflow_env/lib/python3.11/site-packages/airflow/example_dags/example_complex.py took 0.070 seconds
[2024-02-27T11:02:31.206+0530] {processor.py:161} INFO - Started process (PID=2713) to work on /Users/anikbhowmick/Python/Big_Data_Assignment/A02/airflow_env/lib/python3.11/site-packages/airflow/example_dags/example_complex.py
[2024-02-27T11:02:31.208+0530] {processor.py:830} INFO - Processing file /Users/anikbhowmick/Python/Big_Data_Assignment/A02/airflow_env/lib/python3.11/site-packages/airflow/example_dags/example_complex.py for tasks to queue
[2024-02-27T11:02:31.208+0530] {logging_mixin.py:188} INFO - [2024-02-27T11:02:31.208+0530] {dagbag.py:540} INFO - Filling up the DagBag from /Users/anikbhowmick/Python/Big_Data_Assignment/A02/airflow_env/lib/python3.11/site-packages/airflow/example_dags/example_complex.py
[2024-02-27T11:02:31.212+0530] {processor.py:840} INFO - DAG(s) 'example_complex' retrieved from /Users/anikbhowmick/Python/Big_Data_Assignment/A02/airflow_env/lib/python3.11/site-packages/airflow/example_dags/example_complex.py
[2024-02-27T11:02:31.264+0530] {logging_mixin.py:188} INFO - [2024-02-27T11:02:31.264+0530] {dag.py:3047} INFO - Sync 1 DAGs
[2024-02-27T11:02:31.267+0530] {logging_mixin.py:188} INFO - [2024-02-27T11:02:31.267+0530] {dag.py:3834} INFO - Setting next_dagrun for example_complex to None, run_after=None
[2024-02-27T11:02:31.273+0530] {processor.py:183} INFO - Processing /Users/anikbhowmick/Python/Big_Data_Assignment/A02/airflow_env/lib/python3.11/site-packages/airflow/example_dags/example_complex.py took 0.067 seconds
[2024-02-27T11:04:11.237+0530] {processor.py:161} INFO - Started process (PID=2826) to work on /Users/anikbhowmick/Python/Big_Data_Assignment/A02/airflow_env/lib/python3.11/site-packages/airflow/example_dags/example_complex.py
[2024-02-27T11:04:11.238+0530] {processor.py:830} INFO - Processing file /Users/anikbhowmick/Python/Big_Data_Assignment/A02/airflow_env/lib/python3.11/site-packages/airflow/example_dags/example_complex.py for tasks to queue
[2024-02-27T11:04:11.238+0530] {logging_mixin.py:188} INFO - [2024-02-27T11:04:11.238+0530] {dagbag.py:540} INFO - Filling up the DagBag from /Users/anikbhowmick/Python/Big_Data_Assignment/A02/airflow_env/lib/python3.11/site-packages/airflow/example_dags/example_complex.py
[2024-02-27T11:04:11.242+0530] {processor.py:840} INFO - DAG(s) 'example_complex' retrieved from /Users/anikbhowmick/Python/Big_Data_Assignment/A02/airflow_env/lib/python3.11/site-packages/airflow/example_dags/example_complex.py
[2024-02-27T11:04:11.295+0530] {logging_mixin.py:188} INFO - [2024-02-27T11:04:11.295+0530] {dag.py:3047} INFO - Sync 1 DAGs
[2024-02-27T11:04:11.298+0530] {logging_mixin.py:188} INFO - [2024-02-27T11:04:11.298+0530] {dag.py:3834} INFO - Setting next_dagrun for example_complex to None, run_after=None
[2024-02-27T11:04:11.304+0530] {processor.py:183} INFO - Processing /Users/anikbhowmick/Python/Big_Data_Assignment/A02/airflow_env/lib/python3.11/site-packages/airflow/example_dags/example_complex.py took 0.068 seconds
[2024-02-27T11:06:03.464+0530] {processor.py:161} INFO - Started process (PID=2927) to work on /Users/anikbhowmick/Python/Big_Data_Assignment/A02/airflow_env/lib/python3.11/site-packages/airflow/example_dags/example_complex.py
[2024-02-27T11:06:03.465+0530] {processor.py:830} INFO - Processing file /Users/anikbhowmick/Python/Big_Data_Assignment/A02/airflow_env/lib/python3.11/site-packages/airflow/example_dags/example_complex.py for tasks to queue
[2024-02-27T11:06:03.465+0530] {logging_mixin.py:188} INFO - [2024-02-27T11:06:03.465+0530] {dagbag.py:540} INFO - Filling up the DagBag from /Users/anikbhowmick/Python/Big_Data_Assignment/A02/airflow_env/lib/python3.11/site-packages/airflow/example_dags/example_complex.py
[2024-02-27T11:06:03.469+0530] {processor.py:840} INFO - DAG(s) 'example_complex' retrieved from /Users/anikbhowmick/Python/Big_Data_Assignment/A02/airflow_env/lib/python3.11/site-packages/airflow/example_dags/example_complex.py
[2024-02-27T11:06:03.522+0530] {logging_mixin.py:188} INFO - [2024-02-27T11:06:03.522+0530] {dag.py:3047} INFO - Sync 1 DAGs
[2024-02-27T11:06:03.525+0530] {logging_mixin.py:188} INFO - [2024-02-27T11:06:03.525+0530] {dag.py:3834} INFO - Setting next_dagrun for example_complex to None, run_after=None
[2024-02-27T11:06:03.531+0530] {processor.py:183} INFO - Processing /Users/anikbhowmick/Python/Big_Data_Assignment/A02/airflow_env/lib/python3.11/site-packages/airflow/example_dags/example_complex.py took 0.068 seconds
[2024-02-27T11:07:43.326+0530] {processor.py:161} INFO - Started process (PID=2995) to work on /Users/anikbhowmick/Python/Big_Data_Assignment/A02/airflow_env/lib/python3.11/site-packages/airflow/example_dags/example_complex.py
[2024-02-27T11:07:43.327+0530] {processor.py:830} INFO - Processing file /Users/anikbhowmick/Python/Big_Data_Assignment/A02/airflow_env/lib/python3.11/site-packages/airflow/example_dags/example_complex.py for tasks to queue
[2024-02-27T11:07:43.327+0530] {logging_mixin.py:188} INFO - [2024-02-27T11:07:43.327+0530] {dagbag.py:540} INFO - Filling up the DagBag from /Users/anikbhowmick/Python/Big_Data_Assignment/A02/airflow_env/lib/python3.11/site-packages/airflow/example_dags/example_complex.py
[2024-02-27T11:07:43.332+0530] {processor.py:840} INFO - DAG(s) 'example_complex' retrieved from /Users/anikbhowmick/Python/Big_Data_Assignment/A02/airflow_env/lib/python3.11/site-packages/airflow/example_dags/example_complex.py
[2024-02-27T11:07:43.390+0530] {logging_mixin.py:188} INFO - [2024-02-27T11:07:43.390+0530] {dag.py:3047} INFO - Sync 1 DAGs
[2024-02-27T11:07:43.393+0530] {logging_mixin.py:188} INFO - [2024-02-27T11:07:43.393+0530] {dag.py:3834} INFO - Setting next_dagrun for example_complex to None, run_after=None
[2024-02-27T11:07:43.400+0530] {processor.py:183} INFO - Processing /Users/anikbhowmick/Python/Big_Data_Assignment/A02/airflow_env/lib/python3.11/site-packages/airflow/example_dags/example_complex.py took 0.074 seconds
[2024-02-27T11:09:29.070+0530] {processor.py:161} INFO - Started process (PID=3126) to work on /Users/anikbhowmick/Python/Big_Data_Assignment/A02/airflow_env/lib/python3.11/site-packages/airflow/example_dags/example_complex.py
[2024-02-27T11:09:29.071+0530] {processor.py:830} INFO - Processing file /Users/anikbhowmick/Python/Big_Data_Assignment/A02/airflow_env/lib/python3.11/site-packages/airflow/example_dags/example_complex.py for tasks to queue
[2024-02-27T11:09:29.071+0530] {logging_mixin.py:188} INFO - [2024-02-27T11:09:29.071+0530] {dagbag.py:540} INFO - Filling up the DagBag from /Users/anikbhowmick/Python/Big_Data_Assignment/A02/airflow_env/lib/python3.11/site-packages/airflow/example_dags/example_complex.py
[2024-02-27T11:09:29.076+0530] {processor.py:840} INFO - DAG(s) 'example_complex' retrieved from /Users/anikbhowmick/Python/Big_Data_Assignment/A02/airflow_env/lib/python3.11/site-packages/airflow/example_dags/example_complex.py
[2024-02-27T11:09:29.129+0530] {logging_mixin.py:188} INFO - [2024-02-27T11:09:29.129+0530] {dag.py:3047} INFO - Sync 1 DAGs
[2024-02-27T11:09:29.132+0530] {logging_mixin.py:188} INFO - [2024-02-27T11:09:29.132+0530] {dag.py:3834} INFO - Setting next_dagrun for example_complex to None, run_after=None
[2024-02-27T11:09:29.139+0530] {processor.py:183} INFO - Processing /Users/anikbhowmick/Python/Big_Data_Assignment/A02/airflow_env/lib/python3.11/site-packages/airflow/example_dags/example_complex.py took 0.069 seconds
[2024-02-27T11:11:04.590+0530] {processor.py:161} INFO - Started process (PID=3200) to work on /Users/anikbhowmick/Python/Big_Data_Assignment/A02/airflow_env/lib/python3.11/site-packages/airflow/example_dags/example_complex.py
[2024-02-27T11:11:04.590+0530] {processor.py:830} INFO - Processing file /Users/anikbhowmick/Python/Big_Data_Assignment/A02/airflow_env/lib/python3.11/site-packages/airflow/example_dags/example_complex.py for tasks to queue
[2024-02-27T11:11:04.591+0530] {logging_mixin.py:188} INFO - [2024-02-27T11:11:04.591+0530] {dagbag.py:540} INFO - Filling up the DagBag from /Users/anikbhowmick/Python/Big_Data_Assignment/A02/airflow_env/lib/python3.11/site-packages/airflow/example_dags/example_complex.py
[2024-02-27T11:11:04.596+0530] {processor.py:840} INFO - DAG(s) 'example_complex' retrieved from /Users/anikbhowmick/Python/Big_Data_Assignment/A02/airflow_env/lib/python3.11/site-packages/airflow/example_dags/example_complex.py
[2024-02-27T11:11:04.652+0530] {logging_mixin.py:188} INFO - [2024-02-27T11:11:04.652+0530] {dag.py:3047} INFO - Sync 1 DAGs
[2024-02-27T11:11:04.655+0530] {logging_mixin.py:188} INFO - [2024-02-27T11:11:04.655+0530] {dag.py:3834} INFO - Setting next_dagrun for example_complex to None, run_after=None
[2024-02-27T11:11:04.661+0530] {processor.py:183} INFO - Processing /Users/anikbhowmick/Python/Big_Data_Assignment/A02/airflow_env/lib/python3.11/site-packages/airflow/example_dags/example_complex.py took 0.071 seconds
[2024-02-27T11:12:47.509+0530] {processor.py:161} INFO - Started process (PID=3303) to work on /Users/anikbhowmick/Python/Big_Data_Assignment/A02/airflow_env/lib/python3.11/site-packages/airflow/example_dags/example_complex.py
[2024-02-27T11:12:47.510+0530] {processor.py:830} INFO - Processing file /Users/anikbhowmick/Python/Big_Data_Assignment/A02/airflow_env/lib/python3.11/site-packages/airflow/example_dags/example_complex.py for tasks to queue
[2024-02-27T11:12:47.510+0530] {logging_mixin.py:188} INFO - [2024-02-27T11:12:47.510+0530] {dagbag.py:540} INFO - Filling up the DagBag from /Users/anikbhowmick/Python/Big_Data_Assignment/A02/airflow_env/lib/python3.11/site-packages/airflow/example_dags/example_complex.py
[2024-02-27T11:12:47.514+0530] {processor.py:840} INFO - DAG(s) 'example_complex' retrieved from /Users/anikbhowmick/Python/Big_Data_Assignment/A02/airflow_env/lib/python3.11/site-packages/airflow/example_dags/example_complex.py
[2024-02-27T11:12:47.568+0530] {logging_mixin.py:188} INFO - [2024-02-27T11:12:47.568+0530] {dag.py:3047} INFO - Sync 1 DAGs
[2024-02-27T11:12:47.571+0530] {logging_mixin.py:188} INFO - [2024-02-27T11:12:47.571+0530] {dag.py:3834} INFO - Setting next_dagrun for example_complex to None, run_after=None
[2024-02-27T11:12:47.578+0530] {processor.py:183} INFO - Processing /Users/anikbhowmick/Python/Big_Data_Assignment/A02/airflow_env/lib/python3.11/site-packages/airflow/example_dags/example_complex.py took 0.070 seconds
[2024-02-27T11:14:38.760+0530] {processor.py:161} INFO - Started process (PID=3405) to work on /Users/anikbhowmick/Python/Big_Data_Assignment/A02/airflow_env/lib/python3.11/site-packages/airflow/example_dags/example_complex.py
[2024-02-27T11:14:38.760+0530] {processor.py:830} INFO - Processing file /Users/anikbhowmick/Python/Big_Data_Assignment/A02/airflow_env/lib/python3.11/site-packages/airflow/example_dags/example_complex.py for tasks to queue
[2024-02-27T11:14:38.760+0530] {logging_mixin.py:188} INFO - [2024-02-27T11:14:38.760+0530] {dagbag.py:540} INFO - Filling up the DagBag from /Users/anikbhowmick/Python/Big_Data_Assignment/A02/airflow_env/lib/python3.11/site-packages/airflow/example_dags/example_complex.py
[2024-02-27T11:14:38.764+0530] {processor.py:840} INFO - DAG(s) 'example_complex' retrieved from /Users/anikbhowmick/Python/Big_Data_Assignment/A02/airflow_env/lib/python3.11/site-packages/airflow/example_dags/example_complex.py
[2024-02-27T11:14:38.818+0530] {logging_mixin.py:188} INFO - [2024-02-27T11:14:38.818+0530] {dag.py:3047} INFO - Sync 1 DAGs
[2024-02-27T11:14:38.821+0530] {logging_mixin.py:188} INFO - [2024-02-27T11:14:38.821+0530] {dag.py:3834} INFO - Setting next_dagrun for example_complex to None, run_after=None
[2024-02-27T11:14:38.828+0530] {processor.py:183} INFO - Processing /Users/anikbhowmick/Python/Big_Data_Assignment/A02/airflow_env/lib/python3.11/site-packages/airflow/example_dags/example_complex.py took 0.069 seconds
[2024-02-27T11:16:19.123+0530] {processor.py:161} INFO - Started process (PID=3473) to work on /Users/anikbhowmick/Python/Big_Data_Assignment/A02/airflow_env/lib/python3.11/site-packages/airflow/example_dags/example_complex.py
[2024-02-27T11:16:19.123+0530] {processor.py:830} INFO - Processing file /Users/anikbhowmick/Python/Big_Data_Assignment/A02/airflow_env/lib/python3.11/site-packages/airflow/example_dags/example_complex.py for tasks to queue
[2024-02-27T11:16:19.123+0530] {logging_mixin.py:188} INFO - [2024-02-27T11:16:19.123+0530] {dagbag.py:540} INFO - Filling up the DagBag from /Users/anikbhowmick/Python/Big_Data_Assignment/A02/airflow_env/lib/python3.11/site-packages/airflow/example_dags/example_complex.py
[2024-02-27T11:16:19.128+0530] {processor.py:840} INFO - DAG(s) 'example_complex' retrieved from /Users/anikbhowmick/Python/Big_Data_Assignment/A02/airflow_env/lib/python3.11/site-packages/airflow/example_dags/example_complex.py
[2024-02-27T11:16:19.181+0530] {logging_mixin.py:188} INFO - [2024-02-27T11:16:19.181+0530] {dag.py:3047} INFO - Sync 1 DAGs
[2024-02-27T11:16:19.184+0530] {logging_mixin.py:188} INFO - [2024-02-27T11:16:19.184+0530] {dag.py:3834} INFO - Setting next_dagrun for example_complex to None, run_after=None
[2024-02-27T11:16:19.191+0530] {processor.py:183} INFO - Processing /Users/anikbhowmick/Python/Big_Data_Assignment/A02/airflow_env/lib/python3.11/site-packages/airflow/example_dags/example_complex.py took 0.068 seconds
[2024-02-27T11:18:13.809+0530] {processor.py:161} INFO - Started process (PID=3549) to work on /Users/anikbhowmick/Python/Big_Data_Assignment/A02/airflow_env/lib/python3.11/site-packages/airflow/example_dags/example_complex.py
[2024-02-27T11:18:13.810+0530] {processor.py:830} INFO - Processing file /Users/anikbhowmick/Python/Big_Data_Assignment/A02/airflow_env/lib/python3.11/site-packages/airflow/example_dags/example_complex.py for tasks to queue
[2024-02-27T11:18:13.810+0530] {logging_mixin.py:188} INFO - [2024-02-27T11:18:13.810+0530] {dagbag.py:540} INFO - Filling up the DagBag from /Users/anikbhowmick/Python/Big_Data_Assignment/A02/airflow_env/lib/python3.11/site-packages/airflow/example_dags/example_complex.py
[2024-02-27T11:18:13.814+0530] {processor.py:840} INFO - DAG(s) 'example_complex' retrieved from /Users/anikbhowmick/Python/Big_Data_Assignment/A02/airflow_env/lib/python3.11/site-packages/airflow/example_dags/example_complex.py
[2024-02-27T11:18:13.870+0530] {logging_mixin.py:188} INFO - [2024-02-27T11:18:13.870+0530] {dag.py:3047} INFO - Sync 1 DAGs
[2024-02-27T11:18:13.873+0530] {logging_mixin.py:188} INFO - [2024-02-27T11:18:13.872+0530] {dag.py:3834} INFO - Setting next_dagrun for example_complex to None, run_after=None
[2024-02-27T11:18:13.879+0530] {processor.py:183} INFO - Processing /Users/anikbhowmick/Python/Big_Data_Assignment/A02/airflow_env/lib/python3.11/site-packages/airflow/example_dags/example_complex.py took 0.070 seconds
[2024-02-27T11:20:49.959+0530] {processor.py:161} INFO - Started process (PID=3690) to work on /Users/anikbhowmick/Python/Big_Data_Assignment/A02/airflow_env/lib/python3.11/site-packages/airflow/example_dags/example_complex.py
[2024-02-27T11:20:49.960+0530] {processor.py:830} INFO - Processing file /Users/anikbhowmick/Python/Big_Data_Assignment/A02/airflow_env/lib/python3.11/site-packages/airflow/example_dags/example_complex.py for tasks to queue
[2024-02-27T11:20:49.960+0530] {logging_mixin.py:188} INFO - [2024-02-27T11:20:49.960+0530] {dagbag.py:540} INFO - Filling up the DagBag from /Users/anikbhowmick/Python/Big_Data_Assignment/A02/airflow_env/lib/python3.11/site-packages/airflow/example_dags/example_complex.py
[2024-02-27T11:20:49.964+0530] {processor.py:840} INFO - DAG(s) 'example_complex' retrieved from /Users/anikbhowmick/Python/Big_Data_Assignment/A02/airflow_env/lib/python3.11/site-packages/airflow/example_dags/example_complex.py
[2024-02-27T11:20:50.017+0530] {logging_mixin.py:188} INFO - [2024-02-27T11:20:50.016+0530] {dag.py:3047} INFO - Sync 1 DAGs
[2024-02-27T11:20:50.019+0530] {logging_mixin.py:188} INFO - [2024-02-27T11:20:50.019+0530] {dag.py:3834} INFO - Setting next_dagrun for example_complex to None, run_after=None
[2024-02-27T11:20:50.025+0530] {processor.py:183} INFO - Processing /Users/anikbhowmick/Python/Big_Data_Assignment/A02/airflow_env/lib/python3.11/site-packages/airflow/example_dags/example_complex.py took 0.067 seconds
[2024-02-27T11:23:10.352+0530] {processor.py:161} INFO - Started process (PID=3818) to work on /Users/anikbhowmick/Python/Big_Data_Assignment/A02/airflow_env/lib/python3.11/site-packages/airflow/example_dags/example_complex.py
[2024-02-27T11:23:10.354+0530] {processor.py:830} INFO - Processing file /Users/anikbhowmick/Python/Big_Data_Assignment/A02/airflow_env/lib/python3.11/site-packages/airflow/example_dags/example_complex.py for tasks to queue
[2024-02-27T11:23:10.354+0530] {logging_mixin.py:188} INFO - [2024-02-27T11:23:10.354+0530] {dagbag.py:540} INFO - Filling up the DagBag from /Users/anikbhowmick/Python/Big_Data_Assignment/A02/airflow_env/lib/python3.11/site-packages/airflow/example_dags/example_complex.py
[2024-02-27T11:23:10.358+0530] {processor.py:840} INFO - DAG(s) 'example_complex' retrieved from /Users/anikbhowmick/Python/Big_Data_Assignment/A02/airflow_env/lib/python3.11/site-packages/airflow/example_dags/example_complex.py
[2024-02-27T11:23:10.411+0530] {logging_mixin.py:188} INFO - [2024-02-27T11:23:10.411+0530] {dag.py:3047} INFO - Sync 1 DAGs
[2024-02-27T11:23:10.414+0530] {logging_mixin.py:188} INFO - [2024-02-27T11:23:10.414+0530] {dag.py:3834} INFO - Setting next_dagrun for example_complex to None, run_after=None
[2024-02-27T11:23:10.420+0530] {processor.py:183} INFO - Processing /Users/anikbhowmick/Python/Big_Data_Assignment/A02/airflow_env/lib/python3.11/site-packages/airflow/example_dags/example_complex.py took 0.068 seconds
[2024-02-27T11:25:03.339+0530] {processor.py:161} INFO - Started process (PID=3935) to work on /Users/anikbhowmick/Python/Big_Data_Assignment/A02/airflow_env/lib/python3.11/site-packages/airflow/example_dags/example_complex.py
[2024-02-27T11:25:03.340+0530] {processor.py:830} INFO - Processing file /Users/anikbhowmick/Python/Big_Data_Assignment/A02/airflow_env/lib/python3.11/site-packages/airflow/example_dags/example_complex.py for tasks to queue
[2024-02-27T11:25:03.340+0530] {logging_mixin.py:188} INFO - [2024-02-27T11:25:03.340+0530] {dagbag.py:540} INFO - Filling up the DagBag from /Users/anikbhowmick/Python/Big_Data_Assignment/A02/airflow_env/lib/python3.11/site-packages/airflow/example_dags/example_complex.py
[2024-02-27T11:25:03.344+0530] {processor.py:840} INFO - DAG(s) 'example_complex' retrieved from /Users/anikbhowmick/Python/Big_Data_Assignment/A02/airflow_env/lib/python3.11/site-packages/airflow/example_dags/example_complex.py
[2024-02-27T11:25:03.397+0530] {logging_mixin.py:188} INFO - [2024-02-27T11:25:03.397+0530] {dag.py:3047} INFO - Sync 1 DAGs
[2024-02-27T11:25:03.400+0530] {logging_mixin.py:188} INFO - [2024-02-27T11:25:03.400+0530] {dag.py:3834} INFO - Setting next_dagrun for example_complex to None, run_after=None
[2024-02-27T11:25:03.406+0530] {processor.py:183} INFO - Processing /Users/anikbhowmick/Python/Big_Data_Assignment/A02/airflow_env/lib/python3.11/site-packages/airflow/example_dags/example_complex.py took 0.068 seconds
[2024-02-27T11:26:48.324+0530] {processor.py:161} INFO - Started process (PID=4006) to work on /Users/anikbhowmick/Python/Big_Data_Assignment/A02/airflow_env/lib/python3.11/site-packages/airflow/example_dags/example_complex.py
[2024-02-27T11:26:48.326+0530] {processor.py:830} INFO - Processing file /Users/anikbhowmick/Python/Big_Data_Assignment/A02/airflow_env/lib/python3.11/site-packages/airflow/example_dags/example_complex.py for tasks to queue
[2024-02-27T11:26:48.326+0530] {logging_mixin.py:188} INFO - [2024-02-27T11:26:48.326+0530] {dagbag.py:540} INFO - Filling up the DagBag from /Users/anikbhowmick/Python/Big_Data_Assignment/A02/airflow_env/lib/python3.11/site-packages/airflow/example_dags/example_complex.py
[2024-02-27T11:26:48.330+0530] {processor.py:840} INFO - DAG(s) 'example_complex' retrieved from /Users/anikbhowmick/Python/Big_Data_Assignment/A02/airflow_env/lib/python3.11/site-packages/airflow/example_dags/example_complex.py
[2024-02-27T11:26:48.384+0530] {logging_mixin.py:188} INFO - [2024-02-27T11:26:48.384+0530] {dag.py:3047} INFO - Sync 1 DAGs
[2024-02-27T11:26:48.388+0530] {logging_mixin.py:188} INFO - [2024-02-27T11:26:48.388+0530] {dag.py:3834} INFO - Setting next_dagrun for example_complex to None, run_after=None
[2024-02-27T11:26:48.394+0530] {processor.py:183} INFO - Processing /Users/anikbhowmick/Python/Big_Data_Assignment/A02/airflow_env/lib/python3.11/site-packages/airflow/example_dags/example_complex.py took 0.070 seconds
[2024-02-27T11:28:56.444+0530] {processor.py:161} INFO - Started process (PID=4144) to work on /Users/anikbhowmick/Python/Big_Data_Assignment/A02/airflow_env/lib/python3.11/site-packages/airflow/example_dags/example_complex.py
[2024-02-27T11:28:56.445+0530] {processor.py:830} INFO - Processing file /Users/anikbhowmick/Python/Big_Data_Assignment/A02/airflow_env/lib/python3.11/site-packages/airflow/example_dags/example_complex.py for tasks to queue
[2024-02-27T11:28:56.445+0530] {logging_mixin.py:188} INFO - [2024-02-27T11:28:56.445+0530] {dagbag.py:540} INFO - Filling up the DagBag from /Users/anikbhowmick/Python/Big_Data_Assignment/A02/airflow_env/lib/python3.11/site-packages/airflow/example_dags/example_complex.py
[2024-02-27T11:28:56.450+0530] {processor.py:840} INFO - DAG(s) 'example_complex' retrieved from /Users/anikbhowmick/Python/Big_Data_Assignment/A02/airflow_env/lib/python3.11/site-packages/airflow/example_dags/example_complex.py
[2024-02-27T11:28:56.504+0530] {logging_mixin.py:188} INFO - [2024-02-27T11:28:56.504+0530] {dag.py:3047} INFO - Sync 1 DAGs
[2024-02-27T11:28:56.507+0530] {logging_mixin.py:188} INFO - [2024-02-27T11:28:56.506+0530] {dag.py:3834} INFO - Setting next_dagrun for example_complex to None, run_after=None
[2024-02-27T11:28:56.513+0530] {processor.py:183} INFO - Processing /Users/anikbhowmick/Python/Big_Data_Assignment/A02/airflow_env/lib/python3.11/site-packages/airflow/example_dags/example_complex.py took 0.069 seconds
[2024-02-27T11:30:42.215+0530] {processor.py:161} INFO - Started process (PID=4235) to work on /Users/anikbhowmick/Python/Big_Data_Assignment/A02/airflow_env/lib/python3.11/site-packages/airflow/example_dags/example_complex.py
[2024-02-27T11:30:42.215+0530] {processor.py:830} INFO - Processing file /Users/anikbhowmick/Python/Big_Data_Assignment/A02/airflow_env/lib/python3.11/site-packages/airflow/example_dags/example_complex.py for tasks to queue
[2024-02-27T11:30:42.215+0530] {logging_mixin.py:188} INFO - [2024-02-27T11:30:42.215+0530] {dagbag.py:540} INFO - Filling up the DagBag from /Users/anikbhowmick/Python/Big_Data_Assignment/A02/airflow_env/lib/python3.11/site-packages/airflow/example_dags/example_complex.py
[2024-02-27T11:30:42.220+0530] {processor.py:840} INFO - DAG(s) 'example_complex' retrieved from /Users/anikbhowmick/Python/Big_Data_Assignment/A02/airflow_env/lib/python3.11/site-packages/airflow/example_dags/example_complex.py
[2024-02-27T11:30:42.273+0530] {logging_mixin.py:188} INFO - [2024-02-27T11:30:42.273+0530] {dag.py:3047} INFO - Sync 1 DAGs
[2024-02-27T11:30:42.276+0530] {logging_mixin.py:188} INFO - [2024-02-27T11:30:42.276+0530] {dag.py:3834} INFO - Setting next_dagrun for example_complex to None, run_after=None
[2024-02-27T11:30:42.282+0530] {processor.py:183} INFO - Processing /Users/anikbhowmick/Python/Big_Data_Assignment/A02/airflow_env/lib/python3.11/site-packages/airflow/example_dags/example_complex.py took 0.068 seconds
[2024-02-27T11:32:26.159+0530] {processor.py:161} INFO - Started process (PID=4309) to work on /Users/anikbhowmick/Python/Big_Data_Assignment/A02/airflow_env/lib/python3.11/site-packages/airflow/example_dags/example_complex.py
[2024-02-27T11:32:26.160+0530] {processor.py:830} INFO - Processing file /Users/anikbhowmick/Python/Big_Data_Assignment/A02/airflow_env/lib/python3.11/site-packages/airflow/example_dags/example_complex.py for tasks to queue
[2024-02-27T11:32:26.160+0530] {logging_mixin.py:188} INFO - [2024-02-27T11:32:26.160+0530] {dagbag.py:540} INFO - Filling up the DagBag from /Users/anikbhowmick/Python/Big_Data_Assignment/A02/airflow_env/lib/python3.11/site-packages/airflow/example_dags/example_complex.py
[2024-02-27T11:32:26.164+0530] {processor.py:840} INFO - DAG(s) 'example_complex' retrieved from /Users/anikbhowmick/Python/Big_Data_Assignment/A02/airflow_env/lib/python3.11/site-packages/airflow/example_dags/example_complex.py
[2024-02-27T11:32:26.217+0530] {logging_mixin.py:188} INFO - [2024-02-27T11:32:26.217+0530] {dag.py:3047} INFO - Sync 1 DAGs
[2024-02-27T11:32:26.220+0530] {logging_mixin.py:188} INFO - [2024-02-27T11:32:26.220+0530] {dag.py:3834} INFO - Setting next_dagrun for example_complex to None, run_after=None
[2024-02-27T11:32:26.226+0530] {processor.py:183} INFO - Processing /Users/anikbhowmick/Python/Big_Data_Assignment/A02/airflow_env/lib/python3.11/site-packages/airflow/example_dags/example_complex.py took 0.067 seconds
[2024-02-27T11:34:36.304+0530] {processor.py:161} INFO - Started process (PID=4454) to work on /Users/anikbhowmick/Python/Big_Data_Assignment/A02/airflow_env/lib/python3.11/site-packages/airflow/example_dags/example_complex.py
[2024-02-27T11:34:36.305+0530] {processor.py:830} INFO - Processing file /Users/anikbhowmick/Python/Big_Data_Assignment/A02/airflow_env/lib/python3.11/site-packages/airflow/example_dags/example_complex.py for tasks to queue
[2024-02-27T11:34:36.305+0530] {logging_mixin.py:188} INFO - [2024-02-27T11:34:36.305+0530] {dagbag.py:540} INFO - Filling up the DagBag from /Users/anikbhowmick/Python/Big_Data_Assignment/A02/airflow_env/lib/python3.11/site-packages/airflow/example_dags/example_complex.py
[2024-02-27T11:34:36.309+0530] {processor.py:840} INFO - DAG(s) 'example_complex' retrieved from /Users/anikbhowmick/Python/Big_Data_Assignment/A02/airflow_env/lib/python3.11/site-packages/airflow/example_dags/example_complex.py
[2024-02-27T11:34:36.362+0530] {logging_mixin.py:188} INFO - [2024-02-27T11:34:36.362+0530] {dag.py:3047} INFO - Sync 1 DAGs
[2024-02-27T11:34:36.365+0530] {logging_mixin.py:188} INFO - [2024-02-27T11:34:36.365+0530] {dag.py:3834} INFO - Setting next_dagrun for example_complex to None, run_after=None
[2024-02-27T11:34:36.371+0530] {processor.py:183} INFO - Processing /Users/anikbhowmick/Python/Big_Data_Assignment/A02/airflow_env/lib/python3.11/site-packages/airflow/example_dags/example_complex.py took 0.067 seconds
[2024-02-27T11:36:18.487+0530] {processor.py:161} INFO - Started process (PID=4523) to work on /Users/anikbhowmick/Python/Big_Data_Assignment/A02/airflow_env/lib/python3.11/site-packages/airflow/example_dags/example_complex.py
[2024-02-27T11:36:18.488+0530] {processor.py:830} INFO - Processing file /Users/anikbhowmick/Python/Big_Data_Assignment/A02/airflow_env/lib/python3.11/site-packages/airflow/example_dags/example_complex.py for tasks to queue
[2024-02-27T11:36:18.489+0530] {logging_mixin.py:188} INFO - [2024-02-27T11:36:18.489+0530] {dagbag.py:540} INFO - Filling up the DagBag from /Users/anikbhowmick/Python/Big_Data_Assignment/A02/airflow_env/lib/python3.11/site-packages/airflow/example_dags/example_complex.py
[2024-02-27T11:36:18.493+0530] {processor.py:840} INFO - DAG(s) 'example_complex' retrieved from /Users/anikbhowmick/Python/Big_Data_Assignment/A02/airflow_env/lib/python3.11/site-packages/airflow/example_dags/example_complex.py
[2024-02-27T11:36:18.546+0530] {logging_mixin.py:188} INFO - [2024-02-27T11:36:18.546+0530] {dag.py:3047} INFO - Sync 1 DAGs
[2024-02-27T11:36:18.549+0530] {logging_mixin.py:188} INFO - [2024-02-27T11:36:18.549+0530] {dag.py:3834} INFO - Setting next_dagrun for example_complex to None, run_after=None
[2024-02-27T11:36:18.555+0530] {processor.py:183} INFO - Processing /Users/anikbhowmick/Python/Big_Data_Assignment/A02/airflow_env/lib/python3.11/site-packages/airflow/example_dags/example_complex.py took 0.068 seconds
[2024-02-27T11:40:12.264+0530] {processor.py:161} INFO - Started process (PID=4670) to work on /Users/anikbhowmick/Python/Big_Data_Assignment/A02/airflow_env/lib/python3.11/site-packages/airflow/example_dags/example_complex.py
[2024-02-27T11:40:12.266+0530] {processor.py:830} INFO - Processing file /Users/anikbhowmick/Python/Big_Data_Assignment/A02/airflow_env/lib/python3.11/site-packages/airflow/example_dags/example_complex.py for tasks to queue
[2024-02-27T11:40:12.266+0530] {logging_mixin.py:188} INFO - [2024-02-27T11:40:12.266+0530] {dagbag.py:540} INFO - Filling up the DagBag from /Users/anikbhowmick/Python/Big_Data_Assignment/A02/airflow_env/lib/python3.11/site-packages/airflow/example_dags/example_complex.py
[2024-02-27T11:40:12.270+0530] {processor.py:840} INFO - DAG(s) 'example_complex' retrieved from /Users/anikbhowmick/Python/Big_Data_Assignment/A02/airflow_env/lib/python3.11/site-packages/airflow/example_dags/example_complex.py
[2024-02-27T11:40:12.322+0530] {logging_mixin.py:188} INFO - [2024-02-27T11:40:12.322+0530] {dag.py:3047} INFO - Sync 1 DAGs
[2024-02-27T11:40:12.325+0530] {logging_mixin.py:188} INFO - [2024-02-27T11:40:12.325+0530] {dag.py:3834} INFO - Setting next_dagrun for example_complex to None, run_after=None
[2024-02-27T11:40:12.331+0530] {processor.py:183} INFO - Processing /Users/anikbhowmick/Python/Big_Data_Assignment/A02/airflow_env/lib/python3.11/site-packages/airflow/example_dags/example_complex.py took 0.067 seconds
[2024-02-27T11:42:13.903+0530] {processor.py:161} INFO - Started process (PID=4755) to work on /Users/anikbhowmick/Python/Big_Data_Assignment/A02/airflow_env/lib/python3.11/site-packages/airflow/example_dags/example_complex.py
[2024-02-27T11:42:13.904+0530] {processor.py:830} INFO - Processing file /Users/anikbhowmick/Python/Big_Data_Assignment/A02/airflow_env/lib/python3.11/site-packages/airflow/example_dags/example_complex.py for tasks to queue
[2024-02-27T11:42:13.904+0530] {logging_mixin.py:188} INFO - [2024-02-27T11:42:13.904+0530] {dagbag.py:540} INFO - Filling up the DagBag from /Users/anikbhowmick/Python/Big_Data_Assignment/A02/airflow_env/lib/python3.11/site-packages/airflow/example_dags/example_complex.py
[2024-02-27T11:42:13.908+0530] {processor.py:840} INFO - DAG(s) 'example_complex' retrieved from /Users/anikbhowmick/Python/Big_Data_Assignment/A02/airflow_env/lib/python3.11/site-packages/airflow/example_dags/example_complex.py
[2024-02-27T11:42:13.960+0530] {logging_mixin.py:188} INFO - [2024-02-27T11:42:13.960+0530] {dag.py:3047} INFO - Sync 1 DAGs
[2024-02-27T11:42:13.963+0530] {logging_mixin.py:188} INFO - [2024-02-27T11:42:13.963+0530] {dag.py:3834} INFO - Setting next_dagrun for example_complex to None, run_after=None
[2024-02-27T11:42:13.969+0530] {processor.py:183} INFO - Processing /Users/anikbhowmick/Python/Big_Data_Assignment/A02/airflow_env/lib/python3.11/site-packages/airflow/example_dags/example_complex.py took 0.066 seconds
