[2024-02-27T10:46:43.415+0530] {processor.py:161} INFO - Started process (PID=1611) to work on /Users/anikbhowmick/Python/Big_Data_Assignment/A02/airflow_env/lib/python3.11/site-packages/airflow/example_dags/example_latest_only.py
[2024-02-27T10:46:43.415+0530] {processor.py:830} INFO - Processing file /Users/anikbhowmick/Python/Big_Data_Assignment/A02/airflow_env/lib/python3.11/site-packages/airflow/example_dags/example_latest_only.py for tasks to queue
[2024-02-27T10:46:43.416+0530] {logging_mixin.py:188} INFO - [2024-02-27T10:46:43.416+0530] {dagbag.py:540} INFO - Filling up the DagBag from /Users/anikbhowmick/Python/Big_Data_Assignment/A02/airflow_env/lib/python3.11/site-packages/airflow/example_dags/example_latest_only.py
[2024-02-27T10:46:43.418+0530] {processor.py:840} INFO - DAG(s) 'latest_only' retrieved from /Users/anikbhowmick/Python/Big_Data_Assignment/A02/airflow_env/lib/python3.11/site-packages/airflow/example_dags/example_latest_only.py
[2024-02-27T10:46:43.469+0530] {logging_mixin.py:188} INFO - [2024-02-27T10:46:43.468+0530] {dag.py:3047} INFO - Sync 1 DAGs
[2024-02-27T10:46:43.474+0530] {logging_mixin.py:188} INFO - [2024-02-27T10:46:43.474+0530] {dag.py:3834} INFO - Setting next_dagrun for latest_only to 2024-02-27 00:00:00+00:00, run_after=2024-02-27 04:00:00+00:00
[2024-02-27T10:46:43.480+0530] {processor.py:183} INFO - Processing /Users/anikbhowmick/Python/Big_Data_Assignment/A02/airflow_env/lib/python3.11/site-packages/airflow/example_dags/example_latest_only.py took 0.065 seconds
[2024-02-27T10:50:04.775+0530] {processor.py:161} INFO - Started process (PID=1793) to work on /Users/anikbhowmick/Python/Big_Data_Assignment/A02/airflow_env/lib/python3.11/site-packages/airflow/example_dags/example_latest_only.py
[2024-02-27T10:50:04.776+0530] {processor.py:830} INFO - Processing file /Users/anikbhowmick/Python/Big_Data_Assignment/A02/airflow_env/lib/python3.11/site-packages/airflow/example_dags/example_latest_only.py for tasks to queue
[2024-02-27T10:50:04.776+0530] {logging_mixin.py:188} INFO - [2024-02-27T10:50:04.776+0530] {dagbag.py:540} INFO - Filling up the DagBag from /Users/anikbhowmick/Python/Big_Data_Assignment/A02/airflow_env/lib/python3.11/site-packages/airflow/example_dags/example_latest_only.py
[2024-02-27T10:50:04.779+0530] {processor.py:840} INFO - DAG(s) 'latest_only' retrieved from /Users/anikbhowmick/Python/Big_Data_Assignment/A02/airflow_env/lib/python3.11/site-packages/airflow/example_dags/example_latest_only.py
[2024-02-27T10:50:04.829+0530] {logging_mixin.py:188} INFO - [2024-02-27T10:50:04.829+0530] {dag.py:3047} INFO - Sync 1 DAGs
[2024-02-27T10:50:04.834+0530] {logging_mixin.py:188} INFO - [2024-02-27T10:50:04.834+0530] {dag.py:3834} INFO - Setting next_dagrun for latest_only to 2024-02-27 00:00:00+00:00, run_after=2024-02-27 04:00:00+00:00
[2024-02-27T10:50:04.840+0530] {processor.py:183} INFO - Processing /Users/anikbhowmick/Python/Big_Data_Assignment/A02/airflow_env/lib/python3.11/site-packages/airflow/example_dags/example_latest_only.py took 0.065 seconds
[2024-02-27T10:53:12.143+0530] {processor.py:161} INFO - Started process (PID=2008) to work on /Users/anikbhowmick/Python/Big_Data_Assignment/A02/airflow_env/lib/python3.11/site-packages/airflow/example_dags/example_latest_only.py
[2024-02-27T10:53:12.144+0530] {processor.py:830} INFO - Processing file /Users/anikbhowmick/Python/Big_Data_Assignment/A02/airflow_env/lib/python3.11/site-packages/airflow/example_dags/example_latest_only.py for tasks to queue
[2024-02-27T10:53:12.144+0530] {logging_mixin.py:188} INFO - [2024-02-27T10:53:12.144+0530] {dagbag.py:540} INFO - Filling up the DagBag from /Users/anikbhowmick/Python/Big_Data_Assignment/A02/airflow_env/lib/python3.11/site-packages/airflow/example_dags/example_latest_only.py
[2024-02-27T10:53:12.147+0530] {processor.py:840} INFO - DAG(s) 'latest_only' retrieved from /Users/anikbhowmick/Python/Big_Data_Assignment/A02/airflow_env/lib/python3.11/site-packages/airflow/example_dags/example_latest_only.py
[2024-02-27T10:53:12.196+0530] {logging_mixin.py:188} INFO - [2024-02-27T10:53:12.196+0530] {dag.py:3047} INFO - Sync 1 DAGs
[2024-02-27T10:53:12.201+0530] {logging_mixin.py:188} INFO - [2024-02-27T10:53:12.201+0530] {dag.py:3834} INFO - Setting next_dagrun for latest_only to 2024-02-27 00:00:00+00:00, run_after=2024-02-27 04:00:00+00:00
[2024-02-27T10:53:12.207+0530] {processor.py:183} INFO - Processing /Users/anikbhowmick/Python/Big_Data_Assignment/A02/airflow_env/lib/python3.11/site-packages/airflow/example_dags/example_latest_only.py took 0.065 seconds
[2024-02-27T10:56:20.303+0530] {processor.py:161} INFO - Started process (PID=2253) to work on /Users/anikbhowmick/Python/Big_Data_Assignment/A02/airflow_env/lib/python3.11/site-packages/airflow/example_dags/example_latest_only.py
[2024-02-27T10:56:20.304+0530] {processor.py:830} INFO - Processing file /Users/anikbhowmick/Python/Big_Data_Assignment/A02/airflow_env/lib/python3.11/site-packages/airflow/example_dags/example_latest_only.py for tasks to queue
[2024-02-27T10:56:20.304+0530] {logging_mixin.py:188} INFO - [2024-02-27T10:56:20.304+0530] {dagbag.py:540} INFO - Filling up the DagBag from /Users/anikbhowmick/Python/Big_Data_Assignment/A02/airflow_env/lib/python3.11/site-packages/airflow/example_dags/example_latest_only.py
[2024-02-27T10:56:20.306+0530] {processor.py:840} INFO - DAG(s) 'latest_only' retrieved from /Users/anikbhowmick/Python/Big_Data_Assignment/A02/airflow_env/lib/python3.11/site-packages/airflow/example_dags/example_latest_only.py
[2024-02-27T10:56:20.355+0530] {logging_mixin.py:188} INFO - [2024-02-27T10:56:20.355+0530] {dag.py:3047} INFO - Sync 1 DAGs
[2024-02-27T10:56:20.361+0530] {logging_mixin.py:188} INFO - [2024-02-27T10:56:20.360+0530] {dag.py:3834} INFO - Setting next_dagrun for latest_only to 2024-02-27 00:00:00+00:00, run_after=2024-02-27 04:00:00+00:00
[2024-02-27T10:56:20.367+0530] {processor.py:183} INFO - Processing /Users/anikbhowmick/Python/Big_Data_Assignment/A02/airflow_env/lib/python3.11/site-packages/airflow/example_dags/example_latest_only.py took 0.064 seconds
[2024-02-27T10:58:03.070+0530] {processor.py:161} INFO - Started process (PID=2388) to work on /Users/anikbhowmick/Python/Big_Data_Assignment/A02/airflow_env/lib/python3.11/site-packages/airflow/example_dags/example_latest_only.py
[2024-02-27T10:58:03.071+0530] {processor.py:830} INFO - Processing file /Users/anikbhowmick/Python/Big_Data_Assignment/A02/airflow_env/lib/python3.11/site-packages/airflow/example_dags/example_latest_only.py for tasks to queue
[2024-02-27T10:58:03.071+0530] {logging_mixin.py:188} INFO - [2024-02-27T10:58:03.071+0530] {dagbag.py:540} INFO - Filling up the DagBag from /Users/anikbhowmick/Python/Big_Data_Assignment/A02/airflow_env/lib/python3.11/site-packages/airflow/example_dags/example_latest_only.py
[2024-02-27T10:58:03.074+0530] {processor.py:840} INFO - DAG(s) 'latest_only' retrieved from /Users/anikbhowmick/Python/Big_Data_Assignment/A02/airflow_env/lib/python3.11/site-packages/airflow/example_dags/example_latest_only.py
[2024-02-27T10:58:03.123+0530] {logging_mixin.py:188} INFO - [2024-02-27T10:58:03.123+0530] {dag.py:3047} INFO - Sync 1 DAGs
[2024-02-27T10:58:03.128+0530] {logging_mixin.py:188} INFO - [2024-02-27T10:58:03.128+0530] {dag.py:3834} INFO - Setting next_dagrun for latest_only to 2024-02-27 00:00:00+00:00, run_after=2024-02-27 04:00:00+00:00
[2024-02-27T10:58:03.135+0530] {processor.py:183} INFO - Processing /Users/anikbhowmick/Python/Big_Data_Assignment/A02/airflow_env/lib/python3.11/site-packages/airflow/example_dags/example_latest_only.py took 0.065 seconds
[2024-02-27T10:59:51.375+0530] {processor.py:161} INFO - Started process (PID=2501) to work on /Users/anikbhowmick/Python/Big_Data_Assignment/A02/airflow_env/lib/python3.11/site-packages/airflow/example_dags/example_latest_only.py
[2024-02-27T10:59:51.376+0530] {processor.py:830} INFO - Processing file /Users/anikbhowmick/Python/Big_Data_Assignment/A02/airflow_env/lib/python3.11/site-packages/airflow/example_dags/example_latest_only.py for tasks to queue
[2024-02-27T10:59:51.376+0530] {logging_mixin.py:188} INFO - [2024-02-27T10:59:51.376+0530] {dagbag.py:540} INFO - Filling up the DagBag from /Users/anikbhowmick/Python/Big_Data_Assignment/A02/airflow_env/lib/python3.11/site-packages/airflow/example_dags/example_latest_only.py
[2024-02-27T10:59:51.379+0530] {processor.py:840} INFO - DAG(s) 'latest_only' retrieved from /Users/anikbhowmick/Python/Big_Data_Assignment/A02/airflow_env/lib/python3.11/site-packages/airflow/example_dags/example_latest_only.py
[2024-02-27T10:59:51.431+0530] {logging_mixin.py:188} INFO - [2024-02-27T10:59:51.431+0530] {dag.py:3047} INFO - Sync 1 DAGs
[2024-02-27T10:59:51.436+0530] {logging_mixin.py:188} INFO - [2024-02-27T10:59:51.436+0530] {dag.py:3834} INFO - Setting next_dagrun for latest_only to 2024-02-27 00:00:00+00:00, run_after=2024-02-27 04:00:00+00:00
[2024-02-27T10:59:51.442+0530] {processor.py:183} INFO - Processing /Users/anikbhowmick/Python/Big_Data_Assignment/A02/airflow_env/lib/python3.11/site-packages/airflow/example_dags/example_latest_only.py took 0.068 seconds
[2024-02-27T11:02:20.139+0530] {processor.py:161} INFO - Started process (PID=2702) to work on /Users/anikbhowmick/Python/Big_Data_Assignment/A02/airflow_env/lib/python3.11/site-packages/airflow/example_dags/example_latest_only.py
[2024-02-27T11:02:20.140+0530] {processor.py:830} INFO - Processing file /Users/anikbhowmick/Python/Big_Data_Assignment/A02/airflow_env/lib/python3.11/site-packages/airflow/example_dags/example_latest_only.py for tasks to queue
[2024-02-27T11:02:20.141+0530] {logging_mixin.py:188} INFO - [2024-02-27T11:02:20.141+0530] {dagbag.py:540} INFO - Filling up the DagBag from /Users/anikbhowmick/Python/Big_Data_Assignment/A02/airflow_env/lib/python3.11/site-packages/airflow/example_dags/example_latest_only.py
[2024-02-27T11:02:20.144+0530] {processor.py:840} INFO - DAG(s) 'latest_only' retrieved from /Users/anikbhowmick/Python/Big_Data_Assignment/A02/airflow_env/lib/python3.11/site-packages/airflow/example_dags/example_latest_only.py
[2024-02-27T11:02:20.195+0530] {logging_mixin.py:188} INFO - [2024-02-27T11:02:20.195+0530] {dag.py:3047} INFO - Sync 1 DAGs
[2024-02-27T11:02:20.200+0530] {logging_mixin.py:188} INFO - [2024-02-27T11:02:20.200+0530] {dag.py:3834} INFO - Setting next_dagrun for latest_only to 2024-02-27 00:00:00+00:00, run_after=2024-02-27 04:00:00+00:00
[2024-02-27T11:02:20.206+0530] {processor.py:183} INFO - Processing /Users/anikbhowmick/Python/Big_Data_Assignment/A02/airflow_env/lib/python3.11/site-packages/airflow/example_dags/example_latest_only.py took 0.067 seconds
[2024-02-27T11:03:59.371+0530] {processor.py:161} INFO - Started process (PID=2815) to work on /Users/anikbhowmick/Python/Big_Data_Assignment/A02/airflow_env/lib/python3.11/site-packages/airflow/example_dags/example_latest_only.py
[2024-02-27T11:03:59.372+0530] {processor.py:830} INFO - Processing file /Users/anikbhowmick/Python/Big_Data_Assignment/A02/airflow_env/lib/python3.11/site-packages/airflow/example_dags/example_latest_only.py for tasks to queue
[2024-02-27T11:03:59.372+0530] {logging_mixin.py:188} INFO - [2024-02-27T11:03:59.372+0530] {dagbag.py:540} INFO - Filling up the DagBag from /Users/anikbhowmick/Python/Big_Data_Assignment/A02/airflow_env/lib/python3.11/site-packages/airflow/example_dags/example_latest_only.py
[2024-02-27T11:03:59.375+0530] {processor.py:840} INFO - DAG(s) 'latest_only' retrieved from /Users/anikbhowmick/Python/Big_Data_Assignment/A02/airflow_env/lib/python3.11/site-packages/airflow/example_dags/example_latest_only.py
[2024-02-27T11:03:59.425+0530] {logging_mixin.py:188} INFO - [2024-02-27T11:03:59.424+0530] {dag.py:3047} INFO - Sync 1 DAGs
[2024-02-27T11:03:59.430+0530] {logging_mixin.py:188} INFO - [2024-02-27T11:03:59.430+0530] {dag.py:3834} INFO - Setting next_dagrun for latest_only to 2024-02-27 00:00:00+00:00, run_after=2024-02-27 04:00:00+00:00
[2024-02-27T11:03:59.436+0530] {processor.py:183} INFO - Processing /Users/anikbhowmick/Python/Big_Data_Assignment/A02/airflow_env/lib/python3.11/site-packages/airflow/example_dags/example_latest_only.py took 0.065 seconds
[2024-02-27T11:05:51.324+0530] {processor.py:161} INFO - Started process (PID=2920) to work on /Users/anikbhowmick/Python/Big_Data_Assignment/A02/airflow_env/lib/python3.11/site-packages/airflow/example_dags/example_latest_only.py
[2024-02-27T11:05:51.326+0530] {processor.py:830} INFO - Processing file /Users/anikbhowmick/Python/Big_Data_Assignment/A02/airflow_env/lib/python3.11/site-packages/airflow/example_dags/example_latest_only.py for tasks to queue
[2024-02-27T11:05:51.326+0530] {logging_mixin.py:188} INFO - [2024-02-27T11:05:51.326+0530] {dagbag.py:540} INFO - Filling up the DagBag from /Users/anikbhowmick/Python/Big_Data_Assignment/A02/airflow_env/lib/python3.11/site-packages/airflow/example_dags/example_latest_only.py
[2024-02-27T11:05:51.328+0530] {processor.py:840} INFO - DAG(s) 'latest_only' retrieved from /Users/anikbhowmick/Python/Big_Data_Assignment/A02/airflow_env/lib/python3.11/site-packages/airflow/example_dags/example_latest_only.py
[2024-02-27T11:05:51.378+0530] {logging_mixin.py:188} INFO - [2024-02-27T11:05:51.378+0530] {dag.py:3047} INFO - Sync 1 DAGs
[2024-02-27T11:05:51.383+0530] {logging_mixin.py:188} INFO - [2024-02-27T11:05:51.383+0530] {dag.py:3834} INFO - Setting next_dagrun for latest_only to 2024-02-27 00:00:00+00:00, run_after=2024-02-27 04:00:00+00:00
[2024-02-27T11:05:51.389+0530] {processor.py:183} INFO - Processing /Users/anikbhowmick/Python/Big_Data_Assignment/A02/airflow_env/lib/python3.11/site-packages/airflow/example_dags/example_latest_only.py took 0.065 seconds
[2024-02-27T11:07:32.309+0530] {processor.py:161} INFO - Started process (PID=2988) to work on /Users/anikbhowmick/Python/Big_Data_Assignment/A02/airflow_env/lib/python3.11/site-packages/airflow/example_dags/example_latest_only.py
[2024-02-27T11:07:32.310+0530] {processor.py:830} INFO - Processing file /Users/anikbhowmick/Python/Big_Data_Assignment/A02/airflow_env/lib/python3.11/site-packages/airflow/example_dags/example_latest_only.py for tasks to queue
[2024-02-27T11:07:32.310+0530] {logging_mixin.py:188} INFO - [2024-02-27T11:07:32.310+0530] {dagbag.py:540} INFO - Filling up the DagBag from /Users/anikbhowmick/Python/Big_Data_Assignment/A02/airflow_env/lib/python3.11/site-packages/airflow/example_dags/example_latest_only.py
[2024-02-27T11:07:32.313+0530] {processor.py:840} INFO - DAG(s) 'latest_only' retrieved from /Users/anikbhowmick/Python/Big_Data_Assignment/A02/airflow_env/lib/python3.11/site-packages/airflow/example_dags/example_latest_only.py
[2024-02-27T11:07:32.362+0530] {logging_mixin.py:188} INFO - [2024-02-27T11:07:32.362+0530] {dag.py:3047} INFO - Sync 1 DAGs
[2024-02-27T11:07:32.367+0530] {logging_mixin.py:188} INFO - [2024-02-27T11:07:32.367+0530] {dag.py:3834} INFO - Setting next_dagrun for latest_only to 2024-02-27 00:00:00+00:00, run_after=2024-02-27 04:00:00+00:00
[2024-02-27T11:07:32.373+0530] {processor.py:183} INFO - Processing /Users/anikbhowmick/Python/Big_Data_Assignment/A02/airflow_env/lib/python3.11/site-packages/airflow/example_dags/example_latest_only.py took 0.065 seconds
[2024-02-27T11:09:18.671+0530] {processor.py:161} INFO - Started process (PID=3119) to work on /Users/anikbhowmick/Python/Big_Data_Assignment/A02/airflow_env/lib/python3.11/site-packages/airflow/example_dags/example_latest_only.py
[2024-02-27T11:09:18.672+0530] {processor.py:830} INFO - Processing file /Users/anikbhowmick/Python/Big_Data_Assignment/A02/airflow_env/lib/python3.11/site-packages/airflow/example_dags/example_latest_only.py for tasks to queue
[2024-02-27T11:09:18.672+0530] {logging_mixin.py:188} INFO - [2024-02-27T11:09:18.672+0530] {dagbag.py:540} INFO - Filling up the DagBag from /Users/anikbhowmick/Python/Big_Data_Assignment/A02/airflow_env/lib/python3.11/site-packages/airflow/example_dags/example_latest_only.py
[2024-02-27T11:09:18.675+0530] {processor.py:840} INFO - DAG(s) 'latest_only' retrieved from /Users/anikbhowmick/Python/Big_Data_Assignment/A02/airflow_env/lib/python3.11/site-packages/airflow/example_dags/example_latest_only.py
[2024-02-27T11:09:18.726+0530] {logging_mixin.py:188} INFO - [2024-02-27T11:09:18.726+0530] {dag.py:3047} INFO - Sync 1 DAGs
[2024-02-27T11:09:18.731+0530] {logging_mixin.py:188} INFO - [2024-02-27T11:09:18.731+0530] {dag.py:3834} INFO - Setting next_dagrun for latest_only to 2024-02-27 00:00:00+00:00, run_after=2024-02-27 04:00:00+00:00
[2024-02-27T11:09:18.737+0530] {processor.py:183} INFO - Processing /Users/anikbhowmick/Python/Big_Data_Assignment/A02/airflow_env/lib/python3.11/site-packages/airflow/example_dags/example_latest_only.py took 0.067 seconds
[2024-02-27T11:10:53.438+0530] {processor.py:161} INFO - Started process (PID=3190) to work on /Users/anikbhowmick/Python/Big_Data_Assignment/A02/airflow_env/lib/python3.11/site-packages/airflow/example_dags/example_latest_only.py
[2024-02-27T11:10:53.439+0530] {processor.py:830} INFO - Processing file /Users/anikbhowmick/Python/Big_Data_Assignment/A02/airflow_env/lib/python3.11/site-packages/airflow/example_dags/example_latest_only.py for tasks to queue
[2024-02-27T11:10:53.439+0530] {logging_mixin.py:188} INFO - [2024-02-27T11:10:53.439+0530] {dagbag.py:540} INFO - Filling up the DagBag from /Users/anikbhowmick/Python/Big_Data_Assignment/A02/airflow_env/lib/python3.11/site-packages/airflow/example_dags/example_latest_only.py
[2024-02-27T11:10:53.441+0530] {processor.py:840} INFO - DAG(s) 'latest_only' retrieved from /Users/anikbhowmick/Python/Big_Data_Assignment/A02/airflow_env/lib/python3.11/site-packages/airflow/example_dags/example_latest_only.py
[2024-02-27T11:10:53.491+0530] {logging_mixin.py:188} INFO - [2024-02-27T11:10:53.491+0530] {dag.py:3047} INFO - Sync 1 DAGs
[2024-02-27T11:10:53.497+0530] {logging_mixin.py:188} INFO - [2024-02-27T11:10:53.496+0530] {dag.py:3834} INFO - Setting next_dagrun for latest_only to 2024-02-27 00:00:00+00:00, run_after=2024-02-27 04:00:00+00:00
[2024-02-27T11:10:53.502+0530] {processor.py:183} INFO - Processing /Users/anikbhowmick/Python/Big_Data_Assignment/A02/airflow_env/lib/python3.11/site-packages/airflow/example_dags/example_latest_only.py took 0.065 seconds
[2024-02-27T11:12:35.209+0530] {processor.py:161} INFO - Started process (PID=3295) to work on /Users/anikbhowmick/Python/Big_Data_Assignment/A02/airflow_env/lib/python3.11/site-packages/airflow/example_dags/example_latest_only.py
[2024-02-27T11:12:35.210+0530] {processor.py:830} INFO - Processing file /Users/anikbhowmick/Python/Big_Data_Assignment/A02/airflow_env/lib/python3.11/site-packages/airflow/example_dags/example_latest_only.py for tasks to queue
[2024-02-27T11:12:35.210+0530] {logging_mixin.py:188} INFO - [2024-02-27T11:12:35.210+0530] {dagbag.py:540} INFO - Filling up the DagBag from /Users/anikbhowmick/Python/Big_Data_Assignment/A02/airflow_env/lib/python3.11/site-packages/airflow/example_dags/example_latest_only.py
[2024-02-27T11:12:35.213+0530] {processor.py:840} INFO - DAG(s) 'latest_only' retrieved from /Users/anikbhowmick/Python/Big_Data_Assignment/A02/airflow_env/lib/python3.11/site-packages/airflow/example_dags/example_latest_only.py
[2024-02-27T11:12:35.264+0530] {logging_mixin.py:188} INFO - [2024-02-27T11:12:35.264+0530] {dag.py:3047} INFO - Sync 1 DAGs
[2024-02-27T11:12:35.269+0530] {logging_mixin.py:188} INFO - [2024-02-27T11:12:35.269+0530] {dag.py:3834} INFO - Setting next_dagrun for latest_only to 2024-02-27 00:00:00+00:00, run_after=2024-02-27 04:00:00+00:00
[2024-02-27T11:12:35.275+0530] {processor.py:183} INFO - Processing /Users/anikbhowmick/Python/Big_Data_Assignment/A02/airflow_env/lib/python3.11/site-packages/airflow/example_dags/example_latest_only.py took 0.066 seconds
[2024-02-27T11:14:27.704+0530] {processor.py:161} INFO - Started process (PID=3398) to work on /Users/anikbhowmick/Python/Big_Data_Assignment/A02/airflow_env/lib/python3.11/site-packages/airflow/example_dags/example_latest_only.py
[2024-02-27T11:14:27.705+0530] {processor.py:830} INFO - Processing file /Users/anikbhowmick/Python/Big_Data_Assignment/A02/airflow_env/lib/python3.11/site-packages/airflow/example_dags/example_latest_only.py for tasks to queue
[2024-02-27T11:14:27.705+0530] {logging_mixin.py:188} INFO - [2024-02-27T11:14:27.705+0530] {dagbag.py:540} INFO - Filling up the DagBag from /Users/anikbhowmick/Python/Big_Data_Assignment/A02/airflow_env/lib/python3.11/site-packages/airflow/example_dags/example_latest_only.py
[2024-02-27T11:14:27.708+0530] {processor.py:840} INFO - DAG(s) 'latest_only' retrieved from /Users/anikbhowmick/Python/Big_Data_Assignment/A02/airflow_env/lib/python3.11/site-packages/airflow/example_dags/example_latest_only.py
[2024-02-27T11:14:27.759+0530] {logging_mixin.py:188} INFO - [2024-02-27T11:14:27.758+0530] {dag.py:3047} INFO - Sync 1 DAGs
[2024-02-27T11:14:27.764+0530] {logging_mixin.py:188} INFO - [2024-02-27T11:14:27.764+0530] {dag.py:3834} INFO - Setting next_dagrun for latest_only to 2024-02-27 00:00:00+00:00, run_after=2024-02-27 04:00:00+00:00
[2024-02-27T11:14:27.770+0530] {processor.py:183} INFO - Processing /Users/anikbhowmick/Python/Big_Data_Assignment/A02/airflow_env/lib/python3.11/site-packages/airflow/example_dags/example_latest_only.py took 0.066 seconds
[2024-02-27T11:16:06.878+0530] {processor.py:161} INFO - Started process (PID=3463) to work on /Users/anikbhowmick/Python/Big_Data_Assignment/A02/airflow_env/lib/python3.11/site-packages/airflow/example_dags/example_latest_only.py
[2024-02-27T11:16:06.878+0530] {processor.py:830} INFO - Processing file /Users/anikbhowmick/Python/Big_Data_Assignment/A02/airflow_env/lib/python3.11/site-packages/airflow/example_dags/example_latest_only.py for tasks to queue
[2024-02-27T11:16:06.879+0530] {logging_mixin.py:188} INFO - [2024-02-27T11:16:06.879+0530] {dagbag.py:540} INFO - Filling up the DagBag from /Users/anikbhowmick/Python/Big_Data_Assignment/A02/airflow_env/lib/python3.11/site-packages/airflow/example_dags/example_latest_only.py
[2024-02-27T11:16:06.881+0530] {processor.py:840} INFO - DAG(s) 'latest_only' retrieved from /Users/anikbhowmick/Python/Big_Data_Assignment/A02/airflow_env/lib/python3.11/site-packages/airflow/example_dags/example_latest_only.py
[2024-02-27T11:16:06.932+0530] {logging_mixin.py:188} INFO - [2024-02-27T11:16:06.932+0530] {dag.py:3047} INFO - Sync 1 DAGs
[2024-02-27T11:16:06.939+0530] {logging_mixin.py:188} INFO - [2024-02-27T11:16:06.939+0530] {dag.py:3834} INFO - Setting next_dagrun for latest_only to 2024-02-27 00:00:00+00:00, run_after=2024-02-27 04:00:00+00:00
[2024-02-27T11:16:06.947+0530] {processor.py:183} INFO - Processing /Users/anikbhowmick/Python/Big_Data_Assignment/A02/airflow_env/lib/python3.11/site-packages/airflow/example_dags/example_latest_only.py took 0.069 seconds
[2024-02-27T11:18:01.554+0530] {processor.py:161} INFO - Started process (PID=3542) to work on /Users/anikbhowmick/Python/Big_Data_Assignment/A02/airflow_env/lib/python3.11/site-packages/airflow/example_dags/example_latest_only.py
[2024-02-27T11:18:01.554+0530] {processor.py:830} INFO - Processing file /Users/anikbhowmick/Python/Big_Data_Assignment/A02/airflow_env/lib/python3.11/site-packages/airflow/example_dags/example_latest_only.py for tasks to queue
[2024-02-27T11:18:01.555+0530] {logging_mixin.py:188} INFO - [2024-02-27T11:18:01.555+0530] {dagbag.py:540} INFO - Filling up the DagBag from /Users/anikbhowmick/Python/Big_Data_Assignment/A02/airflow_env/lib/python3.11/site-packages/airflow/example_dags/example_latest_only.py
[2024-02-27T11:18:01.557+0530] {processor.py:840} INFO - DAG(s) 'latest_only' retrieved from /Users/anikbhowmick/Python/Big_Data_Assignment/A02/airflow_env/lib/python3.11/site-packages/airflow/example_dags/example_latest_only.py
[2024-02-27T11:18:01.608+0530] {logging_mixin.py:188} INFO - [2024-02-27T11:18:01.607+0530] {dag.py:3047} INFO - Sync 1 DAGs
[2024-02-27T11:18:01.613+0530] {logging_mixin.py:188} INFO - [2024-02-27T11:18:01.613+0530] {dag.py:3834} INFO - Setting next_dagrun for latest_only to 2024-02-27 00:00:00+00:00, run_after=2024-02-27 04:00:00+00:00
[2024-02-27T11:18:01.619+0530] {processor.py:183} INFO - Processing /Users/anikbhowmick/Python/Big_Data_Assignment/A02/airflow_env/lib/python3.11/site-packages/airflow/example_dags/example_latest_only.py took 0.065 seconds
[2024-02-27T11:20:37.838+0530] {processor.py:161} INFO - Started process (PID=3683) to work on /Users/anikbhowmick/Python/Big_Data_Assignment/A02/airflow_env/lib/python3.11/site-packages/airflow/example_dags/example_latest_only.py
[2024-02-27T11:20:37.839+0530] {processor.py:830} INFO - Processing file /Users/anikbhowmick/Python/Big_Data_Assignment/A02/airflow_env/lib/python3.11/site-packages/airflow/example_dags/example_latest_only.py for tasks to queue
[2024-02-27T11:20:37.840+0530] {logging_mixin.py:188} INFO - [2024-02-27T11:20:37.840+0530] {dagbag.py:540} INFO - Filling up the DagBag from /Users/anikbhowmick/Python/Big_Data_Assignment/A02/airflow_env/lib/python3.11/site-packages/airflow/example_dags/example_latest_only.py
[2024-02-27T11:20:37.842+0530] {processor.py:840} INFO - DAG(s) 'latest_only' retrieved from /Users/anikbhowmick/Python/Big_Data_Assignment/A02/airflow_env/lib/python3.11/site-packages/airflow/example_dags/example_latest_only.py
[2024-02-27T11:20:37.894+0530] {logging_mixin.py:188} INFO - [2024-02-27T11:20:37.893+0530] {dag.py:3047} INFO - Sync 1 DAGs
[2024-02-27T11:20:37.899+0530] {logging_mixin.py:188} INFO - [2024-02-27T11:20:37.899+0530] {dag.py:3834} INFO - Setting next_dagrun for latest_only to 2024-02-27 00:00:00+00:00, run_after=2024-02-27 04:00:00+00:00
[2024-02-27T11:20:37.905+0530] {processor.py:183} INFO - Processing /Users/anikbhowmick/Python/Big_Data_Assignment/A02/airflow_env/lib/python3.11/site-packages/airflow/example_dags/example_latest_only.py took 0.067 seconds
[2024-02-27T11:22:59.299+0530] {processor.py:161} INFO - Started process (PID=3810) to work on /Users/anikbhowmick/Python/Big_Data_Assignment/A02/airflow_env/lib/python3.11/site-packages/airflow/example_dags/example_latest_only.py
[2024-02-27T11:22:59.301+0530] {processor.py:830} INFO - Processing file /Users/anikbhowmick/Python/Big_Data_Assignment/A02/airflow_env/lib/python3.11/site-packages/airflow/example_dags/example_latest_only.py for tasks to queue
[2024-02-27T11:22:59.301+0530] {logging_mixin.py:188} INFO - [2024-02-27T11:22:59.301+0530] {dagbag.py:540} INFO - Filling up the DagBag from /Users/anikbhowmick/Python/Big_Data_Assignment/A02/airflow_env/lib/python3.11/site-packages/airflow/example_dags/example_latest_only.py
[2024-02-27T11:22:59.303+0530] {processor.py:840} INFO - DAG(s) 'latest_only' retrieved from /Users/anikbhowmick/Python/Big_Data_Assignment/A02/airflow_env/lib/python3.11/site-packages/airflow/example_dags/example_latest_only.py
[2024-02-27T11:22:59.354+0530] {logging_mixin.py:188} INFO - [2024-02-27T11:22:59.354+0530] {dag.py:3047} INFO - Sync 1 DAGs
[2024-02-27T11:22:59.359+0530] {logging_mixin.py:188} INFO - [2024-02-27T11:22:59.359+0530] {dag.py:3834} INFO - Setting next_dagrun for latest_only to 2024-02-27 00:00:00+00:00, run_after=2024-02-27 04:00:00+00:00
[2024-02-27T11:22:59.366+0530] {processor.py:183} INFO - Processing /Users/anikbhowmick/Python/Big_Data_Assignment/A02/airflow_env/lib/python3.11/site-packages/airflow/example_dags/example_latest_only.py took 0.066 seconds
[2024-02-27T11:24:51.060+0530] {processor.py:161} INFO - Started process (PID=3928) to work on /Users/anikbhowmick/Python/Big_Data_Assignment/A02/airflow_env/lib/python3.11/site-packages/airflow/example_dags/example_latest_only.py
[2024-02-27T11:24:51.061+0530] {processor.py:830} INFO - Processing file /Users/anikbhowmick/Python/Big_Data_Assignment/A02/airflow_env/lib/python3.11/site-packages/airflow/example_dags/example_latest_only.py for tasks to queue
[2024-02-27T11:24:51.061+0530] {logging_mixin.py:188} INFO - [2024-02-27T11:24:51.061+0530] {dagbag.py:540} INFO - Filling up the DagBag from /Users/anikbhowmick/Python/Big_Data_Assignment/A02/airflow_env/lib/python3.11/site-packages/airflow/example_dags/example_latest_only.py
[2024-02-27T11:24:51.063+0530] {processor.py:840} INFO - DAG(s) 'latest_only' retrieved from /Users/anikbhowmick/Python/Big_Data_Assignment/A02/airflow_env/lib/python3.11/site-packages/airflow/example_dags/example_latest_only.py
[2024-02-27T11:24:51.112+0530] {logging_mixin.py:188} INFO - [2024-02-27T11:24:51.112+0530] {dag.py:3047} INFO - Sync 1 DAGs
[2024-02-27T11:24:51.117+0530] {logging_mixin.py:188} INFO - [2024-02-27T11:24:51.117+0530] {dag.py:3834} INFO - Setting next_dagrun for latest_only to 2024-02-27 00:00:00+00:00, run_after=2024-02-27 04:00:00+00:00
[2024-02-27T11:24:51.123+0530] {processor.py:183} INFO - Processing /Users/anikbhowmick/Python/Big_Data_Assignment/A02/airflow_env/lib/python3.11/site-packages/airflow/example_dags/example_latest_only.py took 0.064 seconds
[2024-02-27T11:26:37.138+0530] {processor.py:161} INFO - Started process (PID=3999) to work on /Users/anikbhowmick/Python/Big_Data_Assignment/A02/airflow_env/lib/python3.11/site-packages/airflow/example_dags/example_latest_only.py
[2024-02-27T11:26:37.139+0530] {processor.py:830} INFO - Processing file /Users/anikbhowmick/Python/Big_Data_Assignment/A02/airflow_env/lib/python3.11/site-packages/airflow/example_dags/example_latest_only.py for tasks to queue
[2024-02-27T11:26:37.139+0530] {logging_mixin.py:188} INFO - [2024-02-27T11:26:37.139+0530] {dagbag.py:540} INFO - Filling up the DagBag from /Users/anikbhowmick/Python/Big_Data_Assignment/A02/airflow_env/lib/python3.11/site-packages/airflow/example_dags/example_latest_only.py
[2024-02-27T11:26:37.141+0530] {processor.py:840} INFO - DAG(s) 'latest_only' retrieved from /Users/anikbhowmick/Python/Big_Data_Assignment/A02/airflow_env/lib/python3.11/site-packages/airflow/example_dags/example_latest_only.py
[2024-02-27T11:26:37.190+0530] {logging_mixin.py:188} INFO - [2024-02-27T11:26:37.190+0530] {dag.py:3047} INFO - Sync 1 DAGs
[2024-02-27T11:26:37.195+0530] {logging_mixin.py:188} INFO - [2024-02-27T11:26:37.195+0530] {dag.py:3834} INFO - Setting next_dagrun for latest_only to 2024-02-27 00:00:00+00:00, run_after=2024-02-27 04:00:00+00:00
[2024-02-27T11:26:37.201+0530] {processor.py:183} INFO - Processing /Users/anikbhowmick/Python/Big_Data_Assignment/A02/airflow_env/lib/python3.11/site-packages/airflow/example_dags/example_latest_only.py took 0.064 seconds
[2024-02-27T11:28:44.276+0530] {processor.py:161} INFO - Started process (PID=4137) to work on /Users/anikbhowmick/Python/Big_Data_Assignment/A02/airflow_env/lib/python3.11/site-packages/airflow/example_dags/example_latest_only.py
[2024-02-27T11:28:44.278+0530] {processor.py:830} INFO - Processing file /Users/anikbhowmick/Python/Big_Data_Assignment/A02/airflow_env/lib/python3.11/site-packages/airflow/example_dags/example_latest_only.py for tasks to queue
[2024-02-27T11:28:44.278+0530] {logging_mixin.py:188} INFO - [2024-02-27T11:28:44.278+0530] {dagbag.py:540} INFO - Filling up the DagBag from /Users/anikbhowmick/Python/Big_Data_Assignment/A02/airflow_env/lib/python3.11/site-packages/airflow/example_dags/example_latest_only.py
[2024-02-27T11:28:44.280+0530] {processor.py:840} INFO - DAG(s) 'latest_only' retrieved from /Users/anikbhowmick/Python/Big_Data_Assignment/A02/airflow_env/lib/python3.11/site-packages/airflow/example_dags/example_latest_only.py
[2024-02-27T11:28:44.330+0530] {logging_mixin.py:188} INFO - [2024-02-27T11:28:44.330+0530] {dag.py:3047} INFO - Sync 1 DAGs
[2024-02-27T11:28:44.335+0530] {logging_mixin.py:188} INFO - [2024-02-27T11:28:44.335+0530] {dag.py:3834} INFO - Setting next_dagrun for latest_only to 2024-02-27 00:00:00+00:00, run_after=2024-02-27 04:00:00+00:00
[2024-02-27T11:28:44.341+0530] {processor.py:183} INFO - Processing /Users/anikbhowmick/Python/Big_Data_Assignment/A02/airflow_env/lib/python3.11/site-packages/airflow/example_dags/example_latest_only.py took 0.065 seconds
[2024-02-27T11:30:30.311+0530] {processor.py:161} INFO - Started process (PID=4228) to work on /Users/anikbhowmick/Python/Big_Data_Assignment/A02/airflow_env/lib/python3.11/site-packages/airflow/example_dags/example_latest_only.py
[2024-02-27T11:30:30.311+0530] {processor.py:830} INFO - Processing file /Users/anikbhowmick/Python/Big_Data_Assignment/A02/airflow_env/lib/python3.11/site-packages/airflow/example_dags/example_latest_only.py for tasks to queue
[2024-02-27T11:30:30.311+0530] {logging_mixin.py:188} INFO - [2024-02-27T11:30:30.311+0530] {dagbag.py:540} INFO - Filling up the DagBag from /Users/anikbhowmick/Python/Big_Data_Assignment/A02/airflow_env/lib/python3.11/site-packages/airflow/example_dags/example_latest_only.py
[2024-02-27T11:30:30.314+0530] {processor.py:840} INFO - DAG(s) 'latest_only' retrieved from /Users/anikbhowmick/Python/Big_Data_Assignment/A02/airflow_env/lib/python3.11/site-packages/airflow/example_dags/example_latest_only.py
[2024-02-27T11:30:30.364+0530] {logging_mixin.py:188} INFO - [2024-02-27T11:30:30.364+0530] {dag.py:3047} INFO - Sync 1 DAGs
[2024-02-27T11:30:30.369+0530] {logging_mixin.py:188} INFO - [2024-02-27T11:30:30.369+0530] {dag.py:3834} INFO - Setting next_dagrun for latest_only to 2024-02-27 00:00:00+00:00, run_after=2024-02-27 04:00:00+00:00
[2024-02-27T11:30:30.375+0530] {processor.py:183} INFO - Processing /Users/anikbhowmick/Python/Big_Data_Assignment/A02/airflow_env/lib/python3.11/site-packages/airflow/example_dags/example_latest_only.py took 0.065 seconds
[2024-02-27T11:32:15.757+0530] {processor.py:161} INFO - Started process (PID=4301) to work on /Users/anikbhowmick/Python/Big_Data_Assignment/A02/airflow_env/lib/python3.11/site-packages/airflow/example_dags/example_latest_only.py
[2024-02-27T11:32:15.758+0530] {processor.py:830} INFO - Processing file /Users/anikbhowmick/Python/Big_Data_Assignment/A02/airflow_env/lib/python3.11/site-packages/airflow/example_dags/example_latest_only.py for tasks to queue
[2024-02-27T11:32:15.758+0530] {logging_mixin.py:188} INFO - [2024-02-27T11:32:15.758+0530] {dagbag.py:540} INFO - Filling up the DagBag from /Users/anikbhowmick/Python/Big_Data_Assignment/A02/airflow_env/lib/python3.11/site-packages/airflow/example_dags/example_latest_only.py
[2024-02-27T11:32:15.761+0530] {processor.py:840} INFO - DAG(s) 'latest_only' retrieved from /Users/anikbhowmick/Python/Big_Data_Assignment/A02/airflow_env/lib/python3.11/site-packages/airflow/example_dags/example_latest_only.py
[2024-02-27T11:32:15.815+0530] {logging_mixin.py:188} INFO - [2024-02-27T11:32:15.815+0530] {dag.py:3047} INFO - Sync 1 DAGs
[2024-02-27T11:32:15.820+0530] {logging_mixin.py:188} INFO - [2024-02-27T11:32:15.820+0530] {dag.py:3834} INFO - Setting next_dagrun for latest_only to 2024-02-27 00:00:00+00:00, run_after=2024-02-27 04:00:00+00:00
[2024-02-27T11:32:15.826+0530] {processor.py:183} INFO - Processing /Users/anikbhowmick/Python/Big_Data_Assignment/A02/airflow_env/lib/python3.11/site-packages/airflow/example_dags/example_latest_only.py took 0.069 seconds
[2024-02-27T11:34:25.177+0530] {processor.py:161} INFO - Started process (PID=4445) to work on /Users/anikbhowmick/Python/Big_Data_Assignment/A02/airflow_env/lib/python3.11/site-packages/airflow/example_dags/example_latest_only.py
[2024-02-27T11:34:25.178+0530] {processor.py:830} INFO - Processing file /Users/anikbhowmick/Python/Big_Data_Assignment/A02/airflow_env/lib/python3.11/site-packages/airflow/example_dags/example_latest_only.py for tasks to queue
[2024-02-27T11:34:25.178+0530] {logging_mixin.py:188} INFO - [2024-02-27T11:34:25.178+0530] {dagbag.py:540} INFO - Filling up the DagBag from /Users/anikbhowmick/Python/Big_Data_Assignment/A02/airflow_env/lib/python3.11/site-packages/airflow/example_dags/example_latest_only.py
[2024-02-27T11:34:25.181+0530] {processor.py:840} INFO - DAG(s) 'latest_only' retrieved from /Users/anikbhowmick/Python/Big_Data_Assignment/A02/airflow_env/lib/python3.11/site-packages/airflow/example_dags/example_latest_only.py
[2024-02-27T11:34:25.229+0530] {logging_mixin.py:188} INFO - [2024-02-27T11:34:25.229+0530] {dag.py:3047} INFO - Sync 1 DAGs
[2024-02-27T11:34:25.234+0530] {logging_mixin.py:188} INFO - [2024-02-27T11:34:25.234+0530] {dag.py:3834} INFO - Setting next_dagrun for latest_only to 2024-02-27 00:00:00+00:00, run_after=2024-02-27 04:00:00+00:00
[2024-02-27T11:34:25.241+0530] {processor.py:183} INFO - Processing /Users/anikbhowmick/Python/Big_Data_Assignment/A02/airflow_env/lib/python3.11/site-packages/airflow/example_dags/example_latest_only.py took 0.065 seconds
[2024-02-27T11:36:07.861+0530] {processor.py:161} INFO - Started process (PID=4516) to work on /Users/anikbhowmick/Python/Big_Data_Assignment/A02/airflow_env/lib/python3.11/site-packages/airflow/example_dags/example_latest_only.py
[2024-02-27T11:36:07.862+0530] {processor.py:830} INFO - Processing file /Users/anikbhowmick/Python/Big_Data_Assignment/A02/airflow_env/lib/python3.11/site-packages/airflow/example_dags/example_latest_only.py for tasks to queue
[2024-02-27T11:36:07.862+0530] {logging_mixin.py:188} INFO - [2024-02-27T11:36:07.862+0530] {dagbag.py:540} INFO - Filling up the DagBag from /Users/anikbhowmick/Python/Big_Data_Assignment/A02/airflow_env/lib/python3.11/site-packages/airflow/example_dags/example_latest_only.py
[2024-02-27T11:36:07.865+0530] {processor.py:840} INFO - DAG(s) 'latest_only' retrieved from /Users/anikbhowmick/Python/Big_Data_Assignment/A02/airflow_env/lib/python3.11/site-packages/airflow/example_dags/example_latest_only.py
[2024-02-27T11:36:07.915+0530] {logging_mixin.py:188} INFO - [2024-02-27T11:36:07.914+0530] {dag.py:3047} INFO - Sync 1 DAGs
[2024-02-27T11:36:07.920+0530] {logging_mixin.py:188} INFO - [2024-02-27T11:36:07.920+0530] {dag.py:3834} INFO - Setting next_dagrun for latest_only to 2024-02-27 00:00:00+00:00, run_after=2024-02-27 04:00:00+00:00
[2024-02-27T11:36:07.926+0530] {processor.py:183} INFO - Processing /Users/anikbhowmick/Python/Big_Data_Assignment/A02/airflow_env/lib/python3.11/site-packages/airflow/example_dags/example_latest_only.py took 0.065 seconds
[2024-02-27T11:39:50.344+0530] {processor.py:161} INFO - Started process (PID=4641) to work on /Users/anikbhowmick/Python/Big_Data_Assignment/A02/airflow_env/lib/python3.11/site-packages/airflow/example_dags/example_latest_only.py
[2024-02-27T11:39:50.345+0530] {processor.py:830} INFO - Processing file /Users/anikbhowmick/Python/Big_Data_Assignment/A02/airflow_env/lib/python3.11/site-packages/airflow/example_dags/example_latest_only.py for tasks to queue
[2024-02-27T11:39:50.345+0530] {logging_mixin.py:188} INFO - [2024-02-27T11:39:50.345+0530] {dagbag.py:540} INFO - Filling up the DagBag from /Users/anikbhowmick/Python/Big_Data_Assignment/A02/airflow_env/lib/python3.11/site-packages/airflow/example_dags/example_latest_only.py
[2024-02-27T11:39:50.348+0530] {processor.py:840} INFO - DAG(s) 'latest_only' retrieved from /Users/anikbhowmick/Python/Big_Data_Assignment/A02/airflow_env/lib/python3.11/site-packages/airflow/example_dags/example_latest_only.py
[2024-02-27T11:39:50.399+0530] {logging_mixin.py:188} INFO - [2024-02-27T11:39:50.398+0530] {dag.py:3047} INFO - Sync 1 DAGs
[2024-02-27T11:39:50.404+0530] {logging_mixin.py:188} INFO - [2024-02-27T11:39:50.404+0530] {dag.py:3834} INFO - Setting next_dagrun for latest_only to 2024-02-27 00:00:00+00:00, run_after=2024-02-27 04:00:00+00:00
[2024-02-27T11:39:50.410+0530] {processor.py:183} INFO - Processing /Users/anikbhowmick/Python/Big_Data_Assignment/A02/airflow_env/lib/python3.11/site-packages/airflow/example_dags/example_latest_only.py took 0.066 seconds
[2024-02-27T11:41:23.423+0530] {processor.py:161} INFO - Started process (PID=4724) to work on /Users/anikbhowmick/Python/Big_Data_Assignment/A02/airflow_env/lib/python3.11/site-packages/airflow/example_dags/example_latest_only.py
[2024-02-27T11:41:23.423+0530] {processor.py:830} INFO - Processing file /Users/anikbhowmick/Python/Big_Data_Assignment/A02/airflow_env/lib/python3.11/site-packages/airflow/example_dags/example_latest_only.py for tasks to queue
[2024-02-27T11:41:23.423+0530] {logging_mixin.py:188} INFO - [2024-02-27T11:41:23.423+0530] {dagbag.py:540} INFO - Filling up the DagBag from /Users/anikbhowmick/Python/Big_Data_Assignment/A02/airflow_env/lib/python3.11/site-packages/airflow/example_dags/example_latest_only.py
[2024-02-27T11:41:23.426+0530] {processor.py:840} INFO - DAG(s) 'latest_only' retrieved from /Users/anikbhowmick/Python/Big_Data_Assignment/A02/airflow_env/lib/python3.11/site-packages/airflow/example_dags/example_latest_only.py
[2024-02-27T11:41:23.478+0530] {logging_mixin.py:188} INFO - [2024-02-27T11:41:23.478+0530] {dag.py:3047} INFO - Sync 1 DAGs
[2024-02-27T11:41:23.483+0530] {logging_mixin.py:188} INFO - [2024-02-27T11:41:23.483+0530] {dag.py:3834} INFO - Setting next_dagrun for latest_only to 2024-02-27 00:00:00+00:00, run_after=2024-02-27 04:00:00+00:00
[2024-02-27T11:41:23.489+0530] {processor.py:183} INFO - Processing /Users/anikbhowmick/Python/Big_Data_Assignment/A02/airflow_env/lib/python3.11/site-packages/airflow/example_dags/example_latest_only.py took 0.066 seconds
