[2024-02-27T10:45:59.070+0530] {processor.py:161} INFO - Started process (PID=1558) to work on /Users/anikbhowmick/Python/Big_Data_Assignment/A02/airflow_env/lib/python3.11/site-packages/airflow/example_dags/example_time_delta_sensor_async.py
[2024-02-27T10:45:59.070+0530] {processor.py:830} INFO - Processing file /Users/anikbhowmick/Python/Big_Data_Assignment/A02/airflow_env/lib/python3.11/site-packages/airflow/example_dags/example_time_delta_sensor_async.py for tasks to queue
[2024-02-27T10:45:59.070+0530] {logging_mixin.py:188} INFO - [2024-02-27T10:45:59.070+0530] {dagbag.py:540} INFO - Filling up the DagBag from /Users/anikbhowmick/Python/Big_Data_Assignment/A02/airflow_env/lib/python3.11/site-packages/airflow/example_dags/example_time_delta_sensor_async.py
[2024-02-27T10:45:59.073+0530] {processor.py:840} INFO - DAG(s) 'example_time_delta_sensor_async' retrieved from /Users/anikbhowmick/Python/Big_Data_Assignment/A02/airflow_env/lib/python3.11/site-packages/airflow/example_dags/example_time_delta_sensor_async.py
[2024-02-27T10:45:59.125+0530] {logging_mixin.py:188} INFO - [2024-02-27T10:45:59.125+0530] {dag.py:3047} INFO - Sync 1 DAGs
[2024-02-27T10:45:59.128+0530] {logging_mixin.py:188} INFO - [2024-02-27T10:45:59.128+0530] {dag.py:3834} INFO - Setting next_dagrun for example_time_delta_sensor_async to None, run_after=None
[2024-02-27T10:45:59.135+0530] {processor.py:183} INFO - Processing /Users/anikbhowmick/Python/Big_Data_Assignment/A02/airflow_env/lib/python3.11/site-packages/airflow/example_dags/example_time_delta_sensor_async.py took 0.065 seconds
[2024-02-27T10:47:31.516+0530] {processor.py:161} INFO - Started process (PID=1663) to work on /Users/anikbhowmick/Python/Big_Data_Assignment/A02/airflow_env/lib/python3.11/site-packages/airflow/example_dags/example_time_delta_sensor_async.py
[2024-02-27T10:47:31.517+0530] {processor.py:830} INFO - Processing file /Users/anikbhowmick/Python/Big_Data_Assignment/A02/airflow_env/lib/python3.11/site-packages/airflow/example_dags/example_time_delta_sensor_async.py for tasks to queue
[2024-02-27T10:47:31.518+0530] {logging_mixin.py:188} INFO - [2024-02-27T10:47:31.517+0530] {dagbag.py:540} INFO - Filling up the DagBag from /Users/anikbhowmick/Python/Big_Data_Assignment/A02/airflow_env/lib/python3.11/site-packages/airflow/example_dags/example_time_delta_sensor_async.py
[2024-02-27T10:47:31.521+0530] {processor.py:840} INFO - DAG(s) 'example_time_delta_sensor_async' retrieved from /Users/anikbhowmick/Python/Big_Data_Assignment/A02/airflow_env/lib/python3.11/site-packages/airflow/example_dags/example_time_delta_sensor_async.py
[2024-02-27T10:47:31.572+0530] {logging_mixin.py:188} INFO - [2024-02-27T10:47:31.572+0530] {dag.py:3047} INFO - Sync 1 DAGs
[2024-02-27T10:47:31.575+0530] {logging_mixin.py:188} INFO - [2024-02-27T10:47:31.575+0530] {dag.py:3834} INFO - Setting next_dagrun for example_time_delta_sensor_async to None, run_after=None
[2024-02-27T10:47:31.582+0530] {processor.py:183} INFO - Processing /Users/anikbhowmick/Python/Big_Data_Assignment/A02/airflow_env/lib/python3.11/site-packages/airflow/example_dags/example_time_delta_sensor_async.py took 0.066 seconds
[2024-02-27T10:49:29.811+0530] {processor.py:161} INFO - Started process (PID=1756) to work on /Users/anikbhowmick/Python/Big_Data_Assignment/A02/airflow_env/lib/python3.11/site-packages/airflow/example_dags/example_time_delta_sensor_async.py
[2024-02-27T10:49:29.811+0530] {processor.py:830} INFO - Processing file /Users/anikbhowmick/Python/Big_Data_Assignment/A02/airflow_env/lib/python3.11/site-packages/airflow/example_dags/example_time_delta_sensor_async.py for tasks to queue
[2024-02-27T10:49:29.812+0530] {logging_mixin.py:188} INFO - [2024-02-27T10:49:29.812+0530] {dagbag.py:540} INFO - Filling up the DagBag from /Users/anikbhowmick/Python/Big_Data_Assignment/A02/airflow_env/lib/python3.11/site-packages/airflow/example_dags/example_time_delta_sensor_async.py
[2024-02-27T10:49:29.815+0530] {processor.py:840} INFO - DAG(s) 'example_time_delta_sensor_async' retrieved from /Users/anikbhowmick/Python/Big_Data_Assignment/A02/airflow_env/lib/python3.11/site-packages/airflow/example_dags/example_time_delta_sensor_async.py
[2024-02-27T10:49:29.870+0530] {logging_mixin.py:188} INFO - [2024-02-27T10:49:29.870+0530] {dag.py:3047} INFO - Sync 1 DAGs
[2024-02-27T10:49:29.873+0530] {logging_mixin.py:188} INFO - [2024-02-27T10:49:29.873+0530] {dag.py:3834} INFO - Setting next_dagrun for example_time_delta_sensor_async to None, run_after=None
[2024-02-27T10:49:29.879+0530] {processor.py:183} INFO - Processing /Users/anikbhowmick/Python/Big_Data_Assignment/A02/airflow_env/lib/python3.11/site-packages/airflow/example_dags/example_time_delta_sensor_async.py took 0.069 seconds
[2024-02-27T10:52:40.811+0530] {processor.py:161} INFO - Started process (PID=1973) to work on /Users/anikbhowmick/Python/Big_Data_Assignment/A02/airflow_env/lib/python3.11/site-packages/airflow/example_dags/example_time_delta_sensor_async.py
[2024-02-27T10:52:40.812+0530] {processor.py:830} INFO - Processing file /Users/anikbhowmick/Python/Big_Data_Assignment/A02/airflow_env/lib/python3.11/site-packages/airflow/example_dags/example_time_delta_sensor_async.py for tasks to queue
[2024-02-27T10:52:40.812+0530] {logging_mixin.py:188} INFO - [2024-02-27T10:52:40.812+0530] {dagbag.py:540} INFO - Filling up the DagBag from /Users/anikbhowmick/Python/Big_Data_Assignment/A02/airflow_env/lib/python3.11/site-packages/airflow/example_dags/example_time_delta_sensor_async.py
[2024-02-27T10:52:40.815+0530] {processor.py:840} INFO - DAG(s) 'example_time_delta_sensor_async' retrieved from /Users/anikbhowmick/Python/Big_Data_Assignment/A02/airflow_env/lib/python3.11/site-packages/airflow/example_dags/example_time_delta_sensor_async.py
[2024-02-27T10:52:40.867+0530] {logging_mixin.py:188} INFO - [2024-02-27T10:52:40.867+0530] {dag.py:3047} INFO - Sync 1 DAGs
[2024-02-27T10:52:40.870+0530] {logging_mixin.py:188} INFO - [2024-02-27T10:52:40.870+0530] {dag.py:3834} INFO - Setting next_dagrun for example_time_delta_sensor_async to None, run_after=None
[2024-02-27T10:52:40.877+0530] {processor.py:183} INFO - Processing /Users/anikbhowmick/Python/Big_Data_Assignment/A02/airflow_env/lib/python3.11/site-packages/airflow/example_dags/example_time_delta_sensor_async.py took 0.066 seconds
[2024-02-27T10:54:01.767+0530] {processor.py:161} INFO - Started process (PID=2061) to work on /Users/anikbhowmick/Python/Big_Data_Assignment/A02/airflow_env/lib/python3.11/site-packages/airflow/example_dags/example_time_delta_sensor_async.py
[2024-02-27T10:54:01.768+0530] {processor.py:830} INFO - Processing file /Users/anikbhowmick/Python/Big_Data_Assignment/A02/airflow_env/lib/python3.11/site-packages/airflow/example_dags/example_time_delta_sensor_async.py for tasks to queue
[2024-02-27T10:54:01.768+0530] {logging_mixin.py:188} INFO - [2024-02-27T10:54:01.768+0530] {dagbag.py:540} INFO - Filling up the DagBag from /Users/anikbhowmick/Python/Big_Data_Assignment/A02/airflow_env/lib/python3.11/site-packages/airflow/example_dags/example_time_delta_sensor_async.py
[2024-02-27T10:54:01.771+0530] {processor.py:840} INFO - DAG(s) 'example_time_delta_sensor_async' retrieved from /Users/anikbhowmick/Python/Big_Data_Assignment/A02/airflow_env/lib/python3.11/site-packages/airflow/example_dags/example_time_delta_sensor_async.py
[2024-02-27T10:54:01.823+0530] {logging_mixin.py:188} INFO - [2024-02-27T10:54:01.822+0530] {dag.py:3047} INFO - Sync 1 DAGs
[2024-02-27T10:54:01.825+0530] {logging_mixin.py:188} INFO - [2024-02-27T10:54:01.825+0530] {dag.py:3834} INFO - Setting next_dagrun for example_time_delta_sensor_async to None, run_after=None
[2024-02-27T10:54:01.832+0530] {processor.py:183} INFO - Processing /Users/anikbhowmick/Python/Big_Data_Assignment/A02/airflow_env/lib/python3.11/site-packages/airflow/example_dags/example_time_delta_sensor_async.py took 0.066 seconds
[2024-02-27T10:55:35.364+0530] {processor.py:161} INFO - Started process (PID=2203) to work on /Users/anikbhowmick/Python/Big_Data_Assignment/A02/airflow_env/lib/python3.11/site-packages/airflow/example_dags/example_time_delta_sensor_async.py
[2024-02-27T10:55:35.365+0530] {processor.py:830} INFO - Processing file /Users/anikbhowmick/Python/Big_Data_Assignment/A02/airflow_env/lib/python3.11/site-packages/airflow/example_dags/example_time_delta_sensor_async.py for tasks to queue
[2024-02-27T10:55:35.365+0530] {logging_mixin.py:188} INFO - [2024-02-27T10:55:35.365+0530] {dagbag.py:540} INFO - Filling up the DagBag from /Users/anikbhowmick/Python/Big_Data_Assignment/A02/airflow_env/lib/python3.11/site-packages/airflow/example_dags/example_time_delta_sensor_async.py
[2024-02-27T10:55:35.368+0530] {processor.py:840} INFO - DAG(s) 'example_time_delta_sensor_async' retrieved from /Users/anikbhowmick/Python/Big_Data_Assignment/A02/airflow_env/lib/python3.11/site-packages/airflow/example_dags/example_time_delta_sensor_async.py
[2024-02-27T10:55:35.420+0530] {logging_mixin.py:188} INFO - [2024-02-27T10:55:35.420+0530] {dag.py:3047} INFO - Sync 1 DAGs
[2024-02-27T10:55:35.423+0530] {logging_mixin.py:188} INFO - [2024-02-27T10:55:35.423+0530] {dag.py:3834} INFO - Setting next_dagrun for example_time_delta_sensor_async to None, run_after=None
[2024-02-27T10:55:35.430+0530] {processor.py:183} INFO - Processing /Users/anikbhowmick/Python/Big_Data_Assignment/A02/airflow_env/lib/python3.11/site-packages/airflow/example_dags/example_time_delta_sensor_async.py took 0.066 seconds
[2024-02-27T10:57:19.017+0530] {processor.py:161} INFO - Started process (PID=2333) to work on /Users/anikbhowmick/Python/Big_Data_Assignment/A02/airflow_env/lib/python3.11/site-packages/airflow/example_dags/example_time_delta_sensor_async.py
[2024-02-27T10:57:19.017+0530] {processor.py:830} INFO - Processing file /Users/anikbhowmick/Python/Big_Data_Assignment/A02/airflow_env/lib/python3.11/site-packages/airflow/example_dags/example_time_delta_sensor_async.py for tasks to queue
[2024-02-27T10:57:19.018+0530] {logging_mixin.py:188} INFO - [2024-02-27T10:57:19.018+0530] {dagbag.py:540} INFO - Filling up the DagBag from /Users/anikbhowmick/Python/Big_Data_Assignment/A02/airflow_env/lib/python3.11/site-packages/airflow/example_dags/example_time_delta_sensor_async.py
[2024-02-27T10:57:19.020+0530] {processor.py:840} INFO - DAG(s) 'example_time_delta_sensor_async' retrieved from /Users/anikbhowmick/Python/Big_Data_Assignment/A02/airflow_env/lib/python3.11/site-packages/airflow/example_dags/example_time_delta_sensor_async.py
[2024-02-27T10:57:19.074+0530] {logging_mixin.py:188} INFO - [2024-02-27T10:57:19.074+0530] {dag.py:3047} INFO - Sync 1 DAGs
[2024-02-27T10:57:19.077+0530] {logging_mixin.py:188} INFO - [2024-02-27T10:57:19.077+0530] {dag.py:3834} INFO - Setting next_dagrun for example_time_delta_sensor_async to None, run_after=None
[2024-02-27T10:57:19.084+0530] {processor.py:183} INFO - Processing /Users/anikbhowmick/Python/Big_Data_Assignment/A02/airflow_env/lib/python3.11/site-packages/airflow/example_dags/example_time_delta_sensor_async.py took 0.068 seconds
[2024-02-27T10:58:54.713+0530] {processor.py:161} INFO - Started process (PID=2443) to work on /Users/anikbhowmick/Python/Big_Data_Assignment/A02/airflow_env/lib/python3.11/site-packages/airflow/example_dags/example_time_delta_sensor_async.py
[2024-02-27T10:58:54.714+0530] {processor.py:830} INFO - Processing file /Users/anikbhowmick/Python/Big_Data_Assignment/A02/airflow_env/lib/python3.11/site-packages/airflow/example_dags/example_time_delta_sensor_async.py for tasks to queue
[2024-02-27T10:58:54.715+0530] {logging_mixin.py:188} INFO - [2024-02-27T10:58:54.715+0530] {dagbag.py:540} INFO - Filling up the DagBag from /Users/anikbhowmick/Python/Big_Data_Assignment/A02/airflow_env/lib/python3.11/site-packages/airflow/example_dags/example_time_delta_sensor_async.py
[2024-02-27T10:58:54.718+0530] {processor.py:840} INFO - DAG(s) 'example_time_delta_sensor_async' retrieved from /Users/anikbhowmick/Python/Big_Data_Assignment/A02/airflow_env/lib/python3.11/site-packages/airflow/example_dags/example_time_delta_sensor_async.py
[2024-02-27T10:58:54.770+0530] {logging_mixin.py:188} INFO - [2024-02-27T10:58:54.769+0530] {dag.py:3047} INFO - Sync 1 DAGs
[2024-02-27T10:58:54.772+0530] {logging_mixin.py:188} INFO - [2024-02-27T10:58:54.772+0530] {dag.py:3834} INFO - Setting next_dagrun for example_time_delta_sensor_async to None, run_after=None
[2024-02-27T10:58:54.779+0530] {processor.py:183} INFO - Processing /Users/anikbhowmick/Python/Big_Data_Assignment/A02/airflow_env/lib/python3.11/site-packages/airflow/example_dags/example_time_delta_sensor_async.py took 0.066 seconds
[2024-02-27T11:01:49.823+0530] {processor.py:161} INFO - Started process (PID=2670) to work on /Users/anikbhowmick/Python/Big_Data_Assignment/A02/airflow_env/lib/python3.11/site-packages/airflow/example_dags/example_time_delta_sensor_async.py
[2024-02-27T11:01:49.824+0530] {processor.py:830} INFO - Processing file /Users/anikbhowmick/Python/Big_Data_Assignment/A02/airflow_env/lib/python3.11/site-packages/airflow/example_dags/example_time_delta_sensor_async.py for tasks to queue
[2024-02-27T11:01:49.824+0530] {logging_mixin.py:188} INFO - [2024-02-27T11:01:49.824+0530] {dagbag.py:540} INFO - Filling up the DagBag from /Users/anikbhowmick/Python/Big_Data_Assignment/A02/airflow_env/lib/python3.11/site-packages/airflow/example_dags/example_time_delta_sensor_async.py
[2024-02-27T11:01:49.827+0530] {processor.py:840} INFO - DAG(s) 'example_time_delta_sensor_async' retrieved from /Users/anikbhowmick/Python/Big_Data_Assignment/A02/airflow_env/lib/python3.11/site-packages/airflow/example_dags/example_time_delta_sensor_async.py
[2024-02-27T11:01:49.879+0530] {logging_mixin.py:188} INFO - [2024-02-27T11:01:49.879+0530] {dag.py:3047} INFO - Sync 1 DAGs
[2024-02-27T11:01:49.882+0530] {logging_mixin.py:188} INFO - [2024-02-27T11:01:49.881+0530] {dag.py:3834} INFO - Setting next_dagrun for example_time_delta_sensor_async to None, run_after=None
[2024-02-27T11:01:49.888+0530] {processor.py:183} INFO - Processing /Users/anikbhowmick/Python/Big_Data_Assignment/A02/airflow_env/lib/python3.11/site-packages/airflow/example_dags/example_time_delta_sensor_async.py took 0.066 seconds
[2024-02-27T11:03:07.753+0530] {processor.py:161} INFO - Started process (PID=2757) to work on /Users/anikbhowmick/Python/Big_Data_Assignment/A02/airflow_env/lib/python3.11/site-packages/airflow/example_dags/example_time_delta_sensor_async.py
[2024-02-27T11:03:07.753+0530] {processor.py:830} INFO - Processing file /Users/anikbhowmick/Python/Big_Data_Assignment/A02/airflow_env/lib/python3.11/site-packages/airflow/example_dags/example_time_delta_sensor_async.py for tasks to queue
[2024-02-27T11:03:07.753+0530] {logging_mixin.py:188} INFO - [2024-02-27T11:03:07.753+0530] {dagbag.py:540} INFO - Filling up the DagBag from /Users/anikbhowmick/Python/Big_Data_Assignment/A02/airflow_env/lib/python3.11/site-packages/airflow/example_dags/example_time_delta_sensor_async.py
[2024-02-27T11:03:07.757+0530] {processor.py:840} INFO - DAG(s) 'example_time_delta_sensor_async' retrieved from /Users/anikbhowmick/Python/Big_Data_Assignment/A02/airflow_env/lib/python3.11/site-packages/airflow/example_dags/example_time_delta_sensor_async.py
[2024-02-27T11:03:07.810+0530] {logging_mixin.py:188} INFO - [2024-02-27T11:03:07.810+0530] {dag.py:3047} INFO - Sync 1 DAGs
[2024-02-27T11:03:07.813+0530] {logging_mixin.py:188} INFO - [2024-02-27T11:03:07.812+0530] {dag.py:3834} INFO - Setting next_dagrun for example_time_delta_sensor_async to None, run_after=None
[2024-02-27T11:03:07.819+0530] {processor.py:183} INFO - Processing /Users/anikbhowmick/Python/Big_Data_Assignment/A02/airflow_env/lib/python3.11/site-packages/airflow/example_dags/example_time_delta_sensor_async.py took 0.067 seconds
[2024-02-27T11:04:50.824+0530] {processor.py:161} INFO - Started process (PID=2866) to work on /Users/anikbhowmick/Python/Big_Data_Assignment/A02/airflow_env/lib/python3.11/site-packages/airflow/example_dags/example_time_delta_sensor_async.py
[2024-02-27T11:04:50.825+0530] {processor.py:830} INFO - Processing file /Users/anikbhowmick/Python/Big_Data_Assignment/A02/airflow_env/lib/python3.11/site-packages/airflow/example_dags/example_time_delta_sensor_async.py for tasks to queue
[2024-02-27T11:04:50.825+0530] {logging_mixin.py:188} INFO - [2024-02-27T11:04:50.825+0530] {dagbag.py:540} INFO - Filling up the DagBag from /Users/anikbhowmick/Python/Big_Data_Assignment/A02/airflow_env/lib/python3.11/site-packages/airflow/example_dags/example_time_delta_sensor_async.py
[2024-02-27T11:04:50.828+0530] {processor.py:840} INFO - DAG(s) 'example_time_delta_sensor_async' retrieved from /Users/anikbhowmick/Python/Big_Data_Assignment/A02/airflow_env/lib/python3.11/site-packages/airflow/example_dags/example_time_delta_sensor_async.py
[2024-02-27T11:04:50.880+0530] {logging_mixin.py:188} INFO - [2024-02-27T11:04:50.880+0530] {dag.py:3047} INFO - Sync 1 DAGs
[2024-02-27T11:04:50.883+0530] {logging_mixin.py:188} INFO - [2024-02-27T11:04:50.883+0530] {dag.py:3834} INFO - Setting next_dagrun for example_time_delta_sensor_async to None, run_after=None
[2024-02-27T11:04:50.889+0530] {processor.py:183} INFO - Processing /Users/anikbhowmick/Python/Big_Data_Assignment/A02/airflow_env/lib/python3.11/site-packages/airflow/example_dags/example_time_delta_sensor_async.py took 0.066 seconds
[2024-02-27T11:06:39.637+0530] {processor.py:161} INFO - Started process (PID=2952) to work on /Users/anikbhowmick/Python/Big_Data_Assignment/A02/airflow_env/lib/python3.11/site-packages/airflow/example_dags/example_time_delta_sensor_async.py
[2024-02-27T11:06:39.638+0530] {processor.py:830} INFO - Processing file /Users/anikbhowmick/Python/Big_Data_Assignment/A02/airflow_env/lib/python3.11/site-packages/airflow/example_dags/example_time_delta_sensor_async.py for tasks to queue
[2024-02-27T11:06:39.638+0530] {logging_mixin.py:188} INFO - [2024-02-27T11:06:39.638+0530] {dagbag.py:540} INFO - Filling up the DagBag from /Users/anikbhowmick/Python/Big_Data_Assignment/A02/airflow_env/lib/python3.11/site-packages/airflow/example_dags/example_time_delta_sensor_async.py
[2024-02-27T11:06:39.641+0530] {processor.py:840} INFO - DAG(s) 'example_time_delta_sensor_async' retrieved from /Users/anikbhowmick/Python/Big_Data_Assignment/A02/airflow_env/lib/python3.11/site-packages/airflow/example_dags/example_time_delta_sensor_async.py
[2024-02-27T11:06:39.693+0530] {logging_mixin.py:188} INFO - [2024-02-27T11:06:39.693+0530] {dag.py:3047} INFO - Sync 1 DAGs
[2024-02-27T11:06:39.696+0530] {logging_mixin.py:188} INFO - [2024-02-27T11:06:39.696+0530] {dag.py:3834} INFO - Setting next_dagrun for example_time_delta_sensor_async to None, run_after=None
[2024-02-27T11:06:39.702+0530] {processor.py:183} INFO - Processing /Users/anikbhowmick/Python/Big_Data_Assignment/A02/airflow_env/lib/python3.11/site-packages/airflow/example_dags/example_time_delta_sensor_async.py took 0.066 seconds
[2024-02-27T11:08:16.169+0530] {processor.py:161} INFO - Started process (PID=3032) to work on /Users/anikbhowmick/Python/Big_Data_Assignment/A02/airflow_env/lib/python3.11/site-packages/airflow/example_dags/example_time_delta_sensor_async.py
[2024-02-27T11:08:16.170+0530] {processor.py:830} INFO - Processing file /Users/anikbhowmick/Python/Big_Data_Assignment/A02/airflow_env/lib/python3.11/site-packages/airflow/example_dags/example_time_delta_sensor_async.py for tasks to queue
[2024-02-27T11:08:16.170+0530] {logging_mixin.py:188} INFO - [2024-02-27T11:08:16.170+0530] {dagbag.py:540} INFO - Filling up the DagBag from /Users/anikbhowmick/Python/Big_Data_Assignment/A02/airflow_env/lib/python3.11/site-packages/airflow/example_dags/example_time_delta_sensor_async.py
[2024-02-27T11:08:16.174+0530] {processor.py:840} INFO - DAG(s) 'example_time_delta_sensor_async' retrieved from /Users/anikbhowmick/Python/Big_Data_Assignment/A02/airflow_env/lib/python3.11/site-packages/airflow/example_dags/example_time_delta_sensor_async.py
[2024-02-27T11:08:16.227+0530] {logging_mixin.py:188} INFO - [2024-02-27T11:08:16.226+0530] {dag.py:3047} INFO - Sync 1 DAGs
[2024-02-27T11:08:16.229+0530] {logging_mixin.py:188} INFO - [2024-02-27T11:08:16.229+0530] {dag.py:3834} INFO - Setting next_dagrun for example_time_delta_sensor_async to None, run_after=None
[2024-02-27T11:08:16.236+0530] {processor.py:183} INFO - Processing /Users/anikbhowmick/Python/Big_Data_Assignment/A02/airflow_env/lib/python3.11/site-packages/airflow/example_dags/example_time_delta_sensor_async.py took 0.067 seconds
[2024-02-27T11:09:14.037+0530] {processor.py:161} INFO - Started process (PID=3116) to work on /Users/anikbhowmick/Python/Big_Data_Assignment/A02/airflow_env/lib/python3.11/site-packages/airflow/example_dags/example_time_delta_sensor_async.py
[2024-02-27T11:09:14.038+0530] {processor.py:830} INFO - Processing file /Users/anikbhowmick/Python/Big_Data_Assignment/A02/airflow_env/lib/python3.11/site-packages/airflow/example_dags/example_time_delta_sensor_async.py for tasks to queue
[2024-02-27T11:09:14.038+0530] {logging_mixin.py:188} INFO - [2024-02-27T11:09:14.038+0530] {dagbag.py:540} INFO - Filling up the DagBag from /Users/anikbhowmick/Python/Big_Data_Assignment/A02/airflow_env/lib/python3.11/site-packages/airflow/example_dags/example_time_delta_sensor_async.py
[2024-02-27T11:09:14.041+0530] {processor.py:840} INFO - DAG(s) 'example_time_delta_sensor_async' retrieved from /Users/anikbhowmick/Python/Big_Data_Assignment/A02/airflow_env/lib/python3.11/site-packages/airflow/example_dags/example_time_delta_sensor_async.py
[2024-02-27T11:09:14.094+0530] {logging_mixin.py:188} INFO - [2024-02-27T11:09:14.094+0530] {dag.py:3047} INFO - Sync 1 DAGs
[2024-02-27T11:09:14.097+0530] {logging_mixin.py:188} INFO - [2024-02-27T11:09:14.096+0530] {dag.py:3834} INFO - Setting next_dagrun for example_time_delta_sensor_async to None, run_after=None
[2024-02-27T11:09:14.103+0530] {processor.py:183} INFO - Processing /Users/anikbhowmick/Python/Big_Data_Assignment/A02/airflow_env/lib/python3.11/site-packages/airflow/example_dags/example_time_delta_sensor_async.py took 0.067 seconds
[2024-02-27T11:10:48.219+0530] {processor.py:161} INFO - Started process (PID=3185) to work on /Users/anikbhowmick/Python/Big_Data_Assignment/A02/airflow_env/lib/python3.11/site-packages/airflow/example_dags/example_time_delta_sensor_async.py
[2024-02-27T11:10:48.219+0530] {processor.py:830} INFO - Processing file /Users/anikbhowmick/Python/Big_Data_Assignment/A02/airflow_env/lib/python3.11/site-packages/airflow/example_dags/example_time_delta_sensor_async.py for tasks to queue
[2024-02-27T11:10:48.219+0530] {logging_mixin.py:188} INFO - [2024-02-27T11:10:48.219+0530] {dagbag.py:540} INFO - Filling up the DagBag from /Users/anikbhowmick/Python/Big_Data_Assignment/A02/airflow_env/lib/python3.11/site-packages/airflow/example_dags/example_time_delta_sensor_async.py
[2024-02-27T11:10:48.223+0530] {processor.py:840} INFO - DAG(s) 'example_time_delta_sensor_async' retrieved from /Users/anikbhowmick/Python/Big_Data_Assignment/A02/airflow_env/lib/python3.11/site-packages/airflow/example_dags/example_time_delta_sensor_async.py
[2024-02-27T11:10:48.276+0530] {logging_mixin.py:188} INFO - [2024-02-27T11:10:48.275+0530] {dag.py:3047} INFO - Sync 1 DAGs
[2024-02-27T11:10:48.278+0530] {logging_mixin.py:188} INFO - [2024-02-27T11:10:48.278+0530] {dag.py:3834} INFO - Setting next_dagrun for example_time_delta_sensor_async to None, run_after=None
[2024-02-27T11:10:48.285+0530] {processor.py:183} INFO - Processing /Users/anikbhowmick/Python/Big_Data_Assignment/A02/airflow_env/lib/python3.11/site-packages/airflow/example_dags/example_time_delta_sensor_async.py took 0.067 seconds
[2024-02-27T11:12:30.220+0530] {processor.py:161} INFO - Started process (PID=3292) to work on /Users/anikbhowmick/Python/Big_Data_Assignment/A02/airflow_env/lib/python3.11/site-packages/airflow/example_dags/example_time_delta_sensor_async.py
[2024-02-27T11:12:30.220+0530] {processor.py:830} INFO - Processing file /Users/anikbhowmick/Python/Big_Data_Assignment/A02/airflow_env/lib/python3.11/site-packages/airflow/example_dags/example_time_delta_sensor_async.py for tasks to queue
[2024-02-27T11:12:30.221+0530] {logging_mixin.py:188} INFO - [2024-02-27T11:12:30.221+0530] {dagbag.py:540} INFO - Filling up the DagBag from /Users/anikbhowmick/Python/Big_Data_Assignment/A02/airflow_env/lib/python3.11/site-packages/airflow/example_dags/example_time_delta_sensor_async.py
[2024-02-27T11:12:30.224+0530] {processor.py:840} INFO - DAG(s) 'example_time_delta_sensor_async' retrieved from /Users/anikbhowmick/Python/Big_Data_Assignment/A02/airflow_env/lib/python3.11/site-packages/airflow/example_dags/example_time_delta_sensor_async.py
[2024-02-27T11:12:30.276+0530] {logging_mixin.py:188} INFO - [2024-02-27T11:12:30.276+0530] {dag.py:3047} INFO - Sync 1 DAGs
[2024-02-27T11:12:30.279+0530] {logging_mixin.py:188} INFO - [2024-02-27T11:12:30.279+0530] {dag.py:3834} INFO - Setting next_dagrun for example_time_delta_sensor_async to None, run_after=None
[2024-02-27T11:12:30.285+0530] {processor.py:183} INFO - Processing /Users/anikbhowmick/Python/Big_Data_Assignment/A02/airflow_env/lib/python3.11/site-packages/airflow/example_dags/example_time_delta_sensor_async.py took 0.066 seconds
[2024-02-27T11:13:27.471+0530] {processor.py:161} INFO - Started process (PID=3335) to work on /Users/anikbhowmick/Python/Big_Data_Assignment/A02/airflow_env/lib/python3.11/site-packages/airflow/example_dags/example_time_delta_sensor_async.py
[2024-02-27T11:13:27.471+0530] {processor.py:830} INFO - Processing file /Users/anikbhowmick/Python/Big_Data_Assignment/A02/airflow_env/lib/python3.11/site-packages/airflow/example_dags/example_time_delta_sensor_async.py for tasks to queue
[2024-02-27T11:13:27.472+0530] {logging_mixin.py:188} INFO - [2024-02-27T11:13:27.472+0530] {dagbag.py:540} INFO - Filling up the DagBag from /Users/anikbhowmick/Python/Big_Data_Assignment/A02/airflow_env/lib/python3.11/site-packages/airflow/example_dags/example_time_delta_sensor_async.py
[2024-02-27T11:13:27.475+0530] {processor.py:840} INFO - DAG(s) 'example_time_delta_sensor_async' retrieved from /Users/anikbhowmick/Python/Big_Data_Assignment/A02/airflow_env/lib/python3.11/site-packages/airflow/example_dags/example_time_delta_sensor_async.py
[2024-02-27T11:13:27.528+0530] {logging_mixin.py:188} INFO - [2024-02-27T11:13:27.528+0530] {dag.py:3047} INFO - Sync 1 DAGs
[2024-02-27T11:13:27.531+0530] {logging_mixin.py:188} INFO - [2024-02-27T11:13:27.531+0530] {dag.py:3834} INFO - Setting next_dagrun for example_time_delta_sensor_async to None, run_after=None
[2024-02-27T11:13:27.537+0530] {processor.py:183} INFO - Processing /Users/anikbhowmick/Python/Big_Data_Assignment/A02/airflow_env/lib/python3.11/site-packages/airflow/example_dags/example_time_delta_sensor_async.py took 0.066 seconds
[2024-02-27T11:14:23.273+0530] {processor.py:161} INFO - Started process (PID=3395) to work on /Users/anikbhowmick/Python/Big_Data_Assignment/A02/airflow_env/lib/python3.11/site-packages/airflow/example_dags/example_time_delta_sensor_async.py
[2024-02-27T11:14:23.273+0530] {processor.py:830} INFO - Processing file /Users/anikbhowmick/Python/Big_Data_Assignment/A02/airflow_env/lib/python3.11/site-packages/airflow/example_dags/example_time_delta_sensor_async.py for tasks to queue
[2024-02-27T11:14:23.273+0530] {logging_mixin.py:188} INFO - [2024-02-27T11:14:23.273+0530] {dagbag.py:540} INFO - Filling up the DagBag from /Users/anikbhowmick/Python/Big_Data_Assignment/A02/airflow_env/lib/python3.11/site-packages/airflow/example_dags/example_time_delta_sensor_async.py
[2024-02-27T11:14:23.276+0530] {processor.py:840} INFO - DAG(s) 'example_time_delta_sensor_async' retrieved from /Users/anikbhowmick/Python/Big_Data_Assignment/A02/airflow_env/lib/python3.11/site-packages/airflow/example_dags/example_time_delta_sensor_async.py
[2024-02-27T11:14:23.328+0530] {logging_mixin.py:188} INFO - [2024-02-27T11:14:23.328+0530] {dag.py:3047} INFO - Sync 1 DAGs
[2024-02-27T11:14:23.331+0530] {logging_mixin.py:188} INFO - [2024-02-27T11:14:23.331+0530] {dag.py:3834} INFO - Setting next_dagrun for example_time_delta_sensor_async to None, run_after=None
[2024-02-27T11:14:23.338+0530] {processor.py:183} INFO - Processing /Users/anikbhowmick/Python/Big_Data_Assignment/A02/airflow_env/lib/python3.11/site-packages/airflow/example_dags/example_time_delta_sensor_async.py took 0.065 seconds
[2024-02-27T11:16:01.689+0530] {processor.py:161} INFO - Started process (PID=3460) to work on /Users/anikbhowmick/Python/Big_Data_Assignment/A02/airflow_env/lib/python3.11/site-packages/airflow/example_dags/example_time_delta_sensor_async.py
[2024-02-27T11:16:01.690+0530] {processor.py:830} INFO - Processing file /Users/anikbhowmick/Python/Big_Data_Assignment/A02/airflow_env/lib/python3.11/site-packages/airflow/example_dags/example_time_delta_sensor_async.py for tasks to queue
[2024-02-27T11:16:01.690+0530] {logging_mixin.py:188} INFO - [2024-02-27T11:16:01.690+0530] {dagbag.py:540} INFO - Filling up the DagBag from /Users/anikbhowmick/Python/Big_Data_Assignment/A02/airflow_env/lib/python3.11/site-packages/airflow/example_dags/example_time_delta_sensor_async.py
[2024-02-27T11:16:01.693+0530] {processor.py:840} INFO - DAG(s) 'example_time_delta_sensor_async' retrieved from /Users/anikbhowmick/Python/Big_Data_Assignment/A02/airflow_env/lib/python3.11/site-packages/airflow/example_dags/example_time_delta_sensor_async.py
[2024-02-27T11:16:01.746+0530] {logging_mixin.py:188} INFO - [2024-02-27T11:16:01.746+0530] {dag.py:3047} INFO - Sync 1 DAGs
[2024-02-27T11:16:01.749+0530] {logging_mixin.py:188} INFO - [2024-02-27T11:16:01.749+0530] {dag.py:3834} INFO - Setting next_dagrun for example_time_delta_sensor_async to None, run_after=None
[2024-02-27T11:16:01.755+0530] {processor.py:183} INFO - Processing /Users/anikbhowmick/Python/Big_Data_Assignment/A02/airflow_env/lib/python3.11/site-packages/airflow/example_dags/example_time_delta_sensor_async.py took 0.066 seconds
[2024-02-27T11:16:59.075+0530] {processor.py:161} INFO - Started process (PID=3502) to work on /Users/anikbhowmick/Python/Big_Data_Assignment/A02/airflow_env/lib/python3.11/site-packages/airflow/example_dags/example_time_delta_sensor_async.py
[2024-02-27T11:16:59.075+0530] {processor.py:830} INFO - Processing file /Users/anikbhowmick/Python/Big_Data_Assignment/A02/airflow_env/lib/python3.11/site-packages/airflow/example_dags/example_time_delta_sensor_async.py for tasks to queue
[2024-02-27T11:16:59.076+0530] {logging_mixin.py:188} INFO - [2024-02-27T11:16:59.076+0530] {dagbag.py:540} INFO - Filling up the DagBag from /Users/anikbhowmick/Python/Big_Data_Assignment/A02/airflow_env/lib/python3.11/site-packages/airflow/example_dags/example_time_delta_sensor_async.py
[2024-02-27T11:16:59.078+0530] {processor.py:840} INFO - DAG(s) 'example_time_delta_sensor_async' retrieved from /Users/anikbhowmick/Python/Big_Data_Assignment/A02/airflow_env/lib/python3.11/site-packages/airflow/example_dags/example_time_delta_sensor_async.py
[2024-02-27T11:16:59.132+0530] {logging_mixin.py:188} INFO - [2024-02-27T11:16:59.132+0530] {dag.py:3047} INFO - Sync 1 DAGs
[2024-02-27T11:16:59.135+0530] {logging_mixin.py:188} INFO - [2024-02-27T11:16:59.135+0530] {dag.py:3834} INFO - Setting next_dagrun for example_time_delta_sensor_async to None, run_after=None
[2024-02-27T11:16:59.142+0530] {processor.py:183} INFO - Processing /Users/anikbhowmick/Python/Big_Data_Assignment/A02/airflow_env/lib/python3.11/site-packages/airflow/example_dags/example_time_delta_sensor_async.py took 0.067 seconds
[2024-02-27T11:17:56.392+0530] {processor.py:161} INFO - Started process (PID=3539) to work on /Users/anikbhowmick/Python/Big_Data_Assignment/A02/airflow_env/lib/python3.11/site-packages/airflow/example_dags/example_time_delta_sensor_async.py
[2024-02-27T11:17:56.393+0530] {processor.py:830} INFO - Processing file /Users/anikbhowmick/Python/Big_Data_Assignment/A02/airflow_env/lib/python3.11/site-packages/airflow/example_dags/example_time_delta_sensor_async.py for tasks to queue
[2024-02-27T11:17:56.393+0530] {logging_mixin.py:188} INFO - [2024-02-27T11:17:56.393+0530] {dagbag.py:540} INFO - Filling up the DagBag from /Users/anikbhowmick/Python/Big_Data_Assignment/A02/airflow_env/lib/python3.11/site-packages/airflow/example_dags/example_time_delta_sensor_async.py
[2024-02-27T11:17:56.396+0530] {processor.py:840} INFO - DAG(s) 'example_time_delta_sensor_async' retrieved from /Users/anikbhowmick/Python/Big_Data_Assignment/A02/airflow_env/lib/python3.11/site-packages/airflow/example_dags/example_time_delta_sensor_async.py
[2024-02-27T11:17:56.449+0530] {logging_mixin.py:188} INFO - [2024-02-27T11:17:56.449+0530] {dag.py:3047} INFO - Sync 1 DAGs
[2024-02-27T11:17:56.452+0530] {logging_mixin.py:188} INFO - [2024-02-27T11:17:56.452+0530] {dag.py:3834} INFO - Setting next_dagrun for example_time_delta_sensor_async to None, run_after=None
[2024-02-27T11:17:56.458+0530] {processor.py:183} INFO - Processing /Users/anikbhowmick/Python/Big_Data_Assignment/A02/airflow_env/lib/python3.11/site-packages/airflow/example_dags/example_time_delta_sensor_async.py took 0.066 seconds
[2024-02-27T11:18:53.907+0530] {processor.py:161} INFO - Started process (PID=3585) to work on /Users/anikbhowmick/Python/Big_Data_Assignment/A02/airflow_env/lib/python3.11/site-packages/airflow/example_dags/example_time_delta_sensor_async.py
[2024-02-27T11:18:53.907+0530] {processor.py:830} INFO - Processing file /Users/anikbhowmick/Python/Big_Data_Assignment/A02/airflow_env/lib/python3.11/site-packages/airflow/example_dags/example_time_delta_sensor_async.py for tasks to queue
[2024-02-27T11:18:53.908+0530] {logging_mixin.py:188} INFO - [2024-02-27T11:18:53.907+0530] {dagbag.py:540} INFO - Filling up the DagBag from /Users/anikbhowmick/Python/Big_Data_Assignment/A02/airflow_env/lib/python3.11/site-packages/airflow/example_dags/example_time_delta_sensor_async.py
[2024-02-27T11:18:53.911+0530] {processor.py:840} INFO - DAG(s) 'example_time_delta_sensor_async' retrieved from /Users/anikbhowmick/Python/Big_Data_Assignment/A02/airflow_env/lib/python3.11/site-packages/airflow/example_dags/example_time_delta_sensor_async.py
[2024-02-27T11:18:53.965+0530] {logging_mixin.py:188} INFO - [2024-02-27T11:18:53.965+0530] {dag.py:3047} INFO - Sync 1 DAGs
[2024-02-27T11:18:53.970+0530] {logging_mixin.py:188} INFO - [2024-02-27T11:18:53.969+0530] {dag.py:3834} INFO - Setting next_dagrun for example_time_delta_sensor_async to None, run_after=None
[2024-02-27T11:18:53.977+0530] {processor.py:183} INFO - Processing /Users/anikbhowmick/Python/Big_Data_Assignment/A02/airflow_env/lib/python3.11/site-packages/airflow/example_dags/example_time_delta_sensor_async.py took 0.071 seconds
[2024-02-27T11:20:03.678+0530] {processor.py:161} INFO - Started process (PID=3662) to work on /Users/anikbhowmick/Python/Big_Data_Assignment/A02/airflow_env/lib/python3.11/site-packages/airflow/example_dags/example_time_delta_sensor_async.py
[2024-02-27T11:20:03.679+0530] {processor.py:830} INFO - Processing file /Users/anikbhowmick/Python/Big_Data_Assignment/A02/airflow_env/lib/python3.11/site-packages/airflow/example_dags/example_time_delta_sensor_async.py for tasks to queue
[2024-02-27T11:20:03.679+0530] {logging_mixin.py:188} INFO - [2024-02-27T11:20:03.679+0530] {dagbag.py:540} INFO - Filling up the DagBag from /Users/anikbhowmick/Python/Big_Data_Assignment/A02/airflow_env/lib/python3.11/site-packages/airflow/example_dags/example_time_delta_sensor_async.py
[2024-02-27T11:20:03.682+0530] {processor.py:840} INFO - DAG(s) 'example_time_delta_sensor_async' retrieved from /Users/anikbhowmick/Python/Big_Data_Assignment/A02/airflow_env/lib/python3.11/site-packages/airflow/example_dags/example_time_delta_sensor_async.py
[2024-02-27T11:20:03.736+0530] {logging_mixin.py:188} INFO - [2024-02-27T11:20:03.735+0530] {dag.py:3047} INFO - Sync 1 DAGs
[2024-02-27T11:20:03.739+0530] {logging_mixin.py:188} INFO - [2024-02-27T11:20:03.738+0530] {dag.py:3834} INFO - Setting next_dagrun for example_time_delta_sensor_async to None, run_after=None
[2024-02-27T11:20:03.745+0530] {processor.py:183} INFO - Processing /Users/anikbhowmick/Python/Big_Data_Assignment/A02/airflow_env/lib/python3.11/site-packages/airflow/example_dags/example_time_delta_sensor_async.py took 0.068 seconds
[2024-02-27T11:21:29.818+0530] {processor.py:161} INFO - Started process (PID=3715) to work on /Users/anikbhowmick/Python/Big_Data_Assignment/A02/airflow_env/lib/python3.11/site-packages/airflow/example_dags/example_time_delta_sensor_async.py
[2024-02-27T11:21:29.818+0530] {processor.py:830} INFO - Processing file /Users/anikbhowmick/Python/Big_Data_Assignment/A02/airflow_env/lib/python3.11/site-packages/airflow/example_dags/example_time_delta_sensor_async.py for tasks to queue
[2024-02-27T11:21:29.819+0530] {logging_mixin.py:188} INFO - [2024-02-27T11:21:29.819+0530] {dagbag.py:540} INFO - Filling up the DagBag from /Users/anikbhowmick/Python/Big_Data_Assignment/A02/airflow_env/lib/python3.11/site-packages/airflow/example_dags/example_time_delta_sensor_async.py
[2024-02-27T11:21:29.822+0530] {processor.py:840} INFO - DAG(s) 'example_time_delta_sensor_async' retrieved from /Users/anikbhowmick/Python/Big_Data_Assignment/A02/airflow_env/lib/python3.11/site-packages/airflow/example_dags/example_time_delta_sensor_async.py
[2024-02-27T11:21:29.874+0530] {logging_mixin.py:188} INFO - [2024-02-27T11:21:29.874+0530] {dag.py:3047} INFO - Sync 1 DAGs
[2024-02-27T11:21:29.877+0530] {logging_mixin.py:188} INFO - [2024-02-27T11:21:29.877+0530] {dag.py:3834} INFO - Setting next_dagrun for example_time_delta_sensor_async to None, run_after=None
[2024-02-27T11:21:29.883+0530] {processor.py:183} INFO - Processing /Users/anikbhowmick/Python/Big_Data_Assignment/A02/airflow_env/lib/python3.11/site-packages/airflow/example_dags/example_time_delta_sensor_async.py took 0.066 seconds
[2024-02-27T11:22:28.428+0530] {processor.py:161} INFO - Started process (PID=3785) to work on /Users/anikbhowmick/Python/Big_Data_Assignment/A02/airflow_env/lib/python3.11/site-packages/airflow/example_dags/example_time_delta_sensor_async.py
[2024-02-27T11:22:28.429+0530] {processor.py:830} INFO - Processing file /Users/anikbhowmick/Python/Big_Data_Assignment/A02/airflow_env/lib/python3.11/site-packages/airflow/example_dags/example_time_delta_sensor_async.py for tasks to queue
[2024-02-27T11:22:28.429+0530] {logging_mixin.py:188} INFO - [2024-02-27T11:22:28.429+0530] {dagbag.py:540} INFO - Filling up the DagBag from /Users/anikbhowmick/Python/Big_Data_Assignment/A02/airflow_env/lib/python3.11/site-packages/airflow/example_dags/example_time_delta_sensor_async.py
[2024-02-27T11:22:28.432+0530] {processor.py:840} INFO - DAG(s) 'example_time_delta_sensor_async' retrieved from /Users/anikbhowmick/Python/Big_Data_Assignment/A02/airflow_env/lib/python3.11/site-packages/airflow/example_dags/example_time_delta_sensor_async.py
[2024-02-27T11:22:28.484+0530] {logging_mixin.py:188} INFO - [2024-02-27T11:22:28.484+0530] {dag.py:3047} INFO - Sync 1 DAGs
[2024-02-27T11:22:28.487+0530] {logging_mixin.py:188} INFO - [2024-02-27T11:22:28.487+0530] {dag.py:3834} INFO - Setting next_dagrun for example_time_delta_sensor_async to None, run_after=None
[2024-02-27T11:22:28.494+0530] {processor.py:183} INFO - Processing /Users/anikbhowmick/Python/Big_Data_Assignment/A02/airflow_env/lib/python3.11/site-packages/airflow/example_dags/example_time_delta_sensor_async.py took 0.066 seconds
[2024-02-27T11:24:17.013+0530] {processor.py:161} INFO - Started process (PID=3902) to work on /Users/anikbhowmick/Python/Big_Data_Assignment/A02/airflow_env/lib/python3.11/site-packages/airflow/example_dags/example_time_delta_sensor_async.py
[2024-02-27T11:24:17.014+0530] {processor.py:830} INFO - Processing file /Users/anikbhowmick/Python/Big_Data_Assignment/A02/airflow_env/lib/python3.11/site-packages/airflow/example_dags/example_time_delta_sensor_async.py for tasks to queue
[2024-02-27T11:24:17.015+0530] {logging_mixin.py:188} INFO - [2024-02-27T11:24:17.015+0530] {dagbag.py:540} INFO - Filling up the DagBag from /Users/anikbhowmick/Python/Big_Data_Assignment/A02/airflow_env/lib/python3.11/site-packages/airflow/example_dags/example_time_delta_sensor_async.py
[2024-02-27T11:24:17.017+0530] {processor.py:840} INFO - DAG(s) 'example_time_delta_sensor_async' retrieved from /Users/anikbhowmick/Python/Big_Data_Assignment/A02/airflow_env/lib/python3.11/site-packages/airflow/example_dags/example_time_delta_sensor_async.py
[2024-02-27T11:24:17.073+0530] {logging_mixin.py:188} INFO - [2024-02-27T11:24:17.073+0530] {dag.py:3047} INFO - Sync 1 DAGs
[2024-02-27T11:24:17.076+0530] {logging_mixin.py:188} INFO - [2024-02-27T11:24:17.076+0530] {dag.py:3834} INFO - Setting next_dagrun for example_time_delta_sensor_async to None, run_after=None
[2024-02-27T11:24:17.083+0530] {processor.py:183} INFO - Processing /Users/anikbhowmick/Python/Big_Data_Assignment/A02/airflow_env/lib/python3.11/site-packages/airflow/example_dags/example_time_delta_sensor_async.py took 0.070 seconds
[2024-02-27T11:25:42.229+0530] {processor.py:161} INFO - Started process (PID=3958) to work on /Users/anikbhowmick/Python/Big_Data_Assignment/A02/airflow_env/lib/python3.11/site-packages/airflow/example_dags/example_time_delta_sensor_async.py
[2024-02-27T11:25:42.230+0530] {processor.py:830} INFO - Processing file /Users/anikbhowmick/Python/Big_Data_Assignment/A02/airflow_env/lib/python3.11/site-packages/airflow/example_dags/example_time_delta_sensor_async.py for tasks to queue
[2024-02-27T11:25:42.230+0530] {logging_mixin.py:188} INFO - [2024-02-27T11:25:42.230+0530] {dagbag.py:540} INFO - Filling up the DagBag from /Users/anikbhowmick/Python/Big_Data_Assignment/A02/airflow_env/lib/python3.11/site-packages/airflow/example_dags/example_time_delta_sensor_async.py
[2024-02-27T11:25:42.233+0530] {processor.py:840} INFO - DAG(s) 'example_time_delta_sensor_async' retrieved from /Users/anikbhowmick/Python/Big_Data_Assignment/A02/airflow_env/lib/python3.11/site-packages/airflow/example_dags/example_time_delta_sensor_async.py
[2024-02-27T11:25:42.284+0530] {logging_mixin.py:188} INFO - [2024-02-27T11:25:42.284+0530] {dag.py:3047} INFO - Sync 1 DAGs
[2024-02-27T11:25:42.287+0530] {logging_mixin.py:188} INFO - [2024-02-27T11:25:42.287+0530] {dag.py:3834} INFO - Setting next_dagrun for example_time_delta_sensor_async to None, run_after=None
[2024-02-27T11:25:42.294+0530] {processor.py:183} INFO - Processing /Users/anikbhowmick/Python/Big_Data_Assignment/A02/airflow_env/lib/python3.11/site-packages/airflow/example_dags/example_time_delta_sensor_async.py took 0.065 seconds
[2024-02-27T11:27:59.830+0530] {processor.py:161} INFO - Started process (PID=4093) to work on /Users/anikbhowmick/Python/Big_Data_Assignment/A02/airflow_env/lib/python3.11/site-packages/airflow/example_dags/example_time_delta_sensor_async.py
[2024-02-27T11:27:59.833+0530] {processor.py:830} INFO - Processing file /Users/anikbhowmick/Python/Big_Data_Assignment/A02/airflow_env/lib/python3.11/site-packages/airflow/example_dags/example_time_delta_sensor_async.py for tasks to queue
[2024-02-27T11:27:59.834+0530] {logging_mixin.py:188} INFO - [2024-02-27T11:27:59.834+0530] {dagbag.py:540} INFO - Filling up the DagBag from /Users/anikbhowmick/Python/Big_Data_Assignment/A02/airflow_env/lib/python3.11/site-packages/airflow/example_dags/example_time_delta_sensor_async.py
[2024-02-27T11:27:59.837+0530] {processor.py:840} INFO - DAG(s) 'example_time_delta_sensor_async' retrieved from /Users/anikbhowmick/Python/Big_Data_Assignment/A02/airflow_env/lib/python3.11/site-packages/airflow/example_dags/example_time_delta_sensor_async.py
[2024-02-27T11:27:59.890+0530] {logging_mixin.py:188} INFO - [2024-02-27T11:27:59.890+0530] {dag.py:3047} INFO - Sync 1 DAGs
[2024-02-27T11:27:59.893+0530] {logging_mixin.py:188} INFO - [2024-02-27T11:27:59.893+0530] {dag.py:3834} INFO - Setting next_dagrun for example_time_delta_sensor_async to None, run_after=None
[2024-02-27T11:27:59.900+0530] {processor.py:183} INFO - Processing /Users/anikbhowmick/Python/Big_Data_Assignment/A02/airflow_env/lib/python3.11/site-packages/airflow/example_dags/example_time_delta_sensor_async.py took 0.070 seconds
[2024-02-27T11:29:36.203+0530] {processor.py:161} INFO - Started process (PID=4193) to work on /Users/anikbhowmick/Python/Big_Data_Assignment/A02/airflow_env/lib/python3.11/site-packages/airflow/example_dags/example_time_delta_sensor_async.py
[2024-02-27T11:29:36.204+0530] {processor.py:830} INFO - Processing file /Users/anikbhowmick/Python/Big_Data_Assignment/A02/airflow_env/lib/python3.11/site-packages/airflow/example_dags/example_time_delta_sensor_async.py for tasks to queue
[2024-02-27T11:29:36.205+0530] {logging_mixin.py:188} INFO - [2024-02-27T11:29:36.205+0530] {dagbag.py:540} INFO - Filling up the DagBag from /Users/anikbhowmick/Python/Big_Data_Assignment/A02/airflow_env/lib/python3.11/site-packages/airflow/example_dags/example_time_delta_sensor_async.py
[2024-02-27T11:29:36.208+0530] {processor.py:840} INFO - DAG(s) 'example_time_delta_sensor_async' retrieved from /Users/anikbhowmick/Python/Big_Data_Assignment/A02/airflow_env/lib/python3.11/site-packages/airflow/example_dags/example_time_delta_sensor_async.py
[2024-02-27T11:29:36.261+0530] {logging_mixin.py:188} INFO - [2024-02-27T11:29:36.261+0530] {dag.py:3047} INFO - Sync 1 DAGs
[2024-02-27T11:29:36.264+0530] {logging_mixin.py:188} INFO - [2024-02-27T11:29:36.264+0530] {dag.py:3834} INFO - Setting next_dagrun for example_time_delta_sensor_async to None, run_after=None
[2024-02-27T11:29:36.271+0530] {processor.py:183} INFO - Processing /Users/anikbhowmick/Python/Big_Data_Assignment/A02/airflow_env/lib/python3.11/site-packages/airflow/example_dags/example_time_delta_sensor_async.py took 0.068 seconds
[2024-02-27T11:31:20.505+0530] {processor.py:161} INFO - Started process (PID=4263) to work on /Users/anikbhowmick/Python/Big_Data_Assignment/A02/airflow_env/lib/python3.11/site-packages/airflow/example_dags/example_time_delta_sensor_async.py
[2024-02-27T11:31:20.507+0530] {processor.py:830} INFO - Processing file /Users/anikbhowmick/Python/Big_Data_Assignment/A02/airflow_env/lib/python3.11/site-packages/airflow/example_dags/example_time_delta_sensor_async.py for tasks to queue
[2024-02-27T11:31:20.507+0530] {logging_mixin.py:188} INFO - [2024-02-27T11:31:20.507+0530] {dagbag.py:540} INFO - Filling up the DagBag from /Users/anikbhowmick/Python/Big_Data_Assignment/A02/airflow_env/lib/python3.11/site-packages/airflow/example_dags/example_time_delta_sensor_async.py
[2024-02-27T11:31:20.510+0530] {processor.py:840} INFO - DAG(s) 'example_time_delta_sensor_async' retrieved from /Users/anikbhowmick/Python/Big_Data_Assignment/A02/airflow_env/lib/python3.11/site-packages/airflow/example_dags/example_time_delta_sensor_async.py
[2024-02-27T11:31:20.566+0530] {logging_mixin.py:188} INFO - [2024-02-27T11:31:20.565+0530] {dag.py:3047} INFO - Sync 1 DAGs
[2024-02-27T11:31:20.569+0530] {logging_mixin.py:188} INFO - [2024-02-27T11:31:20.568+0530] {dag.py:3834} INFO - Setting next_dagrun for example_time_delta_sensor_async to None, run_after=None
[2024-02-27T11:31:20.576+0530] {processor.py:183} INFO - Processing /Users/anikbhowmick/Python/Big_Data_Assignment/A02/airflow_env/lib/python3.11/site-packages/airflow/example_dags/example_time_delta_sensor_async.py took 0.071 seconds
[2024-02-27T11:33:52.754+0530] {processor.py:161} INFO - Started process (PID=4418) to work on /Users/anikbhowmick/Python/Big_Data_Assignment/A02/airflow_env/lib/python3.11/site-packages/airflow/example_dags/example_time_delta_sensor_async.py
[2024-02-27T11:33:52.756+0530] {processor.py:830} INFO - Processing file /Users/anikbhowmick/Python/Big_Data_Assignment/A02/airflow_env/lib/python3.11/site-packages/airflow/example_dags/example_time_delta_sensor_async.py for tasks to queue
[2024-02-27T11:33:52.757+0530] {logging_mixin.py:188} INFO - [2024-02-27T11:33:52.757+0530] {dagbag.py:540} INFO - Filling up the DagBag from /Users/anikbhowmick/Python/Big_Data_Assignment/A02/airflow_env/lib/python3.11/site-packages/airflow/example_dags/example_time_delta_sensor_async.py
[2024-02-27T11:33:52.759+0530] {processor.py:840} INFO - DAG(s) 'example_time_delta_sensor_async' retrieved from /Users/anikbhowmick/Python/Big_Data_Assignment/A02/airflow_env/lib/python3.11/site-packages/airflow/example_dags/example_time_delta_sensor_async.py
[2024-02-27T11:33:52.812+0530] {logging_mixin.py:188} INFO - [2024-02-27T11:33:52.812+0530] {dag.py:3047} INFO - Sync 1 DAGs
[2024-02-27T11:33:52.815+0530] {logging_mixin.py:188} INFO - [2024-02-27T11:33:52.815+0530] {dag.py:3834} INFO - Setting next_dagrun for example_time_delta_sensor_async to None, run_after=None
[2024-02-27T11:33:52.823+0530] {processor.py:183} INFO - Processing /Users/anikbhowmick/Python/Big_Data_Assignment/A02/airflow_env/lib/python3.11/site-packages/airflow/example_dags/example_time_delta_sensor_async.py took 0.070 seconds
[2024-02-27T11:35:15.844+0530] {processor.py:161} INFO - Started process (PID=4481) to work on /Users/anikbhowmick/Python/Big_Data_Assignment/A02/airflow_env/lib/python3.11/site-packages/airflow/example_dags/example_time_delta_sensor_async.py
[2024-02-27T11:35:15.845+0530] {processor.py:830} INFO - Processing file /Users/anikbhowmick/Python/Big_Data_Assignment/A02/airflow_env/lib/python3.11/site-packages/airflow/example_dags/example_time_delta_sensor_async.py for tasks to queue
[2024-02-27T11:35:15.846+0530] {logging_mixin.py:188} INFO - [2024-02-27T11:35:15.846+0530] {dagbag.py:540} INFO - Filling up the DagBag from /Users/anikbhowmick/Python/Big_Data_Assignment/A02/airflow_env/lib/python3.11/site-packages/airflow/example_dags/example_time_delta_sensor_async.py
[2024-02-27T11:35:15.849+0530] {processor.py:840} INFO - DAG(s) 'example_time_delta_sensor_async' retrieved from /Users/anikbhowmick/Python/Big_Data_Assignment/A02/airflow_env/lib/python3.11/site-packages/airflow/example_dags/example_time_delta_sensor_async.py
[2024-02-27T11:35:15.900+0530] {logging_mixin.py:188} INFO - [2024-02-27T11:35:15.900+0530] {dag.py:3047} INFO - Sync 1 DAGs
[2024-02-27T11:35:15.903+0530] {logging_mixin.py:188} INFO - [2024-02-27T11:35:15.903+0530] {dag.py:3834} INFO - Setting next_dagrun for example_time_delta_sensor_async to None, run_after=None
[2024-02-27T11:35:15.909+0530] {processor.py:183} INFO - Processing /Users/anikbhowmick/Python/Big_Data_Assignment/A02/airflow_env/lib/python3.11/site-packages/airflow/example_dags/example_time_delta_sensor_async.py took 0.065 seconds
[2024-02-27T11:39:15.687+0530] {processor.py:161} INFO - Started process (PID=4621) to work on /Users/anikbhowmick/Python/Big_Data_Assignment/A02/airflow_env/lib/python3.11/site-packages/airflow/example_dags/example_time_delta_sensor_async.py
[2024-02-27T11:39:15.688+0530] {processor.py:830} INFO - Processing file /Users/anikbhowmick/Python/Big_Data_Assignment/A02/airflow_env/lib/python3.11/site-packages/airflow/example_dags/example_time_delta_sensor_async.py for tasks to queue
[2024-02-27T11:39:15.688+0530] {logging_mixin.py:188} INFO - [2024-02-27T11:39:15.688+0530] {dagbag.py:540} INFO - Filling up the DagBag from /Users/anikbhowmick/Python/Big_Data_Assignment/A02/airflow_env/lib/python3.11/site-packages/airflow/example_dags/example_time_delta_sensor_async.py
[2024-02-27T11:39:15.691+0530] {processor.py:840} INFO - DAG(s) 'example_time_delta_sensor_async' retrieved from /Users/anikbhowmick/Python/Big_Data_Assignment/A02/airflow_env/lib/python3.11/site-packages/airflow/example_dags/example_time_delta_sensor_async.py
[2024-02-27T11:39:15.742+0530] {logging_mixin.py:188} INFO - [2024-02-27T11:39:15.742+0530] {dag.py:3047} INFO - Sync 1 DAGs
[2024-02-27T11:39:15.745+0530] {logging_mixin.py:188} INFO - [2024-02-27T11:39:15.745+0530] {dag.py:3834} INFO - Setting next_dagrun for example_time_delta_sensor_async to None, run_after=None
[2024-02-27T11:39:15.751+0530] {processor.py:183} INFO - Processing /Users/anikbhowmick/Python/Big_Data_Assignment/A02/airflow_env/lib/python3.11/site-packages/airflow/example_dags/example_time_delta_sensor_async.py took 0.064 seconds
[2024-02-27T11:40:51.038+0530] {processor.py:161} INFO - Started process (PID=4704) to work on /Users/anikbhowmick/Python/Big_Data_Assignment/A02/airflow_env/lib/python3.11/site-packages/airflow/example_dags/example_time_delta_sensor_async.py
[2024-02-27T11:40:51.038+0530] {processor.py:830} INFO - Processing file /Users/anikbhowmick/Python/Big_Data_Assignment/A02/airflow_env/lib/python3.11/site-packages/airflow/example_dags/example_time_delta_sensor_async.py for tasks to queue
[2024-02-27T11:40:51.038+0530] {logging_mixin.py:188} INFO - [2024-02-27T11:40:51.038+0530] {dagbag.py:540} INFO - Filling up the DagBag from /Users/anikbhowmick/Python/Big_Data_Assignment/A02/airflow_env/lib/python3.11/site-packages/airflow/example_dags/example_time_delta_sensor_async.py
[2024-02-27T11:40:51.041+0530] {processor.py:840} INFO - DAG(s) 'example_time_delta_sensor_async' retrieved from /Users/anikbhowmick/Python/Big_Data_Assignment/A02/airflow_env/lib/python3.11/site-packages/airflow/example_dags/example_time_delta_sensor_async.py
[2024-02-27T11:40:51.093+0530] {logging_mixin.py:188} INFO - [2024-02-27T11:40:51.093+0530] {dag.py:3047} INFO - Sync 1 DAGs
[2024-02-27T11:40:51.096+0530] {logging_mixin.py:188} INFO - [2024-02-27T11:40:51.096+0530] {dag.py:3834} INFO - Setting next_dagrun for example_time_delta_sensor_async to None, run_after=None
[2024-02-27T11:40:51.102+0530] {processor.py:183} INFO - Processing /Users/anikbhowmick/Python/Big_Data_Assignment/A02/airflow_env/lib/python3.11/site-packages/airflow/example_dags/example_time_delta_sensor_async.py took 0.065 seconds
[2024-02-27T11:41:56.414+0530] {processor.py:161} INFO - Started process (PID=4744) to work on /Users/anikbhowmick/Python/Big_Data_Assignment/A02/airflow_env/lib/python3.11/site-packages/airflow/example_dags/example_time_delta_sensor_async.py
[2024-02-27T11:41:56.415+0530] {processor.py:830} INFO - Processing file /Users/anikbhowmick/Python/Big_Data_Assignment/A02/airflow_env/lib/python3.11/site-packages/airflow/example_dags/example_time_delta_sensor_async.py for tasks to queue
[2024-02-27T11:41:56.415+0530] {logging_mixin.py:188} INFO - [2024-02-27T11:41:56.415+0530] {dagbag.py:540} INFO - Filling up the DagBag from /Users/anikbhowmick/Python/Big_Data_Assignment/A02/airflow_env/lib/python3.11/site-packages/airflow/example_dags/example_time_delta_sensor_async.py
[2024-02-27T11:41:56.417+0530] {processor.py:840} INFO - DAG(s) 'example_time_delta_sensor_async' retrieved from /Users/anikbhowmick/Python/Big_Data_Assignment/A02/airflow_env/lib/python3.11/site-packages/airflow/example_dags/example_time_delta_sensor_async.py
[2024-02-27T11:41:56.469+0530] {logging_mixin.py:188} INFO - [2024-02-27T11:41:56.469+0530] {dag.py:3047} INFO - Sync 1 DAGs
[2024-02-27T11:41:56.472+0530] {logging_mixin.py:188} INFO - [2024-02-27T11:41:56.471+0530] {dag.py:3834} INFO - Setting next_dagrun for example_time_delta_sensor_async to None, run_after=None
[2024-02-27T11:41:56.478+0530] {processor.py:183} INFO - Processing /Users/anikbhowmick/Python/Big_Data_Assignment/A02/airflow_env/lib/python3.11/site-packages/airflow/example_dags/example_time_delta_sensor_async.py took 0.064 seconds
