[2024-02-27T10:45:46.262+0530] {processor.py:161} INFO - Started process (PID=1540) to work on /Users/anikbhowmick/Python/Big_Data_Assignment/A02/airflow_env/lib/python3.11/site-packages/airflow/example_dags/tutorial_taskflow_api.py
[2024-02-27T10:45:46.263+0530] {processor.py:830} INFO - Processing file /Users/anikbhowmick/Python/Big_Data_Assignment/A02/airflow_env/lib/python3.11/site-packages/airflow/example_dags/tutorial_taskflow_api.py for tasks to queue
[2024-02-27T10:45:46.263+0530] {logging_mixin.py:188} INFO - [2024-02-27T10:45:46.263+0530] {dagbag.py:540} INFO - Filling up the DagBag from /Users/anikbhowmick/Python/Big_Data_Assignment/A02/airflow_env/lib/python3.11/site-packages/airflow/example_dags/tutorial_taskflow_api.py
[2024-02-27T10:45:46.274+0530] {processor.py:840} INFO - DAG(s) 'tutorial_taskflow_api' retrieved from /Users/anikbhowmick/Python/Big_Data_Assignment/A02/airflow_env/lib/python3.11/site-packages/airflow/example_dags/tutorial_taskflow_api.py
[2024-02-27T10:45:46.322+0530] {logging_mixin.py:188} INFO - [2024-02-27T10:45:46.322+0530] {dag.py:3047} INFO - Sync 1 DAGs
[2024-02-27T10:45:46.325+0530] {logging_mixin.py:188} INFO - [2024-02-27T10:45:46.325+0530] {dag.py:3834} INFO - Setting next_dagrun for tutorial_taskflow_api to None, run_after=None
[2024-02-27T10:45:46.332+0530] {processor.py:183} INFO - Processing /Users/anikbhowmick/Python/Big_Data_Assignment/A02/airflow_env/lib/python3.11/site-packages/airflow/example_dags/tutorial_taskflow_api.py took 0.070 seconds
[2024-02-27T10:47:18.582+0530] {processor.py:161} INFO - Started process (PID=1651) to work on /Users/anikbhowmick/Python/Big_Data_Assignment/A02/airflow_env/lib/python3.11/site-packages/airflow/example_dags/tutorial_taskflow_api.py
[2024-02-27T10:47:18.583+0530] {processor.py:830} INFO - Processing file /Users/anikbhowmick/Python/Big_Data_Assignment/A02/airflow_env/lib/python3.11/site-packages/airflow/example_dags/tutorial_taskflow_api.py for tasks to queue
[2024-02-27T10:47:18.583+0530] {logging_mixin.py:188} INFO - [2024-02-27T10:47:18.583+0530] {dagbag.py:540} INFO - Filling up the DagBag from /Users/anikbhowmick/Python/Big_Data_Assignment/A02/airflow_env/lib/python3.11/site-packages/airflow/example_dags/tutorial_taskflow_api.py
[2024-02-27T10:47:18.595+0530] {processor.py:840} INFO - DAG(s) 'tutorial_taskflow_api' retrieved from /Users/anikbhowmick/Python/Big_Data_Assignment/A02/airflow_env/lib/python3.11/site-packages/airflow/example_dags/tutorial_taskflow_api.py
[2024-02-27T10:47:18.646+0530] {logging_mixin.py:188} INFO - [2024-02-27T10:47:18.645+0530] {dag.py:3047} INFO - Sync 1 DAGs
[2024-02-27T10:47:18.649+0530] {logging_mixin.py:188} INFO - [2024-02-27T10:47:18.649+0530] {dag.py:3834} INFO - Setting next_dagrun for tutorial_taskflow_api to None, run_after=None
[2024-02-27T10:47:18.655+0530] {processor.py:183} INFO - Processing /Users/anikbhowmick/Python/Big_Data_Assignment/A02/airflow_env/lib/python3.11/site-packages/airflow/example_dags/tutorial_taskflow_api.py took 0.074 seconds
[2024-02-27T10:49:15.869+0530] {processor.py:161} INFO - Started process (PID=1748) to work on /Users/anikbhowmick/Python/Big_Data_Assignment/A02/airflow_env/lib/python3.11/site-packages/airflow/example_dags/tutorial_taskflow_api.py
[2024-02-27T10:49:15.870+0530] {processor.py:830} INFO - Processing file /Users/anikbhowmick/Python/Big_Data_Assignment/A02/airflow_env/lib/python3.11/site-packages/airflow/example_dags/tutorial_taskflow_api.py for tasks to queue
[2024-02-27T10:49:15.870+0530] {logging_mixin.py:188} INFO - [2024-02-27T10:49:15.870+0530] {dagbag.py:540} INFO - Filling up the DagBag from /Users/anikbhowmick/Python/Big_Data_Assignment/A02/airflow_env/lib/python3.11/site-packages/airflow/example_dags/tutorial_taskflow_api.py
[2024-02-27T10:49:15.881+0530] {processor.py:840} INFO - DAG(s) 'tutorial_taskflow_api' retrieved from /Users/anikbhowmick/Python/Big_Data_Assignment/A02/airflow_env/lib/python3.11/site-packages/airflow/example_dags/tutorial_taskflow_api.py
[2024-02-27T10:49:15.929+0530] {logging_mixin.py:188} INFO - [2024-02-27T10:49:15.929+0530] {dag.py:3047} INFO - Sync 1 DAGs
[2024-02-27T10:49:15.932+0530] {logging_mixin.py:188} INFO - [2024-02-27T10:49:15.932+0530] {dag.py:3834} INFO - Setting next_dagrun for tutorial_taskflow_api to None, run_after=None
[2024-02-27T10:49:15.938+0530] {processor.py:183} INFO - Processing /Users/anikbhowmick/Python/Big_Data_Assignment/A02/airflow_env/lib/python3.11/site-packages/airflow/example_dags/tutorial_taskflow_api.py took 0.069 seconds
[2024-02-27T10:50:43.192+0530] {processor.py:161} INFO - Started process (PID=1833) to work on /Users/anikbhowmick/Python/Big_Data_Assignment/A02/airflow_env/lib/python3.11/site-packages/airflow/example_dags/tutorial_taskflow_api.py
[2024-02-27T10:50:43.195+0530] {processor.py:830} INFO - Processing file /Users/anikbhowmick/Python/Big_Data_Assignment/A02/airflow_env/lib/python3.11/site-packages/airflow/example_dags/tutorial_taskflow_api.py for tasks to queue
[2024-02-27T10:50:43.195+0530] {logging_mixin.py:188} INFO - [2024-02-27T10:50:43.195+0530] {dagbag.py:540} INFO - Filling up the DagBag from /Users/anikbhowmick/Python/Big_Data_Assignment/A02/airflow_env/lib/python3.11/site-packages/airflow/example_dags/tutorial_taskflow_api.py
[2024-02-27T10:50:43.206+0530] {processor.py:840} INFO - DAG(s) 'tutorial_taskflow_api' retrieved from /Users/anikbhowmick/Python/Big_Data_Assignment/A02/airflow_env/lib/python3.11/site-packages/airflow/example_dags/tutorial_taskflow_api.py
[2024-02-27T10:50:43.255+0530] {logging_mixin.py:188} INFO - [2024-02-27T10:50:43.255+0530] {dag.py:3047} INFO - Sync 1 DAGs
[2024-02-27T10:50:43.259+0530] {logging_mixin.py:188} INFO - [2024-02-27T10:50:43.259+0530] {dag.py:3834} INFO - Setting next_dagrun for tutorial_taskflow_api to None, run_after=None
[2024-02-27T10:50:43.265+0530] {processor.py:183} INFO - Processing /Users/anikbhowmick/Python/Big_Data_Assignment/A02/airflow_env/lib/python3.11/site-packages/airflow/example_dags/tutorial_taskflow_api.py took 0.073 seconds
[2024-02-27T10:51:58.257+0530] {processor.py:161} INFO - Started process (PID=1936) to work on /Users/anikbhowmick/Python/Big_Data_Assignment/A02/airflow_env/lib/python3.11/site-packages/airflow/example_dags/tutorial_taskflow_api.py
[2024-02-27T10:51:58.258+0530] {processor.py:830} INFO - Processing file /Users/anikbhowmick/Python/Big_Data_Assignment/A02/airflow_env/lib/python3.11/site-packages/airflow/example_dags/tutorial_taskflow_api.py for tasks to queue
[2024-02-27T10:51:58.259+0530] {logging_mixin.py:188} INFO - [2024-02-27T10:51:58.258+0530] {dagbag.py:540} INFO - Filling up the DagBag from /Users/anikbhowmick/Python/Big_Data_Assignment/A02/airflow_env/lib/python3.11/site-packages/airflow/example_dags/tutorial_taskflow_api.py
[2024-02-27T10:51:58.270+0530] {processor.py:840} INFO - DAG(s) 'tutorial_taskflow_api' retrieved from /Users/anikbhowmick/Python/Big_Data_Assignment/A02/airflow_env/lib/python3.11/site-packages/airflow/example_dags/tutorial_taskflow_api.py
[2024-02-27T10:51:58.318+0530] {logging_mixin.py:188} INFO - [2024-02-27T10:51:58.318+0530] {dag.py:3047} INFO - Sync 1 DAGs
[2024-02-27T10:51:58.321+0530] {logging_mixin.py:188} INFO - [2024-02-27T10:51:58.321+0530] {dag.py:3834} INFO - Setting next_dagrun for tutorial_taskflow_api to None, run_after=None
[2024-02-27T10:51:58.327+0530] {processor.py:183} INFO - Processing /Users/anikbhowmick/Python/Big_Data_Assignment/A02/airflow_env/lib/python3.11/site-packages/airflow/example_dags/tutorial_taskflow_api.py took 0.070 seconds
[2024-02-27T10:53:48.441+0530] {processor.py:161} INFO - Started process (PID=2047) to work on /Users/anikbhowmick/Python/Big_Data_Assignment/A02/airflow_env/lib/python3.11/site-packages/airflow/example_dags/tutorial_taskflow_api.py
[2024-02-27T10:53:48.442+0530] {processor.py:830} INFO - Processing file /Users/anikbhowmick/Python/Big_Data_Assignment/A02/airflow_env/lib/python3.11/site-packages/airflow/example_dags/tutorial_taskflow_api.py for tasks to queue
[2024-02-27T10:53:48.442+0530] {logging_mixin.py:188} INFO - [2024-02-27T10:53:48.442+0530] {dagbag.py:540} INFO - Filling up the DagBag from /Users/anikbhowmick/Python/Big_Data_Assignment/A02/airflow_env/lib/python3.11/site-packages/airflow/example_dags/tutorial_taskflow_api.py
[2024-02-27T10:53:48.454+0530] {processor.py:840} INFO - DAG(s) 'tutorial_taskflow_api' retrieved from /Users/anikbhowmick/Python/Big_Data_Assignment/A02/airflow_env/lib/python3.11/site-packages/airflow/example_dags/tutorial_taskflow_api.py
[2024-02-27T10:53:48.503+0530] {logging_mixin.py:188} INFO - [2024-02-27T10:53:48.503+0530] {dag.py:3047} INFO - Sync 1 DAGs
[2024-02-27T10:53:48.506+0530] {logging_mixin.py:188} INFO - [2024-02-27T10:53:48.506+0530] {dag.py:3834} INFO - Setting next_dagrun for tutorial_taskflow_api to None, run_after=None
[2024-02-27T10:53:48.512+0530] {processor.py:183} INFO - Processing /Users/anikbhowmick/Python/Big_Data_Assignment/A02/airflow_env/lib/python3.11/site-packages/airflow/example_dags/tutorial_taskflow_api.py took 0.072 seconds
[2024-02-27T10:55:22.887+0530] {processor.py:161} INFO - Started process (PID=2190) to work on /Users/anikbhowmick/Python/Big_Data_Assignment/A02/airflow_env/lib/python3.11/site-packages/airflow/example_dags/tutorial_taskflow_api.py
[2024-02-27T10:55:22.889+0530] {processor.py:830} INFO - Processing file /Users/anikbhowmick/Python/Big_Data_Assignment/A02/airflow_env/lib/python3.11/site-packages/airflow/example_dags/tutorial_taskflow_api.py for tasks to queue
[2024-02-27T10:55:22.889+0530] {logging_mixin.py:188} INFO - [2024-02-27T10:55:22.889+0530] {dagbag.py:540} INFO - Filling up the DagBag from /Users/anikbhowmick/Python/Big_Data_Assignment/A02/airflow_env/lib/python3.11/site-packages/airflow/example_dags/tutorial_taskflow_api.py
[2024-02-27T10:55:22.900+0530] {processor.py:840} INFO - DAG(s) 'tutorial_taskflow_api' retrieved from /Users/anikbhowmick/Python/Big_Data_Assignment/A02/airflow_env/lib/python3.11/site-packages/airflow/example_dags/tutorial_taskflow_api.py
[2024-02-27T10:55:22.952+0530] {logging_mixin.py:188} INFO - [2024-02-27T10:55:22.952+0530] {dag.py:3047} INFO - Sync 1 DAGs
[2024-02-27T10:55:22.955+0530] {logging_mixin.py:188} INFO - [2024-02-27T10:55:22.955+0530] {dag.py:3834} INFO - Setting next_dagrun for tutorial_taskflow_api to None, run_after=None
[2024-02-27T10:55:22.962+0530] {processor.py:183} INFO - Processing /Users/anikbhowmick/Python/Big_Data_Assignment/A02/airflow_env/lib/python3.11/site-packages/airflow/example_dags/tutorial_taskflow_api.py took 0.075 seconds
[2024-02-27T10:57:06.525+0530] {processor.py:161} INFO - Started process (PID=2319) to work on /Users/anikbhowmick/Python/Big_Data_Assignment/A02/airflow_env/lib/python3.11/site-packages/airflow/example_dags/tutorial_taskflow_api.py
[2024-02-27T10:57:06.526+0530] {processor.py:830} INFO - Processing file /Users/anikbhowmick/Python/Big_Data_Assignment/A02/airflow_env/lib/python3.11/site-packages/airflow/example_dags/tutorial_taskflow_api.py for tasks to queue
[2024-02-27T10:57:06.527+0530] {logging_mixin.py:188} INFO - [2024-02-27T10:57:06.527+0530] {dagbag.py:540} INFO - Filling up the DagBag from /Users/anikbhowmick/Python/Big_Data_Assignment/A02/airflow_env/lib/python3.11/site-packages/airflow/example_dags/tutorial_taskflow_api.py
[2024-02-27T10:57:06.538+0530] {processor.py:840} INFO - DAG(s) 'tutorial_taskflow_api' retrieved from /Users/anikbhowmick/Python/Big_Data_Assignment/A02/airflow_env/lib/python3.11/site-packages/airflow/example_dags/tutorial_taskflow_api.py
[2024-02-27T10:57:06.592+0530] {logging_mixin.py:188} INFO - [2024-02-27T10:57:06.592+0530] {dag.py:3047} INFO - Sync 1 DAGs
[2024-02-27T10:57:06.597+0530] {logging_mixin.py:188} INFO - [2024-02-27T10:57:06.597+0530] {dag.py:3834} INFO - Setting next_dagrun for tutorial_taskflow_api to None, run_after=None
[2024-02-27T10:57:06.603+0530] {processor.py:183} INFO - Processing /Users/anikbhowmick/Python/Big_Data_Assignment/A02/airflow_env/lib/python3.11/site-packages/airflow/example_dags/tutorial_taskflow_api.py took 0.078 seconds
[2024-02-27T10:58:41.435+0530] {processor.py:161} INFO - Started process (PID=2429) to work on /Users/anikbhowmick/Python/Big_Data_Assignment/A02/airflow_env/lib/python3.11/site-packages/airflow/example_dags/tutorial_taskflow_api.py
[2024-02-27T10:58:41.435+0530] {processor.py:830} INFO - Processing file /Users/anikbhowmick/Python/Big_Data_Assignment/A02/airflow_env/lib/python3.11/site-packages/airflow/example_dags/tutorial_taskflow_api.py for tasks to queue
[2024-02-27T10:58:41.436+0530] {logging_mixin.py:188} INFO - [2024-02-27T10:58:41.435+0530] {dagbag.py:540} INFO - Filling up the DagBag from /Users/anikbhowmick/Python/Big_Data_Assignment/A02/airflow_env/lib/python3.11/site-packages/airflow/example_dags/tutorial_taskflow_api.py
[2024-02-27T10:58:41.448+0530] {processor.py:840} INFO - DAG(s) 'tutorial_taskflow_api' retrieved from /Users/anikbhowmick/Python/Big_Data_Assignment/A02/airflow_env/lib/python3.11/site-packages/airflow/example_dags/tutorial_taskflow_api.py
[2024-02-27T10:58:41.502+0530] {logging_mixin.py:188} INFO - [2024-02-27T10:58:41.501+0530] {dag.py:3047} INFO - Sync 1 DAGs
[2024-02-27T10:58:41.505+0530] {logging_mixin.py:188} INFO - [2024-02-27T10:58:41.505+0530] {dag.py:3834} INFO - Setting next_dagrun for tutorial_taskflow_api to None, run_after=None
[2024-02-27T10:58:41.511+0530] {processor.py:183} INFO - Processing /Users/anikbhowmick/Python/Big_Data_Assignment/A02/airflow_env/lib/python3.11/site-packages/airflow/example_dags/tutorial_taskflow_api.py took 0.077 seconds
[2024-02-27T10:59:35.572+0530] {processor.py:161} INFO - Started process (PID=2486) to work on /Users/anikbhowmick/Python/Big_Data_Assignment/A02/airflow_env/lib/python3.11/site-packages/airflow/example_dags/tutorial_taskflow_api.py
[2024-02-27T10:59:35.573+0530] {processor.py:830} INFO - Processing file /Users/anikbhowmick/Python/Big_Data_Assignment/A02/airflow_env/lib/python3.11/site-packages/airflow/example_dags/tutorial_taskflow_api.py for tasks to queue
[2024-02-27T10:59:35.574+0530] {logging_mixin.py:188} INFO - [2024-02-27T10:59:35.574+0530] {dagbag.py:540} INFO - Filling up the DagBag from /Users/anikbhowmick/Python/Big_Data_Assignment/A02/airflow_env/lib/python3.11/site-packages/airflow/example_dags/tutorial_taskflow_api.py
[2024-02-27T10:59:35.584+0530] {processor.py:840} INFO - DAG(s) 'tutorial_taskflow_api' retrieved from /Users/anikbhowmick/Python/Big_Data_Assignment/A02/airflow_env/lib/python3.11/site-packages/airflow/example_dags/tutorial_taskflow_api.py
[2024-02-27T10:59:35.634+0530] {logging_mixin.py:188} INFO - [2024-02-27T10:59:35.634+0530] {dag.py:3047} INFO - Sync 1 DAGs
[2024-02-27T10:59:35.637+0530] {logging_mixin.py:188} INFO - [2024-02-27T10:59:35.637+0530] {dag.py:3834} INFO - Setting next_dagrun for tutorial_taskflow_api to None, run_after=None
[2024-02-27T10:59:35.644+0530] {processor.py:183} INFO - Processing /Users/anikbhowmick/Python/Big_Data_Assignment/A02/airflow_env/lib/python3.11/site-packages/airflow/example_dags/tutorial_taskflow_api.py took 0.072 seconds
[2024-02-27T11:01:28.518+0530] {processor.py:161} INFO - Started process (PID=2638) to work on /Users/anikbhowmick/Python/Big_Data_Assignment/A02/airflow_env/lib/python3.11/site-packages/airflow/example_dags/tutorial_taskflow_api.py
[2024-02-27T11:01:28.519+0530] {processor.py:830} INFO - Processing file /Users/anikbhowmick/Python/Big_Data_Assignment/A02/airflow_env/lib/python3.11/site-packages/airflow/example_dags/tutorial_taskflow_api.py for tasks to queue
[2024-02-27T11:01:28.519+0530] {logging_mixin.py:188} INFO - [2024-02-27T11:01:28.519+0530] {dagbag.py:540} INFO - Filling up the DagBag from /Users/anikbhowmick/Python/Big_Data_Assignment/A02/airflow_env/lib/python3.11/site-packages/airflow/example_dags/tutorial_taskflow_api.py
[2024-02-27T11:01:28.529+0530] {processor.py:840} INFO - DAG(s) 'tutorial_taskflow_api' retrieved from /Users/anikbhowmick/Python/Big_Data_Assignment/A02/airflow_env/lib/python3.11/site-packages/airflow/example_dags/tutorial_taskflow_api.py
[2024-02-27T11:01:28.579+0530] {logging_mixin.py:188} INFO - [2024-02-27T11:01:28.579+0530] {dag.py:3047} INFO - Sync 1 DAGs
[2024-02-27T11:01:28.582+0530] {logging_mixin.py:188} INFO - [2024-02-27T11:01:28.582+0530] {dag.py:3834} INFO - Setting next_dagrun for tutorial_taskflow_api to None, run_after=None
[2024-02-27T11:01:28.588+0530] {processor.py:183} INFO - Processing /Users/anikbhowmick/Python/Big_Data_Assignment/A02/airflow_env/lib/python3.11/site-packages/airflow/example_dags/tutorial_taskflow_api.py took 0.071 seconds
[2024-02-27T11:02:54.138+0530] {processor.py:161} INFO - Started process (PID=2744) to work on /Users/anikbhowmick/Python/Big_Data_Assignment/A02/airflow_env/lib/python3.11/site-packages/airflow/example_dags/tutorial_taskflow_api.py
[2024-02-27T11:02:54.138+0530] {processor.py:830} INFO - Processing file /Users/anikbhowmick/Python/Big_Data_Assignment/A02/airflow_env/lib/python3.11/site-packages/airflow/example_dags/tutorial_taskflow_api.py for tasks to queue
[2024-02-27T11:02:54.138+0530] {logging_mixin.py:188} INFO - [2024-02-27T11:02:54.138+0530] {dagbag.py:540} INFO - Filling up the DagBag from /Users/anikbhowmick/Python/Big_Data_Assignment/A02/airflow_env/lib/python3.11/site-packages/airflow/example_dags/tutorial_taskflow_api.py
[2024-02-27T11:02:54.151+0530] {processor.py:840} INFO - DAG(s) 'tutorial_taskflow_api' retrieved from /Users/anikbhowmick/Python/Big_Data_Assignment/A02/airflow_env/lib/python3.11/site-packages/airflow/example_dags/tutorial_taskflow_api.py
[2024-02-27T11:02:54.203+0530] {logging_mixin.py:188} INFO - [2024-02-27T11:02:54.202+0530] {dag.py:3047} INFO - Sync 1 DAGs
[2024-02-27T11:02:54.206+0530] {logging_mixin.py:188} INFO - [2024-02-27T11:02:54.206+0530] {dag.py:3834} INFO - Setting next_dagrun for tutorial_taskflow_api to None, run_after=None
[2024-02-27T11:02:54.212+0530] {processor.py:183} INFO - Processing /Users/anikbhowmick/Python/Big_Data_Assignment/A02/airflow_env/lib/python3.11/site-packages/airflow/example_dags/tutorial_taskflow_api.py took 0.075 seconds
[2024-02-27T11:03:44.133+0530] {processor.py:161} INFO - Started process (PID=2799) to work on /Users/anikbhowmick/Python/Big_Data_Assignment/A02/airflow_env/lib/python3.11/site-packages/airflow/example_dags/tutorial_taskflow_api.py
[2024-02-27T11:03:44.134+0530] {processor.py:830} INFO - Processing file /Users/anikbhowmick/Python/Big_Data_Assignment/A02/airflow_env/lib/python3.11/site-packages/airflow/example_dags/tutorial_taskflow_api.py for tasks to queue
[2024-02-27T11:03:44.134+0530] {logging_mixin.py:188} INFO - [2024-02-27T11:03:44.134+0530] {dagbag.py:540} INFO - Filling up the DagBag from /Users/anikbhowmick/Python/Big_Data_Assignment/A02/airflow_env/lib/python3.11/site-packages/airflow/example_dags/tutorial_taskflow_api.py
[2024-02-27T11:03:44.146+0530] {processor.py:840} INFO - DAG(s) 'tutorial_taskflow_api' retrieved from /Users/anikbhowmick/Python/Big_Data_Assignment/A02/airflow_env/lib/python3.11/site-packages/airflow/example_dags/tutorial_taskflow_api.py
[2024-02-27T11:03:44.195+0530] {logging_mixin.py:188} INFO - [2024-02-27T11:03:44.194+0530] {dag.py:3047} INFO - Sync 1 DAGs
[2024-02-27T11:03:44.198+0530] {logging_mixin.py:188} INFO - [2024-02-27T11:03:44.198+0530] {dag.py:3834} INFO - Setting next_dagrun for tutorial_taskflow_api to None, run_after=None
[2024-02-27T11:03:44.204+0530] {processor.py:183} INFO - Processing /Users/anikbhowmick/Python/Big_Data_Assignment/A02/airflow_env/lib/python3.11/site-packages/airflow/example_dags/tutorial_taskflow_api.py took 0.072 seconds
[2024-02-27T11:04:37.002+0530] {processor.py:161} INFO - Started process (PID=2852) to work on /Users/anikbhowmick/Python/Big_Data_Assignment/A02/airflow_env/lib/python3.11/site-packages/airflow/example_dags/tutorial_taskflow_api.py
[2024-02-27T11:04:37.002+0530] {processor.py:830} INFO - Processing file /Users/anikbhowmick/Python/Big_Data_Assignment/A02/airflow_env/lib/python3.11/site-packages/airflow/example_dags/tutorial_taskflow_api.py for tasks to queue
[2024-02-27T11:04:37.002+0530] {logging_mixin.py:188} INFO - [2024-02-27T11:04:37.002+0530] {dagbag.py:540} INFO - Filling up the DagBag from /Users/anikbhowmick/Python/Big_Data_Assignment/A02/airflow_env/lib/python3.11/site-packages/airflow/example_dags/tutorial_taskflow_api.py
[2024-02-27T11:04:37.013+0530] {processor.py:840} INFO - DAG(s) 'tutorial_taskflow_api' retrieved from /Users/anikbhowmick/Python/Big_Data_Assignment/A02/airflow_env/lib/python3.11/site-packages/airflow/example_dags/tutorial_taskflow_api.py
[2024-02-27T11:04:37.062+0530] {logging_mixin.py:188} INFO - [2024-02-27T11:04:37.062+0530] {dag.py:3047} INFO - Sync 1 DAGs
[2024-02-27T11:04:37.065+0530] {logging_mixin.py:188} INFO - [2024-02-27T11:04:37.065+0530] {dag.py:3834} INFO - Setting next_dagrun for tutorial_taskflow_api to None, run_after=None
[2024-02-27T11:04:37.072+0530] {processor.py:183} INFO - Processing /Users/anikbhowmick/Python/Big_Data_Assignment/A02/airflow_env/lib/python3.11/site-packages/airflow/example_dags/tutorial_taskflow_api.py took 0.070 seconds
[2024-02-27T11:05:32.381+0530] {processor.py:161} INFO - Started process (PID=2908) to work on /Users/anikbhowmick/Python/Big_Data_Assignment/A02/airflow_env/lib/python3.11/site-packages/airflow/example_dags/tutorial_taskflow_api.py
[2024-02-27T11:05:32.382+0530] {processor.py:830} INFO - Processing file /Users/anikbhowmick/Python/Big_Data_Assignment/A02/airflow_env/lib/python3.11/site-packages/airflow/example_dags/tutorial_taskflow_api.py for tasks to queue
[2024-02-27T11:05:32.382+0530] {logging_mixin.py:188} INFO - [2024-02-27T11:05:32.382+0530] {dagbag.py:540} INFO - Filling up the DagBag from /Users/anikbhowmick/Python/Big_Data_Assignment/A02/airflow_env/lib/python3.11/site-packages/airflow/example_dags/tutorial_taskflow_api.py
[2024-02-27T11:05:32.394+0530] {processor.py:840} INFO - DAG(s) 'tutorial_taskflow_api' retrieved from /Users/anikbhowmick/Python/Big_Data_Assignment/A02/airflow_env/lib/python3.11/site-packages/airflow/example_dags/tutorial_taskflow_api.py
[2024-02-27T11:05:32.443+0530] {logging_mixin.py:188} INFO - [2024-02-27T11:05:32.443+0530] {dag.py:3047} INFO - Sync 1 DAGs
[2024-02-27T11:05:32.446+0530] {logging_mixin.py:188} INFO - [2024-02-27T11:05:32.446+0530] {dag.py:3834} INFO - Setting next_dagrun for tutorial_taskflow_api to None, run_after=None
[2024-02-27T11:05:32.452+0530] {processor.py:183} INFO - Processing /Users/anikbhowmick/Python/Big_Data_Assignment/A02/airflow_env/lib/python3.11/site-packages/airflow/example_dags/tutorial_taskflow_api.py took 0.072 seconds
[2024-02-27T11:06:27.005+0530] {processor.py:161} INFO - Started process (PID=2944) to work on /Users/anikbhowmick/Python/Big_Data_Assignment/A02/airflow_env/lib/python3.11/site-packages/airflow/example_dags/tutorial_taskflow_api.py
[2024-02-27T11:06:27.005+0530] {processor.py:830} INFO - Processing file /Users/anikbhowmick/Python/Big_Data_Assignment/A02/airflow_env/lib/python3.11/site-packages/airflow/example_dags/tutorial_taskflow_api.py for tasks to queue
[2024-02-27T11:06:27.005+0530] {logging_mixin.py:188} INFO - [2024-02-27T11:06:27.005+0530] {dagbag.py:540} INFO - Filling up the DagBag from /Users/anikbhowmick/Python/Big_Data_Assignment/A02/airflow_env/lib/python3.11/site-packages/airflow/example_dags/tutorial_taskflow_api.py
[2024-02-27T11:06:27.017+0530] {processor.py:840} INFO - DAG(s) 'tutorial_taskflow_api' retrieved from /Users/anikbhowmick/Python/Big_Data_Assignment/A02/airflow_env/lib/python3.11/site-packages/airflow/example_dags/tutorial_taskflow_api.py
[2024-02-27T11:06:27.066+0530] {logging_mixin.py:188} INFO - [2024-02-27T11:06:27.066+0530] {dag.py:3047} INFO - Sync 1 DAGs
[2024-02-27T11:06:27.070+0530] {logging_mixin.py:188} INFO - [2024-02-27T11:06:27.070+0530] {dag.py:3834} INFO - Setting next_dagrun for tutorial_taskflow_api to None, run_after=None
[2024-02-27T11:06:27.076+0530] {processor.py:183} INFO - Processing /Users/anikbhowmick/Python/Big_Data_Assignment/A02/airflow_env/lib/python3.11/site-packages/airflow/example_dags/tutorial_taskflow_api.py took 0.072 seconds
[2024-02-27T11:07:19.157+0530] {processor.py:161} INFO - Started process (PID=2979) to work on /Users/anikbhowmick/Python/Big_Data_Assignment/A02/airflow_env/lib/python3.11/site-packages/airflow/example_dags/tutorial_taskflow_api.py
[2024-02-27T11:07:19.158+0530] {processor.py:830} INFO - Processing file /Users/anikbhowmick/Python/Big_Data_Assignment/A02/airflow_env/lib/python3.11/site-packages/airflow/example_dags/tutorial_taskflow_api.py for tasks to queue
[2024-02-27T11:07:19.158+0530] {logging_mixin.py:188} INFO - [2024-02-27T11:07:19.158+0530] {dagbag.py:540} INFO - Filling up the DagBag from /Users/anikbhowmick/Python/Big_Data_Assignment/A02/airflow_env/lib/python3.11/site-packages/airflow/example_dags/tutorial_taskflow_api.py
[2024-02-27T11:07:19.169+0530] {processor.py:840} INFO - DAG(s) 'tutorial_taskflow_api' retrieved from /Users/anikbhowmick/Python/Big_Data_Assignment/A02/airflow_env/lib/python3.11/site-packages/airflow/example_dags/tutorial_taskflow_api.py
[2024-02-27T11:07:19.219+0530] {logging_mixin.py:188} INFO - [2024-02-27T11:07:19.219+0530] {dag.py:3047} INFO - Sync 1 DAGs
[2024-02-27T11:07:19.222+0530] {logging_mixin.py:188} INFO - [2024-02-27T11:07:19.222+0530] {dag.py:3834} INFO - Setting next_dagrun for tutorial_taskflow_api to None, run_after=None
[2024-02-27T11:07:19.228+0530] {processor.py:183} INFO - Processing /Users/anikbhowmick/Python/Big_Data_Assignment/A02/airflow_env/lib/python3.11/site-packages/airflow/example_dags/tutorial_taskflow_api.py took 0.072 seconds
[2024-02-27T11:08:06.796+0530] {processor.py:161} INFO - Started process (PID=3020) to work on /Users/anikbhowmick/Python/Big_Data_Assignment/A02/airflow_env/lib/python3.11/site-packages/airflow/example_dags/tutorial_taskflow_api.py
[2024-02-27T11:08:06.797+0530] {processor.py:830} INFO - Processing file /Users/anikbhowmick/Python/Big_Data_Assignment/A02/airflow_env/lib/python3.11/site-packages/airflow/example_dags/tutorial_taskflow_api.py for tasks to queue
[2024-02-27T11:08:06.797+0530] {logging_mixin.py:188} INFO - [2024-02-27T11:08:06.797+0530] {dagbag.py:540} INFO - Filling up the DagBag from /Users/anikbhowmick/Python/Big_Data_Assignment/A02/airflow_env/lib/python3.11/site-packages/airflow/example_dags/tutorial_taskflow_api.py
[2024-02-27T11:08:06.808+0530] {processor.py:840} INFO - DAG(s) 'tutorial_taskflow_api' retrieved from /Users/anikbhowmick/Python/Big_Data_Assignment/A02/airflow_env/lib/python3.11/site-packages/airflow/example_dags/tutorial_taskflow_api.py
[2024-02-27T11:08:06.857+0530] {logging_mixin.py:188} INFO - [2024-02-27T11:08:06.857+0530] {dag.py:3047} INFO - Sync 1 DAGs
[2024-02-27T11:08:06.860+0530] {logging_mixin.py:188} INFO - [2024-02-27T11:08:06.860+0530] {dag.py:3834} INFO - Setting next_dagrun for tutorial_taskflow_api to None, run_after=None
[2024-02-27T11:08:06.866+0530] {processor.py:183} INFO - Processing /Users/anikbhowmick/Python/Big_Data_Assignment/A02/airflow_env/lib/python3.11/site-packages/airflow/example_dags/tutorial_taskflow_api.py took 0.071 seconds
[2024-02-27T11:09:00.080+0530] {processor.py:161} INFO - Started process (PID=3106) to work on /Users/anikbhowmick/Python/Big_Data_Assignment/A02/airflow_env/lib/python3.11/site-packages/airflow/example_dags/tutorial_taskflow_api.py
[2024-02-27T11:09:00.080+0530] {processor.py:830} INFO - Processing file /Users/anikbhowmick/Python/Big_Data_Assignment/A02/airflow_env/lib/python3.11/site-packages/airflow/example_dags/tutorial_taskflow_api.py for tasks to queue
[2024-02-27T11:09:00.081+0530] {logging_mixin.py:188} INFO - [2024-02-27T11:09:00.080+0530] {dagbag.py:540} INFO - Filling up the DagBag from /Users/anikbhowmick/Python/Big_Data_Assignment/A02/airflow_env/lib/python3.11/site-packages/airflow/example_dags/tutorial_taskflow_api.py
[2024-02-27T11:09:00.092+0530] {processor.py:840} INFO - DAG(s) 'tutorial_taskflow_api' retrieved from /Users/anikbhowmick/Python/Big_Data_Assignment/A02/airflow_env/lib/python3.11/site-packages/airflow/example_dags/tutorial_taskflow_api.py
[2024-02-27T11:09:00.142+0530] {logging_mixin.py:188} INFO - [2024-02-27T11:09:00.142+0530] {dag.py:3047} INFO - Sync 1 DAGs
[2024-02-27T11:09:00.146+0530] {logging_mixin.py:188} INFO - [2024-02-27T11:09:00.146+0530] {dag.py:3834} INFO - Setting next_dagrun for tutorial_taskflow_api to None, run_after=None
[2024-02-27T11:09:00.152+0530] {processor.py:183} INFO - Processing /Users/anikbhowmick/Python/Big_Data_Assignment/A02/airflow_env/lib/python3.11/site-packages/airflow/example_dags/tutorial_taskflow_api.py took 0.073 seconds
[2024-02-27T11:09:52.798+0530] {processor.py:161} INFO - Started process (PID=3141) to work on /Users/anikbhowmick/Python/Big_Data_Assignment/A02/airflow_env/lib/python3.11/site-packages/airflow/example_dags/tutorial_taskflow_api.py
[2024-02-27T11:09:52.798+0530] {processor.py:830} INFO - Processing file /Users/anikbhowmick/Python/Big_Data_Assignment/A02/airflow_env/lib/python3.11/site-packages/airflow/example_dags/tutorial_taskflow_api.py for tasks to queue
[2024-02-27T11:09:52.798+0530] {logging_mixin.py:188} INFO - [2024-02-27T11:09:52.798+0530] {dagbag.py:540} INFO - Filling up the DagBag from /Users/anikbhowmick/Python/Big_Data_Assignment/A02/airflow_env/lib/python3.11/site-packages/airflow/example_dags/tutorial_taskflow_api.py
[2024-02-27T11:09:52.809+0530] {processor.py:840} INFO - DAG(s) 'tutorial_taskflow_api' retrieved from /Users/anikbhowmick/Python/Big_Data_Assignment/A02/airflow_env/lib/python3.11/site-packages/airflow/example_dags/tutorial_taskflow_api.py
[2024-02-27T11:09:52.859+0530] {logging_mixin.py:188} INFO - [2024-02-27T11:09:52.858+0530] {dag.py:3047} INFO - Sync 1 DAGs
[2024-02-27T11:09:52.862+0530] {logging_mixin.py:188} INFO - [2024-02-27T11:09:52.862+0530] {dag.py:3834} INFO - Setting next_dagrun for tutorial_taskflow_api to None, run_after=None
[2024-02-27T11:09:52.868+0530] {processor.py:183} INFO - Processing /Users/anikbhowmick/Python/Big_Data_Assignment/A02/airflow_env/lib/python3.11/site-packages/airflow/example_dags/tutorial_taskflow_api.py took 0.071 seconds
[2024-02-27T11:10:40.810+0530] {processor.py:161} INFO - Started process (PID=3180) to work on /Users/anikbhowmick/Python/Big_Data_Assignment/A02/airflow_env/lib/python3.11/site-packages/airflow/example_dags/tutorial_taskflow_api.py
[2024-02-27T11:10:40.810+0530] {processor.py:830} INFO - Processing file /Users/anikbhowmick/Python/Big_Data_Assignment/A02/airflow_env/lib/python3.11/site-packages/airflow/example_dags/tutorial_taskflow_api.py for tasks to queue
[2024-02-27T11:10:40.811+0530] {logging_mixin.py:188} INFO - [2024-02-27T11:10:40.810+0530] {dagbag.py:540} INFO - Filling up the DagBag from /Users/anikbhowmick/Python/Big_Data_Assignment/A02/airflow_env/lib/python3.11/site-packages/airflow/example_dags/tutorial_taskflow_api.py
[2024-02-27T11:10:40.822+0530] {processor.py:840} INFO - DAG(s) 'tutorial_taskflow_api' retrieved from /Users/anikbhowmick/Python/Big_Data_Assignment/A02/airflow_env/lib/python3.11/site-packages/airflow/example_dags/tutorial_taskflow_api.py
[2024-02-27T11:10:40.872+0530] {logging_mixin.py:188} INFO - [2024-02-27T11:10:40.872+0530] {dag.py:3047} INFO - Sync 1 DAGs
[2024-02-27T11:10:40.876+0530] {logging_mixin.py:188} INFO - [2024-02-27T11:10:40.875+0530] {dag.py:3834} INFO - Setting next_dagrun for tutorial_taskflow_api to None, run_after=None
[2024-02-27T11:10:40.882+0530] {processor.py:183} INFO - Processing /Users/anikbhowmick/Python/Big_Data_Assignment/A02/airflow_env/lib/python3.11/site-packages/airflow/example_dags/tutorial_taskflow_api.py took 0.072 seconds
[2024-02-27T11:11:28.248+0530] {processor.py:161} INFO - Started process (PID=3228) to work on /Users/anikbhowmick/Python/Big_Data_Assignment/A02/airflow_env/lib/python3.11/site-packages/airflow/example_dags/tutorial_taskflow_api.py
[2024-02-27T11:11:28.249+0530] {processor.py:830} INFO - Processing file /Users/anikbhowmick/Python/Big_Data_Assignment/A02/airflow_env/lib/python3.11/site-packages/airflow/example_dags/tutorial_taskflow_api.py for tasks to queue
[2024-02-27T11:11:28.249+0530] {logging_mixin.py:188} INFO - [2024-02-27T11:11:28.249+0530] {dagbag.py:540} INFO - Filling up the DagBag from /Users/anikbhowmick/Python/Big_Data_Assignment/A02/airflow_env/lib/python3.11/site-packages/airflow/example_dags/tutorial_taskflow_api.py
[2024-02-27T11:11:28.260+0530] {processor.py:840} INFO - DAG(s) 'tutorial_taskflow_api' retrieved from /Users/anikbhowmick/Python/Big_Data_Assignment/A02/airflow_env/lib/python3.11/site-packages/airflow/example_dags/tutorial_taskflow_api.py
[2024-02-27T11:11:28.311+0530] {logging_mixin.py:188} INFO - [2024-02-27T11:11:28.311+0530] {dag.py:3047} INFO - Sync 1 DAGs
[2024-02-27T11:11:28.314+0530] {logging_mixin.py:188} INFO - [2024-02-27T11:11:28.314+0530] {dag.py:3834} INFO - Setting next_dagrun for tutorial_taskflow_api to None, run_after=None
[2024-02-27T11:11:28.320+0530] {processor.py:183} INFO - Processing /Users/anikbhowmick/Python/Big_Data_Assignment/A02/airflow_env/lib/python3.11/site-packages/airflow/example_dags/tutorial_taskflow_api.py took 0.072 seconds
[2024-02-27T11:12:19.457+0530] {processor.py:161} INFO - Started process (PID=3283) to work on /Users/anikbhowmick/Python/Big_Data_Assignment/A02/airflow_env/lib/python3.11/site-packages/airflow/example_dags/tutorial_taskflow_api.py
[2024-02-27T11:12:19.457+0530] {processor.py:830} INFO - Processing file /Users/anikbhowmick/Python/Big_Data_Assignment/A02/airflow_env/lib/python3.11/site-packages/airflow/example_dags/tutorial_taskflow_api.py for tasks to queue
[2024-02-27T11:12:19.457+0530] {logging_mixin.py:188} INFO - [2024-02-27T11:12:19.457+0530] {dagbag.py:540} INFO - Filling up the DagBag from /Users/anikbhowmick/Python/Big_Data_Assignment/A02/airflow_env/lib/python3.11/site-packages/airflow/example_dags/tutorial_taskflow_api.py
[2024-02-27T11:12:19.468+0530] {processor.py:840} INFO - DAG(s) 'tutorial_taskflow_api' retrieved from /Users/anikbhowmick/Python/Big_Data_Assignment/A02/airflow_env/lib/python3.11/site-packages/airflow/example_dags/tutorial_taskflow_api.py
[2024-02-27T11:12:19.517+0530] {logging_mixin.py:188} INFO - [2024-02-27T11:12:19.517+0530] {dag.py:3047} INFO - Sync 1 DAGs
[2024-02-27T11:12:19.520+0530] {logging_mixin.py:188} INFO - [2024-02-27T11:12:19.520+0530] {dag.py:3834} INFO - Setting next_dagrun for tutorial_taskflow_api to None, run_after=None
[2024-02-27T11:12:19.527+0530] {processor.py:183} INFO - Processing /Users/anikbhowmick/Python/Big_Data_Assignment/A02/airflow_env/lib/python3.11/site-packages/airflow/example_dags/tutorial_taskflow_api.py took 0.070 seconds
[2024-02-27T11:13:13.535+0530] {processor.py:161} INFO - Started process (PID=3320) to work on /Users/anikbhowmick/Python/Big_Data_Assignment/A02/airflow_env/lib/python3.11/site-packages/airflow/example_dags/tutorial_taskflow_api.py
[2024-02-27T11:13:13.536+0530] {processor.py:830} INFO - Processing file /Users/anikbhowmick/Python/Big_Data_Assignment/A02/airflow_env/lib/python3.11/site-packages/airflow/example_dags/tutorial_taskflow_api.py for tasks to queue
[2024-02-27T11:13:13.536+0530] {logging_mixin.py:188} INFO - [2024-02-27T11:13:13.536+0530] {dagbag.py:540} INFO - Filling up the DagBag from /Users/anikbhowmick/Python/Big_Data_Assignment/A02/airflow_env/lib/python3.11/site-packages/airflow/example_dags/tutorial_taskflow_api.py
[2024-02-27T11:13:13.547+0530] {processor.py:840} INFO - DAG(s) 'tutorial_taskflow_api' retrieved from /Users/anikbhowmick/Python/Big_Data_Assignment/A02/airflow_env/lib/python3.11/site-packages/airflow/example_dags/tutorial_taskflow_api.py
[2024-02-27T11:13:13.597+0530] {logging_mixin.py:188} INFO - [2024-02-27T11:13:13.596+0530] {dag.py:3047} INFO - Sync 1 DAGs
[2024-02-27T11:13:13.600+0530] {logging_mixin.py:188} INFO - [2024-02-27T11:13:13.600+0530] {dag.py:3834} INFO - Setting next_dagrun for tutorial_taskflow_api to None, run_after=None
[2024-02-27T11:13:13.606+0530] {processor.py:183} INFO - Processing /Users/anikbhowmick/Python/Big_Data_Assignment/A02/airflow_env/lib/python3.11/site-packages/airflow/example_dags/tutorial_taskflow_api.py took 0.071 seconds
[2024-02-27T11:14:11.044+0530] {processor.py:161} INFO - Started process (PID=3387) to work on /Users/anikbhowmick/Python/Big_Data_Assignment/A02/airflow_env/lib/python3.11/site-packages/airflow/example_dags/tutorial_taskflow_api.py
[2024-02-27T11:14:11.044+0530] {processor.py:830} INFO - Processing file /Users/anikbhowmick/Python/Big_Data_Assignment/A02/airflow_env/lib/python3.11/site-packages/airflow/example_dags/tutorial_taskflow_api.py for tasks to queue
[2024-02-27T11:14:11.044+0530] {logging_mixin.py:188} INFO - [2024-02-27T11:14:11.044+0530] {dagbag.py:540} INFO - Filling up the DagBag from /Users/anikbhowmick/Python/Big_Data_Assignment/A02/airflow_env/lib/python3.11/site-packages/airflow/example_dags/tutorial_taskflow_api.py
[2024-02-27T11:14:11.055+0530] {processor.py:840} INFO - DAG(s) 'tutorial_taskflow_api' retrieved from /Users/anikbhowmick/Python/Big_Data_Assignment/A02/airflow_env/lib/python3.11/site-packages/airflow/example_dags/tutorial_taskflow_api.py
[2024-02-27T11:14:11.105+0530] {logging_mixin.py:188} INFO - [2024-02-27T11:14:11.105+0530] {dag.py:3047} INFO - Sync 1 DAGs
[2024-02-27T11:14:11.108+0530] {logging_mixin.py:188} INFO - [2024-02-27T11:14:11.108+0530] {dag.py:3834} INFO - Setting next_dagrun for tutorial_taskflow_api to None, run_after=None
[2024-02-27T11:14:11.115+0530] {processor.py:183} INFO - Processing /Users/anikbhowmick/Python/Big_Data_Assignment/A02/airflow_env/lib/python3.11/site-packages/airflow/example_dags/tutorial_taskflow_api.py took 0.071 seconds
[2024-02-27T11:15:04.845+0530] {processor.py:161} INFO - Started process (PID=3421) to work on /Users/anikbhowmick/Python/Big_Data_Assignment/A02/airflow_env/lib/python3.11/site-packages/airflow/example_dags/tutorial_taskflow_api.py
[2024-02-27T11:15:04.845+0530] {processor.py:830} INFO - Processing file /Users/anikbhowmick/Python/Big_Data_Assignment/A02/airflow_env/lib/python3.11/site-packages/airflow/example_dags/tutorial_taskflow_api.py for tasks to queue
[2024-02-27T11:15:04.845+0530] {logging_mixin.py:188} INFO - [2024-02-27T11:15:04.845+0530] {dagbag.py:540} INFO - Filling up the DagBag from /Users/anikbhowmick/Python/Big_Data_Assignment/A02/airflow_env/lib/python3.11/site-packages/airflow/example_dags/tutorial_taskflow_api.py
[2024-02-27T11:15:04.857+0530] {processor.py:840} INFO - DAG(s) 'tutorial_taskflow_api' retrieved from /Users/anikbhowmick/Python/Big_Data_Assignment/A02/airflow_env/lib/python3.11/site-packages/airflow/example_dags/tutorial_taskflow_api.py
[2024-02-27T11:15:04.907+0530] {logging_mixin.py:188} INFO - [2024-02-27T11:15:04.907+0530] {dag.py:3047} INFO - Sync 1 DAGs
[2024-02-27T11:15:04.910+0530] {logging_mixin.py:188} INFO - [2024-02-27T11:15:04.910+0530] {dag.py:3834} INFO - Setting next_dagrun for tutorial_taskflow_api to None, run_after=None
[2024-02-27T11:15:04.916+0530] {processor.py:183} INFO - Processing /Users/anikbhowmick/Python/Big_Data_Assignment/A02/airflow_env/lib/python3.11/site-packages/airflow/example_dags/tutorial_taskflow_api.py took 0.072 seconds
[2024-02-27T11:15:54.205+0530] {processor.py:161} INFO - Started process (PID=3455) to work on /Users/anikbhowmick/Python/Big_Data_Assignment/A02/airflow_env/lib/python3.11/site-packages/airflow/example_dags/tutorial_taskflow_api.py
[2024-02-27T11:15:54.206+0530] {processor.py:830} INFO - Processing file /Users/anikbhowmick/Python/Big_Data_Assignment/A02/airflow_env/lib/python3.11/site-packages/airflow/example_dags/tutorial_taskflow_api.py for tasks to queue
[2024-02-27T11:15:54.206+0530] {logging_mixin.py:188} INFO - [2024-02-27T11:15:54.206+0530] {dagbag.py:540} INFO - Filling up the DagBag from /Users/anikbhowmick/Python/Big_Data_Assignment/A02/airflow_env/lib/python3.11/site-packages/airflow/example_dags/tutorial_taskflow_api.py
[2024-02-27T11:15:54.217+0530] {processor.py:840} INFO - DAG(s) 'tutorial_taskflow_api' retrieved from /Users/anikbhowmick/Python/Big_Data_Assignment/A02/airflow_env/lib/python3.11/site-packages/airflow/example_dags/tutorial_taskflow_api.py
[2024-02-27T11:15:54.267+0530] {logging_mixin.py:188} INFO - [2024-02-27T11:15:54.267+0530] {dag.py:3047} INFO - Sync 1 DAGs
[2024-02-27T11:15:54.270+0530] {logging_mixin.py:188} INFO - [2024-02-27T11:15:54.270+0530] {dag.py:3834} INFO - Setting next_dagrun for tutorial_taskflow_api to None, run_after=None
[2024-02-27T11:15:54.276+0530] {processor.py:183} INFO - Processing /Users/anikbhowmick/Python/Big_Data_Assignment/A02/airflow_env/lib/python3.11/site-packages/airflow/example_dags/tutorial_taskflow_api.py took 0.071 seconds
[2024-02-27T11:16:45.149+0530] {processor.py:161} INFO - Started process (PID=3494) to work on /Users/anikbhowmick/Python/Big_Data_Assignment/A02/airflow_env/lib/python3.11/site-packages/airflow/example_dags/tutorial_taskflow_api.py
[2024-02-27T11:16:45.149+0530] {processor.py:830} INFO - Processing file /Users/anikbhowmick/Python/Big_Data_Assignment/A02/airflow_env/lib/python3.11/site-packages/airflow/example_dags/tutorial_taskflow_api.py for tasks to queue
[2024-02-27T11:16:45.149+0530] {logging_mixin.py:188} INFO - [2024-02-27T11:16:45.149+0530] {dagbag.py:540} INFO - Filling up the DagBag from /Users/anikbhowmick/Python/Big_Data_Assignment/A02/airflow_env/lib/python3.11/site-packages/airflow/example_dags/tutorial_taskflow_api.py
[2024-02-27T11:16:45.160+0530] {processor.py:840} INFO - DAG(s) 'tutorial_taskflow_api' retrieved from /Users/anikbhowmick/Python/Big_Data_Assignment/A02/airflow_env/lib/python3.11/site-packages/airflow/example_dags/tutorial_taskflow_api.py
[2024-02-27T11:16:45.210+0530] {logging_mixin.py:188} INFO - [2024-02-27T11:16:45.210+0530] {dag.py:3047} INFO - Sync 1 DAGs
[2024-02-27T11:16:45.214+0530] {logging_mixin.py:188} INFO - [2024-02-27T11:16:45.213+0530] {dag.py:3834} INFO - Setting next_dagrun for tutorial_taskflow_api to None, run_after=None
[2024-02-27T11:16:45.220+0530] {processor.py:183} INFO - Processing /Users/anikbhowmick/Python/Big_Data_Assignment/A02/airflow_env/lib/python3.11/site-packages/airflow/example_dags/tutorial_taskflow_api.py took 0.071 seconds
[2024-02-27T11:17:42.483+0530] {processor.py:161} INFO - Started process (PID=3530) to work on /Users/anikbhowmick/Python/Big_Data_Assignment/A02/airflow_env/lib/python3.11/site-packages/airflow/example_dags/tutorial_taskflow_api.py
[2024-02-27T11:17:42.483+0530] {processor.py:830} INFO - Processing file /Users/anikbhowmick/Python/Big_Data_Assignment/A02/airflow_env/lib/python3.11/site-packages/airflow/example_dags/tutorial_taskflow_api.py for tasks to queue
[2024-02-27T11:17:42.483+0530] {logging_mixin.py:188} INFO - [2024-02-27T11:17:42.483+0530] {dagbag.py:540} INFO - Filling up the DagBag from /Users/anikbhowmick/Python/Big_Data_Assignment/A02/airflow_env/lib/python3.11/site-packages/airflow/example_dags/tutorial_taskflow_api.py
[2024-02-27T11:17:42.495+0530] {processor.py:840} INFO - DAG(s) 'tutorial_taskflow_api' retrieved from /Users/anikbhowmick/Python/Big_Data_Assignment/A02/airflow_env/lib/python3.11/site-packages/airflow/example_dags/tutorial_taskflow_api.py
[2024-02-27T11:17:42.545+0530] {logging_mixin.py:188} INFO - [2024-02-27T11:17:42.545+0530] {dag.py:3047} INFO - Sync 1 DAGs
[2024-02-27T11:17:42.548+0530] {logging_mixin.py:188} INFO - [2024-02-27T11:17:42.548+0530] {dag.py:3834} INFO - Setting next_dagrun for tutorial_taskflow_api to None, run_after=None
[2024-02-27T11:17:42.554+0530] {processor.py:183} INFO - Processing /Users/anikbhowmick/Python/Big_Data_Assignment/A02/airflow_env/lib/python3.11/site-packages/airflow/example_dags/tutorial_taskflow_api.py took 0.072 seconds
[2024-02-27T11:18:39.699+0530] {processor.py:161} INFO - Started process (PID=3566) to work on /Users/anikbhowmick/Python/Big_Data_Assignment/A02/airflow_env/lib/python3.11/site-packages/airflow/example_dags/tutorial_taskflow_api.py
[2024-02-27T11:18:39.700+0530] {processor.py:830} INFO - Processing file /Users/anikbhowmick/Python/Big_Data_Assignment/A02/airflow_env/lib/python3.11/site-packages/airflow/example_dags/tutorial_taskflow_api.py for tasks to queue
[2024-02-27T11:18:39.700+0530] {logging_mixin.py:188} INFO - [2024-02-27T11:18:39.700+0530] {dagbag.py:540} INFO - Filling up the DagBag from /Users/anikbhowmick/Python/Big_Data_Assignment/A02/airflow_env/lib/python3.11/site-packages/airflow/example_dags/tutorial_taskflow_api.py
[2024-02-27T11:18:39.711+0530] {processor.py:840} INFO - DAG(s) 'tutorial_taskflow_api' retrieved from /Users/anikbhowmick/Python/Big_Data_Assignment/A02/airflow_env/lib/python3.11/site-packages/airflow/example_dags/tutorial_taskflow_api.py
[2024-02-27T11:18:39.761+0530] {logging_mixin.py:188} INFO - [2024-02-27T11:18:39.760+0530] {dag.py:3047} INFO - Sync 1 DAGs
[2024-02-27T11:18:39.764+0530] {logging_mixin.py:188} INFO - [2024-02-27T11:18:39.764+0530] {dag.py:3834} INFO - Setting next_dagrun for tutorial_taskflow_api to None, run_after=None
[2024-02-27T11:18:39.770+0530] {processor.py:183} INFO - Processing /Users/anikbhowmick/Python/Big_Data_Assignment/A02/airflow_env/lib/python3.11/site-packages/airflow/example_dags/tutorial_taskflow_api.py took 0.071 seconds
[2024-02-27T11:19:50.939+0530] {processor.py:161} INFO - Started process (PID=3652) to work on /Users/anikbhowmick/Python/Big_Data_Assignment/A02/airflow_env/lib/python3.11/site-packages/airflow/example_dags/tutorial_taskflow_api.py
[2024-02-27T11:19:50.940+0530] {processor.py:830} INFO - Processing file /Users/anikbhowmick/Python/Big_Data_Assignment/A02/airflow_env/lib/python3.11/site-packages/airflow/example_dags/tutorial_taskflow_api.py for tasks to queue
[2024-02-27T11:19:50.941+0530] {logging_mixin.py:188} INFO - [2024-02-27T11:19:50.940+0530] {dagbag.py:540} INFO - Filling up the DagBag from /Users/anikbhowmick/Python/Big_Data_Assignment/A02/airflow_env/lib/python3.11/site-packages/airflow/example_dags/tutorial_taskflow_api.py
[2024-02-27T11:19:50.951+0530] {processor.py:840} INFO - DAG(s) 'tutorial_taskflow_api' retrieved from /Users/anikbhowmick/Python/Big_Data_Assignment/A02/airflow_env/lib/python3.11/site-packages/airflow/example_dags/tutorial_taskflow_api.py
[2024-02-27T11:19:51.000+0530] {logging_mixin.py:188} INFO - [2024-02-27T11:19:51.000+0530] {dag.py:3047} INFO - Sync 1 DAGs
[2024-02-27T11:19:51.003+0530] {logging_mixin.py:188} INFO - [2024-02-27T11:19:51.003+0530] {dag.py:3834} INFO - Setting next_dagrun for tutorial_taskflow_api to None, run_after=None
[2024-02-27T11:19:51.009+0530] {processor.py:183} INFO - Processing /Users/anikbhowmick/Python/Big_Data_Assignment/A02/airflow_env/lib/python3.11/site-packages/airflow/example_dags/tutorial_taskflow_api.py took 0.071 seconds
[2024-02-27T11:21:15.853+0530] {processor.py:161} INFO - Started process (PID=3707) to work on /Users/anikbhowmick/Python/Big_Data_Assignment/A02/airflow_env/lib/python3.11/site-packages/airflow/example_dags/tutorial_taskflow_api.py
[2024-02-27T11:21:15.855+0530] {processor.py:830} INFO - Processing file /Users/anikbhowmick/Python/Big_Data_Assignment/A02/airflow_env/lib/python3.11/site-packages/airflow/example_dags/tutorial_taskflow_api.py for tasks to queue
[2024-02-27T11:21:15.855+0530] {logging_mixin.py:188} INFO - [2024-02-27T11:21:15.855+0530] {dagbag.py:540} INFO - Filling up the DagBag from /Users/anikbhowmick/Python/Big_Data_Assignment/A02/airflow_env/lib/python3.11/site-packages/airflow/example_dags/tutorial_taskflow_api.py
[2024-02-27T11:21:15.866+0530] {processor.py:840} INFO - DAG(s) 'tutorial_taskflow_api' retrieved from /Users/anikbhowmick/Python/Big_Data_Assignment/A02/airflow_env/lib/python3.11/site-packages/airflow/example_dags/tutorial_taskflow_api.py
[2024-02-27T11:21:15.915+0530] {logging_mixin.py:188} INFO - [2024-02-27T11:21:15.915+0530] {dag.py:3047} INFO - Sync 1 DAGs
[2024-02-27T11:21:15.918+0530] {logging_mixin.py:188} INFO - [2024-02-27T11:21:15.918+0530] {dag.py:3834} INFO - Setting next_dagrun for tutorial_taskflow_api to None, run_after=None
[2024-02-27T11:21:15.924+0530] {processor.py:183} INFO - Processing /Users/anikbhowmick/Python/Big_Data_Assignment/A02/airflow_env/lib/python3.11/site-packages/airflow/example_dags/tutorial_taskflow_api.py took 0.072 seconds
[2024-02-27T11:22:15.950+0530] {processor.py:161} INFO - Started process (PID=3773) to work on /Users/anikbhowmick/Python/Big_Data_Assignment/A02/airflow_env/lib/python3.11/site-packages/airflow/example_dags/tutorial_taskflow_api.py
[2024-02-27T11:22:15.951+0530] {processor.py:830} INFO - Processing file /Users/anikbhowmick/Python/Big_Data_Assignment/A02/airflow_env/lib/python3.11/site-packages/airflow/example_dags/tutorial_taskflow_api.py for tasks to queue
[2024-02-27T11:22:15.951+0530] {logging_mixin.py:188} INFO - [2024-02-27T11:22:15.951+0530] {dagbag.py:540} INFO - Filling up the DagBag from /Users/anikbhowmick/Python/Big_Data_Assignment/A02/airflow_env/lib/python3.11/site-packages/airflow/example_dags/tutorial_taskflow_api.py
[2024-02-27T11:22:15.962+0530] {processor.py:840} INFO - DAG(s) 'tutorial_taskflow_api' retrieved from /Users/anikbhowmick/Python/Big_Data_Assignment/A02/airflow_env/lib/python3.11/site-packages/airflow/example_dags/tutorial_taskflow_api.py
[2024-02-27T11:22:16.013+0530] {logging_mixin.py:188} INFO - [2024-02-27T11:22:16.013+0530] {dag.py:3047} INFO - Sync 1 DAGs
[2024-02-27T11:22:16.016+0530] {logging_mixin.py:188} INFO - [2024-02-27T11:22:16.016+0530] {dag.py:3834} INFO - Setting next_dagrun for tutorial_taskflow_api to None, run_after=None
[2024-02-27T11:22:16.023+0530] {processor.py:183} INFO - Processing /Users/anikbhowmick/Python/Big_Data_Assignment/A02/airflow_env/lib/python3.11/site-packages/airflow/example_dags/tutorial_taskflow_api.py took 0.073 seconds
[2024-02-27T11:23:50.726+0530] {processor.py:161} INFO - Started process (PID=3872) to work on /Users/anikbhowmick/Python/Big_Data_Assignment/A02/airflow_env/lib/python3.11/site-packages/airflow/example_dags/tutorial_taskflow_api.py
[2024-02-27T11:23:50.727+0530] {processor.py:830} INFO - Processing file /Users/anikbhowmick/Python/Big_Data_Assignment/A02/airflow_env/lib/python3.11/site-packages/airflow/example_dags/tutorial_taskflow_api.py for tasks to queue
[2024-02-27T11:23:50.727+0530] {logging_mixin.py:188} INFO - [2024-02-27T11:23:50.727+0530] {dagbag.py:540} INFO - Filling up the DagBag from /Users/anikbhowmick/Python/Big_Data_Assignment/A02/airflow_env/lib/python3.11/site-packages/airflow/example_dags/tutorial_taskflow_api.py
[2024-02-27T11:23:50.738+0530] {processor.py:840} INFO - DAG(s) 'tutorial_taskflow_api' retrieved from /Users/anikbhowmick/Python/Big_Data_Assignment/A02/airflow_env/lib/python3.11/site-packages/airflow/example_dags/tutorial_taskflow_api.py
[2024-02-27T11:23:50.787+0530] {logging_mixin.py:188} INFO - [2024-02-27T11:23:50.787+0530] {dag.py:3047} INFO - Sync 1 DAGs
[2024-02-27T11:23:50.790+0530] {logging_mixin.py:188} INFO - [2024-02-27T11:23:50.790+0530] {dag.py:3834} INFO - Setting next_dagrun for tutorial_taskflow_api to None, run_after=None
[2024-02-27T11:23:50.797+0530] {processor.py:183} INFO - Processing /Users/anikbhowmick/Python/Big_Data_Assignment/A02/airflow_env/lib/python3.11/site-packages/airflow/example_dags/tutorial_taskflow_api.py took 0.071 seconds
[2024-02-27T11:25:29.522+0530] {processor.py:161} INFO - Started process (PID=3950) to work on /Users/anikbhowmick/Python/Big_Data_Assignment/A02/airflow_env/lib/python3.11/site-packages/airflow/example_dags/tutorial_taskflow_api.py
[2024-02-27T11:25:29.523+0530] {processor.py:830} INFO - Processing file /Users/anikbhowmick/Python/Big_Data_Assignment/A02/airflow_env/lib/python3.11/site-packages/airflow/example_dags/tutorial_taskflow_api.py for tasks to queue
[2024-02-27T11:25:29.523+0530] {logging_mixin.py:188} INFO - [2024-02-27T11:25:29.523+0530] {dagbag.py:540} INFO - Filling up the DagBag from /Users/anikbhowmick/Python/Big_Data_Assignment/A02/airflow_env/lib/python3.11/site-packages/airflow/example_dags/tutorial_taskflow_api.py
[2024-02-27T11:25:29.534+0530] {processor.py:840} INFO - DAG(s) 'tutorial_taskflow_api' retrieved from /Users/anikbhowmick/Python/Big_Data_Assignment/A02/airflow_env/lib/python3.11/site-packages/airflow/example_dags/tutorial_taskflow_api.py
[2024-02-27T11:25:29.583+0530] {logging_mixin.py:188} INFO - [2024-02-27T11:25:29.583+0530] {dag.py:3047} INFO - Sync 1 DAGs
[2024-02-27T11:25:29.587+0530] {logging_mixin.py:188} INFO - [2024-02-27T11:25:29.587+0530] {dag.py:3834} INFO - Setting next_dagrun for tutorial_taskflow_api to None, run_after=None
[2024-02-27T11:25:29.593+0530] {processor.py:183} INFO - Processing /Users/anikbhowmick/Python/Big_Data_Assignment/A02/airflow_env/lib/python3.11/site-packages/airflow/example_dags/tutorial_taskflow_api.py took 0.072 seconds
[2024-02-27T11:26:22.582+0530] {processor.py:161} INFO - Started process (PID=3990) to work on /Users/anikbhowmick/Python/Big_Data_Assignment/A02/airflow_env/lib/python3.11/site-packages/airflow/example_dags/tutorial_taskflow_api.py
[2024-02-27T11:26:22.583+0530] {processor.py:830} INFO - Processing file /Users/anikbhowmick/Python/Big_Data_Assignment/A02/airflow_env/lib/python3.11/site-packages/airflow/example_dags/tutorial_taskflow_api.py for tasks to queue
[2024-02-27T11:26:22.583+0530] {logging_mixin.py:188} INFO - [2024-02-27T11:26:22.583+0530] {dagbag.py:540} INFO - Filling up the DagBag from /Users/anikbhowmick/Python/Big_Data_Assignment/A02/airflow_env/lib/python3.11/site-packages/airflow/example_dags/tutorial_taskflow_api.py
[2024-02-27T11:26:22.594+0530] {processor.py:840} INFO - DAG(s) 'tutorial_taskflow_api' retrieved from /Users/anikbhowmick/Python/Big_Data_Assignment/A02/airflow_env/lib/python3.11/site-packages/airflow/example_dags/tutorial_taskflow_api.py
[2024-02-27T11:26:22.645+0530] {logging_mixin.py:188} INFO - [2024-02-27T11:26:22.645+0530] {dag.py:3047} INFO - Sync 1 DAGs
[2024-02-27T11:26:22.648+0530] {logging_mixin.py:188} INFO - [2024-02-27T11:26:22.648+0530] {dag.py:3834} INFO - Setting next_dagrun for tutorial_taskflow_api to None, run_after=None
[2024-02-27T11:26:22.654+0530] {processor.py:183} INFO - Processing /Users/anikbhowmick/Python/Big_Data_Assignment/A02/airflow_env/lib/python3.11/site-packages/airflow/example_dags/tutorial_taskflow_api.py took 0.073 seconds
[2024-02-27T11:27:13.170+0530] {processor.py:161} INFO - Started process (PID=4022) to work on /Users/anikbhowmick/Python/Big_Data_Assignment/A02/airflow_env/lib/python3.11/site-packages/airflow/example_dags/tutorial_taskflow_api.py
[2024-02-27T11:27:13.171+0530] {processor.py:830} INFO - Processing file /Users/anikbhowmick/Python/Big_Data_Assignment/A02/airflow_env/lib/python3.11/site-packages/airflow/example_dags/tutorial_taskflow_api.py for tasks to queue
[2024-02-27T11:27:13.171+0530] {logging_mixin.py:188} INFO - [2024-02-27T11:27:13.171+0530] {dagbag.py:540} INFO - Filling up the DagBag from /Users/anikbhowmick/Python/Big_Data_Assignment/A02/airflow_env/lib/python3.11/site-packages/airflow/example_dags/tutorial_taskflow_api.py
[2024-02-27T11:27:13.183+0530] {processor.py:840} INFO - DAG(s) 'tutorial_taskflow_api' retrieved from /Users/anikbhowmick/Python/Big_Data_Assignment/A02/airflow_env/lib/python3.11/site-packages/airflow/example_dags/tutorial_taskflow_api.py
[2024-02-27T11:27:13.232+0530] {logging_mixin.py:188} INFO - [2024-02-27T11:27:13.232+0530] {dag.py:3047} INFO - Sync 1 DAGs
[2024-02-27T11:27:13.235+0530] {logging_mixin.py:188} INFO - [2024-02-27T11:27:13.235+0530] {dag.py:3834} INFO - Setting next_dagrun for tutorial_taskflow_api to None, run_after=None
[2024-02-27T11:27:13.242+0530] {processor.py:183} INFO - Processing /Users/anikbhowmick/Python/Big_Data_Assignment/A02/airflow_env/lib/python3.11/site-packages/airflow/example_dags/tutorial_taskflow_api.py took 0.072 seconds
[2024-02-27T11:27:47.004+0530] {processor.py:161} INFO - Started process (PID=4074) to work on /Users/anikbhowmick/Python/Big_Data_Assignment/A02/airflow_env/lib/python3.11/site-packages/airflow/example_dags/tutorial_taskflow_api.py
[2024-02-27T11:27:47.005+0530] {processor.py:830} INFO - Processing file /Users/anikbhowmick/Python/Big_Data_Assignment/A02/airflow_env/lib/python3.11/site-packages/airflow/example_dags/tutorial_taskflow_api.py for tasks to queue
[2024-02-27T11:27:47.005+0530] {logging_mixin.py:188} INFO - [2024-02-27T11:27:47.005+0530] {dagbag.py:540} INFO - Filling up the DagBag from /Users/anikbhowmick/Python/Big_Data_Assignment/A02/airflow_env/lib/python3.11/site-packages/airflow/example_dags/tutorial_taskflow_api.py
[2024-02-27T11:27:47.016+0530] {processor.py:840} INFO - DAG(s) 'tutorial_taskflow_api' retrieved from /Users/anikbhowmick/Python/Big_Data_Assignment/A02/airflow_env/lib/python3.11/site-packages/airflow/example_dags/tutorial_taskflow_api.py
[2024-02-27T11:27:47.065+0530] {logging_mixin.py:188} INFO - [2024-02-27T11:27:47.064+0530] {dag.py:3047} INFO - Sync 1 DAGs
[2024-02-27T11:27:47.068+0530] {logging_mixin.py:188} INFO - [2024-02-27T11:27:47.068+0530] {dag.py:3834} INFO - Setting next_dagrun for tutorial_taskflow_api to None, run_after=None
[2024-02-27T11:27:47.074+0530] {processor.py:183} INFO - Processing /Users/anikbhowmick/Python/Big_Data_Assignment/A02/airflow_env/lib/python3.11/site-packages/airflow/example_dags/tutorial_taskflow_api.py took 0.070 seconds
[2024-02-27T11:29:22.721+0530] {processor.py:161} INFO - Started process (PID=4178) to work on /Users/anikbhowmick/Python/Big_Data_Assignment/A02/airflow_env/lib/python3.11/site-packages/airflow/example_dags/tutorial_taskflow_api.py
[2024-02-27T11:29:22.722+0530] {processor.py:830} INFO - Processing file /Users/anikbhowmick/Python/Big_Data_Assignment/A02/airflow_env/lib/python3.11/site-packages/airflow/example_dags/tutorial_taskflow_api.py for tasks to queue
[2024-02-27T11:29:22.722+0530] {logging_mixin.py:188} INFO - [2024-02-27T11:29:22.722+0530] {dagbag.py:540} INFO - Filling up the DagBag from /Users/anikbhowmick/Python/Big_Data_Assignment/A02/airflow_env/lib/python3.11/site-packages/airflow/example_dags/tutorial_taskflow_api.py
[2024-02-27T11:29:22.733+0530] {processor.py:840} INFO - DAG(s) 'tutorial_taskflow_api' retrieved from /Users/anikbhowmick/Python/Big_Data_Assignment/A02/airflow_env/lib/python3.11/site-packages/airflow/example_dags/tutorial_taskflow_api.py
[2024-02-27T11:29:22.784+0530] {logging_mixin.py:188} INFO - [2024-02-27T11:29:22.784+0530] {dag.py:3047} INFO - Sync 1 DAGs
[2024-02-27T11:29:22.788+0530] {logging_mixin.py:188} INFO - [2024-02-27T11:29:22.788+0530] {dag.py:3834} INFO - Setting next_dagrun for tutorial_taskflow_api to None, run_after=None
[2024-02-27T11:29:22.794+0530] {processor.py:183} INFO - Processing /Users/anikbhowmick/Python/Big_Data_Assignment/A02/airflow_env/lib/python3.11/site-packages/airflow/example_dags/tutorial_taskflow_api.py took 0.073 seconds
[2024-02-27T11:30:16.578+0530] {processor.py:161} INFO - Started process (PID=4219) to work on /Users/anikbhowmick/Python/Big_Data_Assignment/A02/airflow_env/lib/python3.11/site-packages/airflow/example_dags/tutorial_taskflow_api.py
[2024-02-27T11:30:16.578+0530] {processor.py:830} INFO - Processing file /Users/anikbhowmick/Python/Big_Data_Assignment/A02/airflow_env/lib/python3.11/site-packages/airflow/example_dags/tutorial_taskflow_api.py for tasks to queue
[2024-02-27T11:30:16.578+0530] {logging_mixin.py:188} INFO - [2024-02-27T11:30:16.578+0530] {dagbag.py:540} INFO - Filling up the DagBag from /Users/anikbhowmick/Python/Big_Data_Assignment/A02/airflow_env/lib/python3.11/site-packages/airflow/example_dags/tutorial_taskflow_api.py
[2024-02-27T11:30:16.590+0530] {processor.py:840} INFO - DAG(s) 'tutorial_taskflow_api' retrieved from /Users/anikbhowmick/Python/Big_Data_Assignment/A02/airflow_env/lib/python3.11/site-packages/airflow/example_dags/tutorial_taskflow_api.py
[2024-02-27T11:30:16.639+0530] {logging_mixin.py:188} INFO - [2024-02-27T11:30:16.638+0530] {dag.py:3047} INFO - Sync 1 DAGs
[2024-02-27T11:30:16.642+0530] {logging_mixin.py:188} INFO - [2024-02-27T11:30:16.642+0530] {dag.py:3834} INFO - Setting next_dagrun for tutorial_taskflow_api to None, run_after=None
[2024-02-27T11:30:16.648+0530] {processor.py:183} INFO - Processing /Users/anikbhowmick/Python/Big_Data_Assignment/A02/airflow_env/lib/python3.11/site-packages/airflow/example_dags/tutorial_taskflow_api.py took 0.070 seconds
[2024-02-27T11:31:08.251+0530] {processor.py:161} INFO - Started process (PID=4250) to work on /Users/anikbhowmick/Python/Big_Data_Assignment/A02/airflow_env/lib/python3.11/site-packages/airflow/example_dags/tutorial_taskflow_api.py
[2024-02-27T11:31:08.252+0530] {processor.py:830} INFO - Processing file /Users/anikbhowmick/Python/Big_Data_Assignment/A02/airflow_env/lib/python3.11/site-packages/airflow/example_dags/tutorial_taskflow_api.py for tasks to queue
[2024-02-27T11:31:08.252+0530] {logging_mixin.py:188} INFO - [2024-02-27T11:31:08.252+0530] {dagbag.py:540} INFO - Filling up the DagBag from /Users/anikbhowmick/Python/Big_Data_Assignment/A02/airflow_env/lib/python3.11/site-packages/airflow/example_dags/tutorial_taskflow_api.py
[2024-02-27T11:31:08.264+0530] {processor.py:840} INFO - DAG(s) 'tutorial_taskflow_api' retrieved from /Users/anikbhowmick/Python/Big_Data_Assignment/A02/airflow_env/lib/python3.11/site-packages/airflow/example_dags/tutorial_taskflow_api.py
[2024-02-27T11:31:08.315+0530] {logging_mixin.py:188} INFO - [2024-02-27T11:31:08.315+0530] {dag.py:3047} INFO - Sync 1 DAGs
[2024-02-27T11:31:08.318+0530] {logging_mixin.py:188} INFO - [2024-02-27T11:31:08.318+0530] {dag.py:3834} INFO - Setting next_dagrun for tutorial_taskflow_api to None, run_after=None
[2024-02-27T11:31:08.324+0530] {processor.py:183} INFO - Processing /Users/anikbhowmick/Python/Big_Data_Assignment/A02/airflow_env/lib/python3.11/site-packages/airflow/example_dags/tutorial_taskflow_api.py took 0.074 seconds
[2024-02-27T11:32:00.253+0530] {processor.py:161} INFO - Started process (PID=4289) to work on /Users/anikbhowmick/Python/Big_Data_Assignment/A02/airflow_env/lib/python3.11/site-packages/airflow/example_dags/tutorial_taskflow_api.py
[2024-02-27T11:32:00.255+0530] {processor.py:830} INFO - Processing file /Users/anikbhowmick/Python/Big_Data_Assignment/A02/airflow_env/lib/python3.11/site-packages/airflow/example_dags/tutorial_taskflow_api.py for tasks to queue
[2024-02-27T11:32:00.255+0530] {logging_mixin.py:188} INFO - [2024-02-27T11:32:00.255+0530] {dagbag.py:540} INFO - Filling up the DagBag from /Users/anikbhowmick/Python/Big_Data_Assignment/A02/airflow_env/lib/python3.11/site-packages/airflow/example_dags/tutorial_taskflow_api.py
[2024-02-27T11:32:00.265+0530] {processor.py:840} INFO - DAG(s) 'tutorial_taskflow_api' retrieved from /Users/anikbhowmick/Python/Big_Data_Assignment/A02/airflow_env/lib/python3.11/site-packages/airflow/example_dags/tutorial_taskflow_api.py
[2024-02-27T11:32:00.314+0530] {logging_mixin.py:188} INFO - [2024-02-27T11:32:00.313+0530] {dag.py:3047} INFO - Sync 1 DAGs
[2024-02-27T11:32:00.317+0530] {logging_mixin.py:188} INFO - [2024-02-27T11:32:00.317+0530] {dag.py:3834} INFO - Setting next_dagrun for tutorial_taskflow_api to None, run_after=None
[2024-02-27T11:32:00.323+0530] {processor.py:183} INFO - Processing /Users/anikbhowmick/Python/Big_Data_Assignment/A02/airflow_env/lib/python3.11/site-packages/airflow/example_dags/tutorial_taskflow_api.py took 0.069 seconds
[2024-02-27T11:33:26.895+0530] {processor.py:161} INFO - Started process (PID=4379) to work on /Users/anikbhowmick/Python/Big_Data_Assignment/A02/airflow_env/lib/python3.11/site-packages/airflow/example_dags/tutorial_taskflow_api.py
[2024-02-27T11:33:26.895+0530] {processor.py:830} INFO - Processing file /Users/anikbhowmick/Python/Big_Data_Assignment/A02/airflow_env/lib/python3.11/site-packages/airflow/example_dags/tutorial_taskflow_api.py for tasks to queue
[2024-02-27T11:33:26.896+0530] {logging_mixin.py:188} INFO - [2024-02-27T11:33:26.896+0530] {dagbag.py:540} INFO - Filling up the DagBag from /Users/anikbhowmick/Python/Big_Data_Assignment/A02/airflow_env/lib/python3.11/site-packages/airflow/example_dags/tutorial_taskflow_api.py
[2024-02-27T11:33:26.906+0530] {processor.py:840} INFO - DAG(s) 'tutorial_taskflow_api' retrieved from /Users/anikbhowmick/Python/Big_Data_Assignment/A02/airflow_env/lib/python3.11/site-packages/airflow/example_dags/tutorial_taskflow_api.py
[2024-02-27T11:33:26.956+0530] {logging_mixin.py:188} INFO - [2024-02-27T11:33:26.956+0530] {dag.py:3047} INFO - Sync 1 DAGs
[2024-02-27T11:33:26.959+0530] {logging_mixin.py:188} INFO - [2024-02-27T11:33:26.959+0530] {dag.py:3834} INFO - Setting next_dagrun for tutorial_taskflow_api to None, run_after=None
[2024-02-27T11:33:26.965+0530] {processor.py:183} INFO - Processing /Users/anikbhowmick/Python/Big_Data_Assignment/A02/airflow_env/lib/python3.11/site-packages/airflow/example_dags/tutorial_taskflow_api.py took 0.071 seconds
[2024-02-27T11:35:02.495+0530] {processor.py:161} INFO - Started process (PID=4469) to work on /Users/anikbhowmick/Python/Big_Data_Assignment/A02/airflow_env/lib/python3.11/site-packages/airflow/example_dags/tutorial_taskflow_api.py
[2024-02-27T11:35:02.496+0530] {processor.py:830} INFO - Processing file /Users/anikbhowmick/Python/Big_Data_Assignment/A02/airflow_env/lib/python3.11/site-packages/airflow/example_dags/tutorial_taskflow_api.py for tasks to queue
[2024-02-27T11:35:02.497+0530] {logging_mixin.py:188} INFO - [2024-02-27T11:35:02.497+0530] {dagbag.py:540} INFO - Filling up the DagBag from /Users/anikbhowmick/Python/Big_Data_Assignment/A02/airflow_env/lib/python3.11/site-packages/airflow/example_dags/tutorial_taskflow_api.py
[2024-02-27T11:35:02.508+0530] {processor.py:840} INFO - DAG(s) 'tutorial_taskflow_api' retrieved from /Users/anikbhowmick/Python/Big_Data_Assignment/A02/airflow_env/lib/python3.11/site-packages/airflow/example_dags/tutorial_taskflow_api.py
[2024-02-27T11:35:02.559+0530] {logging_mixin.py:188} INFO - [2024-02-27T11:35:02.559+0530] {dag.py:3047} INFO - Sync 1 DAGs
[2024-02-27T11:35:02.563+0530] {logging_mixin.py:188} INFO - [2024-02-27T11:35:02.562+0530] {dag.py:3834} INFO - Setting next_dagrun for tutorial_taskflow_api to None, run_after=None
[2024-02-27T11:35:02.569+0530] {processor.py:183} INFO - Processing /Users/anikbhowmick/Python/Big_Data_Assignment/A02/airflow_env/lib/python3.11/site-packages/airflow/example_dags/tutorial_taskflow_api.py took 0.074 seconds
[2024-02-27T11:35:53.441+0530] {processor.py:161} INFO - Started process (PID=4507) to work on /Users/anikbhowmick/Python/Big_Data_Assignment/A02/airflow_env/lib/python3.11/site-packages/airflow/example_dags/tutorial_taskflow_api.py
[2024-02-27T11:35:53.442+0530] {processor.py:830} INFO - Processing file /Users/anikbhowmick/Python/Big_Data_Assignment/A02/airflow_env/lib/python3.11/site-packages/airflow/example_dags/tutorial_taskflow_api.py for tasks to queue
[2024-02-27T11:35:53.443+0530] {logging_mixin.py:188} INFO - [2024-02-27T11:35:53.443+0530] {dagbag.py:540} INFO - Filling up the DagBag from /Users/anikbhowmick/Python/Big_Data_Assignment/A02/airflow_env/lib/python3.11/site-packages/airflow/example_dags/tutorial_taskflow_api.py
[2024-02-27T11:35:53.454+0530] {processor.py:840} INFO - DAG(s) 'tutorial_taskflow_api' retrieved from /Users/anikbhowmick/Python/Big_Data_Assignment/A02/airflow_env/lib/python3.11/site-packages/airflow/example_dags/tutorial_taskflow_api.py
[2024-02-27T11:35:53.505+0530] {logging_mixin.py:188} INFO - [2024-02-27T11:35:53.505+0530] {dag.py:3047} INFO - Sync 1 DAGs
[2024-02-27T11:35:53.508+0530] {logging_mixin.py:188} INFO - [2024-02-27T11:35:53.508+0530] {dag.py:3834} INFO - Setting next_dagrun for tutorial_taskflow_api to None, run_after=None
[2024-02-27T11:35:53.514+0530] {processor.py:183} INFO - Processing /Users/anikbhowmick/Python/Big_Data_Assignment/A02/airflow_env/lib/python3.11/site-packages/airflow/example_dags/tutorial_taskflow_api.py took 0.073 seconds
[2024-02-27T11:36:41.745+0530] {processor.py:161} INFO - Started process (PID=4538) to work on /Users/anikbhowmick/Python/Big_Data_Assignment/A02/airflow_env/lib/python3.11/site-packages/airflow/example_dags/tutorial_taskflow_api.py
[2024-02-27T11:36:41.745+0530] {processor.py:830} INFO - Processing file /Users/anikbhowmick/Python/Big_Data_Assignment/A02/airflow_env/lib/python3.11/site-packages/airflow/example_dags/tutorial_taskflow_api.py for tasks to queue
[2024-02-27T11:36:41.745+0530] {logging_mixin.py:188} INFO - [2024-02-27T11:36:41.745+0530] {dagbag.py:540} INFO - Filling up the DagBag from /Users/anikbhowmick/Python/Big_Data_Assignment/A02/airflow_env/lib/python3.11/site-packages/airflow/example_dags/tutorial_taskflow_api.py
[2024-02-27T11:36:41.758+0530] {processor.py:840} INFO - DAG(s) 'tutorial_taskflow_api' retrieved from /Users/anikbhowmick/Python/Big_Data_Assignment/A02/airflow_env/lib/python3.11/site-packages/airflow/example_dags/tutorial_taskflow_api.py
[2024-02-27T11:36:41.809+0530] {logging_mixin.py:188} INFO - [2024-02-27T11:36:41.809+0530] {dag.py:3047} INFO - Sync 1 DAGs
[2024-02-27T11:36:41.812+0530] {logging_mixin.py:188} INFO - [2024-02-27T11:36:41.812+0530] {dag.py:3834} INFO - Setting next_dagrun for tutorial_taskflow_api to None, run_after=None
[2024-02-27T11:36:41.818+0530] {processor.py:183} INFO - Processing /Users/anikbhowmick/Python/Big_Data_Assignment/A02/airflow_env/lib/python3.11/site-packages/airflow/example_dags/tutorial_taskflow_api.py took 0.074 seconds
[2024-02-27T11:39:01.716+0530] {processor.py:161} INFO - Started process (PID=4613) to work on /Users/anikbhowmick/Python/Big_Data_Assignment/A02/airflow_env/lib/python3.11/site-packages/airflow/example_dags/tutorial_taskflow_api.py
[2024-02-27T11:39:01.718+0530] {processor.py:830} INFO - Processing file /Users/anikbhowmick/Python/Big_Data_Assignment/A02/airflow_env/lib/python3.11/site-packages/airflow/example_dags/tutorial_taskflow_api.py for tasks to queue
[2024-02-27T11:39:01.718+0530] {logging_mixin.py:188} INFO - [2024-02-27T11:39:01.718+0530] {dagbag.py:540} INFO - Filling up the DagBag from /Users/anikbhowmick/Python/Big_Data_Assignment/A02/airflow_env/lib/python3.11/site-packages/airflow/example_dags/tutorial_taskflow_api.py
[2024-02-27T11:39:01.728+0530] {processor.py:840} INFO - DAG(s) 'tutorial_taskflow_api' retrieved from /Users/anikbhowmick/Python/Big_Data_Assignment/A02/airflow_env/lib/python3.11/site-packages/airflow/example_dags/tutorial_taskflow_api.py
[2024-02-27T11:39:01.777+0530] {logging_mixin.py:188} INFO - [2024-02-27T11:39:01.777+0530] {dag.py:3047} INFO - Sync 1 DAGs
[2024-02-27T11:39:01.780+0530] {logging_mixin.py:188} INFO - [2024-02-27T11:39:01.780+0530] {dag.py:3834} INFO - Setting next_dagrun for tutorial_taskflow_api to None, run_after=None
[2024-02-27T11:39:01.786+0530] {processor.py:183} INFO - Processing /Users/anikbhowmick/Python/Big_Data_Assignment/A02/airflow_env/lib/python3.11/site-packages/airflow/example_dags/tutorial_taskflow_api.py took 0.070 seconds
[2024-02-27T11:40:38.458+0530] {processor.py:161} INFO - Started process (PID=4696) to work on /Users/anikbhowmick/Python/Big_Data_Assignment/A02/airflow_env/lib/python3.11/site-packages/airflow/example_dags/tutorial_taskflow_api.py
[2024-02-27T11:40:38.459+0530] {processor.py:830} INFO - Processing file /Users/anikbhowmick/Python/Big_Data_Assignment/A02/airflow_env/lib/python3.11/site-packages/airflow/example_dags/tutorial_taskflow_api.py for tasks to queue
[2024-02-27T11:40:38.459+0530] {logging_mixin.py:188} INFO - [2024-02-27T11:40:38.459+0530] {dagbag.py:540} INFO - Filling up the DagBag from /Users/anikbhowmick/Python/Big_Data_Assignment/A02/airflow_env/lib/python3.11/site-packages/airflow/example_dags/tutorial_taskflow_api.py
[2024-02-27T11:40:38.469+0530] {processor.py:840} INFO - DAG(s) 'tutorial_taskflow_api' retrieved from /Users/anikbhowmick/Python/Big_Data_Assignment/A02/airflow_env/lib/python3.11/site-packages/airflow/example_dags/tutorial_taskflow_api.py
[2024-02-27T11:40:38.520+0530] {logging_mixin.py:188} INFO - [2024-02-27T11:40:38.520+0530] {dag.py:3047} INFO - Sync 1 DAGs
[2024-02-27T11:40:38.524+0530] {logging_mixin.py:188} INFO - [2024-02-27T11:40:38.524+0530] {dag.py:3834} INFO - Setting next_dagrun for tutorial_taskflow_api to None, run_after=None
[2024-02-27T11:40:38.530+0530] {processor.py:183} INFO - Processing /Users/anikbhowmick/Python/Big_Data_Assignment/A02/airflow_env/lib/python3.11/site-packages/airflow/example_dags/tutorial_taskflow_api.py took 0.072 seconds
[2024-02-27T11:41:42.489+0530] {processor.py:161} INFO - Started process (PID=4736) to work on /Users/anikbhowmick/Python/Big_Data_Assignment/A02/airflow_env/lib/python3.11/site-packages/airflow/example_dags/tutorial_taskflow_api.py
[2024-02-27T11:41:42.489+0530] {processor.py:830} INFO - Processing file /Users/anikbhowmick/Python/Big_Data_Assignment/A02/airflow_env/lib/python3.11/site-packages/airflow/example_dags/tutorial_taskflow_api.py for tasks to queue
[2024-02-27T11:41:42.490+0530] {logging_mixin.py:188} INFO - [2024-02-27T11:41:42.490+0530] {dagbag.py:540} INFO - Filling up the DagBag from /Users/anikbhowmick/Python/Big_Data_Assignment/A02/airflow_env/lib/python3.11/site-packages/airflow/example_dags/tutorial_taskflow_api.py
[2024-02-27T11:41:42.500+0530] {processor.py:840} INFO - DAG(s) 'tutorial_taskflow_api' retrieved from /Users/anikbhowmick/Python/Big_Data_Assignment/A02/airflow_env/lib/python3.11/site-packages/airflow/example_dags/tutorial_taskflow_api.py
[2024-02-27T11:41:42.549+0530] {logging_mixin.py:188} INFO - [2024-02-27T11:41:42.549+0530] {dag.py:3047} INFO - Sync 1 DAGs
[2024-02-27T11:41:42.552+0530] {logging_mixin.py:188} INFO - [2024-02-27T11:41:42.552+0530] {dag.py:3834} INFO - Setting next_dagrun for tutorial_taskflow_api to None, run_after=None
[2024-02-27T11:41:42.559+0530] {processor.py:183} INFO - Processing /Users/anikbhowmick/Python/Big_Data_Assignment/A02/airflow_env/lib/python3.11/site-packages/airflow/example_dags/tutorial_taskflow_api.py took 0.070 seconds
[2024-02-27T11:42:39.999+0530] {processor.py:161} INFO - Started process (PID=4770) to work on /Users/anikbhowmick/Python/Big_Data_Assignment/A02/airflow_env/lib/python3.11/site-packages/airflow/example_dags/tutorial_taskflow_api.py
[2024-02-27T11:42:39.999+0530] {processor.py:830} INFO - Processing file /Users/anikbhowmick/Python/Big_Data_Assignment/A02/airflow_env/lib/python3.11/site-packages/airflow/example_dags/tutorial_taskflow_api.py for tasks to queue
[2024-02-27T11:42:40.000+0530] {logging_mixin.py:188} INFO - [2024-02-27T11:42:40.000+0530] {dagbag.py:540} INFO - Filling up the DagBag from /Users/anikbhowmick/Python/Big_Data_Assignment/A02/airflow_env/lib/python3.11/site-packages/airflow/example_dags/tutorial_taskflow_api.py
[2024-02-27T11:42:40.010+0530] {processor.py:840} INFO - DAG(s) 'tutorial_taskflow_api' retrieved from /Users/anikbhowmick/Python/Big_Data_Assignment/A02/airflow_env/lib/python3.11/site-packages/airflow/example_dags/tutorial_taskflow_api.py
[2024-02-27T11:42:40.083+0530] {logging_mixin.py:188} INFO - [2024-02-27T11:42:40.082+0530] {dag.py:3047} INFO - Sync 1 DAGs
[2024-02-27T11:42:40.086+0530] {logging_mixin.py:188} INFO - [2024-02-27T11:42:40.086+0530] {dag.py:3834} INFO - Setting next_dagrun for tutorial_taskflow_api to None, run_after=None
[2024-02-27T11:42:40.092+0530] {processor.py:183} INFO - Processing /Users/anikbhowmick/Python/Big_Data_Assignment/A02/airflow_env/lib/python3.11/site-packages/airflow/example_dags/tutorial_taskflow_api.py took 0.094 seconds
