[2024-02-27T10:45:48.078+0530] {processor.py:161} INFO - Started process (PID=1543) to work on /Users/anikbhowmick/Python/Big_Data_Assignment/A02/airflow_env/lib/python3.11/site-packages/airflow/example_dags/tutorial_objectstorage.py
[2024-02-27T10:45:48.079+0530] {processor.py:830} INFO - Processing file /Users/anikbhowmick/Python/Big_Data_Assignment/A02/airflow_env/lib/python3.11/site-packages/airflow/example_dags/tutorial_objectstorage.py for tasks to queue
[2024-02-27T10:45:48.079+0530] {logging_mixin.py:188} INFO - [2024-02-27T10:45:48.079+0530] {dagbag.py:540} INFO - Filling up the DagBag from /Users/anikbhowmick/Python/Big_Data_Assignment/A02/airflow_env/lib/python3.11/site-packages/airflow/example_dags/tutorial_objectstorage.py
[2024-02-27T10:45:48.127+0530] {processor.py:840} INFO - DAG(s) 'tutorial_objectstorage' retrieved from /Users/anikbhowmick/Python/Big_Data_Assignment/A02/airflow_env/lib/python3.11/site-packages/airflow/example_dags/tutorial_objectstorage.py
[2024-02-27T10:45:48.157+0530] {logging_mixin.py:188} INFO - [2024-02-27T10:45:48.157+0530] {dag.py:3047} INFO - Sync 1 DAGs
[2024-02-27T10:45:48.160+0530] {logging_mixin.py:188} INFO - [2024-02-27T10:45:48.160+0530] {dag.py:3834} INFO - Setting next_dagrun for tutorial_objectstorage to None, run_after=None
[2024-02-27T10:45:48.166+0530] {processor.py:183} INFO - Processing /Users/anikbhowmick/Python/Big_Data_Assignment/A02/airflow_env/lib/python3.11/site-packages/airflow/example_dags/tutorial_objectstorage.py took 0.088 seconds
[2024-02-27T10:47:20.342+0530] {processor.py:161} INFO - Started process (PID=1652) to work on /Users/anikbhowmick/Python/Big_Data_Assignment/A02/airflow_env/lib/python3.11/site-packages/airflow/example_dags/tutorial_objectstorage.py
[2024-02-27T10:47:20.344+0530] {processor.py:830} INFO - Processing file /Users/anikbhowmick/Python/Big_Data_Assignment/A02/airflow_env/lib/python3.11/site-packages/airflow/example_dags/tutorial_objectstorage.py for tasks to queue
[2024-02-27T10:47:20.344+0530] {logging_mixin.py:188} INFO - [2024-02-27T10:47:20.344+0530] {dagbag.py:540} INFO - Filling up the DagBag from /Users/anikbhowmick/Python/Big_Data_Assignment/A02/airflow_env/lib/python3.11/site-packages/airflow/example_dags/tutorial_objectstorage.py
[2024-02-27T10:47:20.389+0530] {processor.py:840} INFO - DAG(s) 'tutorial_objectstorage' retrieved from /Users/anikbhowmick/Python/Big_Data_Assignment/A02/airflow_env/lib/python3.11/site-packages/airflow/example_dags/tutorial_objectstorage.py
[2024-02-27T10:47:20.417+0530] {logging_mixin.py:188} INFO - [2024-02-27T10:47:20.417+0530] {dag.py:3047} INFO - Sync 1 DAGs
[2024-02-27T10:47:20.420+0530] {logging_mixin.py:188} INFO - [2024-02-27T10:47:20.420+0530] {dag.py:3834} INFO - Setting next_dagrun for tutorial_objectstorage to None, run_after=None
[2024-02-27T10:47:20.426+0530] {processor.py:183} INFO - Processing /Users/anikbhowmick/Python/Big_Data_Assignment/A02/airflow_env/lib/python3.11/site-packages/airflow/example_dags/tutorial_objectstorage.py took 0.084 seconds
[2024-02-27T10:49:17.616+0530] {processor.py:161} INFO - Started process (PID=1749) to work on /Users/anikbhowmick/Python/Big_Data_Assignment/A02/airflow_env/lib/python3.11/site-packages/airflow/example_dags/tutorial_objectstorage.py
[2024-02-27T10:49:17.617+0530] {processor.py:830} INFO - Processing file /Users/anikbhowmick/Python/Big_Data_Assignment/A02/airflow_env/lib/python3.11/site-packages/airflow/example_dags/tutorial_objectstorage.py for tasks to queue
[2024-02-27T10:49:17.617+0530] {logging_mixin.py:188} INFO - [2024-02-27T10:49:17.617+0530] {dagbag.py:540} INFO - Filling up the DagBag from /Users/anikbhowmick/Python/Big_Data_Assignment/A02/airflow_env/lib/python3.11/site-packages/airflow/example_dags/tutorial_objectstorage.py
[2024-02-27T10:49:17.658+0530] {processor.py:840} INFO - DAG(s) 'tutorial_objectstorage' retrieved from /Users/anikbhowmick/Python/Big_Data_Assignment/A02/airflow_env/lib/python3.11/site-packages/airflow/example_dags/tutorial_objectstorage.py
[2024-02-27T10:49:17.686+0530] {logging_mixin.py:188} INFO - [2024-02-27T10:49:17.685+0530] {dag.py:3047} INFO - Sync 1 DAGs
[2024-02-27T10:49:17.688+0530] {logging_mixin.py:188} INFO - [2024-02-27T10:49:17.688+0530] {dag.py:3834} INFO - Setting next_dagrun for tutorial_objectstorage to None, run_after=None
[2024-02-27T10:49:17.694+0530] {processor.py:183} INFO - Processing /Users/anikbhowmick/Python/Big_Data_Assignment/A02/airflow_env/lib/python3.11/site-packages/airflow/example_dags/tutorial_objectstorage.py took 0.079 seconds
[2024-02-27T10:50:44.939+0530] {processor.py:161} INFO - Started process (PID=1834) to work on /Users/anikbhowmick/Python/Big_Data_Assignment/A02/airflow_env/lib/python3.11/site-packages/airflow/example_dags/tutorial_objectstorage.py
[2024-02-27T10:50:44.940+0530] {processor.py:830} INFO - Processing file /Users/anikbhowmick/Python/Big_Data_Assignment/A02/airflow_env/lib/python3.11/site-packages/airflow/example_dags/tutorial_objectstorage.py for tasks to queue
[2024-02-27T10:50:44.940+0530] {logging_mixin.py:188} INFO - [2024-02-27T10:50:44.940+0530] {dagbag.py:540} INFO - Filling up the DagBag from /Users/anikbhowmick/Python/Big_Data_Assignment/A02/airflow_env/lib/python3.11/site-packages/airflow/example_dags/tutorial_objectstorage.py
[2024-02-27T10:50:44.989+0530] {processor.py:840} INFO - DAG(s) 'tutorial_objectstorage' retrieved from /Users/anikbhowmick/Python/Big_Data_Assignment/A02/airflow_env/lib/python3.11/site-packages/airflow/example_dags/tutorial_objectstorage.py
[2024-02-27T10:50:45.018+0530] {logging_mixin.py:188} INFO - [2024-02-27T10:50:45.018+0530] {dag.py:3047} INFO - Sync 1 DAGs
[2024-02-27T10:50:45.021+0530] {logging_mixin.py:188} INFO - [2024-02-27T10:50:45.021+0530] {dag.py:3834} INFO - Setting next_dagrun for tutorial_objectstorage to None, run_after=None
[2024-02-27T10:50:45.027+0530] {processor.py:183} INFO - Processing /Users/anikbhowmick/Python/Big_Data_Assignment/A02/airflow_env/lib/python3.11/site-packages/airflow/example_dags/tutorial_objectstorage.py took 0.089 seconds
[2024-02-27T10:52:00.007+0530] {processor.py:161} INFO - Started process (PID=1937) to work on /Users/anikbhowmick/Python/Big_Data_Assignment/A02/airflow_env/lib/python3.11/site-packages/airflow/example_dags/tutorial_objectstorage.py
[2024-02-27T10:52:00.008+0530] {processor.py:830} INFO - Processing file /Users/anikbhowmick/Python/Big_Data_Assignment/A02/airflow_env/lib/python3.11/site-packages/airflow/example_dags/tutorial_objectstorage.py for tasks to queue
[2024-02-27T10:52:00.009+0530] {logging_mixin.py:188} INFO - [2024-02-27T10:52:00.009+0530] {dagbag.py:540} INFO - Filling up the DagBag from /Users/anikbhowmick/Python/Big_Data_Assignment/A02/airflow_env/lib/python3.11/site-packages/airflow/example_dags/tutorial_objectstorage.py
[2024-02-27T10:52:00.052+0530] {processor.py:840} INFO - DAG(s) 'tutorial_objectstorage' retrieved from /Users/anikbhowmick/Python/Big_Data_Assignment/A02/airflow_env/lib/python3.11/site-packages/airflow/example_dags/tutorial_objectstorage.py
[2024-02-27T10:52:00.081+0530] {logging_mixin.py:188} INFO - [2024-02-27T10:52:00.081+0530] {dag.py:3047} INFO - Sync 1 DAGs
[2024-02-27T10:52:00.083+0530] {logging_mixin.py:188} INFO - [2024-02-27T10:52:00.083+0530] {dag.py:3834} INFO - Setting next_dagrun for tutorial_objectstorage to None, run_after=None
[2024-02-27T10:52:00.089+0530] {processor.py:183} INFO - Processing /Users/anikbhowmick/Python/Big_Data_Assignment/A02/airflow_env/lib/python3.11/site-packages/airflow/example_dags/tutorial_objectstorage.py took 0.083 seconds
[2024-02-27T10:53:49.712+0530] {processor.py:161} INFO - Started process (PID=2048) to work on /Users/anikbhowmick/Python/Big_Data_Assignment/A02/airflow_env/lib/python3.11/site-packages/airflow/example_dags/tutorial_objectstorage.py
[2024-02-27T10:53:49.713+0530] {processor.py:830} INFO - Processing file /Users/anikbhowmick/Python/Big_Data_Assignment/A02/airflow_env/lib/python3.11/site-packages/airflow/example_dags/tutorial_objectstorage.py for tasks to queue
[2024-02-27T10:53:49.714+0530] {logging_mixin.py:188} INFO - [2024-02-27T10:53:49.714+0530] {dagbag.py:540} INFO - Filling up the DagBag from /Users/anikbhowmick/Python/Big_Data_Assignment/A02/airflow_env/lib/python3.11/site-packages/airflow/example_dags/tutorial_objectstorage.py
[2024-02-27T10:53:49.770+0530] {processor.py:840} INFO - DAG(s) 'tutorial_objectstorage' retrieved from /Users/anikbhowmick/Python/Big_Data_Assignment/A02/airflow_env/lib/python3.11/site-packages/airflow/example_dags/tutorial_objectstorage.py
[2024-02-27T10:53:49.798+0530] {logging_mixin.py:188} INFO - [2024-02-27T10:53:49.798+0530] {dag.py:3047} INFO - Sync 1 DAGs
[2024-02-27T10:53:49.801+0530] {logging_mixin.py:188} INFO - [2024-02-27T10:53:49.801+0530] {dag.py:3834} INFO - Setting next_dagrun for tutorial_objectstorage to None, run_after=None
[2024-02-27T10:53:49.807+0530] {processor.py:183} INFO - Processing /Users/anikbhowmick/Python/Big_Data_Assignment/A02/airflow_env/lib/python3.11/site-packages/airflow/example_dags/tutorial_objectstorage.py took 0.095 seconds
[2024-02-27T10:55:24.734+0530] {processor.py:161} INFO - Started process (PID=2192) to work on /Users/anikbhowmick/Python/Big_Data_Assignment/A02/airflow_env/lib/python3.11/site-packages/airflow/example_dags/tutorial_objectstorage.py
[2024-02-27T10:55:24.735+0530] {processor.py:830} INFO - Processing file /Users/anikbhowmick/Python/Big_Data_Assignment/A02/airflow_env/lib/python3.11/site-packages/airflow/example_dags/tutorial_objectstorage.py for tasks to queue
[2024-02-27T10:55:24.735+0530] {logging_mixin.py:188} INFO - [2024-02-27T10:55:24.735+0530] {dagbag.py:540} INFO - Filling up the DagBag from /Users/anikbhowmick/Python/Big_Data_Assignment/A02/airflow_env/lib/python3.11/site-packages/airflow/example_dags/tutorial_objectstorage.py
[2024-02-27T10:55:24.790+0530] {processor.py:840} INFO - DAG(s) 'tutorial_objectstorage' retrieved from /Users/anikbhowmick/Python/Big_Data_Assignment/A02/airflow_env/lib/python3.11/site-packages/airflow/example_dags/tutorial_objectstorage.py
[2024-02-27T10:55:24.822+0530] {logging_mixin.py:188} INFO - [2024-02-27T10:55:24.822+0530] {dag.py:3047} INFO - Sync 1 DAGs
[2024-02-27T10:55:24.826+0530] {logging_mixin.py:188} INFO - [2024-02-27T10:55:24.825+0530] {dag.py:3834} INFO - Setting next_dagrun for tutorial_objectstorage to None, run_after=None
[2024-02-27T10:55:24.833+0530] {processor.py:183} INFO - Processing /Users/anikbhowmick/Python/Big_Data_Assignment/A02/airflow_env/lib/python3.11/site-packages/airflow/example_dags/tutorial_objectstorage.py took 0.100 seconds
[2024-02-27T10:57:08.309+0530] {processor.py:161} INFO - Started process (PID=2320) to work on /Users/anikbhowmick/Python/Big_Data_Assignment/A02/airflow_env/lib/python3.11/site-packages/airflow/example_dags/tutorial_objectstorage.py
[2024-02-27T10:57:08.310+0530] {processor.py:830} INFO - Processing file /Users/anikbhowmick/Python/Big_Data_Assignment/A02/airflow_env/lib/python3.11/site-packages/airflow/example_dags/tutorial_objectstorage.py for tasks to queue
[2024-02-27T10:57:08.310+0530] {logging_mixin.py:188} INFO - [2024-02-27T10:57:08.310+0530] {dagbag.py:540} INFO - Filling up the DagBag from /Users/anikbhowmick/Python/Big_Data_Assignment/A02/airflow_env/lib/python3.11/site-packages/airflow/example_dags/tutorial_objectstorage.py
[2024-02-27T10:57:08.351+0530] {processor.py:840} INFO - DAG(s) 'tutorial_objectstorage' retrieved from /Users/anikbhowmick/Python/Big_Data_Assignment/A02/airflow_env/lib/python3.11/site-packages/airflow/example_dags/tutorial_objectstorage.py
[2024-02-27T10:57:08.379+0530] {logging_mixin.py:188} INFO - [2024-02-27T10:57:08.379+0530] {dag.py:3047} INFO - Sync 1 DAGs
[2024-02-27T10:57:08.382+0530] {logging_mixin.py:188} INFO - [2024-02-27T10:57:08.382+0530] {dag.py:3834} INFO - Setting next_dagrun for tutorial_objectstorage to None, run_after=None
[2024-02-27T10:57:08.388+0530] {processor.py:183} INFO - Processing /Users/anikbhowmick/Python/Big_Data_Assignment/A02/airflow_env/lib/python3.11/site-packages/airflow/example_dags/tutorial_objectstorage.py took 0.080 seconds
[2024-02-27T10:58:43.206+0530] {processor.py:161} INFO - Started process (PID=2430) to work on /Users/anikbhowmick/Python/Big_Data_Assignment/A02/airflow_env/lib/python3.11/site-packages/airflow/example_dags/tutorial_objectstorage.py
[2024-02-27T10:58:43.207+0530] {processor.py:830} INFO - Processing file /Users/anikbhowmick/Python/Big_Data_Assignment/A02/airflow_env/lib/python3.11/site-packages/airflow/example_dags/tutorial_objectstorage.py for tasks to queue
[2024-02-27T10:58:43.207+0530] {logging_mixin.py:188} INFO - [2024-02-27T10:58:43.207+0530] {dagbag.py:540} INFO - Filling up the DagBag from /Users/anikbhowmick/Python/Big_Data_Assignment/A02/airflow_env/lib/python3.11/site-packages/airflow/example_dags/tutorial_objectstorage.py
[2024-02-27T10:58:43.257+0530] {processor.py:840} INFO - DAG(s) 'tutorial_objectstorage' retrieved from /Users/anikbhowmick/Python/Big_Data_Assignment/A02/airflow_env/lib/python3.11/site-packages/airflow/example_dags/tutorial_objectstorage.py
[2024-02-27T10:58:43.284+0530] {logging_mixin.py:188} INFO - [2024-02-27T10:58:43.284+0530] {dag.py:3047} INFO - Sync 1 DAGs
[2024-02-27T10:58:43.287+0530] {logging_mixin.py:188} INFO - [2024-02-27T10:58:43.287+0530] {dag.py:3834} INFO - Setting next_dagrun for tutorial_objectstorage to None, run_after=None
[2024-02-27T10:58:43.294+0530] {processor.py:183} INFO - Processing /Users/anikbhowmick/Python/Big_Data_Assignment/A02/airflow_env/lib/python3.11/site-packages/airflow/example_dags/tutorial_objectstorage.py took 0.088 seconds
[2024-02-27T10:59:37.320+0530] {processor.py:161} INFO - Started process (PID=2487) to work on /Users/anikbhowmick/Python/Big_Data_Assignment/A02/airflow_env/lib/python3.11/site-packages/airflow/example_dags/tutorial_objectstorage.py
[2024-02-27T10:59:37.321+0530] {processor.py:830} INFO - Processing file /Users/anikbhowmick/Python/Big_Data_Assignment/A02/airflow_env/lib/python3.11/site-packages/airflow/example_dags/tutorial_objectstorage.py for tasks to queue
[2024-02-27T10:59:37.321+0530] {logging_mixin.py:188} INFO - [2024-02-27T10:59:37.321+0530] {dagbag.py:540} INFO - Filling up the DagBag from /Users/anikbhowmick/Python/Big_Data_Assignment/A02/airflow_env/lib/python3.11/site-packages/airflow/example_dags/tutorial_objectstorage.py
[2024-02-27T10:59:37.371+0530] {processor.py:840} INFO - DAG(s) 'tutorial_objectstorage' retrieved from /Users/anikbhowmick/Python/Big_Data_Assignment/A02/airflow_env/lib/python3.11/site-packages/airflow/example_dags/tutorial_objectstorage.py
[2024-02-27T10:59:37.399+0530] {logging_mixin.py:188} INFO - [2024-02-27T10:59:37.399+0530] {dag.py:3047} INFO - Sync 1 DAGs
[2024-02-27T10:59:37.402+0530] {logging_mixin.py:188} INFO - [2024-02-27T10:59:37.402+0530] {dag.py:3834} INFO - Setting next_dagrun for tutorial_objectstorage to None, run_after=None
[2024-02-27T10:59:37.408+0530] {processor.py:183} INFO - Processing /Users/anikbhowmick/Python/Big_Data_Assignment/A02/airflow_env/lib/python3.11/site-packages/airflow/example_dags/tutorial_objectstorage.py took 0.088 seconds
[2024-02-27T11:01:30.242+0530] {processor.py:161} INFO - Started process (PID=2641) to work on /Users/anikbhowmick/Python/Big_Data_Assignment/A02/airflow_env/lib/python3.11/site-packages/airflow/example_dags/tutorial_objectstorage.py
[2024-02-27T11:01:30.243+0530] {processor.py:830} INFO - Processing file /Users/anikbhowmick/Python/Big_Data_Assignment/A02/airflow_env/lib/python3.11/site-packages/airflow/example_dags/tutorial_objectstorage.py for tasks to queue
[2024-02-27T11:01:30.243+0530] {logging_mixin.py:188} INFO - [2024-02-27T11:01:30.243+0530] {dagbag.py:540} INFO - Filling up the DagBag from /Users/anikbhowmick/Python/Big_Data_Assignment/A02/airflow_env/lib/python3.11/site-packages/airflow/example_dags/tutorial_objectstorage.py
[2024-02-27T11:01:30.287+0530] {processor.py:840} INFO - DAG(s) 'tutorial_objectstorage' retrieved from /Users/anikbhowmick/Python/Big_Data_Assignment/A02/airflow_env/lib/python3.11/site-packages/airflow/example_dags/tutorial_objectstorage.py
[2024-02-27T11:01:30.316+0530] {logging_mixin.py:188} INFO - [2024-02-27T11:01:30.316+0530] {dag.py:3047} INFO - Sync 1 DAGs
[2024-02-27T11:01:30.319+0530] {logging_mixin.py:188} INFO - [2024-02-27T11:01:30.319+0530] {dag.py:3834} INFO - Setting next_dagrun for tutorial_objectstorage to None, run_after=None
[2024-02-27T11:01:30.325+0530] {processor.py:183} INFO - Processing /Users/anikbhowmick/Python/Big_Data_Assignment/A02/airflow_env/lib/python3.11/site-packages/airflow/example_dags/tutorial_objectstorage.py took 0.083 seconds
[2024-02-27T11:02:55.955+0530] {processor.py:161} INFO - Started process (PID=2745) to work on /Users/anikbhowmick/Python/Big_Data_Assignment/A02/airflow_env/lib/python3.11/site-packages/airflow/example_dags/tutorial_objectstorage.py
[2024-02-27T11:02:55.955+0530] {processor.py:830} INFO - Processing file /Users/anikbhowmick/Python/Big_Data_Assignment/A02/airflow_env/lib/python3.11/site-packages/airflow/example_dags/tutorial_objectstorage.py for tasks to queue
[2024-02-27T11:02:55.955+0530] {logging_mixin.py:188} INFO - [2024-02-27T11:02:55.955+0530] {dagbag.py:540} INFO - Filling up the DagBag from /Users/anikbhowmick/Python/Big_Data_Assignment/A02/airflow_env/lib/python3.11/site-packages/airflow/example_dags/tutorial_objectstorage.py
[2024-02-27T11:02:56.007+0530] {processor.py:840} INFO - DAG(s) 'tutorial_objectstorage' retrieved from /Users/anikbhowmick/Python/Big_Data_Assignment/A02/airflow_env/lib/python3.11/site-packages/airflow/example_dags/tutorial_objectstorage.py
[2024-02-27T11:02:56.036+0530] {logging_mixin.py:188} INFO - [2024-02-27T11:02:56.036+0530] {dag.py:3047} INFO - Sync 1 DAGs
[2024-02-27T11:02:56.039+0530] {logging_mixin.py:188} INFO - [2024-02-27T11:02:56.039+0530] {dag.py:3834} INFO - Setting next_dagrun for tutorial_objectstorage to None, run_after=None
[2024-02-27T11:02:56.045+0530] {processor.py:183} INFO - Processing /Users/anikbhowmick/Python/Big_Data_Assignment/A02/airflow_env/lib/python3.11/site-packages/airflow/example_dags/tutorial_objectstorage.py took 0.091 seconds
[2024-02-27T11:03:45.864+0530] {processor.py:161} INFO - Started process (PID=2800) to work on /Users/anikbhowmick/Python/Big_Data_Assignment/A02/airflow_env/lib/python3.11/site-packages/airflow/example_dags/tutorial_objectstorage.py
[2024-02-27T11:03:45.865+0530] {processor.py:830} INFO - Processing file /Users/anikbhowmick/Python/Big_Data_Assignment/A02/airflow_env/lib/python3.11/site-packages/airflow/example_dags/tutorial_objectstorage.py for tasks to queue
[2024-02-27T11:03:45.865+0530] {logging_mixin.py:188} INFO - [2024-02-27T11:03:45.865+0530] {dagbag.py:540} INFO - Filling up the DagBag from /Users/anikbhowmick/Python/Big_Data_Assignment/A02/airflow_env/lib/python3.11/site-packages/airflow/example_dags/tutorial_objectstorage.py
[2024-02-27T11:03:45.914+0530] {processor.py:840} INFO - DAG(s) 'tutorial_objectstorage' retrieved from /Users/anikbhowmick/Python/Big_Data_Assignment/A02/airflow_env/lib/python3.11/site-packages/airflow/example_dags/tutorial_objectstorage.py
[2024-02-27T11:03:45.941+0530] {logging_mixin.py:188} INFO - [2024-02-27T11:03:45.941+0530] {dag.py:3047} INFO - Sync 1 DAGs
[2024-02-27T11:03:45.944+0530] {logging_mixin.py:188} INFO - [2024-02-27T11:03:45.944+0530] {dag.py:3834} INFO - Setting next_dagrun for tutorial_objectstorage to None, run_after=None
[2024-02-27T11:03:45.950+0530] {processor.py:183} INFO - Processing /Users/anikbhowmick/Python/Big_Data_Assignment/A02/airflow_env/lib/python3.11/site-packages/airflow/example_dags/tutorial_objectstorage.py took 0.086 seconds
[2024-02-27T11:04:38.735+0530] {processor.py:161} INFO - Started process (PID=2853) to work on /Users/anikbhowmick/Python/Big_Data_Assignment/A02/airflow_env/lib/python3.11/site-packages/airflow/example_dags/tutorial_objectstorage.py
[2024-02-27T11:04:38.736+0530] {processor.py:830} INFO - Processing file /Users/anikbhowmick/Python/Big_Data_Assignment/A02/airflow_env/lib/python3.11/site-packages/airflow/example_dags/tutorial_objectstorage.py for tasks to queue
[2024-02-27T11:04:38.736+0530] {logging_mixin.py:188} INFO - [2024-02-27T11:04:38.736+0530] {dagbag.py:540} INFO - Filling up the DagBag from /Users/anikbhowmick/Python/Big_Data_Assignment/A02/airflow_env/lib/python3.11/site-packages/airflow/example_dags/tutorial_objectstorage.py
[2024-02-27T11:04:38.778+0530] {processor.py:840} INFO - DAG(s) 'tutorial_objectstorage' retrieved from /Users/anikbhowmick/Python/Big_Data_Assignment/A02/airflow_env/lib/python3.11/site-packages/airflow/example_dags/tutorial_objectstorage.py
[2024-02-27T11:04:38.806+0530] {logging_mixin.py:188} INFO - [2024-02-27T11:04:38.806+0530] {dag.py:3047} INFO - Sync 1 DAGs
[2024-02-27T11:04:38.809+0530] {logging_mixin.py:188} INFO - [2024-02-27T11:04:38.809+0530] {dag.py:3834} INFO - Setting next_dagrun for tutorial_objectstorage to None, run_after=None
[2024-02-27T11:04:38.815+0530] {processor.py:183} INFO - Processing /Users/anikbhowmick/Python/Big_Data_Assignment/A02/airflow_env/lib/python3.11/site-packages/airflow/example_dags/tutorial_objectstorage.py took 0.080 seconds
[2024-02-27T11:05:34.093+0530] {processor.py:161} INFO - Started process (PID=2909) to work on /Users/anikbhowmick/Python/Big_Data_Assignment/A02/airflow_env/lib/python3.11/site-packages/airflow/example_dags/tutorial_objectstorage.py
[2024-02-27T11:05:34.094+0530] {processor.py:830} INFO - Processing file /Users/anikbhowmick/Python/Big_Data_Assignment/A02/airflow_env/lib/python3.11/site-packages/airflow/example_dags/tutorial_objectstorage.py for tasks to queue
[2024-02-27T11:05:34.094+0530] {logging_mixin.py:188} INFO - [2024-02-27T11:05:34.094+0530] {dagbag.py:540} INFO - Filling up the DagBag from /Users/anikbhowmick/Python/Big_Data_Assignment/A02/airflow_env/lib/python3.11/site-packages/airflow/example_dags/tutorial_objectstorage.py
[2024-02-27T11:05:34.142+0530] {processor.py:840} INFO - DAG(s) 'tutorial_objectstorage' retrieved from /Users/anikbhowmick/Python/Big_Data_Assignment/A02/airflow_env/lib/python3.11/site-packages/airflow/example_dags/tutorial_objectstorage.py
[2024-02-27T11:05:34.170+0530] {logging_mixin.py:188} INFO - [2024-02-27T11:05:34.170+0530] {dag.py:3047} INFO - Sync 1 DAGs
[2024-02-27T11:05:34.173+0530] {logging_mixin.py:188} INFO - [2024-02-27T11:05:34.173+0530] {dag.py:3834} INFO - Setting next_dagrun for tutorial_objectstorage to None, run_after=None
[2024-02-27T11:05:34.179+0530] {processor.py:183} INFO - Processing /Users/anikbhowmick/Python/Big_Data_Assignment/A02/airflow_env/lib/python3.11/site-packages/airflow/example_dags/tutorial_objectstorage.py took 0.086 seconds
[2024-02-27T11:06:28.731+0530] {processor.py:161} INFO - Started process (PID=2945) to work on /Users/anikbhowmick/Python/Big_Data_Assignment/A02/airflow_env/lib/python3.11/site-packages/airflow/example_dags/tutorial_objectstorage.py
[2024-02-27T11:06:28.732+0530] {processor.py:830} INFO - Processing file /Users/anikbhowmick/Python/Big_Data_Assignment/A02/airflow_env/lib/python3.11/site-packages/airflow/example_dags/tutorial_objectstorage.py for tasks to queue
[2024-02-27T11:06:28.732+0530] {logging_mixin.py:188} INFO - [2024-02-27T11:06:28.732+0530] {dagbag.py:540} INFO - Filling up the DagBag from /Users/anikbhowmick/Python/Big_Data_Assignment/A02/airflow_env/lib/python3.11/site-packages/airflow/example_dags/tutorial_objectstorage.py
[2024-02-27T11:06:28.774+0530] {processor.py:840} INFO - DAG(s) 'tutorial_objectstorage' retrieved from /Users/anikbhowmick/Python/Big_Data_Assignment/A02/airflow_env/lib/python3.11/site-packages/airflow/example_dags/tutorial_objectstorage.py
[2024-02-27T11:06:28.802+0530] {logging_mixin.py:188} INFO - [2024-02-27T11:06:28.802+0530] {dag.py:3047} INFO - Sync 1 DAGs
[2024-02-27T11:06:28.805+0530] {logging_mixin.py:188} INFO - [2024-02-27T11:06:28.805+0530] {dag.py:3834} INFO - Setting next_dagrun for tutorial_objectstorage to None, run_after=None
[2024-02-27T11:06:28.811+0530] {processor.py:183} INFO - Processing /Users/anikbhowmick/Python/Big_Data_Assignment/A02/airflow_env/lib/python3.11/site-packages/airflow/example_dags/tutorial_objectstorage.py took 0.080 seconds
[2024-02-27T11:07:20.894+0530] {processor.py:161} INFO - Started process (PID=2980) to work on /Users/anikbhowmick/Python/Big_Data_Assignment/A02/airflow_env/lib/python3.11/site-packages/airflow/example_dags/tutorial_objectstorage.py
[2024-02-27T11:07:20.896+0530] {processor.py:830} INFO - Processing file /Users/anikbhowmick/Python/Big_Data_Assignment/A02/airflow_env/lib/python3.11/site-packages/airflow/example_dags/tutorial_objectstorage.py for tasks to queue
[2024-02-27T11:07:20.896+0530] {logging_mixin.py:188} INFO - [2024-02-27T11:07:20.896+0530] {dagbag.py:540} INFO - Filling up the DagBag from /Users/anikbhowmick/Python/Big_Data_Assignment/A02/airflow_env/lib/python3.11/site-packages/airflow/example_dags/tutorial_objectstorage.py
[2024-02-27T11:07:20.943+0530] {processor.py:840} INFO - DAG(s) 'tutorial_objectstorage' retrieved from /Users/anikbhowmick/Python/Big_Data_Assignment/A02/airflow_env/lib/python3.11/site-packages/airflow/example_dags/tutorial_objectstorage.py
[2024-02-27T11:07:20.971+0530] {logging_mixin.py:188} INFO - [2024-02-27T11:07:20.971+0530] {dag.py:3047} INFO - Sync 1 DAGs
[2024-02-27T11:07:20.973+0530] {logging_mixin.py:188} INFO - [2024-02-27T11:07:20.973+0530] {dag.py:3834} INFO - Setting next_dagrun for tutorial_objectstorage to None, run_after=None
[2024-02-27T11:07:20.979+0530] {processor.py:183} INFO - Processing /Users/anikbhowmick/Python/Big_Data_Assignment/A02/airflow_env/lib/python3.11/site-packages/airflow/example_dags/tutorial_objectstorage.py took 0.085 seconds
[2024-02-27T11:08:08.229+0530] {processor.py:161} INFO - Started process (PID=3021) to work on /Users/anikbhowmick/Python/Big_Data_Assignment/A02/airflow_env/lib/python3.11/site-packages/airflow/example_dags/tutorial_objectstorage.py
[2024-02-27T11:08:08.230+0530] {processor.py:830} INFO - Processing file /Users/anikbhowmick/Python/Big_Data_Assignment/A02/airflow_env/lib/python3.11/site-packages/airflow/example_dags/tutorial_objectstorage.py for tasks to queue
[2024-02-27T11:08:08.230+0530] {logging_mixin.py:188} INFO - [2024-02-27T11:08:08.230+0530] {dagbag.py:540} INFO - Filling up the DagBag from /Users/anikbhowmick/Python/Big_Data_Assignment/A02/airflow_env/lib/python3.11/site-packages/airflow/example_dags/tutorial_objectstorage.py
[2024-02-27T11:08:08.279+0530] {processor.py:840} INFO - DAG(s) 'tutorial_objectstorage' retrieved from /Users/anikbhowmick/Python/Big_Data_Assignment/A02/airflow_env/lib/python3.11/site-packages/airflow/example_dags/tutorial_objectstorage.py
[2024-02-27T11:08:08.306+0530] {logging_mixin.py:188} INFO - [2024-02-27T11:08:08.306+0530] {dag.py:3047} INFO - Sync 1 DAGs
[2024-02-27T11:08:08.309+0530] {logging_mixin.py:188} INFO - [2024-02-27T11:08:08.309+0530] {dag.py:3834} INFO - Setting next_dagrun for tutorial_objectstorage to None, run_after=None
[2024-02-27T11:08:08.315+0530] {processor.py:183} INFO - Processing /Users/anikbhowmick/Python/Big_Data_Assignment/A02/airflow_env/lib/python3.11/site-packages/airflow/example_dags/tutorial_objectstorage.py took 0.086 seconds
[2024-02-27T11:09:01.846+0530] {processor.py:161} INFO - Started process (PID=3108) to work on /Users/anikbhowmick/Python/Big_Data_Assignment/A02/airflow_env/lib/python3.11/site-packages/airflow/example_dags/tutorial_objectstorage.py
[2024-02-27T11:09:01.847+0530] {processor.py:830} INFO - Processing file /Users/anikbhowmick/Python/Big_Data_Assignment/A02/airflow_env/lib/python3.11/site-packages/airflow/example_dags/tutorial_objectstorage.py for tasks to queue
[2024-02-27T11:09:01.847+0530] {logging_mixin.py:188} INFO - [2024-02-27T11:09:01.847+0530] {dagbag.py:540} INFO - Filling up the DagBag from /Users/anikbhowmick/Python/Big_Data_Assignment/A02/airflow_env/lib/python3.11/site-packages/airflow/example_dags/tutorial_objectstorage.py
[2024-02-27T11:09:01.895+0530] {processor.py:840} INFO - DAG(s) 'tutorial_objectstorage' retrieved from /Users/anikbhowmick/Python/Big_Data_Assignment/A02/airflow_env/lib/python3.11/site-packages/airflow/example_dags/tutorial_objectstorage.py
[2024-02-27T11:09:01.923+0530] {logging_mixin.py:188} INFO - [2024-02-27T11:09:01.923+0530] {dag.py:3047} INFO - Sync 1 DAGs
[2024-02-27T11:09:01.926+0530] {logging_mixin.py:188} INFO - [2024-02-27T11:09:01.926+0530] {dag.py:3834} INFO - Setting next_dagrun for tutorial_objectstorage to None, run_after=None
[2024-02-27T11:09:01.932+0530] {processor.py:183} INFO - Processing /Users/anikbhowmick/Python/Big_Data_Assignment/A02/airflow_env/lib/python3.11/site-packages/airflow/example_dags/tutorial_objectstorage.py took 0.086 seconds
[2024-02-27T11:09:54.538+0530] {processor.py:161} INFO - Started process (PID=3142) to work on /Users/anikbhowmick/Python/Big_Data_Assignment/A02/airflow_env/lib/python3.11/site-packages/airflow/example_dags/tutorial_objectstorage.py
[2024-02-27T11:09:54.538+0530] {processor.py:830} INFO - Processing file /Users/anikbhowmick/Python/Big_Data_Assignment/A02/airflow_env/lib/python3.11/site-packages/airflow/example_dags/tutorial_objectstorage.py for tasks to queue
[2024-02-27T11:09:54.538+0530] {logging_mixin.py:188} INFO - [2024-02-27T11:09:54.538+0530] {dagbag.py:540} INFO - Filling up the DagBag from /Users/anikbhowmick/Python/Big_Data_Assignment/A02/airflow_env/lib/python3.11/site-packages/airflow/example_dags/tutorial_objectstorage.py
[2024-02-27T11:09:54.581+0530] {processor.py:840} INFO - DAG(s) 'tutorial_objectstorage' retrieved from /Users/anikbhowmick/Python/Big_Data_Assignment/A02/airflow_env/lib/python3.11/site-packages/airflow/example_dags/tutorial_objectstorage.py
[2024-02-27T11:09:54.608+0530] {logging_mixin.py:188} INFO - [2024-02-27T11:09:54.608+0530] {dag.py:3047} INFO - Sync 1 DAGs
[2024-02-27T11:09:54.611+0530] {logging_mixin.py:188} INFO - [2024-02-27T11:09:54.611+0530] {dag.py:3834} INFO - Setting next_dagrun for tutorial_objectstorage to None, run_after=None
[2024-02-27T11:09:54.617+0530] {processor.py:183} INFO - Processing /Users/anikbhowmick/Python/Big_Data_Assignment/A02/airflow_env/lib/python3.11/site-packages/airflow/example_dags/tutorial_objectstorage.py took 0.080 seconds
[2024-02-27T11:10:42.563+0530] {processor.py:161} INFO - Started process (PID=3181) to work on /Users/anikbhowmick/Python/Big_Data_Assignment/A02/airflow_env/lib/python3.11/site-packages/airflow/example_dags/tutorial_objectstorage.py
[2024-02-27T11:10:42.563+0530] {processor.py:830} INFO - Processing file /Users/anikbhowmick/Python/Big_Data_Assignment/A02/airflow_env/lib/python3.11/site-packages/airflow/example_dags/tutorial_objectstorage.py for tasks to queue
[2024-02-27T11:10:42.563+0530] {logging_mixin.py:188} INFO - [2024-02-27T11:10:42.563+0530] {dagbag.py:540} INFO - Filling up the DagBag from /Users/anikbhowmick/Python/Big_Data_Assignment/A02/airflow_env/lib/python3.11/site-packages/airflow/example_dags/tutorial_objectstorage.py
[2024-02-27T11:10:42.612+0530] {processor.py:840} INFO - DAG(s) 'tutorial_objectstorage' retrieved from /Users/anikbhowmick/Python/Big_Data_Assignment/A02/airflow_env/lib/python3.11/site-packages/airflow/example_dags/tutorial_objectstorage.py
[2024-02-27T11:10:42.642+0530] {logging_mixin.py:188} INFO - [2024-02-27T11:10:42.642+0530] {dag.py:3047} INFO - Sync 1 DAGs
[2024-02-27T11:10:42.645+0530] {logging_mixin.py:188} INFO - [2024-02-27T11:10:42.645+0530] {dag.py:3834} INFO - Setting next_dagrun for tutorial_objectstorage to None, run_after=None
[2024-02-27T11:10:42.651+0530] {processor.py:183} INFO - Processing /Users/anikbhowmick/Python/Big_Data_Assignment/A02/airflow_env/lib/python3.11/site-packages/airflow/example_dags/tutorial_objectstorage.py took 0.089 seconds
[2024-02-27T11:11:30.017+0530] {processor.py:161} INFO - Started process (PID=3229) to work on /Users/anikbhowmick/Python/Big_Data_Assignment/A02/airflow_env/lib/python3.11/site-packages/airflow/example_dags/tutorial_objectstorage.py
[2024-02-27T11:11:30.018+0530] {processor.py:830} INFO - Processing file /Users/anikbhowmick/Python/Big_Data_Assignment/A02/airflow_env/lib/python3.11/site-packages/airflow/example_dags/tutorial_objectstorage.py for tasks to queue
[2024-02-27T11:11:30.018+0530] {logging_mixin.py:188} INFO - [2024-02-27T11:11:30.018+0530] {dagbag.py:540} INFO - Filling up the DagBag from /Users/anikbhowmick/Python/Big_Data_Assignment/A02/airflow_env/lib/python3.11/site-packages/airflow/example_dags/tutorial_objectstorage.py
[2024-02-27T11:11:30.066+0530] {processor.py:840} INFO - DAG(s) 'tutorial_objectstorage' retrieved from /Users/anikbhowmick/Python/Big_Data_Assignment/A02/airflow_env/lib/python3.11/site-packages/airflow/example_dags/tutorial_objectstorage.py
[2024-02-27T11:11:30.094+0530] {logging_mixin.py:188} INFO - [2024-02-27T11:11:30.094+0530] {dag.py:3047} INFO - Sync 1 DAGs
[2024-02-27T11:11:30.097+0530] {logging_mixin.py:188} INFO - [2024-02-27T11:11:30.097+0530] {dag.py:3834} INFO - Setting next_dagrun for tutorial_objectstorage to None, run_after=None
[2024-02-27T11:11:30.103+0530] {processor.py:183} INFO - Processing /Users/anikbhowmick/Python/Big_Data_Assignment/A02/airflow_env/lib/python3.11/site-packages/airflow/example_dags/tutorial_objectstorage.py took 0.086 seconds
[2024-02-27T11:12:20.165+0530] {processor.py:161} INFO - Started process (PID=3284) to work on /Users/anikbhowmick/Python/Big_Data_Assignment/A02/airflow_env/lib/python3.11/site-packages/airflow/example_dags/tutorial_objectstorage.py
[2024-02-27T11:12:20.165+0530] {processor.py:830} INFO - Processing file /Users/anikbhowmick/Python/Big_Data_Assignment/A02/airflow_env/lib/python3.11/site-packages/airflow/example_dags/tutorial_objectstorage.py for tasks to queue
[2024-02-27T11:12:20.165+0530] {logging_mixin.py:188} INFO - [2024-02-27T11:12:20.165+0530] {dagbag.py:540} INFO - Filling up the DagBag from /Users/anikbhowmick/Python/Big_Data_Assignment/A02/airflow_env/lib/python3.11/site-packages/airflow/example_dags/tutorial_objectstorage.py
[2024-02-27T11:12:20.207+0530] {processor.py:840} INFO - DAG(s) 'tutorial_objectstorage' retrieved from /Users/anikbhowmick/Python/Big_Data_Assignment/A02/airflow_env/lib/python3.11/site-packages/airflow/example_dags/tutorial_objectstorage.py
[2024-02-27T11:12:20.235+0530] {logging_mixin.py:188} INFO - [2024-02-27T11:12:20.235+0530] {dag.py:3047} INFO - Sync 1 DAGs
[2024-02-27T11:12:20.238+0530] {logging_mixin.py:188} INFO - [2024-02-27T11:12:20.237+0530] {dag.py:3834} INFO - Setting next_dagrun for tutorial_objectstorage to None, run_after=None
[2024-02-27T11:12:20.244+0530] {processor.py:183} INFO - Processing /Users/anikbhowmick/Python/Big_Data_Assignment/A02/airflow_env/lib/python3.11/site-packages/airflow/example_dags/tutorial_objectstorage.py took 0.079 seconds
[2024-02-27T11:13:15.272+0530] {processor.py:161} INFO - Started process (PID=3323) to work on /Users/anikbhowmick/Python/Big_Data_Assignment/A02/airflow_env/lib/python3.11/site-packages/airflow/example_dags/tutorial_objectstorage.py
[2024-02-27T11:13:15.274+0530] {processor.py:830} INFO - Processing file /Users/anikbhowmick/Python/Big_Data_Assignment/A02/airflow_env/lib/python3.11/site-packages/airflow/example_dags/tutorial_objectstorage.py for tasks to queue
[2024-02-27T11:13:15.274+0530] {logging_mixin.py:188} INFO - [2024-02-27T11:13:15.274+0530] {dagbag.py:540} INFO - Filling up the DagBag from /Users/anikbhowmick/Python/Big_Data_Assignment/A02/airflow_env/lib/python3.11/site-packages/airflow/example_dags/tutorial_objectstorage.py
[2024-02-27T11:13:15.322+0530] {processor.py:840} INFO - DAG(s) 'tutorial_objectstorage' retrieved from /Users/anikbhowmick/Python/Big_Data_Assignment/A02/airflow_env/lib/python3.11/site-packages/airflow/example_dags/tutorial_objectstorage.py
[2024-02-27T11:13:15.350+0530] {logging_mixin.py:188} INFO - [2024-02-27T11:13:15.350+0530] {dag.py:3047} INFO - Sync 1 DAGs
[2024-02-27T11:13:15.353+0530] {logging_mixin.py:188} INFO - [2024-02-27T11:13:15.353+0530] {dag.py:3834} INFO - Setting next_dagrun for tutorial_objectstorage to None, run_after=None
[2024-02-27T11:13:15.359+0530] {processor.py:183} INFO - Processing /Users/anikbhowmick/Python/Big_Data_Assignment/A02/airflow_env/lib/python3.11/site-packages/airflow/example_dags/tutorial_objectstorage.py took 0.087 seconds
[2024-02-27T11:14:12.782+0530] {processor.py:161} INFO - Started process (PID=3388) to work on /Users/anikbhowmick/Python/Big_Data_Assignment/A02/airflow_env/lib/python3.11/site-packages/airflow/example_dags/tutorial_objectstorage.py
[2024-02-27T11:14:12.782+0530] {processor.py:830} INFO - Processing file /Users/anikbhowmick/Python/Big_Data_Assignment/A02/airflow_env/lib/python3.11/site-packages/airflow/example_dags/tutorial_objectstorage.py for tasks to queue
[2024-02-27T11:14:12.782+0530] {logging_mixin.py:188} INFO - [2024-02-27T11:14:12.782+0530] {dagbag.py:540} INFO - Filling up the DagBag from /Users/anikbhowmick/Python/Big_Data_Assignment/A02/airflow_env/lib/python3.11/site-packages/airflow/example_dags/tutorial_objectstorage.py
[2024-02-27T11:14:12.827+0530] {processor.py:840} INFO - DAG(s) 'tutorial_objectstorage' retrieved from /Users/anikbhowmick/Python/Big_Data_Assignment/A02/airflow_env/lib/python3.11/site-packages/airflow/example_dags/tutorial_objectstorage.py
[2024-02-27T11:14:12.855+0530] {logging_mixin.py:188} INFO - [2024-02-27T11:14:12.855+0530] {dag.py:3047} INFO - Sync 1 DAGs
[2024-02-27T11:14:12.858+0530] {logging_mixin.py:188} INFO - [2024-02-27T11:14:12.858+0530] {dag.py:3834} INFO - Setting next_dagrun for tutorial_objectstorage to None, run_after=None
[2024-02-27T11:14:12.864+0530] {processor.py:183} INFO - Processing /Users/anikbhowmick/Python/Big_Data_Assignment/A02/airflow_env/lib/python3.11/site-packages/airflow/example_dags/tutorial_objectstorage.py took 0.083 seconds
[2024-02-27T11:15:06.590+0530] {processor.py:161} INFO - Started process (PID=3422) to work on /Users/anikbhowmick/Python/Big_Data_Assignment/A02/airflow_env/lib/python3.11/site-packages/airflow/example_dags/tutorial_objectstorage.py
[2024-02-27T11:15:06.590+0530] {processor.py:830} INFO - Processing file /Users/anikbhowmick/Python/Big_Data_Assignment/A02/airflow_env/lib/python3.11/site-packages/airflow/example_dags/tutorial_objectstorage.py for tasks to queue
[2024-02-27T11:15:06.590+0530] {logging_mixin.py:188} INFO - [2024-02-27T11:15:06.590+0530] {dagbag.py:540} INFO - Filling up the DagBag from /Users/anikbhowmick/Python/Big_Data_Assignment/A02/airflow_env/lib/python3.11/site-packages/airflow/example_dags/tutorial_objectstorage.py
[2024-02-27T11:15:06.633+0530] {processor.py:840} INFO - DAG(s) 'tutorial_objectstorage' retrieved from /Users/anikbhowmick/Python/Big_Data_Assignment/A02/airflow_env/lib/python3.11/site-packages/airflow/example_dags/tutorial_objectstorage.py
[2024-02-27T11:15:06.661+0530] {logging_mixin.py:188} INFO - [2024-02-27T11:15:06.661+0530] {dag.py:3047} INFO - Sync 1 DAGs
[2024-02-27T11:15:06.664+0530] {logging_mixin.py:188} INFO - [2024-02-27T11:15:06.664+0530] {dag.py:3834} INFO - Setting next_dagrun for tutorial_objectstorage to None, run_after=None
[2024-02-27T11:15:06.670+0530] {processor.py:183} INFO - Processing /Users/anikbhowmick/Python/Big_Data_Assignment/A02/airflow_env/lib/python3.11/site-packages/airflow/example_dags/tutorial_objectstorage.py took 0.081 seconds
[2024-02-27T11:15:55.950+0530] {processor.py:161} INFO - Started process (PID=3456) to work on /Users/anikbhowmick/Python/Big_Data_Assignment/A02/airflow_env/lib/python3.11/site-packages/airflow/example_dags/tutorial_objectstorage.py
[2024-02-27T11:15:55.950+0530] {processor.py:830} INFO - Processing file /Users/anikbhowmick/Python/Big_Data_Assignment/A02/airflow_env/lib/python3.11/site-packages/airflow/example_dags/tutorial_objectstorage.py for tasks to queue
[2024-02-27T11:15:55.950+0530] {logging_mixin.py:188} INFO - [2024-02-27T11:15:55.950+0530] {dagbag.py:540} INFO - Filling up the DagBag from /Users/anikbhowmick/Python/Big_Data_Assignment/A02/airflow_env/lib/python3.11/site-packages/airflow/example_dags/tutorial_objectstorage.py
[2024-02-27T11:15:55.993+0530] {processor.py:840} INFO - DAG(s) 'tutorial_objectstorage' retrieved from /Users/anikbhowmick/Python/Big_Data_Assignment/A02/airflow_env/lib/python3.11/site-packages/airflow/example_dags/tutorial_objectstorage.py
[2024-02-27T11:15:56.021+0530] {logging_mixin.py:188} INFO - [2024-02-27T11:15:56.021+0530] {dag.py:3047} INFO - Sync 1 DAGs
[2024-02-27T11:15:56.024+0530] {logging_mixin.py:188} INFO - [2024-02-27T11:15:56.023+0530] {dag.py:3834} INFO - Setting next_dagrun for tutorial_objectstorage to None, run_after=None
[2024-02-27T11:15:56.030+0530] {processor.py:183} INFO - Processing /Users/anikbhowmick/Python/Big_Data_Assignment/A02/airflow_env/lib/python3.11/site-packages/airflow/example_dags/tutorial_objectstorage.py took 0.080 seconds
[2024-02-27T11:16:46.893+0530] {processor.py:161} INFO - Started process (PID=3495) to work on /Users/anikbhowmick/Python/Big_Data_Assignment/A02/airflow_env/lib/python3.11/site-packages/airflow/example_dags/tutorial_objectstorage.py
[2024-02-27T11:16:46.893+0530] {processor.py:830} INFO - Processing file /Users/anikbhowmick/Python/Big_Data_Assignment/A02/airflow_env/lib/python3.11/site-packages/airflow/example_dags/tutorial_objectstorage.py for tasks to queue
[2024-02-27T11:16:46.893+0530] {logging_mixin.py:188} INFO - [2024-02-27T11:16:46.893+0530] {dagbag.py:540} INFO - Filling up the DagBag from /Users/anikbhowmick/Python/Big_Data_Assignment/A02/airflow_env/lib/python3.11/site-packages/airflow/example_dags/tutorial_objectstorage.py
[2024-02-27T11:16:46.936+0530] {processor.py:840} INFO - DAG(s) 'tutorial_objectstorage' retrieved from /Users/anikbhowmick/Python/Big_Data_Assignment/A02/airflow_env/lib/python3.11/site-packages/airflow/example_dags/tutorial_objectstorage.py
[2024-02-27T11:16:46.964+0530] {logging_mixin.py:188} INFO - [2024-02-27T11:16:46.964+0530] {dag.py:3047} INFO - Sync 1 DAGs
[2024-02-27T11:16:46.966+0530] {logging_mixin.py:188} INFO - [2024-02-27T11:16:46.966+0530] {dag.py:3834} INFO - Setting next_dagrun for tutorial_objectstorage to None, run_after=None
[2024-02-27T11:16:46.973+0530] {processor.py:183} INFO - Processing /Users/anikbhowmick/Python/Big_Data_Assignment/A02/airflow_env/lib/python3.11/site-packages/airflow/example_dags/tutorial_objectstorage.py took 0.081 seconds
[2024-02-27T11:17:44.221+0530] {processor.py:161} INFO - Started process (PID=3531) to work on /Users/anikbhowmick/Python/Big_Data_Assignment/A02/airflow_env/lib/python3.11/site-packages/airflow/example_dags/tutorial_objectstorage.py
[2024-02-27T11:17:44.222+0530] {processor.py:830} INFO - Processing file /Users/anikbhowmick/Python/Big_Data_Assignment/A02/airflow_env/lib/python3.11/site-packages/airflow/example_dags/tutorial_objectstorage.py for tasks to queue
[2024-02-27T11:17:44.222+0530] {logging_mixin.py:188} INFO - [2024-02-27T11:17:44.222+0530] {dagbag.py:540} INFO - Filling up the DagBag from /Users/anikbhowmick/Python/Big_Data_Assignment/A02/airflow_env/lib/python3.11/site-packages/airflow/example_dags/tutorial_objectstorage.py
[2024-02-27T11:17:44.265+0530] {processor.py:840} INFO - DAG(s) 'tutorial_objectstorage' retrieved from /Users/anikbhowmick/Python/Big_Data_Assignment/A02/airflow_env/lib/python3.11/site-packages/airflow/example_dags/tutorial_objectstorage.py
[2024-02-27T11:17:44.293+0530] {logging_mixin.py:188} INFO - [2024-02-27T11:17:44.293+0530] {dag.py:3047} INFO - Sync 1 DAGs
[2024-02-27T11:17:44.296+0530] {logging_mixin.py:188} INFO - [2024-02-27T11:17:44.296+0530] {dag.py:3834} INFO - Setting next_dagrun for tutorial_objectstorage to None, run_after=None
[2024-02-27T11:17:44.302+0530] {processor.py:183} INFO - Processing /Users/anikbhowmick/Python/Big_Data_Assignment/A02/airflow_env/lib/python3.11/site-packages/airflow/example_dags/tutorial_objectstorage.py took 0.081 seconds
[2024-02-27T11:18:41.443+0530] {processor.py:161} INFO - Started process (PID=3567) to work on /Users/anikbhowmick/Python/Big_Data_Assignment/A02/airflow_env/lib/python3.11/site-packages/airflow/example_dags/tutorial_objectstorage.py
[2024-02-27T11:18:41.444+0530] {processor.py:830} INFO - Processing file /Users/anikbhowmick/Python/Big_Data_Assignment/A02/airflow_env/lib/python3.11/site-packages/airflow/example_dags/tutorial_objectstorage.py for tasks to queue
[2024-02-27T11:18:41.444+0530] {logging_mixin.py:188} INFO - [2024-02-27T11:18:41.444+0530] {dagbag.py:540} INFO - Filling up the DagBag from /Users/anikbhowmick/Python/Big_Data_Assignment/A02/airflow_env/lib/python3.11/site-packages/airflow/example_dags/tutorial_objectstorage.py
[2024-02-27T11:18:41.486+0530] {processor.py:840} INFO - DAG(s) 'tutorial_objectstorage' retrieved from /Users/anikbhowmick/Python/Big_Data_Assignment/A02/airflow_env/lib/python3.11/site-packages/airflow/example_dags/tutorial_objectstorage.py
[2024-02-27T11:18:41.514+0530] {logging_mixin.py:188} INFO - [2024-02-27T11:18:41.514+0530] {dag.py:3047} INFO - Sync 1 DAGs
[2024-02-27T11:18:41.517+0530] {logging_mixin.py:188} INFO - [2024-02-27T11:18:41.517+0530] {dag.py:3834} INFO - Setting next_dagrun for tutorial_objectstorage to None, run_after=None
[2024-02-27T11:18:41.523+0530] {processor.py:183} INFO - Processing /Users/anikbhowmick/Python/Big_Data_Assignment/A02/airflow_env/lib/python3.11/site-packages/airflow/example_dags/tutorial_objectstorage.py took 0.080 seconds
[2024-02-27T11:19:52.701+0530] {processor.py:161} INFO - Started process (PID=3655) to work on /Users/anikbhowmick/Python/Big_Data_Assignment/A02/airflow_env/lib/python3.11/site-packages/airflow/example_dags/tutorial_objectstorage.py
[2024-02-27T11:19:52.702+0530] {processor.py:830} INFO - Processing file /Users/anikbhowmick/Python/Big_Data_Assignment/A02/airflow_env/lib/python3.11/site-packages/airflow/example_dags/tutorial_objectstorage.py for tasks to queue
[2024-02-27T11:19:52.702+0530] {logging_mixin.py:188} INFO - [2024-02-27T11:19:52.702+0530] {dagbag.py:540} INFO - Filling up the DagBag from /Users/anikbhowmick/Python/Big_Data_Assignment/A02/airflow_env/lib/python3.11/site-packages/airflow/example_dags/tutorial_objectstorage.py
[2024-02-27T11:19:52.746+0530] {processor.py:840} INFO - DAG(s) 'tutorial_objectstorage' retrieved from /Users/anikbhowmick/Python/Big_Data_Assignment/A02/airflow_env/lib/python3.11/site-packages/airflow/example_dags/tutorial_objectstorage.py
[2024-02-27T11:19:52.774+0530] {logging_mixin.py:188} INFO - [2024-02-27T11:19:52.774+0530] {dag.py:3047} INFO - Sync 1 DAGs
[2024-02-27T11:19:52.777+0530] {logging_mixin.py:188} INFO - [2024-02-27T11:19:52.777+0530] {dag.py:3834} INFO - Setting next_dagrun for tutorial_objectstorage to None, run_after=None
[2024-02-27T11:19:52.786+0530] {processor.py:183} INFO - Processing /Users/anikbhowmick/Python/Big_Data_Assignment/A02/airflow_env/lib/python3.11/site-packages/airflow/example_dags/tutorial_objectstorage.py took 0.085 seconds
[2024-02-27T11:21:17.578+0530] {processor.py:161} INFO - Started process (PID=3708) to work on /Users/anikbhowmick/Python/Big_Data_Assignment/A02/airflow_env/lib/python3.11/site-packages/airflow/example_dags/tutorial_objectstorage.py
[2024-02-27T11:21:17.579+0530] {processor.py:830} INFO - Processing file /Users/anikbhowmick/Python/Big_Data_Assignment/A02/airflow_env/lib/python3.11/site-packages/airflow/example_dags/tutorial_objectstorage.py for tasks to queue
[2024-02-27T11:21:17.579+0530] {logging_mixin.py:188} INFO - [2024-02-27T11:21:17.579+0530] {dagbag.py:540} INFO - Filling up the DagBag from /Users/anikbhowmick/Python/Big_Data_Assignment/A02/airflow_env/lib/python3.11/site-packages/airflow/example_dags/tutorial_objectstorage.py
[2024-02-27T11:21:17.626+0530] {processor.py:840} INFO - DAG(s) 'tutorial_objectstorage' retrieved from /Users/anikbhowmick/Python/Big_Data_Assignment/A02/airflow_env/lib/python3.11/site-packages/airflow/example_dags/tutorial_objectstorage.py
[2024-02-27T11:21:17.654+0530] {logging_mixin.py:188} INFO - [2024-02-27T11:21:17.654+0530] {dag.py:3047} INFO - Sync 1 DAGs
[2024-02-27T11:21:17.657+0530] {logging_mixin.py:188} INFO - [2024-02-27T11:21:17.657+0530] {dag.py:3834} INFO - Setting next_dagrun for tutorial_objectstorage to None, run_after=None
[2024-02-27T11:21:17.663+0530] {processor.py:183} INFO - Processing /Users/anikbhowmick/Python/Big_Data_Assignment/A02/airflow_env/lib/python3.11/site-packages/airflow/example_dags/tutorial_objectstorage.py took 0.085 seconds
[2024-02-27T11:22:17.777+0530] {processor.py:161} INFO - Started process (PID=3774) to work on /Users/anikbhowmick/Python/Big_Data_Assignment/A02/airflow_env/lib/python3.11/site-packages/airflow/example_dags/tutorial_objectstorage.py
[2024-02-27T11:22:17.778+0530] {processor.py:830} INFO - Processing file /Users/anikbhowmick/Python/Big_Data_Assignment/A02/airflow_env/lib/python3.11/site-packages/airflow/example_dags/tutorial_objectstorage.py for tasks to queue
[2024-02-27T11:22:17.778+0530] {logging_mixin.py:188} INFO - [2024-02-27T11:22:17.778+0530] {dagbag.py:540} INFO - Filling up the DagBag from /Users/anikbhowmick/Python/Big_Data_Assignment/A02/airflow_env/lib/python3.11/site-packages/airflow/example_dags/tutorial_objectstorage.py
[2024-02-27T11:22:17.843+0530] {processor.py:840} INFO - DAG(s) 'tutorial_objectstorage' retrieved from /Users/anikbhowmick/Python/Big_Data_Assignment/A02/airflow_env/lib/python3.11/site-packages/airflow/example_dags/tutorial_objectstorage.py
[2024-02-27T11:22:17.873+0530] {logging_mixin.py:188} INFO - [2024-02-27T11:22:17.872+0530] {dag.py:3047} INFO - Sync 1 DAGs
[2024-02-27T11:22:17.875+0530] {logging_mixin.py:188} INFO - [2024-02-27T11:22:17.875+0530] {dag.py:3834} INFO - Setting next_dagrun for tutorial_objectstorage to None, run_after=None
[2024-02-27T11:22:17.882+0530] {processor.py:183} INFO - Processing /Users/anikbhowmick/Python/Big_Data_Assignment/A02/airflow_env/lib/python3.11/site-packages/airflow/example_dags/tutorial_objectstorage.py took 0.105 seconds
[2024-02-27T11:23:52.490+0530] {processor.py:161} INFO - Started process (PID=3873) to work on /Users/anikbhowmick/Python/Big_Data_Assignment/A02/airflow_env/lib/python3.11/site-packages/airflow/example_dags/tutorial_objectstorage.py
[2024-02-27T11:23:52.491+0530] {processor.py:830} INFO - Processing file /Users/anikbhowmick/Python/Big_Data_Assignment/A02/airflow_env/lib/python3.11/site-packages/airflow/example_dags/tutorial_objectstorage.py for tasks to queue
[2024-02-27T11:23:52.491+0530] {logging_mixin.py:188} INFO - [2024-02-27T11:23:52.491+0530] {dagbag.py:540} INFO - Filling up the DagBag from /Users/anikbhowmick/Python/Big_Data_Assignment/A02/airflow_env/lib/python3.11/site-packages/airflow/example_dags/tutorial_objectstorage.py
[2024-02-27T11:23:52.533+0530] {processor.py:840} INFO - DAG(s) 'tutorial_objectstorage' retrieved from /Users/anikbhowmick/Python/Big_Data_Assignment/A02/airflow_env/lib/python3.11/site-packages/airflow/example_dags/tutorial_objectstorage.py
[2024-02-27T11:23:52.561+0530] {logging_mixin.py:188} INFO - [2024-02-27T11:23:52.560+0530] {dag.py:3047} INFO - Sync 1 DAGs
[2024-02-27T11:23:52.563+0530] {logging_mixin.py:188} INFO - [2024-02-27T11:23:52.563+0530] {dag.py:3834} INFO - Setting next_dagrun for tutorial_objectstorage to None, run_after=None
[2024-02-27T11:23:52.569+0530] {processor.py:183} INFO - Processing /Users/anikbhowmick/Python/Big_Data_Assignment/A02/airflow_env/lib/python3.11/site-packages/airflow/example_dags/tutorial_objectstorage.py took 0.080 seconds
[2024-02-27T11:25:31.261+0530] {processor.py:161} INFO - Started process (PID=3951) to work on /Users/anikbhowmick/Python/Big_Data_Assignment/A02/airflow_env/lib/python3.11/site-packages/airflow/example_dags/tutorial_objectstorage.py
[2024-02-27T11:25:31.262+0530] {processor.py:830} INFO - Processing file /Users/anikbhowmick/Python/Big_Data_Assignment/A02/airflow_env/lib/python3.11/site-packages/airflow/example_dags/tutorial_objectstorage.py for tasks to queue
[2024-02-27T11:25:31.263+0530] {logging_mixin.py:188} INFO - [2024-02-27T11:25:31.263+0530] {dagbag.py:540} INFO - Filling up the DagBag from /Users/anikbhowmick/Python/Big_Data_Assignment/A02/airflow_env/lib/python3.11/site-packages/airflow/example_dags/tutorial_objectstorage.py
[2024-02-27T11:25:31.312+0530] {processor.py:840} INFO - DAG(s) 'tutorial_objectstorage' retrieved from /Users/anikbhowmick/Python/Big_Data_Assignment/A02/airflow_env/lib/python3.11/site-packages/airflow/example_dags/tutorial_objectstorage.py
[2024-02-27T11:25:31.340+0530] {logging_mixin.py:188} INFO - [2024-02-27T11:25:31.340+0530] {dag.py:3047} INFO - Sync 1 DAGs
[2024-02-27T11:25:31.343+0530] {logging_mixin.py:188} INFO - [2024-02-27T11:25:31.343+0530] {dag.py:3834} INFO - Setting next_dagrun for tutorial_objectstorage to None, run_after=None
[2024-02-27T11:25:31.349+0530] {processor.py:183} INFO - Processing /Users/anikbhowmick/Python/Big_Data_Assignment/A02/airflow_env/lib/python3.11/site-packages/airflow/example_dags/tutorial_objectstorage.py took 0.088 seconds
[2024-02-27T11:26:24.370+0530] {processor.py:161} INFO - Started process (PID=3991) to work on /Users/anikbhowmick/Python/Big_Data_Assignment/A02/airflow_env/lib/python3.11/site-packages/airflow/example_dags/tutorial_objectstorage.py
[2024-02-27T11:26:24.371+0530] {processor.py:830} INFO - Processing file /Users/anikbhowmick/Python/Big_Data_Assignment/A02/airflow_env/lib/python3.11/site-packages/airflow/example_dags/tutorial_objectstorage.py for tasks to queue
[2024-02-27T11:26:24.371+0530] {logging_mixin.py:188} INFO - [2024-02-27T11:26:24.371+0530] {dagbag.py:540} INFO - Filling up the DagBag from /Users/anikbhowmick/Python/Big_Data_Assignment/A02/airflow_env/lib/python3.11/site-packages/airflow/example_dags/tutorial_objectstorage.py
[2024-02-27T11:26:24.425+0530] {processor.py:840} INFO - DAG(s) 'tutorial_objectstorage' retrieved from /Users/anikbhowmick/Python/Big_Data_Assignment/A02/airflow_env/lib/python3.11/site-packages/airflow/example_dags/tutorial_objectstorage.py
[2024-02-27T11:26:24.454+0530] {logging_mixin.py:188} INFO - [2024-02-27T11:26:24.454+0530] {dag.py:3047} INFO - Sync 1 DAGs
[2024-02-27T11:26:24.457+0530] {logging_mixin.py:188} INFO - [2024-02-27T11:26:24.457+0530] {dag.py:3834} INFO - Setting next_dagrun for tutorial_objectstorage to None, run_after=None
[2024-02-27T11:26:24.464+0530] {processor.py:183} INFO - Processing /Users/anikbhowmick/Python/Big_Data_Assignment/A02/airflow_env/lib/python3.11/site-packages/airflow/example_dags/tutorial_objectstorage.py took 0.094 seconds
[2024-02-27T11:27:14.887+0530] {processor.py:161} INFO - Started process (PID=4023) to work on /Users/anikbhowmick/Python/Big_Data_Assignment/A02/airflow_env/lib/python3.11/site-packages/airflow/example_dags/tutorial_objectstorage.py
[2024-02-27T11:27:14.888+0530] {processor.py:830} INFO - Processing file /Users/anikbhowmick/Python/Big_Data_Assignment/A02/airflow_env/lib/python3.11/site-packages/airflow/example_dags/tutorial_objectstorage.py for tasks to queue
[2024-02-27T11:27:14.888+0530] {logging_mixin.py:188} INFO - [2024-02-27T11:27:14.888+0530] {dagbag.py:540} INFO - Filling up the DagBag from /Users/anikbhowmick/Python/Big_Data_Assignment/A02/airflow_env/lib/python3.11/site-packages/airflow/example_dags/tutorial_objectstorage.py
[2024-02-27T11:27:14.937+0530] {processor.py:840} INFO - DAG(s) 'tutorial_objectstorage' retrieved from /Users/anikbhowmick/Python/Big_Data_Assignment/A02/airflow_env/lib/python3.11/site-packages/airflow/example_dags/tutorial_objectstorage.py
[2024-02-27T11:27:14.964+0530] {logging_mixin.py:188} INFO - [2024-02-27T11:27:14.964+0530] {dag.py:3047} INFO - Sync 1 DAGs
[2024-02-27T11:27:14.967+0530] {logging_mixin.py:188} INFO - [2024-02-27T11:27:14.967+0530] {dag.py:3834} INFO - Setting next_dagrun for tutorial_objectstorage to None, run_after=None
[2024-02-27T11:27:14.973+0530] {processor.py:183} INFO - Processing /Users/anikbhowmick/Python/Big_Data_Assignment/A02/airflow_env/lib/python3.11/site-packages/airflow/example_dags/tutorial_objectstorage.py took 0.086 seconds
[2024-02-27T11:27:48.798+0530] {processor.py:161} INFO - Started process (PID=4080) to work on /Users/anikbhowmick/Python/Big_Data_Assignment/A02/airflow_env/lib/python3.11/site-packages/airflow/example_dags/tutorial_objectstorage.py
[2024-02-27T11:27:48.799+0530] {processor.py:830} INFO - Processing file /Users/anikbhowmick/Python/Big_Data_Assignment/A02/airflow_env/lib/python3.11/site-packages/airflow/example_dags/tutorial_objectstorage.py for tasks to queue
[2024-02-27T11:27:48.799+0530] {logging_mixin.py:188} INFO - [2024-02-27T11:27:48.799+0530] {dagbag.py:540} INFO - Filling up the DagBag from /Users/anikbhowmick/Python/Big_Data_Assignment/A02/airflow_env/lib/python3.11/site-packages/airflow/example_dags/tutorial_objectstorage.py
[2024-02-27T11:27:48.840+0530] {processor.py:840} INFO - DAG(s) 'tutorial_objectstorage' retrieved from /Users/anikbhowmick/Python/Big_Data_Assignment/A02/airflow_env/lib/python3.11/site-packages/airflow/example_dags/tutorial_objectstorage.py
[2024-02-27T11:27:48.868+0530] {logging_mixin.py:188} INFO - [2024-02-27T11:27:48.868+0530] {dag.py:3047} INFO - Sync 1 DAGs
[2024-02-27T11:27:48.871+0530] {logging_mixin.py:188} INFO - [2024-02-27T11:27:48.871+0530] {dag.py:3834} INFO - Setting next_dagrun for tutorial_objectstorage to None, run_after=None
[2024-02-27T11:27:48.877+0530] {processor.py:183} INFO - Processing /Users/anikbhowmick/Python/Big_Data_Assignment/A02/airflow_env/lib/python3.11/site-packages/airflow/example_dags/tutorial_objectstorage.py took 0.079 seconds
[2024-02-27T11:29:24.504+0530] {processor.py:161} INFO - Started process (PID=4179) to work on /Users/anikbhowmick/Python/Big_Data_Assignment/A02/airflow_env/lib/python3.11/site-packages/airflow/example_dags/tutorial_objectstorage.py
[2024-02-27T11:29:24.505+0530] {processor.py:830} INFO - Processing file /Users/anikbhowmick/Python/Big_Data_Assignment/A02/airflow_env/lib/python3.11/site-packages/airflow/example_dags/tutorial_objectstorage.py for tasks to queue
[2024-02-27T11:29:24.506+0530] {logging_mixin.py:188} INFO - [2024-02-27T11:29:24.505+0530] {dagbag.py:540} INFO - Filling up the DagBag from /Users/anikbhowmick/Python/Big_Data_Assignment/A02/airflow_env/lib/python3.11/site-packages/airflow/example_dags/tutorial_objectstorage.py
[2024-02-27T11:29:24.556+0530] {processor.py:840} INFO - DAG(s) 'tutorial_objectstorage' retrieved from /Users/anikbhowmick/Python/Big_Data_Assignment/A02/airflow_env/lib/python3.11/site-packages/airflow/example_dags/tutorial_objectstorage.py
[2024-02-27T11:29:24.583+0530] {logging_mixin.py:188} INFO - [2024-02-27T11:29:24.583+0530] {dag.py:3047} INFO - Sync 1 DAGs
[2024-02-27T11:29:24.586+0530] {logging_mixin.py:188} INFO - [2024-02-27T11:29:24.586+0530] {dag.py:3834} INFO - Setting next_dagrun for tutorial_objectstorage to None, run_after=None
[2024-02-27T11:29:24.593+0530] {processor.py:183} INFO - Processing /Users/anikbhowmick/Python/Big_Data_Assignment/A02/airflow_env/lib/python3.11/site-packages/airflow/example_dags/tutorial_objectstorage.py took 0.089 seconds
[2024-02-27T11:30:18.322+0530] {processor.py:161} INFO - Started process (PID=4220) to work on /Users/anikbhowmick/Python/Big_Data_Assignment/A02/airflow_env/lib/python3.11/site-packages/airflow/example_dags/tutorial_objectstorage.py
[2024-02-27T11:30:18.323+0530] {processor.py:830} INFO - Processing file /Users/anikbhowmick/Python/Big_Data_Assignment/A02/airflow_env/lib/python3.11/site-packages/airflow/example_dags/tutorial_objectstorage.py for tasks to queue
[2024-02-27T11:30:18.323+0530] {logging_mixin.py:188} INFO - [2024-02-27T11:30:18.323+0530] {dagbag.py:540} INFO - Filling up the DagBag from /Users/anikbhowmick/Python/Big_Data_Assignment/A02/airflow_env/lib/python3.11/site-packages/airflow/example_dags/tutorial_objectstorage.py
[2024-02-27T11:30:18.373+0530] {processor.py:840} INFO - DAG(s) 'tutorial_objectstorage' retrieved from /Users/anikbhowmick/Python/Big_Data_Assignment/A02/airflow_env/lib/python3.11/site-packages/airflow/example_dags/tutorial_objectstorage.py
[2024-02-27T11:30:18.400+0530] {logging_mixin.py:188} INFO - [2024-02-27T11:30:18.400+0530] {dag.py:3047} INFO - Sync 1 DAGs
[2024-02-27T11:30:18.403+0530] {logging_mixin.py:188} INFO - [2024-02-27T11:30:18.403+0530] {dag.py:3834} INFO - Setting next_dagrun for tutorial_objectstorage to None, run_after=None
[2024-02-27T11:30:18.409+0530] {processor.py:183} INFO - Processing /Users/anikbhowmick/Python/Big_Data_Assignment/A02/airflow_env/lib/python3.11/site-packages/airflow/example_dags/tutorial_objectstorage.py took 0.087 seconds
[2024-02-27T11:31:10.034+0530] {processor.py:161} INFO - Started process (PID=4252) to work on /Users/anikbhowmick/Python/Big_Data_Assignment/A02/airflow_env/lib/python3.11/site-packages/airflow/example_dags/tutorial_objectstorage.py
[2024-02-27T11:31:10.035+0530] {processor.py:830} INFO - Processing file /Users/anikbhowmick/Python/Big_Data_Assignment/A02/airflow_env/lib/python3.11/site-packages/airflow/example_dags/tutorial_objectstorage.py for tasks to queue
[2024-02-27T11:31:10.035+0530] {logging_mixin.py:188} INFO - [2024-02-27T11:31:10.035+0530] {dagbag.py:540} INFO - Filling up the DagBag from /Users/anikbhowmick/Python/Big_Data_Assignment/A02/airflow_env/lib/python3.11/site-packages/airflow/example_dags/tutorial_objectstorage.py
[2024-02-27T11:31:10.087+0530] {processor.py:840} INFO - DAG(s) 'tutorial_objectstorage' retrieved from /Users/anikbhowmick/Python/Big_Data_Assignment/A02/airflow_env/lib/python3.11/site-packages/airflow/example_dags/tutorial_objectstorage.py
[2024-02-27T11:31:10.115+0530] {logging_mixin.py:188} INFO - [2024-02-27T11:31:10.115+0530] {dag.py:3047} INFO - Sync 1 DAGs
[2024-02-27T11:31:10.118+0530] {logging_mixin.py:188} INFO - [2024-02-27T11:31:10.118+0530] {dag.py:3834} INFO - Setting next_dagrun for tutorial_objectstorage to None, run_after=None
[2024-02-27T11:31:10.124+0530] {processor.py:183} INFO - Processing /Users/anikbhowmick/Python/Big_Data_Assignment/A02/airflow_env/lib/python3.11/site-packages/airflow/example_dags/tutorial_objectstorage.py took 0.090 seconds
[2024-02-27T11:32:02.000+0530] {processor.py:161} INFO - Started process (PID=4290) to work on /Users/anikbhowmick/Python/Big_Data_Assignment/A02/airflow_env/lib/python3.11/site-packages/airflow/example_dags/tutorial_objectstorage.py
[2024-02-27T11:32:02.001+0530] {processor.py:830} INFO - Processing file /Users/anikbhowmick/Python/Big_Data_Assignment/A02/airflow_env/lib/python3.11/site-packages/airflow/example_dags/tutorial_objectstorage.py for tasks to queue
[2024-02-27T11:32:02.002+0530] {logging_mixin.py:188} INFO - [2024-02-27T11:32:02.001+0530] {dagbag.py:540} INFO - Filling up the DagBag from /Users/anikbhowmick/Python/Big_Data_Assignment/A02/airflow_env/lib/python3.11/site-packages/airflow/example_dags/tutorial_objectstorage.py
[2024-02-27T11:32:02.050+0530] {processor.py:840} INFO - DAG(s) 'tutorial_objectstorage' retrieved from /Users/anikbhowmick/Python/Big_Data_Assignment/A02/airflow_env/lib/python3.11/site-packages/airflow/example_dags/tutorial_objectstorage.py
[2024-02-27T11:32:02.077+0530] {logging_mixin.py:188} INFO - [2024-02-27T11:32:02.077+0530] {dag.py:3047} INFO - Sync 1 DAGs
[2024-02-27T11:32:02.080+0530] {logging_mixin.py:188} INFO - [2024-02-27T11:32:02.080+0530] {dag.py:3834} INFO - Setting next_dagrun for tutorial_objectstorage to None, run_after=None
[2024-02-27T11:32:02.086+0530] {processor.py:183} INFO - Processing /Users/anikbhowmick/Python/Big_Data_Assignment/A02/airflow_env/lib/python3.11/site-packages/airflow/example_dags/tutorial_objectstorage.py took 0.086 seconds
[2024-02-27T11:33:28.734+0530] {processor.py:161} INFO - Started process (PID=4382) to work on /Users/anikbhowmick/Python/Big_Data_Assignment/A02/airflow_env/lib/python3.11/site-packages/airflow/example_dags/tutorial_objectstorage.py
[2024-02-27T11:33:28.735+0530] {processor.py:830} INFO - Processing file /Users/anikbhowmick/Python/Big_Data_Assignment/A02/airflow_env/lib/python3.11/site-packages/airflow/example_dags/tutorial_objectstorage.py for tasks to queue
[2024-02-27T11:33:28.735+0530] {logging_mixin.py:188} INFO - [2024-02-27T11:33:28.735+0530] {dagbag.py:540} INFO - Filling up the DagBag from /Users/anikbhowmick/Python/Big_Data_Assignment/A02/airflow_env/lib/python3.11/site-packages/airflow/example_dags/tutorial_objectstorage.py
[2024-02-27T11:33:28.779+0530] {processor.py:840} INFO - DAG(s) 'tutorial_objectstorage' retrieved from /Users/anikbhowmick/Python/Big_Data_Assignment/A02/airflow_env/lib/python3.11/site-packages/airflow/example_dags/tutorial_objectstorage.py
[2024-02-27T11:33:28.808+0530] {logging_mixin.py:188} INFO - [2024-02-27T11:33:28.807+0530] {dag.py:3047} INFO - Sync 1 DAGs
[2024-02-27T11:33:28.810+0530] {logging_mixin.py:188} INFO - [2024-02-27T11:33:28.810+0530] {dag.py:3834} INFO - Setting next_dagrun for tutorial_objectstorage to None, run_after=None
[2024-02-27T11:33:28.817+0530] {processor.py:183} INFO - Processing /Users/anikbhowmick/Python/Big_Data_Assignment/A02/airflow_env/lib/python3.11/site-packages/airflow/example_dags/tutorial_objectstorage.py took 0.083 seconds
[2024-02-27T11:35:04.275+0530] {processor.py:161} INFO - Started process (PID=4470) to work on /Users/anikbhowmick/Python/Big_Data_Assignment/A02/airflow_env/lib/python3.11/site-packages/airflow/example_dags/tutorial_objectstorage.py
[2024-02-27T11:35:04.275+0530] {processor.py:830} INFO - Processing file /Users/anikbhowmick/Python/Big_Data_Assignment/A02/airflow_env/lib/python3.11/site-packages/airflow/example_dags/tutorial_objectstorage.py for tasks to queue
[2024-02-27T11:35:04.276+0530] {logging_mixin.py:188} INFO - [2024-02-27T11:35:04.276+0530] {dagbag.py:540} INFO - Filling up the DagBag from /Users/anikbhowmick/Python/Big_Data_Assignment/A02/airflow_env/lib/python3.11/site-packages/airflow/example_dags/tutorial_objectstorage.py
[2024-02-27T11:35:04.327+0530] {processor.py:840} INFO - DAG(s) 'tutorial_objectstorage' retrieved from /Users/anikbhowmick/Python/Big_Data_Assignment/A02/airflow_env/lib/python3.11/site-packages/airflow/example_dags/tutorial_objectstorage.py
[2024-02-27T11:35:04.355+0530] {logging_mixin.py:188} INFO - [2024-02-27T11:35:04.354+0530] {dag.py:3047} INFO - Sync 1 DAGs
[2024-02-27T11:35:04.357+0530] {logging_mixin.py:188} INFO - [2024-02-27T11:35:04.357+0530] {dag.py:3834} INFO - Setting next_dagrun for tutorial_objectstorage to None, run_after=None
[2024-02-27T11:35:04.363+0530] {processor.py:183} INFO - Processing /Users/anikbhowmick/Python/Big_Data_Assignment/A02/airflow_env/lib/python3.11/site-packages/airflow/example_dags/tutorial_objectstorage.py took 0.089 seconds
[2024-02-27T11:35:54.732+0530] {processor.py:161} INFO - Started process (PID=4508) to work on /Users/anikbhowmick/Python/Big_Data_Assignment/A02/airflow_env/lib/python3.11/site-packages/airflow/example_dags/tutorial_objectstorage.py
[2024-02-27T11:35:54.733+0530] {processor.py:830} INFO - Processing file /Users/anikbhowmick/Python/Big_Data_Assignment/A02/airflow_env/lib/python3.11/site-packages/airflow/example_dags/tutorial_objectstorage.py for tasks to queue
[2024-02-27T11:35:54.733+0530] {logging_mixin.py:188} INFO - [2024-02-27T11:35:54.733+0530] {dagbag.py:540} INFO - Filling up the DagBag from /Users/anikbhowmick/Python/Big_Data_Assignment/A02/airflow_env/lib/python3.11/site-packages/airflow/example_dags/tutorial_objectstorage.py
[2024-02-27T11:35:54.783+0530] {processor.py:840} INFO - DAG(s) 'tutorial_objectstorage' retrieved from /Users/anikbhowmick/Python/Big_Data_Assignment/A02/airflow_env/lib/python3.11/site-packages/airflow/example_dags/tutorial_objectstorage.py
[2024-02-27T11:35:54.811+0530] {logging_mixin.py:188} INFO - [2024-02-27T11:35:54.811+0530] {dag.py:3047} INFO - Sync 1 DAGs
[2024-02-27T11:35:54.813+0530] {logging_mixin.py:188} INFO - [2024-02-27T11:35:54.813+0530] {dag.py:3834} INFO - Setting next_dagrun for tutorial_objectstorage to None, run_after=None
[2024-02-27T11:35:54.819+0530] {processor.py:183} INFO - Processing /Users/anikbhowmick/Python/Big_Data_Assignment/A02/airflow_env/lib/python3.11/site-packages/airflow/example_dags/tutorial_objectstorage.py took 0.088 seconds
[2024-02-27T11:36:42.793+0530] {processor.py:161} INFO - Started process (PID=4539) to work on /Users/anikbhowmick/Python/Big_Data_Assignment/A02/airflow_env/lib/python3.11/site-packages/airflow/example_dags/tutorial_objectstorage.py
[2024-02-27T11:36:42.795+0530] {processor.py:830} INFO - Processing file /Users/anikbhowmick/Python/Big_Data_Assignment/A02/airflow_env/lib/python3.11/site-packages/airflow/example_dags/tutorial_objectstorage.py for tasks to queue
[2024-02-27T11:36:42.795+0530] {logging_mixin.py:188} INFO - [2024-02-27T11:36:42.795+0530] {dagbag.py:540} INFO - Filling up the DagBag from /Users/anikbhowmick/Python/Big_Data_Assignment/A02/airflow_env/lib/python3.11/site-packages/airflow/example_dags/tutorial_objectstorage.py
[2024-02-27T11:36:42.844+0530] {processor.py:840} INFO - DAG(s) 'tutorial_objectstorage' retrieved from /Users/anikbhowmick/Python/Big_Data_Assignment/A02/airflow_env/lib/python3.11/site-packages/airflow/example_dags/tutorial_objectstorage.py
[2024-02-27T11:36:42.872+0530] {logging_mixin.py:188} INFO - [2024-02-27T11:36:42.872+0530] {dag.py:3047} INFO - Sync 1 DAGs
[2024-02-27T11:36:42.874+0530] {logging_mixin.py:188} INFO - [2024-02-27T11:36:42.874+0530] {dag.py:3834} INFO - Setting next_dagrun for tutorial_objectstorage to None, run_after=None
[2024-02-27T11:36:42.880+0530] {processor.py:183} INFO - Processing /Users/anikbhowmick/Python/Big_Data_Assignment/A02/airflow_env/lib/python3.11/site-packages/airflow/example_dags/tutorial_objectstorage.py took 0.087 seconds
[2024-02-27T11:39:03.477+0530] {processor.py:161} INFO - Started process (PID=4614) to work on /Users/anikbhowmick/Python/Big_Data_Assignment/A02/airflow_env/lib/python3.11/site-packages/airflow/example_dags/tutorial_objectstorage.py
[2024-02-27T11:39:03.478+0530] {processor.py:830} INFO - Processing file /Users/anikbhowmick/Python/Big_Data_Assignment/A02/airflow_env/lib/python3.11/site-packages/airflow/example_dags/tutorial_objectstorage.py for tasks to queue
[2024-02-27T11:39:03.478+0530] {logging_mixin.py:188} INFO - [2024-02-27T11:39:03.478+0530] {dagbag.py:540} INFO - Filling up the DagBag from /Users/anikbhowmick/Python/Big_Data_Assignment/A02/airflow_env/lib/python3.11/site-packages/airflow/example_dags/tutorial_objectstorage.py
[2024-02-27T11:39:03.520+0530] {processor.py:840} INFO - DAG(s) 'tutorial_objectstorage' retrieved from /Users/anikbhowmick/Python/Big_Data_Assignment/A02/airflow_env/lib/python3.11/site-packages/airflow/example_dags/tutorial_objectstorage.py
[2024-02-27T11:39:03.548+0530] {logging_mixin.py:188} INFO - [2024-02-27T11:39:03.548+0530] {dag.py:3047} INFO - Sync 1 DAGs
[2024-02-27T11:39:03.551+0530] {logging_mixin.py:188} INFO - [2024-02-27T11:39:03.551+0530] {dag.py:3834} INFO - Setting next_dagrun for tutorial_objectstorage to None, run_after=None
[2024-02-27T11:39:03.558+0530] {processor.py:183} INFO - Processing /Users/anikbhowmick/Python/Big_Data_Assignment/A02/airflow_env/lib/python3.11/site-packages/airflow/example_dags/tutorial_objectstorage.py took 0.081 seconds
[2024-02-27T11:40:40.193+0530] {processor.py:161} INFO - Started process (PID=4697) to work on /Users/anikbhowmick/Python/Big_Data_Assignment/A02/airflow_env/lib/python3.11/site-packages/airflow/example_dags/tutorial_objectstorage.py
[2024-02-27T11:40:40.193+0530] {processor.py:830} INFO - Processing file /Users/anikbhowmick/Python/Big_Data_Assignment/A02/airflow_env/lib/python3.11/site-packages/airflow/example_dags/tutorial_objectstorage.py for tasks to queue
[2024-02-27T11:40:40.193+0530] {logging_mixin.py:188} INFO - [2024-02-27T11:40:40.193+0530] {dagbag.py:540} INFO - Filling up the DagBag from /Users/anikbhowmick/Python/Big_Data_Assignment/A02/airflow_env/lib/python3.11/site-packages/airflow/example_dags/tutorial_objectstorage.py
[2024-02-27T11:40:40.237+0530] {processor.py:840} INFO - DAG(s) 'tutorial_objectstorage' retrieved from /Users/anikbhowmick/Python/Big_Data_Assignment/A02/airflow_env/lib/python3.11/site-packages/airflow/example_dags/tutorial_objectstorage.py
[2024-02-27T11:40:40.264+0530] {logging_mixin.py:188} INFO - [2024-02-27T11:40:40.264+0530] {dag.py:3047} INFO - Sync 1 DAGs
[2024-02-27T11:40:40.267+0530] {logging_mixin.py:188} INFO - [2024-02-27T11:40:40.267+0530] {dag.py:3834} INFO - Setting next_dagrun for tutorial_objectstorage to None, run_after=None
[2024-02-27T11:40:40.273+0530] {processor.py:183} INFO - Processing /Users/anikbhowmick/Python/Big_Data_Assignment/A02/airflow_env/lib/python3.11/site-packages/airflow/example_dags/tutorial_objectstorage.py took 0.081 seconds
[2024-02-27T11:41:44.230+0530] {processor.py:161} INFO - Started process (PID=4737) to work on /Users/anikbhowmick/Python/Big_Data_Assignment/A02/airflow_env/lib/python3.11/site-packages/airflow/example_dags/tutorial_objectstorage.py
[2024-02-27T11:41:44.231+0530] {processor.py:830} INFO - Processing file /Users/anikbhowmick/Python/Big_Data_Assignment/A02/airflow_env/lib/python3.11/site-packages/airflow/example_dags/tutorial_objectstorage.py for tasks to queue
[2024-02-27T11:41:44.231+0530] {logging_mixin.py:188} INFO - [2024-02-27T11:41:44.231+0530] {dagbag.py:540} INFO - Filling up the DagBag from /Users/anikbhowmick/Python/Big_Data_Assignment/A02/airflow_env/lib/python3.11/site-packages/airflow/example_dags/tutorial_objectstorage.py
[2024-02-27T11:41:44.272+0530] {processor.py:840} INFO - DAG(s) 'tutorial_objectstorage' retrieved from /Users/anikbhowmick/Python/Big_Data_Assignment/A02/airflow_env/lib/python3.11/site-packages/airflow/example_dags/tutorial_objectstorage.py
[2024-02-27T11:41:44.299+0530] {logging_mixin.py:188} INFO - [2024-02-27T11:41:44.299+0530] {dag.py:3047} INFO - Sync 1 DAGs
[2024-02-27T11:41:44.302+0530] {logging_mixin.py:188} INFO - [2024-02-27T11:41:44.302+0530] {dag.py:3834} INFO - Setting next_dagrun for tutorial_objectstorage to None, run_after=None
[2024-02-27T11:41:44.308+0530] {processor.py:183} INFO - Processing /Users/anikbhowmick/Python/Big_Data_Assignment/A02/airflow_env/lib/python3.11/site-packages/airflow/example_dags/tutorial_objectstorage.py took 0.079 seconds
[2024-02-27T11:42:41.779+0530] {processor.py:161} INFO - Started process (PID=4772) to work on /Users/anikbhowmick/Python/Big_Data_Assignment/A02/airflow_env/lib/python3.11/site-packages/airflow/example_dags/tutorial_objectstorage.py
[2024-02-27T11:42:41.780+0530] {processor.py:830} INFO - Processing file /Users/anikbhowmick/Python/Big_Data_Assignment/A02/airflow_env/lib/python3.11/site-packages/airflow/example_dags/tutorial_objectstorage.py for tasks to queue
[2024-02-27T11:42:41.780+0530] {logging_mixin.py:188} INFO - [2024-02-27T11:42:41.780+0530] {dagbag.py:540} INFO - Filling up the DagBag from /Users/anikbhowmick/Python/Big_Data_Assignment/A02/airflow_env/lib/python3.11/site-packages/airflow/example_dags/tutorial_objectstorage.py
[2024-02-27T11:42:41.822+0530] {processor.py:840} INFO - DAG(s) 'tutorial_objectstorage' retrieved from /Users/anikbhowmick/Python/Big_Data_Assignment/A02/airflow_env/lib/python3.11/site-packages/airflow/example_dags/tutorial_objectstorage.py
[2024-02-27T11:42:41.849+0530] {logging_mixin.py:188} INFO - [2024-02-27T11:42:41.849+0530] {dag.py:3047} INFO - Sync 1 DAGs
[2024-02-27T11:42:41.852+0530] {logging_mixin.py:188} INFO - [2024-02-27T11:42:41.852+0530] {dag.py:3834} INFO - Setting next_dagrun for tutorial_objectstorage to None, run_after=None
[2024-02-27T11:42:41.859+0530] {processor.py:183} INFO - Processing /Users/anikbhowmick/Python/Big_Data_Assignment/A02/airflow_env/lib/python3.11/site-packages/airflow/example_dags/tutorial_objectstorage.py took 0.080 seconds
