[2024-02-27T10:45:49.858+0530] {processor.py:161} INFO - Started process (PID=1544) to work on /Users/anikbhowmick/Python/Big_Data_Assignment/A02/airflow_env/lib/python3.11/site-packages/airflow/example_dags/tutorial_dag.py
[2024-02-27T10:45:49.858+0530] {processor.py:830} INFO - Processing file /Users/anikbhowmick/Python/Big_Data_Assignment/A02/airflow_env/lib/python3.11/site-packages/airflow/example_dags/tutorial_dag.py for tasks to queue
[2024-02-27T10:45:49.859+0530] {logging_mixin.py:188} INFO - [2024-02-27T10:45:49.858+0530] {dagbag.py:540} INFO - Filling up the DagBag from /Users/anikbhowmick/Python/Big_Data_Assignment/A02/airflow_env/lib/python3.11/site-packages/airflow/example_dags/tutorial_dag.py
[2024-02-27T10:45:49.867+0530] {processor.py:840} INFO - DAG(s) 'tutorial_dag' retrieved from /Users/anikbhowmick/Python/Big_Data_Assignment/A02/airflow_env/lib/python3.11/site-packages/airflow/example_dags/tutorial_dag.py
[2024-02-27T10:45:49.919+0530] {logging_mixin.py:188} INFO - [2024-02-27T10:45:49.918+0530] {dag.py:3047} INFO - Sync 1 DAGs
[2024-02-27T10:45:49.921+0530] {logging_mixin.py:188} INFO - [2024-02-27T10:45:49.921+0530] {dag.py:3834} INFO - Setting next_dagrun for tutorial_dag to None, run_after=None
[2024-02-27T10:45:49.928+0530] {processor.py:183} INFO - Processing /Users/anikbhowmick/Python/Big_Data_Assignment/A02/airflow_env/lib/python3.11/site-packages/airflow/example_dags/tutorial_dag.py took 0.071 seconds
[2024-02-27T10:47:21.494+0530] {processor.py:161} INFO - Started process (PID=1653) to work on /Users/anikbhowmick/Python/Big_Data_Assignment/A02/airflow_env/lib/python3.11/site-packages/airflow/example_dags/tutorial_dag.py
[2024-02-27T10:47:21.495+0530] {processor.py:830} INFO - Processing file /Users/anikbhowmick/Python/Big_Data_Assignment/A02/airflow_env/lib/python3.11/site-packages/airflow/example_dags/tutorial_dag.py for tasks to queue
[2024-02-27T10:47:21.495+0530] {logging_mixin.py:188} INFO - [2024-02-27T10:47:21.495+0530] {dagbag.py:540} INFO - Filling up the DagBag from /Users/anikbhowmick/Python/Big_Data_Assignment/A02/airflow_env/lib/python3.11/site-packages/airflow/example_dags/tutorial_dag.py
[2024-02-27T10:47:21.503+0530] {processor.py:840} INFO - DAG(s) 'tutorial_dag' retrieved from /Users/anikbhowmick/Python/Big_Data_Assignment/A02/airflow_env/lib/python3.11/site-packages/airflow/example_dags/tutorial_dag.py
[2024-02-27T10:47:21.552+0530] {logging_mixin.py:188} INFO - [2024-02-27T10:47:21.552+0530] {dag.py:3047} INFO - Sync 1 DAGs
[2024-02-27T10:47:21.554+0530] {logging_mixin.py:188} INFO - [2024-02-27T10:47:21.554+0530] {dag.py:3834} INFO - Setting next_dagrun for tutorial_dag to None, run_after=None
[2024-02-27T10:47:21.561+0530] {processor.py:183} INFO - Processing /Users/anikbhowmick/Python/Big_Data_Assignment/A02/airflow_env/lib/python3.11/site-packages/airflow/example_dags/tutorial_dag.py took 0.068 seconds
[2024-02-27T10:49:19.377+0530] {processor.py:161} INFO - Started process (PID=1750) to work on /Users/anikbhowmick/Python/Big_Data_Assignment/A02/airflow_env/lib/python3.11/site-packages/airflow/example_dags/tutorial_dag.py
[2024-02-27T10:49:19.378+0530] {processor.py:830} INFO - Processing file /Users/anikbhowmick/Python/Big_Data_Assignment/A02/airflow_env/lib/python3.11/site-packages/airflow/example_dags/tutorial_dag.py for tasks to queue
[2024-02-27T10:49:19.379+0530] {logging_mixin.py:188} INFO - [2024-02-27T10:49:19.378+0530] {dagbag.py:540} INFO - Filling up the DagBag from /Users/anikbhowmick/Python/Big_Data_Assignment/A02/airflow_env/lib/python3.11/site-packages/airflow/example_dags/tutorial_dag.py
[2024-02-27T10:49:19.386+0530] {processor.py:840} INFO - DAG(s) 'tutorial_dag' retrieved from /Users/anikbhowmick/Python/Big_Data_Assignment/A02/airflow_env/lib/python3.11/site-packages/airflow/example_dags/tutorial_dag.py
[2024-02-27T10:49:19.435+0530] {logging_mixin.py:188} INFO - [2024-02-27T10:49:19.434+0530] {dag.py:3047} INFO - Sync 1 DAGs
[2024-02-27T10:49:19.437+0530] {logging_mixin.py:188} INFO - [2024-02-27T10:49:19.437+0530] {dag.py:3834} INFO - Setting next_dagrun for tutorial_dag to None, run_after=None
[2024-02-27T10:49:19.444+0530] {processor.py:183} INFO - Processing /Users/anikbhowmick/Python/Big_Data_Assignment/A02/airflow_env/lib/python3.11/site-packages/airflow/example_dags/tutorial_dag.py took 0.067 seconds
[2024-02-27T10:50:46.692+0530] {processor.py:161} INFO - Started process (PID=1836) to work on /Users/anikbhowmick/Python/Big_Data_Assignment/A02/airflow_env/lib/python3.11/site-packages/airflow/example_dags/tutorial_dag.py
[2024-02-27T10:50:46.693+0530] {processor.py:830} INFO - Processing file /Users/anikbhowmick/Python/Big_Data_Assignment/A02/airflow_env/lib/python3.11/site-packages/airflow/example_dags/tutorial_dag.py for tasks to queue
[2024-02-27T10:50:46.693+0530] {logging_mixin.py:188} INFO - [2024-02-27T10:50:46.693+0530] {dagbag.py:540} INFO - Filling up the DagBag from /Users/anikbhowmick/Python/Big_Data_Assignment/A02/airflow_env/lib/python3.11/site-packages/airflow/example_dags/tutorial_dag.py
[2024-02-27T10:50:46.701+0530] {processor.py:840} INFO - DAG(s) 'tutorial_dag' retrieved from /Users/anikbhowmick/Python/Big_Data_Assignment/A02/airflow_env/lib/python3.11/site-packages/airflow/example_dags/tutorial_dag.py
[2024-02-27T10:50:46.750+0530] {logging_mixin.py:188} INFO - [2024-02-27T10:50:46.750+0530] {dag.py:3047} INFO - Sync 1 DAGs
[2024-02-27T10:50:46.752+0530] {logging_mixin.py:188} INFO - [2024-02-27T10:50:46.752+0530] {dag.py:3834} INFO - Setting next_dagrun for tutorial_dag to None, run_after=None
[2024-02-27T10:50:46.759+0530] {processor.py:183} INFO - Processing /Users/anikbhowmick/Python/Big_Data_Assignment/A02/airflow_env/lib/python3.11/site-packages/airflow/example_dags/tutorial_dag.py took 0.067 seconds
[2024-02-27T10:52:01.538+0530] {processor.py:161} INFO - Started process (PID=1938) to work on /Users/anikbhowmick/Python/Big_Data_Assignment/A02/airflow_env/lib/python3.11/site-packages/airflow/example_dags/tutorial_dag.py
[2024-02-27T10:52:01.539+0530] {processor.py:830} INFO - Processing file /Users/anikbhowmick/Python/Big_Data_Assignment/A02/airflow_env/lib/python3.11/site-packages/airflow/example_dags/tutorial_dag.py for tasks to queue
[2024-02-27T10:52:01.539+0530] {logging_mixin.py:188} INFO - [2024-02-27T10:52:01.539+0530] {dagbag.py:540} INFO - Filling up the DagBag from /Users/anikbhowmick/Python/Big_Data_Assignment/A02/airflow_env/lib/python3.11/site-packages/airflow/example_dags/tutorial_dag.py
[2024-02-27T10:52:01.546+0530] {processor.py:840} INFO - DAG(s) 'tutorial_dag' retrieved from /Users/anikbhowmick/Python/Big_Data_Assignment/A02/airflow_env/lib/python3.11/site-packages/airflow/example_dags/tutorial_dag.py
[2024-02-27T10:52:01.596+0530] {logging_mixin.py:188} INFO - [2024-02-27T10:52:01.596+0530] {dag.py:3047} INFO - Sync 1 DAGs
[2024-02-27T10:52:01.599+0530] {logging_mixin.py:188} INFO - [2024-02-27T10:52:01.599+0530] {dag.py:3834} INFO - Setting next_dagrun for tutorial_dag to None, run_after=None
[2024-02-27T10:52:01.606+0530] {processor.py:183} INFO - Processing /Users/anikbhowmick/Python/Big_Data_Assignment/A02/airflow_env/lib/python3.11/site-packages/airflow/example_dags/tutorial_dag.py took 0.068 seconds
[2024-02-27T10:53:51.501+0530] {processor.py:161} INFO - Started process (PID=2050) to work on /Users/anikbhowmick/Python/Big_Data_Assignment/A02/airflow_env/lib/python3.11/site-packages/airflow/example_dags/tutorial_dag.py
[2024-02-27T10:53:51.502+0530] {processor.py:830} INFO - Processing file /Users/anikbhowmick/Python/Big_Data_Assignment/A02/airflow_env/lib/python3.11/site-packages/airflow/example_dags/tutorial_dag.py for tasks to queue
[2024-02-27T10:53:51.502+0530] {logging_mixin.py:188} INFO - [2024-02-27T10:53:51.502+0530] {dagbag.py:540} INFO - Filling up the DagBag from /Users/anikbhowmick/Python/Big_Data_Assignment/A02/airflow_env/lib/python3.11/site-packages/airflow/example_dags/tutorial_dag.py
[2024-02-27T10:53:51.511+0530] {processor.py:840} INFO - DAG(s) 'tutorial_dag' retrieved from /Users/anikbhowmick/Python/Big_Data_Assignment/A02/airflow_env/lib/python3.11/site-packages/airflow/example_dags/tutorial_dag.py
[2024-02-27T10:53:51.565+0530] {logging_mixin.py:188} INFO - [2024-02-27T10:53:51.565+0530] {dag.py:3047} INFO - Sync 1 DAGs
[2024-02-27T10:53:51.568+0530] {logging_mixin.py:188} INFO - [2024-02-27T10:53:51.568+0530] {dag.py:3834} INFO - Setting next_dagrun for tutorial_dag to None, run_after=None
[2024-02-27T10:53:51.574+0530] {processor.py:183} INFO - Processing /Users/anikbhowmick/Python/Big_Data_Assignment/A02/airflow_env/lib/python3.11/site-packages/airflow/example_dags/tutorial_dag.py took 0.074 seconds
[2024-02-27T10:55:26.089+0530] {processor.py:161} INFO - Started process (PID=2193) to work on /Users/anikbhowmick/Python/Big_Data_Assignment/A02/airflow_env/lib/python3.11/site-packages/airflow/example_dags/tutorial_dag.py
[2024-02-27T10:55:26.090+0530] {processor.py:830} INFO - Processing file /Users/anikbhowmick/Python/Big_Data_Assignment/A02/airflow_env/lib/python3.11/site-packages/airflow/example_dags/tutorial_dag.py for tasks to queue
[2024-02-27T10:55:26.090+0530] {logging_mixin.py:188} INFO - [2024-02-27T10:55:26.090+0530] {dagbag.py:540} INFO - Filling up the DagBag from /Users/anikbhowmick/Python/Big_Data_Assignment/A02/airflow_env/lib/python3.11/site-packages/airflow/example_dags/tutorial_dag.py
[2024-02-27T10:55:26.099+0530] {processor.py:840} INFO - DAG(s) 'tutorial_dag' retrieved from /Users/anikbhowmick/Python/Big_Data_Assignment/A02/airflow_env/lib/python3.11/site-packages/airflow/example_dags/tutorial_dag.py
[2024-02-27T10:55:26.147+0530] {logging_mixin.py:188} INFO - [2024-02-27T10:55:26.147+0530] {dag.py:3047} INFO - Sync 1 DAGs
[2024-02-27T10:55:26.150+0530] {logging_mixin.py:188} INFO - [2024-02-27T10:55:26.150+0530] {dag.py:3834} INFO - Setting next_dagrun for tutorial_dag to None, run_after=None
[2024-02-27T10:55:26.156+0530] {processor.py:183} INFO - Processing /Users/anikbhowmick/Python/Big_Data_Assignment/A02/airflow_env/lib/python3.11/site-packages/airflow/example_dags/tutorial_dag.py took 0.068 seconds
[2024-02-27T10:57:09.720+0530] {processor.py:161} INFO - Started process (PID=2323) to work on /Users/anikbhowmick/Python/Big_Data_Assignment/A02/airflow_env/lib/python3.11/site-packages/airflow/example_dags/tutorial_dag.py
[2024-02-27T10:57:09.721+0530] {processor.py:830} INFO - Processing file /Users/anikbhowmick/Python/Big_Data_Assignment/A02/airflow_env/lib/python3.11/site-packages/airflow/example_dags/tutorial_dag.py for tasks to queue
[2024-02-27T10:57:09.721+0530] {logging_mixin.py:188} INFO - [2024-02-27T10:57:09.721+0530] {dagbag.py:540} INFO - Filling up the DagBag from /Users/anikbhowmick/Python/Big_Data_Assignment/A02/airflow_env/lib/python3.11/site-packages/airflow/example_dags/tutorial_dag.py
[2024-02-27T10:57:09.729+0530] {processor.py:840} INFO - DAG(s) 'tutorial_dag' retrieved from /Users/anikbhowmick/Python/Big_Data_Assignment/A02/airflow_env/lib/python3.11/site-packages/airflow/example_dags/tutorial_dag.py
[2024-02-27T10:57:09.779+0530] {logging_mixin.py:188} INFO - [2024-02-27T10:57:09.779+0530] {dag.py:3047} INFO - Sync 1 DAGs
[2024-02-27T10:57:09.782+0530] {logging_mixin.py:188} INFO - [2024-02-27T10:57:09.782+0530] {dag.py:3834} INFO - Setting next_dagrun for tutorial_dag to None, run_after=None
[2024-02-27T10:57:09.788+0530] {processor.py:183} INFO - Processing /Users/anikbhowmick/Python/Big_Data_Assignment/A02/airflow_env/lib/python3.11/site-packages/airflow/example_dags/tutorial_dag.py took 0.068 seconds
[2024-02-27T10:58:44.972+0530] {processor.py:161} INFO - Started process (PID=2433) to work on /Users/anikbhowmick/Python/Big_Data_Assignment/A02/airflow_env/lib/python3.11/site-packages/airflow/example_dags/tutorial_dag.py
[2024-02-27T10:58:44.973+0530] {processor.py:830} INFO - Processing file /Users/anikbhowmick/Python/Big_Data_Assignment/A02/airflow_env/lib/python3.11/site-packages/airflow/example_dags/tutorial_dag.py for tasks to queue
[2024-02-27T10:58:44.973+0530] {logging_mixin.py:188} INFO - [2024-02-27T10:58:44.973+0530] {dagbag.py:540} INFO - Filling up the DagBag from /Users/anikbhowmick/Python/Big_Data_Assignment/A02/airflow_env/lib/python3.11/site-packages/airflow/example_dags/tutorial_dag.py
[2024-02-27T10:58:44.981+0530] {processor.py:840} INFO - DAG(s) 'tutorial_dag' retrieved from /Users/anikbhowmick/Python/Big_Data_Assignment/A02/airflow_env/lib/python3.11/site-packages/airflow/example_dags/tutorial_dag.py
[2024-02-27T10:58:45.030+0530] {logging_mixin.py:188} INFO - [2024-02-27T10:58:45.029+0530] {dag.py:3047} INFO - Sync 1 DAGs
[2024-02-27T10:58:45.032+0530] {logging_mixin.py:188} INFO - [2024-02-27T10:58:45.032+0530] {dag.py:3834} INFO - Setting next_dagrun for tutorial_dag to None, run_after=None
[2024-02-27T10:58:45.039+0530] {processor.py:183} INFO - Processing /Users/anikbhowmick/Python/Big_Data_Assignment/A02/airflow_env/lib/python3.11/site-packages/airflow/example_dags/tutorial_dag.py took 0.067 seconds
[2024-02-27T10:59:39.075+0530] {processor.py:161} INFO - Started process (PID=2490) to work on /Users/anikbhowmick/Python/Big_Data_Assignment/A02/airflow_env/lib/python3.11/site-packages/airflow/example_dags/tutorial_dag.py
[2024-02-27T10:59:39.076+0530] {processor.py:830} INFO - Processing file /Users/anikbhowmick/Python/Big_Data_Assignment/A02/airflow_env/lib/python3.11/site-packages/airflow/example_dags/tutorial_dag.py for tasks to queue
[2024-02-27T10:59:39.077+0530] {logging_mixin.py:188} INFO - [2024-02-27T10:59:39.076+0530] {dagbag.py:540} INFO - Filling up the DagBag from /Users/anikbhowmick/Python/Big_Data_Assignment/A02/airflow_env/lib/python3.11/site-packages/airflow/example_dags/tutorial_dag.py
[2024-02-27T10:59:39.084+0530] {processor.py:840} INFO - DAG(s) 'tutorial_dag' retrieved from /Users/anikbhowmick/Python/Big_Data_Assignment/A02/airflow_env/lib/python3.11/site-packages/airflow/example_dags/tutorial_dag.py
[2024-02-27T10:59:39.133+0530] {logging_mixin.py:188} INFO - [2024-02-27T10:59:39.133+0530] {dag.py:3047} INFO - Sync 1 DAGs
[2024-02-27T10:59:39.136+0530] {logging_mixin.py:188} INFO - [2024-02-27T10:59:39.136+0530] {dag.py:3834} INFO - Setting next_dagrun for tutorial_dag to None, run_after=None
[2024-02-27T10:59:39.142+0530] {processor.py:183} INFO - Processing /Users/anikbhowmick/Python/Big_Data_Assignment/A02/airflow_env/lib/python3.11/site-packages/airflow/example_dags/tutorial_dag.py took 0.068 seconds
[2024-02-27T11:01:39.808+0530] {processor.py:161} INFO - Started process (PID=2653) to work on /Users/anikbhowmick/Python/Big_Data_Assignment/A02/airflow_env/lib/python3.11/site-packages/airflow/example_dags/tutorial_dag.py
[2024-02-27T11:01:39.809+0530] {processor.py:830} INFO - Processing file /Users/anikbhowmick/Python/Big_Data_Assignment/A02/airflow_env/lib/python3.11/site-packages/airflow/example_dags/tutorial_dag.py for tasks to queue
[2024-02-27T11:01:39.809+0530] {logging_mixin.py:188} INFO - [2024-02-27T11:01:39.809+0530] {dagbag.py:540} INFO - Filling up the DagBag from /Users/anikbhowmick/Python/Big_Data_Assignment/A02/airflow_env/lib/python3.11/site-packages/airflow/example_dags/tutorial_dag.py
[2024-02-27T11:01:39.817+0530] {processor.py:840} INFO - DAG(s) 'tutorial_dag' retrieved from /Users/anikbhowmick/Python/Big_Data_Assignment/A02/airflow_env/lib/python3.11/site-packages/airflow/example_dags/tutorial_dag.py
[2024-02-27T11:01:39.866+0530] {logging_mixin.py:188} INFO - [2024-02-27T11:01:39.866+0530] {dag.py:3047} INFO - Sync 1 DAGs
[2024-02-27T11:01:39.869+0530] {logging_mixin.py:188} INFO - [2024-02-27T11:01:39.869+0530] {dag.py:3834} INFO - Setting next_dagrun for tutorial_dag to None, run_after=None
[2024-02-27T11:01:39.875+0530] {processor.py:183} INFO - Processing /Users/anikbhowmick/Python/Big_Data_Assignment/A02/airflow_env/lib/python3.11/site-packages/airflow/example_dags/tutorial_dag.py took 0.068 seconds
[2024-02-27T11:02:57.261+0530] {processor.py:161} INFO - Started process (PID=2746) to work on /Users/anikbhowmick/Python/Big_Data_Assignment/A02/airflow_env/lib/python3.11/site-packages/airflow/example_dags/tutorial_dag.py
[2024-02-27T11:02:57.262+0530] {processor.py:830} INFO - Processing file /Users/anikbhowmick/Python/Big_Data_Assignment/A02/airflow_env/lib/python3.11/site-packages/airflow/example_dags/tutorial_dag.py for tasks to queue
[2024-02-27T11:02:57.262+0530] {logging_mixin.py:188} INFO - [2024-02-27T11:02:57.262+0530] {dagbag.py:540} INFO - Filling up the DagBag from /Users/anikbhowmick/Python/Big_Data_Assignment/A02/airflow_env/lib/python3.11/site-packages/airflow/example_dags/tutorial_dag.py
[2024-02-27T11:02:57.270+0530] {processor.py:840} INFO - DAG(s) 'tutorial_dag' retrieved from /Users/anikbhowmick/Python/Big_Data_Assignment/A02/airflow_env/lib/python3.11/site-packages/airflow/example_dags/tutorial_dag.py
[2024-02-27T11:02:57.320+0530] {logging_mixin.py:188} INFO - [2024-02-27T11:02:57.320+0530] {dag.py:3047} INFO - Sync 1 DAGs
[2024-02-27T11:02:57.323+0530] {logging_mixin.py:188} INFO - [2024-02-27T11:02:57.323+0530] {dag.py:3834} INFO - Setting next_dagrun for tutorial_dag to None, run_after=None
[2024-02-27T11:02:57.329+0530] {processor.py:183} INFO - Processing /Users/anikbhowmick/Python/Big_Data_Assignment/A02/airflow_env/lib/python3.11/site-packages/airflow/example_dags/tutorial_dag.py took 0.069 seconds
[2024-02-27T11:03:46.935+0530] {processor.py:161} INFO - Started process (PID=2801) to work on /Users/anikbhowmick/Python/Big_Data_Assignment/A02/airflow_env/lib/python3.11/site-packages/airflow/example_dags/tutorial_dag.py
[2024-02-27T11:03:46.936+0530] {processor.py:830} INFO - Processing file /Users/anikbhowmick/Python/Big_Data_Assignment/A02/airflow_env/lib/python3.11/site-packages/airflow/example_dags/tutorial_dag.py for tasks to queue
[2024-02-27T11:03:46.936+0530] {logging_mixin.py:188} INFO - [2024-02-27T11:03:46.936+0530] {dagbag.py:540} INFO - Filling up the DagBag from /Users/anikbhowmick/Python/Big_Data_Assignment/A02/airflow_env/lib/python3.11/site-packages/airflow/example_dags/tutorial_dag.py
[2024-02-27T11:03:46.945+0530] {processor.py:840} INFO - DAG(s) 'tutorial_dag' retrieved from /Users/anikbhowmick/Python/Big_Data_Assignment/A02/airflow_env/lib/python3.11/site-packages/airflow/example_dags/tutorial_dag.py
[2024-02-27T11:03:46.993+0530] {logging_mixin.py:188} INFO - [2024-02-27T11:03:46.993+0530] {dag.py:3047} INFO - Sync 1 DAGs
[2024-02-27T11:03:46.996+0530] {logging_mixin.py:188} INFO - [2024-02-27T11:03:46.996+0530] {dag.py:3834} INFO - Setting next_dagrun for tutorial_dag to None, run_after=None
[2024-02-27T11:03:47.002+0530] {processor.py:183} INFO - Processing /Users/anikbhowmick/Python/Big_Data_Assignment/A02/airflow_env/lib/python3.11/site-packages/airflow/example_dags/tutorial_dag.py took 0.068 seconds
[2024-02-27T11:04:40.476+0530] {processor.py:161} INFO - Started process (PID=2856) to work on /Users/anikbhowmick/Python/Big_Data_Assignment/A02/airflow_env/lib/python3.11/site-packages/airflow/example_dags/tutorial_dag.py
[2024-02-27T11:04:40.477+0530] {processor.py:830} INFO - Processing file /Users/anikbhowmick/Python/Big_Data_Assignment/A02/airflow_env/lib/python3.11/site-packages/airflow/example_dags/tutorial_dag.py for tasks to queue
[2024-02-27T11:04:40.477+0530] {logging_mixin.py:188} INFO - [2024-02-27T11:04:40.477+0530] {dagbag.py:540} INFO - Filling up the DagBag from /Users/anikbhowmick/Python/Big_Data_Assignment/A02/airflow_env/lib/python3.11/site-packages/airflow/example_dags/tutorial_dag.py
[2024-02-27T11:04:40.485+0530] {processor.py:840} INFO - DAG(s) 'tutorial_dag' retrieved from /Users/anikbhowmick/Python/Big_Data_Assignment/A02/airflow_env/lib/python3.11/site-packages/airflow/example_dags/tutorial_dag.py
[2024-02-27T11:04:40.533+0530] {logging_mixin.py:188} INFO - [2024-02-27T11:04:40.533+0530] {dag.py:3047} INFO - Sync 1 DAGs
[2024-02-27T11:04:40.536+0530] {logging_mixin.py:188} INFO - [2024-02-27T11:04:40.536+0530] {dag.py:3834} INFO - Setting next_dagrun for tutorial_dag to None, run_after=None
[2024-02-27T11:04:40.542+0530] {processor.py:183} INFO - Processing /Users/anikbhowmick/Python/Big_Data_Assignment/A02/airflow_env/lib/python3.11/site-packages/airflow/example_dags/tutorial_dag.py took 0.066 seconds
[2024-02-27T11:05:35.836+0530] {processor.py:161} INFO - Started process (PID=2910) to work on /Users/anikbhowmick/Python/Big_Data_Assignment/A02/airflow_env/lib/python3.11/site-packages/airflow/example_dags/tutorial_dag.py
[2024-02-27T11:05:35.837+0530] {processor.py:830} INFO - Processing file /Users/anikbhowmick/Python/Big_Data_Assignment/A02/airflow_env/lib/python3.11/site-packages/airflow/example_dags/tutorial_dag.py for tasks to queue
[2024-02-27T11:05:35.838+0530] {logging_mixin.py:188} INFO - [2024-02-27T11:05:35.837+0530] {dagbag.py:540} INFO - Filling up the DagBag from /Users/anikbhowmick/Python/Big_Data_Assignment/A02/airflow_env/lib/python3.11/site-packages/airflow/example_dags/tutorial_dag.py
[2024-02-27T11:05:35.845+0530] {processor.py:840} INFO - DAG(s) 'tutorial_dag' retrieved from /Users/anikbhowmick/Python/Big_Data_Assignment/A02/airflow_env/lib/python3.11/site-packages/airflow/example_dags/tutorial_dag.py
[2024-02-27T11:05:35.894+0530] {logging_mixin.py:188} INFO - [2024-02-27T11:05:35.894+0530] {dag.py:3047} INFO - Sync 1 DAGs
[2024-02-27T11:05:35.897+0530] {logging_mixin.py:188} INFO - [2024-02-27T11:05:35.897+0530] {dag.py:3834} INFO - Setting next_dagrun for tutorial_dag to None, run_after=None
[2024-02-27T11:05:35.903+0530] {processor.py:183} INFO - Processing /Users/anikbhowmick/Python/Big_Data_Assignment/A02/airflow_env/lib/python3.11/site-packages/airflow/example_dags/tutorial_dag.py took 0.068 seconds
[2024-02-27T11:06:30.470+0530] {processor.py:161} INFO - Started process (PID=2946) to work on /Users/anikbhowmick/Python/Big_Data_Assignment/A02/airflow_env/lib/python3.11/site-packages/airflow/example_dags/tutorial_dag.py
[2024-02-27T11:06:30.470+0530] {processor.py:830} INFO - Processing file /Users/anikbhowmick/Python/Big_Data_Assignment/A02/airflow_env/lib/python3.11/site-packages/airflow/example_dags/tutorial_dag.py for tasks to queue
[2024-02-27T11:06:30.470+0530] {logging_mixin.py:188} INFO - [2024-02-27T11:06:30.470+0530] {dagbag.py:540} INFO - Filling up the DagBag from /Users/anikbhowmick/Python/Big_Data_Assignment/A02/airflow_env/lib/python3.11/site-packages/airflow/example_dags/tutorial_dag.py
[2024-02-27T11:06:30.478+0530] {processor.py:840} INFO - DAG(s) 'tutorial_dag' retrieved from /Users/anikbhowmick/Python/Big_Data_Assignment/A02/airflow_env/lib/python3.11/site-packages/airflow/example_dags/tutorial_dag.py
[2024-02-27T11:06:30.527+0530] {logging_mixin.py:188} INFO - [2024-02-27T11:06:30.526+0530] {dag.py:3047} INFO - Sync 1 DAGs
[2024-02-27T11:06:30.529+0530] {logging_mixin.py:188} INFO - [2024-02-27T11:06:30.529+0530] {dag.py:3834} INFO - Setting next_dagrun for tutorial_dag to None, run_after=None
[2024-02-27T11:06:30.536+0530] {processor.py:183} INFO - Processing /Users/anikbhowmick/Python/Big_Data_Assignment/A02/airflow_env/lib/python3.11/site-packages/airflow/example_dags/tutorial_dag.py took 0.066 seconds
[2024-02-27T11:07:21.619+0530] {processor.py:161} INFO - Started process (PID=2981) to work on /Users/anikbhowmick/Python/Big_Data_Assignment/A02/airflow_env/lib/python3.11/site-packages/airflow/example_dags/tutorial_dag.py
[2024-02-27T11:07:21.621+0530] {processor.py:830} INFO - Processing file /Users/anikbhowmick/Python/Big_Data_Assignment/A02/airflow_env/lib/python3.11/site-packages/airflow/example_dags/tutorial_dag.py for tasks to queue
[2024-02-27T11:07:21.621+0530] {logging_mixin.py:188} INFO - [2024-02-27T11:07:21.621+0530] {dagbag.py:540} INFO - Filling up the DagBag from /Users/anikbhowmick/Python/Big_Data_Assignment/A02/airflow_env/lib/python3.11/site-packages/airflow/example_dags/tutorial_dag.py
[2024-02-27T11:07:21.629+0530] {processor.py:840} INFO - DAG(s) 'tutorial_dag' retrieved from /Users/anikbhowmick/Python/Big_Data_Assignment/A02/airflow_env/lib/python3.11/site-packages/airflow/example_dags/tutorial_dag.py
[2024-02-27T11:07:21.678+0530] {logging_mixin.py:188} INFO - [2024-02-27T11:07:21.677+0530] {dag.py:3047} INFO - Sync 1 DAGs
[2024-02-27T11:07:21.680+0530] {logging_mixin.py:188} INFO - [2024-02-27T11:07:21.680+0530] {dag.py:3834} INFO - Setting next_dagrun for tutorial_dag to None, run_after=None
[2024-02-27T11:07:21.686+0530] {processor.py:183} INFO - Processing /Users/anikbhowmick/Python/Big_Data_Assignment/A02/airflow_env/lib/python3.11/site-packages/airflow/example_dags/tutorial_dag.py took 0.067 seconds
[2024-02-27T11:08:09.252+0530] {processor.py:161} INFO - Started process (PID=3022) to work on /Users/anikbhowmick/Python/Big_Data_Assignment/A02/airflow_env/lib/python3.11/site-packages/airflow/example_dags/tutorial_dag.py
[2024-02-27T11:08:09.253+0530] {processor.py:830} INFO - Processing file /Users/anikbhowmick/Python/Big_Data_Assignment/A02/airflow_env/lib/python3.11/site-packages/airflow/example_dags/tutorial_dag.py for tasks to queue
[2024-02-27T11:08:09.253+0530] {logging_mixin.py:188} INFO - [2024-02-27T11:08:09.253+0530] {dagbag.py:540} INFO - Filling up the DagBag from /Users/anikbhowmick/Python/Big_Data_Assignment/A02/airflow_env/lib/python3.11/site-packages/airflow/example_dags/tutorial_dag.py
[2024-02-27T11:08:09.261+0530] {processor.py:840} INFO - DAG(s) 'tutorial_dag' retrieved from /Users/anikbhowmick/Python/Big_Data_Assignment/A02/airflow_env/lib/python3.11/site-packages/airflow/example_dags/tutorial_dag.py
[2024-02-27T11:08:09.310+0530] {logging_mixin.py:188} INFO - [2024-02-27T11:08:09.310+0530] {dag.py:3047} INFO - Sync 1 DAGs
[2024-02-27T11:08:09.313+0530] {logging_mixin.py:188} INFO - [2024-02-27T11:08:09.313+0530] {dag.py:3834} INFO - Setting next_dagrun for tutorial_dag to None, run_after=None
[2024-02-27T11:08:09.319+0530] {processor.py:183} INFO - Processing /Users/anikbhowmick/Python/Big_Data_Assignment/A02/airflow_env/lib/python3.11/site-packages/airflow/example_dags/tutorial_dag.py took 0.068 seconds
[2024-02-27T11:09:03.606+0530] {processor.py:161} INFO - Started process (PID=3109) to work on /Users/anikbhowmick/Python/Big_Data_Assignment/A02/airflow_env/lib/python3.11/site-packages/airflow/example_dags/tutorial_dag.py
[2024-02-27T11:09:03.607+0530] {processor.py:830} INFO - Processing file /Users/anikbhowmick/Python/Big_Data_Assignment/A02/airflow_env/lib/python3.11/site-packages/airflow/example_dags/tutorial_dag.py for tasks to queue
[2024-02-27T11:09:03.607+0530] {logging_mixin.py:188} INFO - [2024-02-27T11:09:03.607+0530] {dagbag.py:540} INFO - Filling up the DagBag from /Users/anikbhowmick/Python/Big_Data_Assignment/A02/airflow_env/lib/python3.11/site-packages/airflow/example_dags/tutorial_dag.py
[2024-02-27T11:09:03.615+0530] {processor.py:840} INFO - DAG(s) 'tutorial_dag' retrieved from /Users/anikbhowmick/Python/Big_Data_Assignment/A02/airflow_env/lib/python3.11/site-packages/airflow/example_dags/tutorial_dag.py
[2024-02-27T11:09:03.665+0530] {logging_mixin.py:188} INFO - [2024-02-27T11:09:03.665+0530] {dag.py:3047} INFO - Sync 1 DAGs
[2024-02-27T11:09:03.668+0530] {logging_mixin.py:188} INFO - [2024-02-27T11:09:03.668+0530] {dag.py:3834} INFO - Setting next_dagrun for tutorial_dag to None, run_after=None
[2024-02-27T11:09:03.674+0530] {processor.py:183} INFO - Processing /Users/anikbhowmick/Python/Big_Data_Assignment/A02/airflow_env/lib/python3.11/site-packages/airflow/example_dags/tutorial_dag.py took 0.069 seconds
[2024-02-27T11:09:56.285+0530] {processor.py:161} INFO - Started process (PID=3145) to work on /Users/anikbhowmick/Python/Big_Data_Assignment/A02/airflow_env/lib/python3.11/site-packages/airflow/example_dags/tutorial_dag.py
[2024-02-27T11:09:56.286+0530] {processor.py:830} INFO - Processing file /Users/anikbhowmick/Python/Big_Data_Assignment/A02/airflow_env/lib/python3.11/site-packages/airflow/example_dags/tutorial_dag.py for tasks to queue
[2024-02-27T11:09:56.286+0530] {logging_mixin.py:188} INFO - [2024-02-27T11:09:56.286+0530] {dagbag.py:540} INFO - Filling up the DagBag from /Users/anikbhowmick/Python/Big_Data_Assignment/A02/airflow_env/lib/python3.11/site-packages/airflow/example_dags/tutorial_dag.py
[2024-02-27T11:09:56.294+0530] {processor.py:840} INFO - DAG(s) 'tutorial_dag' retrieved from /Users/anikbhowmick/Python/Big_Data_Assignment/A02/airflow_env/lib/python3.11/site-packages/airflow/example_dags/tutorial_dag.py
[2024-02-27T11:09:56.343+0530] {logging_mixin.py:188} INFO - [2024-02-27T11:09:56.343+0530] {dag.py:3047} INFO - Sync 1 DAGs
[2024-02-27T11:09:56.346+0530] {logging_mixin.py:188} INFO - [2024-02-27T11:09:56.346+0530] {dag.py:3834} INFO - Setting next_dagrun for tutorial_dag to None, run_after=None
[2024-02-27T11:09:56.352+0530] {processor.py:183} INFO - Processing /Users/anikbhowmick/Python/Big_Data_Assignment/A02/airflow_env/lib/python3.11/site-packages/airflow/example_dags/tutorial_dag.py took 0.067 seconds
[2024-02-27T11:10:43.814+0530] {processor.py:161} INFO - Started process (PID=3182) to work on /Users/anikbhowmick/Python/Big_Data_Assignment/A02/airflow_env/lib/python3.11/site-packages/airflow/example_dags/tutorial_dag.py
[2024-02-27T11:10:43.815+0530] {processor.py:830} INFO - Processing file /Users/anikbhowmick/Python/Big_Data_Assignment/A02/airflow_env/lib/python3.11/site-packages/airflow/example_dags/tutorial_dag.py for tasks to queue
[2024-02-27T11:10:43.815+0530] {logging_mixin.py:188} INFO - [2024-02-27T11:10:43.815+0530] {dagbag.py:540} INFO - Filling up the DagBag from /Users/anikbhowmick/Python/Big_Data_Assignment/A02/airflow_env/lib/python3.11/site-packages/airflow/example_dags/tutorial_dag.py
[2024-02-27T11:10:43.823+0530] {processor.py:840} INFO - DAG(s) 'tutorial_dag' retrieved from /Users/anikbhowmick/Python/Big_Data_Assignment/A02/airflow_env/lib/python3.11/site-packages/airflow/example_dags/tutorial_dag.py
[2024-02-27T11:10:43.872+0530] {logging_mixin.py:188} INFO - [2024-02-27T11:10:43.872+0530] {dag.py:3047} INFO - Sync 1 DAGs
[2024-02-27T11:10:43.875+0530] {logging_mixin.py:188} INFO - [2024-02-27T11:10:43.875+0530] {dag.py:3834} INFO - Setting next_dagrun for tutorial_dag to None, run_after=None
[2024-02-27T11:10:43.881+0530] {processor.py:183} INFO - Processing /Users/anikbhowmick/Python/Big_Data_Assignment/A02/airflow_env/lib/python3.11/site-packages/airflow/example_dags/tutorial_dag.py took 0.068 seconds
[2024-02-27T11:11:31.038+0530] {processor.py:161} INFO - Started process (PID=3230) to work on /Users/anikbhowmick/Python/Big_Data_Assignment/A02/airflow_env/lib/python3.11/site-packages/airflow/example_dags/tutorial_dag.py
[2024-02-27T11:11:31.039+0530] {processor.py:830} INFO - Processing file /Users/anikbhowmick/Python/Big_Data_Assignment/A02/airflow_env/lib/python3.11/site-packages/airflow/example_dags/tutorial_dag.py for tasks to queue
[2024-02-27T11:11:31.039+0530] {logging_mixin.py:188} INFO - [2024-02-27T11:11:31.039+0530] {dagbag.py:540} INFO - Filling up the DagBag from /Users/anikbhowmick/Python/Big_Data_Assignment/A02/airflow_env/lib/python3.11/site-packages/airflow/example_dags/tutorial_dag.py
[2024-02-27T11:11:31.051+0530] {processor.py:840} INFO - DAG(s) 'tutorial_dag' retrieved from /Users/anikbhowmick/Python/Big_Data_Assignment/A02/airflow_env/lib/python3.11/site-packages/airflow/example_dags/tutorial_dag.py
[2024-02-27T11:11:31.103+0530] {logging_mixin.py:188} INFO - [2024-02-27T11:11:31.102+0530] {dag.py:3047} INFO - Sync 1 DAGs
[2024-02-27T11:11:31.105+0530] {logging_mixin.py:188} INFO - [2024-02-27T11:11:31.105+0530] {dag.py:3834} INFO - Setting next_dagrun for tutorial_dag to None, run_after=None
[2024-02-27T11:11:31.112+0530] {processor.py:183} INFO - Processing /Users/anikbhowmick/Python/Big_Data_Assignment/A02/airflow_env/lib/python3.11/site-packages/airflow/example_dags/tutorial_dag.py took 0.074 seconds
[2024-02-27T11:12:21.685+0530] {processor.py:161} INFO - Started process (PID=3285) to work on /Users/anikbhowmick/Python/Big_Data_Assignment/A02/airflow_env/lib/python3.11/site-packages/airflow/example_dags/tutorial_dag.py
[2024-02-27T11:12:21.685+0530] {processor.py:830} INFO - Processing file /Users/anikbhowmick/Python/Big_Data_Assignment/A02/airflow_env/lib/python3.11/site-packages/airflow/example_dags/tutorial_dag.py for tasks to queue
[2024-02-27T11:12:21.685+0530] {logging_mixin.py:188} INFO - [2024-02-27T11:12:21.685+0530] {dagbag.py:540} INFO - Filling up the DagBag from /Users/anikbhowmick/Python/Big_Data_Assignment/A02/airflow_env/lib/python3.11/site-packages/airflow/example_dags/tutorial_dag.py
[2024-02-27T11:12:21.693+0530] {processor.py:840} INFO - DAG(s) 'tutorial_dag' retrieved from /Users/anikbhowmick/Python/Big_Data_Assignment/A02/airflow_env/lib/python3.11/site-packages/airflow/example_dags/tutorial_dag.py
[2024-02-27T11:12:21.743+0530] {logging_mixin.py:188} INFO - [2024-02-27T11:12:21.742+0530] {dag.py:3047} INFO - Sync 1 DAGs
[2024-02-27T11:12:21.745+0530] {logging_mixin.py:188} INFO - [2024-02-27T11:12:21.745+0530] {dag.py:3834} INFO - Setting next_dagrun for tutorial_dag to None, run_after=None
[2024-02-27T11:12:21.751+0530] {processor.py:183} INFO - Processing /Users/anikbhowmick/Python/Big_Data_Assignment/A02/airflow_env/lib/python3.11/site-packages/airflow/example_dags/tutorial_dag.py took 0.067 seconds
[2024-02-27T11:13:17.036+0530] {processor.py:161} INFO - Started process (PID=3324) to work on /Users/anikbhowmick/Python/Big_Data_Assignment/A02/airflow_env/lib/python3.11/site-packages/airflow/example_dags/tutorial_dag.py
[2024-02-27T11:13:17.036+0530] {processor.py:830} INFO - Processing file /Users/anikbhowmick/Python/Big_Data_Assignment/A02/airflow_env/lib/python3.11/site-packages/airflow/example_dags/tutorial_dag.py for tasks to queue
[2024-02-27T11:13:17.036+0530] {logging_mixin.py:188} INFO - [2024-02-27T11:13:17.036+0530] {dagbag.py:540} INFO - Filling up the DagBag from /Users/anikbhowmick/Python/Big_Data_Assignment/A02/airflow_env/lib/python3.11/site-packages/airflow/example_dags/tutorial_dag.py
[2024-02-27T11:13:17.045+0530] {processor.py:840} INFO - DAG(s) 'tutorial_dag' retrieved from /Users/anikbhowmick/Python/Big_Data_Assignment/A02/airflow_env/lib/python3.11/site-packages/airflow/example_dags/tutorial_dag.py
[2024-02-27T11:13:17.094+0530] {logging_mixin.py:188} INFO - [2024-02-27T11:13:17.094+0530] {dag.py:3047} INFO - Sync 1 DAGs
[2024-02-27T11:13:17.097+0530] {logging_mixin.py:188} INFO - [2024-02-27T11:13:17.097+0530] {dag.py:3834} INFO - Setting next_dagrun for tutorial_dag to None, run_after=None
[2024-02-27T11:13:17.103+0530] {processor.py:183} INFO - Processing /Users/anikbhowmick/Python/Big_Data_Assignment/A02/airflow_env/lib/python3.11/site-packages/airflow/example_dags/tutorial_dag.py took 0.068 seconds
[2024-02-27T11:14:14.540+0530] {processor.py:161} INFO - Started process (PID=3389) to work on /Users/anikbhowmick/Python/Big_Data_Assignment/A02/airflow_env/lib/python3.11/site-packages/airflow/example_dags/tutorial_dag.py
[2024-02-27T11:14:14.540+0530] {processor.py:830} INFO - Processing file /Users/anikbhowmick/Python/Big_Data_Assignment/A02/airflow_env/lib/python3.11/site-packages/airflow/example_dags/tutorial_dag.py for tasks to queue
[2024-02-27T11:14:14.540+0530] {logging_mixin.py:188} INFO - [2024-02-27T11:14:14.540+0530] {dagbag.py:540} INFO - Filling up the DagBag from /Users/anikbhowmick/Python/Big_Data_Assignment/A02/airflow_env/lib/python3.11/site-packages/airflow/example_dags/tutorial_dag.py
[2024-02-27T11:14:14.548+0530] {processor.py:840} INFO - DAG(s) 'tutorial_dag' retrieved from /Users/anikbhowmick/Python/Big_Data_Assignment/A02/airflow_env/lib/python3.11/site-packages/airflow/example_dags/tutorial_dag.py
[2024-02-27T11:14:14.598+0530] {logging_mixin.py:188} INFO - [2024-02-27T11:14:14.597+0530] {dag.py:3047} INFO - Sync 1 DAGs
[2024-02-27T11:14:14.600+0530] {logging_mixin.py:188} INFO - [2024-02-27T11:14:14.600+0530] {dag.py:3834} INFO - Setting next_dagrun for tutorial_dag to None, run_after=None
[2024-02-27T11:14:14.607+0530] {processor.py:183} INFO - Processing /Users/anikbhowmick/Python/Big_Data_Assignment/A02/airflow_env/lib/python3.11/site-packages/airflow/example_dags/tutorial_dag.py took 0.068 seconds
[2024-02-27T11:15:08.339+0530] {processor.py:161} INFO - Started process (PID=3423) to work on /Users/anikbhowmick/Python/Big_Data_Assignment/A02/airflow_env/lib/python3.11/site-packages/airflow/example_dags/tutorial_dag.py
[2024-02-27T11:15:08.339+0530] {processor.py:830} INFO - Processing file /Users/anikbhowmick/Python/Big_Data_Assignment/A02/airflow_env/lib/python3.11/site-packages/airflow/example_dags/tutorial_dag.py for tasks to queue
[2024-02-27T11:15:08.339+0530] {logging_mixin.py:188} INFO - [2024-02-27T11:15:08.339+0530] {dagbag.py:540} INFO - Filling up the DagBag from /Users/anikbhowmick/Python/Big_Data_Assignment/A02/airflow_env/lib/python3.11/site-packages/airflow/example_dags/tutorial_dag.py
[2024-02-27T11:15:08.347+0530] {processor.py:840} INFO - DAG(s) 'tutorial_dag' retrieved from /Users/anikbhowmick/Python/Big_Data_Assignment/A02/airflow_env/lib/python3.11/site-packages/airflow/example_dags/tutorial_dag.py
[2024-02-27T11:15:08.396+0530] {logging_mixin.py:188} INFO - [2024-02-27T11:15:08.396+0530] {dag.py:3047} INFO - Sync 1 DAGs
[2024-02-27T11:15:08.399+0530] {logging_mixin.py:188} INFO - [2024-02-27T11:15:08.399+0530] {dag.py:3834} INFO - Setting next_dagrun for tutorial_dag to None, run_after=None
[2024-02-27T11:15:08.405+0530] {processor.py:183} INFO - Processing /Users/anikbhowmick/Python/Big_Data_Assignment/A02/airflow_env/lib/python3.11/site-packages/airflow/example_dags/tutorial_dag.py took 0.067 seconds
[2024-02-27T11:15:56.773+0530] {processor.py:161} INFO - Started process (PID=3457) to work on /Users/anikbhowmick/Python/Big_Data_Assignment/A02/airflow_env/lib/python3.11/site-packages/airflow/example_dags/tutorial_dag.py
[2024-02-27T11:15:56.773+0530] {processor.py:830} INFO - Processing file /Users/anikbhowmick/Python/Big_Data_Assignment/A02/airflow_env/lib/python3.11/site-packages/airflow/example_dags/tutorial_dag.py for tasks to queue
[2024-02-27T11:15:56.773+0530] {logging_mixin.py:188} INFO - [2024-02-27T11:15:56.773+0530] {dagbag.py:540} INFO - Filling up the DagBag from /Users/anikbhowmick/Python/Big_Data_Assignment/A02/airflow_env/lib/python3.11/site-packages/airflow/example_dags/tutorial_dag.py
[2024-02-27T11:15:56.781+0530] {processor.py:840} INFO - DAG(s) 'tutorial_dag' retrieved from /Users/anikbhowmick/Python/Big_Data_Assignment/A02/airflow_env/lib/python3.11/site-packages/airflow/example_dags/tutorial_dag.py
[2024-02-27T11:15:56.830+0530] {logging_mixin.py:188} INFO - [2024-02-27T11:15:56.830+0530] {dag.py:3047} INFO - Sync 1 DAGs
[2024-02-27T11:15:56.833+0530] {logging_mixin.py:188} INFO - [2024-02-27T11:15:56.833+0530] {dag.py:3834} INFO - Setting next_dagrun for tutorial_dag to None, run_after=None
[2024-02-27T11:15:56.840+0530] {processor.py:183} INFO - Processing /Users/anikbhowmick/Python/Big_Data_Assignment/A02/airflow_env/lib/python3.11/site-packages/airflow/example_dags/tutorial_dag.py took 0.067 seconds
[2024-02-27T11:16:48.649+0530] {processor.py:161} INFO - Started process (PID=3496) to work on /Users/anikbhowmick/Python/Big_Data_Assignment/A02/airflow_env/lib/python3.11/site-packages/airflow/example_dags/tutorial_dag.py
[2024-02-27T11:16:48.649+0530] {processor.py:830} INFO - Processing file /Users/anikbhowmick/Python/Big_Data_Assignment/A02/airflow_env/lib/python3.11/site-packages/airflow/example_dags/tutorial_dag.py for tasks to queue
[2024-02-27T11:16:48.649+0530] {logging_mixin.py:188} INFO - [2024-02-27T11:16:48.649+0530] {dagbag.py:540} INFO - Filling up the DagBag from /Users/anikbhowmick/Python/Big_Data_Assignment/A02/airflow_env/lib/python3.11/site-packages/airflow/example_dags/tutorial_dag.py
[2024-02-27T11:16:48.657+0530] {processor.py:840} INFO - DAG(s) 'tutorial_dag' retrieved from /Users/anikbhowmick/Python/Big_Data_Assignment/A02/airflow_env/lib/python3.11/site-packages/airflow/example_dags/tutorial_dag.py
[2024-02-27T11:16:48.707+0530] {logging_mixin.py:188} INFO - [2024-02-27T11:16:48.707+0530] {dag.py:3047} INFO - Sync 1 DAGs
[2024-02-27T11:16:48.710+0530] {logging_mixin.py:188} INFO - [2024-02-27T11:16:48.710+0530] {dag.py:3834} INFO - Setting next_dagrun for tutorial_dag to None, run_after=None
[2024-02-27T11:16:48.716+0530] {processor.py:183} INFO - Processing /Users/anikbhowmick/Python/Big_Data_Assignment/A02/airflow_env/lib/python3.11/site-packages/airflow/example_dags/tutorial_dag.py took 0.067 seconds
[2024-02-27T11:17:45.971+0530] {processor.py:161} INFO - Started process (PID=3532) to work on /Users/anikbhowmick/Python/Big_Data_Assignment/A02/airflow_env/lib/python3.11/site-packages/airflow/example_dags/tutorial_dag.py
[2024-02-27T11:17:45.972+0530] {processor.py:830} INFO - Processing file /Users/anikbhowmick/Python/Big_Data_Assignment/A02/airflow_env/lib/python3.11/site-packages/airflow/example_dags/tutorial_dag.py for tasks to queue
[2024-02-27T11:17:45.972+0530] {logging_mixin.py:188} INFO - [2024-02-27T11:17:45.972+0530] {dagbag.py:540} INFO - Filling up the DagBag from /Users/anikbhowmick/Python/Big_Data_Assignment/A02/airflow_env/lib/python3.11/site-packages/airflow/example_dags/tutorial_dag.py
[2024-02-27T11:17:45.980+0530] {processor.py:840} INFO - DAG(s) 'tutorial_dag' retrieved from /Users/anikbhowmick/Python/Big_Data_Assignment/A02/airflow_env/lib/python3.11/site-packages/airflow/example_dags/tutorial_dag.py
[2024-02-27T11:17:46.029+0530] {logging_mixin.py:188} INFO - [2024-02-27T11:17:46.029+0530] {dag.py:3047} INFO - Sync 1 DAGs
[2024-02-27T11:17:46.032+0530] {logging_mixin.py:188} INFO - [2024-02-27T11:17:46.032+0530] {dag.py:3834} INFO - Setting next_dagrun for tutorial_dag to None, run_after=None
[2024-02-27T11:17:46.038+0530] {processor.py:183} INFO - Processing /Users/anikbhowmick/Python/Big_Data_Assignment/A02/airflow_env/lib/python3.11/site-packages/airflow/example_dags/tutorial_dag.py took 0.067 seconds
[2024-02-27T11:18:43.194+0530] {processor.py:161} INFO - Started process (PID=3568) to work on /Users/anikbhowmick/Python/Big_Data_Assignment/A02/airflow_env/lib/python3.11/site-packages/airflow/example_dags/tutorial_dag.py
[2024-02-27T11:18:43.195+0530] {processor.py:830} INFO - Processing file /Users/anikbhowmick/Python/Big_Data_Assignment/A02/airflow_env/lib/python3.11/site-packages/airflow/example_dags/tutorial_dag.py for tasks to queue
[2024-02-27T11:18:43.195+0530] {logging_mixin.py:188} INFO - [2024-02-27T11:18:43.195+0530] {dagbag.py:540} INFO - Filling up the DagBag from /Users/anikbhowmick/Python/Big_Data_Assignment/A02/airflow_env/lib/python3.11/site-packages/airflow/example_dags/tutorial_dag.py
[2024-02-27T11:18:43.202+0530] {processor.py:840} INFO - DAG(s) 'tutorial_dag' retrieved from /Users/anikbhowmick/Python/Big_Data_Assignment/A02/airflow_env/lib/python3.11/site-packages/airflow/example_dags/tutorial_dag.py
[2024-02-27T11:18:43.252+0530] {logging_mixin.py:188} INFO - [2024-02-27T11:18:43.251+0530] {dag.py:3047} INFO - Sync 1 DAGs
[2024-02-27T11:18:43.254+0530] {logging_mixin.py:188} INFO - [2024-02-27T11:18:43.254+0530] {dag.py:3834} INFO - Setting next_dagrun for tutorial_dag to None, run_after=None
[2024-02-27T11:18:43.261+0530] {processor.py:183} INFO - Processing /Users/anikbhowmick/Python/Big_Data_Assignment/A02/airflow_env/lib/python3.11/site-packages/airflow/example_dags/tutorial_dag.py took 0.067 seconds
[2024-02-27T11:19:54.459+0530] {processor.py:161} INFO - Started process (PID=3656) to work on /Users/anikbhowmick/Python/Big_Data_Assignment/A02/airflow_env/lib/python3.11/site-packages/airflow/example_dags/tutorial_dag.py
[2024-02-27T11:19:54.460+0530] {processor.py:830} INFO - Processing file /Users/anikbhowmick/Python/Big_Data_Assignment/A02/airflow_env/lib/python3.11/site-packages/airflow/example_dags/tutorial_dag.py for tasks to queue
[2024-02-27T11:19:54.460+0530] {logging_mixin.py:188} INFO - [2024-02-27T11:19:54.460+0530] {dagbag.py:540} INFO - Filling up the DagBag from /Users/anikbhowmick/Python/Big_Data_Assignment/A02/airflow_env/lib/python3.11/site-packages/airflow/example_dags/tutorial_dag.py
[2024-02-27T11:19:54.467+0530] {processor.py:840} INFO - DAG(s) 'tutorial_dag' retrieved from /Users/anikbhowmick/Python/Big_Data_Assignment/A02/airflow_env/lib/python3.11/site-packages/airflow/example_dags/tutorial_dag.py
[2024-02-27T11:19:54.515+0530] {logging_mixin.py:188} INFO - [2024-02-27T11:19:54.515+0530] {dag.py:3047} INFO - Sync 1 DAGs
[2024-02-27T11:19:54.518+0530] {logging_mixin.py:188} INFO - [2024-02-27T11:19:54.518+0530] {dag.py:3834} INFO - Setting next_dagrun for tutorial_dag to None, run_after=None
[2024-02-27T11:19:54.524+0530] {processor.py:183} INFO - Processing /Users/anikbhowmick/Python/Big_Data_Assignment/A02/airflow_env/lib/python3.11/site-packages/airflow/example_dags/tutorial_dag.py took 0.066 seconds
[2024-02-27T11:21:19.324+0530] {processor.py:161} INFO - Started process (PID=3709) to work on /Users/anikbhowmick/Python/Big_Data_Assignment/A02/airflow_env/lib/python3.11/site-packages/airflow/example_dags/tutorial_dag.py
[2024-02-27T11:21:19.325+0530] {processor.py:830} INFO - Processing file /Users/anikbhowmick/Python/Big_Data_Assignment/A02/airflow_env/lib/python3.11/site-packages/airflow/example_dags/tutorial_dag.py for tasks to queue
[2024-02-27T11:21:19.325+0530] {logging_mixin.py:188} INFO - [2024-02-27T11:21:19.325+0530] {dagbag.py:540} INFO - Filling up the DagBag from /Users/anikbhowmick/Python/Big_Data_Assignment/A02/airflow_env/lib/python3.11/site-packages/airflow/example_dags/tutorial_dag.py
[2024-02-27T11:21:19.333+0530] {processor.py:840} INFO - DAG(s) 'tutorial_dag' retrieved from /Users/anikbhowmick/Python/Big_Data_Assignment/A02/airflow_env/lib/python3.11/site-packages/airflow/example_dags/tutorial_dag.py
[2024-02-27T11:21:19.382+0530] {logging_mixin.py:188} INFO - [2024-02-27T11:21:19.381+0530] {dag.py:3047} INFO - Sync 1 DAGs
[2024-02-27T11:21:19.384+0530] {logging_mixin.py:188} INFO - [2024-02-27T11:21:19.384+0530] {dag.py:3834} INFO - Setting next_dagrun for tutorial_dag to None, run_after=None
[2024-02-27T11:21:19.391+0530] {processor.py:183} INFO - Processing /Users/anikbhowmick/Python/Big_Data_Assignment/A02/airflow_env/lib/python3.11/site-packages/airflow/example_dags/tutorial_dag.py took 0.067 seconds
[2024-02-27T11:22:19.005+0530] {processor.py:161} INFO - Started process (PID=3775) to work on /Users/anikbhowmick/Python/Big_Data_Assignment/A02/airflow_env/lib/python3.11/site-packages/airflow/example_dags/tutorial_dag.py
[2024-02-27T11:22:19.007+0530] {processor.py:830} INFO - Processing file /Users/anikbhowmick/Python/Big_Data_Assignment/A02/airflow_env/lib/python3.11/site-packages/airflow/example_dags/tutorial_dag.py for tasks to queue
[2024-02-27T11:22:19.007+0530] {logging_mixin.py:188} INFO - [2024-02-27T11:22:19.007+0530] {dagbag.py:540} INFO - Filling up the DagBag from /Users/anikbhowmick/Python/Big_Data_Assignment/A02/airflow_env/lib/python3.11/site-packages/airflow/example_dags/tutorial_dag.py
[2024-02-27T11:22:19.014+0530] {processor.py:840} INFO - DAG(s) 'tutorial_dag' retrieved from /Users/anikbhowmick/Python/Big_Data_Assignment/A02/airflow_env/lib/python3.11/site-packages/airflow/example_dags/tutorial_dag.py
[2024-02-27T11:22:19.063+0530] {logging_mixin.py:188} INFO - [2024-02-27T11:22:19.063+0530] {dag.py:3047} INFO - Sync 1 DAGs
[2024-02-27T11:22:19.066+0530] {logging_mixin.py:188} INFO - [2024-02-27T11:22:19.066+0530] {dag.py:3834} INFO - Setting next_dagrun for tutorial_dag to None, run_after=None
[2024-02-27T11:22:19.072+0530] {processor.py:183} INFO - Processing /Users/anikbhowmick/Python/Big_Data_Assignment/A02/airflow_env/lib/python3.11/site-packages/airflow/example_dags/tutorial_dag.py took 0.067 seconds
[2024-02-27T11:23:53.896+0530] {processor.py:161} INFO - Started process (PID=3876) to work on /Users/anikbhowmick/Python/Big_Data_Assignment/A02/airflow_env/lib/python3.11/site-packages/airflow/example_dags/tutorial_dag.py
[2024-02-27T11:23:53.897+0530] {processor.py:830} INFO - Processing file /Users/anikbhowmick/Python/Big_Data_Assignment/A02/airflow_env/lib/python3.11/site-packages/airflow/example_dags/tutorial_dag.py for tasks to queue
[2024-02-27T11:23:53.897+0530] {logging_mixin.py:188} INFO - [2024-02-27T11:23:53.897+0530] {dagbag.py:540} INFO - Filling up the DagBag from /Users/anikbhowmick/Python/Big_Data_Assignment/A02/airflow_env/lib/python3.11/site-packages/airflow/example_dags/tutorial_dag.py
[2024-02-27T11:23:53.904+0530] {processor.py:840} INFO - DAG(s) 'tutorial_dag' retrieved from /Users/anikbhowmick/Python/Big_Data_Assignment/A02/airflow_env/lib/python3.11/site-packages/airflow/example_dags/tutorial_dag.py
[2024-02-27T11:23:53.953+0530] {logging_mixin.py:188} INFO - [2024-02-27T11:23:53.953+0530] {dag.py:3047} INFO - Sync 1 DAGs
[2024-02-27T11:23:53.956+0530] {logging_mixin.py:188} INFO - [2024-02-27T11:23:53.956+0530] {dag.py:3834} INFO - Setting next_dagrun for tutorial_dag to None, run_after=None
[2024-02-27T11:23:53.962+0530] {processor.py:183} INFO - Processing /Users/anikbhowmick/Python/Big_Data_Assignment/A02/airflow_env/lib/python3.11/site-packages/airflow/example_dags/tutorial_dag.py took 0.066 seconds
[2024-02-27T11:25:33.035+0530] {processor.py:161} INFO - Started process (PID=3952) to work on /Users/anikbhowmick/Python/Big_Data_Assignment/A02/airflow_env/lib/python3.11/site-packages/airflow/example_dags/tutorial_dag.py
[2024-02-27T11:25:33.036+0530] {processor.py:830} INFO - Processing file /Users/anikbhowmick/Python/Big_Data_Assignment/A02/airflow_env/lib/python3.11/site-packages/airflow/example_dags/tutorial_dag.py for tasks to queue
[2024-02-27T11:25:33.037+0530] {logging_mixin.py:188} INFO - [2024-02-27T11:25:33.037+0530] {dagbag.py:540} INFO - Filling up the DagBag from /Users/anikbhowmick/Python/Big_Data_Assignment/A02/airflow_env/lib/python3.11/site-packages/airflow/example_dags/tutorial_dag.py
[2024-02-27T11:25:33.044+0530] {processor.py:840} INFO - DAG(s) 'tutorial_dag' retrieved from /Users/anikbhowmick/Python/Big_Data_Assignment/A02/airflow_env/lib/python3.11/site-packages/airflow/example_dags/tutorial_dag.py
[2024-02-27T11:25:33.092+0530] {logging_mixin.py:188} INFO - [2024-02-27T11:25:33.092+0530] {dag.py:3047} INFO - Sync 1 DAGs
[2024-02-27T11:25:33.095+0530] {logging_mixin.py:188} INFO - [2024-02-27T11:25:33.095+0530] {dag.py:3834} INFO - Setting next_dagrun for tutorial_dag to None, run_after=None
[2024-02-27T11:25:33.101+0530] {processor.py:183} INFO - Processing /Users/anikbhowmick/Python/Big_Data_Assignment/A02/airflow_env/lib/python3.11/site-packages/airflow/example_dags/tutorial_dag.py took 0.066 seconds
[2024-02-27T11:26:26.159+0530] {processor.py:161} INFO - Started process (PID=3992) to work on /Users/anikbhowmick/Python/Big_Data_Assignment/A02/airflow_env/lib/python3.11/site-packages/airflow/example_dags/tutorial_dag.py
[2024-02-27T11:26:26.160+0530] {processor.py:830} INFO - Processing file /Users/anikbhowmick/Python/Big_Data_Assignment/A02/airflow_env/lib/python3.11/site-packages/airflow/example_dags/tutorial_dag.py for tasks to queue
[2024-02-27T11:26:26.160+0530] {logging_mixin.py:188} INFO - [2024-02-27T11:26:26.160+0530] {dagbag.py:540} INFO - Filling up the DagBag from /Users/anikbhowmick/Python/Big_Data_Assignment/A02/airflow_env/lib/python3.11/site-packages/airflow/example_dags/tutorial_dag.py
[2024-02-27T11:26:26.168+0530] {processor.py:840} INFO - DAG(s) 'tutorial_dag' retrieved from /Users/anikbhowmick/Python/Big_Data_Assignment/A02/airflow_env/lib/python3.11/site-packages/airflow/example_dags/tutorial_dag.py
[2024-02-27T11:26:26.217+0530] {logging_mixin.py:188} INFO - [2024-02-27T11:26:26.217+0530] {dag.py:3047} INFO - Sync 1 DAGs
[2024-02-27T11:26:26.220+0530] {logging_mixin.py:188} INFO - [2024-02-27T11:26:26.220+0530] {dag.py:3834} INFO - Setting next_dagrun for tutorial_dag to None, run_after=None
[2024-02-27T11:26:26.226+0530] {processor.py:183} INFO - Processing /Users/anikbhowmick/Python/Big_Data_Assignment/A02/airflow_env/lib/python3.11/site-packages/airflow/example_dags/tutorial_dag.py took 0.067 seconds
[2024-02-27T11:27:16.701+0530] {processor.py:161} INFO - Started process (PID=4024) to work on /Users/anikbhowmick/Python/Big_Data_Assignment/A02/airflow_env/lib/python3.11/site-packages/airflow/example_dags/tutorial_dag.py
[2024-02-27T11:27:16.702+0530] {processor.py:830} INFO - Processing file /Users/anikbhowmick/Python/Big_Data_Assignment/A02/airflow_env/lib/python3.11/site-packages/airflow/example_dags/tutorial_dag.py for tasks to queue
[2024-02-27T11:27:16.702+0530] {logging_mixin.py:188} INFO - [2024-02-27T11:27:16.702+0530] {dagbag.py:540} INFO - Filling up the DagBag from /Users/anikbhowmick/Python/Big_Data_Assignment/A02/airflow_env/lib/python3.11/site-packages/airflow/example_dags/tutorial_dag.py
[2024-02-27T11:27:16.710+0530] {processor.py:840} INFO - DAG(s) 'tutorial_dag' retrieved from /Users/anikbhowmick/Python/Big_Data_Assignment/A02/airflow_env/lib/python3.11/site-packages/airflow/example_dags/tutorial_dag.py
[2024-02-27T11:27:16.760+0530] {logging_mixin.py:188} INFO - [2024-02-27T11:27:16.760+0530] {dag.py:3047} INFO - Sync 1 DAGs
[2024-02-27T11:27:16.763+0530] {logging_mixin.py:188} INFO - [2024-02-27T11:27:16.763+0530] {dag.py:3834} INFO - Setting next_dagrun for tutorial_dag to None, run_after=None
[2024-02-27T11:27:16.769+0530] {processor.py:183} INFO - Processing /Users/anikbhowmick/Python/Big_Data_Assignment/A02/airflow_env/lib/python3.11/site-packages/airflow/example_dags/tutorial_dag.py took 0.068 seconds
[2024-02-27T11:27:50.545+0530] {processor.py:161} INFO - Started process (PID=4081) to work on /Users/anikbhowmick/Python/Big_Data_Assignment/A02/airflow_env/lib/python3.11/site-packages/airflow/example_dags/tutorial_dag.py
[2024-02-27T11:27:50.546+0530] {processor.py:830} INFO - Processing file /Users/anikbhowmick/Python/Big_Data_Assignment/A02/airflow_env/lib/python3.11/site-packages/airflow/example_dags/tutorial_dag.py for tasks to queue
[2024-02-27T11:27:50.546+0530] {logging_mixin.py:188} INFO - [2024-02-27T11:27:50.546+0530] {dagbag.py:540} INFO - Filling up the DagBag from /Users/anikbhowmick/Python/Big_Data_Assignment/A02/airflow_env/lib/python3.11/site-packages/airflow/example_dags/tutorial_dag.py
[2024-02-27T11:27:50.553+0530] {processor.py:840} INFO - DAG(s) 'tutorial_dag' retrieved from /Users/anikbhowmick/Python/Big_Data_Assignment/A02/airflow_env/lib/python3.11/site-packages/airflow/example_dags/tutorial_dag.py
[2024-02-27T11:27:50.602+0530] {logging_mixin.py:188} INFO - [2024-02-27T11:27:50.601+0530] {dag.py:3047} INFO - Sync 1 DAGs
[2024-02-27T11:27:50.604+0530] {logging_mixin.py:188} INFO - [2024-02-27T11:27:50.604+0530] {dag.py:3834} INFO - Setting next_dagrun for tutorial_dag to None, run_after=None
[2024-02-27T11:27:50.610+0530] {processor.py:183} INFO - Processing /Users/anikbhowmick/Python/Big_Data_Assignment/A02/airflow_env/lib/python3.11/site-packages/airflow/example_dags/tutorial_dag.py took 0.066 seconds
[2024-02-27T11:29:26.299+0530] {processor.py:161} INFO - Started process (PID=4180) to work on /Users/anikbhowmick/Python/Big_Data_Assignment/A02/airflow_env/lib/python3.11/site-packages/airflow/example_dags/tutorial_dag.py
[2024-02-27T11:29:26.300+0530] {processor.py:830} INFO - Processing file /Users/anikbhowmick/Python/Big_Data_Assignment/A02/airflow_env/lib/python3.11/site-packages/airflow/example_dags/tutorial_dag.py for tasks to queue
[2024-02-27T11:29:26.300+0530] {logging_mixin.py:188} INFO - [2024-02-27T11:29:26.300+0530] {dagbag.py:540} INFO - Filling up the DagBag from /Users/anikbhowmick/Python/Big_Data_Assignment/A02/airflow_env/lib/python3.11/site-packages/airflow/example_dags/tutorial_dag.py
[2024-02-27T11:29:26.308+0530] {processor.py:840} INFO - DAG(s) 'tutorial_dag' retrieved from /Users/anikbhowmick/Python/Big_Data_Assignment/A02/airflow_env/lib/python3.11/site-packages/airflow/example_dags/tutorial_dag.py
[2024-02-27T11:29:26.359+0530] {logging_mixin.py:188} INFO - [2024-02-27T11:29:26.359+0530] {dag.py:3047} INFO - Sync 1 DAGs
[2024-02-27T11:29:26.362+0530] {logging_mixin.py:188} INFO - [2024-02-27T11:29:26.362+0530] {dag.py:3834} INFO - Setting next_dagrun for tutorial_dag to None, run_after=None
[2024-02-27T11:29:26.368+0530] {processor.py:183} INFO - Processing /Users/anikbhowmick/Python/Big_Data_Assignment/A02/airflow_env/lib/python3.11/site-packages/airflow/example_dags/tutorial_dag.py took 0.070 seconds
[2024-02-27T11:30:19.540+0530] {processor.py:161} INFO - Started process (PID=4221) to work on /Users/anikbhowmick/Python/Big_Data_Assignment/A02/airflow_env/lib/python3.11/site-packages/airflow/example_dags/tutorial_dag.py
[2024-02-27T11:30:19.540+0530] {processor.py:830} INFO - Processing file /Users/anikbhowmick/Python/Big_Data_Assignment/A02/airflow_env/lib/python3.11/site-packages/airflow/example_dags/tutorial_dag.py for tasks to queue
[2024-02-27T11:30:19.541+0530] {logging_mixin.py:188} INFO - [2024-02-27T11:30:19.541+0530] {dagbag.py:540} INFO - Filling up the DagBag from /Users/anikbhowmick/Python/Big_Data_Assignment/A02/airflow_env/lib/python3.11/site-packages/airflow/example_dags/tutorial_dag.py
[2024-02-27T11:30:19.549+0530] {processor.py:840} INFO - DAG(s) 'tutorial_dag' retrieved from /Users/anikbhowmick/Python/Big_Data_Assignment/A02/airflow_env/lib/python3.11/site-packages/airflow/example_dags/tutorial_dag.py
[2024-02-27T11:30:19.600+0530] {logging_mixin.py:188} INFO - [2024-02-27T11:30:19.600+0530] {dag.py:3047} INFO - Sync 1 DAGs
[2024-02-27T11:30:19.603+0530] {logging_mixin.py:188} INFO - [2024-02-27T11:30:19.603+0530] {dag.py:3834} INFO - Setting next_dagrun for tutorial_dag to None, run_after=None
[2024-02-27T11:30:19.609+0530] {processor.py:183} INFO - Processing /Users/anikbhowmick/Python/Big_Data_Assignment/A02/airflow_env/lib/python3.11/site-packages/airflow/example_dags/tutorial_dag.py took 0.070 seconds
[2024-02-27T11:31:11.846+0530] {processor.py:161} INFO - Started process (PID=4254) to work on /Users/anikbhowmick/Python/Big_Data_Assignment/A02/airflow_env/lib/python3.11/site-packages/airflow/example_dags/tutorial_dag.py
[2024-02-27T11:31:11.847+0530] {processor.py:830} INFO - Processing file /Users/anikbhowmick/Python/Big_Data_Assignment/A02/airflow_env/lib/python3.11/site-packages/airflow/example_dags/tutorial_dag.py for tasks to queue
[2024-02-27T11:31:11.847+0530] {logging_mixin.py:188} INFO - [2024-02-27T11:31:11.847+0530] {dagbag.py:540} INFO - Filling up the DagBag from /Users/anikbhowmick/Python/Big_Data_Assignment/A02/airflow_env/lib/python3.11/site-packages/airflow/example_dags/tutorial_dag.py
[2024-02-27T11:31:11.856+0530] {processor.py:840} INFO - DAG(s) 'tutorial_dag' retrieved from /Users/anikbhowmick/Python/Big_Data_Assignment/A02/airflow_env/lib/python3.11/site-packages/airflow/example_dags/tutorial_dag.py
[2024-02-27T11:31:11.907+0530] {logging_mixin.py:188} INFO - [2024-02-27T11:31:11.907+0530] {dag.py:3047} INFO - Sync 1 DAGs
[2024-02-27T11:31:11.910+0530] {logging_mixin.py:188} INFO - [2024-02-27T11:31:11.910+0530] {dag.py:3834} INFO - Setting next_dagrun for tutorial_dag to None, run_after=None
[2024-02-27T11:31:11.916+0530] {processor.py:183} INFO - Processing /Users/anikbhowmick/Python/Big_Data_Assignment/A02/airflow_env/lib/python3.11/site-packages/airflow/example_dags/tutorial_dag.py took 0.071 seconds
[2024-02-27T11:32:03.772+0530] {processor.py:161} INFO - Started process (PID=4291) to work on /Users/anikbhowmick/Python/Big_Data_Assignment/A02/airflow_env/lib/python3.11/site-packages/airflow/example_dags/tutorial_dag.py
[2024-02-27T11:32:03.772+0530] {processor.py:830} INFO - Processing file /Users/anikbhowmick/Python/Big_Data_Assignment/A02/airflow_env/lib/python3.11/site-packages/airflow/example_dags/tutorial_dag.py for tasks to queue
[2024-02-27T11:32:03.772+0530] {logging_mixin.py:188} INFO - [2024-02-27T11:32:03.772+0530] {dagbag.py:540} INFO - Filling up the DagBag from /Users/anikbhowmick/Python/Big_Data_Assignment/A02/airflow_env/lib/python3.11/site-packages/airflow/example_dags/tutorial_dag.py
[2024-02-27T11:32:03.780+0530] {processor.py:840} INFO - DAG(s) 'tutorial_dag' retrieved from /Users/anikbhowmick/Python/Big_Data_Assignment/A02/airflow_env/lib/python3.11/site-packages/airflow/example_dags/tutorial_dag.py
[2024-02-27T11:32:03.829+0530] {logging_mixin.py:188} INFO - [2024-02-27T11:32:03.829+0530] {dag.py:3047} INFO - Sync 1 DAGs
[2024-02-27T11:32:03.832+0530] {logging_mixin.py:188} INFO - [2024-02-27T11:32:03.832+0530] {dag.py:3834} INFO - Setting next_dagrun for tutorial_dag to None, run_after=None
[2024-02-27T11:32:03.838+0530] {processor.py:183} INFO - Processing /Users/anikbhowmick/Python/Big_Data_Assignment/A02/airflow_env/lib/python3.11/site-packages/airflow/example_dags/tutorial_dag.py took 0.067 seconds
[2024-02-27T11:33:30.052+0530] {processor.py:161} INFO - Started process (PID=4383) to work on /Users/anikbhowmick/Python/Big_Data_Assignment/A02/airflow_env/lib/python3.11/site-packages/airflow/example_dags/tutorial_dag.py
[2024-02-27T11:33:30.053+0530] {processor.py:830} INFO - Processing file /Users/anikbhowmick/Python/Big_Data_Assignment/A02/airflow_env/lib/python3.11/site-packages/airflow/example_dags/tutorial_dag.py for tasks to queue
[2024-02-27T11:33:30.053+0530] {logging_mixin.py:188} INFO - [2024-02-27T11:33:30.053+0530] {dagbag.py:540} INFO - Filling up the DagBag from /Users/anikbhowmick/Python/Big_Data_Assignment/A02/airflow_env/lib/python3.11/site-packages/airflow/example_dags/tutorial_dag.py
[2024-02-27T11:33:30.061+0530] {processor.py:840} INFO - DAG(s) 'tutorial_dag' retrieved from /Users/anikbhowmick/Python/Big_Data_Assignment/A02/airflow_env/lib/python3.11/site-packages/airflow/example_dags/tutorial_dag.py
[2024-02-27T11:33:30.111+0530] {logging_mixin.py:188} INFO - [2024-02-27T11:33:30.111+0530] {dag.py:3047} INFO - Sync 1 DAGs
[2024-02-27T11:33:30.114+0530] {logging_mixin.py:188} INFO - [2024-02-27T11:33:30.114+0530] {dag.py:3834} INFO - Setting next_dagrun for tutorial_dag to None, run_after=None
[2024-02-27T11:33:30.120+0530] {processor.py:183} INFO - Processing /Users/anikbhowmick/Python/Big_Data_Assignment/A02/airflow_env/lib/python3.11/site-packages/airflow/example_dags/tutorial_dag.py took 0.069 seconds
[2024-02-27T11:35:06.056+0530] {processor.py:161} INFO - Started process (PID=4471) to work on /Users/anikbhowmick/Python/Big_Data_Assignment/A02/airflow_env/lib/python3.11/site-packages/airflow/example_dags/tutorial_dag.py
[2024-02-27T11:35:06.056+0530] {processor.py:830} INFO - Processing file /Users/anikbhowmick/Python/Big_Data_Assignment/A02/airflow_env/lib/python3.11/site-packages/airflow/example_dags/tutorial_dag.py for tasks to queue
[2024-02-27T11:35:06.057+0530] {logging_mixin.py:188} INFO - [2024-02-27T11:35:06.057+0530] {dagbag.py:540} INFO - Filling up the DagBag from /Users/anikbhowmick/Python/Big_Data_Assignment/A02/airflow_env/lib/python3.11/site-packages/airflow/example_dags/tutorial_dag.py
[2024-02-27T11:35:06.065+0530] {processor.py:840} INFO - DAG(s) 'tutorial_dag' retrieved from /Users/anikbhowmick/Python/Big_Data_Assignment/A02/airflow_env/lib/python3.11/site-packages/airflow/example_dags/tutorial_dag.py
[2024-02-27T11:35:06.116+0530] {logging_mixin.py:188} INFO - [2024-02-27T11:35:06.116+0530] {dag.py:3047} INFO - Sync 1 DAGs
[2024-02-27T11:35:06.119+0530] {logging_mixin.py:188} INFO - [2024-02-27T11:35:06.119+0530] {dag.py:3834} INFO - Setting next_dagrun for tutorial_dag to None, run_after=None
[2024-02-27T11:35:06.126+0530] {processor.py:183} INFO - Processing /Users/anikbhowmick/Python/Big_Data_Assignment/A02/airflow_env/lib/python3.11/site-packages/airflow/example_dags/tutorial_dag.py took 0.071 seconds
[2024-02-27T11:35:55.783+0530] {processor.py:161} INFO - Started process (PID=4509) to work on /Users/anikbhowmick/Python/Big_Data_Assignment/A02/airflow_env/lib/python3.11/site-packages/airflow/example_dags/tutorial_dag.py
[2024-02-27T11:35:55.784+0530] {processor.py:830} INFO - Processing file /Users/anikbhowmick/Python/Big_Data_Assignment/A02/airflow_env/lib/python3.11/site-packages/airflow/example_dags/tutorial_dag.py for tasks to queue
[2024-02-27T11:35:55.784+0530] {logging_mixin.py:188} INFO - [2024-02-27T11:35:55.784+0530] {dagbag.py:540} INFO - Filling up the DagBag from /Users/anikbhowmick/Python/Big_Data_Assignment/A02/airflow_env/lib/python3.11/site-packages/airflow/example_dags/tutorial_dag.py
[2024-02-27T11:35:55.792+0530] {processor.py:840} INFO - DAG(s) 'tutorial_dag' retrieved from /Users/anikbhowmick/Python/Big_Data_Assignment/A02/airflow_env/lib/python3.11/site-packages/airflow/example_dags/tutorial_dag.py
[2024-02-27T11:35:55.847+0530] {logging_mixin.py:188} INFO - [2024-02-27T11:35:55.846+0530] {dag.py:3047} INFO - Sync 1 DAGs
[2024-02-27T11:35:55.850+0530] {logging_mixin.py:188} INFO - [2024-02-27T11:35:55.849+0530] {dag.py:3834} INFO - Setting next_dagrun for tutorial_dag to None, run_after=None
[2024-02-27T11:35:55.856+0530] {processor.py:183} INFO - Processing /Users/anikbhowmick/Python/Big_Data_Assignment/A02/airflow_env/lib/python3.11/site-packages/airflow/example_dags/tutorial_dag.py took 0.074 seconds
[2024-02-27T11:36:44.551+0530] {processor.py:161} INFO - Started process (PID=4540) to work on /Users/anikbhowmick/Python/Big_Data_Assignment/A02/airflow_env/lib/python3.11/site-packages/airflow/example_dags/tutorial_dag.py
[2024-02-27T11:36:44.552+0530] {processor.py:830} INFO - Processing file /Users/anikbhowmick/Python/Big_Data_Assignment/A02/airflow_env/lib/python3.11/site-packages/airflow/example_dags/tutorial_dag.py for tasks to queue
[2024-02-27T11:36:44.552+0530] {logging_mixin.py:188} INFO - [2024-02-27T11:36:44.552+0530] {dagbag.py:540} INFO - Filling up the DagBag from /Users/anikbhowmick/Python/Big_Data_Assignment/A02/airflow_env/lib/python3.11/site-packages/airflow/example_dags/tutorial_dag.py
[2024-02-27T11:36:44.560+0530] {processor.py:840} INFO - DAG(s) 'tutorial_dag' retrieved from /Users/anikbhowmick/Python/Big_Data_Assignment/A02/airflow_env/lib/python3.11/site-packages/airflow/example_dags/tutorial_dag.py
[2024-02-27T11:36:44.609+0530] {logging_mixin.py:188} INFO - [2024-02-27T11:36:44.609+0530] {dag.py:3047} INFO - Sync 1 DAGs
[2024-02-27T11:36:44.612+0530] {logging_mixin.py:188} INFO - [2024-02-27T11:36:44.612+0530] {dag.py:3834} INFO - Setting next_dagrun for tutorial_dag to None, run_after=None
[2024-02-27T11:36:44.618+0530] {processor.py:183} INFO - Processing /Users/anikbhowmick/Python/Big_Data_Assignment/A02/airflow_env/lib/python3.11/site-packages/airflow/example_dags/tutorial_dag.py took 0.068 seconds
[2024-02-27T11:39:05.239+0530] {processor.py:161} INFO - Started process (PID=4615) to work on /Users/anikbhowmick/Python/Big_Data_Assignment/A02/airflow_env/lib/python3.11/site-packages/airflow/example_dags/tutorial_dag.py
[2024-02-27T11:39:05.240+0530] {processor.py:830} INFO - Processing file /Users/anikbhowmick/Python/Big_Data_Assignment/A02/airflow_env/lib/python3.11/site-packages/airflow/example_dags/tutorial_dag.py for tasks to queue
[2024-02-27T11:39:05.240+0530] {logging_mixin.py:188} INFO - [2024-02-27T11:39:05.240+0530] {dagbag.py:540} INFO - Filling up the DagBag from /Users/anikbhowmick/Python/Big_Data_Assignment/A02/airflow_env/lib/python3.11/site-packages/airflow/example_dags/tutorial_dag.py
[2024-02-27T11:39:05.247+0530] {processor.py:840} INFO - DAG(s) 'tutorial_dag' retrieved from /Users/anikbhowmick/Python/Big_Data_Assignment/A02/airflow_env/lib/python3.11/site-packages/airflow/example_dags/tutorial_dag.py
[2024-02-27T11:39:05.296+0530] {logging_mixin.py:188} INFO - [2024-02-27T11:39:05.296+0530] {dag.py:3047} INFO - Sync 1 DAGs
[2024-02-27T11:39:05.299+0530] {logging_mixin.py:188} INFO - [2024-02-27T11:39:05.299+0530] {dag.py:3834} INFO - Setting next_dagrun for tutorial_dag to None, run_after=None
[2024-02-27T11:39:05.305+0530] {processor.py:183} INFO - Processing /Users/anikbhowmick/Python/Big_Data_Assignment/A02/airflow_env/lib/python3.11/site-packages/airflow/example_dags/tutorial_dag.py took 0.067 seconds
[2024-02-27T11:40:41.945+0530] {processor.py:161} INFO - Started process (PID=4698) to work on /Users/anikbhowmick/Python/Big_Data_Assignment/A02/airflow_env/lib/python3.11/site-packages/airflow/example_dags/tutorial_dag.py
[2024-02-27T11:40:41.946+0530] {processor.py:830} INFO - Processing file /Users/anikbhowmick/Python/Big_Data_Assignment/A02/airflow_env/lib/python3.11/site-packages/airflow/example_dags/tutorial_dag.py for tasks to queue
[2024-02-27T11:40:41.946+0530] {logging_mixin.py:188} INFO - [2024-02-27T11:40:41.946+0530] {dagbag.py:540} INFO - Filling up the DagBag from /Users/anikbhowmick/Python/Big_Data_Assignment/A02/airflow_env/lib/python3.11/site-packages/airflow/example_dags/tutorial_dag.py
[2024-02-27T11:40:41.953+0530] {processor.py:840} INFO - DAG(s) 'tutorial_dag' retrieved from /Users/anikbhowmick/Python/Big_Data_Assignment/A02/airflow_env/lib/python3.11/site-packages/airflow/example_dags/tutorial_dag.py
[2024-02-27T11:40:42.003+0530] {logging_mixin.py:188} INFO - [2024-02-27T11:40:42.003+0530] {dag.py:3047} INFO - Sync 1 DAGs
[2024-02-27T11:40:42.006+0530] {logging_mixin.py:188} INFO - [2024-02-27T11:40:42.006+0530] {dag.py:3834} INFO - Setting next_dagrun for tutorial_dag to None, run_after=None
[2024-02-27T11:40:42.012+0530] {processor.py:183} INFO - Processing /Users/anikbhowmick/Python/Big_Data_Assignment/A02/airflow_env/lib/python3.11/site-packages/airflow/example_dags/tutorial_dag.py took 0.067 seconds
[2024-02-27T11:41:45.980+0530] {processor.py:161} INFO - Started process (PID=4738) to work on /Users/anikbhowmick/Python/Big_Data_Assignment/A02/airflow_env/lib/python3.11/site-packages/airflow/example_dags/tutorial_dag.py
[2024-02-27T11:41:45.980+0530] {processor.py:830} INFO - Processing file /Users/anikbhowmick/Python/Big_Data_Assignment/A02/airflow_env/lib/python3.11/site-packages/airflow/example_dags/tutorial_dag.py for tasks to queue
[2024-02-27T11:41:45.980+0530] {logging_mixin.py:188} INFO - [2024-02-27T11:41:45.980+0530] {dagbag.py:540} INFO - Filling up the DagBag from /Users/anikbhowmick/Python/Big_Data_Assignment/A02/airflow_env/lib/python3.11/site-packages/airflow/example_dags/tutorial_dag.py
[2024-02-27T11:41:45.988+0530] {processor.py:840} INFO - DAG(s) 'tutorial_dag' retrieved from /Users/anikbhowmick/Python/Big_Data_Assignment/A02/airflow_env/lib/python3.11/site-packages/airflow/example_dags/tutorial_dag.py
[2024-02-27T11:41:46.036+0530] {logging_mixin.py:188} INFO - [2024-02-27T11:41:46.035+0530] {dag.py:3047} INFO - Sync 1 DAGs
[2024-02-27T11:41:46.038+0530] {logging_mixin.py:188} INFO - [2024-02-27T11:41:46.038+0530] {dag.py:3834} INFO - Setting next_dagrun for tutorial_dag to None, run_after=None
[2024-02-27T11:41:46.045+0530] {processor.py:183} INFO - Processing /Users/anikbhowmick/Python/Big_Data_Assignment/A02/airflow_env/lib/python3.11/site-packages/airflow/example_dags/tutorial_dag.py took 0.065 seconds
[2024-02-27T11:42:43.544+0530] {processor.py:161} INFO - Started process (PID=4787) to work on /Users/anikbhowmick/Python/Big_Data_Assignment/A02/airflow_env/lib/python3.11/site-packages/airflow/example_dags/tutorial_dag.py
[2024-02-27T11:42:43.545+0530] {processor.py:830} INFO - Processing file /Users/anikbhowmick/Python/Big_Data_Assignment/A02/airflow_env/lib/python3.11/site-packages/airflow/example_dags/tutorial_dag.py for tasks to queue
[2024-02-27T11:42:43.545+0530] {logging_mixin.py:188} INFO - [2024-02-27T11:42:43.545+0530] {dagbag.py:540} INFO - Filling up the DagBag from /Users/anikbhowmick/Python/Big_Data_Assignment/A02/airflow_env/lib/python3.11/site-packages/airflow/example_dags/tutorial_dag.py
[2024-02-27T11:42:43.553+0530] {processor.py:840} INFO - DAG(s) 'tutorial_dag' retrieved from /Users/anikbhowmick/Python/Big_Data_Assignment/A02/airflow_env/lib/python3.11/site-packages/airflow/example_dags/tutorial_dag.py
[2024-02-27T11:42:43.603+0530] {logging_mixin.py:188} INFO - [2024-02-27T11:42:43.603+0530] {dag.py:3047} INFO - Sync 1 DAGs
[2024-02-27T11:42:43.606+0530] {logging_mixin.py:188} INFO - [2024-02-27T11:42:43.606+0530] {dag.py:3834} INFO - Setting next_dagrun for tutorial_dag to None, run_after=None
[2024-02-27T11:42:43.612+0530] {processor.py:183} INFO - Processing /Users/anikbhowmick/Python/Big_Data_Assignment/A02/airflow_env/lib/python3.11/site-packages/airflow/example_dags/tutorial_dag.py took 0.069 seconds
